[2024-07-03T09:59:05.078+0000] {taskinstance.py:1159} INFO - Dependencies all met for dep_context=non-requeueable deps ti=<TaskInstance: reports_workflow.id_task_get_emails scheduled__2024-07-03T01:00:00+00:00 [queued]>
[2024-07-03T09:59:05.085+0000] {taskinstance.py:1159} INFO - Dependencies all met for dep_context=requeueable deps ti=<TaskInstance: reports_workflow.id_task_get_emails scheduled__2024-07-03T01:00:00+00:00 [queued]>
[2024-07-03T09:59:05.086+0000] {taskinstance.py:1361} INFO - Starting attempt 1 of 1
[2024-07-03T09:59:05.101+0000] {taskinstance.py:1382} INFO - Executing <Task(PythonOperator): id_task_get_emails> on 2024-07-03 01:00:00+00:00
[2024-07-03T09:59:05.107+0000] {standard_task_runner.py:57} INFO - Started process 20961 to run task
[2024-07-03T09:59:05.114+0000] {standard_task_runner.py:84} INFO - Running: ['***', 'tasks', 'run', 'reports_workflow', 'id_task_get_emails', 'scheduled__2024-07-03T01:00:00+00:00', '--job-id', '547', '--raw', '--subdir', 'DAGS_FOLDER/dag_email_robot.py', '--cfg-path', '/tmp/tmpsmfxaczj']
[2024-07-03T09:59:05.116+0000] {standard_task_runner.py:85} INFO - Job 547: Subtask id_task_get_emails
[2024-07-03T09:59:05.235+0000] {task_command.py:415} INFO - Running <TaskInstance: reports_workflow.id_task_get_emails scheduled__2024-07-03T01:00:00+00:00 [running]> on host 6f4ef5488251
[2024-07-03T09:59:05.433+0000] {taskinstance.py:1660} INFO - Exporting env vars: AIRFLOW_CTX_DAG_OWNER='FIRDAVS' AIRFLOW_CTX_DAG_ID='reports_workflow' AIRFLOW_CTX_TASK_ID='id_task_get_emails' AIRFLOW_CTX_EXECUTION_DATE='2024-07-03T01:00:00+00:00' AIRFLOW_CTX_TRY_NUMBER='1' AIRFLOW_CTX_DAG_RUN_ID='scheduled__2024-07-03T01:00:00+00:00'
[2024-07-03T09:59:05.434+0000] {logging_mixin.py:151} INFO - path of config file:  /opt/***
[2024-07-03T09:59:05.435+0000] {logging_mixin.py:151} INFO - #>2024-07-03 09:59:05.435146_User@StatDep: EmailRobot in screated.
[2024-07-03T09:59:05.435+0000] {logging_mixin.py:151} INFO - #>2024-07-03 09:59:05.435324_User@StatDep: get_for_recent_emails is started...
[2024-07-03T09:59:05.435+0000] {logging_mixin.py:151} INFO - #>2024-07-03 09:59:05.435447_User@StatDep: pop3_fetch_emails isstarted...
[2024-07-03T09:59:05.820+0000] {logging_mixin.py:151} INFO -    b'+OK'
[2024-07-03T09:59:06.205+0000] {logging_mixin.py:151} INFO -    mailbox have 0 emails and the robot can process 10
[2024-07-03T09:59:06.205+0000] {logging_mixin.py:151} INFO - #>2024-07-03 09:59:06.205349_User@StatDep: no emails to process, exiting pop3_fetch_emails()...
[2024-07-03T09:59:06.205+0000] {python.py:194} INFO - Done. Returned value was: True
[2024-07-03T09:59:06.361+0000] {taskinstance.py:1400} INFO - Marking task as SUCCESS. dag_id=reports_workflow, task_id=id_task_get_emails, execution_date=20240703T010000, start_date=20240703T095905, end_date=20240703T095906
[2024-07-03T09:59:06.577+0000] {local_task_job_runner.py:228} INFO - Task exited with return code 0
[2024-07-03T09:59:06.599+0000] {taskinstance.py:2784} INFO - 0 downstream tasks scheduled from follow-on schedule check
[2024-07-03T13:39:22.458+0000] {taskinstance.py:1159} INFO - Dependencies all met for dep_context=non-requeueable deps ti=<TaskInstance: reports_workflow.id_task_get_emails scheduled__2024-07-03T01:00:00+00:00 [queued]>
[2024-07-03T13:39:22.502+0000] {taskinstance.py:1159} INFO - Dependencies all met for dep_context=requeueable deps ti=<TaskInstance: reports_workflow.id_task_get_emails scheduled__2024-07-03T01:00:00+00:00 [queued]>
[2024-07-03T13:39:22.503+0000] {taskinstance.py:1361} INFO - Starting attempt 1 of 1
[2024-07-03T13:39:22.529+0000] {taskinstance.py:1382} INFO - Executing <Task(PythonOperator): id_task_get_emails> on 2024-07-03 01:00:00+00:00
[2024-07-03T13:39:22.541+0000] {standard_task_runner.py:57} INFO - Started process 26172 to run task
[2024-07-03T13:39:22.558+0000] {standard_task_runner.py:84} INFO - Running: ['***', 'tasks', 'run', 'reports_workflow', 'id_task_get_emails', 'scheduled__2024-07-03T01:00:00+00:00', '--job-id', '1481', '--raw', '--subdir', 'DAGS_FOLDER/dag_email_robot.py', '--cfg-path', '/tmp/tmper45eyaw']
[2024-07-03T13:39:22.560+0000] {standard_task_runner.py:85} INFO - Job 1481: Subtask id_task_get_emails
[2024-07-03T13:39:22.664+0000] {task_command.py:415} INFO - Running <TaskInstance: reports_workflow.id_task_get_emails scheduled__2024-07-03T01:00:00+00:00 [running]> on host 6f4ef5488251
[2024-07-03T13:39:22.873+0000] {taskinstance.py:1660} INFO - Exporting env vars: AIRFLOW_CTX_DAG_OWNER='FIRDAVS' AIRFLOW_CTX_DAG_ID='reports_workflow' AIRFLOW_CTX_TASK_ID='id_task_get_emails' AIRFLOW_CTX_EXECUTION_DATE='2024-07-03T01:00:00+00:00' AIRFLOW_CTX_TRY_NUMBER='1' AIRFLOW_CTX_DAG_RUN_ID='scheduled__2024-07-03T01:00:00+00:00'
[2024-07-03T13:39:22.874+0000] {logging_mixin.py:151} INFO - path of config file:  /opt/***
[2024-07-03T13:39:22.875+0000] {logging_mixin.py:151} INFO - #>2024-07-03 13:39:22.875085_User@StatDep: EmailRobot in screated.
[2024-07-03T13:39:22.875+0000] {logging_mixin.py:151} INFO - #>2024-07-03 13:39:22.875284_User@StatDep: get_for_recent_emails is started...
[2024-07-03T13:39:22.875+0000] {logging_mixin.py:151} INFO - #>2024-07-03 13:39:22.875418_User@StatDep: pop3_fetch_emails isstarted...
[2024-07-03T13:39:23.257+0000] {logging_mixin.py:151} INFO -    b'+OK'
[2024-07-03T13:39:23.545+0000] {logging_mixin.py:151} INFO -    mailbox have 0 emails and the robot can process 10
[2024-07-03T13:39:23.546+0000] {logging_mixin.py:151} INFO - #>2024-07-03 13:39:23.546077_User@StatDep: no emails to process, exiting pop3_fetch_emails()...
[2024-07-03T13:39:23.546+0000] {python.py:194} INFO - Done. Returned value was: True
[2024-07-03T13:39:23.597+0000] {taskinstance.py:1400} INFO - Marking task as SUCCESS. dag_id=reports_workflow, task_id=id_task_get_emails, execution_date=20240703T010000, start_date=20240703T133922, end_date=20240703T133923
[2024-07-03T13:39:23.721+0000] {local_task_job_runner.py:228} INFO - Task exited with return code 0
[2024-07-03T13:39:23.767+0000] {taskinstance.py:2784} INFO - 1 downstream tasks scheduled from follow-on schedule check
