[2024-07-03T09:59:30.021+0000] {taskinstance.py:1159} INFO - Dependencies all met for dep_context=non-requeueable deps ti=<TaskInstance: reports_workflow.id_task_get_emails scheduled__2024-07-03T05:00:00+00:00 [queued]>
[2024-07-03T09:59:30.033+0000] {taskinstance.py:1159} INFO - Dependencies all met for dep_context=requeueable deps ti=<TaskInstance: reports_workflow.id_task_get_emails scheduled__2024-07-03T05:00:00+00:00 [queued]>
[2024-07-03T09:59:30.033+0000] {taskinstance.py:1361} INFO - Starting attempt 1 of 1
[2024-07-03T09:59:30.062+0000] {taskinstance.py:1382} INFO - Executing <Task(PythonOperator): id_task_get_emails> on 2024-07-03 05:00:00+00:00
[2024-07-03T09:59:30.066+0000] {standard_task_runner.py:57} INFO - Started process 21053 to run task
[2024-07-03T09:59:30.078+0000] {standard_task_runner.py:84} INFO - Running: ['***', 'tasks', 'run', 'reports_workflow', 'id_task_get_emails', 'scheduled__2024-07-03T05:00:00+00:00', '--job-id', '594', '--raw', '--subdir', 'DAGS_FOLDER/dag_email_robot.py', '--cfg-path', '/tmp/tmpvc7c7hmm']
[2024-07-03T09:59:30.079+0000] {standard_task_runner.py:85} INFO - Job 594: Subtask id_task_get_emails
[2024-07-03T09:59:30.237+0000] {task_command.py:415} INFO - Running <TaskInstance: reports_workflow.id_task_get_emails scheduled__2024-07-03T05:00:00+00:00 [running]> on host 6f4ef5488251
[2024-07-03T09:59:30.388+0000] {taskinstance.py:1660} INFO - Exporting env vars: AIRFLOW_CTX_DAG_OWNER='FIRDAVS' AIRFLOW_CTX_DAG_ID='reports_workflow' AIRFLOW_CTX_TASK_ID='id_task_get_emails' AIRFLOW_CTX_EXECUTION_DATE='2024-07-03T05:00:00+00:00' AIRFLOW_CTX_TRY_NUMBER='1' AIRFLOW_CTX_DAG_RUN_ID='scheduled__2024-07-03T05:00:00+00:00'
[2024-07-03T09:59:30.389+0000] {logging_mixin.py:151} INFO - path of config file:  /opt/***
[2024-07-03T09:59:30.389+0000] {logging_mixin.py:151} INFO - #>2024-07-03 09:59:30.389921_User@StatDep: EmailRobot in screated.
[2024-07-03T09:59:30.390+0000] {logging_mixin.py:151} INFO - #>2024-07-03 09:59:30.390093_User@StatDep: get_for_recent_emails is started...
[2024-07-03T09:59:30.390+0000] {logging_mixin.py:151} INFO - #>2024-07-03 09:59:30.390227_User@StatDep: pop3_fetch_emails isstarted...
[2024-07-03T09:59:30.754+0000] {logging_mixin.py:151} INFO -    b'+OK'
[2024-07-03T09:59:31.113+0000] {logging_mixin.py:151} INFO -    mailbox have 0 emails and the robot can process 10
[2024-07-03T09:59:31.114+0000] {logging_mixin.py:151} INFO - #>2024-07-03 09:59:31.114521_User@StatDep: no emails to process, exiting pop3_fetch_emails()...
[2024-07-03T09:59:31.115+0000] {python.py:194} INFO - Done. Returned value was: True
[2024-07-03T09:59:31.151+0000] {taskinstance.py:1400} INFO - Marking task as SUCCESS. dag_id=reports_workflow, task_id=id_task_get_emails, execution_date=20240703T050000, start_date=20240703T095930, end_date=20240703T095931
[2024-07-03T09:59:31.193+0000] {local_task_job_runner.py:228} INFO - Task exited with return code 0
[2024-07-03T09:59:31.237+0000] {taskinstance.py:2784} INFO - 0 downstream tasks scheduled from follow-on schedule check
[2024-07-03T13:40:09.839+0000] {taskinstance.py:1159} INFO - Dependencies all met for dep_context=non-requeueable deps ti=<TaskInstance: reports_workflow.id_task_get_emails scheduled__2024-07-03T05:00:00+00:00 [queued]>
[2024-07-03T13:40:09.854+0000] {taskinstance.py:1159} INFO - Dependencies all met for dep_context=requeueable deps ti=<TaskInstance: reports_workflow.id_task_get_emails scheduled__2024-07-03T05:00:00+00:00 [queued]>
[2024-07-03T13:40:09.854+0000] {taskinstance.py:1361} INFO - Starting attempt 1 of 1
[2024-07-03T13:40:09.947+0000] {taskinstance.py:1382} INFO - Executing <Task(PythonOperator): id_task_get_emails> on 2024-07-03 05:00:00+00:00
[2024-07-03T13:40:09.955+0000] {standard_task_runner.py:57} INFO - Started process 26363 to run task
[2024-07-03T13:40:09.967+0000] {standard_task_runner.py:84} INFO - Running: ['***', 'tasks', 'run', 'reports_workflow', 'id_task_get_emails', 'scheduled__2024-07-03T05:00:00+00:00', '--job-id', '1574', '--raw', '--subdir', 'DAGS_FOLDER/dag_email_robot.py', '--cfg-path', '/tmp/tmpf35qk0sc']
[2024-07-03T13:40:09.968+0000] {standard_task_runner.py:85} INFO - Job 1574: Subtask id_task_get_emails
[2024-07-03T13:40:10.088+0000] {task_command.py:415} INFO - Running <TaskInstance: reports_workflow.id_task_get_emails scheduled__2024-07-03T05:00:00+00:00 [running]> on host 6f4ef5488251
[2024-07-03T13:40:10.180+0000] {taskinstance.py:1660} INFO - Exporting env vars: AIRFLOW_CTX_DAG_OWNER='FIRDAVS' AIRFLOW_CTX_DAG_ID='reports_workflow' AIRFLOW_CTX_TASK_ID='id_task_get_emails' AIRFLOW_CTX_EXECUTION_DATE='2024-07-03T05:00:00+00:00' AIRFLOW_CTX_TRY_NUMBER='1' AIRFLOW_CTX_DAG_RUN_ID='scheduled__2024-07-03T05:00:00+00:00'
[2024-07-03T13:40:10.181+0000] {logging_mixin.py:151} INFO - path of config file:  /opt/***
[2024-07-03T13:40:10.182+0000] {logging_mixin.py:151} INFO - #>2024-07-03 13:40:10.182068_User@StatDep: EmailRobot in screated.
[2024-07-03T13:40:10.182+0000] {logging_mixin.py:151} INFO - #>2024-07-03 13:40:10.182314_User@StatDep: get_for_recent_emails is started...
[2024-07-03T13:40:10.183+0000] {logging_mixin.py:151} INFO - #>2024-07-03 13:40:10.183345_User@StatDep: pop3_fetch_emails isstarted...
[2024-07-03T13:40:10.539+0000] {logging_mixin.py:151} INFO -    b'+OK'
[2024-07-03T13:40:10.824+0000] {logging_mixin.py:151} INFO -    mailbox have 0 emails and the robot can process 10
[2024-07-03T13:40:10.825+0000] {logging_mixin.py:151} INFO - #>2024-07-03 13:40:10.825209_User@StatDep: no emails to process, exiting pop3_fetch_emails()...
[2024-07-03T13:40:10.825+0000] {python.py:194} INFO - Done. Returned value was: True
[2024-07-03T13:40:10.871+0000] {taskinstance.py:1400} INFO - Marking task as SUCCESS. dag_id=reports_workflow, task_id=id_task_get_emails, execution_date=20240703T050000, start_date=20240703T134009, end_date=20240703T134010
[2024-07-03T13:40:10.948+0000] {local_task_job_runner.py:228} INFO - Task exited with return code 0
[2024-07-03T13:40:10.987+0000] {taskinstance.py:2784} INFO - 1 downstream tasks scheduled from follow-on schedule check
