[2024-07-03T09:57:31.405+0000] {taskinstance.py:1159} INFO - Dependencies all met for dep_context=non-requeueable deps ti=<TaskInstance: reports_workflow.id_task_get_emails scheduled__2024-07-02T09:10:00+00:00 [queued]>
[2024-07-03T09:57:31.418+0000] {taskinstance.py:1159} INFO - Dependencies all met for dep_context=requeueable deps ti=<TaskInstance: reports_workflow.id_task_get_emails scheduled__2024-07-02T09:10:00+00:00 [queued]>
[2024-07-03T09:57:31.418+0000] {taskinstance.py:1361} INFO - Starting attempt 1 of 1
[2024-07-03T09:57:31.435+0000] {taskinstance.py:1382} INFO - Executing <Task(PythonOperator): id_task_get_emails> on 2024-07-02 09:10:00+00:00
[2024-07-03T09:57:31.445+0000] {standard_task_runner.py:57} INFO - Started process 20553 to run task
[2024-07-03T09:57:31.455+0000] {standard_task_runner.py:84} INFO - Running: ['***', 'tasks', 'run', 'reports_workflow', 'id_task_get_emails', 'scheduled__2024-07-02T09:10:00+00:00', '--job-id', '355', '--raw', '--subdir', 'DAGS_FOLDER/dag_email_robot.py', '--cfg-path', '/tmp/tmpob955jkv']
[2024-07-03T09:57:31.456+0000] {standard_task_runner.py:85} INFO - Job 355: Subtask id_task_get_emails
[2024-07-03T09:57:31.583+0000] {task_command.py:415} INFO - Running <TaskInstance: reports_workflow.id_task_get_emails scheduled__2024-07-02T09:10:00+00:00 [running]> on host 6f4ef5488251
[2024-07-03T09:57:31.737+0000] {taskinstance.py:1660} INFO - Exporting env vars: AIRFLOW_CTX_DAG_OWNER='FIRDAVS' AIRFLOW_CTX_DAG_ID='reports_workflow' AIRFLOW_CTX_TASK_ID='id_task_get_emails' AIRFLOW_CTX_EXECUTION_DATE='2024-07-02T09:10:00+00:00' AIRFLOW_CTX_TRY_NUMBER='1' AIRFLOW_CTX_DAG_RUN_ID='scheduled__2024-07-02T09:10:00+00:00'
[2024-07-03T09:57:31.738+0000] {logging_mixin.py:151} INFO - path of config file:  /opt/***
[2024-07-03T09:57:31.739+0000] {taskinstance.py:1943} ERROR - Task failed with exception
Traceback (most recent call last):
  File "/home/airflow/.local/lib/python3.8/site-packages/airflow/operators/python.py", line 192, in execute
    return_value = self.execute_callable()
  File "/home/airflow/.local/lib/python3.8/site-packages/airflow/operators/python.py", line 209, in execute_callable
    return self.python_callable(*self.op_args, **self.op_kwargs)
  File "/opt/airflow/dags/dag_email_robot.py", line 22, in get_emails
    email_conf = json.load (open(path / ("config/email_conf.json")))
NameError: name 'json' is not defined
[2024-07-03T09:57:31.769+0000] {taskinstance.py:1400} INFO - Marking task as FAILED. dag_id=reports_workflow, task_id=id_task_get_emails, execution_date=20240702T091000, start_date=20240703T095731, end_date=20240703T095731
[2024-07-03T09:57:31.782+0000] {standard_task_runner.py:104} ERROR - Failed to execute job 355 for task id_task_get_emails (name 'json' is not defined; 20553)
[2024-07-03T09:57:31.823+0000] {local_task_job_runner.py:228} INFO - Task exited with return code 1
[2024-07-03T09:57:31.855+0000] {taskinstance.py:2784} INFO - 0 downstream tasks scheduled from follow-on schedule check
[2024-07-03T12:05:03.299+0000] {taskinstance.py:1159} INFO - Dependencies all met for dep_context=non-requeueable deps ti=<TaskInstance: reports_workflow.id_task_get_emails scheduled__2024-07-02T09:10:00+00:00 [queued]>
[2024-07-03T12:05:03.310+0000] {taskinstance.py:1159} INFO - Dependencies all met for dep_context=requeueable deps ti=<TaskInstance: reports_workflow.id_task_get_emails scheduled__2024-07-02T09:10:00+00:00 [queued]>
[2024-07-03T12:05:03.310+0000] {taskinstance.py:1361} INFO - Starting attempt 1 of 1
[2024-07-03T12:05:03.330+0000] {taskinstance.py:1382} INFO - Executing <Task(PythonOperator): id_task_get_emails> on 2024-07-02 09:10:00+00:00
[2024-07-03T12:05:03.342+0000] {standard_task_runner.py:57} INFO - Started process 23371 to run task
[2024-07-03T12:05:03.349+0000] {standard_task_runner.py:84} INFO - Running: ['***', 'tasks', 'run', 'reports_workflow', 'id_task_get_emails', 'scheduled__2024-07-02T09:10:00+00:00', '--job-id', '796', '--raw', '--subdir', 'DAGS_FOLDER/dag_email_robot.py', '--cfg-path', '/tmp/tmp2w7yk3q_']
[2024-07-03T12:05:03.351+0000] {standard_task_runner.py:85} INFO - Job 796: Subtask id_task_get_emails
[2024-07-03T12:05:03.462+0000] {task_command.py:415} INFO - Running <TaskInstance: reports_workflow.id_task_get_emails scheduled__2024-07-02T09:10:00+00:00 [running]> on host 6f4ef5488251
[2024-07-03T12:05:03.578+0000] {taskinstance.py:1660} INFO - Exporting env vars: AIRFLOW_CTX_DAG_OWNER='FIRDAVS' AIRFLOW_CTX_DAG_ID='reports_workflow' AIRFLOW_CTX_TASK_ID='id_task_get_emails' AIRFLOW_CTX_EXECUTION_DATE='2024-07-02T09:10:00+00:00' AIRFLOW_CTX_TRY_NUMBER='1' AIRFLOW_CTX_DAG_RUN_ID='scheduled__2024-07-02T09:10:00+00:00'
[2024-07-03T12:05:03.580+0000] {logging_mixin.py:151} INFO - path of config file:  /opt/***
[2024-07-03T12:05:03.581+0000] {logging_mixin.py:151} INFO - #>2024-07-03 12:05:03.580981_User@StatDep: EmailRobot in screated.
[2024-07-03T12:05:03.581+0000] {logging_mixin.py:151} INFO - #>2024-07-03 12:05:03.581339_User@StatDep: get_for_recent_emails is started...
[2024-07-03T12:05:03.581+0000] {logging_mixin.py:151} INFO - #>2024-07-03 12:05:03.581645_User@StatDep: pop3_fetch_emails isstarted...
[2024-07-03T12:05:03.971+0000] {logging_mixin.py:151} INFO -    b'+OK'
[2024-07-03T12:05:04.403+0000] {logging_mixin.py:151} INFO -    mailbox have 1 emails and the robot can process 10
[2024-07-03T12:05:04.809+0000] {logging_mixin.py:151} INFO -    #>2024-07-03 12:05:04.809095_conneciton to db is set.
[2024-07-03T12:05:04.829+0000] {taskinstance.py:1943} ERROR - Task failed with exception
Traceback (most recent call last):
  File "/home/airflow/.local/lib/python3.8/site-packages/airflow/operators/python.py", line 192, in execute
    return_value = self.execute_callable()
  File "/home/airflow/.local/lib/python3.8/site-packages/airflow/operators/python.py", line 209, in execute_callable
    return self.python_callable(*self.op_args, **self.op_kwargs)
  File "/opt/airflow/dags/dag_email_robot.py", line 25, in get_emails
    robot.fetch_emails()
  File "/opt/airflow/dags/emailRobot.py", line 62, in fetch_emails
    return self.pop3_fetch_emails()
  File "/opt/airflow/dags/emailRobot.py", line 156, in pop3_fetch_emails
    cursor.execute (query, insert_values)
psycopg2.errors.UndefinedTable: relation "sma_stat_dep.tbl_file_upload" does not exist
LINE 1: ...) AS (INSERT INTO                                 sma_stat_d...
                                                             ^

[2024-07-03T12:05:04.843+0000] {taskinstance.py:1400} INFO - Marking task as FAILED. dag_id=reports_workflow, task_id=id_task_get_emails, execution_date=20240702T091000, start_date=20240703T120503, end_date=20240703T120504
[2024-07-03T12:05:04.944+0000] {standard_task_runner.py:104} ERROR - Failed to execute job 796 for task id_task_get_emails (relation "sma_stat_dep.tbl_file_upload" does not exist
LINE 1: ...) AS (INSERT INTO                                 sma_stat_d...
                                                             ^
; 23371)
[2024-07-03T12:05:04.990+0000] {local_task_job_runner.py:228} INFO - Task exited with return code 1
[2024-07-03T12:05:05.034+0000] {taskinstance.py:2784} INFO - 0 downstream tasks scheduled from follow-on schedule check
[2024-07-03T12:23:21.233+0000] {taskinstance.py:1159} INFO - Dependencies all met for dep_context=non-requeueable deps ti=<TaskInstance: reports_workflow.id_task_get_emails scheduled__2024-07-02T09:10:00+00:00 [queued]>
[2024-07-03T12:23:21.243+0000] {taskinstance.py:1159} INFO - Dependencies all met for dep_context=requeueable deps ti=<TaskInstance: reports_workflow.id_task_get_emails scheduled__2024-07-02T09:10:00+00:00 [queued]>
[2024-07-03T12:23:21.243+0000] {taskinstance.py:1361} INFO - Starting attempt 1 of 1
[2024-07-03T12:23:21.255+0000] {taskinstance.py:1382} INFO - Executing <Task(PythonOperator): id_task_get_emails> on 2024-07-02 09:10:00+00:00
[2024-07-03T12:23:21.259+0000] {standard_task_runner.py:57} INFO - Started process 24261 to run task
[2024-07-03T12:23:21.264+0000] {standard_task_runner.py:84} INFO - Running: ['***', 'tasks', 'run', 'reports_workflow', 'id_task_get_emails', 'scheduled__2024-07-02T09:10:00+00:00', '--job-id', '1104', '--raw', '--subdir', 'DAGS_FOLDER/dag_email_robot.py', '--cfg-path', '/tmp/tmpo53wkavz']
[2024-07-03T12:23:21.268+0000] {standard_task_runner.py:85} INFO - Job 1104: Subtask id_task_get_emails
[2024-07-03T12:23:21.331+0000] {task_command.py:415} INFO - Running <TaskInstance: reports_workflow.id_task_get_emails scheduled__2024-07-02T09:10:00+00:00 [running]> on host 6f4ef5488251
[2024-07-03T12:23:21.406+0000] {taskinstance.py:1660} INFO - Exporting env vars: AIRFLOW_CTX_DAG_OWNER='FIRDAVS' AIRFLOW_CTX_DAG_ID='reports_workflow' AIRFLOW_CTX_TASK_ID='id_task_get_emails' AIRFLOW_CTX_EXECUTION_DATE='2024-07-02T09:10:00+00:00' AIRFLOW_CTX_TRY_NUMBER='1' AIRFLOW_CTX_DAG_RUN_ID='scheduled__2024-07-02T09:10:00+00:00'
[2024-07-03T12:23:21.407+0000] {logging_mixin.py:151} INFO - path of config file:  /opt/***
[2024-07-03T12:23:21.407+0000] {logging_mixin.py:151} INFO - #>2024-07-03 12:23:21.407558_User@StatDep: EmailRobot in screated.
[2024-07-03T12:23:21.407+0000] {logging_mixin.py:151} INFO - #>2024-07-03 12:23:21.407754_User@StatDep: get_for_recent_emails is started...
[2024-07-03T12:23:21.407+0000] {logging_mixin.py:151} INFO - #>2024-07-03 12:23:21.407874_User@StatDep: pop3_fetch_emails isstarted...
[2024-07-03T12:23:21.763+0000] {logging_mixin.py:151} INFO -    b'+OK'
[2024-07-03T12:23:22.039+0000] {logging_mixin.py:151} INFO -    mailbox have 0 emails and the robot can process 10
[2024-07-03T12:23:22.039+0000] {logging_mixin.py:151} INFO - #>2024-07-03 12:23:22.039416_User@StatDep: no emails to process, exiting pop3_fetch_emails()...
[2024-07-03T12:23:22.040+0000] {python.py:194} INFO - Done. Returned value was: True
[2024-07-03T12:23:22.071+0000] {taskinstance.py:1400} INFO - Marking task as SUCCESS. dag_id=reports_workflow, task_id=id_task_get_emails, execution_date=20240702T091000, start_date=20240703T122321, end_date=20240703T122322
[2024-07-03T12:23:22.128+0000] {local_task_job_runner.py:228} INFO - Task exited with return code 0
[2024-07-03T12:23:22.150+0000] {taskinstance.py:2784} INFO - 1 downstream tasks scheduled from follow-on schedule check
[2024-07-03T14:46:55.571+0000] {taskinstance.py:1159} INFO - Dependencies all met for dep_context=non-requeueable deps ti=<TaskInstance: reports_workflow.id_task_get_emails scheduled__2024-07-02T09:10:00+00:00 [queued]>
[2024-07-03T14:46:55.582+0000] {taskinstance.py:1159} INFO - Dependencies all met for dep_context=requeueable deps ti=<TaskInstance: reports_workflow.id_task_get_emails scheduled__2024-07-02T09:10:00+00:00 [queued]>
[2024-07-03T14:46:55.583+0000] {taskinstance.py:1361} INFO - Starting attempt 1 of 2
[2024-07-03T14:46:55.600+0000] {taskinstance.py:1382} INFO - Executing <Task(PythonOperator): id_task_get_emails> on 2024-07-02 09:10:00+00:00
[2024-07-03T14:46:55.616+0000] {standard_task_runner.py:57} INFO - Started process 28433 to run task
[2024-07-03T14:46:55.630+0000] {standard_task_runner.py:84} INFO - Running: ['***', 'tasks', 'run', 'reports_workflow', 'id_task_get_emails', 'scheduled__2024-07-02T09:10:00+00:00', '--job-id', '2099', '--raw', '--subdir', 'DAGS_FOLDER/dag_email_robot.py', '--cfg-path', '/tmp/tmpjdrczxrd']
[2024-07-03T14:46:55.631+0000] {standard_task_runner.py:85} INFO - Job 2099: Subtask id_task_get_emails
[2024-07-03T14:46:55.749+0000] {task_command.py:415} INFO - Running <TaskInstance: reports_workflow.id_task_get_emails scheduled__2024-07-02T09:10:00+00:00 [running]> on host 6f4ef5488251
[2024-07-03T14:46:56.031+0000] {taskinstance.py:1660} INFO - Exporting env vars: AIRFLOW_CTX_DAG_OWNER='FIRDAVS' AIRFLOW_CTX_DAG_ID='reports_workflow' AIRFLOW_CTX_TASK_ID='id_task_get_emails' AIRFLOW_CTX_EXECUTION_DATE='2024-07-02T09:10:00+00:00' AIRFLOW_CTX_TRY_NUMBER='1' AIRFLOW_CTX_DAG_RUN_ID='scheduled__2024-07-02T09:10:00+00:00'
[2024-07-03T14:46:56.032+0000] {logging_mixin.py:151} INFO - path of config file:  /opt/***
[2024-07-03T14:46:56.037+0000] {logging_mixin.py:151} INFO - #>2024-07-03 14:46:56.037814_User@StatDep: EmailRobot in screated.
[2024-07-03T14:46:56.038+0000] {logging_mixin.py:151} INFO - #>2024-07-03 14:46:56.038055_User@StatDep: get_for_recent_emails is started...
[2024-07-03T14:46:56.038+0000] {logging_mixin.py:151} INFO - #>2024-07-03 14:46:56.038217_User@StatDep: pop3_fetch_emails isstarted...
[2024-07-03T14:46:56.406+0000] {logging_mixin.py:151} INFO -    b'+OK'
[2024-07-03T14:46:56.679+0000] {logging_mixin.py:151} INFO -    mailbox have 0 emails and the robot can process 10
[2024-07-03T14:46:56.680+0000] {logging_mixin.py:151} INFO - #>2024-07-03 14:46:56.680072_User@StatDep: no emails to process, exiting pop3_fetch_emails()...
[2024-07-03T14:46:56.680+0000] {python.py:194} INFO - Done. Returned value was: True
[2024-07-03T14:46:56.726+0000] {taskinstance.py:1400} INFO - Marking task as SUCCESS. dag_id=reports_workflow, task_id=id_task_get_emails, execution_date=20240702T091000, start_date=20240703T144655, end_date=20240703T144656
[2024-07-03T14:46:56.793+0000] {local_task_job_runner.py:228} INFO - Task exited with return code 0
[2024-07-03T14:46:56.890+0000] {taskinstance.py:2784} INFO - 1 downstream tasks scheduled from follow-on schedule check
