[2024-07-04T05:15:02.800+0000] {taskinstance.py:1159} INFO - Dependencies all met for dep_context=non-requeueable deps ti=<TaskInstance: reports_workflow.id_task_send_emails scheduled__2024-07-04T05:10:00+00:00 [queued]>
[2024-07-04T05:15:02.808+0000] {taskinstance.py:1159} INFO - Dependencies all met for dep_context=requeueable deps ti=<TaskInstance: reports_workflow.id_task_send_emails scheduled__2024-07-04T05:10:00+00:00 [queued]>
[2024-07-04T05:15:02.809+0000] {taskinstance.py:1361} INFO - Starting attempt 1 of 2
[2024-07-04T05:15:02.820+0000] {taskinstance.py:1382} INFO - Executing <Task(PythonOperator): id_task_send_emails> on 2024-07-04 05:10:00+00:00
[2024-07-04T05:15:02.825+0000] {standard_task_runner.py:57} INFO - Started process 42352 to run task
[2024-07-04T05:15:02.832+0000] {standard_task_runner.py:84} INFO - Running: ['***', 'tasks', 'run', 'reports_workflow', 'id_task_send_emails', 'scheduled__2024-07-04T05:10:00+00:00', '--job-id', '2421', '--raw', '--subdir', 'DAGS_FOLDER/dag_email_robot.py', '--cfg-path', '/tmp/tmpbsfswga_']
[2024-07-04T05:15:02.834+0000] {standard_task_runner.py:85} INFO - Job 2421: Subtask id_task_send_emails
[2024-07-04T05:15:02.894+0000] {task_command.py:415} INFO - Running <TaskInstance: reports_workflow.id_task_send_emails scheduled__2024-07-04T05:10:00+00:00 [running]> on host 6f4ef5488251
[2024-07-04T05:15:03.000+0000] {taskinstance.py:1660} INFO - Exporting env vars: AIRFLOW_CTX_DAG_OWNER='FIRDAVS' AIRFLOW_CTX_DAG_ID='reports_workflow' AIRFLOW_CTX_TASK_ID='id_task_send_emails' AIRFLOW_CTX_EXECUTION_DATE='2024-07-04T05:10:00+00:00' AIRFLOW_CTX_TRY_NUMBER='1' AIRFLOW_CTX_DAG_RUN_ID='scheduled__2024-07-04T05:10:00+00:00'
[2024-07-04T05:15:03.001+0000] {logging_mixin.py:151} INFO - path of config file:  /opt/***
[2024-07-04T05:15:03.002+0000] {logging_mixin.py:151} INFO - #>2024-07-04 05:15:03.002209_User@StatDep: EmailRobot in screated.
[2024-07-04T05:15:03.002+0000] {logging_mixin.py:151} INFO - #>2024-07-04 05:15:03.002742_User@StatDep: send_validation_results is started...
[2024-07-04T05:15:03.016+0000] {logging_mixin.py:151} INFO -    #>2024-07-04 05:15:03.016520_conneciton to db is set.
[2024-07-04T05:15:03.020+0000] {logging_mixin.py:151} INFO -    #>2024-07-04 05:15:03.019974_cursor execution is successful.
[2024-07-04T05:15:03.020+0000] {logging_mixin.py:151} INFO -    There is no any new submissions found. The get_validation_results is over.
[2024-07-04T05:15:03.021+0000] {python.py:194} INFO - Done. Returned value was: True
[2024-07-04T05:15:03.047+0000] {taskinstance.py:1400} INFO - Marking task as SUCCESS. dag_id=reports_workflow, task_id=id_task_send_emails, execution_date=20240704T051000, start_date=20240704T051502, end_date=20240704T051503
[2024-07-04T05:15:03.082+0000] {local_task_job_runner.py:228} INFO - Task exited with return code 0
[2024-07-04T05:15:03.112+0000] {taskinstance.py:2784} INFO - 0 downstream tasks scheduled from follow-on schedule check
[2024-07-04T05:31:49.141+0000] {taskinstance.py:1159} INFO - Dependencies all met for dep_context=non-requeueable deps ti=<TaskInstance: reports_workflow.id_task_send_emails scheduled__2024-07-04T05:10:00+00:00 [queued]>
[2024-07-04T05:31:49.153+0000] {taskinstance.py:1159} INFO - Dependencies all met for dep_context=requeueable deps ti=<TaskInstance: reports_workflow.id_task_send_emails scheduled__2024-07-04T05:10:00+00:00 [queued]>
[2024-07-04T05:31:49.154+0000] {taskinstance.py:1361} INFO - Starting attempt 1 of 2
[2024-07-04T05:31:49.186+0000] {taskinstance.py:1382} INFO - Executing <Task(PythonOperator): id_task_send_emails> on 2024-07-04 05:10:00+00:00
[2024-07-04T05:31:49.190+0000] {standard_task_runner.py:57} INFO - Started process 42705 to run task
[2024-07-04T05:31:49.205+0000] {standard_task_runner.py:84} INFO - Running: ['***', 'tasks', 'run', 'reports_workflow', 'id_task_send_emails', 'scheduled__2024-07-04T05:10:00+00:00', '--job-id', '2469', '--raw', '--subdir', 'DAGS_FOLDER/dag_email_robot.py', '--cfg-path', '/tmp/tmpmreg98ww']
[2024-07-04T05:31:49.206+0000] {standard_task_runner.py:85} INFO - Job 2469: Subtask id_task_send_emails
[2024-07-04T05:31:49.287+0000] {task_command.py:415} INFO - Running <TaskInstance: reports_workflow.id_task_send_emails scheduled__2024-07-04T05:10:00+00:00 [running]> on host 6f4ef5488251
[2024-07-04T05:31:49.434+0000] {taskinstance.py:1660} INFO - Exporting env vars: AIRFLOW_CTX_DAG_OWNER='FIRDAVS' AIRFLOW_CTX_DAG_ID='reports_workflow' AIRFLOW_CTX_TASK_ID='id_task_send_emails' AIRFLOW_CTX_EXECUTION_DATE='2024-07-04T05:10:00+00:00' AIRFLOW_CTX_TRY_NUMBER='1' AIRFLOW_CTX_DAG_RUN_ID='scheduled__2024-07-04T05:10:00+00:00'
[2024-07-04T05:31:49.437+0000] {logging_mixin.py:151} INFO - path of config file:  /opt/***
[2024-07-04T05:31:49.437+0000] {logging_mixin.py:151} INFO - #>2024-07-04 05:31:49.437956_User@StatDep: EmailRobot in screated.
[2024-07-04T05:31:49.438+0000] {logging_mixin.py:151} INFO - #>2024-07-04 05:31:49.438319_User@StatDep: send_validation_results is started...
[2024-07-04T05:31:49.447+0000] {logging_mixin.py:151} INFO -    #>2024-07-04 05:31:49.447322_conneciton to db is set.
[2024-07-04T05:31:49.449+0000] {logging_mixin.py:151} INFO -    #>2024-07-04 05:31:49.449029_cursor execution is successful.
[2024-07-04T05:31:49.449+0000] {logging_mixin.py:151} INFO -    There is no any new submissions found. The get_validation_results is over.
[2024-07-04T05:31:49.451+0000] {python.py:194} INFO - Done. Returned value was: True
[2024-07-04T05:31:49.478+0000] {taskinstance.py:1400} INFO - Marking task as SUCCESS. dag_id=reports_workflow, task_id=id_task_send_emails, execution_date=20240704T051000, start_date=20240704T053149, end_date=20240704T053149
[2024-07-04T05:31:49.503+0000] {local_task_job_runner.py:228} INFO - Task exited with return code 0
[2024-07-04T05:31:49.524+0000] {taskinstance.py:2784} INFO - 0 downstream tasks scheduled from follow-on schedule check
[2024-07-04T05:35:02.162+0000] {taskinstance.py:1159} INFO - Dependencies all met for dep_context=non-requeueable deps ti=<TaskInstance: reports_workflow.id_task_send_emails scheduled__2024-07-04T05:10:00+00:00 [queued]>
[2024-07-04T05:35:02.200+0000] {taskinstance.py:1159} INFO - Dependencies all met for dep_context=requeueable deps ti=<TaskInstance: reports_workflow.id_task_send_emails scheduled__2024-07-04T05:10:00+00:00 [queued]>
[2024-07-04T05:35:02.200+0000] {taskinstance.py:1361} INFO - Starting attempt 1 of 2
[2024-07-04T05:35:02.246+0000] {taskinstance.py:1382} INFO - Executing <Task(PythonOperator): id_task_send_emails> on 2024-07-04 05:10:00+00:00
[2024-07-04T05:35:02.253+0000] {standard_task_runner.py:57} INFO - Started process 42849 to run task
[2024-07-04T05:35:02.274+0000] {standard_task_runner.py:84} INFO - Running: ['***', 'tasks', 'run', 'reports_workflow', 'id_task_send_emails', 'scheduled__2024-07-04T05:10:00+00:00', '--job-id', '2514', '--raw', '--subdir', 'DAGS_FOLDER/dag_email_robot.py', '--cfg-path', '/tmp/tmpr3insn15']
[2024-07-04T05:35:02.288+0000] {standard_task_runner.py:85} INFO - Job 2514: Subtask id_task_send_emails
[2024-07-04T05:35:02.444+0000] {task_command.py:415} INFO - Running <TaskInstance: reports_workflow.id_task_send_emails scheduled__2024-07-04T05:10:00+00:00 [running]> on host 6f4ef5488251
[2024-07-04T05:35:02.691+0000] {taskinstance.py:1660} INFO - Exporting env vars: AIRFLOW_CTX_DAG_OWNER='FIRDAVS' AIRFLOW_CTX_DAG_ID='reports_workflow' AIRFLOW_CTX_TASK_ID='id_task_send_emails' AIRFLOW_CTX_EXECUTION_DATE='2024-07-04T05:10:00+00:00' AIRFLOW_CTX_TRY_NUMBER='1' AIRFLOW_CTX_DAG_RUN_ID='scheduled__2024-07-04T05:10:00+00:00'
[2024-07-04T05:35:02.692+0000] {logging_mixin.py:151} INFO - path of config file:  /opt/***
[2024-07-04T05:35:02.693+0000] {logging_mixin.py:151} INFO - #>2024-07-04 05:35:02.693789_User@StatDep: EmailRobot in screated.
[2024-07-04T05:35:02.694+0000] {logging_mixin.py:151} INFO - #>2024-07-04 05:35:02.694164_User@StatDep: send_validation_results is started...
[2024-07-04T05:35:02.709+0000] {logging_mixin.py:151} INFO -    #>2024-07-04 05:35:02.709812_conneciton to db is set.
[2024-07-04T05:35:02.713+0000] {logging_mixin.py:151} INFO -    #>2024-07-04 05:35:02.713868_cursor execution is successful.
[2024-07-04T05:35:02.714+0000] {logging_mixin.py:151} INFO -    There is no any new submissions found. The get_validation_results is over.
[2024-07-04T05:35:02.719+0000] {python.py:194} INFO - Done. Returned value was: True
[2024-07-04T05:35:02.786+0000] {taskinstance.py:1400} INFO - Marking task as SUCCESS. dag_id=reports_workflow, task_id=id_task_send_emails, execution_date=20240704T051000, start_date=20240704T053502, end_date=20240704T053502
[2024-07-04T05:35:02.847+0000] {local_task_job_runner.py:228} INFO - Task exited with return code 0
[2024-07-04T05:35:02.885+0000] {taskinstance.py:2784} INFO - 0 downstream tasks scheduled from follow-on schedule check
