[2024-07-29T11:10:03.805+0000] {taskinstance.py:1159} INFO - Dependencies all met for dep_context=non-requeueable deps ti=<TaskInstance: reports_workflow.id_task_send_emails scheduled__2024-07-29T11:05:00+00:00 [queued]>
[2024-07-29T11:10:03.813+0000] {taskinstance.py:1159} INFO - Dependencies all met for dep_context=requeueable deps ti=<TaskInstance: reports_workflow.id_task_send_emails scheduled__2024-07-29T11:05:00+00:00 [queued]>
[2024-07-29T11:10:03.813+0000] {taskinstance.py:1361} INFO - Starting attempt 1 of 2
[2024-07-29T11:10:03.825+0000] {taskinstance.py:1382} INFO - Executing <Task(PythonOperator): id_task_send_emails> on 2024-07-29 11:05:00+00:00
[2024-07-29T11:10:03.831+0000] {standard_task_runner.py:57} INFO - Started process 6840 to run task
[2024-07-29T11:10:03.841+0000] {standard_task_runner.py:84} INFO - Running: ['***', 'tasks', 'run', 'reports_workflow', 'id_task_send_emails', 'scheduled__2024-07-29T11:05:00+00:00', '--job-id', '226', '--raw', '--subdir', 'DAGS_FOLDER/dag_stat_report.py', '--cfg-path', '/tmp/tmp7m_j_pup']
[2024-07-29T11:10:03.847+0000] {standard_task_runner.py:85} INFO - Job 226: Subtask id_task_send_emails
[2024-07-29T11:10:03.903+0000] {task_command.py:415} INFO - Running <TaskInstance: reports_workflow.id_task_send_emails scheduled__2024-07-29T11:05:00+00:00 [running]> on host 3fb5581aee62
[2024-07-29T11:10:03.981+0000] {taskinstance.py:1660} INFO - Exporting env vars: AIRFLOW_CTX_DAG_OWNER='FIRDAVS' AIRFLOW_CTX_DAG_ID='reports_workflow' AIRFLOW_CTX_TASK_ID='id_task_send_emails' AIRFLOW_CTX_EXECUTION_DATE='2024-07-29T11:05:00+00:00' AIRFLOW_CTX_TRY_NUMBER='1' AIRFLOW_CTX_DAG_RUN_ID='scheduled__2024-07-29T11:05:00+00:00'
[2024-07-29T11:10:03.983+0000] {logging_mixin.py:151} INFO - path of config file:  /opt/***
[2024-07-29T11:10:03.983+0000] {logging_mixin.py:151} INFO - #>2024-07-29 11:10:03.983789_User@StatDep: EmailRobot in screated.
[2024-07-29T11:10:03.984+0000] {logging_mixin.py:151} INFO - #>2024-07-29 11:10:03.983997_User@StatDep: send_validation_results is started...
[2024-07-29T11:10:03.998+0000] {logging_mixin.py:151} INFO -    #>2024-07-29 11:10:03.997965_conneciton to db is set.
[2024-07-29T11:10:04.001+0000] {logging_mixin.py:151} INFO -    #>2024-07-29 11:10:04.001820_cursor execution is successful.
[2024-07-29T11:10:04.002+0000] {logging_mixin.py:151} INFO -    extracted information for about report sumbissions found...
[2024-07-29T11:10:04.006+0000] {logging_mixin.py:151} INFO - #>2024-07-29 11:10:04.006341_User@StatDep: email object ready to be sent:
[2024-07-29T11:10:07.831+0000] {logging_mixin.py:151} WARNING - send: 'ehlo [172.20.0.4]\r\n'
[2024-07-29T11:10:07.898+0000] {logging_mixin.py:151} WARNING - reply: b'250-smtp39.i.mail.ru\r\n'
[2024-07-29T11:10:07.899+0000] {logging_mixin.py:151} WARNING - reply: b'250-SIZE 73400320\r\n'
[2024-07-29T11:10:07.899+0000] {logging_mixin.py:151} WARNING - reply: b'250-8BITMIME\r\n'
[2024-07-29T11:10:07.899+0000] {logging_mixin.py:151} WARNING - reply: b'250-PIPELINING\r\n'
[2024-07-29T11:10:07.899+0000] {logging_mixin.py:151} WARNING - reply: b'250-DSN\r\n'
[2024-07-29T11:10:07.899+0000] {logging_mixin.py:151} WARNING - reply: b'250-SMTPUTF8\r\n'
[2024-07-29T11:10:07.899+0000] {logging_mixin.py:151} WARNING - reply: b'250 AUTH PLAIN LOGIN XOAUTH2\r\n'
[2024-07-29T11:10:07.900+0000] {logging_mixin.py:151} WARNING - reply: retcode (250); Msg: b'smtp39.i.mail.ru\nSIZE 73400320\n8BITMIME\nPIPELINING\nDSN\nSMTPUTF8\nAUTH PLAIN LOGIN XOAUTH2'
[2024-07-29T11:10:07.900+0000] {logging_mixin.py:151} WARNING - send: 'AUTH PLAIN AGtoYWxpbXpvZEBsaXN0LnJ1AEdSWFFSakMyYms0cVpIQjI2VXFk\r\n'
[2024-07-29T11:10:08.092+0000] {logging_mixin.py:151} WARNING - reply: b'235 Authentication succeeded\r\n'
[2024-07-29T11:10:08.092+0000] {logging_mixin.py:151} WARNING - reply: retcode (235); Msg: b'Authentication succeeded'
[2024-07-29T11:10:08.097+0000] {logging_mixin.py:151} WARNING - send: 'mail FROM:<khalimzod@list.ru> size=1909\r\n'
[2024-07-29T11:10:08.164+0000] {logging_mixin.py:151} WARNING - reply: b'250 OK\r\n'
[2024-07-29T11:10:08.165+0000] {logging_mixin.py:151} WARNING - reply: retcode (250); Msg: b'OK'
[2024-07-29T11:10:08.165+0000] {logging_mixin.py:151} WARNING - send: 'rcpt TO:<firdavskhushkadamov@gmail.com>\r\n'
[2024-07-29T11:10:08.264+0000] {logging_mixin.py:151} WARNING - reply: b'250 Accepted\r\n'
[2024-07-29T11:10:08.264+0000] {logging_mixin.py:151} WARNING - reply: retcode (250); Msg: b'Accepted'
[2024-07-29T11:10:08.265+0000] {logging_mixin.py:151} WARNING - send: 'data\r\n'
[2024-07-29T11:10:08.330+0000] {logging_mixin.py:151} WARNING - reply: b'354 Enter message, ending with "." on a line by itself\r\n'
[2024-07-29T11:10:08.330+0000] {logging_mixin.py:151} WARNING - reply: retcode (354); Msg: b'Enter message, ending with "." on a line by itself'
[2024-07-29T11:10:08.331+0000] {logging_mixin.py:151} WARNING - data: (354, b'Enter message, ending with "." on a line by itself')
[2024-07-29T11:10:08.331+0000] {logging_mixin.py:151} WARNING - send: b'Content-Type: multipart/mixed; boundary="===============3145016483886788373=="\r\nMIME-Version: 1.0\r\nSubject: =?utf-8?b?b21vckBuYnQudGo6INGE0LDQudC7ICIxSEsudjAuNTcwNy4zMTEyMjAyNC54bHN4IiDQt9Cw0LPRgNGD0LbQtdC90L3Ri9C5INCyIDIwMjQtMDctMjkgMTA6MjE6MDkrMDA6MDAg0J3QlSDQn9Cg0JjQndCv0KI=?=\r\nFrom: khalimzod@list.ru\r\nTo: <firdavskhushkadamov@gmail.com>\r\n\r\n--===============3145016483886788373==\r\nContent-Type: text/plain; charset="utf-8"\r\nMIME-Version: 1.0\r\nContent-Transfer-Encoding: base64\r\n\r\n0JfQtNGA0LDQstGB0YLQstGD0LnRgtC1LCAKINCaINGB0L7QttCw0LvQtdC90LjRjiDRhNCw0LnQ\r\nuyDRgSDQuNC80LXQvdC10LwgMUhLLnYwLjU3MDcuMzExMjIwMjQueGxzeCwg0LfQsNCz0YDRg9C2\r\n0LXQvdC90YvQuSDQsiAyMDI0LTA3LTI5IDEwOjIxOjA5KzAwOjAwINC90LUg0LHRi9C7INC/0YDQ\r\nuNC90Y/RgiDRgdC40YHRgtC10LzQvtC5INCw0LLRgtC+0LzQsNGC0LjRh9C10YHQutC+0Lkg0L7Q\r\nsdGA0LDQsdC+0YLQutC4LiDQn9C+0LbQsNC70YPQudGB0YLQsCwg0L/RgNC+0LLQtdGA0YzRgtC1\r\nINC30LDQv9C+0LvQvdC10L3QuNC1INGE0LDQudC70LAuIAog0JTQvtC/0L7Qu9C90LjRgtC10LvR\r\njNC90YvQtSDRgdCy0LXQtNC10L3RjNGPINC/0L4g0L7QsdC90LDRgNGD0LbQtdC90L3Ri9C8INC+\r\n0YjQuNCx0LrQsNC8INC/0YDQuNC70L7QttC10L3QvdGLINC6INC/0LjRgdGM0LzRgy4KIEMg0YPQ\r\nstCw0LbQtdC90LjQtdC8LCAKINCU0LXQv9Cw0YDRgtCw0LzQtdC90YIg0YHRgtCw0YLQuNGB0YLQ\r\nuNC60Lgg0Lgg0L/Qu9Cw0YLQtdC20L3QvtCz0L4g0LHQsNC70LDQvdGB0LAg\r\n\r\n--===============3145016483886788373==\r\nMIME-Version: 1.0\r\nContent-Type: application/text/csv; charset="utf-8"\r\nContent-Transfer-Encoding: base64\r\nContent-Transfer-Encoding: base64\r\ncontent-disposition: attachment; filename="1HK.v0.5707.31122024.xlsx_protocol.txt"\r\n\r\n0JTQsNGC0LAg0Lgg0LLRgNC10LzRjyDQv9C+0LvRg9GH0LXQvdC40Y8g0YTQsNC50LvQsCAtLS0t\r\nLS0tLS0tLS0tLS0tLS0tLSAyMDI0LTA3LTI5IDE2OjA2OjUxCgog0J3QtSDQvdCw0LnQtNC10L3Q\r\nvdCwINC60L7QvdGE0LjQs9GD0YDQsNGG0LjRjyDQv9C+INC00LDQvdC90L7QvNGDINC+0YLRh9C1\r\n0YLRgwog0LrQvtC70LjRh9C10YHRgtCy0L4g0L3QsNC50LTQtdC90L3Ri9GFINC+0YjQuNCx0L7Q\r\nuiAtLS0tLS0tLS0tLS0tLS0tLS0tLTE=\r\n\r\n--===============3145016483886788373==--\r\n.\r\n'
[2024-07-29T11:10:11.310+0000] {logging_mixin.py:151} WARNING - reply: b'250 OK id=1sYOGW-00000000Bzs-1GFs\r\n'
[2024-07-29T11:10:11.311+0000] {logging_mixin.py:151} WARNING - reply: retcode (250); Msg: b'OK id=1sYOGW-00000000Bzs-1GFs'
[2024-07-29T11:10:11.312+0000] {logging_mixin.py:151} WARNING - data: (250, b'OK id=1sYOGW-00000000Bzs-1GFs')
[2024-07-29T11:10:11.312+0000] {logging_mixin.py:151} INFO - #>2024-07-29 11:10:11.312361_User@StatDep: email successfuly sent
[2024-07-29T11:10:11.312+0000] {logging_mixin.py:151} WARNING - send: 'QUIT\r\n'
[2024-07-29T11:10:11.594+0000] {logging_mixin.py:151} WARNING - reply: b'221 exim-smtp-868bf69f6c-rmqp7 closing connection\r\n'
[2024-07-29T11:10:11.595+0000] {logging_mixin.py:151} WARNING - reply: retcode (221); Msg: b'exim-smtp-868bf69f6c-rmqp7 closing connection'
[2024-07-29T11:10:11.596+0000] {logging_mixin.py:151} INFO -    finilizing processing for the reserved file uploads...
[2024-07-29T11:10:11.693+0000] {python.py:194} INFO - Done. Returned value was: True
[2024-07-29T11:10:11.758+0000] {taskinstance.py:1400} INFO - Marking task as SUCCESS. dag_id=reports_workflow, task_id=id_task_send_emails, execution_date=20240729T110500, start_date=20240729T111003, end_date=20240729T111011
[2024-07-29T11:10:11.809+0000] {local_task_job_runner.py:228} INFO - Task exited with return code 0
[2024-07-29T11:10:11.837+0000] {taskinstance.py:2784} INFO - 0 downstream tasks scheduled from follow-on schedule check
