[2024-07-03T14:47:45.832+0000] {taskinstance.py:1159} INFO - Dependencies all met for dep_context=non-requeueable deps ti=<TaskInstance: reports_workflow.id_task_send_emails scheduled__2024-07-03T11:20:00+00:00 [queued]>
[2024-07-03T14:47:45.866+0000] {taskinstance.py:1159} INFO - Dependencies all met for dep_context=requeueable deps ti=<TaskInstance: reports_workflow.id_task_send_emails scheduled__2024-07-03T11:20:00+00:00 [queued]>
[2024-07-03T14:47:45.866+0000] {taskinstance.py:1361} INFO - Starting attempt 1 of 2
[2024-07-03T14:47:45.907+0000] {taskinstance.py:1382} INFO - Executing <Task(PythonOperator): id_task_send_emails> on 2024-07-03 11:20:00+00:00
[2024-07-03T14:47:45.917+0000] {standard_task_runner.py:57} INFO - Started process 28622 to run task
[2024-07-03T14:47:45.935+0000] {standard_task_runner.py:84} INFO - Running: ['***', 'tasks', 'run', 'reports_workflow', 'id_task_send_emails', 'scheduled__2024-07-03T11:20:00+00:00', '--job-id', '2186', '--raw', '--subdir', 'DAGS_FOLDER/dag_email_robot.py', '--cfg-path', '/tmp/tmps93ukwns']
[2024-07-03T14:47:45.937+0000] {standard_task_runner.py:85} INFO - Job 2186: Subtask id_task_send_emails
[2024-07-03T14:47:46.038+0000] {task_command.py:415} INFO - Running <TaskInstance: reports_workflow.id_task_send_emails scheduled__2024-07-03T11:20:00+00:00 [running]> on host 6f4ef5488251
[2024-07-03T14:47:46.148+0000] {taskinstance.py:1660} INFO - Exporting env vars: AIRFLOW_CTX_DAG_OWNER='FIRDAVS' AIRFLOW_CTX_DAG_ID='reports_workflow' AIRFLOW_CTX_TASK_ID='id_task_send_emails' AIRFLOW_CTX_EXECUTION_DATE='2024-07-03T11:20:00+00:00' AIRFLOW_CTX_TRY_NUMBER='1' AIRFLOW_CTX_DAG_RUN_ID='scheduled__2024-07-03T11:20:00+00:00'
[2024-07-03T14:47:46.150+0000] {logging_mixin.py:151} INFO - path of config file:  /opt/***
[2024-07-03T14:47:46.150+0000] {logging_mixin.py:151} INFO - #>2024-07-03 14:47:46.150749_User@StatDep: EmailRobot in screated.
[2024-07-03T14:47:46.150+0000] {logging_mixin.py:151} INFO - #>2024-07-03 14:47:46.150948_User@StatDep: send_validation_results is started...
[2024-07-03T14:47:46.160+0000] {logging_mixin.py:151} INFO -    #>2024-07-03 14:47:46.160347_conneciton to db is set.
[2024-07-03T14:47:46.163+0000] {logging_mixin.py:151} INFO -    #>2024-07-03 14:47:46.163409_cursor execution is successful.
[2024-07-03T14:47:46.163+0000] {logging_mixin.py:151} INFO -    There is no any new submissions found. The get_validation_results is over.
[2024-07-03T14:47:46.166+0000] {python.py:194} INFO - Done. Returned value was: True
[2024-07-03T14:47:46.196+0000] {taskinstance.py:1400} INFO - Marking task as SUCCESS. dag_id=reports_workflow, task_id=id_task_send_emails, execution_date=20240703T112000, start_date=20240703T144745, end_date=20240703T144746
[2024-07-03T14:47:46.230+0000] {local_task_job_runner.py:228} INFO - Task exited with return code 0
[2024-07-03T14:47:46.250+0000] {taskinstance.py:2784} INFO - 0 downstream tasks scheduled from follow-on schedule check
[2024-07-03T14:48:20.230+0000] {taskinstance.py:1159} INFO - Dependencies all met for dep_context=non-requeueable deps ti=<TaskInstance: reports_workflow.id_task_send_emails scheduled__2024-07-03T11:20:00+00:00 [queued]>
[2024-07-03T14:48:20.280+0000] {taskinstance.py:1159} INFO - Dependencies all met for dep_context=requeueable deps ti=<TaskInstance: reports_workflow.id_task_send_emails scheduled__2024-07-03T11:20:00+00:00 [queued]>
[2024-07-03T14:48:20.280+0000] {taskinstance.py:1361} INFO - Starting attempt 1 of 2
[2024-07-03T14:48:20.346+0000] {taskinstance.py:1382} INFO - Executing <Task(PythonOperator): id_task_send_emails> on 2024-07-03 11:20:00+00:00
[2024-07-03T14:48:20.362+0000] {standard_task_runner.py:57} INFO - Started process 28773 to run task
[2024-07-03T14:48:20.378+0000] {standard_task_runner.py:84} INFO - Running: ['***', 'tasks', 'run', 'reports_workflow', 'id_task_send_emails', 'scheduled__2024-07-03T11:20:00+00:00', '--job-id', '2254', '--raw', '--subdir', 'DAGS_FOLDER/dag_email_robot.py', '--cfg-path', '/tmp/tmpymjbo59n']
[2024-07-03T14:48:20.383+0000] {standard_task_runner.py:85} INFO - Job 2254: Subtask id_task_send_emails
[2024-07-03T14:48:20.566+0000] {task_command.py:415} INFO - Running <TaskInstance: reports_workflow.id_task_send_emails scheduled__2024-07-03T11:20:00+00:00 [running]> on host 6f4ef5488251
[2024-07-03T14:48:20.952+0000] {taskinstance.py:1660} INFO - Exporting env vars: AIRFLOW_CTX_DAG_OWNER='FIRDAVS' AIRFLOW_CTX_DAG_ID='reports_workflow' AIRFLOW_CTX_TASK_ID='id_task_send_emails' AIRFLOW_CTX_EXECUTION_DATE='2024-07-03T11:20:00+00:00' AIRFLOW_CTX_TRY_NUMBER='1' AIRFLOW_CTX_DAG_RUN_ID='scheduled__2024-07-03T11:20:00+00:00'
[2024-07-03T14:48:20.953+0000] {logging_mixin.py:151} INFO - path of config file:  /opt/***
[2024-07-03T14:48:20.954+0000] {logging_mixin.py:151} INFO - #>2024-07-03 14:48:20.953993_User@StatDep: EmailRobot in screated.
[2024-07-03T14:48:20.954+0000] {logging_mixin.py:151} INFO - #>2024-07-03 14:48:20.954203_User@StatDep: send_validation_results is started...
[2024-07-03T14:48:20.967+0000] {logging_mixin.py:151} INFO -    #>2024-07-03 14:48:20.967220_conneciton to db is set.
[2024-07-03T14:48:20.971+0000] {logging_mixin.py:151} INFO -    #>2024-07-03 14:48:20.971420_cursor execution is successful.
[2024-07-03T14:48:20.971+0000] {logging_mixin.py:151} INFO -    There is no any new submissions found. The get_validation_results is over.
[2024-07-03T14:48:20.975+0000] {python.py:194} INFO - Done. Returned value was: True
[2024-07-03T14:48:21.033+0000] {taskinstance.py:1400} INFO - Marking task as SUCCESS. dag_id=reports_workflow, task_id=id_task_send_emails, execution_date=20240703T112000, start_date=20240703T144820, end_date=20240703T144821
[2024-07-03T14:48:21.121+0000] {local_task_job_runner.py:228} INFO - Task exited with return code 0
[2024-07-03T14:48:21.157+0000] {taskinstance.py:2784} INFO - 0 downstream tasks scheduled from follow-on schedule check
[2024-07-03T14:55:34.735+0000] {taskinstance.py:1159} INFO - Dependencies all met for dep_context=non-requeueable deps ti=<TaskInstance: reports_workflow.id_task_send_emails scheduled__2024-07-03T11:20:00+00:00 [queued]>
[2024-07-03T14:55:34.766+0000] {taskinstance.py:1159} INFO - Dependencies all met for dep_context=requeueable deps ti=<TaskInstance: reports_workflow.id_task_send_emails scheduled__2024-07-03T11:20:00+00:00 [queued]>
[2024-07-03T14:55:34.766+0000] {taskinstance.py:1361} INFO - Starting attempt 1 of 2
[2024-07-03T14:55:34.826+0000] {taskinstance.py:1382} INFO - Executing <Task(PythonOperator): id_task_send_emails> on 2024-07-03 11:20:00+00:00
[2024-07-03T14:55:34.840+0000] {standard_task_runner.py:57} INFO - Started process 29021 to run task
[2024-07-03T14:55:34.855+0000] {standard_task_runner.py:84} INFO - Running: ['***', 'tasks', 'run', 'reports_workflow', 'id_task_send_emails', 'scheduled__2024-07-03T11:20:00+00:00', '--job-id', '2328', '--raw', '--subdir', 'DAGS_FOLDER/dag_email_robot.py', '--cfg-path', '/tmp/tmpxjt_0zpg']
[2024-07-03T14:55:34.865+0000] {standard_task_runner.py:85} INFO - Job 2328: Subtask id_task_send_emails
[2024-07-03T14:55:35.025+0000] {task_command.py:415} INFO - Running <TaskInstance: reports_workflow.id_task_send_emails scheduled__2024-07-03T11:20:00+00:00 [running]> on host 6f4ef5488251
[2024-07-03T14:55:35.298+0000] {taskinstance.py:1660} INFO - Exporting env vars: AIRFLOW_CTX_DAG_OWNER='FIRDAVS' AIRFLOW_CTX_DAG_ID='reports_workflow' AIRFLOW_CTX_TASK_ID='id_task_send_emails' AIRFLOW_CTX_EXECUTION_DATE='2024-07-03T11:20:00+00:00' AIRFLOW_CTX_TRY_NUMBER='1' AIRFLOW_CTX_DAG_RUN_ID='scheduled__2024-07-03T11:20:00+00:00'
[2024-07-03T14:55:35.303+0000] {logging_mixin.py:151} INFO - path of config file:  /opt/***
[2024-07-03T14:55:35.303+0000] {logging_mixin.py:151} INFO - #>2024-07-03 14:55:35.303757_User@StatDep: EmailRobot in screated.
[2024-07-03T14:55:35.304+0000] {logging_mixin.py:151} INFO - #>2024-07-03 14:55:35.304166_User@StatDep: send_validation_results is started...
[2024-07-03T14:55:35.324+0000] {logging_mixin.py:151} INFO -    #>2024-07-03 14:55:35.324222_conneciton to db is set.
[2024-07-03T14:55:35.328+0000] {logging_mixin.py:151} INFO -    #>2024-07-03 14:55:35.328228_cursor execution is successful.
[2024-07-03T14:55:35.328+0000] {logging_mixin.py:151} INFO -    There is no any new submissions found. The get_validation_results is over.
[2024-07-03T14:55:35.329+0000] {python.py:194} INFO - Done. Returned value was: True
[2024-07-03T14:55:35.376+0000] {taskinstance.py:1400} INFO - Marking task as SUCCESS. dag_id=reports_workflow, task_id=id_task_send_emails, execution_date=20240703T112000, start_date=20240703T145534, end_date=20240703T145535
[2024-07-03T14:55:35.398+0000] {local_task_job_runner.py:228} INFO - Task exited with return code 0
[2024-07-03T14:55:35.421+0000] {taskinstance.py:2784} INFO - 0 downstream tasks scheduled from follow-on schedule check
