[2024-08-01T11:15:01.356+0000] {taskinstance.py:1159} INFO - Dependencies all met for dep_context=non-requeueable deps ti=<TaskInstance: reports_workflow.id_task_get_emails scheduled__2024-08-01T11:10:00+00:00 [queued]>
[2024-08-01T11:15:01.362+0000] {taskinstance.py:1159} INFO - Dependencies all met for dep_context=requeueable deps ti=<TaskInstance: reports_workflow.id_task_get_emails scheduled__2024-08-01T11:10:00+00:00 [queued]>
[2024-08-01T11:15:01.362+0000] {taskinstance.py:1361} INFO - Starting attempt 1 of 2
[2024-08-01T11:15:01.376+0000] {taskinstance.py:1382} INFO - Executing <Task(PythonOperator): id_task_get_emails> on 2024-08-01 11:10:00+00:00
[2024-08-01T11:15:01.381+0000] {standard_task_runner.py:57} INFO - Started process 47026 to run task
[2024-08-01T11:15:01.387+0000] {standard_task_runner.py:84} INFO - Running: ['***', 'tasks', 'run', 'reports_workflow', 'id_task_get_emails', 'scheduled__2024-08-01T11:10:00+00:00', '--job-id', '1455', '--raw', '--subdir', 'DAGS_FOLDER/dag_stat_report.py', '--cfg-path', '/tmp/tmprh5v3n5y']
[2024-08-01T11:15:01.391+0000] {standard_task_runner.py:85} INFO - Job 1455: Subtask id_task_get_emails
[2024-08-01T11:15:01.491+0000] {task_command.py:415} INFO - Running <TaskInstance: reports_workflow.id_task_get_emails scheduled__2024-08-01T11:10:00+00:00 [running]> on host 6bb718ab9b8f
[2024-08-01T11:15:01.613+0000] {taskinstance.py:1660} INFO - Exporting env vars: AIRFLOW_CTX_DAG_OWNER='FIRDAVS' AIRFLOW_CTX_DAG_ID='reports_workflow' AIRFLOW_CTX_TASK_ID='id_task_get_emails' AIRFLOW_CTX_EXECUTION_DATE='2024-08-01T11:10:00+00:00' AIRFLOW_CTX_TRY_NUMBER='1' AIRFLOW_CTX_DAG_RUN_ID='scheduled__2024-08-01T11:10:00+00:00'
[2024-08-01T11:15:01.615+0000] {logging_mixin.py:151} INFO - path of config file:  /opt/***
[2024-08-01T11:15:01.615+0000] {logging_mixin.py:151} INFO - #>2024-08-01 11:15:01.615655_User@StatDep: EmailRobot in screated.
[2024-08-01T11:15:01.615+0000] {logging_mixin.py:151} INFO - #>2024-08-01 11:15:01.615840_User@StatDep: get_for_recent_emails is started...
[2024-08-01T11:15:01.615+0000] {logging_mixin.py:151} INFO - #>2024-08-01 11:15:01.615962_User@StatDep: pop3_fetch_emails isstarted...
[2024-08-01T11:15:02.141+0000] {logging_mixin.py:151} INFO -    b'+OK'
[2024-08-01T11:15:02.563+0000] {logging_mixin.py:151} INFO -    mailbox have 0 emails and the robot can process 10
[2024-08-01T11:15:02.563+0000] {logging_mixin.py:151} INFO - #>2024-08-01 11:15:02.563548_User@StatDep: no emails to process, exiting pop3_fetch_emails()...
[2024-08-01T11:15:02.564+0000] {python.py:194} INFO - Done. Returned value was: True
[2024-08-01T11:15:02.597+0000] {taskinstance.py:1400} INFO - Marking task as SUCCESS. dag_id=reports_workflow, task_id=id_task_get_emails, execution_date=20240801T111000, start_date=20240801T111501, end_date=20240801T111502
[2024-08-01T11:15:02.639+0000] {local_task_job_runner.py:228} INFO - Task exited with return code 0
[2024-08-01T11:15:02.679+0000] {taskinstance.py:2784} INFO - 1 downstream tasks scheduled from follow-on schedule check
