[2024-07-08T06:35:01.276+0000] {taskinstance.py:1159} INFO - Dependencies all met for dep_context=non-requeueable deps ti=<TaskInstance: reports_workflow.id_task_get_emails scheduled__2024-07-08T06:30:00+00:00 [queued]>
[2024-07-08T06:35:01.284+0000] {taskinstance.py:1159} INFO - Dependencies all met for dep_context=requeueable deps ti=<TaskInstance: reports_workflow.id_task_get_emails scheduled__2024-07-08T06:30:00+00:00 [queued]>
[2024-07-08T06:35:01.284+0000] {taskinstance.py:1361} INFO - Starting attempt 1 of 2
[2024-07-08T06:35:01.295+0000] {taskinstance.py:1382} INFO - Executing <Task(PythonOperator): id_task_get_emails> on 2024-07-08 06:30:00+00:00
[2024-07-08T06:35:01.301+0000] {standard_task_runner.py:57} INFO - Started process 3845 to run task
[2024-07-08T06:35:01.307+0000] {standard_task_runner.py:84} INFO - Running: ['***', 'tasks', 'run', 'reports_workflow', 'id_task_get_emails', 'scheduled__2024-07-08T06:30:00+00:00', '--job-id', '3569', '--raw', '--subdir', 'DAGS_FOLDER/dag_email_robot.py', '--cfg-path', '/tmp/tmpig17wx1_']
[2024-07-08T06:35:01.311+0000] {standard_task_runner.py:85} INFO - Job 3569: Subtask id_task_get_emails
[2024-07-08T06:35:01.392+0000] {task_command.py:415} INFO - Running <TaskInstance: reports_workflow.id_task_get_emails scheduled__2024-07-08T06:30:00+00:00 [running]> on host 6f4ef5488251
[2024-07-08T06:35:01.503+0000] {taskinstance.py:1660} INFO - Exporting env vars: AIRFLOW_CTX_DAG_OWNER='FIRDAVS' AIRFLOW_CTX_DAG_ID='reports_workflow' AIRFLOW_CTX_TASK_ID='id_task_get_emails' AIRFLOW_CTX_EXECUTION_DATE='2024-07-08T06:30:00+00:00' AIRFLOW_CTX_TRY_NUMBER='1' AIRFLOW_CTX_DAG_RUN_ID='scheduled__2024-07-08T06:30:00+00:00'
[2024-07-08T06:35:01.505+0000] {logging_mixin.py:151} INFO - path of config file:  /opt/***
[2024-07-08T06:35:01.505+0000] {logging_mixin.py:151} INFO - #>2024-07-08 06:35:01.505566_User@StatDep: EmailRobot in screated.
[2024-07-08T06:35:01.505+0000] {logging_mixin.py:151} INFO - #>2024-07-08 06:35:01.505756_User@StatDep: get_for_recent_emails is started...
[2024-07-08T06:35:01.505+0000] {logging_mixin.py:151} INFO - #>2024-07-08 06:35:01.505901_User@StatDep: pop3_fetch_emails isstarted...
[2024-07-08T06:35:01.949+0000] {logging_mixin.py:151} INFO -    b'+OK'
[2024-07-08T06:35:02.288+0000] {logging_mixin.py:151} INFO -    mailbox have 0 emails and the robot can process 10
[2024-07-08T06:35:02.289+0000] {logging_mixin.py:151} INFO - #>2024-07-08 06:35:02.289488_User@StatDep: no emails to process, exiting pop3_fetch_emails()...
[2024-07-08T06:35:02.290+0000] {python.py:194} INFO - Done. Returned value was: True
[2024-07-08T06:35:02.321+0000] {taskinstance.py:1400} INFO - Marking task as SUCCESS. dag_id=reports_workflow, task_id=id_task_get_emails, execution_date=20240708T063000, start_date=20240708T063501, end_date=20240708T063502
[2024-07-08T06:35:02.362+0000] {local_task_job_runner.py:228} INFO - Task exited with return code 0
[2024-07-08T06:35:02.385+0000] {taskinstance.py:2784} INFO - 1 downstream tasks scheduled from follow-on schedule check
[2024-07-08T10:13:28.205+0000] {taskinstance.py:1159} INFO - Dependencies all met for dep_context=non-requeueable deps ti=<TaskInstance: reports_workflow.id_task_get_emails scheduled__2024-07-08T06:30:00+00:00 [queued]>
[2024-07-08T10:13:29.098+0000] {taskinstance.py:1159} INFO - Dependencies all met for dep_context=requeueable deps ti=<TaskInstance: reports_workflow.id_task_get_emails scheduled__2024-07-08T06:30:00+00:00 [queued]>
[2024-07-08T10:13:29.098+0000] {taskinstance.py:1361} INFO - Starting attempt 1 of 2
[2024-07-08T10:13:29.907+0000] {taskinstance.py:1382} INFO - Executing <Task(PythonOperator): id_task_get_emails> on 2024-07-08 06:30:00+00:00
[2024-07-08T10:13:29.922+0000] {standard_task_runner.py:57} INFO - Started process 7684 to run task
[2024-07-08T10:13:29.985+0000] {standard_task_runner.py:84} INFO - Running: ['***', 'tasks', 'run', 'reports_workflow', 'id_task_get_emails', 'scheduled__2024-07-08T06:30:00+00:00', '--job-id', '3719', '--raw', '--subdir', 'DAGS_FOLDER/dag_email_robot.py', '--cfg-path', '/tmp/tmpgk2lw7sx']
[2024-07-08T10:13:30.018+0000] {standard_task_runner.py:85} INFO - Job 3719: Subtask id_task_get_emails
[2024-07-08T10:13:30.677+0000] {task_command.py:415} INFO - Running <TaskInstance: reports_workflow.id_task_get_emails scheduled__2024-07-08T06:30:00+00:00 [running]> on host 6f4ef5488251
[2024-07-08T10:13:30.992+0000] {taskinstance.py:1660} INFO - Exporting env vars: AIRFLOW_CTX_DAG_OWNER='FIRDAVS' AIRFLOW_CTX_DAG_ID='reports_workflow' AIRFLOW_CTX_TASK_ID='id_task_get_emails' AIRFLOW_CTX_EXECUTION_DATE='2024-07-08T06:30:00+00:00' AIRFLOW_CTX_TRY_NUMBER='1' AIRFLOW_CTX_DAG_RUN_ID='scheduled__2024-07-08T06:30:00+00:00'
[2024-07-08T10:13:30.996+0000] {logging_mixin.py:151} INFO - path of config file:  /opt/***
[2024-07-08T10:13:30.996+0000] {logging_mixin.py:151} INFO - #>2024-07-08 10:13:30.996917_User@StatDep: EmailRobot in screated.
[2024-07-08T10:13:30.997+0000] {logging_mixin.py:151} INFO - #>2024-07-08 10:13:30.997325_User@StatDep: get_for_recent_emails is started...
[2024-07-08T10:13:30.997+0000] {logging_mixin.py:151} INFO - #>2024-07-08 10:13:30.997816_User@StatDep: pop3_fetch_emails isstarted...
[2024-07-08T10:13:31.390+0000] {logging_mixin.py:151} INFO -    b'+OK'
[2024-07-08T10:13:31.717+0000] {logging_mixin.py:151} INFO -    mailbox have 0 emails and the robot can process 10
[2024-07-08T10:13:31.718+0000] {logging_mixin.py:151} INFO - #>2024-07-08 10:13:31.718219_User@StatDep: no emails to process, exiting pop3_fetch_emails()...
[2024-07-08T10:13:31.719+0000] {python.py:194} INFO - Done. Returned value was: True
[2024-07-08T10:13:31.773+0000] {taskinstance.py:1400} INFO - Marking task as SUCCESS. dag_id=reports_workflow, task_id=id_task_get_emails, execution_date=20240708T063000, start_date=20240708T101328, end_date=20240708T101331
[2024-07-08T10:13:31.850+0000] {local_task_job_runner.py:228} INFO - Task exited with return code 0
[2024-07-08T10:13:31.880+0000] {taskinstance.py:2784} INFO - 1 downstream tasks scheduled from follow-on schedule check
[2024-07-08T10:21:48.134+0000] {taskinstance.py:1159} INFO - Dependencies all met for dep_context=non-requeueable deps ti=<TaskInstance: reports_workflow.id_task_get_emails scheduled__2024-07-08T06:30:00+00:00 [queued]>
[2024-07-08T10:21:48.143+0000] {taskinstance.py:1159} INFO - Dependencies all met for dep_context=requeueable deps ti=<TaskInstance: reports_workflow.id_task_get_emails scheduled__2024-07-08T06:30:00+00:00 [queued]>
[2024-07-08T10:21:48.144+0000] {taskinstance.py:1361} INFO - Starting attempt 1 of 2
[2024-07-08T10:21:48.158+0000] {taskinstance.py:1382} INFO - Executing <Task(PythonOperator): id_task_get_emails> on 2024-07-08 06:30:00+00:00
[2024-07-08T10:21:48.163+0000] {standard_task_runner.py:57} INFO - Started process 7920 to run task
[2024-07-08T10:21:48.171+0000] {standard_task_runner.py:84} INFO - Running: ['***', 'tasks', 'run', 'reports_workflow', 'id_task_get_emails', 'scheduled__2024-07-08T06:30:00+00:00', '--job-id', '3765', '--raw', '--subdir', 'DAGS_FOLDER/dag_email_robot.py', '--cfg-path', '/tmp/tmpeqasft01']
[2024-07-08T10:21:48.175+0000] {standard_task_runner.py:85} INFO - Job 3765: Subtask id_task_get_emails
[2024-07-08T10:21:48.236+0000] {task_command.py:415} INFO - Running <TaskInstance: reports_workflow.id_task_get_emails scheduled__2024-07-08T06:30:00+00:00 [running]> on host 6f4ef5488251
[2024-07-08T10:21:48.325+0000] {taskinstance.py:1660} INFO - Exporting env vars: AIRFLOW_CTX_DAG_OWNER='FIRDAVS' AIRFLOW_CTX_DAG_ID='reports_workflow' AIRFLOW_CTX_TASK_ID='id_task_get_emails' AIRFLOW_CTX_EXECUTION_DATE='2024-07-08T06:30:00+00:00' AIRFLOW_CTX_TRY_NUMBER='1' AIRFLOW_CTX_DAG_RUN_ID='scheduled__2024-07-08T06:30:00+00:00'
[2024-07-08T10:21:48.327+0000] {logging_mixin.py:151} INFO - path of config file:  /opt/***
[2024-07-08T10:21:48.327+0000] {logging_mixin.py:151} INFO - #>2024-07-08 10:21:48.327626_User@StatDep: EmailRobot in screated.
[2024-07-08T10:21:48.327+0000] {logging_mixin.py:151} INFO - #>2024-07-08 10:21:48.327824_User@StatDep: get_for_recent_emails is started...
[2024-07-08T10:21:48.327+0000] {logging_mixin.py:151} INFO - #>2024-07-08 10:21:48.327960_User@StatDep: pop3_fetch_emails isstarted...
[2024-07-08T10:21:48.730+0000] {logging_mixin.py:151} INFO -    b'+OK'
[2024-07-08T10:21:49.041+0000] {logging_mixin.py:151} INFO -    mailbox have 0 emails and the robot can process 10
[2024-07-08T10:21:49.041+0000] {logging_mixin.py:151} INFO - #>2024-07-08 10:21:49.041293_User@StatDep: no emails to process, exiting pop3_fetch_emails()...
[2024-07-08T10:21:49.041+0000] {python.py:194} INFO - Done. Returned value was: True
[2024-07-08T10:21:49.078+0000] {taskinstance.py:1400} INFO - Marking task as SUCCESS. dag_id=reports_workflow, task_id=id_task_get_emails, execution_date=20240708T063000, start_date=20240708T102148, end_date=20240708T102149
[2024-07-08T10:21:49.101+0000] {local_task_job_runner.py:228} INFO - Task exited with return code 0
[2024-07-08T10:21:49.139+0000] {taskinstance.py:2784} INFO - 1 downstream tasks scheduled from follow-on schedule check
[2024-07-08T10:25:48.072+0000] {taskinstance.py:1159} INFO - Dependencies all met for dep_context=non-requeueable deps ti=<TaskInstance: reports_workflow.id_task_get_emails scheduled__2024-07-08T06:30:00+00:00 [queued]>
[2024-07-08T10:25:48.090+0000] {taskinstance.py:1159} INFO - Dependencies all met for dep_context=requeueable deps ti=<TaskInstance: reports_workflow.id_task_get_emails scheduled__2024-07-08T06:30:00+00:00 [queued]>
[2024-07-08T10:25:48.090+0000] {taskinstance.py:1361} INFO - Starting attempt 1 of 2
[2024-07-08T10:25:48.115+0000] {taskinstance.py:1382} INFO - Executing <Task(PythonOperator): id_task_get_emails> on 2024-07-08 06:30:00+00:00
[2024-07-08T10:25:48.121+0000] {standard_task_runner.py:57} INFO - Started process 8547 to run task
[2024-07-08T10:25:48.167+0000] {standard_task_runner.py:84} INFO - Running: ['***', 'tasks', 'run', 'reports_workflow', 'id_task_get_emails', 'scheduled__2024-07-08T06:30:00+00:00', '--job-id', '3946', '--raw', '--subdir', 'DAGS_FOLDER/dag_email_robot.py', '--cfg-path', '/tmp/tmpwsa5ma0p']
[2024-07-08T10:25:48.174+0000] {standard_task_runner.py:85} INFO - Job 3946: Subtask id_task_get_emails
[2024-07-08T10:25:48.362+0000] {task_command.py:415} INFO - Running <TaskInstance: reports_workflow.id_task_get_emails scheduled__2024-07-08T06:30:00+00:00 [running]> on host 6f4ef5488251
[2024-07-08T10:25:48.597+0000] {taskinstance.py:1660} INFO - Exporting env vars: AIRFLOW_CTX_DAG_OWNER='FIRDAVS' AIRFLOW_CTX_DAG_ID='reports_workflow' AIRFLOW_CTX_TASK_ID='id_task_get_emails' AIRFLOW_CTX_EXECUTION_DATE='2024-07-08T06:30:00+00:00' AIRFLOW_CTX_TRY_NUMBER='1' AIRFLOW_CTX_DAG_RUN_ID='scheduled__2024-07-08T06:30:00+00:00'
[2024-07-08T10:25:48.600+0000] {logging_mixin.py:151} INFO - path of config file:  /opt/***
[2024-07-08T10:25:48.601+0000] {logging_mixin.py:151} INFO - #>2024-07-08 10:25:48.601342_User@StatDep: EmailRobot in screated.
[2024-07-08T10:25:48.602+0000] {logging_mixin.py:151} INFO - #>2024-07-08 10:25:48.602334_User@StatDep: get_for_recent_emails is started...
[2024-07-08T10:25:48.603+0000] {logging_mixin.py:151} INFO - #>2024-07-08 10:25:48.603383_User@StatDep: pop3_fetch_emails isstarted...
[2024-07-08T10:25:48.967+0000] {logging_mixin.py:151} INFO -    b'+OK'
[2024-07-08T10:25:49.234+0000] {logging_mixin.py:151} INFO -    mailbox have 0 emails and the robot can process 10
[2024-07-08T10:25:49.234+0000] {logging_mixin.py:151} INFO - #>2024-07-08 10:25:49.234762_User@StatDep: no emails to process, exiting pop3_fetch_emails()...
[2024-07-08T10:25:49.235+0000] {python.py:194} INFO - Done. Returned value was: True
[2024-07-08T10:25:49.276+0000] {taskinstance.py:1400} INFO - Marking task as SUCCESS. dag_id=reports_workflow, task_id=id_task_get_emails, execution_date=20240708T063000, start_date=20240708T102548, end_date=20240708T102549
[2024-07-08T10:25:49.318+0000] {local_task_job_runner.py:228} INFO - Task exited with return code 0
[2024-07-08T10:25:49.369+0000] {taskinstance.py:2784} INFO - 1 downstream tasks scheduled from follow-on schedule check
[2024-07-08T10:26:56.257+0000] {taskinstance.py:1159} INFO - Dependencies all met for dep_context=non-requeueable deps ti=<TaskInstance: reports_workflow.id_task_get_emails scheduled__2024-07-08T06:30:00+00:00 [queued]>
[2024-07-08T10:26:56.286+0000] {taskinstance.py:1159} INFO - Dependencies all met for dep_context=requeueable deps ti=<TaskInstance: reports_workflow.id_task_get_emails scheduled__2024-07-08T06:30:00+00:00 [queued]>
[2024-07-08T10:26:56.286+0000] {taskinstance.py:1361} INFO - Starting attempt 1 of 2
[2024-07-08T10:26:56.322+0000] {taskinstance.py:1382} INFO - Executing <Task(PythonOperator): id_task_get_emails> on 2024-07-08 06:30:00+00:00
[2024-07-08T10:26:56.328+0000] {standard_task_runner.py:57} INFO - Started process 8719 to run task
[2024-07-08T10:26:56.339+0000] {standard_task_runner.py:84} INFO - Running: ['***', 'tasks', 'run', 'reports_workflow', 'id_task_get_emails', 'scheduled__2024-07-08T06:30:00+00:00', '--job-id', '4002', '--raw', '--subdir', 'DAGS_FOLDER/dag_email_robot.py', '--cfg-path', '/tmp/tmpobg6s1h2']
[2024-07-08T10:26:56.347+0000] {standard_task_runner.py:85} INFO - Job 4002: Subtask id_task_get_emails
[2024-07-08T10:26:56.528+0000] {task_command.py:415} INFO - Running <TaskInstance: reports_workflow.id_task_get_emails scheduled__2024-07-08T06:30:00+00:00 [running]> on host 6f4ef5488251
[2024-07-08T10:26:56.746+0000] {taskinstance.py:1660} INFO - Exporting env vars: AIRFLOW_CTX_DAG_OWNER='FIRDAVS' AIRFLOW_CTX_DAG_ID='reports_workflow' AIRFLOW_CTX_TASK_ID='id_task_get_emails' AIRFLOW_CTX_EXECUTION_DATE='2024-07-08T06:30:00+00:00' AIRFLOW_CTX_TRY_NUMBER='1' AIRFLOW_CTX_DAG_RUN_ID='scheduled__2024-07-08T06:30:00+00:00'
[2024-07-08T10:26:56.748+0000] {logging_mixin.py:151} INFO - path of config file:  /opt/***
[2024-07-08T10:26:56.749+0000] {logging_mixin.py:151} INFO - #>2024-07-08 10:26:56.749096_User@StatDep: EmailRobot in screated.
[2024-07-08T10:26:56.749+0000] {logging_mixin.py:151} INFO - #>2024-07-08 10:26:56.749458_User@StatDep: get_for_recent_emails is started...
[2024-07-08T10:26:56.749+0000] {logging_mixin.py:151} INFO - #>2024-07-08 10:26:56.749768_User@StatDep: pop3_fetch_emails isstarted...
[2024-07-08T10:26:57.145+0000] {logging_mixin.py:151} INFO -    b'+OK'
[2024-07-08T10:26:57.470+0000] {logging_mixin.py:151} INFO -    mailbox have 0 emails and the robot can process 10
[2024-07-08T10:26:57.471+0000] {logging_mixin.py:151} INFO - #>2024-07-08 10:26:57.471328_User@StatDep: no emails to process, exiting pop3_fetch_emails()...
[2024-07-08T10:26:57.472+0000] {python.py:194} INFO - Done. Returned value was: True
[2024-07-08T10:26:57.506+0000] {taskinstance.py:1400} INFO - Marking task as SUCCESS. dag_id=reports_workflow, task_id=id_task_get_emails, execution_date=20240708T063000, start_date=20240708T102656, end_date=20240708T102657
[2024-07-08T10:26:57.550+0000] {local_task_job_runner.py:228} INFO - Task exited with return code 0
[2024-07-08T10:26:57.579+0000] {taskinstance.py:2784} INFO - 1 downstream tasks scheduled from follow-on schedule check
