[2024-07-04T05:08:18.255+0000] {taskinstance.py:1159} INFO - Dependencies all met for dep_context=non-requeueable deps ti=<TaskInstance: reports_workflow.id_task_get_emails scheduled__2024-07-04T04:35:00+00:00 [queued]>
[2024-07-04T05:08:18.267+0000] {taskinstance.py:1159} INFO - Dependencies all met for dep_context=requeueable deps ti=<TaskInstance: reports_workflow.id_task_get_emails scheduled__2024-07-04T04:35:00+00:00 [queued]>
[2024-07-04T05:08:18.267+0000] {taskinstance.py:1361} INFO - Starting attempt 1 of 2
[2024-07-04T05:08:18.290+0000] {taskinstance.py:1382} INFO - Executing <Task(PythonOperator): id_task_get_emails> on 2024-07-04 04:35:00+00:00
[2024-07-04T05:08:18.299+0000] {standard_task_runner.py:57} INFO - Started process 42216 to run task
[2024-07-04T05:08:18.318+0000] {standard_task_runner.py:84} INFO - Running: ['***', 'tasks', 'run', 'reports_workflow', 'id_task_get_emails', 'scheduled__2024-07-04T04:35:00+00:00', '--job-id', '2404', '--raw', '--subdir', 'DAGS_FOLDER/dag_email_robot.py', '--cfg-path', '/tmp/tmpzp6vfc_q']
[2024-07-04T05:08:18.325+0000] {standard_task_runner.py:85} INFO - Job 2404: Subtask id_task_get_emails
[2024-07-04T05:08:18.443+0000] {task_command.py:415} INFO - Running <TaskInstance: reports_workflow.id_task_get_emails scheduled__2024-07-04T04:35:00+00:00 [running]> on host 6f4ef5488251
[2024-07-04T05:08:18.588+0000] {taskinstance.py:1660} INFO - Exporting env vars: AIRFLOW_CTX_DAG_OWNER='FIRDAVS' AIRFLOW_CTX_DAG_ID='reports_workflow' AIRFLOW_CTX_TASK_ID='id_task_get_emails' AIRFLOW_CTX_EXECUTION_DATE='2024-07-04T04:35:00+00:00' AIRFLOW_CTX_TRY_NUMBER='1' AIRFLOW_CTX_DAG_RUN_ID='scheduled__2024-07-04T04:35:00+00:00'
[2024-07-04T05:08:18.591+0000] {logging_mixin.py:151} INFO - path of config file:  /opt/***
[2024-07-04T05:08:18.592+0000] {logging_mixin.py:151} INFO - #>2024-07-04 05:08:18.592554_User@StatDep: EmailRobot in screated.
[2024-07-04T05:08:18.592+0000] {logging_mixin.py:151} INFO - #>2024-07-04 05:08:18.592744_User@StatDep: get_for_recent_emails is started...
[2024-07-04T05:08:18.592+0000] {logging_mixin.py:151} INFO - #>2024-07-04 05:08:18.592868_User@StatDep: pop3_fetch_emails isstarted...
[2024-07-04T05:08:18.986+0000] {logging_mixin.py:151} INFO -    b'+OK'
[2024-07-04T05:08:19.311+0000] {logging_mixin.py:151} INFO -    mailbox have 0 emails and the robot can process 10
[2024-07-04T05:08:19.312+0000] {logging_mixin.py:151} INFO - #>2024-07-04 05:08:19.312523_User@StatDep: no emails to process, exiting pop3_fetch_emails()...
[2024-07-04T05:08:19.314+0000] {python.py:194} INFO - Done. Returned value was: True
[2024-07-04T05:08:19.342+0000] {taskinstance.py:1400} INFO - Marking task as SUCCESS. dag_id=reports_workflow, task_id=id_task_get_emails, execution_date=20240704T043500, start_date=20240704T050818, end_date=20240704T050819
[2024-07-04T05:08:19.367+0000] {local_task_job_runner.py:228} INFO - Task exited with return code 0
[2024-07-04T05:08:19.400+0000] {taskinstance.py:2784} INFO - 1 downstream tasks scheduled from follow-on schedule check
[2024-07-04T05:31:40.577+0000] {taskinstance.py:1159} INFO - Dependencies all met for dep_context=non-requeueable deps ti=<TaskInstance: reports_workflow.id_task_get_emails scheduled__2024-07-04T04:35:00+00:00 [queued]>
[2024-07-04T05:31:40.596+0000] {taskinstance.py:1159} INFO - Dependencies all met for dep_context=requeueable deps ti=<TaskInstance: reports_workflow.id_task_get_emails scheduled__2024-07-04T04:35:00+00:00 [queued]>
[2024-07-04T05:31:40.603+0000] {taskinstance.py:1361} INFO - Starting attempt 1 of 2
[2024-07-04T05:31:40.652+0000] {taskinstance.py:1382} INFO - Executing <Task(PythonOperator): id_task_get_emails> on 2024-07-04 04:35:00+00:00
[2024-07-04T05:31:40.670+0000] {standard_task_runner.py:57} INFO - Started process 42654 to run task
[2024-07-04T05:31:40.697+0000] {standard_task_runner.py:84} INFO - Running: ['***', 'tasks', 'run', 'reports_workflow', 'id_task_get_emails', 'scheduled__2024-07-04T04:35:00+00:00', '--job-id', '2442', '--raw', '--subdir', 'DAGS_FOLDER/dag_email_robot.py', '--cfg-path', '/tmp/tmpg6m4cnnl']
[2024-07-04T05:31:40.714+0000] {standard_task_runner.py:85} INFO - Job 2442: Subtask id_task_get_emails
[2024-07-04T05:31:40.819+0000] {task_command.py:415} INFO - Running <TaskInstance: reports_workflow.id_task_get_emails scheduled__2024-07-04T04:35:00+00:00 [running]> on host 6f4ef5488251
[2024-07-04T05:31:41.027+0000] {taskinstance.py:1660} INFO - Exporting env vars: AIRFLOW_CTX_DAG_OWNER='FIRDAVS' AIRFLOW_CTX_DAG_ID='reports_workflow' AIRFLOW_CTX_TASK_ID='id_task_get_emails' AIRFLOW_CTX_EXECUTION_DATE='2024-07-04T04:35:00+00:00' AIRFLOW_CTX_TRY_NUMBER='1' AIRFLOW_CTX_DAG_RUN_ID='scheduled__2024-07-04T04:35:00+00:00'
[2024-07-04T05:31:41.028+0000] {logging_mixin.py:151} INFO - path of config file:  /opt/***
[2024-07-04T05:31:41.029+0000] {logging_mixin.py:151} INFO - #>2024-07-04 05:31:41.029254_User@StatDep: EmailRobot in screated.
[2024-07-04T05:31:41.029+0000] {logging_mixin.py:151} INFO - #>2024-07-04 05:31:41.029460_User@StatDep: get_for_recent_emails is started...
[2024-07-04T05:31:41.029+0000] {logging_mixin.py:151} INFO - #>2024-07-04 05:31:41.029601_User@StatDep: pop3_fetch_emails isstarted...
[2024-07-04T05:31:41.411+0000] {logging_mixin.py:151} INFO -    b'+OK'
[2024-07-04T05:31:41.778+0000] {logging_mixin.py:151} INFO -    mailbox have 0 emails and the robot can process 10
[2024-07-04T05:31:41.778+0000] {logging_mixin.py:151} INFO - #>2024-07-04 05:31:41.778639_User@StatDep: no emails to process, exiting pop3_fetch_emails()...
[2024-07-04T05:31:41.779+0000] {python.py:194} INFO - Done. Returned value was: True
[2024-07-04T05:31:41.820+0000] {taskinstance.py:1400} INFO - Marking task as SUCCESS. dag_id=reports_workflow, task_id=id_task_get_emails, execution_date=20240704T043500, start_date=20240704T053140, end_date=20240704T053141
[2024-07-04T05:31:41.867+0000] {local_task_job_runner.py:228} INFO - Task exited with return code 0
[2024-07-04T05:31:41.926+0000] {taskinstance.py:2784} INFO - 1 downstream tasks scheduled from follow-on schedule check
[2024-07-04T05:34:54.238+0000] {taskinstance.py:1159} INFO - Dependencies all met for dep_context=non-requeueable deps ti=<TaskInstance: reports_workflow.id_task_get_emails scheduled__2024-07-04T04:35:00+00:00 [queued]>
[2024-07-04T05:34:54.328+0000] {taskinstance.py:1159} INFO - Dependencies all met for dep_context=requeueable deps ti=<TaskInstance: reports_workflow.id_task_get_emails scheduled__2024-07-04T04:35:00+00:00 [queued]>
[2024-07-04T05:34:54.328+0000] {taskinstance.py:1361} INFO - Starting attempt 1 of 2
[2024-07-04T05:34:54.349+0000] {taskinstance.py:1382} INFO - Executing <Task(PythonOperator): id_task_get_emails> on 2024-07-04 04:35:00+00:00
[2024-07-04T05:34:54.368+0000] {standard_task_runner.py:57} INFO - Started process 42807 to run task
[2024-07-04T05:34:54.379+0000] {standard_task_runner.py:84} INFO - Running: ['***', 'tasks', 'run', 'reports_workflow', 'id_task_get_emails', 'scheduled__2024-07-04T04:35:00+00:00', '--job-id', '2496', '--raw', '--subdir', 'DAGS_FOLDER/dag_email_robot.py', '--cfg-path', '/tmp/tmpsfftdm1w']
[2024-07-04T05:34:54.385+0000] {standard_task_runner.py:85} INFO - Job 2496: Subtask id_task_get_emails
[2024-07-04T05:34:54.487+0000] {task_command.py:415} INFO - Running <TaskInstance: reports_workflow.id_task_get_emails scheduled__2024-07-04T04:35:00+00:00 [running]> on host 6f4ef5488251
[2024-07-04T05:34:54.622+0000] {taskinstance.py:1660} INFO - Exporting env vars: AIRFLOW_CTX_DAG_OWNER='FIRDAVS' AIRFLOW_CTX_DAG_ID='reports_workflow' AIRFLOW_CTX_TASK_ID='id_task_get_emails' AIRFLOW_CTX_EXECUTION_DATE='2024-07-04T04:35:00+00:00' AIRFLOW_CTX_TRY_NUMBER='1' AIRFLOW_CTX_DAG_RUN_ID='scheduled__2024-07-04T04:35:00+00:00'
[2024-07-04T05:34:54.622+0000] {logging_mixin.py:151} INFO - path of config file:  /opt/***
[2024-07-04T05:34:54.623+0000] {logging_mixin.py:151} INFO - #>2024-07-04 05:34:54.623423_User@StatDep: EmailRobot in screated.
[2024-07-04T05:34:54.623+0000] {logging_mixin.py:151} INFO - #>2024-07-04 05:34:54.623609_User@StatDep: get_for_recent_emails is started...
[2024-07-04T05:34:54.623+0000] {logging_mixin.py:151} INFO - #>2024-07-04 05:34:54.623736_User@StatDep: pop3_fetch_emails isstarted...
[2024-07-04T05:34:55.014+0000] {logging_mixin.py:151} INFO -    b'+OK'
[2024-07-04T05:34:55.339+0000] {logging_mixin.py:151} INFO -    mailbox have 0 emails and the robot can process 10
[2024-07-04T05:34:55.340+0000] {logging_mixin.py:151} INFO - #>2024-07-04 05:34:55.340557_User@StatDep: no emails to process, exiting pop3_fetch_emails()...
[2024-07-04T05:34:55.341+0000] {python.py:194} INFO - Done. Returned value was: True
[2024-07-04T05:34:55.380+0000] {taskinstance.py:1400} INFO - Marking task as SUCCESS. dag_id=reports_workflow, task_id=id_task_get_emails, execution_date=20240704T043500, start_date=20240704T053454, end_date=20240704T053455
[2024-07-04T05:34:55.402+0000] {local_task_job_runner.py:228} INFO - Task exited with return code 0
[2024-07-04T05:34:55.435+0000] {taskinstance.py:2784} INFO - 1 downstream tasks scheduled from follow-on schedule check
