[2024-07-03T09:59:36.332+0000] {taskinstance.py:1159} INFO - Dependencies all met for dep_context=non-requeueable deps ti=<TaskInstance: reports_workflow.id_task_get_emails scheduled__2024-07-03T05:10:00+00:00 [queued]>
[2024-07-03T09:59:36.343+0000] {taskinstance.py:1159} INFO - Dependencies all met for dep_context=requeueable deps ti=<TaskInstance: reports_workflow.id_task_get_emails scheduled__2024-07-03T05:10:00+00:00 [queued]>
[2024-07-03T09:59:36.343+0000] {taskinstance.py:1361} INFO - Starting attempt 1 of 1
[2024-07-03T09:59:36.372+0000] {taskinstance.py:1382} INFO - Executing <Task(PythonOperator): id_task_get_emails> on 2024-07-03 05:10:00+00:00
[2024-07-03T09:59:36.382+0000] {standard_task_runner.py:57} INFO - Started process 21066 to run task
[2024-07-03T09:59:36.386+0000] {standard_task_runner.py:84} INFO - Running: ['***', 'tasks', 'run', 'reports_workflow', 'id_task_get_emails', 'scheduled__2024-07-03T05:10:00+00:00', '--job-id', '597', '--raw', '--subdir', 'DAGS_FOLDER/dag_email_robot.py', '--cfg-path', '/tmp/tmp64nzleul']
[2024-07-03T09:59:36.387+0000] {standard_task_runner.py:85} INFO - Job 597: Subtask id_task_get_emails
[2024-07-03T09:59:36.502+0000] {task_command.py:415} INFO - Running <TaskInstance: reports_workflow.id_task_get_emails scheduled__2024-07-03T05:10:00+00:00 [running]> on host 6f4ef5488251
[2024-07-03T09:59:37.511+0000] {taskinstance.py:1660} INFO - Exporting env vars: AIRFLOW_CTX_DAG_OWNER='FIRDAVS' AIRFLOW_CTX_DAG_ID='reports_workflow' AIRFLOW_CTX_TASK_ID='id_task_get_emails' AIRFLOW_CTX_EXECUTION_DATE='2024-07-03T05:10:00+00:00' AIRFLOW_CTX_TRY_NUMBER='1' AIRFLOW_CTX_DAG_RUN_ID='scheduled__2024-07-03T05:10:00+00:00'
[2024-07-03T09:59:37.513+0000] {logging_mixin.py:151} INFO - path of config file:  /opt/***
[2024-07-03T09:59:37.514+0000] {logging_mixin.py:151} INFO - #>2024-07-03 09:59:37.514582_User@StatDep: EmailRobot in screated.
[2024-07-03T09:59:37.515+0000] {logging_mixin.py:151} INFO - #>2024-07-03 09:59:37.515078_User@StatDep: get_for_recent_emails is started...
[2024-07-03T09:59:37.515+0000] {logging_mixin.py:151} INFO - #>2024-07-03 09:59:37.515478_User@StatDep: pop3_fetch_emails isstarted...
[2024-07-03T09:59:37.916+0000] {logging_mixin.py:151} INFO -    b'+OK'
[2024-07-03T09:59:38.244+0000] {logging_mixin.py:151} INFO -    mailbox have 0 emails and the robot can process 10
[2024-07-03T09:59:38.244+0000] {logging_mixin.py:151} INFO - #>2024-07-03 09:59:38.244700_User@StatDep: no emails to process, exiting pop3_fetch_emails()...
[2024-07-03T09:59:38.245+0000] {python.py:194} INFO - Done. Returned value was: True
[2024-07-03T09:59:38.400+0000] {taskinstance.py:1400} INFO - Marking task as SUCCESS. dag_id=reports_workflow, task_id=id_task_get_emails, execution_date=20240703T051000, start_date=20240703T095936, end_date=20240703T095938
[2024-07-03T09:59:38.418+0000] {local_task_job_runner.py:228} INFO - Task exited with return code 0
[2024-07-03T09:59:38.433+0000] {taskinstance.py:2784} INFO - 0 downstream tasks scheduled from follow-on schedule check
[2024-07-03T13:40:10.334+0000] {taskinstance.py:1159} INFO - Dependencies all met for dep_context=non-requeueable deps ti=<TaskInstance: reports_workflow.id_task_get_emails scheduled__2024-07-03T05:10:00+00:00 [queued]>
[2024-07-03T13:40:10.347+0000] {taskinstance.py:1159} INFO - Dependencies all met for dep_context=requeueable deps ti=<TaskInstance: reports_workflow.id_task_get_emails scheduled__2024-07-03T05:10:00+00:00 [queued]>
[2024-07-03T13:40:10.354+0000] {taskinstance.py:1361} INFO - Starting attempt 1 of 1
[2024-07-03T13:40:10.379+0000] {taskinstance.py:1382} INFO - Executing <Task(PythonOperator): id_task_get_emails> on 2024-07-03 05:10:00+00:00
[2024-07-03T13:40:10.405+0000] {standard_task_runner.py:57} INFO - Started process 26368 to run task
[2024-07-03T13:40:10.418+0000] {standard_task_runner.py:84} INFO - Running: ['***', 'tasks', 'run', 'reports_workflow', 'id_task_get_emails', 'scheduled__2024-07-03T05:10:00+00:00', '--job-id', '1576', '--raw', '--subdir', 'DAGS_FOLDER/dag_email_robot.py', '--cfg-path', '/tmp/tmpowygsakm']
[2024-07-03T13:40:10.419+0000] {standard_task_runner.py:85} INFO - Job 1576: Subtask id_task_get_emails
[2024-07-03T13:40:10.524+0000] {task_command.py:415} INFO - Running <TaskInstance: reports_workflow.id_task_get_emails scheduled__2024-07-03T05:10:00+00:00 [running]> on host 6f4ef5488251
[2024-07-03T13:40:10.739+0000] {taskinstance.py:1660} INFO - Exporting env vars: AIRFLOW_CTX_DAG_OWNER='FIRDAVS' AIRFLOW_CTX_DAG_ID='reports_workflow' AIRFLOW_CTX_TASK_ID='id_task_get_emails' AIRFLOW_CTX_EXECUTION_DATE='2024-07-03T05:10:00+00:00' AIRFLOW_CTX_TRY_NUMBER='1' AIRFLOW_CTX_DAG_RUN_ID='scheduled__2024-07-03T05:10:00+00:00'
[2024-07-03T13:40:10.740+0000] {logging_mixin.py:151} INFO - path of config file:  /opt/***
[2024-07-03T13:40:10.740+0000] {logging_mixin.py:151} INFO - #>2024-07-03 13:40:10.740872_User@StatDep: EmailRobot in screated.
[2024-07-03T13:40:10.741+0000] {logging_mixin.py:151} INFO - #>2024-07-03 13:40:10.741064_User@StatDep: get_for_recent_emails is started...
[2024-07-03T13:40:10.741+0000] {logging_mixin.py:151} INFO - #>2024-07-03 13:40:10.741207_User@StatDep: pop3_fetch_emails isstarted...
[2024-07-03T13:40:11.111+0000] {logging_mixin.py:151} INFO -    b'+OK'
[2024-07-03T13:40:11.398+0000] {logging_mixin.py:151} INFO -    mailbox have 0 emails and the robot can process 10
[2024-07-03T13:40:11.399+0000] {logging_mixin.py:151} INFO - #>2024-07-03 13:40:11.399096_User@StatDep: no emails to process, exiting pop3_fetch_emails()...
[2024-07-03T13:40:11.399+0000] {python.py:194} INFO - Done. Returned value was: True
[2024-07-03T13:40:11.443+0000] {taskinstance.py:1400} INFO - Marking task as SUCCESS. dag_id=reports_workflow, task_id=id_task_get_emails, execution_date=20240703T051000, start_date=20240703T134010, end_date=20240703T134011
[2024-07-03T13:40:11.488+0000] {local_task_job_runner.py:228} INFO - Task exited with return code 0
[2024-07-03T13:40:11.523+0000] {taskinstance.py:2784} INFO - 1 downstream tasks scheduled from follow-on schedule check
