[2024-07-03T09:57:42.895+0000] {taskinstance.py:1159} INFO - Dependencies all met for dep_context=non-requeueable deps ti=<TaskInstance: reports_workflow.id_task_get_emails scheduled__2024-07-02T11:10:00+00:00 [queued]>
[2024-07-03T09:57:42.904+0000] {taskinstance.py:1159} INFO - Dependencies all met for dep_context=requeueable deps ti=<TaskInstance: reports_workflow.id_task_get_emails scheduled__2024-07-02T11:10:00+00:00 [queued]>
[2024-07-03T09:57:42.904+0000] {taskinstance.py:1361} INFO - Starting attempt 1 of 1
[2024-07-03T09:57:42.917+0000] {taskinstance.py:1382} INFO - Executing <Task(PythonOperator): id_task_get_emails> on 2024-07-02 11:10:00+00:00
[2024-07-03T09:57:42.925+0000] {standard_task_runner.py:57} INFO - Started process 20599 to run task
[2024-07-03T09:57:42.932+0000] {standard_task_runner.py:84} INFO - Running: ['***', 'tasks', 'run', 'reports_workflow', 'id_task_get_emails', 'scheduled__2024-07-02T11:10:00+00:00', '--job-id', '379', '--raw', '--subdir', 'DAGS_FOLDER/dag_email_robot.py', '--cfg-path', '/tmp/tmp91l5ht_r']
[2024-07-03T09:57:42.933+0000] {standard_task_runner.py:85} INFO - Job 379: Subtask id_task_get_emails
[2024-07-03T09:57:42.984+0000] {task_command.py:415} INFO - Running <TaskInstance: reports_workflow.id_task_get_emails scheduled__2024-07-02T11:10:00+00:00 [running]> on host 6f4ef5488251
[2024-07-03T09:57:43.059+0000] {taskinstance.py:1660} INFO - Exporting env vars: AIRFLOW_CTX_DAG_OWNER='FIRDAVS' AIRFLOW_CTX_DAG_ID='reports_workflow' AIRFLOW_CTX_TASK_ID='id_task_get_emails' AIRFLOW_CTX_EXECUTION_DATE='2024-07-02T11:10:00+00:00' AIRFLOW_CTX_TRY_NUMBER='1' AIRFLOW_CTX_DAG_RUN_ID='scheduled__2024-07-02T11:10:00+00:00'
[2024-07-03T09:57:43.060+0000] {logging_mixin.py:151} INFO - path of config file:  /opt/***
[2024-07-03T09:57:43.060+0000] {taskinstance.py:1943} ERROR - Task failed with exception
Traceback (most recent call last):
  File "/home/airflow/.local/lib/python3.8/site-packages/airflow/operators/python.py", line 192, in execute
    return_value = self.execute_callable()
  File "/home/airflow/.local/lib/python3.8/site-packages/airflow/operators/python.py", line 209, in execute_callable
    return self.python_callable(*self.op_args, **self.op_kwargs)
  File "/opt/airflow/dags/dag_email_robot.py", line 22, in get_emails
    email_conf = json.load (open(path / ("config/email_conf.json")))
NameError: name 'json' is not defined
[2024-07-03T09:57:43.069+0000] {taskinstance.py:1400} INFO - Marking task as FAILED. dag_id=reports_workflow, task_id=id_task_get_emails, execution_date=20240702T111000, start_date=20240703T095742, end_date=20240703T095743
[2024-07-03T09:57:43.084+0000] {standard_task_runner.py:104} ERROR - Failed to execute job 379 for task id_task_get_emails (name 'json' is not defined; 20599)
[2024-07-03T09:57:43.102+0000] {local_task_job_runner.py:228} INFO - Task exited with return code 1
[2024-07-03T09:57:43.124+0000] {taskinstance.py:2784} INFO - 0 downstream tasks scheduled from follow-on schedule check
[2024-07-03T12:05:12.240+0000] {taskinstance.py:1159} INFO - Dependencies all met for dep_context=non-requeueable deps ti=<TaskInstance: reports_workflow.id_task_get_emails scheduled__2024-07-02T11:10:00+00:00 [queued]>
[2024-07-03T12:05:12.252+0000] {taskinstance.py:1159} INFO - Dependencies all met for dep_context=requeueable deps ti=<TaskInstance: reports_workflow.id_task_get_emails scheduled__2024-07-02T11:10:00+00:00 [queued]>
[2024-07-03T12:05:12.252+0000] {taskinstance.py:1361} INFO - Starting attempt 1 of 1
[2024-07-03T12:05:12.328+0000] {taskinstance.py:1382} INFO - Executing <Task(PythonOperator): id_task_get_emails> on 2024-07-02 11:10:00+00:00
[2024-07-03T12:05:12.334+0000] {standard_task_runner.py:57} INFO - Started process 23419 to run task
[2024-07-03T12:05:12.341+0000] {standard_task_runner.py:84} INFO - Running: ['***', 'tasks', 'run', 'reports_workflow', 'id_task_get_emails', 'scheduled__2024-07-02T11:10:00+00:00', '--job-id', '820', '--raw', '--subdir', 'DAGS_FOLDER/dag_email_robot.py', '--cfg-path', '/tmp/tmppos01yc7']
[2024-07-03T12:05:12.343+0000] {standard_task_runner.py:85} INFO - Job 820: Subtask id_task_get_emails
[2024-07-03T12:05:12.409+0000] {task_command.py:415} INFO - Running <TaskInstance: reports_workflow.id_task_get_emails scheduled__2024-07-02T11:10:00+00:00 [running]> on host 6f4ef5488251
[2024-07-03T12:05:12.518+0000] {taskinstance.py:1660} INFO - Exporting env vars: AIRFLOW_CTX_DAG_OWNER='FIRDAVS' AIRFLOW_CTX_DAG_ID='reports_workflow' AIRFLOW_CTX_TASK_ID='id_task_get_emails' AIRFLOW_CTX_EXECUTION_DATE='2024-07-02T11:10:00+00:00' AIRFLOW_CTX_TRY_NUMBER='1' AIRFLOW_CTX_DAG_RUN_ID='scheduled__2024-07-02T11:10:00+00:00'
[2024-07-03T12:05:12.519+0000] {logging_mixin.py:151} INFO - path of config file:  /opt/***
[2024-07-03T12:05:12.519+0000] {logging_mixin.py:151} INFO - #>2024-07-03 12:05:12.519870_User@StatDep: EmailRobot in screated.
[2024-07-03T12:05:12.520+0000] {logging_mixin.py:151} INFO - #>2024-07-03 12:05:12.520108_User@StatDep: get_for_recent_emails is started...
[2024-07-03T12:05:12.520+0000] {logging_mixin.py:151} INFO - #>2024-07-03 12:05:12.520266_User@StatDep: pop3_fetch_emails isstarted...
[2024-07-03T12:05:12.886+0000] {logging_mixin.py:151} INFO -    b'+OK'
[2024-07-03T12:05:13.296+0000] {logging_mixin.py:151} INFO -    mailbox have 1 emails and the robot can process 10
[2024-07-03T12:05:13.741+0000] {logging_mixin.py:151} INFO -    #>2024-07-03 12:05:13.741431_conneciton to db is set.
[2024-07-03T12:05:13.755+0000] {taskinstance.py:1943} ERROR - Task failed with exception
Traceback (most recent call last):
  File "/home/airflow/.local/lib/python3.8/site-packages/airflow/operators/python.py", line 192, in execute
    return_value = self.execute_callable()
  File "/home/airflow/.local/lib/python3.8/site-packages/airflow/operators/python.py", line 209, in execute_callable
    return self.python_callable(*self.op_args, **self.op_kwargs)
  File "/opt/airflow/dags/dag_email_robot.py", line 25, in get_emails
    robot.fetch_emails()
  File "/opt/airflow/dags/emailRobot.py", line 62, in fetch_emails
    return self.pop3_fetch_emails()
  File "/opt/airflow/dags/emailRobot.py", line 156, in pop3_fetch_emails
    cursor.execute (query, insert_values)
psycopg2.errors.UndefinedTable: relation "sma_stat_dep.tbl_file_upload" does not exist
LINE 1: ...) AS (INSERT INTO                                 sma_stat_d...
                                                             ^

[2024-07-03T12:05:13.769+0000] {taskinstance.py:1400} INFO - Marking task as FAILED. dag_id=reports_workflow, task_id=id_task_get_emails, execution_date=20240702T111000, start_date=20240703T120512, end_date=20240703T120513
[2024-07-03T12:05:13.786+0000] {standard_task_runner.py:104} ERROR - Failed to execute job 820 for task id_task_get_emails (relation "sma_stat_dep.tbl_file_upload" does not exist
LINE 1: ...) AS (INSERT INTO                                 sma_stat_d...
                                                             ^
; 23419)
[2024-07-03T12:05:13.802+0000] {local_task_job_runner.py:228} INFO - Task exited with return code 1
[2024-07-03T12:05:13.826+0000] {taskinstance.py:2784} INFO - 0 downstream tasks scheduled from follow-on schedule check
[2024-07-03T12:24:02.026+0000] {taskinstance.py:1159} INFO - Dependencies all met for dep_context=non-requeueable deps ti=<TaskInstance: reports_workflow.id_task_get_emails scheduled__2024-07-02T11:10:00+00:00 [queued]>
[2024-07-03T12:24:02.039+0000] {taskinstance.py:1159} INFO - Dependencies all met for dep_context=requeueable deps ti=<TaskInstance: reports_workflow.id_task_get_emails scheduled__2024-07-02T11:10:00+00:00 [queued]>
[2024-07-03T12:24:02.045+0000] {taskinstance.py:1361} INFO - Starting attempt 1 of 1
[2024-07-03T12:24:02.058+0000] {taskinstance.py:1382} INFO - Executing <Task(PythonOperator): id_task_get_emails> on 2024-07-02 11:10:00+00:00
[2024-07-03T12:24:02.063+0000] {standard_task_runner.py:57} INFO - Started process 24361 to run task
[2024-07-03T12:24:02.070+0000] {standard_task_runner.py:84} INFO - Running: ['***', 'tasks', 'run', 'reports_workflow', 'id_task_get_emails', 'scheduled__2024-07-02T11:10:00+00:00', '--job-id', '1150', '--raw', '--subdir', 'DAGS_FOLDER/dag_email_robot.py', '--cfg-path', '/tmp/tmpsabklo7w']
[2024-07-03T12:24:02.072+0000] {standard_task_runner.py:85} INFO - Job 1150: Subtask id_task_get_emails
[2024-07-03T12:24:02.122+0000] {task_command.py:415} INFO - Running <TaskInstance: reports_workflow.id_task_get_emails scheduled__2024-07-02T11:10:00+00:00 [running]> on host 6f4ef5488251
[2024-07-03T12:24:02.190+0000] {taskinstance.py:1660} INFO - Exporting env vars: AIRFLOW_CTX_DAG_OWNER='FIRDAVS' AIRFLOW_CTX_DAG_ID='reports_workflow' AIRFLOW_CTX_TASK_ID='id_task_get_emails' AIRFLOW_CTX_EXECUTION_DATE='2024-07-02T11:10:00+00:00' AIRFLOW_CTX_TRY_NUMBER='1' AIRFLOW_CTX_DAG_RUN_ID='scheduled__2024-07-02T11:10:00+00:00'
[2024-07-03T12:24:02.191+0000] {logging_mixin.py:151} INFO - path of config file:  /opt/***
[2024-07-03T12:24:02.191+0000] {logging_mixin.py:151} INFO - #>2024-07-03 12:24:02.191641_User@StatDep: EmailRobot in screated.
[2024-07-03T12:24:02.191+0000] {logging_mixin.py:151} INFO - #>2024-07-03 12:24:02.191838_User@StatDep: get_for_recent_emails is started...
[2024-07-03T12:24:02.192+0000] {logging_mixin.py:151} INFO - #>2024-07-03 12:24:02.192002_User@StatDep: pop3_fetch_emails isstarted...
[2024-07-03T12:24:02.560+0000] {logging_mixin.py:151} INFO -    b'+OK'
[2024-07-03T12:24:02.949+0000] {logging_mixin.py:151} INFO -    mailbox have 0 emails and the robot can process 10
[2024-07-03T12:24:02.950+0000] {logging_mixin.py:151} INFO - #>2024-07-03 12:24:02.950211_User@StatDep: no emails to process, exiting pop3_fetch_emails()...
[2024-07-03T12:24:02.951+0000] {python.py:194} INFO - Done. Returned value was: True
[2024-07-03T12:24:02.989+0000] {taskinstance.py:1400} INFO - Marking task as SUCCESS. dag_id=reports_workflow, task_id=id_task_get_emails, execution_date=20240702T111000, start_date=20240703T122402, end_date=20240703T122402
[2024-07-03T12:24:03.041+0000] {local_task_job_runner.py:228} INFO - Task exited with return code 0
[2024-07-03T12:24:03.076+0000] {taskinstance.py:2784} INFO - 1 downstream tasks scheduled from follow-on schedule check
[2024-07-03T14:47:03.346+0000] {taskinstance.py:1159} INFO - Dependencies all met for dep_context=non-requeueable deps ti=<TaskInstance: reports_workflow.id_task_get_emails scheduled__2024-07-02T11:10:00+00:00 [queued]>
[2024-07-03T14:47:03.378+0000] {taskinstance.py:1159} INFO - Dependencies all met for dep_context=requeueable deps ti=<TaskInstance: reports_workflow.id_task_get_emails scheduled__2024-07-02T11:10:00+00:00 [queued]>
[2024-07-03T14:47:03.379+0000] {taskinstance.py:1361} INFO - Starting attempt 1 of 2
[2024-07-03T14:47:03.446+0000] {taskinstance.py:1382} INFO - Executing <Task(PythonOperator): id_task_get_emails> on 2024-07-02 11:10:00+00:00
[2024-07-03T14:47:03.452+0000] {standard_task_runner.py:57} INFO - Started process 28483 to run task
[2024-07-03T14:47:03.468+0000] {standard_task_runner.py:84} INFO - Running: ['***', 'tasks', 'run', 'reports_workflow', 'id_task_get_emails', 'scheduled__2024-07-02T11:10:00+00:00', '--job-id', '2125', '--raw', '--subdir', 'DAGS_FOLDER/dag_email_robot.py', '--cfg-path', '/tmp/tmp2effzjvi']
[2024-07-03T14:47:03.469+0000] {standard_task_runner.py:85} INFO - Job 2125: Subtask id_task_get_emails
[2024-07-03T14:47:03.603+0000] {task_command.py:415} INFO - Running <TaskInstance: reports_workflow.id_task_get_emails scheduled__2024-07-02T11:10:00+00:00 [running]> on host 6f4ef5488251
[2024-07-03T14:47:03.786+0000] {taskinstance.py:1660} INFO - Exporting env vars: AIRFLOW_CTX_DAG_OWNER='FIRDAVS' AIRFLOW_CTX_DAG_ID='reports_workflow' AIRFLOW_CTX_TASK_ID='id_task_get_emails' AIRFLOW_CTX_EXECUTION_DATE='2024-07-02T11:10:00+00:00' AIRFLOW_CTX_TRY_NUMBER='1' AIRFLOW_CTX_DAG_RUN_ID='scheduled__2024-07-02T11:10:00+00:00'
[2024-07-03T14:47:03.787+0000] {logging_mixin.py:151} INFO - path of config file:  /opt/***
[2024-07-03T14:47:03.787+0000] {logging_mixin.py:151} INFO - #>2024-07-03 14:47:03.787767_User@StatDep: EmailRobot in screated.
[2024-07-03T14:47:03.787+0000] {logging_mixin.py:151} INFO - #>2024-07-03 14:47:03.787948_User@StatDep: get_for_recent_emails is started...
[2024-07-03T14:47:03.788+0000] {logging_mixin.py:151} INFO - #>2024-07-03 14:47:03.788084_User@StatDep: pop3_fetch_emails isstarted...
[2024-07-03T14:47:04.169+0000] {logging_mixin.py:151} INFO -    b'+OK'
[2024-07-03T14:47:04.505+0000] {logging_mixin.py:151} INFO -    mailbox have 0 emails and the robot can process 10
[2024-07-03T14:47:04.505+0000] {logging_mixin.py:151} INFO - #>2024-07-03 14:47:04.505316_User@StatDep: no emails to process, exiting pop3_fetch_emails()...
[2024-07-03T14:47:04.506+0000] {python.py:194} INFO - Done. Returned value was: True
[2024-07-03T14:47:04.576+0000] {taskinstance.py:1400} INFO - Marking task as SUCCESS. dag_id=reports_workflow, task_id=id_task_get_emails, execution_date=20240702T111000, start_date=20240703T144703, end_date=20240703T144704
[2024-07-03T14:47:04.611+0000] {local_task_job_runner.py:228} INFO - Task exited with return code 0
[2024-07-03T14:47:04.654+0000] {taskinstance.py:2784} INFO - 1 downstream tasks scheduled from follow-on schedule check
