[2024-07-03T09:57:08.439+0000] {taskinstance.py:1159} INFO - Dependencies all met for dep_context=non-requeueable deps ti=<TaskInstance: reports_workflow.id_task_get_emails scheduled__2024-07-02T05:55:00+00:00 [queued]>
[2024-07-03T09:57:08.457+0000] {taskinstance.py:1159} INFO - Dependencies all met for dep_context=requeueable deps ti=<TaskInstance: reports_workflow.id_task_get_emails scheduled__2024-07-02T05:55:00+00:00 [queued]>
[2024-07-03T09:57:08.458+0000] {taskinstance.py:1361} INFO - Starting attempt 1 of 1
[2024-07-03T09:57:08.474+0000] {taskinstance.py:1382} INFO - Executing <Task(PythonOperator): id_task_get_emails> on 2024-07-02 05:55:00+00:00
[2024-07-03T09:57:08.481+0000] {standard_task_runner.py:57} INFO - Started process 20464 to run task
[2024-07-03T09:57:08.493+0000] {standard_task_runner.py:84} INFO - Running: ['***', 'tasks', 'run', 'reports_workflow', 'id_task_get_emails', 'scheduled__2024-07-02T05:55:00+00:00', '--job-id', '315', '--raw', '--subdir', 'DAGS_FOLDER/dag_email_robot.py', '--cfg-path', '/tmp/tmp541xl5a1']
[2024-07-03T09:57:08.494+0000] {standard_task_runner.py:85} INFO - Job 315: Subtask id_task_get_emails
[2024-07-03T09:57:08.554+0000] {task_command.py:415} INFO - Running <TaskInstance: reports_workflow.id_task_get_emails scheduled__2024-07-02T05:55:00+00:00 [running]> on host 6f4ef5488251
[2024-07-03T09:57:08.646+0000] {taskinstance.py:1660} INFO - Exporting env vars: AIRFLOW_CTX_DAG_OWNER='FIRDAVS' AIRFLOW_CTX_DAG_ID='reports_workflow' AIRFLOW_CTX_TASK_ID='id_task_get_emails' AIRFLOW_CTX_EXECUTION_DATE='2024-07-02T05:55:00+00:00' AIRFLOW_CTX_TRY_NUMBER='1' AIRFLOW_CTX_DAG_RUN_ID='scheduled__2024-07-02T05:55:00+00:00'
[2024-07-03T09:57:08.647+0000] {logging_mixin.py:151} INFO - path of config file:  /opt/***
[2024-07-03T09:57:08.647+0000] {taskinstance.py:1943} ERROR - Task failed with exception
Traceback (most recent call last):
  File "/home/airflow/.local/lib/python3.8/site-packages/airflow/operators/python.py", line 192, in execute
    return_value = self.execute_callable()
  File "/home/airflow/.local/lib/python3.8/site-packages/airflow/operators/python.py", line 209, in execute_callable
    return self.python_callable(*self.op_args, **self.op_kwargs)
  File "/opt/airflow/dags/dag_email_robot.py", line 22, in get_emails
    email_conf = json.load (open(path / ("config/email_conf.json")))
NameError: name 'json' is not defined
[2024-07-03T09:57:08.656+0000] {taskinstance.py:1400} INFO - Marking task as FAILED. dag_id=reports_workflow, task_id=id_task_get_emails, execution_date=20240702T055500, start_date=20240703T095708, end_date=20240703T095708
[2024-07-03T09:57:08.668+0000] {standard_task_runner.py:104} ERROR - Failed to execute job 315 for task id_task_get_emails (name 'json' is not defined; 20464)
[2024-07-03T09:57:08.704+0000] {local_task_job_runner.py:228} INFO - Task exited with return code 1
[2024-07-03T09:57:08.722+0000] {taskinstance.py:2784} INFO - 0 downstream tasks scheduled from follow-on schedule check
[2024-07-03T12:04:45.663+0000] {taskinstance.py:1159} INFO - Dependencies all met for dep_context=non-requeueable deps ti=<TaskInstance: reports_workflow.id_task_get_emails scheduled__2024-07-02T05:55:00+00:00 [queued]>
[2024-07-03T12:04:45.691+0000] {taskinstance.py:1159} INFO - Dependencies all met for dep_context=requeueable deps ti=<TaskInstance: reports_workflow.id_task_get_emails scheduled__2024-07-02T05:55:00+00:00 [queued]>
[2024-07-03T12:04:45.692+0000] {taskinstance.py:1361} INFO - Starting attempt 1 of 1
[2024-07-03T12:04:45.703+0000] {taskinstance.py:1382} INFO - Executing <Task(PythonOperator): id_task_get_emails> on 2024-07-02 05:55:00+00:00
[2024-07-03T12:04:45.710+0000] {standard_task_runner.py:57} INFO - Started process 23286 to run task
[2024-07-03T12:04:45.714+0000] {standard_task_runner.py:84} INFO - Running: ['***', 'tasks', 'run', 'reports_workflow', 'id_task_get_emails', 'scheduled__2024-07-02T05:55:00+00:00', '--job-id', '757', '--raw', '--subdir', 'DAGS_FOLDER/dag_email_robot.py', '--cfg-path', '/tmp/tmpgq_hn4j7']
[2024-07-03T12:04:45.716+0000] {standard_task_runner.py:85} INFO - Job 757: Subtask id_task_get_emails
[2024-07-03T12:04:45.780+0000] {task_command.py:415} INFO - Running <TaskInstance: reports_workflow.id_task_get_emails scheduled__2024-07-02T05:55:00+00:00 [running]> on host 6f4ef5488251
[2024-07-03T12:04:45.907+0000] {taskinstance.py:1660} INFO - Exporting env vars: AIRFLOW_CTX_DAG_OWNER='FIRDAVS' AIRFLOW_CTX_DAG_ID='reports_workflow' AIRFLOW_CTX_TASK_ID='id_task_get_emails' AIRFLOW_CTX_EXECUTION_DATE='2024-07-02T05:55:00+00:00' AIRFLOW_CTX_TRY_NUMBER='1' AIRFLOW_CTX_DAG_RUN_ID='scheduled__2024-07-02T05:55:00+00:00'
[2024-07-03T12:04:45.910+0000] {logging_mixin.py:151} INFO - path of config file:  /opt/***
[2024-07-03T12:04:45.910+0000] {logging_mixin.py:151} INFO - #>2024-07-03 12:04:45.910836_User@StatDep: EmailRobot in screated.
[2024-07-03T12:04:45.911+0000] {logging_mixin.py:151} INFO - #>2024-07-03 12:04:45.911023_User@StatDep: get_for_recent_emails is started...
[2024-07-03T12:04:45.911+0000] {logging_mixin.py:151} INFO - #>2024-07-03 12:04:45.911159_User@StatDep: pop3_fetch_emails isstarted...
[2024-07-03T12:04:46.326+0000] {logging_mixin.py:151} INFO -    b'+OK'
[2024-07-03T12:04:46.714+0000] {logging_mixin.py:151} INFO -    mailbox have 1 emails and the robot can process 10
[2024-07-03T12:04:47.286+0000] {logging_mixin.py:151} INFO -    #>2024-07-03 12:04:47.286775_conneciton to db is set.
[2024-07-03T12:04:47.292+0000] {taskinstance.py:1943} ERROR - Task failed with exception
Traceback (most recent call last):
  File "/home/airflow/.local/lib/python3.8/site-packages/airflow/operators/python.py", line 192, in execute
    return_value = self.execute_callable()
  File "/home/airflow/.local/lib/python3.8/site-packages/airflow/operators/python.py", line 209, in execute_callable
    return self.python_callable(*self.op_args, **self.op_kwargs)
  File "/opt/airflow/dags/dag_email_robot.py", line 25, in get_emails
    robot.fetch_emails()
  File "/opt/airflow/dags/emailRobot.py", line 62, in fetch_emails
    return self.pop3_fetch_emails()
  File "/opt/airflow/dags/emailRobot.py", line 156, in pop3_fetch_emails
    cursor.execute (query, insert_values)
psycopg2.errors.UndefinedTable: relation "sma_stat_dep.tbl_file_upload" does not exist
LINE 1: ...) AS (INSERT INTO                                 sma_stat_d...
                                                             ^

[2024-07-03T12:04:47.317+0000] {taskinstance.py:1400} INFO - Marking task as FAILED. dag_id=reports_workflow, task_id=id_task_get_emails, execution_date=20240702T055500, start_date=20240703T120445, end_date=20240703T120447
[2024-07-03T12:04:47.339+0000] {standard_task_runner.py:104} ERROR - Failed to execute job 757 for task id_task_get_emails (relation "sma_stat_dep.tbl_file_upload" does not exist
LINE 1: ...) AS (INSERT INTO                                 sma_stat_d...
                                                             ^
; 23286)
[2024-07-03T12:04:47.357+0000] {local_task_job_runner.py:228} INFO - Task exited with return code 1
[2024-07-03T12:04:47.384+0000] {taskinstance.py:2784} INFO - 0 downstream tasks scheduled from follow-on schedule check
[2024-07-03T12:22:19.931+0000] {taskinstance.py:1159} INFO - Dependencies all met for dep_context=non-requeueable deps ti=<TaskInstance: reports_workflow.id_task_get_emails scheduled__2024-07-02T05:55:00+00:00 [queued]>
[2024-07-03T12:22:19.951+0000] {taskinstance.py:1159} INFO - Dependencies all met for dep_context=requeueable deps ti=<TaskInstance: reports_workflow.id_task_get_emails scheduled__2024-07-02T05:55:00+00:00 [queued]>
[2024-07-03T12:22:19.951+0000] {taskinstance.py:1361} INFO - Starting attempt 1 of 1
[2024-07-03T12:22:19.964+0000] {taskinstance.py:1382} INFO - Executing <Task(PythonOperator): id_task_get_emails> on 2024-07-02 05:55:00+00:00
[2024-07-03T12:22:19.971+0000] {standard_task_runner.py:57} INFO - Started process 24106 to run task
[2024-07-03T12:22:19.983+0000] {standard_task_runner.py:84} INFO - Running: ['***', 'tasks', 'run', 'reports_workflow', 'id_task_get_emails', 'scheduled__2024-07-02T05:55:00+00:00', '--job-id', '1033', '--raw', '--subdir', 'DAGS_FOLDER/dag_email_robot.py', '--cfg-path', '/tmp/tmp2t0t2a08']
[2024-07-03T12:22:19.985+0000] {standard_task_runner.py:85} INFO - Job 1033: Subtask id_task_get_emails
[2024-07-03T12:22:20.044+0000] {task_command.py:415} INFO - Running <TaskInstance: reports_workflow.id_task_get_emails scheduled__2024-07-02T05:55:00+00:00 [running]> on host 6f4ef5488251
[2024-07-03T12:22:20.166+0000] {taskinstance.py:1660} INFO - Exporting env vars: AIRFLOW_CTX_DAG_OWNER='FIRDAVS' AIRFLOW_CTX_DAG_ID='reports_workflow' AIRFLOW_CTX_TASK_ID='id_task_get_emails' AIRFLOW_CTX_EXECUTION_DATE='2024-07-02T05:55:00+00:00' AIRFLOW_CTX_TRY_NUMBER='1' AIRFLOW_CTX_DAG_RUN_ID='scheduled__2024-07-02T05:55:00+00:00'
[2024-07-03T12:22:20.167+0000] {logging_mixin.py:151} INFO - path of config file:  /opt/***
[2024-07-03T12:22:20.171+0000] {logging_mixin.py:151} INFO - #>2024-07-03 12:22:20.171558_User@StatDep: EmailRobot in screated.
[2024-07-03T12:22:20.172+0000] {logging_mixin.py:151} INFO - #>2024-07-03 12:22:20.172510_User@StatDep: get_for_recent_emails is started...
[2024-07-03T12:22:20.172+0000] {logging_mixin.py:151} INFO - #>2024-07-03 12:22:20.172859_User@StatDep: pop3_fetch_emails isstarted...
[2024-07-03T12:24:29.342+0000] {taskinstance.py:1943} ERROR - Task failed with exception
Traceback (most recent call last):
  File "/home/airflow/.local/lib/python3.8/site-packages/airflow/operators/python.py", line 192, in execute
    return_value = self.execute_callable()
  File "/home/airflow/.local/lib/python3.8/site-packages/airflow/operators/python.py", line 209, in execute_callable
    return self.python_callable(*self.op_args, **self.op_kwargs)
  File "/opt/airflow/dags/dag_email_robot.py", line 25, in get_emails
    robot.fetch_emails()
  File "/opt/airflow/dags/emailRobot.py", line 62, in fetch_emails
    return self.pop3_fetch_emails()
  File "/opt/airflow/dags/emailRobot.py", line 77, in pop3_fetch_emails
    mail = poplib.POP3_SSL(self.host)
  File "/usr/local/lib/python3.8/poplib.py", line 450, in __init__
    POP3.__init__(self, host, port, timeout)
  File "/usr/local/lib/python3.8/poplib.py", line 104, in __init__
    self.sock = self._create_socket(timeout)
  File "/usr/local/lib/python3.8/poplib.py", line 453, in _create_socket
    sock = POP3._create_socket(self, timeout)
  File "/usr/local/lib/python3.8/poplib.py", line 110, in _create_socket
    return socket.create_connection((self.host, self.port), timeout)
  File "/usr/local/lib/python3.8/socket.py", line 808, in create_connection
    raise err
  File "/usr/local/lib/python3.8/socket.py", line 796, in create_connection
    sock.connect(sa)
TimeoutError: [Errno 110] Connection timed out
[2024-07-03T12:24:29.410+0000] {taskinstance.py:1400} INFO - Marking task as FAILED. dag_id=reports_workflow, task_id=id_task_get_emails, execution_date=20240702T055500, start_date=20240703T122219, end_date=20240703T122429
[2024-07-03T12:24:29.433+0000] {standard_task_runner.py:104} ERROR - Failed to execute job 1033 for task id_task_get_emails ([Errno 110] Connection timed out; 24106)
[2024-07-03T12:24:29.468+0000] {local_task_job_runner.py:228} INFO - Task exited with return code 1
[2024-07-03T12:24:29.493+0000] {taskinstance.py:2784} INFO - 0 downstream tasks scheduled from follow-on schedule check
