[2024-07-04T05:08:08.847+0000] {taskinstance.py:1159} INFO - Dependencies all met for dep_context=non-requeueable deps ti=<TaskInstance: reports_workflow.id_task_get_emails scheduled__2024-07-04T03:50:00+00:00 [queued]>
[2024-07-04T05:08:08.884+0000] {taskinstance.py:1159} INFO - Dependencies all met for dep_context=requeueable deps ti=<TaskInstance: reports_workflow.id_task_get_emails scheduled__2024-07-04T03:50:00+00:00 [queued]>
[2024-07-04T05:08:08.884+0000] {taskinstance.py:1361} INFO - Starting attempt 1 of 2
[2024-07-04T05:08:08.912+0000] {taskinstance.py:1382} INFO - Executing <Task(PythonOperator): id_task_get_emails> on 2024-07-04 03:50:00+00:00
[2024-07-04T05:08:08.921+0000] {standard_task_runner.py:57} INFO - Started process 42165 to run task
[2024-07-04T05:08:08.948+0000] {standard_task_runner.py:84} INFO - Running: ['***', 'tasks', 'run', 'reports_workflow', 'id_task_get_emails', 'scheduled__2024-07-04T03:50:00+00:00', '--job-id', '2378', '--raw', '--subdir', 'DAGS_FOLDER/dag_email_robot.py', '--cfg-path', '/tmp/tmprx4_hnus']
[2024-07-04T05:08:08.949+0000] {standard_task_runner.py:85} INFO - Job 2378: Subtask id_task_get_emails
[2024-07-04T05:08:09.081+0000] {task_command.py:415} INFO - Running <TaskInstance: reports_workflow.id_task_get_emails scheduled__2024-07-04T03:50:00+00:00 [running]> on host 6f4ef5488251
[2024-07-04T05:08:09.271+0000] {taskinstance.py:1660} INFO - Exporting env vars: AIRFLOW_CTX_DAG_OWNER='FIRDAVS' AIRFLOW_CTX_DAG_ID='reports_workflow' AIRFLOW_CTX_TASK_ID='id_task_get_emails' AIRFLOW_CTX_EXECUTION_DATE='2024-07-04T03:50:00+00:00' AIRFLOW_CTX_TRY_NUMBER='1' AIRFLOW_CTX_DAG_RUN_ID='scheduled__2024-07-04T03:50:00+00:00'
[2024-07-04T05:08:09.273+0000] {logging_mixin.py:151} INFO - path of config file:  /opt/***
[2024-07-04T05:08:09.273+0000] {logging_mixin.py:151} INFO - #>2024-07-04 05:08:09.273677_User@StatDep: EmailRobot in screated.
[2024-07-04T05:08:09.274+0000] {logging_mixin.py:151} INFO - #>2024-07-04 05:08:09.274178_User@StatDep: get_for_recent_emails is started...
[2024-07-04T05:08:09.274+0000] {logging_mixin.py:151} INFO - #>2024-07-04 05:08:09.274587_User@StatDep: pop3_fetch_emails isstarted...
[2024-07-04T05:08:09.667+0000] {logging_mixin.py:151} INFO -    b'+OK'
[2024-07-04T05:08:09.987+0000] {logging_mixin.py:151} INFO -    mailbox have 0 emails and the robot can process 10
[2024-07-04T05:08:09.989+0000] {logging_mixin.py:151} INFO - #>2024-07-04 05:08:09.989246_User@StatDep: no emails to process, exiting pop3_fetch_emails()...
[2024-07-04T05:08:09.991+0000] {python.py:194} INFO - Done. Returned value was: True
[2024-07-04T05:08:10.072+0000] {taskinstance.py:1400} INFO - Marking task as SUCCESS. dag_id=reports_workflow, task_id=id_task_get_emails, execution_date=20240704T035000, start_date=20240704T050808, end_date=20240704T050810
[2024-07-04T05:08:10.175+0000] {local_task_job_runner.py:228} INFO - Task exited with return code 0
[2024-07-04T05:08:10.302+0000] {taskinstance.py:2784} INFO - 0 downstream tasks scheduled from follow-on schedule check
[2024-07-04T05:31:37.545+0000] {taskinstance.py:1159} INFO - Dependencies all met for dep_context=non-requeueable deps ti=<TaskInstance: reports_workflow.id_task_get_emails scheduled__2024-07-04T03:50:00+00:00 [queued]>
[2024-07-04T05:31:37.573+0000] {taskinstance.py:1159} INFO - Dependencies all met for dep_context=requeueable deps ti=<TaskInstance: reports_workflow.id_task_get_emails scheduled__2024-07-04T03:50:00+00:00 [queued]>
[2024-07-04T05:31:37.574+0000] {taskinstance.py:1361} INFO - Starting attempt 1 of 2
[2024-07-04T05:31:37.591+0000] {taskinstance.py:1382} INFO - Executing <Task(PythonOperator): id_task_get_emails> on 2024-07-04 03:50:00+00:00
[2024-07-04T05:31:37.598+0000] {standard_task_runner.py:57} INFO - Started process 42621 to run task
[2024-07-04T05:31:37.605+0000] {standard_task_runner.py:84} INFO - Running: ['***', 'tasks', 'run', 'reports_workflow', 'id_task_get_emails', 'scheduled__2024-07-04T03:50:00+00:00', '--job-id', '2427', '--raw', '--subdir', 'DAGS_FOLDER/dag_email_robot.py', '--cfg-path', '/tmp/tmpzcaykibe']
[2024-07-04T05:31:37.606+0000] {standard_task_runner.py:85} INFO - Job 2427: Subtask id_task_get_emails
[2024-07-04T05:31:37.687+0000] {task_command.py:415} INFO - Running <TaskInstance: reports_workflow.id_task_get_emails scheduled__2024-07-04T03:50:00+00:00 [running]> on host 6f4ef5488251
[2024-07-04T05:31:37.816+0000] {taskinstance.py:1660} INFO - Exporting env vars: AIRFLOW_CTX_DAG_OWNER='FIRDAVS' AIRFLOW_CTX_DAG_ID='reports_workflow' AIRFLOW_CTX_TASK_ID='id_task_get_emails' AIRFLOW_CTX_EXECUTION_DATE='2024-07-04T03:50:00+00:00' AIRFLOW_CTX_TRY_NUMBER='1' AIRFLOW_CTX_DAG_RUN_ID='scheduled__2024-07-04T03:50:00+00:00'
[2024-07-04T05:31:37.817+0000] {logging_mixin.py:151} INFO - path of config file:  /opt/***
[2024-07-04T05:31:37.818+0000] {logging_mixin.py:151} INFO - #>2024-07-04 05:31:37.818295_User@StatDep: EmailRobot in screated.
[2024-07-04T05:31:37.818+0000] {logging_mixin.py:151} INFO - #>2024-07-04 05:31:37.818472_User@StatDep: get_for_recent_emails is started...
[2024-07-04T05:31:37.818+0000] {logging_mixin.py:151} INFO - #>2024-07-04 05:31:37.818596_User@StatDep: pop3_fetch_emails isstarted...
[2024-07-04T05:31:38.195+0000] {logging_mixin.py:151} INFO -    b'+OK'
[2024-07-04T05:31:38.515+0000] {logging_mixin.py:151} INFO -    mailbox have 0 emails and the robot can process 10
[2024-07-04T05:31:38.515+0000] {logging_mixin.py:151} INFO - #>2024-07-04 05:31:38.515397_User@StatDep: no emails to process, exiting pop3_fetch_emails()...
[2024-07-04T05:31:38.515+0000] {python.py:194} INFO - Done. Returned value was: True
[2024-07-04T05:31:38.560+0000] {taskinstance.py:1400} INFO - Marking task as SUCCESS. dag_id=reports_workflow, task_id=id_task_get_emails, execution_date=20240704T035000, start_date=20240704T053137, end_date=20240704T053138
[2024-07-04T05:31:38.585+0000] {local_task_job_runner.py:228} INFO - Task exited with return code 0
[2024-07-04T05:31:38.638+0000] {taskinstance.py:2784} INFO - 1 downstream tasks scheduled from follow-on schedule check
[2024-07-04T05:34:50.391+0000] {taskinstance.py:1159} INFO - Dependencies all met for dep_context=non-requeueable deps ti=<TaskInstance: reports_workflow.id_task_get_emails scheduled__2024-07-04T03:50:00+00:00 [queued]>
[2024-07-04T05:34:50.411+0000] {taskinstance.py:1159} INFO - Dependencies all met for dep_context=requeueable deps ti=<TaskInstance: reports_workflow.id_task_get_emails scheduled__2024-07-04T03:50:00+00:00 [queued]>
[2024-07-04T05:34:50.411+0000] {taskinstance.py:1361} INFO - Starting attempt 1 of 2
[2024-07-04T05:34:50.430+0000] {taskinstance.py:1382} INFO - Executing <Task(PythonOperator): id_task_get_emails> on 2024-07-04 03:50:00+00:00
[2024-07-04T05:34:50.436+0000] {standard_task_runner.py:57} INFO - Started process 42769 to run task
[2024-07-04T05:34:50.461+0000] {standard_task_runner.py:84} INFO - Running: ['***', 'tasks', 'run', 'reports_workflow', 'id_task_get_emails', 'scheduled__2024-07-04T03:50:00+00:00', '--job-id', '2477', '--raw', '--subdir', 'DAGS_FOLDER/dag_email_robot.py', '--cfg-path', '/tmp/tmpzcy9vvn0']
[2024-07-04T05:34:50.462+0000] {standard_task_runner.py:85} INFO - Job 2477: Subtask id_task_get_emails
[2024-07-04T05:34:50.571+0000] {task_command.py:415} INFO - Running <TaskInstance: reports_workflow.id_task_get_emails scheduled__2024-07-04T03:50:00+00:00 [running]> on host 6f4ef5488251
[2024-07-04T05:34:50.712+0000] {taskinstance.py:1660} INFO - Exporting env vars: AIRFLOW_CTX_DAG_OWNER='FIRDAVS' AIRFLOW_CTX_DAG_ID='reports_workflow' AIRFLOW_CTX_TASK_ID='id_task_get_emails' AIRFLOW_CTX_EXECUTION_DATE='2024-07-04T03:50:00+00:00' AIRFLOW_CTX_TRY_NUMBER='1' AIRFLOW_CTX_DAG_RUN_ID='scheduled__2024-07-04T03:50:00+00:00'
[2024-07-04T05:34:50.715+0000] {logging_mixin.py:151} INFO - path of config file:  /opt/***
[2024-07-04T05:34:50.716+0000] {logging_mixin.py:151} INFO - #>2024-07-04 05:34:50.716547_User@StatDep: EmailRobot in screated.
[2024-07-04T05:34:50.716+0000] {logging_mixin.py:151} INFO - #>2024-07-04 05:34:50.716938_User@StatDep: get_for_recent_emails is started...
[2024-07-04T05:34:50.717+0000] {logging_mixin.py:151} INFO - #>2024-07-04 05:34:50.717265_User@StatDep: pop3_fetch_emails isstarted...
[2024-07-04T05:34:51.117+0000] {logging_mixin.py:151} INFO -    b'+OK'
[2024-07-04T05:34:51.494+0000] {logging_mixin.py:151} INFO -    mailbox have 0 emails and the robot can process 10
[2024-07-04T05:34:51.494+0000] {logging_mixin.py:151} INFO - #>2024-07-04 05:34:51.494876_User@StatDep: no emails to process, exiting pop3_fetch_emails()...
[2024-07-04T05:34:51.495+0000] {python.py:194} INFO - Done. Returned value was: True
[2024-07-04T05:34:51.554+0000] {taskinstance.py:1400} INFO - Marking task as SUCCESS. dag_id=reports_workflow, task_id=id_task_get_emails, execution_date=20240704T035000, start_date=20240704T053450, end_date=20240704T053451
[2024-07-04T05:34:51.614+0000] {local_task_job_runner.py:228} INFO - Task exited with return code 0
[2024-07-04T05:34:51.681+0000] {taskinstance.py:2784} INFO - 1 downstream tasks scheduled from follow-on schedule check
