[2024-07-04T11:35:00.555+0000] {taskinstance.py:1159} INFO - Dependencies all met for dep_context=non-requeueable deps ti=<TaskInstance: reports_workflow.id_task_get_emails scheduled__2024-07-04T11:30:00+00:00 [queued]>
[2024-07-04T11:35:00.564+0000] {taskinstance.py:1159} INFO - Dependencies all met for dep_context=requeueable deps ti=<TaskInstance: reports_workflow.id_task_get_emails scheduled__2024-07-04T11:30:00+00:00 [queued]>
[2024-07-04T11:35:00.564+0000] {taskinstance.py:1361} INFO - Starting attempt 1 of 2
[2024-07-04T11:35:00.577+0000] {taskinstance.py:1382} INFO - Executing <Task(PythonOperator): id_task_get_emails> on 2024-07-04 11:30:00+00:00
[2024-07-04T11:35:00.581+0000] {standard_task_runner.py:57} INFO - Started process 48639 to run task
[2024-07-04T11:35:00.590+0000] {standard_task_runner.py:84} INFO - Running: ['***', 'tasks', 'run', 'reports_workflow', 'id_task_get_emails', 'scheduled__2024-07-04T11:30:00+00:00', '--job-id', '2666', '--raw', '--subdir', 'DAGS_FOLDER/dag_email_robot.py', '--cfg-path', '/tmp/tmpt570fgn8']
[2024-07-04T11:35:00.593+0000] {standard_task_runner.py:85} INFO - Job 2666: Subtask id_task_get_emails
[2024-07-04T11:35:00.666+0000] {task_command.py:415} INFO - Running <TaskInstance: reports_workflow.id_task_get_emails scheduled__2024-07-04T11:30:00+00:00 [running]> on host 6f4ef5488251
[2024-07-04T11:35:00.758+0000] {taskinstance.py:1660} INFO - Exporting env vars: AIRFLOW_CTX_DAG_OWNER='FIRDAVS' AIRFLOW_CTX_DAG_ID='reports_workflow' AIRFLOW_CTX_TASK_ID='id_task_get_emails' AIRFLOW_CTX_EXECUTION_DATE='2024-07-04T11:30:00+00:00' AIRFLOW_CTX_TRY_NUMBER='1' AIRFLOW_CTX_DAG_RUN_ID='scheduled__2024-07-04T11:30:00+00:00'
[2024-07-04T11:35:00.759+0000] {logging_mixin.py:151} INFO - path of config file:  /opt/***
[2024-07-04T11:35:00.760+0000] {logging_mixin.py:151} INFO - #>2024-07-04 11:35:00.760202_User@StatDep: EmailRobot in screated.
[2024-07-04T11:35:00.760+0000] {logging_mixin.py:151} INFO - #>2024-07-04 11:35:00.760444_User@StatDep: get_for_recent_emails is started...
[2024-07-04T11:35:00.760+0000] {logging_mixin.py:151} INFO - #>2024-07-04 11:35:00.760612_User@StatDep: pop3_fetch_emails isstarted...
[2024-07-04T11:35:01.223+0000] {logging_mixin.py:151} INFO -    b'+OK'
[2024-07-04T11:35:01.592+0000] {logging_mixin.py:151} INFO -    mailbox have 0 emails and the robot can process 10
[2024-07-04T11:35:01.593+0000] {logging_mixin.py:151} INFO - #>2024-07-04 11:35:01.593173_User@StatDep: no emails to process, exiting pop3_fetch_emails()...
[2024-07-04T11:35:01.594+0000] {python.py:194} INFO - Done. Returned value was: True
[2024-07-04T11:35:01.634+0000] {taskinstance.py:1400} INFO - Marking task as SUCCESS. dag_id=reports_workflow, task_id=id_task_get_emails, execution_date=20240704T113000, start_date=20240704T113500, end_date=20240704T113501
[2024-07-04T11:35:01.681+0000] {local_task_job_runner.py:228} INFO - Task exited with return code 0
[2024-07-04T11:35:01.715+0000] {taskinstance.py:2784} INFO - 1 downstream tasks scheduled from follow-on schedule check
[2024-07-04T12:24:12.780+0000] {taskinstance.py:1159} INFO - Dependencies all met for dep_context=non-requeueable deps ti=<TaskInstance: reports_workflow.id_task_get_emails scheduled__2024-07-04T11:30:00+00:00 [queued]>
[2024-07-04T12:24:12.854+0000] {taskinstance.py:1159} INFO - Dependencies all met for dep_context=requeueable deps ti=<TaskInstance: reports_workflow.id_task_get_emails scheduled__2024-07-04T11:30:00+00:00 [queued]>
[2024-07-04T12:24:12.855+0000] {taskinstance.py:1361} INFO - Starting attempt 1 of 2
[2024-07-04T12:24:12.882+0000] {taskinstance.py:1382} INFO - Executing <Task(PythonOperator): id_task_get_emails> on 2024-07-04 11:30:00+00:00
[2024-07-04T12:24:12.893+0000] {standard_task_runner.py:57} INFO - Started process 49452 to run task
[2024-07-04T12:24:12.921+0000] {standard_task_runner.py:84} INFO - Running: ['***', 'tasks', 'run', 'reports_workflow', 'id_task_get_emails', 'scheduled__2024-07-04T11:30:00+00:00', '--job-id', '2689', '--raw', '--subdir', 'DAGS_FOLDER/dag_email_robot.py', '--cfg-path', '/tmp/tmpuhfoaf85']
[2024-07-04T12:24:12.944+0000] {standard_task_runner.py:85} INFO - Job 2689: Subtask id_task_get_emails
[2024-07-04T12:24:13.226+0000] {task_command.py:415} INFO - Running <TaskInstance: reports_workflow.id_task_get_emails scheduled__2024-07-04T11:30:00+00:00 [running]> on host 6f4ef5488251
[2024-07-04T12:24:13.549+0000] {taskinstance.py:1660} INFO - Exporting env vars: AIRFLOW_CTX_DAG_OWNER='FIRDAVS' AIRFLOW_CTX_DAG_ID='reports_workflow' AIRFLOW_CTX_TASK_ID='id_task_get_emails' AIRFLOW_CTX_EXECUTION_DATE='2024-07-04T11:30:00+00:00' AIRFLOW_CTX_TRY_NUMBER='1' AIRFLOW_CTX_DAG_RUN_ID='scheduled__2024-07-04T11:30:00+00:00'
[2024-07-04T12:24:13.551+0000] {logging_mixin.py:151} INFO - path of config file:  /opt/***
[2024-07-04T12:24:13.551+0000] {logging_mixin.py:151} INFO - #>2024-07-04 12:24:13.551566_User@StatDep: EmailRobot in screated.
[2024-07-04T12:24:13.551+0000] {logging_mixin.py:151} INFO - #>2024-07-04 12:24:13.551765_User@StatDep: get_for_recent_emails is started...
[2024-07-04T12:24:13.551+0000] {logging_mixin.py:151} INFO - #>2024-07-04 12:24:13.551910_User@StatDep: pop3_fetch_emails isstarted...
[2024-07-04T12:24:13.968+0000] {logging_mixin.py:151} INFO -    b'+OK'
[2024-07-04T12:24:14.359+0000] {logging_mixin.py:151} INFO -    mailbox have 0 emails and the robot can process 10
[2024-07-04T12:24:14.359+0000] {logging_mixin.py:151} INFO - #>2024-07-04 12:24:14.359952_User@StatDep: no emails to process, exiting pop3_fetch_emails()...
[2024-07-04T12:24:14.360+0000] {python.py:194} INFO - Done. Returned value was: True
[2024-07-04T12:24:14.381+0000] {taskinstance.py:1400} INFO - Marking task as SUCCESS. dag_id=reports_workflow, task_id=id_task_get_emails, execution_date=20240704T113000, start_date=20240704T122412, end_date=20240704T122414
[2024-07-04T12:24:14.409+0000] {local_task_job_runner.py:228} INFO - Task exited with return code 0
[2024-07-04T12:24:14.441+0000] {taskinstance.py:2784} INFO - 1 downstream tasks scheduled from follow-on schedule check
[2024-07-04T12:26:04.616+0000] {taskinstance.py:1159} INFO - Dependencies all met for dep_context=non-requeueable deps ti=<TaskInstance: reports_workflow.id_task_get_emails scheduled__2024-07-04T11:30:00+00:00 [queued]>
[2024-07-04T12:26:04.674+0000] {taskinstance.py:1159} INFO - Dependencies all met for dep_context=requeueable deps ti=<TaskInstance: reports_workflow.id_task_get_emails scheduled__2024-07-04T11:30:00+00:00 [queued]>
[2024-07-04T12:26:04.674+0000] {taskinstance.py:1361} INFO - Starting attempt 1 of 2
[2024-07-04T12:26:04.732+0000] {taskinstance.py:1382} INFO - Executing <Task(PythonOperator): id_task_get_emails> on 2024-07-04 11:30:00+00:00
[2024-07-04T12:26:04.761+0000] {standard_task_runner.py:57} INFO - Started process 49572 to run task
[2024-07-04T12:26:04.784+0000] {standard_task_runner.py:84} INFO - Running: ['***', 'tasks', 'run', 'reports_workflow', 'id_task_get_emails', 'scheduled__2024-07-04T11:30:00+00:00', '--job-id', '2721', '--raw', '--subdir', 'DAGS_FOLDER/dag_email_robot.py', '--cfg-path', '/tmp/tmp7nfnoio0']
[2024-07-04T12:26:04.821+0000] {standard_task_runner.py:85} INFO - Job 2721: Subtask id_task_get_emails
[2024-07-04T12:26:05.162+0000] {task_command.py:415} INFO - Running <TaskInstance: reports_workflow.id_task_get_emails scheduled__2024-07-04T11:30:00+00:00 [running]> on host 6f4ef5488251
[2024-07-04T12:26:05.479+0000] {taskinstance.py:1660} INFO - Exporting env vars: AIRFLOW_CTX_DAG_OWNER='FIRDAVS' AIRFLOW_CTX_DAG_ID='reports_workflow' AIRFLOW_CTX_TASK_ID='id_task_get_emails' AIRFLOW_CTX_EXECUTION_DATE='2024-07-04T11:30:00+00:00' AIRFLOW_CTX_TRY_NUMBER='1' AIRFLOW_CTX_DAG_RUN_ID='scheduled__2024-07-04T11:30:00+00:00'
[2024-07-04T12:26:05.480+0000] {logging_mixin.py:151} INFO - path of config file:  /opt/***
[2024-07-04T12:26:05.481+0000] {logging_mixin.py:151} INFO - #>2024-07-04 12:26:05.481257_User@StatDep: EmailRobot in screated.
[2024-07-04T12:26:05.481+0000] {logging_mixin.py:151} INFO - #>2024-07-04 12:26:05.481422_User@StatDep: get_for_recent_emails is started...
[2024-07-04T12:26:05.481+0000] {logging_mixin.py:151} INFO - #>2024-07-04 12:26:05.481535_User@StatDep: pop3_fetch_emails isstarted...
[2024-07-04T12:26:05.870+0000] {logging_mixin.py:151} INFO -    b'+OK'
[2024-07-04T12:26:06.323+0000] {logging_mixin.py:151} INFO -    mailbox have 0 emails and the robot can process 10
[2024-07-04T12:26:06.324+0000] {logging_mixin.py:151} INFO - #>2024-07-04 12:26:06.324227_User@StatDep: no emails to process, exiting pop3_fetch_emails()...
[2024-07-04T12:26:06.324+0000] {python.py:194} INFO - Done. Returned value was: True
[2024-07-04T12:26:06.355+0000] {taskinstance.py:1400} INFO - Marking task as SUCCESS. dag_id=reports_workflow, task_id=id_task_get_emails, execution_date=20240704T113000, start_date=20240704T122604, end_date=20240704T122606
[2024-07-04T12:26:06.459+0000] {local_task_job_runner.py:228} INFO - Task exited with return code 0
[2024-07-04T12:26:06.545+0000] {taskinstance.py:2784} INFO - 1 downstream tasks scheduled from follow-on schedule check
