[2024-07-11T10:00:01.355+0000] {taskinstance.py:1159} INFO - Dependencies all met for dep_context=non-requeueable deps ti=<TaskInstance: reports_workflow.id_task_get_emails scheduled__2024-07-11T09:55:00+00:00 [queued]>
[2024-07-11T10:00:01.363+0000] {taskinstance.py:1159} INFO - Dependencies all met for dep_context=requeueable deps ti=<TaskInstance: reports_workflow.id_task_get_emails scheduled__2024-07-11T09:55:00+00:00 [queued]>
[2024-07-11T10:00:01.364+0000] {taskinstance.py:1361} INFO - Starting attempt 1 of 2
[2024-07-11T10:00:01.378+0000] {taskinstance.py:1382} INFO - Executing <Task(PythonOperator): id_task_get_emails> on 2024-07-11 09:55:00+00:00
[2024-07-11T10:00:01.383+0000] {standard_task_runner.py:57} INFO - Started process 77982 to run task
[2024-07-11T10:00:01.390+0000] {standard_task_runner.py:84} INFO - Running: ['***', 'tasks', 'run', 'reports_workflow', 'id_task_get_emails', 'scheduled__2024-07-11T09:55:00+00:00', '--job-id', '5292', '--raw', '--subdir', 'DAGS_FOLDER/dag_email_robot.py', '--cfg-path', '/tmp/tmpouv4y2jg']
[2024-07-11T10:00:01.397+0000] {standard_task_runner.py:85} INFO - Job 5292: Subtask id_task_get_emails
[2024-07-11T10:00:01.501+0000] {task_command.py:415} INFO - Running <TaskInstance: reports_workflow.id_task_get_emails scheduled__2024-07-11T09:55:00+00:00 [running]> on host 6f4ef5488251
[2024-07-11T10:00:01.630+0000] {taskinstance.py:1660} INFO - Exporting env vars: AIRFLOW_CTX_DAG_OWNER='FIRDAVS' AIRFLOW_CTX_DAG_ID='reports_workflow' AIRFLOW_CTX_TASK_ID='id_task_get_emails' AIRFLOW_CTX_EXECUTION_DATE='2024-07-11T09:55:00+00:00' AIRFLOW_CTX_TRY_NUMBER='1' AIRFLOW_CTX_DAG_RUN_ID='scheduled__2024-07-11T09:55:00+00:00'
[2024-07-11T10:00:01.634+0000] {logging_mixin.py:151} INFO - path of config file:  /opt/***
[2024-07-11T10:00:01.636+0000] {logging_mixin.py:151} INFO - #>2024-07-11 10:00:01.636131_User@StatDep: EmailRobot in screated.
[2024-07-11T10:00:01.636+0000] {logging_mixin.py:151} INFO - #>2024-07-11 10:00:01.636562_User@StatDep: get_for_recent_emails is started...
[2024-07-11T10:00:01.636+0000] {logging_mixin.py:151} INFO - #>2024-07-11 10:00:01.636881_User@StatDep: pop3_fetch_emails isstarted...
[2024-07-11T10:00:02.123+0000] {logging_mixin.py:151} INFO -    b'+OK'
[2024-07-11T10:00:02.452+0000] {logging_mixin.py:151} INFO -    mailbox have 0 emails and the robot can process 10
[2024-07-11T10:00:02.453+0000] {logging_mixin.py:151} INFO - #>2024-07-11 10:00:02.453328_User@StatDep: no emails to process, exiting pop3_fetch_emails()...
[2024-07-11T10:00:02.453+0000] {python.py:194} INFO - Done. Returned value was: True
[2024-07-11T10:00:02.490+0000] {taskinstance.py:1400} INFO - Marking task as SUCCESS. dag_id=reports_workflow, task_id=id_task_get_emails, execution_date=20240711T095500, start_date=20240711T100001, end_date=20240711T100002
[2024-07-11T10:00:02.523+0000] {local_task_job_runner.py:228} INFO - Task exited with return code 0
[2024-07-11T10:00:02.558+0000] {taskinstance.py:2784} INFO - 1 downstream tasks scheduled from follow-on schedule check
