[2024-07-03T09:59:11.342+0000] {taskinstance.py:1159} INFO - Dependencies all met for dep_context=non-requeueable deps ti=<TaskInstance: reports_workflow.id_task_get_emails scheduled__2024-07-03T02:00:00+00:00 [queued]>
[2024-07-03T09:59:11.349+0000] {taskinstance.py:1159} INFO - Dependencies all met for dep_context=requeueable deps ti=<TaskInstance: reports_workflow.id_task_get_emails scheduled__2024-07-03T02:00:00+00:00 [queued]>
[2024-07-03T09:59:11.350+0000] {taskinstance.py:1361} INFO - Starting attempt 1 of 1
[2024-07-03T09:59:11.377+0000] {taskinstance.py:1382} INFO - Executing <Task(PythonOperator): id_task_get_emails> on 2024-07-03 02:00:00+00:00
[2024-07-03T09:59:11.383+0000] {standard_task_runner.py:57} INFO - Started process 20985 to run task
[2024-07-03T09:59:11.399+0000] {standard_task_runner.py:84} INFO - Running: ['***', 'tasks', 'run', 'reports_workflow', 'id_task_get_emails', 'scheduled__2024-07-03T02:00:00+00:00', '--job-id', '559', '--raw', '--subdir', 'DAGS_FOLDER/dag_email_robot.py', '--cfg-path', '/tmp/tmp066tkom_']
[2024-07-03T09:59:11.401+0000] {standard_task_runner.py:85} INFO - Job 559: Subtask id_task_get_emails
[2024-07-03T09:59:11.521+0000] {task_command.py:415} INFO - Running <TaskInstance: reports_workflow.id_task_get_emails scheduled__2024-07-03T02:00:00+00:00 [running]> on host 6f4ef5488251
[2024-07-03T09:59:11.667+0000] {taskinstance.py:1660} INFO - Exporting env vars: AIRFLOW_CTX_DAG_OWNER='FIRDAVS' AIRFLOW_CTX_DAG_ID='reports_workflow' AIRFLOW_CTX_TASK_ID='id_task_get_emails' AIRFLOW_CTX_EXECUTION_DATE='2024-07-03T02:00:00+00:00' AIRFLOW_CTX_TRY_NUMBER='1' AIRFLOW_CTX_DAG_RUN_ID='scheduled__2024-07-03T02:00:00+00:00'
[2024-07-03T09:59:11.674+0000] {logging_mixin.py:151} INFO - path of config file:  /opt/***
[2024-07-03T09:59:11.675+0000] {logging_mixin.py:151} INFO - #>2024-07-03 09:59:11.675041_User@StatDep: EmailRobot in screated.
[2024-07-03T09:59:11.675+0000] {logging_mixin.py:151} INFO - #>2024-07-03 09:59:11.675229_User@StatDep: get_for_recent_emails is started...
[2024-07-03T09:59:11.675+0000] {logging_mixin.py:151} INFO - #>2024-07-03 09:59:11.675353_User@StatDep: pop3_fetch_emails isstarted...
[2024-07-03T09:59:12.061+0000] {logging_mixin.py:151} INFO -    b'+OK'
[2024-07-03T09:59:12.436+0000] {logging_mixin.py:151} INFO -    mailbox have 0 emails and the robot can process 10
[2024-07-03T09:59:12.436+0000] {logging_mixin.py:151} INFO - #>2024-07-03 09:59:12.436817_User@StatDep: no emails to process, exiting pop3_fetch_emails()...
[2024-07-03T09:59:12.437+0000] {python.py:194} INFO - Done. Returned value was: True
[2024-07-03T09:59:12.469+0000] {taskinstance.py:1400} INFO - Marking task as SUCCESS. dag_id=reports_workflow, task_id=id_task_get_emails, execution_date=20240703T020000, start_date=20240703T095911, end_date=20240703T095912
[2024-07-03T09:59:12.491+0000] {local_task_job_runner.py:228} INFO - Task exited with return code 0
[2024-07-03T09:59:12.515+0000] {taskinstance.py:2784} INFO - 0 downstream tasks scheduled from follow-on schedule check
[2024-07-03T13:39:31.989+0000] {taskinstance.py:1159} INFO - Dependencies all met for dep_context=non-requeueable deps ti=<TaskInstance: reports_workflow.id_task_get_emails scheduled__2024-07-03T02:00:00+00:00 [queued]>
[2024-07-03T13:39:32.001+0000] {taskinstance.py:1159} INFO - Dependencies all met for dep_context=requeueable deps ti=<TaskInstance: reports_workflow.id_task_get_emails scheduled__2024-07-03T02:00:00+00:00 [queued]>
[2024-07-03T13:39:32.001+0000] {taskinstance.py:1361} INFO - Starting attempt 1 of 1
[2024-07-03T13:39:32.020+0000] {taskinstance.py:1382} INFO - Executing <Task(PythonOperator): id_task_get_emails> on 2024-07-03 02:00:00+00:00
[2024-07-03T13:39:32.025+0000] {standard_task_runner.py:57} INFO - Started process 26215 to run task
[2024-07-03T13:39:32.030+0000] {standard_task_runner.py:84} INFO - Running: ['***', 'tasks', 'run', 'reports_workflow', 'id_task_get_emails', 'scheduled__2024-07-03T02:00:00+00:00', '--job-id', '1504', '--raw', '--subdir', 'DAGS_FOLDER/dag_email_robot.py', '--cfg-path', '/tmp/tmpakjuzbpx']
[2024-07-03T13:39:32.031+0000] {standard_task_runner.py:85} INFO - Job 1504: Subtask id_task_get_emails
[2024-07-03T13:39:32.096+0000] {task_command.py:415} INFO - Running <TaskInstance: reports_workflow.id_task_get_emails scheduled__2024-07-03T02:00:00+00:00 [running]> on host 6f4ef5488251
[2024-07-03T13:39:32.209+0000] {taskinstance.py:1660} INFO - Exporting env vars: AIRFLOW_CTX_DAG_OWNER='FIRDAVS' AIRFLOW_CTX_DAG_ID='reports_workflow' AIRFLOW_CTX_TASK_ID='id_task_get_emails' AIRFLOW_CTX_EXECUTION_DATE='2024-07-03T02:00:00+00:00' AIRFLOW_CTX_TRY_NUMBER='1' AIRFLOW_CTX_DAG_RUN_ID='scheduled__2024-07-03T02:00:00+00:00'
[2024-07-03T13:39:32.210+0000] {logging_mixin.py:151} INFO - path of config file:  /opt/***
[2024-07-03T13:39:32.214+0000] {logging_mixin.py:151} INFO - #>2024-07-03 13:39:32.214020_User@StatDep: EmailRobot in screated.
[2024-07-03T13:39:32.214+0000] {logging_mixin.py:151} INFO - #>2024-07-03 13:39:32.214227_User@StatDep: get_for_recent_emails is started...
[2024-07-03T13:39:32.214+0000] {logging_mixin.py:151} INFO - #>2024-07-03 13:39:32.214385_User@StatDep: pop3_fetch_emails isstarted...
[2024-07-03T13:39:32.609+0000] {logging_mixin.py:151} INFO -    b'+OK'
[2024-07-03T13:39:32.955+0000] {logging_mixin.py:151} INFO -    mailbox have 0 emails and the robot can process 10
[2024-07-03T13:39:32.955+0000] {logging_mixin.py:151} INFO - #>2024-07-03 13:39:32.955827_User@StatDep: no emails to process, exiting pop3_fetch_emails()...
[2024-07-03T13:39:32.956+0000] {python.py:194} INFO - Done. Returned value was: True
[2024-07-03T13:39:32.984+0000] {taskinstance.py:1400} INFO - Marking task as SUCCESS. dag_id=reports_workflow, task_id=id_task_get_emails, execution_date=20240703T020000, start_date=20240703T133931, end_date=20240703T133932
[2024-07-03T13:39:33.009+0000] {local_task_job_runner.py:228} INFO - Task exited with return code 0
[2024-07-03T13:39:33.043+0000] {taskinstance.py:2784} INFO - 1 downstream tasks scheduled from follow-on schedule check
