[2024-07-03T09:58:14.792+0000] {taskinstance.py:1159} INFO - Dependencies all met for dep_context=non-requeueable deps ti=<TaskInstance: reports_workflow.id_task_get_emails scheduled__2024-07-02T16:25:00+00:00 [queued]>
[2024-07-03T09:58:14.802+0000] {taskinstance.py:1159} INFO - Dependencies all met for dep_context=requeueable deps ti=<TaskInstance: reports_workflow.id_task_get_emails scheduled__2024-07-02T16:25:00+00:00 [queued]>
[2024-07-03T09:58:14.802+0000] {taskinstance.py:1361} INFO - Starting attempt 1 of 1
[2024-07-03T09:58:14.847+0000] {taskinstance.py:1382} INFO - Executing <Task(PythonOperator): id_task_get_emails> on 2024-07-02 16:25:00+00:00
[2024-07-03T09:58:14.852+0000] {standard_task_runner.py:57} INFO - Started process 20735 to run task
[2024-07-03T09:58:14.868+0000] {standard_task_runner.py:84} INFO - Running: ['***', 'tasks', 'run', 'reports_workflow', 'id_task_get_emails', 'scheduled__2024-07-02T16:25:00+00:00', '--job-id', '442', '--raw', '--subdir', 'DAGS_FOLDER/dag_email_robot.py', '--cfg-path', '/tmp/tmptl215m0k']
[2024-07-03T09:58:14.869+0000] {standard_task_runner.py:85} INFO - Job 442: Subtask id_task_get_emails
[2024-07-03T09:58:14.964+0000] {task_command.py:415} INFO - Running <TaskInstance: reports_workflow.id_task_get_emails scheduled__2024-07-02T16:25:00+00:00 [running]> on host 6f4ef5488251
[2024-07-03T09:58:15.069+0000] {taskinstance.py:1660} INFO - Exporting env vars: AIRFLOW_CTX_DAG_OWNER='FIRDAVS' AIRFLOW_CTX_DAG_ID='reports_workflow' AIRFLOW_CTX_TASK_ID='id_task_get_emails' AIRFLOW_CTX_EXECUTION_DATE='2024-07-02T16:25:00+00:00' AIRFLOW_CTX_TRY_NUMBER='1' AIRFLOW_CTX_DAG_RUN_ID='scheduled__2024-07-02T16:25:00+00:00'
[2024-07-03T09:58:15.071+0000] {logging_mixin.py:151} INFO - path of config file:  /opt/***
[2024-07-03T09:58:15.074+0000] {logging_mixin.py:151} INFO - #>2024-07-03 09:58:15.074572_User@StatDep: EmailRobot in screated.
[2024-07-03T09:58:15.074+0000] {logging_mixin.py:151} INFO - #>2024-07-03 09:58:15.074779_User@StatDep: get_for_recent_emails is started...
[2024-07-03T09:58:15.074+0000] {logging_mixin.py:151} INFO - #>2024-07-03 09:58:15.074911_User@StatDep: pop3_fetch_emails isstarted...
[2024-07-03T09:58:15.506+0000] {logging_mixin.py:151} INFO -    b'+OK'
[2024-07-03T09:58:15.929+0000] {logging_mixin.py:151} INFO -    mailbox have 0 emails and the robot can process 10
[2024-07-03T09:58:15.929+0000] {logging_mixin.py:151} INFO - #>2024-07-03 09:58:15.929835_User@StatDep: no emails to process, exiting pop3_fetch_emails()...
[2024-07-03T09:58:15.930+0000] {python.py:194} INFO - Done. Returned value was: True
[2024-07-03T09:58:15.972+0000] {taskinstance.py:1400} INFO - Marking task as SUCCESS. dag_id=reports_workflow, task_id=id_task_get_emails, execution_date=20240702T162500, start_date=20240703T095814, end_date=20240703T095815
[2024-07-03T09:58:16.007+0000] {local_task_job_runner.py:228} INFO - Task exited with return code 0
[2024-07-03T09:58:16.033+0000] {taskinstance.py:2784} INFO - 0 downstream tasks scheduled from follow-on schedule check
[2024-07-03T12:05:37.466+0000] {taskinstance.py:1159} INFO - Dependencies all met for dep_context=non-requeueable deps ti=<TaskInstance: reports_workflow.id_task_get_emails scheduled__2024-07-02T16:25:00+00:00 [queued]>
[2024-07-03T12:05:37.474+0000] {taskinstance.py:1159} INFO - Dependencies all met for dep_context=requeueable deps ti=<TaskInstance: reports_workflow.id_task_get_emails scheduled__2024-07-02T16:25:00+00:00 [queued]>
[2024-07-03T12:05:37.474+0000] {taskinstance.py:1361} INFO - Starting attempt 1 of 1
[2024-07-03T12:05:37.486+0000] {taskinstance.py:1382} INFO - Executing <Task(PythonOperator): id_task_get_emails> on 2024-07-02 16:25:00+00:00
[2024-07-03T12:05:37.490+0000] {standard_task_runner.py:57} INFO - Started process 23551 to run task
[2024-07-03T12:05:37.499+0000] {standard_task_runner.py:84} INFO - Running: ['***', 'tasks', 'run', 'reports_workflow', 'id_task_get_emails', 'scheduled__2024-07-02T16:25:00+00:00', '--job-id', '883', '--raw', '--subdir', 'DAGS_FOLDER/dag_email_robot.py', '--cfg-path', '/tmp/tmpvbbvo9_l']
[2024-07-03T12:05:37.502+0000] {standard_task_runner.py:85} INFO - Job 883: Subtask id_task_get_emails
[2024-07-03T12:05:37.555+0000] {task_command.py:415} INFO - Running <TaskInstance: reports_workflow.id_task_get_emails scheduled__2024-07-02T16:25:00+00:00 [running]> on host 6f4ef5488251
[2024-07-03T12:05:37.641+0000] {taskinstance.py:1660} INFO - Exporting env vars: AIRFLOW_CTX_DAG_OWNER='FIRDAVS' AIRFLOW_CTX_DAG_ID='reports_workflow' AIRFLOW_CTX_TASK_ID='id_task_get_emails' AIRFLOW_CTX_EXECUTION_DATE='2024-07-02T16:25:00+00:00' AIRFLOW_CTX_TRY_NUMBER='1' AIRFLOW_CTX_DAG_RUN_ID='scheduled__2024-07-02T16:25:00+00:00'
[2024-07-03T12:05:37.642+0000] {logging_mixin.py:151} INFO - path of config file:  /opt/***
[2024-07-03T12:05:37.643+0000] {logging_mixin.py:151} INFO - #>2024-07-03 12:05:37.643347_User@StatDep: EmailRobot in screated.
[2024-07-03T12:05:37.643+0000] {logging_mixin.py:151} INFO - #>2024-07-03 12:05:37.643535_User@StatDep: get_for_recent_emails is started...
[2024-07-03T12:05:37.643+0000] {logging_mixin.py:151} INFO - #>2024-07-03 12:05:37.643678_User@StatDep: pop3_fetch_emails isstarted...
[2024-07-03T12:05:38.029+0000] {logging_mixin.py:151} INFO -    b'+OK'
[2024-07-03T12:05:38.611+0000] {logging_mixin.py:151} INFO -    mailbox have 1 emails and the robot can process 10
[2024-07-03T12:05:39.204+0000] {logging_mixin.py:151} INFO -    #>2024-07-03 12:05:39.204593_conneciton to db is set.
[2024-07-03T12:05:39.212+0000] {taskinstance.py:1943} ERROR - Task failed with exception
Traceback (most recent call last):
  File "/home/airflow/.local/lib/python3.8/site-packages/airflow/operators/python.py", line 192, in execute
    return_value = self.execute_callable()
  File "/home/airflow/.local/lib/python3.8/site-packages/airflow/operators/python.py", line 209, in execute_callable
    return self.python_callable(*self.op_args, **self.op_kwargs)
  File "/opt/airflow/dags/dag_email_robot.py", line 25, in get_emails
    robot.fetch_emails()
  File "/opt/airflow/dags/emailRobot.py", line 62, in fetch_emails
    return self.pop3_fetch_emails()
  File "/opt/airflow/dags/emailRobot.py", line 156, in pop3_fetch_emails
    cursor.execute (query, insert_values)
psycopg2.errors.UndefinedTable: relation "sma_stat_dep.tbl_file_upload" does not exist
LINE 1: ...) AS (INSERT INTO                                 sma_stat_d...
                                                             ^

[2024-07-03T12:05:39.229+0000] {taskinstance.py:1400} INFO - Marking task as FAILED. dag_id=reports_workflow, task_id=id_task_get_emails, execution_date=20240702T162500, start_date=20240703T120537, end_date=20240703T120539
[2024-07-03T12:05:39.243+0000] {standard_task_runner.py:104} ERROR - Failed to execute job 883 for task id_task_get_emails (relation "sma_stat_dep.tbl_file_upload" does not exist
LINE 1: ...) AS (INSERT INTO                                 sma_stat_d...
                                                             ^
; 23551)
[2024-07-03T12:05:39.278+0000] {local_task_job_runner.py:228} INFO - Task exited with return code 1
[2024-07-03T12:05:39.313+0000] {taskinstance.py:2784} INFO - 0 downstream tasks scheduled from follow-on schedule check
[2024-07-03T12:27:57.451+0000] {taskinstance.py:1159} INFO - Dependencies all met for dep_context=non-requeueable deps ti=<TaskInstance: reports_workflow.id_task_get_emails scheduled__2024-07-02T16:25:00+00:00 [queued]>
[2024-07-03T12:27:57.466+0000] {taskinstance.py:1159} INFO - Dependencies all met for dep_context=requeueable deps ti=<TaskInstance: reports_workflow.id_task_get_emails scheduled__2024-07-02T16:25:00+00:00 [queued]>
[2024-07-03T12:27:57.467+0000] {taskinstance.py:1361} INFO - Starting attempt 1 of 1
[2024-07-03T12:27:57.509+0000] {taskinstance.py:1382} INFO - Executing <Task(PythonOperator): id_task_get_emails> on 2024-07-02 16:25:00+00:00
[2024-07-03T12:27:57.521+0000] {standard_task_runner.py:57} INFO - Started process 24665 to run task
[2024-07-03T12:27:57.546+0000] {standard_task_runner.py:84} INFO - Running: ['***', 'tasks', 'run', 'reports_workflow', 'id_task_get_emails', 'scheduled__2024-07-02T16:25:00+00:00', '--job-id', '1273', '--raw', '--subdir', 'DAGS_FOLDER/dag_email_robot.py', '--cfg-path', '/tmp/tmpit60ubd1']
[2024-07-03T12:27:57.550+0000] {standard_task_runner.py:85} INFO - Job 1273: Subtask id_task_get_emails
[2024-07-03T12:27:57.767+0000] {task_command.py:415} INFO - Running <TaskInstance: reports_workflow.id_task_get_emails scheduled__2024-07-02T16:25:00+00:00 [running]> on host 6f4ef5488251
[2024-07-03T12:27:58.070+0000] {taskinstance.py:1660} INFO - Exporting env vars: AIRFLOW_CTX_DAG_OWNER='FIRDAVS' AIRFLOW_CTX_DAG_ID='reports_workflow' AIRFLOW_CTX_TASK_ID='id_task_get_emails' AIRFLOW_CTX_EXECUTION_DATE='2024-07-02T16:25:00+00:00' AIRFLOW_CTX_TRY_NUMBER='1' AIRFLOW_CTX_DAG_RUN_ID='scheduled__2024-07-02T16:25:00+00:00'
[2024-07-03T12:27:58.071+0000] {logging_mixin.py:151} INFO - path of config file:  /opt/***
[2024-07-03T12:27:58.072+0000] {logging_mixin.py:151} INFO - #>2024-07-03 12:27:58.072165_User@StatDep: EmailRobot in screated.
[2024-07-03T12:27:58.072+0000] {logging_mixin.py:151} INFO - #>2024-07-03 12:27:58.072909_User@StatDep: get_for_recent_emails is started...
[2024-07-03T12:27:58.073+0000] {logging_mixin.py:151} INFO - #>2024-07-03 12:27:58.073112_User@StatDep: pop3_fetch_emails isstarted...
[2024-07-03T12:27:58.445+0000] {logging_mixin.py:151} INFO -    b'+OK'
[2024-07-03T12:27:58.781+0000] {logging_mixin.py:151} INFO -    mailbox have 0 emails and the robot can process 10
[2024-07-03T12:27:58.782+0000] {logging_mixin.py:151} INFO - #>2024-07-03 12:27:58.782157_User@StatDep: no emails to process, exiting pop3_fetch_emails()...
[2024-07-03T12:27:58.782+0000] {python.py:194} INFO - Done. Returned value was: True
[2024-07-03T12:27:58.840+0000] {taskinstance.py:1400} INFO - Marking task as SUCCESS. dag_id=reports_workflow, task_id=id_task_get_emails, execution_date=20240702T162500, start_date=20240703T122757, end_date=20240703T122758
[2024-07-03T12:27:58.959+0000] {local_task_job_runner.py:228} INFO - Task exited with return code 0
[2024-07-03T12:27:59.011+0000] {taskinstance.py:2784} INFO - 1 downstream tasks scheduled from follow-on schedule check
