[2024-08-02T06:57:14.130+0000] {taskinstance.py:1159} INFO - Dependencies all met for dep_context=non-requeueable deps ti=<TaskInstance: reports_workflow.id_task_get_emails scheduled__2024-08-02T06:45:00+00:00 [queued]>
[2024-08-02T06:57:14.139+0000] {taskinstance.py:1159} INFO - Dependencies all met for dep_context=requeueable deps ti=<TaskInstance: reports_workflow.id_task_get_emails scheduled__2024-08-02T06:45:00+00:00 [queued]>
[2024-08-02T06:57:14.139+0000] {taskinstance.py:1361} INFO - Starting attempt 2 of 2
[2024-08-02T06:57:14.153+0000] {taskinstance.py:1382} INFO - Executing <Task(PythonOperator): id_task_get_emails> on 2024-08-02 06:45:00+00:00
[2024-08-02T06:57:14.158+0000] {standard_task_runner.py:57} INFO - Started process 66131 to run task
[2024-08-02T06:57:14.165+0000] {standard_task_runner.py:84} INFO - Running: ['***', 'tasks', 'run', 'reports_workflow', 'id_task_get_emails', 'scheduled__2024-08-02T06:45:00+00:00', '--job-id', '1815', '--raw', '--subdir', 'DAGS_FOLDER/dag_stat_report.py', '--cfg-path', '/tmp/tmpjs_xow9g']
[2024-08-02T06:57:14.169+0000] {standard_task_runner.py:85} INFO - Job 1815: Subtask id_task_get_emails
[2024-08-02T06:57:14.292+0000] {task_command.py:415} INFO - Running <TaskInstance: reports_workflow.id_task_get_emails scheduled__2024-08-02T06:45:00+00:00 [running]> on host 6bb718ab9b8f
[2024-08-02T06:57:14.450+0000] {taskinstance.py:1660} INFO - Exporting env vars: AIRFLOW_CTX_DAG_OWNER='FIRDAVS' AIRFLOW_CTX_DAG_ID='reports_workflow' AIRFLOW_CTX_TASK_ID='id_task_get_emails' AIRFLOW_CTX_EXECUTION_DATE='2024-08-02T06:45:00+00:00' AIRFLOW_CTX_TRY_NUMBER='2' AIRFLOW_CTX_DAG_RUN_ID='scheduled__2024-08-02T06:45:00+00:00'
[2024-08-02T06:57:14.452+0000] {logging_mixin.py:151} INFO - path of config file:  /opt/***
[2024-08-02T06:57:14.452+0000] {logging_mixin.py:151} INFO - #>2024-08-02 06:57:14.452941_User@StatDep: EmailRobot in screated.
[2024-08-02T06:57:14.453+0000] {logging_mixin.py:151} INFO - #>2024-08-02 06:57:14.453140_User@StatDep: get_for_recent_emails is started...
[2024-08-02T06:57:14.453+0000] {logging_mixin.py:151} INFO - #>2024-08-02 06:57:14.453293_User@StatDep: pop3_fetch_emails isstarted...
[2024-08-02T06:57:14.980+0000] {logging_mixin.py:151} INFO -    b'+OK'
[2024-08-02T06:57:15.374+0000] {logging_mixin.py:151} INFO -    mailbox have 0 emails and the robot can process 10
[2024-08-02T06:57:15.374+0000] {logging_mixin.py:151} INFO - #>2024-08-02 06:57:15.374713_User@StatDep: no emails to process, exiting pop3_fetch_emails()...
[2024-08-02T06:57:15.375+0000] {python.py:194} INFO - Done. Returned value was: True
[2024-08-02T06:57:15.410+0000] {taskinstance.py:1400} INFO - Marking task as SUCCESS. dag_id=reports_workflow, task_id=id_task_get_emails, execution_date=20240802T064500, start_date=20240802T065714, end_date=20240802T065715
[2024-08-02T06:57:15.459+0000] {local_task_job_runner.py:228} INFO - Task exited with return code 0
[2024-08-02T06:57:15.490+0000] {taskinstance.py:2784} INFO - 1 downstream tasks scheduled from follow-on schedule check
