[2024-07-08T08:50:01.711+0000] {taskinstance.py:1159} INFO - Dependencies all met for dep_context=non-requeueable deps ti=<TaskInstance: reports_workflow.id_task_get_emails scheduled__2024-07-08T08:45:00+00:00 [queued]>
[2024-07-08T08:50:01.717+0000] {taskinstance.py:1159} INFO - Dependencies all met for dep_context=requeueable deps ti=<TaskInstance: reports_workflow.id_task_get_emails scheduled__2024-07-08T08:45:00+00:00 [queued]>
[2024-07-08T08:50:01.718+0000] {taskinstance.py:1361} INFO - Starting attempt 1 of 2
[2024-07-08T08:50:01.728+0000] {taskinstance.py:1382} INFO - Executing <Task(PythonOperator): id_task_get_emails> on 2024-07-08 08:45:00+00:00
[2024-07-08T08:50:01.734+0000] {standard_task_runner.py:57} INFO - Started process 6178 to run task
[2024-07-08T08:50:01.740+0000] {standard_task_runner.py:84} INFO - Running: ['***', 'tasks', 'run', 'reports_workflow', 'id_task_get_emails', 'scheduled__2024-07-08T08:45:00+00:00', '--job-id', '3649', '--raw', '--subdir', 'DAGS_FOLDER/dag_email_robot.py', '--cfg-path', '/tmp/tmpbjusjm5i']
[2024-07-08T08:50:01.745+0000] {standard_task_runner.py:85} INFO - Job 3649: Subtask id_task_get_emails
[2024-07-08T08:50:01.824+0000] {task_command.py:415} INFO - Running <TaskInstance: reports_workflow.id_task_get_emails scheduled__2024-07-08T08:45:00+00:00 [running]> on host 6f4ef5488251
[2024-07-08T08:50:01.932+0000] {taskinstance.py:1660} INFO - Exporting env vars: AIRFLOW_CTX_DAG_OWNER='FIRDAVS' AIRFLOW_CTX_DAG_ID='reports_workflow' AIRFLOW_CTX_TASK_ID='id_task_get_emails' AIRFLOW_CTX_EXECUTION_DATE='2024-07-08T08:45:00+00:00' AIRFLOW_CTX_TRY_NUMBER='1' AIRFLOW_CTX_DAG_RUN_ID='scheduled__2024-07-08T08:45:00+00:00'
[2024-07-08T08:50:01.933+0000] {logging_mixin.py:151} INFO - path of config file:  /opt/***
[2024-07-08T08:50:01.934+0000] {logging_mixin.py:151} INFO - #>2024-07-08 08:50:01.934405_User@StatDep: EmailRobot in screated.
[2024-07-08T08:50:01.934+0000] {logging_mixin.py:151} INFO - #>2024-07-08 08:50:01.934581_User@StatDep: get_for_recent_emails is started...
[2024-07-08T08:50:01.934+0000] {logging_mixin.py:151} INFO - #>2024-07-08 08:50:01.934704_User@StatDep: pop3_fetch_emails isstarted...
[2024-07-08T08:50:02.385+0000] {logging_mixin.py:151} INFO -    b'+OK'
[2024-07-08T08:50:02.711+0000] {logging_mixin.py:151} INFO -    mailbox have 0 emails and the robot can process 10
[2024-07-08T08:50:02.711+0000] {logging_mixin.py:151} INFO - #>2024-07-08 08:50:02.711622_User@StatDep: no emails to process, exiting pop3_fetch_emails()...
[2024-07-08T08:50:02.712+0000] {python.py:194} INFO - Done. Returned value was: True
[2024-07-08T08:50:02.753+0000] {taskinstance.py:1400} INFO - Marking task as SUCCESS. dag_id=reports_workflow, task_id=id_task_get_emails, execution_date=20240708T084500, start_date=20240708T085001, end_date=20240708T085002
[2024-07-08T08:50:02.794+0000] {local_task_job_runner.py:228} INFO - Task exited with return code 0
[2024-07-08T08:50:02.826+0000] {taskinstance.py:2784} INFO - 1 downstream tasks scheduled from follow-on schedule check
[2024-07-08T10:22:56.903+0000] {taskinstance.py:1159} INFO - Dependencies all met for dep_context=non-requeueable deps ti=<TaskInstance: reports_workflow.id_task_get_emails scheduled__2024-07-08T08:45:00+00:00 [queued]>
[2024-07-08T10:22:56.935+0000] {taskinstance.py:1159} INFO - Dependencies all met for dep_context=requeueable deps ti=<TaskInstance: reports_workflow.id_task_get_emails scheduled__2024-07-08T08:45:00+00:00 [queued]>
[2024-07-08T10:22:56.936+0000] {taskinstance.py:1361} INFO - Starting attempt 1 of 2
[2024-07-08T10:22:56.950+0000] {taskinstance.py:1382} INFO - Executing <Task(PythonOperator): id_task_get_emails> on 2024-07-08 08:45:00+00:00
[2024-07-08T10:22:56.960+0000] {standard_task_runner.py:57} INFO - Started process 8236 to run task
[2024-07-08T10:22:56.975+0000] {standard_task_runner.py:84} INFO - Running: ['***', 'tasks', 'run', 'reports_workflow', 'id_task_get_emails', 'scheduled__2024-07-08T08:45:00+00:00', '--job-id', '3862', '--raw', '--subdir', 'DAGS_FOLDER/dag_email_robot.py', '--cfg-path', '/tmp/tmp8ai_9r_b']
[2024-07-08T10:22:56.979+0000] {standard_task_runner.py:85} INFO - Job 3862: Subtask id_task_get_emails
[2024-07-08T10:22:57.042+0000] {task_command.py:415} INFO - Running <TaskInstance: reports_workflow.id_task_get_emails scheduled__2024-07-08T08:45:00+00:00 [running]> on host 6f4ef5488251
[2024-07-08T10:22:57.134+0000] {taskinstance.py:1660} INFO - Exporting env vars: AIRFLOW_CTX_DAG_OWNER='FIRDAVS' AIRFLOW_CTX_DAG_ID='reports_workflow' AIRFLOW_CTX_TASK_ID='id_task_get_emails' AIRFLOW_CTX_EXECUTION_DATE='2024-07-08T08:45:00+00:00' AIRFLOW_CTX_TRY_NUMBER='1' AIRFLOW_CTX_DAG_RUN_ID='scheduled__2024-07-08T08:45:00+00:00'
[2024-07-08T10:22:57.136+0000] {logging_mixin.py:151} INFO - path of config file:  /opt/***
[2024-07-08T10:22:57.136+0000] {logging_mixin.py:151} INFO - #>2024-07-08 10:22:57.136674_User@StatDep: EmailRobot in screated.
[2024-07-08T10:22:57.136+0000] {logging_mixin.py:151} INFO - #>2024-07-08 10:22:57.136926_User@StatDep: get_for_recent_emails is started...
[2024-07-08T10:22:57.137+0000] {logging_mixin.py:151} INFO - #>2024-07-08 10:22:57.137116_User@StatDep: pop3_fetch_emails isstarted...
[2024-07-08T10:22:57.558+0000] {logging_mixin.py:151} INFO -    b'+OK'
[2024-07-08T10:22:57.846+0000] {logging_mixin.py:151} INFO -    mailbox have 0 emails and the robot can process 10
[2024-07-08T10:22:57.846+0000] {logging_mixin.py:151} INFO - #>2024-07-08 10:22:57.846716_User@StatDep: no emails to process, exiting pop3_fetch_emails()...
[2024-07-08T10:22:57.847+0000] {python.py:194} INFO - Done. Returned value was: True
[2024-07-08T10:22:57.879+0000] {taskinstance.py:1400} INFO - Marking task as SUCCESS. dag_id=reports_workflow, task_id=id_task_get_emails, execution_date=20240708T084500, start_date=20240708T102256, end_date=20240708T102257
[2024-07-08T10:22:57.906+0000] {local_task_job_runner.py:228} INFO - Task exited with return code 0
[2024-07-08T10:22:57.952+0000] {taskinstance.py:2784} INFO - 1 downstream tasks scheduled from follow-on schedule check
