[2024-07-03T09:57:51.549+0000] {taskinstance.py:1159} INFO - Dependencies all met for dep_context=non-requeueable deps ti=<TaskInstance: reports_workflow.id_task_get_emails scheduled__2024-07-02T12:40:00+00:00 [queued]>
[2024-07-03T09:57:51.558+0000] {taskinstance.py:1159} INFO - Dependencies all met for dep_context=requeueable deps ti=<TaskInstance: reports_workflow.id_task_get_emails scheduled__2024-07-02T12:40:00+00:00 [queued]>
[2024-07-03T09:57:51.559+0000] {taskinstance.py:1361} INFO - Starting attempt 1 of 1
[2024-07-03T09:57:51.597+0000] {taskinstance.py:1382} INFO - Executing <Task(PythonOperator): id_task_get_emails> on 2024-07-02 12:40:00+00:00
[2024-07-03T09:57:51.609+0000] {standard_task_runner.py:57} INFO - Started process 20635 to run task
[2024-07-03T09:57:51.623+0000] {standard_task_runner.py:84} INFO - Running: ['***', 'tasks', 'run', 'reports_workflow', 'id_task_get_emails', 'scheduled__2024-07-02T12:40:00+00:00', '--job-id', '396', '--raw', '--subdir', 'DAGS_FOLDER/dag_email_robot.py', '--cfg-path', '/tmp/tmp5wl_d0hc']
[2024-07-03T09:57:51.624+0000] {standard_task_runner.py:85} INFO - Job 396: Subtask id_task_get_emails
[2024-07-03T09:57:51.749+0000] {task_command.py:415} INFO - Running <TaskInstance: reports_workflow.id_task_get_emails scheduled__2024-07-02T12:40:00+00:00 [running]> on host 6f4ef5488251
[2024-07-03T09:57:51.858+0000] {taskinstance.py:1660} INFO - Exporting env vars: AIRFLOW_CTX_DAG_OWNER='FIRDAVS' AIRFLOW_CTX_DAG_ID='reports_workflow' AIRFLOW_CTX_TASK_ID='id_task_get_emails' AIRFLOW_CTX_EXECUTION_DATE='2024-07-02T12:40:00+00:00' AIRFLOW_CTX_TRY_NUMBER='1' AIRFLOW_CTX_DAG_RUN_ID='scheduled__2024-07-02T12:40:00+00:00'
[2024-07-03T09:57:51.859+0000] {logging_mixin.py:151} INFO - path of config file:  /opt/***
[2024-07-03T09:57:51.859+0000] {taskinstance.py:1943} ERROR - Task failed with exception
Traceback (most recent call last):
  File "/home/airflow/.local/lib/python3.8/site-packages/airflow/operators/python.py", line 192, in execute
    return_value = self.execute_callable()
  File "/home/airflow/.local/lib/python3.8/site-packages/airflow/operators/python.py", line 209, in execute_callable
    return self.python_callable(*self.op_args, **self.op_kwargs)
  File "/opt/airflow/dags/dag_email_robot.py", line 22, in get_emails
    email_conf = json.load (open(path / ("config/email_conf.json")))
NameError: name 'json' is not defined
[2024-07-03T09:57:51.871+0000] {taskinstance.py:1400} INFO - Marking task as FAILED. dag_id=reports_workflow, task_id=id_task_get_emails, execution_date=20240702T124000, start_date=20240703T095751, end_date=20240703T095751
[2024-07-03T09:57:51.885+0000] {standard_task_runner.py:104} ERROR - Failed to execute job 396 for task id_task_get_emails (name 'json' is not defined; 20635)
[2024-07-03T09:57:51.938+0000] {local_task_job_runner.py:228} INFO - Task exited with return code 1
[2024-07-03T09:57:51.988+0000] {taskinstance.py:2784} INFO - 0 downstream tasks scheduled from follow-on schedule check
[2024-07-03T12:05:21.497+0000] {taskinstance.py:1159} INFO - Dependencies all met for dep_context=non-requeueable deps ti=<TaskInstance: reports_workflow.id_task_get_emails scheduled__2024-07-02T12:40:00+00:00 [queued]>
[2024-07-03T12:05:21.506+0000] {taskinstance.py:1159} INFO - Dependencies all met for dep_context=requeueable deps ti=<TaskInstance: reports_workflow.id_task_get_emails scheduled__2024-07-02T12:40:00+00:00 [queued]>
[2024-07-03T12:05:21.506+0000] {taskinstance.py:1361} INFO - Starting attempt 1 of 1
[2024-07-03T12:05:21.519+0000] {taskinstance.py:1382} INFO - Executing <Task(PythonOperator): id_task_get_emails> on 2024-07-02 12:40:00+00:00
[2024-07-03T12:05:21.525+0000] {standard_task_runner.py:57} INFO - Started process 23456 to run task
[2024-07-03T12:05:21.531+0000] {standard_task_runner.py:84} INFO - Running: ['***', 'tasks', 'run', 'reports_workflow', 'id_task_get_emails', 'scheduled__2024-07-02T12:40:00+00:00', '--job-id', '838', '--raw', '--subdir', 'DAGS_FOLDER/dag_email_robot.py', '--cfg-path', '/tmp/tmpv5j44mvi']
[2024-07-03T12:05:21.533+0000] {standard_task_runner.py:85} INFO - Job 838: Subtask id_task_get_emails
[2024-07-03T12:05:21.591+0000] {task_command.py:415} INFO - Running <TaskInstance: reports_workflow.id_task_get_emails scheduled__2024-07-02T12:40:00+00:00 [running]> on host 6f4ef5488251
[2024-07-03T12:05:21.706+0000] {taskinstance.py:1660} INFO - Exporting env vars: AIRFLOW_CTX_DAG_OWNER='FIRDAVS' AIRFLOW_CTX_DAG_ID='reports_workflow' AIRFLOW_CTX_TASK_ID='id_task_get_emails' AIRFLOW_CTX_EXECUTION_DATE='2024-07-02T12:40:00+00:00' AIRFLOW_CTX_TRY_NUMBER='1' AIRFLOW_CTX_DAG_RUN_ID='scheduled__2024-07-02T12:40:00+00:00'
[2024-07-03T12:05:21.710+0000] {logging_mixin.py:151} INFO - path of config file:  /opt/***
[2024-07-03T12:05:21.710+0000] {logging_mixin.py:151} INFO - #>2024-07-03 12:05:21.710517_User@StatDep: EmailRobot in screated.
[2024-07-03T12:05:21.710+0000] {logging_mixin.py:151} INFO - #>2024-07-03 12:05:21.710871_User@StatDep: get_for_recent_emails is started...
[2024-07-03T12:05:21.711+0000] {logging_mixin.py:151} INFO - #>2024-07-03 12:05:21.711003_User@StatDep: pop3_fetch_emails isstarted...
[2024-07-03T12:05:22.185+0000] {logging_mixin.py:151} INFO -    b'+OK'
[2024-07-03T12:05:22.688+0000] {logging_mixin.py:151} INFO -    mailbox have 1 emails and the robot can process 10
[2024-07-03T12:05:23.136+0000] {logging_mixin.py:151} INFO -    #>2024-07-03 12:05:23.136342_conneciton to db is set.
[2024-07-03T12:05:23.154+0000] {taskinstance.py:1943} ERROR - Task failed with exception
Traceback (most recent call last):
  File "/home/airflow/.local/lib/python3.8/site-packages/airflow/operators/python.py", line 192, in execute
    return_value = self.execute_callable()
  File "/home/airflow/.local/lib/python3.8/site-packages/airflow/operators/python.py", line 209, in execute_callable
    return self.python_callable(*self.op_args, **self.op_kwargs)
  File "/opt/airflow/dags/dag_email_robot.py", line 25, in get_emails
    robot.fetch_emails()
  File "/opt/airflow/dags/emailRobot.py", line 62, in fetch_emails
    return self.pop3_fetch_emails()
  File "/opt/airflow/dags/emailRobot.py", line 156, in pop3_fetch_emails
    cursor.execute (query, insert_values)
psycopg2.errors.UndefinedTable: relation "sma_stat_dep.tbl_file_upload" does not exist
LINE 1: ...) AS (INSERT INTO                                 sma_stat_d...
                                                             ^

[2024-07-03T12:05:23.178+0000] {taskinstance.py:1400} INFO - Marking task as FAILED. dag_id=reports_workflow, task_id=id_task_get_emails, execution_date=20240702T124000, start_date=20240703T120521, end_date=20240703T120523
[2024-07-03T12:05:23.237+0000] {standard_task_runner.py:104} ERROR - Failed to execute job 838 for task id_task_get_emails (relation "sma_stat_dep.tbl_file_upload" does not exist
LINE 1: ...) AS (INSERT INTO                                 sma_stat_d...
                                                             ^
; 23456)
[2024-07-03T12:05:23.265+0000] {local_task_job_runner.py:228} INFO - Task exited with return code 1
[2024-07-03T12:05:23.468+0000] {taskinstance.py:2784} INFO - 0 downstream tasks scheduled from follow-on schedule check
[2024-07-03T12:24:38.143+0000] {taskinstance.py:1159} INFO - Dependencies all met for dep_context=non-requeueable deps ti=<TaskInstance: reports_workflow.id_task_get_emails scheduled__2024-07-02T12:40:00+00:00 [queued]>
[2024-07-03T12:24:38.160+0000] {taskinstance.py:1159} INFO - Dependencies all met for dep_context=requeueable deps ti=<TaskInstance: reports_workflow.id_task_get_emails scheduled__2024-07-02T12:40:00+00:00 [queued]>
[2024-07-03T12:24:38.160+0000] {taskinstance.py:1361} INFO - Starting attempt 1 of 1
[2024-07-03T12:24:38.229+0000] {taskinstance.py:1382} INFO - Executing <Task(PythonOperator): id_task_get_emails> on 2024-07-02 12:40:00+00:00
[2024-07-03T12:24:38.233+0000] {standard_task_runner.py:57} INFO - Started process 24440 to run task
[2024-07-03T12:24:38.246+0000] {standard_task_runner.py:84} INFO - Running: ['***', 'tasks', 'run', 'reports_workflow', 'id_task_get_emails', 'scheduled__2024-07-02T12:40:00+00:00', '--job-id', '1185', '--raw', '--subdir', 'DAGS_FOLDER/dag_email_robot.py', '--cfg-path', '/tmp/tmp0nj_mns0']
[2024-07-03T12:24:38.250+0000] {standard_task_runner.py:85} INFO - Job 1185: Subtask id_task_get_emails
[2024-07-03T12:24:38.355+0000] {task_command.py:415} INFO - Running <TaskInstance: reports_workflow.id_task_get_emails scheduled__2024-07-02T12:40:00+00:00 [running]> on host 6f4ef5488251
[2024-07-03T12:24:38.568+0000] {taskinstance.py:1660} INFO - Exporting env vars: AIRFLOW_CTX_DAG_OWNER='FIRDAVS' AIRFLOW_CTX_DAG_ID='reports_workflow' AIRFLOW_CTX_TASK_ID='id_task_get_emails' AIRFLOW_CTX_EXECUTION_DATE='2024-07-02T12:40:00+00:00' AIRFLOW_CTX_TRY_NUMBER='1' AIRFLOW_CTX_DAG_RUN_ID='scheduled__2024-07-02T12:40:00+00:00'
[2024-07-03T12:24:38.569+0000] {logging_mixin.py:151} INFO - path of config file:  /opt/***
[2024-07-03T12:24:38.570+0000] {logging_mixin.py:151} INFO - #>2024-07-03 12:24:38.570394_User@StatDep: EmailRobot in screated.
[2024-07-03T12:24:38.570+0000] {logging_mixin.py:151} INFO - #>2024-07-03 12:24:38.570567_User@StatDep: get_for_recent_emails is started...
[2024-07-03T12:24:38.572+0000] {logging_mixin.py:151} INFO - #>2024-07-03 12:24:38.572613_User@StatDep: pop3_fetch_emails isstarted...
[2024-07-03T12:24:38.964+0000] {logging_mixin.py:151} INFO -    b'+OK'
[2024-07-03T12:24:39.271+0000] {logging_mixin.py:151} INFO -    mailbox have 0 emails and the robot can process 10
[2024-07-03T12:24:39.278+0000] {logging_mixin.py:151} INFO - #>2024-07-03 12:24:39.271764_User@StatDep: no emails to process, exiting pop3_fetch_emails()...
[2024-07-03T12:24:39.278+0000] {python.py:194} INFO - Done. Returned value was: True
[2024-07-03T12:24:39.344+0000] {taskinstance.py:1400} INFO - Marking task as SUCCESS. dag_id=reports_workflow, task_id=id_task_get_emails, execution_date=20240702T124000, start_date=20240703T122438, end_date=20240703T122439
[2024-07-03T12:24:39.578+0000] {local_task_job_runner.py:228} INFO - Task exited with return code 0
[2024-07-03T12:24:39.623+0000] {taskinstance.py:2784} INFO - 1 downstream tasks scheduled from follow-on schedule check
