[2024-08-01T08:12:15.026+0000] {taskinstance.py:1159} INFO - Dependencies all met for dep_context=non-requeueable deps ti=<TaskInstance: reports_workflow.id_task_get_emails scheduled__2024-08-01T08:00:00+00:00 [queued]>
[2024-08-01T08:12:15.034+0000] {taskinstance.py:1159} INFO - Dependencies all met for dep_context=requeueable deps ti=<TaskInstance: reports_workflow.id_task_get_emails scheduled__2024-08-01T08:00:00+00:00 [queued]>
[2024-08-01T08:12:15.034+0000] {taskinstance.py:1361} INFO - Starting attempt 2 of 2
[2024-08-01T08:12:15.046+0000] {taskinstance.py:1382} INFO - Executing <Task(PythonOperator): id_task_get_emails> on 2024-08-01 08:00:00+00:00
[2024-08-01T08:12:15.051+0000] {standard_task_runner.py:57} INFO - Started process 43903 to run task
[2024-08-01T08:12:15.062+0000] {standard_task_runner.py:84} INFO - Running: ['***', 'tasks', 'run', 'reports_workflow', 'id_task_get_emails', 'scheduled__2024-08-01T08:00:00+00:00', '--job-id', '1340', '--raw', '--subdir', 'DAGS_FOLDER/dag_stat_report.py', '--cfg-path', '/tmp/tmpfwiko_w_']
[2024-08-01T08:12:15.070+0000] {standard_task_runner.py:85} INFO - Job 1340: Subtask id_task_get_emails
[2024-08-01T08:12:15.166+0000] {task_command.py:415} INFO - Running <TaskInstance: reports_workflow.id_task_get_emails scheduled__2024-08-01T08:00:00+00:00 [running]> on host 6bb718ab9b8f
[2024-08-01T08:12:15.310+0000] {taskinstance.py:1660} INFO - Exporting env vars: AIRFLOW_CTX_DAG_OWNER='FIRDAVS' AIRFLOW_CTX_DAG_ID='reports_workflow' AIRFLOW_CTX_TASK_ID='id_task_get_emails' AIRFLOW_CTX_EXECUTION_DATE='2024-08-01T08:00:00+00:00' AIRFLOW_CTX_TRY_NUMBER='2' AIRFLOW_CTX_DAG_RUN_ID='scheduled__2024-08-01T08:00:00+00:00'
[2024-08-01T08:12:15.312+0000] {logging_mixin.py:151} INFO - path of config file:  /opt/***
[2024-08-01T08:12:15.313+0000] {logging_mixin.py:151} INFO - #>2024-08-01 08:12:15.313129_User@StatDep: EmailRobot in screated.
[2024-08-01T08:12:15.313+0000] {logging_mixin.py:151} INFO - #>2024-08-01 08:12:15.313367_User@StatDep: get_for_recent_emails is started...
[2024-08-01T08:12:15.313+0000] {logging_mixin.py:151} INFO - #>2024-08-01 08:12:15.313520_User@StatDep: pop3_fetch_emails isstarted...
[2024-08-01T08:12:15.888+0000] {logging_mixin.py:151} INFO -    b'+OK'
[2024-08-01T08:12:16.271+0000] {logging_mixin.py:151} INFO -    mailbox have 0 emails and the robot can process 10
[2024-08-01T08:12:16.272+0000] {logging_mixin.py:151} INFO - #>2024-08-01 08:12:16.272406_User@StatDep: no emails to process, exiting pop3_fetch_emails()...
[2024-08-01T08:12:16.273+0000] {python.py:194} INFO - Done. Returned value was: True
[2024-08-01T08:12:16.311+0000] {taskinstance.py:1400} INFO - Marking task as SUCCESS. dag_id=reports_workflow, task_id=id_task_get_emails, execution_date=20240801T080000, start_date=20240801T081215, end_date=20240801T081216
[2024-08-01T08:12:16.353+0000] {local_task_job_runner.py:228} INFO - Task exited with return code 0
[2024-08-01T08:12:16.389+0000] {taskinstance.py:2784} INFO - 1 downstream tasks scheduled from follow-on schedule check
