[2024-07-08T05:45:04.581+0000] {taskinstance.py:1159} INFO - Dependencies all met for dep_context=non-requeueable deps ti=<TaskInstance: reports_workflow.id_task_send_emails scheduled__2024-07-08T05:40:00+00:00 [queued]>
[2024-07-08T05:45:04.589+0000] {taskinstance.py:1159} INFO - Dependencies all met for dep_context=requeueable deps ti=<TaskInstance: reports_workflow.id_task_send_emails scheduled__2024-07-08T05:40:00+00:00 [queued]>
[2024-07-08T05:45:04.589+0000] {taskinstance.py:1361} INFO - Starting attempt 1 of 2
[2024-07-08T05:45:04.601+0000] {taskinstance.py:1382} INFO - Executing <Task(PythonOperator): id_task_send_emails> on 2024-07-08 05:40:00+00:00
[2024-07-08T05:45:04.607+0000] {standard_task_runner.py:57} INFO - Started process 2999 to run task
[2024-07-08T05:45:04.617+0000] {standard_task_runner.py:84} INFO - Running: ['***', 'tasks', 'run', 'reports_workflow', 'id_task_send_emails', 'scheduled__2024-07-08T05:40:00+00:00', '--job-id', '3540', '--raw', '--subdir', 'DAGS_FOLDER/dag_email_robot.py', '--cfg-path', '/tmp/tmpuds9vvr4']
[2024-07-08T05:45:04.621+0000] {standard_task_runner.py:85} INFO - Job 3540: Subtask id_task_send_emails
[2024-07-08T05:45:04.706+0000] {task_command.py:415} INFO - Running <TaskInstance: reports_workflow.id_task_send_emails scheduled__2024-07-08T05:40:00+00:00 [running]> on host 6f4ef5488251
[2024-07-08T05:45:04.815+0000] {taskinstance.py:1660} INFO - Exporting env vars: AIRFLOW_CTX_DAG_OWNER='FIRDAVS' AIRFLOW_CTX_DAG_ID='reports_workflow' AIRFLOW_CTX_TASK_ID='id_task_send_emails' AIRFLOW_CTX_EXECUTION_DATE='2024-07-08T05:40:00+00:00' AIRFLOW_CTX_TRY_NUMBER='1' AIRFLOW_CTX_DAG_RUN_ID='scheduled__2024-07-08T05:40:00+00:00'
[2024-07-08T05:45:04.817+0000] {logging_mixin.py:151} INFO - path of config file:  /opt/***
[2024-07-08T05:45:04.817+0000] {logging_mixin.py:151} INFO - #>2024-07-08 05:45:04.817622_User@StatDep: EmailRobot in screated.
[2024-07-08T05:45:04.817+0000] {logging_mixin.py:151} INFO - #>2024-07-08 05:45:04.817814_User@StatDep: send_validation_results is started...
[2024-07-08T05:45:04.829+0000] {logging_mixin.py:151} INFO -    #>2024-07-08 05:45:04.829621_conneciton to db is set.
[2024-07-08T05:45:04.832+0000] {logging_mixin.py:151} INFO -    #>2024-07-08 05:45:04.832521_cursor execution is successful.
[2024-07-08T05:45:04.832+0000] {logging_mixin.py:151} INFO -    There is no any new submissions found. The get_validation_results is over.
[2024-07-08T05:45:04.832+0000] {python.py:194} INFO - Done. Returned value was: True
[2024-07-08T05:45:04.854+0000] {taskinstance.py:1400} INFO - Marking task as SUCCESS. dag_id=reports_workflow, task_id=id_task_send_emails, execution_date=20240708T054000, start_date=20240708T054504, end_date=20240708T054504
[2024-07-08T05:45:04.903+0000] {local_task_job_runner.py:228} INFO - Task exited with return code 0
[2024-07-08T05:45:04.940+0000] {taskinstance.py:2784} INFO - 0 downstream tasks scheduled from follow-on schedule check
[2024-07-08T10:13:30.630+0000] {taskinstance.py:1159} INFO - Dependencies all met for dep_context=non-requeueable deps ti=<TaskInstance: reports_workflow.id_task_send_emails scheduled__2024-07-08T05:40:00+00:00 [queued]>
[2024-07-08T10:13:30.663+0000] {taskinstance.py:1159} INFO - Dependencies all met for dep_context=requeueable deps ti=<TaskInstance: reports_workflow.id_task_send_emails scheduled__2024-07-08T05:40:00+00:00 [queued]>
[2024-07-08T10:13:30.672+0000] {taskinstance.py:1361} INFO - Starting attempt 1 of 2
[2024-07-08T10:13:30.703+0000] {taskinstance.py:1382} INFO - Executing <Task(PythonOperator): id_task_send_emails> on 2024-07-08 05:40:00+00:00
[2024-07-08T10:13:30.728+0000] {standard_task_runner.py:57} INFO - Started process 7692 to run task
[2024-07-08T10:13:30.742+0000] {standard_task_runner.py:84} INFO - Running: ['***', 'tasks', 'run', 'reports_workflow', 'id_task_send_emails', 'scheduled__2024-07-08T05:40:00+00:00', '--job-id', '3730', '--raw', '--subdir', 'DAGS_FOLDER/dag_email_robot.py', '--cfg-path', '/tmp/tmp1ead8fmx']
[2024-07-08T10:13:30.745+0000] {standard_task_runner.py:85} INFO - Job 3730: Subtask id_task_send_emails
[2024-07-08T10:13:30.934+0000] {task_command.py:415} INFO - Running <TaskInstance: reports_workflow.id_task_send_emails scheduled__2024-07-08T05:40:00+00:00 [running]> on host 6f4ef5488251
[2024-07-08T10:13:31.160+0000] {taskinstance.py:1660} INFO - Exporting env vars: AIRFLOW_CTX_DAG_OWNER='FIRDAVS' AIRFLOW_CTX_DAG_ID='reports_workflow' AIRFLOW_CTX_TASK_ID='id_task_send_emails' AIRFLOW_CTX_EXECUTION_DATE='2024-07-08T05:40:00+00:00' AIRFLOW_CTX_TRY_NUMBER='1' AIRFLOW_CTX_DAG_RUN_ID='scheduled__2024-07-08T05:40:00+00:00'
[2024-07-08T10:13:31.164+0000] {logging_mixin.py:151} INFO - path of config file:  /opt/***
[2024-07-08T10:13:31.165+0000] {logging_mixin.py:151} INFO - #>2024-07-08 10:13:31.164998_User@StatDep: EmailRobot in screated.
[2024-07-08T10:13:31.165+0000] {logging_mixin.py:151} INFO - #>2024-07-08 10:13:31.165181_User@StatDep: send_validation_results is started...
[2024-07-08T10:13:32.718+0000] {logging_mixin.py:151} INFO -    #>2024-07-08 10:13:32.718365_conneciton to db is set.
[2024-07-08T10:13:32.915+0000] {logging_mixin.py:151} INFO -    #>2024-07-08 10:13:32.915263_cursor execution is successful.
[2024-07-08T10:13:32.917+0000] {logging_mixin.py:151} INFO -    There is no any new submissions found. The get_validation_results is over.
[2024-07-08T10:13:32.924+0000] {python.py:194} INFO - Done. Returned value was: True
[2024-07-08T10:13:32.991+0000] {taskinstance.py:1400} INFO - Marking task as SUCCESS. dag_id=reports_workflow, task_id=id_task_send_emails, execution_date=20240708T054000, start_date=20240708T101330, end_date=20240708T101332
[2024-07-08T10:13:33.087+0000] {local_task_job_runner.py:228} INFO - Task exited with return code 0
[2024-07-08T10:13:33.121+0000] {taskinstance.py:2784} INFO - 0 downstream tasks scheduled from follow-on schedule check
[2024-07-08T10:21:53.545+0000] {taskinstance.py:1159} INFO - Dependencies all met for dep_context=non-requeueable deps ti=<TaskInstance: reports_workflow.id_task_send_emails scheduled__2024-07-08T05:40:00+00:00 [queued]>
[2024-07-08T10:21:53.655+0000] {taskinstance.py:1159} INFO - Dependencies all met for dep_context=requeueable deps ti=<TaskInstance: reports_workflow.id_task_send_emails scheduled__2024-07-08T05:40:00+00:00 [queued]>
[2024-07-08T10:21:53.656+0000] {taskinstance.py:1361} INFO - Starting attempt 1 of 2
[2024-07-08T10:21:53.675+0000] {taskinstance.py:1382} INFO - Executing <Task(PythonOperator): id_task_send_emails> on 2024-07-08 05:40:00+00:00
[2024-07-08T10:21:53.681+0000] {standard_task_runner.py:57} INFO - Started process 7945 to run task
[2024-07-08T10:21:53.687+0000] {standard_task_runner.py:84} INFO - Running: ['***', 'tasks', 'run', 'reports_workflow', 'id_task_send_emails', 'scheduled__2024-07-08T05:40:00+00:00', '--job-id', '3770', '--raw', '--subdir', 'DAGS_FOLDER/dag_email_robot.py', '--cfg-path', '/tmp/tmpvdcqy85z']
[2024-07-08T10:21:53.691+0000] {standard_task_runner.py:85} INFO - Job 3770: Subtask id_task_send_emails
[2024-07-08T10:21:53.756+0000] {task_command.py:415} INFO - Running <TaskInstance: reports_workflow.id_task_send_emails scheduled__2024-07-08T05:40:00+00:00 [running]> on host 6f4ef5488251
[2024-07-08T10:21:53.847+0000] {taskinstance.py:1660} INFO - Exporting env vars: AIRFLOW_CTX_DAG_OWNER='FIRDAVS' AIRFLOW_CTX_DAG_ID='reports_workflow' AIRFLOW_CTX_TASK_ID='id_task_send_emails' AIRFLOW_CTX_EXECUTION_DATE='2024-07-08T05:40:00+00:00' AIRFLOW_CTX_TRY_NUMBER='1' AIRFLOW_CTX_DAG_RUN_ID='scheduled__2024-07-08T05:40:00+00:00'
[2024-07-08T10:21:53.848+0000] {logging_mixin.py:151} INFO - path of config file:  /opt/***
[2024-07-08T10:21:53.849+0000] {logging_mixin.py:151} INFO - #>2024-07-08 10:21:53.849507_User@StatDep: EmailRobot in screated.
[2024-07-08T10:21:53.849+0000] {logging_mixin.py:151} INFO - #>2024-07-08 10:21:53.849861_User@StatDep: send_validation_results is started...
[2024-07-08T10:21:53.860+0000] {logging_mixin.py:151} INFO -    #>2024-07-08 10:21:53.860357_conneciton to db is set.
[2024-07-08T10:21:53.863+0000] {logging_mixin.py:151} INFO -    #>2024-07-08 10:21:53.863749_cursor execution is successful.
[2024-07-08T10:21:53.864+0000] {logging_mixin.py:151} INFO -    There is no any new submissions found. The get_validation_results is over.
[2024-07-08T10:21:53.864+0000] {python.py:194} INFO - Done. Returned value was: True
[2024-07-08T10:21:53.886+0000] {taskinstance.py:1400} INFO - Marking task as SUCCESS. dag_id=reports_workflow, task_id=id_task_send_emails, execution_date=20240708T054000, start_date=20240708T102153, end_date=20240708T102153
[2024-07-08T10:21:53.941+0000] {local_task_job_runner.py:228} INFO - Task exited with return code 0
[2024-07-08T10:21:53.963+0000] {taskinstance.py:2784} INFO - 0 downstream tasks scheduled from follow-on schedule check
[2024-07-08T10:25:48.735+0000] {taskinstance.py:1159} INFO - Dependencies all met for dep_context=non-requeueable deps ti=<TaskInstance: reports_workflow.id_task_send_emails scheduled__2024-07-08T05:40:00+00:00 [queued]>
[2024-07-08T10:25:48.778+0000] {taskinstance.py:1159} INFO - Dependencies all met for dep_context=requeueable deps ti=<TaskInstance: reports_workflow.id_task_send_emails scheduled__2024-07-08T05:40:00+00:00 [queued]>
[2024-07-08T10:25:48.779+0000] {taskinstance.py:1361} INFO - Starting attempt 1 of 2
[2024-07-08T10:25:48.803+0000] {taskinstance.py:1382} INFO - Executing <Task(PythonOperator): id_task_send_emails> on 2024-07-08 05:40:00+00:00
[2024-07-08T10:25:48.824+0000] {standard_task_runner.py:57} INFO - Started process 8552 to run task
[2024-07-08T10:25:48.848+0000] {standard_task_runner.py:84} INFO - Running: ['***', 'tasks', 'run', 'reports_workflow', 'id_task_send_emails', 'scheduled__2024-07-08T05:40:00+00:00', '--job-id', '3950', '--raw', '--subdir', 'DAGS_FOLDER/dag_email_robot.py', '--cfg-path', '/tmp/tmpqwh37hdq']
[2024-07-08T10:25:48.874+0000] {standard_task_runner.py:85} INFO - Job 3950: Subtask id_task_send_emails
[2024-07-08T10:25:49.022+0000] {task_command.py:415} INFO - Running <TaskInstance: reports_workflow.id_task_send_emails scheduled__2024-07-08T05:40:00+00:00 [running]> on host 6f4ef5488251
[2024-07-08T10:25:49.234+0000] {taskinstance.py:1660} INFO - Exporting env vars: AIRFLOW_CTX_DAG_OWNER='FIRDAVS' AIRFLOW_CTX_DAG_ID='reports_workflow' AIRFLOW_CTX_TASK_ID='id_task_send_emails' AIRFLOW_CTX_EXECUTION_DATE='2024-07-08T05:40:00+00:00' AIRFLOW_CTX_TRY_NUMBER='1' AIRFLOW_CTX_DAG_RUN_ID='scheduled__2024-07-08T05:40:00+00:00'
[2024-07-08T10:25:49.236+0000] {logging_mixin.py:151} INFO - path of config file:  /opt/***
[2024-07-08T10:25:49.236+0000] {logging_mixin.py:151} INFO - #>2024-07-08 10:25:49.236613_User@StatDep: EmailRobot in screated.
[2024-07-08T10:25:49.236+0000] {logging_mixin.py:151} INFO - #>2024-07-08 10:25:49.236801_User@StatDep: send_validation_results is started...
[2024-07-08T10:25:49.342+0000] {logging_mixin.py:151} INFO -    #>2024-07-08 10:25:49.342421_conneciton to db is set.
[2024-07-08T10:25:49.347+0000] {logging_mixin.py:151} INFO -    #>2024-07-08 10:25:49.346948_cursor execution is successful.
[2024-07-08T10:25:49.347+0000] {logging_mixin.py:151} INFO -    There is no any new submissions found. The get_validation_results is over.
[2024-07-08T10:25:49.348+0000] {python.py:194} INFO - Done. Returned value was: True
[2024-07-08T10:25:49.415+0000] {taskinstance.py:1400} INFO - Marking task as SUCCESS. dag_id=reports_workflow, task_id=id_task_send_emails, execution_date=20240708T054000, start_date=20240708T102548, end_date=20240708T102549
[2024-07-08T10:25:49.543+0000] {local_task_job_runner.py:228} INFO - Task exited with return code 0
[2024-07-08T10:25:49.595+0000] {taskinstance.py:2784} INFO - 0 downstream tasks scheduled from follow-on schedule check
[2024-07-08T10:26:32.237+0000] {taskinstance.py:1159} INFO - Dependencies all met for dep_context=non-requeueable deps ti=<TaskInstance: reports_workflow.id_task_send_emails scheduled__2024-07-08T05:40:00+00:00 [queued]>
[2024-07-08T10:26:32.247+0000] {taskinstance.py:1159} INFO - Dependencies all met for dep_context=requeueable deps ti=<TaskInstance: reports_workflow.id_task_send_emails scheduled__2024-07-08T05:40:00+00:00 [queued]>
[2024-07-08T10:26:32.248+0000] {taskinstance.py:1361} INFO - Starting attempt 1 of 2
[2024-07-08T10:26:32.261+0000] {taskinstance.py:1382} INFO - Executing <Task(PythonOperator): id_task_send_emails> on 2024-07-08 05:40:00+00:00
[2024-07-08T10:26:32.266+0000] {standard_task_runner.py:57} INFO - Started process 8619 to run task
[2024-07-08T10:26:32.274+0000] {standard_task_runner.py:84} INFO - Running: ['***', 'tasks', 'run', 'reports_workflow', 'id_task_send_emails', 'scheduled__2024-07-08T05:40:00+00:00', '--job-id', '3974', '--raw', '--subdir', 'DAGS_FOLDER/dag_email_robot.py', '--cfg-path', '/tmp/tmpvzcgw8gi']
[2024-07-08T10:26:32.277+0000] {standard_task_runner.py:85} INFO - Job 3974: Subtask id_task_send_emails
[2024-07-08T10:26:32.342+0000] {task_command.py:415} INFO - Running <TaskInstance: reports_workflow.id_task_send_emails scheduled__2024-07-08T05:40:00+00:00 [running]> on host 6f4ef5488251
[2024-07-08T10:26:32.442+0000] {taskinstance.py:1660} INFO - Exporting env vars: AIRFLOW_CTX_DAG_OWNER='FIRDAVS' AIRFLOW_CTX_DAG_ID='reports_workflow' AIRFLOW_CTX_TASK_ID='id_task_send_emails' AIRFLOW_CTX_EXECUTION_DATE='2024-07-08T05:40:00+00:00' AIRFLOW_CTX_TRY_NUMBER='1' AIRFLOW_CTX_DAG_RUN_ID='scheduled__2024-07-08T05:40:00+00:00'
[2024-07-08T10:26:32.443+0000] {logging_mixin.py:151} INFO - path of config file:  /opt/***
[2024-07-08T10:26:32.444+0000] {logging_mixin.py:151} INFO - #>2024-07-08 10:26:32.444230_User@StatDep: EmailRobot in screated.
[2024-07-08T10:26:32.444+0000] {logging_mixin.py:151} INFO - #>2024-07-08 10:26:32.444445_User@StatDep: send_validation_results is started...
[2024-07-08T10:26:32.455+0000] {logging_mixin.py:151} INFO -    #>2024-07-08 10:26:32.455519_conneciton to db is set.
[2024-07-08T10:26:32.457+0000] {logging_mixin.py:151} INFO -    #>2024-07-08 10:26:32.457383_cursor execution is successful.
[2024-07-08T10:26:32.457+0000] {logging_mixin.py:151} INFO -    There is no any new submissions found. The get_validation_results is over.
[2024-07-08T10:26:32.458+0000] {python.py:194} INFO - Done. Returned value was: True
[2024-07-08T10:26:32.488+0000] {taskinstance.py:1400} INFO - Marking task as SUCCESS. dag_id=reports_workflow, task_id=id_task_send_emails, execution_date=20240708T054000, start_date=20240708T102632, end_date=20240708T102632
[2024-07-08T10:26:32.532+0000] {local_task_job_runner.py:228} INFO - Task exited with return code 0
[2024-07-08T10:26:32.550+0000] {taskinstance.py:2784} INFO - 0 downstream tasks scheduled from follow-on schedule check
