[2024-07-03T14:42:00.912+0000] {taskinstance.py:1159} INFO - Dependencies all met for dep_context=non-requeueable deps ti=<TaskInstance: reports_workflow.id_task_send_emails scheduled__2024-07-01T07:05:00+00:00 [queued]>
[2024-07-03T14:42:00.987+0000] {taskinstance.py:1159} INFO - Dependencies all met for dep_context=requeueable deps ti=<TaskInstance: reports_workflow.id_task_send_emails scheduled__2024-07-01T07:05:00+00:00 [queued]>
[2024-07-03T14:42:00.993+0000] {taskinstance.py:1361} INFO - Starting attempt 1 of 2
[2024-07-03T14:42:01.049+0000] {taskinstance.py:1382} INFO - Executing <Task(PythonOperator): id_task_send_emails> on 2024-07-01 07:05:00+00:00
[2024-07-03T14:42:01.062+0000] {standard_task_runner.py:57} INFO - Started process 27928 to run task
[2024-07-03T14:42:01.133+0000] {standard_task_runner.py:84} INFO - Running: ['***', 'tasks', 'run', 'reports_workflow', 'id_task_send_emails', 'scheduled__2024-07-01T07:05:00+00:00', '--job-id', '1881', '--raw', '--subdir', 'DAGS_FOLDER/dag_email_robot.py', '--cfg-path', '/tmp/tmpoa9bhsas']
[2024-07-03T14:42:01.147+0000] {standard_task_runner.py:85} INFO - Job 1881: Subtask id_task_send_emails
[2024-07-03T14:42:01.424+0000] {task_command.py:415} INFO - Running <TaskInstance: reports_workflow.id_task_send_emails scheduled__2024-07-01T07:05:00+00:00 [running]> on host 6f4ef5488251
[2024-07-03T14:42:01.874+0000] {taskinstance.py:1660} INFO - Exporting env vars: AIRFLOW_CTX_DAG_OWNER='FIRDAVS' AIRFLOW_CTX_DAG_ID='reports_workflow' AIRFLOW_CTX_TASK_ID='id_task_send_emails' AIRFLOW_CTX_EXECUTION_DATE='2024-07-01T07:05:00+00:00' AIRFLOW_CTX_TRY_NUMBER='1' AIRFLOW_CTX_DAG_RUN_ID='scheduled__2024-07-01T07:05:00+00:00'
[2024-07-03T14:42:01.876+0000] {logging_mixin.py:151} INFO - path of config file:  /opt/***
[2024-07-03T14:42:01.878+0000] {logging_mixin.py:151} INFO - #>2024-07-03 14:42:01.877267_User@StatDep: EmailRobot in screated.
[2024-07-03T14:42:01.878+0000] {logging_mixin.py:151} INFO - #>2024-07-03 14:42:01.878609_User@StatDep: send_validation_results is started...
[2024-07-03T14:42:01.920+0000] {logging_mixin.py:151} INFO -    #>2024-07-03 14:42:01.920541_conneciton to db is set.
[2024-07-03T14:42:01.922+0000] {logging_mixin.py:151} INFO -    #>2024-07-03 14:42:01.922701_cursor execution is successful.
[2024-07-03T14:42:01.923+0000] {logging_mixin.py:151} INFO -    There is no any new submissions found. The get_validation_results is over.
[2024-07-03T14:42:01.941+0000] {python.py:194} INFO - Done. Returned value was: True
[2024-07-03T14:42:02.037+0000] {taskinstance.py:1400} INFO - Marking task as SUCCESS. dag_id=reports_workflow, task_id=id_task_send_emails, execution_date=20240701T070500, start_date=20240703T144200, end_date=20240703T144202
[2024-07-03T14:42:02.127+0000] {local_task_job_runner.py:228} INFO - Task exited with return code 0
[2024-07-03T14:42:02.160+0000] {taskinstance.py:2784} INFO - 0 downstream tasks scheduled from follow-on schedule check
[2024-07-03T14:42:46.541+0000] {taskinstance.py:1159} INFO - Dependencies all met for dep_context=non-requeueable deps ti=<TaskInstance: reports_workflow.id_task_send_emails scheduled__2024-07-01T07:05:00+00:00 [queued]>
[2024-07-03T14:42:46.590+0000] {taskinstance.py:1159} INFO - Dependencies all met for dep_context=requeueable deps ti=<TaskInstance: reports_workflow.id_task_send_emails scheduled__2024-07-01T07:05:00+00:00 [queued]>
[2024-07-03T14:42:46.590+0000] {taskinstance.py:1361} INFO - Starting attempt 1 of 2
[2024-07-03T14:42:46.752+0000] {taskinstance.py:1382} INFO - Executing <Task(PythonOperator): id_task_send_emails> on 2024-07-01 07:05:00+00:00
[2024-07-03T14:42:46.769+0000] {standard_task_runner.py:57} INFO - Started process 28000 to run task
[2024-07-03T14:42:46.852+0000] {standard_task_runner.py:84} INFO - Running: ['***', 'tasks', 'run', 'reports_workflow', 'id_task_send_emails', 'scheduled__2024-07-01T07:05:00+00:00', '--job-id', '1913', '--raw', '--subdir', 'DAGS_FOLDER/dag_email_robot.py', '--cfg-path', '/tmp/tmp79ihlne3']
[2024-07-03T14:42:46.857+0000] {standard_task_runner.py:85} INFO - Job 1913: Subtask id_task_send_emails
[2024-07-03T14:42:47.014+0000] {task_command.py:415} INFO - Running <TaskInstance: reports_workflow.id_task_send_emails scheduled__2024-07-01T07:05:00+00:00 [running]> on host 6f4ef5488251
[2024-07-03T14:42:47.208+0000] {taskinstance.py:1660} INFO - Exporting env vars: AIRFLOW_CTX_DAG_OWNER='FIRDAVS' AIRFLOW_CTX_DAG_ID='reports_workflow' AIRFLOW_CTX_TASK_ID='id_task_send_emails' AIRFLOW_CTX_EXECUTION_DATE='2024-07-01T07:05:00+00:00' AIRFLOW_CTX_TRY_NUMBER='1' AIRFLOW_CTX_DAG_RUN_ID='scheduled__2024-07-01T07:05:00+00:00'
[2024-07-03T14:42:47.209+0000] {logging_mixin.py:151} INFO - path of config file:  /opt/***
[2024-07-03T14:42:47.209+0000] {logging_mixin.py:151} INFO - #>2024-07-03 14:42:47.209542_User@StatDep: EmailRobot in screated.
[2024-07-03T14:42:47.209+0000] {logging_mixin.py:151} INFO - #>2024-07-03 14:42:47.209729_User@StatDep: send_validation_results is started...
[2024-07-03T14:42:47.249+0000] {logging_mixin.py:151} INFO -    #>2024-07-03 14:42:47.249331_conneciton to db is set.
[2024-07-03T14:42:47.252+0000] {logging_mixin.py:151} INFO -    #>2024-07-03 14:42:47.252677_cursor execution is successful.
[2024-07-03T14:42:47.252+0000] {logging_mixin.py:151} INFO -    There is no any new submissions found. The get_validation_results is over.
[2024-07-03T14:42:47.253+0000] {python.py:194} INFO - Done. Returned value was: True
[2024-07-03T14:42:47.297+0000] {taskinstance.py:1400} INFO - Marking task as SUCCESS. dag_id=reports_workflow, task_id=id_task_send_emails, execution_date=20240701T070500, start_date=20240703T144246, end_date=20240703T144247
[2024-07-03T14:42:47.398+0000] {local_task_job_runner.py:228} INFO - Task exited with return code 0
[2024-07-03T14:42:47.433+0000] {taskinstance.py:2784} INFO - 0 downstream tasks scheduled from follow-on schedule check
