[2024-07-31T07:15:01.926+0000] {taskinstance.py:1159} INFO - Dependencies all met for dep_context=non-requeueable deps ti=<TaskInstance: reports_workflow.id_task_get_emails scheduled__2024-07-31T07:10:00+00:00 [queued]>
[2024-07-31T07:15:01.934+0000] {taskinstance.py:1159} INFO - Dependencies all met for dep_context=requeueable deps ti=<TaskInstance: reports_workflow.id_task_get_emails scheduled__2024-07-31T07:10:00+00:00 [queued]>
[2024-07-31T07:15:01.934+0000] {taskinstance.py:1361} INFO - Starting attempt 1 of 2
[2024-07-31T07:15:01.946+0000] {taskinstance.py:1382} INFO - Executing <Task(PythonOperator): id_task_get_emails> on 2024-07-31 07:10:00+00:00
[2024-07-31T07:15:01.955+0000] {standard_task_runner.py:57} INFO - Started process 19259 to run task
[2024-07-31T07:15:01.958+0000] {standard_task_runner.py:84} INFO - Running: ['***', 'tasks', 'run', 'reports_workflow', 'id_task_get_emails', 'scheduled__2024-07-31T07:10:00+00:00', '--job-id', '795', '--raw', '--subdir', 'DAGS_FOLDER/dag_stat_report.py', '--cfg-path', '/tmp/tmp7oillkjt']
[2024-07-31T07:15:01.962+0000] {standard_task_runner.py:85} INFO - Job 795: Subtask id_task_get_emails
[2024-07-31T07:15:02.043+0000] {task_command.py:415} INFO - Running <TaskInstance: reports_workflow.id_task_get_emails scheduled__2024-07-31T07:10:00+00:00 [running]> on host 6bb718ab9b8f
[2024-07-31T07:15:02.151+0000] {taskinstance.py:1660} INFO - Exporting env vars: AIRFLOW_CTX_DAG_OWNER='FIRDAVS' AIRFLOW_CTX_DAG_ID='reports_workflow' AIRFLOW_CTX_TASK_ID='id_task_get_emails' AIRFLOW_CTX_EXECUTION_DATE='2024-07-31T07:10:00+00:00' AIRFLOW_CTX_TRY_NUMBER='1' AIRFLOW_CTX_DAG_RUN_ID='scheduled__2024-07-31T07:10:00+00:00'
[2024-07-31T07:15:02.152+0000] {logging_mixin.py:151} INFO - path of config file:  /opt/***
[2024-07-31T07:15:02.153+0000] {logging_mixin.py:151} INFO - #>2024-07-31 07:15:02.153096_User@StatDep: EmailRobot in screated.
[2024-07-31T07:15:02.153+0000] {logging_mixin.py:151} INFO - #>2024-07-31 07:15:02.153305_User@StatDep: get_for_recent_emails is started...
[2024-07-31T07:15:02.153+0000] {logging_mixin.py:151} INFO - #>2024-07-31 07:15:02.153446_User@StatDep: pop3_fetch_emails isstarted...
[2024-07-31T07:15:02.697+0000] {logging_mixin.py:151} INFO -    b'+OK'
[2024-07-31T07:15:02.980+0000] {logging_mixin.py:151} INFO -    mailbox have 0 emails and the robot can process 10
[2024-07-31T07:15:02.981+0000] {logging_mixin.py:151} INFO - #>2024-07-31 07:15:02.981165_User@StatDep: no emails to process, exiting pop3_fetch_emails()...
[2024-07-31T07:15:02.982+0000] {python.py:194} INFO - Done. Returned value was: True
[2024-07-31T07:15:03.022+0000] {taskinstance.py:1400} INFO - Marking task as SUCCESS. dag_id=reports_workflow, task_id=id_task_get_emails, execution_date=20240731T071000, start_date=20240731T071501, end_date=20240731T071503
[2024-07-31T07:15:03.054+0000] {local_task_job_runner.py:228} INFO - Task exited with return code 0
[2024-07-31T07:15:03.090+0000] {taskinstance.py:2784} INFO - 1 downstream tasks scheduled from follow-on schedule check
