[2024-07-04T05:08:11.610+0000] {taskinstance.py:1159} INFO - Dependencies all met for dep_context=non-requeueable deps ti=<TaskInstance: reports_workflow.id_task_send_emails scheduled__2024-07-04T03:40:00+00:00 [queued]>
[2024-07-04T05:08:11.626+0000] {taskinstance.py:1159} INFO - Dependencies all met for dep_context=requeueable deps ti=<TaskInstance: reports_workflow.id_task_send_emails scheduled__2024-07-04T03:40:00+00:00 [queued]>
[2024-07-04T05:08:11.626+0000] {taskinstance.py:1361} INFO - Starting attempt 1 of 2
[2024-07-04T05:08:11.657+0000] {taskinstance.py:1382} INFO - Executing <Task(PythonOperator): id_task_send_emails> on 2024-07-04 03:40:00+00:00
[2024-07-04T05:08:11.664+0000] {standard_task_runner.py:57} INFO - Started process 42190 to run task
[2024-07-04T05:08:11.682+0000] {standard_task_runner.py:84} INFO - Running: ['***', 'tasks', 'run', 'reports_workflow', 'id_task_send_emails', 'scheduled__2024-07-04T03:40:00+00:00', '--job-id', '2393', '--raw', '--subdir', 'DAGS_FOLDER/dag_email_robot.py', '--cfg-path', '/tmp/tmpn48_ek3r']
[2024-07-04T05:08:11.683+0000] {standard_task_runner.py:85} INFO - Job 2393: Subtask id_task_send_emails
[2024-07-04T05:08:11.813+0000] {task_command.py:415} INFO - Running <TaskInstance: reports_workflow.id_task_send_emails scheduled__2024-07-04T03:40:00+00:00 [running]> on host 6f4ef5488251
[2024-07-04T05:08:11.964+0000] {taskinstance.py:1660} INFO - Exporting env vars: AIRFLOW_CTX_DAG_OWNER='FIRDAVS' AIRFLOW_CTX_DAG_ID='reports_workflow' AIRFLOW_CTX_TASK_ID='id_task_send_emails' AIRFLOW_CTX_EXECUTION_DATE='2024-07-04T03:40:00+00:00' AIRFLOW_CTX_TRY_NUMBER='1' AIRFLOW_CTX_DAG_RUN_ID='scheduled__2024-07-04T03:40:00+00:00'
[2024-07-04T05:08:11.968+0000] {logging_mixin.py:151} INFO - path of config file:  /opt/***
[2024-07-04T05:08:11.968+0000] {logging_mixin.py:151} INFO - #>2024-07-04 05:08:11.968736_User@StatDep: EmailRobot in screated.
[2024-07-04T05:08:11.968+0000] {logging_mixin.py:151} INFO - #>2024-07-04 05:08:11.968952_User@StatDep: send_validation_results is started...
[2024-07-04T05:08:11.980+0000] {logging_mixin.py:151} INFO -    #>2024-07-04 05:08:11.980175_conneciton to db is set.
[2024-07-04T05:08:11.984+0000] {logging_mixin.py:151} INFO -    #>2024-07-04 05:08:11.984495_cursor execution is successful.
[2024-07-04T05:08:11.984+0000] {logging_mixin.py:151} INFO -    There is no any new submissions found. The get_validation_results is over.
[2024-07-04T05:08:11.986+0000] {python.py:194} INFO - Done. Returned value was: True
[2024-07-04T05:08:12.035+0000] {taskinstance.py:1400} INFO - Marking task as SUCCESS. dag_id=reports_workflow, task_id=id_task_send_emails, execution_date=20240704T034000, start_date=20240704T050811, end_date=20240704T050812
[2024-07-04T05:08:12.092+0000] {local_task_job_runner.py:228} INFO - Task exited with return code 0
[2024-07-04T05:08:12.131+0000] {taskinstance.py:2784} INFO - 0 downstream tasks scheduled from follow-on schedule check
[2024-07-04T05:31:39.873+0000] {taskinstance.py:1159} INFO - Dependencies all met for dep_context=non-requeueable deps ti=<TaskInstance: reports_workflow.id_task_send_emails scheduled__2024-07-04T03:40:00+00:00 [queued]>
[2024-07-04T05:31:39.930+0000] {taskinstance.py:1159} INFO - Dependencies all met for dep_context=requeueable deps ti=<TaskInstance: reports_workflow.id_task_send_emails scheduled__2024-07-04T03:40:00+00:00 [queued]>
[2024-07-04T05:31:39.930+0000] {taskinstance.py:1361} INFO - Starting attempt 1 of 2
[2024-07-04T05:31:39.974+0000] {taskinstance.py:1382} INFO - Executing <Task(PythonOperator): id_task_send_emails> on 2024-07-04 03:40:00+00:00
[2024-07-04T05:31:39.987+0000] {standard_task_runner.py:57} INFO - Started process 42648 to run task
[2024-07-04T05:31:39.995+0000] {standard_task_runner.py:84} INFO - Running: ['***', 'tasks', 'run', 'reports_workflow', 'id_task_send_emails', 'scheduled__2024-07-04T03:40:00+00:00', '--job-id', '2437', '--raw', '--subdir', 'DAGS_FOLDER/dag_email_robot.py', '--cfg-path', '/tmp/tmpe5eswcqu']
[2024-07-04T05:31:39.996+0000] {standard_task_runner.py:85} INFO - Job 2437: Subtask id_task_send_emails
[2024-07-04T05:31:40.106+0000] {task_command.py:415} INFO - Running <TaskInstance: reports_workflow.id_task_send_emails scheduled__2024-07-04T03:40:00+00:00 [running]> on host 6f4ef5488251
[2024-07-04T05:31:40.314+0000] {taskinstance.py:1660} INFO - Exporting env vars: AIRFLOW_CTX_DAG_OWNER='FIRDAVS' AIRFLOW_CTX_DAG_ID='reports_workflow' AIRFLOW_CTX_TASK_ID='id_task_send_emails' AIRFLOW_CTX_EXECUTION_DATE='2024-07-04T03:40:00+00:00' AIRFLOW_CTX_TRY_NUMBER='1' AIRFLOW_CTX_DAG_RUN_ID='scheduled__2024-07-04T03:40:00+00:00'
[2024-07-04T05:31:40.315+0000] {logging_mixin.py:151} INFO - path of config file:  /opt/***
[2024-07-04T05:31:40.315+0000] {logging_mixin.py:151} INFO - #>2024-07-04 05:31:40.315840_User@StatDep: EmailRobot in screated.
[2024-07-04T05:31:40.316+0000] {logging_mixin.py:151} INFO - #>2024-07-04 05:31:40.316060_User@StatDep: send_validation_results is started...
[2024-07-04T05:31:40.342+0000] {logging_mixin.py:151} INFO -    #>2024-07-04 05:31:40.342115_conneciton to db is set.
[2024-07-04T05:31:40.347+0000] {logging_mixin.py:151} INFO -    #>2024-07-04 05:31:40.347146_cursor execution is successful.
[2024-07-04T05:31:40.347+0000] {logging_mixin.py:151} INFO -    There is no any new submissions found. The get_validation_results is over.
[2024-07-04T05:31:40.350+0000] {python.py:194} INFO - Done. Returned value was: True
[2024-07-04T05:31:40.490+0000] {taskinstance.py:1400} INFO - Marking task as SUCCESS. dag_id=reports_workflow, task_id=id_task_send_emails, execution_date=20240704T034000, start_date=20240704T053139, end_date=20240704T053140
[2024-07-04T05:31:40.544+0000] {local_task_job_runner.py:228} INFO - Task exited with return code 0
[2024-07-04T05:31:40.581+0000] {taskinstance.py:2784} INFO - 0 downstream tasks scheduled from follow-on schedule check
[2024-07-04T05:34:53.277+0000] {taskinstance.py:1159} INFO - Dependencies all met for dep_context=non-requeueable deps ti=<TaskInstance: reports_workflow.id_task_send_emails scheduled__2024-07-04T03:40:00+00:00 [queued]>
[2024-07-04T05:34:53.307+0000] {taskinstance.py:1159} INFO - Dependencies all met for dep_context=requeueable deps ti=<TaskInstance: reports_workflow.id_task_send_emails scheduled__2024-07-04T03:40:00+00:00 [queued]>
[2024-07-04T05:34:53.307+0000] {taskinstance.py:1361} INFO - Starting attempt 1 of 2
[2024-07-04T05:34:53.400+0000] {taskinstance.py:1382} INFO - Executing <Task(PythonOperator): id_task_send_emails> on 2024-07-04 03:40:00+00:00
[2024-07-04T05:34:53.416+0000] {standard_task_runner.py:57} INFO - Started process 42796 to run task
[2024-07-04T05:34:53.436+0000] {standard_task_runner.py:84} INFO - Running: ['***', 'tasks', 'run', 'reports_workflow', 'id_task_send_emails', 'scheduled__2024-07-04T03:40:00+00:00', '--job-id', '2487', '--raw', '--subdir', 'DAGS_FOLDER/dag_email_robot.py', '--cfg-path', '/tmp/tmp4ez1bmc_']
[2024-07-04T05:34:53.443+0000] {standard_task_runner.py:85} INFO - Job 2487: Subtask id_task_send_emails
[2024-07-04T05:34:53.615+0000] {task_command.py:415} INFO - Running <TaskInstance: reports_workflow.id_task_send_emails scheduled__2024-07-04T03:40:00+00:00 [running]> on host 6f4ef5488251
[2024-07-04T05:34:53.833+0000] {taskinstance.py:1660} INFO - Exporting env vars: AIRFLOW_CTX_DAG_OWNER='FIRDAVS' AIRFLOW_CTX_DAG_ID='reports_workflow' AIRFLOW_CTX_TASK_ID='id_task_send_emails' AIRFLOW_CTX_EXECUTION_DATE='2024-07-04T03:40:00+00:00' AIRFLOW_CTX_TRY_NUMBER='1' AIRFLOW_CTX_DAG_RUN_ID='scheduled__2024-07-04T03:40:00+00:00'
[2024-07-04T05:34:53.834+0000] {logging_mixin.py:151} INFO - path of config file:  /opt/***
[2024-07-04T05:34:53.834+0000] {logging_mixin.py:151} INFO - #>2024-07-04 05:34:53.834941_User@StatDep: EmailRobot in screated.
[2024-07-04T05:34:53.835+0000] {logging_mixin.py:151} INFO - #>2024-07-04 05:34:53.835106_User@StatDep: send_validation_results is started...
[2024-07-04T05:34:53.852+0000] {logging_mixin.py:151} INFO -    #>2024-07-04 05:34:53.852608_conneciton to db is set.
[2024-07-04T05:34:53.863+0000] {logging_mixin.py:151} INFO -    #>2024-07-04 05:34:53.862967_cursor execution is successful.
[2024-07-04T05:34:53.863+0000] {logging_mixin.py:151} INFO -    There is no any new submissions found. The get_validation_results is over.
[2024-07-04T05:34:53.866+0000] {python.py:194} INFO - Done. Returned value was: True
[2024-07-04T05:34:53.910+0000] {taskinstance.py:1400} INFO - Marking task as SUCCESS. dag_id=reports_workflow, task_id=id_task_send_emails, execution_date=20240704T034000, start_date=20240704T053453, end_date=20240704T053453
[2024-07-04T05:34:53.984+0000] {local_task_job_runner.py:228} INFO - Task exited with return code 0
[2024-07-04T05:34:54.010+0000] {taskinstance.py:2784} INFO - 0 downstream tasks scheduled from follow-on schedule check
