[2024-07-03T14:37:50.070+0000] {taskinstance.py:1159} INFO - Dependencies all met for dep_context=non-requeueable deps ti=<TaskInstance: reports_workflow.id_task_send_emails scheduled__2024-07-01T00:01:01+00:00 [queued]>
[2024-07-03T14:37:50.078+0000] {taskinstance.py:1159} INFO - Dependencies all met for dep_context=requeueable deps ti=<TaskInstance: reports_workflow.id_task_send_emails scheduled__2024-07-01T00:01:01+00:00 [queued]>
[2024-07-03T14:37:50.078+0000] {taskinstance.py:1361} INFO - Starting attempt 1 of 2
[2024-07-03T14:37:50.089+0000] {taskinstance.py:1382} INFO - Executing <Task(PythonOperator): id_task_send_emails> on 2024-07-01 00:01:01+00:00
[2024-07-03T14:37:50.093+0000] {standard_task_runner.py:57} INFO - Started process 27822 to run task
[2024-07-03T14:37:50.097+0000] {standard_task_runner.py:84} INFO - Running: ['***', 'tasks', 'run', 'reports_workflow', 'id_task_send_emails', 'scheduled__2024-07-01T00:01:01+00:00', '--job-id', '1864', '--raw', '--subdir', 'DAGS_FOLDER/dag_email_robot.py', '--cfg-path', '/tmp/tmpokvlzt_g']
[2024-07-03T14:37:50.098+0000] {standard_task_runner.py:85} INFO - Job 1864: Subtask id_task_send_emails
[2024-07-03T14:37:50.147+0000] {task_command.py:415} INFO - Running <TaskInstance: reports_workflow.id_task_send_emails scheduled__2024-07-01T00:01:01+00:00 [running]> on host 6f4ef5488251
[2024-07-03T14:37:50.231+0000] {taskinstance.py:1660} INFO - Exporting env vars: AIRFLOW_CTX_DAG_OWNER='FIRDAVS' AIRFLOW_CTX_DAG_ID='reports_workflow' AIRFLOW_CTX_TASK_ID='id_task_send_emails' AIRFLOW_CTX_EXECUTION_DATE='2024-07-01T00:01:01+00:00' AIRFLOW_CTX_TRY_NUMBER='1' AIRFLOW_CTX_DAG_RUN_ID='scheduled__2024-07-01T00:01:01+00:00'
[2024-07-03T14:37:50.232+0000] {logging_mixin.py:151} INFO - path of config file:  /opt/***
[2024-07-03T14:37:50.232+0000] {logging_mixin.py:151} INFO - #>2024-07-03 14:37:50.232593_User@StatDep: EmailRobot in screated.
[2024-07-03T14:37:50.232+0000] {logging_mixin.py:151} INFO - #>2024-07-03 14:37:50.232786_User@StatDep: send_validation_results is started...
[2024-07-03T14:37:50.244+0000] {logging_mixin.py:151} INFO -    #>2024-07-03 14:37:50.243993_conneciton to db is set.
[2024-07-03T14:37:50.246+0000] {logging_mixin.py:151} INFO -    #>2024-07-03 14:37:50.246100_cursor execution is successful.
[2024-07-03T14:37:50.246+0000] {logging_mixin.py:151} INFO -    There is no any new submissions found. The get_validation_results is over.
[2024-07-03T14:37:50.248+0000] {python.py:194} INFO - Done. Returned value was: True
[2024-07-03T14:37:50.275+0000] {taskinstance.py:1400} INFO - Marking task as SUCCESS. dag_id=reports_workflow, task_id=id_task_send_emails, execution_date=20240701T000101, start_date=20240703T143750, end_date=20240703T143750
[2024-07-03T14:37:50.313+0000] {local_task_job_runner.py:228} INFO - Task exited with return code 0
[2024-07-03T14:37:50.331+0000] {taskinstance.py:2784} INFO - 0 downstream tasks scheduled from follow-on schedule check
[2024-07-03T14:40:20.176+0000] {taskinstance.py:1159} INFO - Dependencies all met for dep_context=non-requeueable deps ti=<TaskInstance: reports_workflow.id_task_send_emails scheduled__2024-07-01T00:01:01+00:00 [queued]>
[2024-07-03T14:40:20.221+0000] {taskinstance.py:1159} INFO - Dependencies all met for dep_context=requeueable deps ti=<TaskInstance: reports_workflow.id_task_send_emails scheduled__2024-07-01T00:01:01+00:00 [queued]>
[2024-07-03T14:40:20.221+0000] {taskinstance.py:1361} INFO - Starting attempt 1 of 2
[2024-07-03T14:40:20.234+0000] {taskinstance.py:1382} INFO - Executing <Task(PythonOperator): id_task_send_emails> on 2024-07-01 00:01:01+00:00
[2024-07-03T14:40:20.238+0000] {standard_task_runner.py:57} INFO - Started process 27871 to run task
[2024-07-03T14:40:20.246+0000] {standard_task_runner.py:84} INFO - Running: ['***', 'tasks', 'run', 'reports_workflow', 'id_task_send_emails', 'scheduled__2024-07-01T00:01:01+00:00', '--job-id', '1868', '--raw', '--subdir', 'DAGS_FOLDER/dag_email_robot.py', '--cfg-path', '/tmp/tmp772on6iu']
[2024-07-03T14:40:20.248+0000] {standard_task_runner.py:85} INFO - Job 1868: Subtask id_task_send_emails
[2024-07-03T14:40:20.301+0000] {task_command.py:415} INFO - Running <TaskInstance: reports_workflow.id_task_send_emails scheduled__2024-07-01T00:01:01+00:00 [running]> on host 6f4ef5488251
[2024-07-03T14:40:20.366+0000] {taskinstance.py:1660} INFO - Exporting env vars: AIRFLOW_CTX_DAG_OWNER='FIRDAVS' AIRFLOW_CTX_DAG_ID='reports_workflow' AIRFLOW_CTX_TASK_ID='id_task_send_emails' AIRFLOW_CTX_EXECUTION_DATE='2024-07-01T00:01:01+00:00' AIRFLOW_CTX_TRY_NUMBER='1' AIRFLOW_CTX_DAG_RUN_ID='scheduled__2024-07-01T00:01:01+00:00'
[2024-07-03T14:40:20.366+0000] {logging_mixin.py:151} INFO - path of config file:  /opt/***
[2024-07-03T14:40:20.367+0000] {logging_mixin.py:151} INFO - #>2024-07-03 14:40:20.367354_User@StatDep: EmailRobot in screated.
[2024-07-03T14:40:20.367+0000] {logging_mixin.py:151} INFO - #>2024-07-03 14:40:20.367543_User@StatDep: send_validation_results is started...
[2024-07-03T14:40:20.376+0000] {logging_mixin.py:151} INFO -    #>2024-07-03 14:40:20.376850_conneciton to db is set.
[2024-07-03T14:40:20.379+0000] {logging_mixin.py:151} INFO -    #>2024-07-03 14:40:20.379602_cursor execution is successful.
[2024-07-03T14:40:20.380+0000] {logging_mixin.py:151} INFO -    There is no any new submissions found. The get_validation_results is over.
[2024-07-03T14:40:20.380+0000] {python.py:194} INFO - Done. Returned value was: True
[2024-07-03T14:40:20.400+0000] {taskinstance.py:1400} INFO - Marking task as SUCCESS. dag_id=reports_workflow, task_id=id_task_send_emails, execution_date=20240701T000101, start_date=20240703T144020, end_date=20240703T144020
[2024-07-03T14:40:20.453+0000] {local_task_job_runner.py:228} INFO - Task exited with return code 0
[2024-07-03T14:40:20.478+0000] {taskinstance.py:2784} INFO - 0 downstream tasks scheduled from follow-on schedule check
