[2024-07-09T09:35:22.650+0000] {taskinstance.py:1159} INFO - Dependencies all met for dep_context=non-requeueable deps ti=<TaskInstance: reports_workflow.id_task_send_emails manual__2024-07-09T09:35:18.731814+00:00 [queued]>
[2024-07-09T09:35:22.658+0000] {taskinstance.py:1159} INFO - Dependencies all met for dep_context=requeueable deps ti=<TaskInstance: reports_workflow.id_task_send_emails manual__2024-07-09T09:35:18.731814+00:00 [queued]>
[2024-07-09T09:35:22.659+0000] {taskinstance.py:1361} INFO - Starting attempt 1 of 2
[2024-07-09T09:35:22.670+0000] {taskinstance.py:1382} INFO - Executing <Task(PythonOperator): id_task_send_emails> on 2024-07-09 09:35:18.731814+00:00
[2024-07-09T09:35:22.676+0000] {standard_task_runner.py:57} INFO - Started process 30743 to run task
[2024-07-09T09:35:22.680+0000] {standard_task_runner.py:84} INFO - Running: ['***', 'tasks', 'run', 'reports_workflow', 'id_task_send_emails', 'manual__2024-07-09T09:35:18.731814+00:00', '--job-id', '4250', '--raw', '--subdir', 'DAGS_FOLDER/dag_email_robot.py', '--cfg-path', '/tmp/tmpvoyo5apf']
[2024-07-09T09:35:22.684+0000] {standard_task_runner.py:85} INFO - Job 4250: Subtask id_task_send_emails
[2024-07-09T09:35:22.737+0000] {task_command.py:415} INFO - Running <TaskInstance: reports_workflow.id_task_send_emails manual__2024-07-09T09:35:18.731814+00:00 [running]> on host 6f4ef5488251
[2024-07-09T09:35:22.819+0000] {taskinstance.py:1660} INFO - Exporting env vars: AIRFLOW_CTX_DAG_OWNER='FIRDAVS' AIRFLOW_CTX_DAG_ID='reports_workflow' AIRFLOW_CTX_TASK_ID='id_task_send_emails' AIRFLOW_CTX_EXECUTION_DATE='2024-07-09T09:35:18.731814+00:00' AIRFLOW_CTX_TRY_NUMBER='1' AIRFLOW_CTX_DAG_RUN_ID='manual__2024-07-09T09:35:18.731814+00:00'
[2024-07-09T09:35:22.823+0000] {logging_mixin.py:151} INFO - path of config file:  /opt/***
[2024-07-09T09:35:22.824+0000] {logging_mixin.py:151} INFO - #>2024-07-09 09:35:22.824273_User@StatDep: EmailRobot in screated.
[2024-07-09T09:35:22.824+0000] {logging_mixin.py:151} INFO - #>2024-07-09 09:35:22.824613_User@StatDep: send_validation_results is started...
[2024-07-09T09:35:22.836+0000] {logging_mixin.py:151} INFO -    #>2024-07-09 09:35:22.836028_conneciton to db is set.
[2024-07-09T09:35:22.840+0000] {logging_mixin.py:151} INFO -    #>2024-07-09 09:35:22.840287_cursor execution is successful.
[2024-07-09T09:35:22.840+0000] {logging_mixin.py:151} INFO -    extracted information for about report sumbissions found...
[2024-07-09T09:35:22.844+0000] {logging_mixin.py:151} INFO - #>2024-07-09 09:35:22.844094_User@StatDep: email object ready to be sent:
[2024-07-09T09:35:23.230+0000] {logging_mixin.py:151} WARNING - send: 'ehlo [172.20.0.6]\r\n'
[2024-07-09T09:35:23.303+0000] {logging_mixin.py:151} WARNING - reply: b'250-smtp38.i.mail.ru\r\n'
[2024-07-09T09:35:23.304+0000] {logging_mixin.py:151} WARNING - reply: b'250-SIZE 73400320\r\n'
[2024-07-09T09:35:23.304+0000] {logging_mixin.py:151} WARNING - reply: b'250-8BITMIME\r\n'
[2024-07-09T09:35:23.305+0000] {logging_mixin.py:151} WARNING - reply: b'250-PIPELINING\r\n'
[2024-07-09T09:35:23.305+0000] {logging_mixin.py:151} WARNING - reply: b'250-DSN\r\n'
[2024-07-09T09:35:23.305+0000] {logging_mixin.py:151} WARNING - reply: b'250-SMTPUTF8\r\n'
[2024-07-09T09:35:23.306+0000] {logging_mixin.py:151} WARNING - reply: b'250 AUTH PLAIN LOGIN XOAUTH2\r\n'
[2024-07-09T09:35:23.306+0000] {logging_mixin.py:151} WARNING - reply: retcode (250); Msg: b'smtp38.i.mail.ru\nSIZE 73400320\n8BITMIME\nPIPELINING\nDSN\nSMTPUTF8\nAUTH PLAIN LOGIN XOAUTH2'
[2024-07-09T09:35:23.307+0000] {logging_mixin.py:151} WARNING - send: 'AUTH PLAIN AGtoYWxpbXpvZEBsaXN0LnJ1AEdSWFFSakMyYms0cVpIQjI2VXFk\r\n'
[2024-07-09T09:35:23.547+0000] {logging_mixin.py:151} WARNING - reply: b'235 Authentication succeeded\r\n'
[2024-07-09T09:35:23.547+0000] {logging_mixin.py:151} WARNING - reply: retcode (235); Msg: b'Authentication succeeded'
[2024-07-09T09:35:23.553+0000] {logging_mixin.py:151} WARNING - send: 'mail FROM:<khalimzod@list.ru> size=1923\r\n'
[2024-07-09T09:35:23.624+0000] {logging_mixin.py:151} WARNING - reply: b'250 OK\r\n'
[2024-07-09T09:35:23.624+0000] {logging_mixin.py:151} WARNING - reply: retcode (250); Msg: b'OK'
[2024-07-09T09:35:23.625+0000] {logging_mixin.py:151} WARNING - send: 'rcpt TO:<ihalimzod@nbt.tj>\r\n'
[2024-07-09T09:35:23.693+0000] {logging_mixin.py:151} WARNING - reply: b'250 Accepted\r\n'
[2024-07-09T09:35:23.693+0000] {logging_mixin.py:151} WARNING - reply: retcode (250); Msg: b'Accepted'
[2024-07-09T09:35:23.693+0000] {logging_mixin.py:151} WARNING - send: 'data\r\n'
[2024-07-09T09:35:23.755+0000] {logging_mixin.py:151} WARNING - reply: b'354 Enter message, ending with "." on a line by itself\r\n'
[2024-07-09T09:35:23.755+0000] {logging_mixin.py:151} WARNING - reply: retcode (354); Msg: b'Enter message, ending with "." on a line by itself'
[2024-07-09T09:35:23.756+0000] {logging_mixin.py:151} WARNING - data: (354, b'Enter message, ending with "." on a line by itself')
[2024-07-09T09:35:23.756+0000] {logging_mixin.py:151} WARNING - send: b'Content-Type: multipart/mixed; boundary="===============4186273068142128284=="\r\nMIME-Version: 1.0\r\nSubject: =?utf-8?b?b21vckBuYnQudGo6INGE0LDQudC7ICJISy52MC4wMDAwLjMxMDEyMDI0Lnhsc3giINC30LDQs9GA0YPQttC10L3QvdGL0LUg0LIgMjAyNC0wNy0wMyAxNTozMzo1MiswMDowMCDQndCVINCf0KDQmNCd0K/Qog==?=\r\nFrom: khalimzod@list.ru\r\nTo: <ihalimzod@nbt.tj>\r\n\r\n--===============4186273068142128284==\r\nContent-Type: text/plain; charset="utf-8"\r\nMIME-Version: 1.0\r\nContent-Transfer-Encoding: base64\r\n\r\n0JfQtNGA0LDQstGB0YLQstGD0LnRgtC1LCAKINCaINGB0L7QttCw0LvQtdC90LjRjiDRhNCw0LnQ\r\nuyDRgSDQuNC80LXQvdC10LwgSEsudjAuMDAwMC4zMTAxMjAyNC54bHN4LCDQt9Cw0LPRgNGD0LbQ\r\ntdC90L3Ri9C5INCyIDIwMjQtMDctMDMgMTU6MzM6NTIrMDA6MDAg0L3QtSDQsdGL0Lsg0L/RgNC4\r\n0L3Rj9GCINGB0LjRgdGC0LXQvNC+0Lkg0LDQstGC0L7QvNCw0YLQuNGH0LXRgdC60L7QuSDQvtCx\r\n0YDQsNCx0L7RgtC60LguINCf0L7QttCw0LvRg9C50YHRgtCwLCDQv9GA0L7QstC10YDRjNGC0LUg\r\n0LfQsNC/0L7Qu9C90LXQvdC40LUg0YTQsNC50LvQsC4gCiDQlNC+0L/QvtC70L3QuNGC0LXQu9GM\r\n0L3Ri9C1INGB0LLQtdC00LXQvdGM0Y8g0L/QviDQvtCx0L3QsNGA0YPQttC10L3QvdGL0Lwg0L7R\r\niNC40LHQutCw0Lwg0L/RgNC40LvQvtC20LXQvdC90Ysg0Log0L/QuNGB0YzQvNGDLgogQyDRg9Cy\r\n0LDQttC10L3QuNC10LwsIAog0JTQtdC/0LDRgNGC0LDQvNC10L3RgiDRgdGC0LDRgtC40YHRgtC4\r\n0LrQuCDQuCDQv9C70LDRgtC10LbQvdC+0LPQviDQsdCw0LvQsNC90YHQsCA=\r\n\r\n--===============4186273068142128284==\r\nMIME-Version: 1.0\r\nContent-Type: application/text/csv; charset="utf-8"\r\nContent-Transfer-Encoding: base64\r\nContent-Transfer-Encoding: base64\r\ncontent-disposition: attachment; filename="HK.v0.0000.31012024.xlsx_protocol.txt"\r\n\r\n0JTQsNGC0LAg0Lgg0LLRgNC10LzRjyDQv9C+0LvRg9GH0LXQvdC40Y8g0YTQsNC50LvQsCAtLS0t\r\nLS0tLS0tLS0tLS0tLS0tLSAyMDI0LTA3LTA5IDA5OjM1OjIwCgog0JTQu9GPINC/0L7Qu9GD0YfQ\r\ntdC90LjRjyDQtNCw0L3QvdC+0LPQviDQvtGC0YfQtdGC0LAg0L3QtSDRgdGD0YnQtdGB0YLQstGD\r\n0LXRgiDRgNCw0YHQv9C40YHQsNC90LjQtQog0LrQvtC70LjRh9C10YHRgtCy0L4g0L3QsNC50LTQ\r\ntdC90L3Ri9GFINC+0YjQuNCx0L7QuiAtLS0tLS0tLS0tLS0tLS0tLS0tLTE=\r\n\r\n--===============4186273068142128284==--\r\n.\r\n'
[2024-07-09T09:35:24.250+0000] {logging_mixin.py:151} WARNING - reply: b'250 OK id=1sR7Fr-000000002YE-329j\r\n'
[2024-07-09T09:35:24.252+0000] {logging_mixin.py:151} WARNING - reply: retcode (250); Msg: b'OK id=1sR7Fr-000000002YE-329j'
[2024-07-09T09:35:24.253+0000] {logging_mixin.py:151} WARNING - data: (250, b'OK id=1sR7Fr-000000002YE-329j')
[2024-07-09T09:35:24.253+0000] {logging_mixin.py:151} INFO - #>2024-07-09 09:35:24.253622_User@StatDep: email successfuly sent
[2024-07-09T09:35:24.254+0000] {logging_mixin.py:151} WARNING - send: 'QUIT\r\n'
[2024-07-09T09:35:24.522+0000] {logging_mixin.py:151} WARNING - reply: b'221 exim-smtp-6ccc45cc7c-gxzmz closing connection\r\n'
[2024-07-09T09:35:24.522+0000] {logging_mixin.py:151} WARNING - reply: retcode (221); Msg: b'exim-smtp-6ccc45cc7c-gxzmz closing connection'
[2024-07-09T09:35:24.523+0000] {logging_mixin.py:151} INFO -    finilizing processing for the reserved file uploads...
[2024-07-09T09:35:24.524+0000] {python.py:194} INFO - Done. Returned value was: True
[2024-07-09T09:35:24.556+0000] {taskinstance.py:1400} INFO - Marking task as SUCCESS. dag_id=reports_workflow, task_id=id_task_send_emails, execution_date=20240709T093518, start_date=20240709T093522, end_date=20240709T093524
[2024-07-09T09:35:24.577+0000] {local_task_job_runner.py:228} INFO - Task exited with return code 0
[2024-07-09T09:35:24.597+0000] {taskinstance.py:2784} INFO - 0 downstream tasks scheduled from follow-on schedule check
