[2024-07-08T06:55:04.438+0000] {taskinstance.py:1159} INFO - Dependencies all met for dep_context=non-requeueable deps ti=<TaskInstance: reports_workflow.id_task_send_emails scheduled__2024-07-08T06:50:00+00:00 [queued]>
[2024-07-08T06:55:04.446+0000] {taskinstance.py:1159} INFO - Dependencies all met for dep_context=requeueable deps ti=<TaskInstance: reports_workflow.id_task_send_emails scheduled__2024-07-08T06:50:00+00:00 [queued]>
[2024-07-08T06:55:04.447+0000] {taskinstance.py:1361} INFO - Starting attempt 1 of 2
[2024-07-08T06:55:04.457+0000] {taskinstance.py:1382} INFO - Executing <Task(PythonOperator): id_task_send_emails> on 2024-07-08 06:50:00+00:00
[2024-07-08T06:55:04.463+0000] {standard_task_runner.py:57} INFO - Started process 4194 to run task
[2024-07-08T06:55:04.475+0000] {standard_task_runner.py:84} INFO - Running: ['***', 'tasks', 'run', 'reports_workflow', 'id_task_send_emails', 'scheduled__2024-07-08T06:50:00+00:00', '--job-id', '3582', '--raw', '--subdir', 'DAGS_FOLDER/dag_email_robot.py', '--cfg-path', '/tmp/tmp5wafpk96']
[2024-07-08T06:55:04.479+0000] {standard_task_runner.py:85} INFO - Job 3582: Subtask id_task_send_emails
[2024-07-08T06:55:04.566+0000] {task_command.py:415} INFO - Running <TaskInstance: reports_workflow.id_task_send_emails scheduled__2024-07-08T06:50:00+00:00 [running]> on host 6f4ef5488251
[2024-07-08T06:55:04.686+0000] {taskinstance.py:1660} INFO - Exporting env vars: AIRFLOW_CTX_DAG_OWNER='FIRDAVS' AIRFLOW_CTX_DAG_ID='reports_workflow' AIRFLOW_CTX_TASK_ID='id_task_send_emails' AIRFLOW_CTX_EXECUTION_DATE='2024-07-08T06:50:00+00:00' AIRFLOW_CTX_TRY_NUMBER='1' AIRFLOW_CTX_DAG_RUN_ID='scheduled__2024-07-08T06:50:00+00:00'
[2024-07-08T06:55:04.688+0000] {logging_mixin.py:151} INFO - path of config file:  /opt/***
[2024-07-08T06:55:04.688+0000] {logging_mixin.py:151} INFO - #>2024-07-08 06:55:04.688514_User@StatDep: EmailRobot in screated.
[2024-07-08T06:55:04.688+0000] {logging_mixin.py:151} INFO - #>2024-07-08 06:55:04.688698_User@StatDep: send_validation_results is started...
[2024-07-08T06:55:04.701+0000] {logging_mixin.py:151} INFO -    #>2024-07-08 06:55:04.701599_conneciton to db is set.
[2024-07-08T06:55:04.705+0000] {logging_mixin.py:151} INFO -    #>2024-07-08 06:55:04.705489_cursor execution is successful.
[2024-07-08T06:55:04.705+0000] {logging_mixin.py:151} INFO -    There is no any new submissions found. The get_validation_results is over.
[2024-07-08T06:55:04.706+0000] {python.py:194} INFO - Done. Returned value was: True
[2024-07-08T06:55:04.738+0000] {taskinstance.py:1400} INFO - Marking task as SUCCESS. dag_id=reports_workflow, task_id=id_task_send_emails, execution_date=20240708T065000, start_date=20240708T065504, end_date=20240708T065504
[2024-07-08T06:55:04.760+0000] {local_task_job_runner.py:228} INFO - Task exited with return code 0
[2024-07-08T06:55:04.784+0000] {taskinstance.py:2784} INFO - 0 downstream tasks scheduled from follow-on schedule check
[2024-07-08T10:22:24.683+0000] {taskinstance.py:1159} INFO - Dependencies all met for dep_context=non-requeueable deps ti=<TaskInstance: reports_workflow.id_task_send_emails scheduled__2024-07-08T06:50:00+00:00 [queued]>
[2024-07-08T10:22:24.934+0000] {taskinstance.py:1159} INFO - Dependencies all met for dep_context=requeueable deps ti=<TaskInstance: reports_workflow.id_task_send_emails scheduled__2024-07-08T06:50:00+00:00 [queued]>
[2024-07-08T10:22:24.934+0000] {taskinstance.py:1361} INFO - Starting attempt 1 of 2
[2024-07-08T10:22:24.950+0000] {taskinstance.py:1382} INFO - Executing <Task(PythonOperator): id_task_send_emails> on 2024-07-08 06:50:00+00:00
[2024-07-08T10:22:24.957+0000] {standard_task_runner.py:57} INFO - Started process 8079 to run task
[2024-07-08T10:22:24.967+0000] {standard_task_runner.py:84} INFO - Running: ['***', 'tasks', 'run', 'reports_workflow', 'id_task_send_emails', 'scheduled__2024-07-08T06:50:00+00:00', '--job-id', '3812', '--raw', '--subdir', 'DAGS_FOLDER/dag_email_robot.py', '--cfg-path', '/tmp/tmp9txl6hgb']
[2024-07-08T10:22:24.971+0000] {standard_task_runner.py:85} INFO - Job 3812: Subtask id_task_send_emails
[2024-07-08T10:22:25.031+0000] {task_command.py:415} INFO - Running <TaskInstance: reports_workflow.id_task_send_emails scheduled__2024-07-08T06:50:00+00:00 [running]> on host 6f4ef5488251
[2024-07-08T10:22:25.130+0000] {taskinstance.py:1660} INFO - Exporting env vars: AIRFLOW_CTX_DAG_OWNER='FIRDAVS' AIRFLOW_CTX_DAG_ID='reports_workflow' AIRFLOW_CTX_TASK_ID='id_task_send_emails' AIRFLOW_CTX_EXECUTION_DATE='2024-07-08T06:50:00+00:00' AIRFLOW_CTX_TRY_NUMBER='1' AIRFLOW_CTX_DAG_RUN_ID='scheduled__2024-07-08T06:50:00+00:00'
[2024-07-08T10:22:25.131+0000] {logging_mixin.py:151} INFO - path of config file:  /opt/***
[2024-07-08T10:22:25.132+0000] {logging_mixin.py:151} INFO - #>2024-07-08 10:22:25.132451_User@StatDep: EmailRobot in screated.
[2024-07-08T10:22:25.132+0000] {logging_mixin.py:151} INFO - #>2024-07-08 10:22:25.132680_User@StatDep: send_validation_results is started...
[2024-07-08T10:22:25.142+0000] {logging_mixin.py:151} INFO -    #>2024-07-08 10:22:25.142650_conneciton to db is set.
[2024-07-08T10:22:25.144+0000] {logging_mixin.py:151} INFO -    #>2024-07-08 10:22:25.144488_cursor execution is successful.
[2024-07-08T10:22:25.144+0000] {logging_mixin.py:151} INFO -    There is no any new submissions found. The get_validation_results is over.
[2024-07-08T10:22:25.146+0000] {python.py:194} INFO - Done. Returned value was: True
[2024-07-08T10:22:25.167+0000] {taskinstance.py:1400} INFO - Marking task as SUCCESS. dag_id=reports_workflow, task_id=id_task_send_emails, execution_date=20240708T065000, start_date=20240708T102224, end_date=20240708T102225
[2024-07-08T10:22:25.217+0000] {local_task_job_runner.py:228} INFO - Task exited with return code 0
[2024-07-08T10:22:25.247+0000] {taskinstance.py:2784} INFO - 0 downstream tasks scheduled from follow-on schedule check
[2024-07-08T10:27:08.097+0000] {taskinstance.py:1159} INFO - Dependencies all met for dep_context=non-requeueable deps ti=<TaskInstance: reports_workflow.id_task_send_emails scheduled__2024-07-08T06:50:00+00:00 [queued]>
[2024-07-08T10:27:08.151+0000] {taskinstance.py:1159} INFO - Dependencies all met for dep_context=requeueable deps ti=<TaskInstance: reports_workflow.id_task_send_emails scheduled__2024-07-08T06:50:00+00:00 [queued]>
[2024-07-08T10:27:08.152+0000] {taskinstance.py:1361} INFO - Starting attempt 1 of 2
[2024-07-08T10:27:08.173+0000] {taskinstance.py:1382} INFO - Executing <Task(PythonOperator): id_task_send_emails> on 2024-07-08 06:50:00+00:00
[2024-07-08T10:27:08.179+0000] {standard_task_runner.py:57} INFO - Started process 8768 to run task
[2024-07-08T10:27:08.183+0000] {standard_task_runner.py:84} INFO - Running: ['***', 'tasks', 'run', 'reports_workflow', 'id_task_send_emails', 'scheduled__2024-07-08T06:50:00+00:00', '--job-id', '4021', '--raw', '--subdir', 'DAGS_FOLDER/dag_email_robot.py', '--cfg-path', '/tmp/tmpbc4pcvki']
[2024-07-08T10:27:08.187+0000] {standard_task_runner.py:85} INFO - Job 4021: Subtask id_task_send_emails
[2024-07-08T10:27:08.250+0000] {task_command.py:415} INFO - Running <TaskInstance: reports_workflow.id_task_send_emails scheduled__2024-07-08T06:50:00+00:00 [running]> on host 6f4ef5488251
[2024-07-08T10:27:08.341+0000] {taskinstance.py:1660} INFO - Exporting env vars: AIRFLOW_CTX_DAG_OWNER='FIRDAVS' AIRFLOW_CTX_DAG_ID='reports_workflow' AIRFLOW_CTX_TASK_ID='id_task_send_emails' AIRFLOW_CTX_EXECUTION_DATE='2024-07-08T06:50:00+00:00' AIRFLOW_CTX_TRY_NUMBER='1' AIRFLOW_CTX_DAG_RUN_ID='scheduled__2024-07-08T06:50:00+00:00'
[2024-07-08T10:27:08.343+0000] {logging_mixin.py:151} INFO - path of config file:  /opt/***
[2024-07-08T10:27:08.344+0000] {logging_mixin.py:151} INFO - #>2024-07-08 10:27:08.343991_User@StatDep: EmailRobot in screated.
[2024-07-08T10:27:08.344+0000] {logging_mixin.py:151} INFO - #>2024-07-08 10:27:08.344340_User@StatDep: send_validation_results is started...
[2024-07-08T10:27:08.359+0000] {logging_mixin.py:151} INFO -    #>2024-07-08 10:27:08.359906_conneciton to db is set.
[2024-07-08T10:27:08.362+0000] {logging_mixin.py:151} INFO -    #>2024-07-08 10:27:08.362146_cursor execution is successful.
[2024-07-08T10:27:08.362+0000] {logging_mixin.py:151} INFO -    There is no any new submissions found. The get_validation_results is over.
[2024-07-08T10:27:08.363+0000] {python.py:194} INFO - Done. Returned value was: True
[2024-07-08T10:27:08.418+0000] {taskinstance.py:1400} INFO - Marking task as SUCCESS. dag_id=reports_workflow, task_id=id_task_send_emails, execution_date=20240708T065000, start_date=20240708T102708, end_date=20240708T102708
[2024-07-08T10:27:08.476+0000] {local_task_job_runner.py:228} INFO - Task exited with return code 0
[2024-07-08T10:27:08.507+0000] {taskinstance.py:2784} INFO - 0 downstream tasks scheduled from follow-on schedule check
