[2024-07-03T09:58:19.700+0000] {taskinstance.py:1159} INFO - Dependencies all met for dep_context=non-requeueable deps ti=<TaskInstance: reports_workflow.id_task_get_emails scheduled__2024-07-02T17:15:00+00:00 [queued]>
[2024-07-03T09:58:19.712+0000] {taskinstance.py:1159} INFO - Dependencies all met for dep_context=requeueable deps ti=<TaskInstance: reports_workflow.id_task_get_emails scheduled__2024-07-02T17:15:00+00:00 [queued]>
[2024-07-03T09:58:19.712+0000] {taskinstance.py:1361} INFO - Starting attempt 1 of 1
[2024-07-03T09:58:19.734+0000] {taskinstance.py:1382} INFO - Executing <Task(PythonOperator): id_task_get_emails> on 2024-07-02 17:15:00+00:00
[2024-07-03T09:58:19.741+0000] {standard_task_runner.py:57} INFO - Started process 20757 to run task
[2024-07-03T09:58:19.751+0000] {standard_task_runner.py:84} INFO - Running: ['***', 'tasks', 'run', 'reports_workflow', 'id_task_get_emails', 'scheduled__2024-07-02T17:15:00+00:00', '--job-id', '453', '--raw', '--subdir', 'DAGS_FOLDER/dag_email_robot.py', '--cfg-path', '/tmp/tmpenln_wm5']
[2024-07-03T09:58:19.758+0000] {standard_task_runner.py:85} INFO - Job 453: Subtask id_task_get_emails
[2024-07-03T09:58:19.845+0000] {task_command.py:415} INFO - Running <TaskInstance: reports_workflow.id_task_get_emails scheduled__2024-07-02T17:15:00+00:00 [running]> on host 6f4ef5488251
[2024-07-03T09:58:19.994+0000] {taskinstance.py:1660} INFO - Exporting env vars: AIRFLOW_CTX_DAG_OWNER='FIRDAVS' AIRFLOW_CTX_DAG_ID='reports_workflow' AIRFLOW_CTX_TASK_ID='id_task_get_emails' AIRFLOW_CTX_EXECUTION_DATE='2024-07-02T17:15:00+00:00' AIRFLOW_CTX_TRY_NUMBER='1' AIRFLOW_CTX_DAG_RUN_ID='scheduled__2024-07-02T17:15:00+00:00'
[2024-07-03T09:58:19.995+0000] {logging_mixin.py:151} INFO - path of config file:  /opt/***
[2024-07-03T09:58:19.995+0000] {logging_mixin.py:151} INFO - #>2024-07-03 09:58:19.995953_User@StatDep: EmailRobot in screated.
[2024-07-03T09:58:19.998+0000] {logging_mixin.py:151} INFO - #>2024-07-03 09:58:19.998498_User@StatDep: get_for_recent_emails is started...
[2024-07-03T09:58:19.998+0000] {logging_mixin.py:151} INFO - #>2024-07-03 09:58:19.998883_User@StatDep: pop3_fetch_emails isstarted...
[2024-07-03T09:58:20.366+0000] {logging_mixin.py:151} INFO -    b'+OK'
[2024-07-03T09:58:20.758+0000] {logging_mixin.py:151} INFO -    mailbox have 0 emails and the robot can process 10
[2024-07-03T09:58:20.758+0000] {logging_mixin.py:151} INFO - #>2024-07-03 09:58:20.758824_User@StatDep: no emails to process, exiting pop3_fetch_emails()...
[2024-07-03T09:58:20.759+0000] {python.py:194} INFO - Done. Returned value was: True
[2024-07-03T09:58:20.856+0000] {taskinstance.py:1400} INFO - Marking task as SUCCESS. dag_id=reports_workflow, task_id=id_task_get_emails, execution_date=20240702T171500, start_date=20240703T095819, end_date=20240703T095820
[2024-07-03T09:58:20.909+0000] {local_task_job_runner.py:228} INFO - Task exited with return code 0
[2024-07-03T09:58:20.998+0000] {taskinstance.py:2784} INFO - 0 downstream tasks scheduled from follow-on schedule check
[2024-07-03T12:05:42.309+0000] {taskinstance.py:1159} INFO - Dependencies all met for dep_context=non-requeueable deps ti=<TaskInstance: reports_workflow.id_task_get_emails scheduled__2024-07-02T17:15:00+00:00 [queued]>
[2024-07-03T12:05:42.318+0000] {taskinstance.py:1159} INFO - Dependencies all met for dep_context=requeueable deps ti=<TaskInstance: reports_workflow.id_task_get_emails scheduled__2024-07-02T17:15:00+00:00 [queued]>
[2024-07-03T12:05:42.319+0000] {taskinstance.py:1361} INFO - Starting attempt 1 of 1
[2024-07-03T12:05:42.337+0000] {taskinstance.py:1382} INFO - Executing <Task(PythonOperator): id_task_get_emails> on 2024-07-02 17:15:00+00:00
[2024-07-03T12:05:42.351+0000] {standard_task_runner.py:57} INFO - Started process 23573 to run task
[2024-07-03T12:05:42.365+0000] {standard_task_runner.py:84} INFO - Running: ['***', 'tasks', 'run', 'reports_workflow', 'id_task_get_emails', 'scheduled__2024-07-02T17:15:00+00:00', '--job-id', '893', '--raw', '--subdir', 'DAGS_FOLDER/dag_email_robot.py', '--cfg-path', '/tmp/tmpwoqxqfkf']
[2024-07-03T12:05:42.367+0000] {standard_task_runner.py:85} INFO - Job 893: Subtask id_task_get_emails
[2024-07-03T12:05:42.468+0000] {task_command.py:415} INFO - Running <TaskInstance: reports_workflow.id_task_get_emails scheduled__2024-07-02T17:15:00+00:00 [running]> on host 6f4ef5488251
[2024-07-03T12:05:42.609+0000] {taskinstance.py:1660} INFO - Exporting env vars: AIRFLOW_CTX_DAG_OWNER='FIRDAVS' AIRFLOW_CTX_DAG_ID='reports_workflow' AIRFLOW_CTX_TASK_ID='id_task_get_emails' AIRFLOW_CTX_EXECUTION_DATE='2024-07-02T17:15:00+00:00' AIRFLOW_CTX_TRY_NUMBER='1' AIRFLOW_CTX_DAG_RUN_ID='scheduled__2024-07-02T17:15:00+00:00'
[2024-07-03T12:05:42.610+0000] {logging_mixin.py:151} INFO - path of config file:  /opt/***
[2024-07-03T12:05:42.610+0000] {logging_mixin.py:151} INFO - #>2024-07-03 12:05:42.610837_User@StatDep: EmailRobot in screated.
[2024-07-03T12:05:42.621+0000] {logging_mixin.py:151} INFO - #>2024-07-03 12:05:42.621853_User@StatDep: get_for_recent_emails is started...
[2024-07-03T12:05:42.622+0000] {logging_mixin.py:151} INFO - #>2024-07-03 12:05:42.622049_User@StatDep: pop3_fetch_emails isstarted...
[2024-07-03T12:05:43.022+0000] {logging_mixin.py:151} INFO -    b'+OK'
[2024-07-03T12:05:43.439+0000] {logging_mixin.py:151} INFO -    mailbox have 1 emails and the robot can process 10
[2024-07-03T12:05:43.869+0000] {logging_mixin.py:151} INFO -    #>2024-07-03 12:05:43.869416_conneciton to db is set.
[2024-07-03T12:05:43.875+0000] {taskinstance.py:1943} ERROR - Task failed with exception
Traceback (most recent call last):
  File "/home/airflow/.local/lib/python3.8/site-packages/airflow/operators/python.py", line 192, in execute
    return_value = self.execute_callable()
  File "/home/airflow/.local/lib/python3.8/site-packages/airflow/operators/python.py", line 209, in execute_callable
    return self.python_callable(*self.op_args, **self.op_kwargs)
  File "/opt/airflow/dags/dag_email_robot.py", line 25, in get_emails
    robot.fetch_emails()
  File "/opt/airflow/dags/emailRobot.py", line 62, in fetch_emails
    return self.pop3_fetch_emails()
  File "/opt/airflow/dags/emailRobot.py", line 156, in pop3_fetch_emails
    cursor.execute (query, insert_values)
psycopg2.errors.UndefinedTable: relation "sma_stat_dep.tbl_file_upload" does not exist
LINE 1: ...) AS (INSERT INTO                                 sma_stat_d...
                                                             ^

[2024-07-03T12:05:43.888+0000] {taskinstance.py:1400} INFO - Marking task as FAILED. dag_id=reports_workflow, task_id=id_task_get_emails, execution_date=20240702T171500, start_date=20240703T120542, end_date=20240703T120543
[2024-07-03T12:05:43.899+0000] {standard_task_runner.py:104} ERROR - Failed to execute job 893 for task id_task_get_emails (relation "sma_stat_dep.tbl_file_upload" does not exist
LINE 1: ...) AS (INSERT INTO                                 sma_stat_d...
                                                             ^
; 23573)
[2024-07-03T12:05:43.909+0000] {local_task_job_runner.py:228} INFO - Task exited with return code 1
[2024-07-03T12:05:43.933+0000] {taskinstance.py:2784} INFO - 0 downstream tasks scheduled from follow-on schedule check
[2024-07-03T12:28:21.026+0000] {taskinstance.py:1159} INFO - Dependencies all met for dep_context=non-requeueable deps ti=<TaskInstance: reports_workflow.id_task_get_emails scheduled__2024-07-02T17:15:00+00:00 [queued]>
[2024-07-03T12:28:21.053+0000] {taskinstance.py:1159} INFO - Dependencies all met for dep_context=requeueable deps ti=<TaskInstance: reports_workflow.id_task_get_emails scheduled__2024-07-02T17:15:00+00:00 [queued]>
[2024-07-03T12:28:21.053+0000] {taskinstance.py:1361} INFO - Starting attempt 1 of 1
[2024-07-03T12:28:21.073+0000] {taskinstance.py:1382} INFO - Executing <Task(PythonOperator): id_task_get_emails> on 2024-07-02 17:15:00+00:00
[2024-07-03T12:28:21.078+0000] {standard_task_runner.py:57} INFO - Started process 24722 to run task
[2024-07-03T12:28:21.093+0000] {standard_task_runner.py:84} INFO - Running: ['***', 'tasks', 'run', 'reports_workflow', 'id_task_get_emails', 'scheduled__2024-07-02T17:15:00+00:00', '--job-id', '1298', '--raw', '--subdir', 'DAGS_FOLDER/dag_email_robot.py', '--cfg-path', '/tmp/tmp40bqryra']
[2024-07-03T12:28:21.095+0000] {standard_task_runner.py:85} INFO - Job 1298: Subtask id_task_get_emails
[2024-07-03T12:28:21.179+0000] {task_command.py:415} INFO - Running <TaskInstance: reports_workflow.id_task_get_emails scheduled__2024-07-02T17:15:00+00:00 [running]> on host 6f4ef5488251
[2024-07-03T12:28:21.337+0000] {taskinstance.py:1660} INFO - Exporting env vars: AIRFLOW_CTX_DAG_OWNER='FIRDAVS' AIRFLOW_CTX_DAG_ID='reports_workflow' AIRFLOW_CTX_TASK_ID='id_task_get_emails' AIRFLOW_CTX_EXECUTION_DATE='2024-07-02T17:15:00+00:00' AIRFLOW_CTX_TRY_NUMBER='1' AIRFLOW_CTX_DAG_RUN_ID='scheduled__2024-07-02T17:15:00+00:00'
[2024-07-03T12:28:21.339+0000] {logging_mixin.py:151} INFO - path of config file:  /opt/***
[2024-07-03T12:28:21.341+0000] {logging_mixin.py:151} INFO - #>2024-07-03 12:28:21.341016_User@StatDep: EmailRobot in screated.
[2024-07-03T12:28:21.341+0000] {logging_mixin.py:151} INFO - #>2024-07-03 12:28:21.341801_User@StatDep: get_for_recent_emails is started...
[2024-07-03T12:28:21.342+0000] {logging_mixin.py:151} INFO - #>2024-07-03 12:28:21.342183_User@StatDep: pop3_fetch_emails isstarted...
[2024-07-03T12:28:21.742+0000] {logging_mixin.py:151} INFO -    b'+OK'
[2024-07-03T12:28:22.073+0000] {logging_mixin.py:151} INFO -    mailbox have 0 emails and the robot can process 10
[2024-07-03T12:28:22.073+0000] {logging_mixin.py:151} INFO - #>2024-07-03 12:28:22.073829_User@StatDep: no emails to process, exiting pop3_fetch_emails()...
[2024-07-03T12:28:22.074+0000] {python.py:194} INFO - Done. Returned value was: True
[2024-07-03T12:28:22.114+0000] {taskinstance.py:1400} INFO - Marking task as SUCCESS. dag_id=reports_workflow, task_id=id_task_get_emails, execution_date=20240702T171500, start_date=20240703T122821, end_date=20240703T122822
[2024-07-03T12:28:22.147+0000] {local_task_job_runner.py:228} INFO - Task exited with return code 0
[2024-07-03T12:28:22.179+0000] {taskinstance.py:2784} INFO - 1 downstream tasks scheduled from follow-on schedule check
