[2024-07-03T09:56:45.523+0000] {taskinstance.py:1159} INFO - Dependencies all met for dep_context=non-requeueable deps ti=<TaskInstance: reports_workflow.id_task_get_emails scheduled__2024-07-02T02:05:00+00:00 [queued]>
[2024-07-03T09:56:45.537+0000] {taskinstance.py:1159} INFO - Dependencies all met for dep_context=requeueable deps ti=<TaskInstance: reports_workflow.id_task_get_emails scheduled__2024-07-02T02:05:00+00:00 [queued]>
[2024-07-03T09:56:45.538+0000] {taskinstance.py:1361} INFO - Starting attempt 1 of 1
[2024-07-03T09:56:45.592+0000] {taskinstance.py:1382} INFO - Executing <Task(PythonOperator): id_task_get_emails> on 2024-07-02 02:05:00+00:00
[2024-07-03T09:56:45.601+0000] {standard_task_runner.py:57} INFO - Started process 20366 to run task
[2024-07-03T09:56:45.619+0000] {standard_task_runner.py:84} INFO - Running: ['***', 'tasks', 'run', 'reports_workflow', 'id_task_get_emails', 'scheduled__2024-07-02T02:05:00+00:00', '--job-id', '268', '--raw', '--subdir', 'DAGS_FOLDER/dag_email_robot.py', '--cfg-path', '/tmp/tmp5yhiqsfk']
[2024-07-03T09:56:45.627+0000] {standard_task_runner.py:85} INFO - Job 268: Subtask id_task_get_emails
[2024-07-03T09:56:45.726+0000] {task_command.py:415} INFO - Running <TaskInstance: reports_workflow.id_task_get_emails scheduled__2024-07-02T02:05:00+00:00 [running]> on host 6f4ef5488251
[2024-07-03T09:56:45.887+0000] {taskinstance.py:1660} INFO - Exporting env vars: AIRFLOW_CTX_DAG_OWNER='FIRDAVS' AIRFLOW_CTX_DAG_ID='reports_workflow' AIRFLOW_CTX_TASK_ID='id_task_get_emails' AIRFLOW_CTX_EXECUTION_DATE='2024-07-02T02:05:00+00:00' AIRFLOW_CTX_TRY_NUMBER='1' AIRFLOW_CTX_DAG_RUN_ID='scheduled__2024-07-02T02:05:00+00:00'
[2024-07-03T09:56:45.889+0000] {logging_mixin.py:151} INFO - path of config file:  /opt/***
[2024-07-03T09:56:45.891+0000] {taskinstance.py:1943} ERROR - Task failed with exception
Traceback (most recent call last):
  File "/home/airflow/.local/lib/python3.8/site-packages/airflow/operators/python.py", line 192, in execute
    return_value = self.execute_callable()
  File "/home/airflow/.local/lib/python3.8/site-packages/airflow/operators/python.py", line 209, in execute_callable
    return self.python_callable(*self.op_args, **self.op_kwargs)
  File "/opt/airflow/dags/dag_email_robot.py", line 22, in get_emails
    email_conf = json.load (open(path / ("config/email_conf.json")))
NameError: name 'json' is not defined
[2024-07-03T09:56:45.902+0000] {taskinstance.py:1400} INFO - Marking task as FAILED. dag_id=reports_workflow, task_id=id_task_get_emails, execution_date=20240702T020500, start_date=20240703T095645, end_date=20240703T095645
[2024-07-03T09:56:45.925+0000] {standard_task_runner.py:104} ERROR - Failed to execute job 268 for task id_task_get_emails (name 'json' is not defined; 20366)
[2024-07-03T09:56:45.960+0000] {local_task_job_runner.py:228} INFO - Task exited with return code 1
[2024-07-03T09:56:45.982+0000] {taskinstance.py:2784} INFO - 0 downstream tasks scheduled from follow-on schedule check
[2024-07-03T12:04:26.182+0000] {taskinstance.py:1159} INFO - Dependencies all met for dep_context=non-requeueable deps ti=<TaskInstance: reports_workflow.id_task_get_emails scheduled__2024-07-02T02:05:00+00:00 [queued]>
[2024-07-03T12:04:26.190+0000] {taskinstance.py:1159} INFO - Dependencies all met for dep_context=requeueable deps ti=<TaskInstance: reports_workflow.id_task_get_emails scheduled__2024-07-02T02:05:00+00:00 [queued]>
[2024-07-03T12:04:26.191+0000] {taskinstance.py:1361} INFO - Starting attempt 1 of 1
[2024-07-03T12:04:26.204+0000] {taskinstance.py:1382} INFO - Executing <Task(PythonOperator): id_task_get_emails> on 2024-07-02 02:05:00+00:00
[2024-07-03T12:04:26.209+0000] {standard_task_runner.py:57} INFO - Started process 23194 to run task
[2024-07-03T12:04:26.216+0000] {standard_task_runner.py:84} INFO - Running: ['***', 'tasks', 'run', 'reports_workflow', 'id_task_get_emails', 'scheduled__2024-07-02T02:05:00+00:00', '--job-id', '711', '--raw', '--subdir', 'DAGS_FOLDER/dag_email_robot.py', '--cfg-path', '/tmp/tmpj0uf4_jt']
[2024-07-03T12:04:26.217+0000] {standard_task_runner.py:85} INFO - Job 711: Subtask id_task_get_emails
[2024-07-03T12:04:26.270+0000] {task_command.py:415} INFO - Running <TaskInstance: reports_workflow.id_task_get_emails scheduled__2024-07-02T02:05:00+00:00 [running]> on host 6f4ef5488251
[2024-07-03T12:04:26.407+0000] {taskinstance.py:1660} INFO - Exporting env vars: AIRFLOW_CTX_DAG_OWNER='FIRDAVS' AIRFLOW_CTX_DAG_ID='reports_workflow' AIRFLOW_CTX_TASK_ID='id_task_get_emails' AIRFLOW_CTX_EXECUTION_DATE='2024-07-02T02:05:00+00:00' AIRFLOW_CTX_TRY_NUMBER='1' AIRFLOW_CTX_DAG_RUN_ID='scheduled__2024-07-02T02:05:00+00:00'
[2024-07-03T12:04:26.408+0000] {logging_mixin.py:151} INFO - path of config file:  /opt/***
[2024-07-03T12:04:26.409+0000] {logging_mixin.py:151} INFO - #>2024-07-03 12:04:26.409534_User@StatDep: EmailRobot in screated.
[2024-07-03T12:04:26.409+0000] {logging_mixin.py:151} INFO - #>2024-07-03 12:04:26.409794_User@StatDep: get_for_recent_emails is started...
[2024-07-03T12:04:26.409+0000] {logging_mixin.py:151} INFO - #>2024-07-03 12:04:26.409956_User@StatDep: pop3_fetch_emails isstarted...
[2024-07-03T12:04:26.805+0000] {logging_mixin.py:151} INFO -    b'+OK'
[2024-07-03T12:04:27.195+0000] {logging_mixin.py:151} INFO -    mailbox have 1 emails and the robot can process 10
[2024-07-03T12:04:27.602+0000] {logging_mixin.py:151} INFO -    #>2024-07-03 12:04:27.602353_conneciton to db is set.
[2024-07-03T12:04:27.612+0000] {taskinstance.py:1943} ERROR - Task failed with exception
Traceback (most recent call last):
  File "/home/airflow/.local/lib/python3.8/site-packages/airflow/operators/python.py", line 192, in execute
    return_value = self.execute_callable()
  File "/home/airflow/.local/lib/python3.8/site-packages/airflow/operators/python.py", line 209, in execute_callable
    return self.python_callable(*self.op_args, **self.op_kwargs)
  File "/opt/airflow/dags/dag_email_robot.py", line 25, in get_emails
    robot.fetch_emails()
  File "/opt/airflow/dags/emailRobot.py", line 62, in fetch_emails
    return self.pop3_fetch_emails()
  File "/opt/airflow/dags/emailRobot.py", line 156, in pop3_fetch_emails
    cursor.execute (query, insert_values)
psycopg2.errors.UndefinedTable: relation "sma_stat_dep.tbl_file_upload" does not exist
LINE 1: ...) AS (INSERT INTO                                 sma_stat_d...
                                                             ^

[2024-07-03T12:04:27.636+0000] {taskinstance.py:1400} INFO - Marking task as FAILED. dag_id=reports_workflow, task_id=id_task_get_emails, execution_date=20240702T020500, start_date=20240703T120426, end_date=20240703T120427
[2024-07-03T12:04:27.654+0000] {standard_task_runner.py:104} ERROR - Failed to execute job 711 for task id_task_get_emails (relation "sma_stat_dep.tbl_file_upload" does not exist
LINE 1: ...) AS (INSERT INTO                                 sma_stat_d...
                                                             ^
; 23194)
[2024-07-03T12:04:27.685+0000] {local_task_job_runner.py:228} INFO - Task exited with return code 1
[2024-07-03T12:04:27.713+0000] {taskinstance.py:2784} INFO - 0 downstream tasks scheduled from follow-on schedule check
[2024-07-03T12:21:00.159+0000] {taskinstance.py:1159} INFO - Dependencies all met for dep_context=non-requeueable deps ti=<TaskInstance: reports_workflow.id_task_get_emails scheduled__2024-07-02T02:05:00+00:00 [queued]>
[2024-07-03T12:21:00.562+0000] {taskinstance.py:1159} INFO - Dependencies all met for dep_context=requeueable deps ti=<TaskInstance: reports_workflow.id_task_get_emails scheduled__2024-07-02T02:05:00+00:00 [queued]>
[2024-07-03T12:21:00.563+0000] {taskinstance.py:1361} INFO - Starting attempt 1 of 1
[2024-07-03T12:21:00.606+0000] {taskinstance.py:1382} INFO - Executing <Task(PythonOperator): id_task_get_emails> on 2024-07-02 02:05:00+00:00
[2024-07-03T12:21:00.618+0000] {standard_task_runner.py:57} INFO - Started process 23902 to run task
[2024-07-03T12:21:00.643+0000] {standard_task_runner.py:84} INFO - Running: ['***', 'tasks', 'run', 'reports_workflow', 'id_task_get_emails', 'scheduled__2024-07-02T02:05:00+00:00', '--job-id', '938', '--raw', '--subdir', 'DAGS_FOLDER/dag_email_robot.py', '--cfg-path', '/tmp/tmptau3he2_']
[2024-07-03T12:21:00.644+0000] {standard_task_runner.py:85} INFO - Job 938: Subtask id_task_get_emails
[2024-07-03T12:21:00.847+0000] {task_command.py:415} INFO - Running <TaskInstance: reports_workflow.id_task_get_emails scheduled__2024-07-02T02:05:00+00:00 [running]> on host 6f4ef5488251
[2024-07-03T12:21:01.219+0000] {taskinstance.py:1660} INFO - Exporting env vars: AIRFLOW_CTX_DAG_OWNER='FIRDAVS' AIRFLOW_CTX_DAG_ID='reports_workflow' AIRFLOW_CTX_TASK_ID='id_task_get_emails' AIRFLOW_CTX_EXECUTION_DATE='2024-07-02T02:05:00+00:00' AIRFLOW_CTX_TRY_NUMBER='1' AIRFLOW_CTX_DAG_RUN_ID='scheduled__2024-07-02T02:05:00+00:00'
[2024-07-03T12:21:01.220+0000] {logging_mixin.py:151} INFO - path of config file:  /opt/***
[2024-07-03T12:21:01.220+0000] {logging_mixin.py:151} INFO - #>2024-07-03 12:21:01.220594_User@StatDep: EmailRobot in screated.
[2024-07-03T12:21:01.220+0000] {logging_mixin.py:151} INFO - #>2024-07-03 12:21:01.220784_User@StatDep: get_for_recent_emails is started...
[2024-07-03T12:21:01.220+0000] {logging_mixin.py:151} INFO - #>2024-07-03 12:21:01.220947_User@StatDep: pop3_fetch_emails isstarted...
[2024-07-03T12:21:01.602+0000] {logging_mixin.py:151} INFO -    b'+OK'
[2024-07-03T12:21:01.887+0000] {logging_mixin.py:151} INFO -    mailbox have 0 emails and the robot can process 10
[2024-07-03T12:21:01.887+0000] {logging_mixin.py:151} INFO - #>2024-07-03 12:21:01.887402_User@StatDep: no emails to process, exiting pop3_fetch_emails()...
[2024-07-03T12:21:01.887+0000] {python.py:194} INFO - Done. Returned value was: True
[2024-07-03T12:21:01.924+0000] {taskinstance.py:1400} INFO - Marking task as SUCCESS. dag_id=reports_workflow, task_id=id_task_get_emails, execution_date=20240702T020500, start_date=20240703T122100, end_date=20240703T122101
[2024-07-03T12:21:01.989+0000] {local_task_job_runner.py:228} INFO - Task exited with return code 0
[2024-07-03T12:21:02.023+0000] {taskinstance.py:2784} INFO - 1 downstream tasks scheduled from follow-on schedule check
