[2024-07-04T05:31:46.973+0000] {taskinstance.py:1159} INFO - Dependencies all met for dep_context=non-requeueable deps ti=<TaskInstance: reports_workflow.id_task_get_emails scheduled__2024-07-04T05:20:00+00:00 [queued]>
[2024-07-04T05:31:46.981+0000] {taskinstance.py:1159} INFO - Dependencies all met for dep_context=requeueable deps ti=<TaskInstance: reports_workflow.id_task_get_emails scheduled__2024-07-04T05:20:00+00:00 [queued]>
[2024-07-04T05:31:46.981+0000] {taskinstance.py:1361} INFO - Starting attempt 1 of 2
[2024-07-04T05:31:46.992+0000] {taskinstance.py:1382} INFO - Executing <Task(PythonOperator): id_task_get_emails> on 2024-07-04 05:20:00+00:00
[2024-07-04T05:31:46.999+0000] {standard_task_runner.py:57} INFO - Started process 42688 to run task
[2024-07-04T05:31:47.004+0000] {standard_task_runner.py:84} INFO - Running: ['***', 'tasks', 'run', 'reports_workflow', 'id_task_get_emails', 'scheduled__2024-07-04T05:20:00+00:00', '--job-id', '2461', '--raw', '--subdir', 'DAGS_FOLDER/dag_email_robot.py', '--cfg-path', '/tmp/tmp4mg7y1p3']
[2024-07-04T05:31:47.005+0000] {standard_task_runner.py:85} INFO - Job 2461: Subtask id_task_get_emails
[2024-07-04T05:31:47.055+0000] {task_command.py:415} INFO - Running <TaskInstance: reports_workflow.id_task_get_emails scheduled__2024-07-04T05:20:00+00:00 [running]> on host 6f4ef5488251
[2024-07-04T05:31:47.146+0000] {taskinstance.py:1660} INFO - Exporting env vars: AIRFLOW_CTX_DAG_OWNER='FIRDAVS' AIRFLOW_CTX_DAG_ID='reports_workflow' AIRFLOW_CTX_TASK_ID='id_task_get_emails' AIRFLOW_CTX_EXECUTION_DATE='2024-07-04T05:20:00+00:00' AIRFLOW_CTX_TRY_NUMBER='1' AIRFLOW_CTX_DAG_RUN_ID='scheduled__2024-07-04T05:20:00+00:00'
[2024-07-04T05:31:47.147+0000] {logging_mixin.py:151} INFO - path of config file:  /opt/***
[2024-07-04T05:31:47.147+0000] {logging_mixin.py:151} INFO - #>2024-07-04 05:31:47.147892_User@StatDep: EmailRobot in screated.
[2024-07-04T05:31:47.148+0000] {logging_mixin.py:151} INFO - #>2024-07-04 05:31:47.148066_User@StatDep: get_for_recent_emails is started...
[2024-07-04T05:31:47.148+0000] {logging_mixin.py:151} INFO - #>2024-07-04 05:31:47.148191_User@StatDep: pop3_fetch_emails isstarted...
[2024-07-04T05:31:47.569+0000] {logging_mixin.py:151} INFO -    b'+OK'
[2024-07-04T05:31:47.993+0000] {logging_mixin.py:151} INFO -    mailbox have 0 emails and the robot can process 10
[2024-07-04T05:31:47.993+0000] {logging_mixin.py:151} INFO - #>2024-07-04 05:31:47.993886_User@StatDep: no emails to process, exiting pop3_fetch_emails()...
[2024-07-04T05:31:47.994+0000] {python.py:194} INFO - Done. Returned value was: True
[2024-07-04T05:31:48.038+0000] {taskinstance.py:1400} INFO - Marking task as SUCCESS. dag_id=reports_workflow, task_id=id_task_get_emails, execution_date=20240704T052000, start_date=20240704T053146, end_date=20240704T053148
[2024-07-04T05:31:48.071+0000] {local_task_job_runner.py:228} INFO - Task exited with return code 0
[2024-07-04T05:31:48.103+0000] {taskinstance.py:2784} INFO - 1 downstream tasks scheduled from follow-on schedule check
[2024-07-04T05:35:00.242+0000] {taskinstance.py:1159} INFO - Dependencies all met for dep_context=non-requeueable deps ti=<TaskInstance: reports_workflow.id_task_get_emails scheduled__2024-07-04T05:20:00+00:00 [queued]>
[2024-07-04T05:35:00.252+0000] {taskinstance.py:1159} INFO - Dependencies all met for dep_context=requeueable deps ti=<TaskInstance: reports_workflow.id_task_get_emails scheduled__2024-07-04T05:20:00+00:00 [queued]>
[2024-07-04T05:35:00.252+0000] {taskinstance.py:1361} INFO - Starting attempt 1 of 2
[2024-07-04T05:35:00.270+0000] {taskinstance.py:1382} INFO - Executing <Task(PythonOperator): id_task_get_emails> on 2024-07-04 05:20:00+00:00
[2024-07-04T05:35:00.276+0000] {standard_task_runner.py:57} INFO - Started process 42834 to run task
[2024-07-04T05:35:00.289+0000] {standard_task_runner.py:84} INFO - Running: ['***', 'tasks', 'run', 'reports_workflow', 'id_task_get_emails', 'scheduled__2024-07-04T05:20:00+00:00', '--job-id', '2509', '--raw', '--subdir', 'DAGS_FOLDER/dag_email_robot.py', '--cfg-path', '/tmp/tmpqaqy9jka']
[2024-07-04T05:35:00.290+0000] {standard_task_runner.py:85} INFO - Job 2509: Subtask id_task_get_emails
[2024-07-04T05:35:00.365+0000] {task_command.py:415} INFO - Running <TaskInstance: reports_workflow.id_task_get_emails scheduled__2024-07-04T05:20:00+00:00 [running]> on host 6f4ef5488251
[2024-07-04T05:35:00.484+0000] {taskinstance.py:1660} INFO - Exporting env vars: AIRFLOW_CTX_DAG_OWNER='FIRDAVS' AIRFLOW_CTX_DAG_ID='reports_workflow' AIRFLOW_CTX_TASK_ID='id_task_get_emails' AIRFLOW_CTX_EXECUTION_DATE='2024-07-04T05:20:00+00:00' AIRFLOW_CTX_TRY_NUMBER='1' AIRFLOW_CTX_DAG_RUN_ID='scheduled__2024-07-04T05:20:00+00:00'
[2024-07-04T05:35:00.485+0000] {logging_mixin.py:151} INFO - path of config file:  /opt/***
[2024-07-04T05:35:00.485+0000] {logging_mixin.py:151} INFO - #>2024-07-04 05:35:00.485860_User@StatDep: EmailRobot in screated.
[2024-07-04T05:35:00.486+0000] {logging_mixin.py:151} INFO - #>2024-07-04 05:35:00.486051_User@StatDep: get_for_recent_emails is started...
[2024-07-04T05:35:00.486+0000] {logging_mixin.py:151} INFO - #>2024-07-04 05:35:00.486182_User@StatDep: pop3_fetch_emails isstarted...
[2024-07-04T05:35:00.871+0000] {logging_mixin.py:151} INFO -    b'+OK'
[2024-07-04T05:35:01.275+0000] {logging_mixin.py:151} INFO -    mailbox have 0 emails and the robot can process 10
[2024-07-04T05:35:01.275+0000] {logging_mixin.py:151} INFO - #>2024-07-04 05:35:01.275579_User@StatDep: no emails to process, exiting pop3_fetch_emails()...
[2024-07-04T05:35:01.276+0000] {python.py:194} INFO - Done. Returned value was: True
[2024-07-04T05:35:01.412+0000] {taskinstance.py:1400} INFO - Marking task as SUCCESS. dag_id=reports_workflow, task_id=id_task_get_emails, execution_date=20240704T052000, start_date=20240704T053500, end_date=20240704T053501
[2024-07-04T05:35:01.506+0000] {local_task_job_runner.py:228} INFO - Task exited with return code 0
[2024-07-04T05:35:01.657+0000] {taskinstance.py:2784} INFO - 1 downstream tasks scheduled from follow-on schedule check
