[2024-07-03T09:57:01.404+0000] {taskinstance.py:1159} INFO - Dependencies all met for dep_context=non-requeueable deps ti=<TaskInstance: reports_workflow.id_task_get_emails scheduled__2024-07-02T04:55:00+00:00 [queued]>
[2024-07-03T09:57:01.416+0000] {taskinstance.py:1159} INFO - Dependencies all met for dep_context=requeueable deps ti=<TaskInstance: reports_workflow.id_task_get_emails scheduled__2024-07-02T04:55:00+00:00 [queued]>
[2024-07-03T09:57:01.417+0000] {taskinstance.py:1361} INFO - Starting attempt 1 of 1
[2024-07-03T09:57:01.433+0000] {taskinstance.py:1382} INFO - Executing <Task(PythonOperator): id_task_get_emails> on 2024-07-02 04:55:00+00:00
[2024-07-03T09:57:01.438+0000] {standard_task_runner.py:57} INFO - Started process 20437 to run task
[2024-07-03T09:57:01.442+0000] {standard_task_runner.py:84} INFO - Running: ['***', 'tasks', 'run', 'reports_workflow', 'id_task_get_emails', 'scheduled__2024-07-02T04:55:00+00:00', '--job-id', '302', '--raw', '--subdir', 'DAGS_FOLDER/dag_email_robot.py', '--cfg-path', '/tmp/tmpn70onedu']
[2024-07-03T09:57:01.443+0000] {standard_task_runner.py:85} INFO - Job 302: Subtask id_task_get_emails
[2024-07-03T09:57:01.494+0000] {task_command.py:415} INFO - Running <TaskInstance: reports_workflow.id_task_get_emails scheduled__2024-07-02T04:55:00+00:00 [running]> on host 6f4ef5488251
[2024-07-03T09:57:01.590+0000] {taskinstance.py:1660} INFO - Exporting env vars: AIRFLOW_CTX_DAG_OWNER='FIRDAVS' AIRFLOW_CTX_DAG_ID='reports_workflow' AIRFLOW_CTX_TASK_ID='id_task_get_emails' AIRFLOW_CTX_EXECUTION_DATE='2024-07-02T04:55:00+00:00' AIRFLOW_CTX_TRY_NUMBER='1' AIRFLOW_CTX_DAG_RUN_ID='scheduled__2024-07-02T04:55:00+00:00'
[2024-07-03T09:57:01.591+0000] {logging_mixin.py:151} INFO - path of config file:  /opt/***
[2024-07-03T09:57:01.591+0000] {taskinstance.py:1943} ERROR - Task failed with exception
Traceback (most recent call last):
  File "/home/airflow/.local/lib/python3.8/site-packages/airflow/operators/python.py", line 192, in execute
    return_value = self.execute_callable()
  File "/home/airflow/.local/lib/python3.8/site-packages/airflow/operators/python.py", line 209, in execute_callable
    return self.python_callable(*self.op_args, **self.op_kwargs)
  File "/opt/airflow/dags/dag_email_robot.py", line 22, in get_emails
    email_conf = json.load (open(path / ("config/email_conf.json")))
NameError: name 'json' is not defined
[2024-07-03T09:57:01.600+0000] {taskinstance.py:1400} INFO - Marking task as FAILED. dag_id=reports_workflow, task_id=id_task_get_emails, execution_date=20240702T045500, start_date=20240703T095701, end_date=20240703T095701
[2024-07-03T09:57:01.612+0000] {standard_task_runner.py:104} ERROR - Failed to execute job 302 for task id_task_get_emails (name 'json' is not defined; 20437)
[2024-07-03T09:57:01.654+0000] {local_task_job_runner.py:228} INFO - Task exited with return code 1
[2024-07-03T09:57:01.677+0000] {taskinstance.py:2784} INFO - 0 downstream tasks scheduled from follow-on schedule check
[2024-07-03T12:04:39.970+0000] {taskinstance.py:1159} INFO - Dependencies all met for dep_context=non-requeueable deps ti=<TaskInstance: reports_workflow.id_task_get_emails scheduled__2024-07-02T04:55:00+00:00 [queued]>
[2024-07-03T12:04:39.980+0000] {taskinstance.py:1159} INFO - Dependencies all met for dep_context=requeueable deps ti=<TaskInstance: reports_workflow.id_task_get_emails scheduled__2024-07-02T04:55:00+00:00 [queued]>
[2024-07-03T12:04:39.980+0000] {taskinstance.py:1361} INFO - Starting attempt 1 of 1
[2024-07-03T12:04:40.011+0000] {taskinstance.py:1382} INFO - Executing <Task(PythonOperator): id_task_get_emails> on 2024-07-02 04:55:00+00:00
[2024-07-03T12:04:40.022+0000] {standard_task_runner.py:57} INFO - Started process 23262 to run task
[2024-07-03T12:04:40.029+0000] {standard_task_runner.py:84} INFO - Running: ['***', 'tasks', 'run', 'reports_workflow', 'id_task_get_emails', 'scheduled__2024-07-02T04:55:00+00:00', '--job-id', '745', '--raw', '--subdir', 'DAGS_FOLDER/dag_email_robot.py', '--cfg-path', '/tmp/tmptyd7isq7']
[2024-07-03T12:04:40.031+0000] {standard_task_runner.py:85} INFO - Job 745: Subtask id_task_get_emails
[2024-07-03T12:04:40.101+0000] {task_command.py:415} INFO - Running <TaskInstance: reports_workflow.id_task_get_emails scheduled__2024-07-02T04:55:00+00:00 [running]> on host 6f4ef5488251
[2024-07-03T12:04:40.243+0000] {taskinstance.py:1660} INFO - Exporting env vars: AIRFLOW_CTX_DAG_OWNER='FIRDAVS' AIRFLOW_CTX_DAG_ID='reports_workflow' AIRFLOW_CTX_TASK_ID='id_task_get_emails' AIRFLOW_CTX_EXECUTION_DATE='2024-07-02T04:55:00+00:00' AIRFLOW_CTX_TRY_NUMBER='1' AIRFLOW_CTX_DAG_RUN_ID='scheduled__2024-07-02T04:55:00+00:00'
[2024-07-03T12:04:40.244+0000] {logging_mixin.py:151} INFO - path of config file:  /opt/***
[2024-07-03T12:04:40.245+0000] {logging_mixin.py:151} INFO - #>2024-07-03 12:04:40.245804_User@StatDep: EmailRobot in screated.
[2024-07-03T12:04:40.246+0000] {logging_mixin.py:151} INFO - #>2024-07-03 12:04:40.246024_User@StatDep: get_for_recent_emails is started...
[2024-07-03T12:04:40.250+0000] {logging_mixin.py:151} INFO - #>2024-07-03 12:04:40.250499_User@StatDep: pop3_fetch_emails isstarted...
[2024-07-03T12:04:40.652+0000] {logging_mixin.py:151} INFO -    b'+OK'
[2024-07-03T12:04:41.034+0000] {logging_mixin.py:151} INFO -    mailbox have 1 emails and the robot can process 10
[2024-07-03T12:04:41.497+0000] {logging_mixin.py:151} INFO -    #>2024-07-03 12:04:41.496947_conneciton to db is set.
[2024-07-03T12:04:41.508+0000] {taskinstance.py:1943} ERROR - Task failed with exception
Traceback (most recent call last):
  File "/home/airflow/.local/lib/python3.8/site-packages/airflow/operators/python.py", line 192, in execute
    return_value = self.execute_callable()
  File "/home/airflow/.local/lib/python3.8/site-packages/airflow/operators/python.py", line 209, in execute_callable
    return self.python_callable(*self.op_args, **self.op_kwargs)
  File "/opt/airflow/dags/dag_email_robot.py", line 25, in get_emails
    robot.fetch_emails()
  File "/opt/airflow/dags/emailRobot.py", line 62, in fetch_emails
    return self.pop3_fetch_emails()
  File "/opt/airflow/dags/emailRobot.py", line 156, in pop3_fetch_emails
    cursor.execute (query, insert_values)
psycopg2.errors.UndefinedTable: relation "sma_stat_dep.tbl_file_upload" does not exist
LINE 1: ...) AS (INSERT INTO                                 sma_stat_d...
                                                             ^

[2024-07-03T12:04:41.527+0000] {taskinstance.py:1400} INFO - Marking task as FAILED. dag_id=reports_workflow, task_id=id_task_get_emails, execution_date=20240702T045500, start_date=20240703T120439, end_date=20240703T120441
[2024-07-03T12:04:41.541+0000] {standard_task_runner.py:104} ERROR - Failed to execute job 745 for task id_task_get_emails (relation "sma_stat_dep.tbl_file_upload" does not exist
LINE 1: ...) AS (INSERT INTO                                 sma_stat_d...
                                                             ^
; 23262)
[2024-07-03T12:04:41.597+0000] {local_task_job_runner.py:228} INFO - Task exited with return code 1
[2024-07-03T12:04:41.626+0000] {taskinstance.py:2784} INFO - 0 downstream tasks scheduled from follow-on schedule check
[2024-07-03T12:21:54.052+0000] {taskinstance.py:1159} INFO - Dependencies all met for dep_context=non-requeueable deps ti=<TaskInstance: reports_workflow.id_task_get_emails scheduled__2024-07-02T04:55:00+00:00 [queued]>
[2024-07-03T12:21:54.120+0000] {taskinstance.py:1159} INFO - Dependencies all met for dep_context=requeueable deps ti=<TaskInstance: reports_workflow.id_task_get_emails scheduled__2024-07-02T04:55:00+00:00 [queued]>
[2024-07-03T12:21:54.120+0000] {taskinstance.py:1361} INFO - Starting attempt 1 of 1
[2024-07-03T12:21:54.146+0000] {taskinstance.py:1382} INFO - Executing <Task(PythonOperator): id_task_get_emails> on 2024-07-02 04:55:00+00:00
[2024-07-03T12:21:54.189+0000] {standard_task_runner.py:57} INFO - Started process 24045 to run task
[2024-07-03T12:21:54.235+0000] {standard_task_runner.py:84} INFO - Running: ['***', 'tasks', 'run', 'reports_workflow', 'id_task_get_emails', 'scheduled__2024-07-02T04:55:00+00:00', '--job-id', '1005', '--raw', '--subdir', 'DAGS_FOLDER/dag_email_robot.py', '--cfg-path', '/tmp/tmpb35__zww']
[2024-07-03T12:21:54.242+0000] {standard_task_runner.py:85} INFO - Job 1005: Subtask id_task_get_emails
[2024-07-03T12:21:54.377+0000] {task_command.py:415} INFO - Running <TaskInstance: reports_workflow.id_task_get_emails scheduled__2024-07-02T04:55:00+00:00 [running]> on host 6f4ef5488251
[2024-07-03T12:21:54.543+0000] {taskinstance.py:1660} INFO - Exporting env vars: AIRFLOW_CTX_DAG_OWNER='FIRDAVS' AIRFLOW_CTX_DAG_ID='reports_workflow' AIRFLOW_CTX_TASK_ID='id_task_get_emails' AIRFLOW_CTX_EXECUTION_DATE='2024-07-02T04:55:00+00:00' AIRFLOW_CTX_TRY_NUMBER='1' AIRFLOW_CTX_DAG_RUN_ID='scheduled__2024-07-02T04:55:00+00:00'
[2024-07-03T12:21:54.544+0000] {logging_mixin.py:151} INFO - path of config file:  /opt/***
[2024-07-03T12:21:54.544+0000] {logging_mixin.py:151} INFO - #>2024-07-03 12:21:54.544704_User@StatDep: EmailRobot in screated.
[2024-07-03T12:21:54.544+0000] {logging_mixin.py:151} INFO - #>2024-07-03 12:21:54.544881_User@StatDep: get_for_recent_emails is started...
[2024-07-03T12:21:54.545+0000] {logging_mixin.py:151} INFO - #>2024-07-03 12:21:54.545012_User@StatDep: pop3_fetch_emails isstarted...
[2024-07-03T12:21:54.963+0000] {logging_mixin.py:151} INFO -    b'+OK'
[2024-07-03T12:21:55.314+0000] {logging_mixin.py:151} INFO -    mailbox have 0 emails and the robot can process 10
[2024-07-03T12:21:55.314+0000] {logging_mixin.py:151} INFO - #>2024-07-03 12:21:55.314844_User@StatDep: no emails to process, exiting pop3_fetch_emails()...
[2024-07-03T12:21:55.315+0000] {python.py:194} INFO - Done. Returned value was: True
[2024-07-03T12:21:55.355+0000] {taskinstance.py:1400} INFO - Marking task as SUCCESS. dag_id=reports_workflow, task_id=id_task_get_emails, execution_date=20240702T045500, start_date=20240703T122154, end_date=20240703T122155
[2024-07-03T12:21:55.482+0000] {local_task_job_runner.py:228} INFO - Task exited with return code 0
[2024-07-03T12:21:55.543+0000] {taskinstance.py:2784} INFO - 1 downstream tasks scheduled from follow-on schedule check
