[2024-07-04T12:00:02.155+0000] {taskinstance.py:1159} INFO - Dependencies all met for dep_context=non-requeueable deps ti=<TaskInstance: reports_workflow.id_task_send_emails scheduled__2024-07-04T11:55:00+00:00 [queued]>
[2024-07-04T12:00:02.163+0000] {taskinstance.py:1159} INFO - Dependencies all met for dep_context=requeueable deps ti=<TaskInstance: reports_workflow.id_task_send_emails scheduled__2024-07-04T11:55:00+00:00 [queued]>
[2024-07-04T12:00:02.163+0000] {taskinstance.py:1361} INFO - Starting attempt 1 of 2
[2024-07-04T12:00:02.176+0000] {taskinstance.py:1382} INFO - Executing <Task(PythonOperator): id_task_send_emails> on 2024-07-04 11:55:00+00:00
[2024-07-04T12:00:02.180+0000] {standard_task_runner.py:57} INFO - Started process 49034 to run task
[2024-07-04T12:00:02.187+0000] {standard_task_runner.py:84} INFO - Running: ['***', 'tasks', 'run', 'reports_workflow', 'id_task_send_emails', 'scheduled__2024-07-04T11:55:00+00:00', '--job-id', '2677', '--raw', '--subdir', 'DAGS_FOLDER/dag_email_robot.py', '--cfg-path', '/tmp/tmpakzslgh2']
[2024-07-04T12:00:02.189+0000] {standard_task_runner.py:85} INFO - Job 2677: Subtask id_task_send_emails
[2024-07-04T12:00:02.257+0000] {task_command.py:415} INFO - Running <TaskInstance: reports_workflow.id_task_send_emails scheduled__2024-07-04T11:55:00+00:00 [running]> on host 6f4ef5488251
[2024-07-04T12:00:02.369+0000] {taskinstance.py:1660} INFO - Exporting env vars: AIRFLOW_CTX_DAG_OWNER='FIRDAVS' AIRFLOW_CTX_DAG_ID='reports_workflow' AIRFLOW_CTX_TASK_ID='id_task_send_emails' AIRFLOW_CTX_EXECUTION_DATE='2024-07-04T11:55:00+00:00' AIRFLOW_CTX_TRY_NUMBER='1' AIRFLOW_CTX_DAG_RUN_ID='scheduled__2024-07-04T11:55:00+00:00'
[2024-07-04T12:00:02.369+0000] {logging_mixin.py:151} INFO - path of config file:  /opt/***
[2024-07-04T12:00:02.370+0000] {logging_mixin.py:151} INFO - #>2024-07-04 12:00:02.370452_User@StatDep: EmailRobot in screated.
[2024-07-04T12:00:02.370+0000] {logging_mixin.py:151} INFO - #>2024-07-04 12:00:02.370640_User@StatDep: send_validation_results is started...
[2024-07-04T12:00:02.383+0000] {logging_mixin.py:151} INFO -    #>2024-07-04 12:00:02.383919_conneciton to db is set.
[2024-07-04T12:00:02.387+0000] {logging_mixin.py:151} INFO -    #>2024-07-04 12:00:02.387918_cursor execution is successful.
[2024-07-04T12:00:02.388+0000] {logging_mixin.py:151} INFO -    There is no any new submissions found. The get_validation_results is over.
[2024-07-04T12:00:02.388+0000] {python.py:194} INFO - Done. Returned value was: True
[2024-07-04T12:00:02.414+0000] {taskinstance.py:1400} INFO - Marking task as SUCCESS. dag_id=reports_workflow, task_id=id_task_send_emails, execution_date=20240704T115500, start_date=20240704T120002, end_date=20240704T120002
[2024-07-04T12:00:02.435+0000] {local_task_job_runner.py:228} INFO - Task exited with return code 0
[2024-07-04T12:00:02.455+0000] {taskinstance.py:2784} INFO - 0 downstream tasks scheduled from follow-on schedule check
[2024-07-04T12:24:28.698+0000] {taskinstance.py:1159} INFO - Dependencies all met for dep_context=non-requeueable deps ti=<TaskInstance: reports_workflow.id_task_send_emails scheduled__2024-07-04T11:55:00+00:00 [queued]>
[2024-07-04T12:24:28.719+0000] {taskinstance.py:1159} INFO - Dependencies all met for dep_context=requeueable deps ti=<TaskInstance: reports_workflow.id_task_send_emails scheduled__2024-07-04T11:55:00+00:00 [queued]>
[2024-07-04T12:24:28.719+0000] {taskinstance.py:1361} INFO - Starting attempt 1 of 2
[2024-07-04T12:24:28.736+0000] {taskinstance.py:1382} INFO - Executing <Task(PythonOperator): id_task_send_emails> on 2024-07-04 11:55:00+00:00
[2024-07-04T12:24:28.742+0000] {standard_task_runner.py:57} INFO - Started process 49517 to run task
[2024-07-04T12:24:28.769+0000] {standard_task_runner.py:84} INFO - Running: ['***', 'tasks', 'run', 'reports_workflow', 'id_task_send_emails', 'scheduled__2024-07-04T11:55:00+00:00', '--job-id', '2715', '--raw', '--subdir', 'DAGS_FOLDER/dag_email_robot.py', '--cfg-path', '/tmp/tmpc8d7arsb']
[2024-07-04T12:24:28.772+0000] {standard_task_runner.py:85} INFO - Job 2715: Subtask id_task_send_emails
[2024-07-04T12:24:28.852+0000] {task_command.py:415} INFO - Running <TaskInstance: reports_workflow.id_task_send_emails scheduled__2024-07-04T11:55:00+00:00 [running]> on host 6f4ef5488251
[2024-07-04T12:24:28.957+0000] {taskinstance.py:1660} INFO - Exporting env vars: AIRFLOW_CTX_DAG_OWNER='FIRDAVS' AIRFLOW_CTX_DAG_ID='reports_workflow' AIRFLOW_CTX_TASK_ID='id_task_send_emails' AIRFLOW_CTX_EXECUTION_DATE='2024-07-04T11:55:00+00:00' AIRFLOW_CTX_TRY_NUMBER='1' AIRFLOW_CTX_DAG_RUN_ID='scheduled__2024-07-04T11:55:00+00:00'
[2024-07-04T12:24:28.958+0000] {logging_mixin.py:151} INFO - path of config file:  /opt/***
[2024-07-04T12:24:28.959+0000] {logging_mixin.py:151} INFO - #>2024-07-04 12:24:28.959409_User@StatDep: EmailRobot in screated.
[2024-07-04T12:24:28.959+0000] {logging_mixin.py:151} INFO - #>2024-07-04 12:24:28.959595_User@StatDep: send_validation_results is started...
[2024-07-04T12:24:28.972+0000] {logging_mixin.py:151} INFO -    #>2024-07-04 12:24:28.971995_conneciton to db is set.
[2024-07-04T12:24:28.973+0000] {logging_mixin.py:151} INFO -    #>2024-07-04 12:24:28.973695_cursor execution is successful.
[2024-07-04T12:24:28.973+0000] {logging_mixin.py:151} INFO -    There is no any new submissions found. The get_validation_results is over.
[2024-07-04T12:24:28.976+0000] {python.py:194} INFO - Done. Returned value was: True
[2024-07-04T12:24:29.003+0000] {taskinstance.py:1400} INFO - Marking task as SUCCESS. dag_id=reports_workflow, task_id=id_task_send_emails, execution_date=20240704T115500, start_date=20240704T122428, end_date=20240704T122429
[2024-07-04T12:24:29.053+0000] {local_task_job_runner.py:228} INFO - Task exited with return code 0
[2024-07-04T12:24:29.077+0000] {taskinstance.py:2784} INFO - 0 downstream tasks scheduled from follow-on schedule check
[2024-07-04T12:26:14.537+0000] {taskinstance.py:1159} INFO - Dependencies all met for dep_context=non-requeueable deps ti=<TaskInstance: reports_workflow.id_task_send_emails scheduled__2024-07-04T11:55:00+00:00 [queued]>
[2024-07-04T12:26:14.559+0000] {taskinstance.py:1159} INFO - Dependencies all met for dep_context=requeueable deps ti=<TaskInstance: reports_workflow.id_task_send_emails scheduled__2024-07-04T11:55:00+00:00 [queued]>
[2024-07-04T12:26:14.559+0000] {taskinstance.py:1361} INFO - Starting attempt 1 of 2
[2024-07-04T12:26:14.605+0000] {taskinstance.py:1382} INFO - Executing <Task(PythonOperator): id_task_send_emails> on 2024-07-04 11:55:00+00:00
[2024-07-04T12:26:14.613+0000] {standard_task_runner.py:57} INFO - Started process 49646 to run task
[2024-07-04T12:26:14.633+0000] {standard_task_runner.py:84} INFO - Running: ['***', 'tasks', 'run', 'reports_workflow', 'id_task_send_emails', 'scheduled__2024-07-04T11:55:00+00:00', '--job-id', '2748', '--raw', '--subdir', 'DAGS_FOLDER/dag_email_robot.py', '--cfg-path', '/tmp/tmp_waqlrrj']
[2024-07-04T12:26:14.667+0000] {standard_task_runner.py:85} INFO - Job 2748: Subtask id_task_send_emails
[2024-07-04T12:26:14.775+0000] {task_command.py:415} INFO - Running <TaskInstance: reports_workflow.id_task_send_emails scheduled__2024-07-04T11:55:00+00:00 [running]> on host 6f4ef5488251
[2024-07-04T12:26:14.987+0000] {taskinstance.py:1660} INFO - Exporting env vars: AIRFLOW_CTX_DAG_OWNER='FIRDAVS' AIRFLOW_CTX_DAG_ID='reports_workflow' AIRFLOW_CTX_TASK_ID='id_task_send_emails' AIRFLOW_CTX_EXECUTION_DATE='2024-07-04T11:55:00+00:00' AIRFLOW_CTX_TRY_NUMBER='1' AIRFLOW_CTX_DAG_RUN_ID='scheduled__2024-07-04T11:55:00+00:00'
[2024-07-04T12:26:14.988+0000] {logging_mixin.py:151} INFO - path of config file:  /opt/***
[2024-07-04T12:26:14.989+0000] {logging_mixin.py:151} INFO - #>2024-07-04 12:26:14.989440_User@StatDep: EmailRobot in screated.
[2024-07-04T12:26:14.989+0000] {logging_mixin.py:151} INFO - #>2024-07-04 12:26:14.989613_User@StatDep: send_validation_results is started...
[2024-07-04T12:26:15.022+0000] {logging_mixin.py:151} INFO -    #>2024-07-04 12:26:15.022096_conneciton to db is set.
[2024-07-04T12:26:15.026+0000] {logging_mixin.py:151} INFO -    #>2024-07-04 12:26:15.025754_cursor execution is successful.
[2024-07-04T12:26:15.026+0000] {logging_mixin.py:151} INFO -    There is no any new submissions found. The get_validation_results is over.
[2024-07-04T12:26:15.027+0000] {python.py:194} INFO - Done. Returned value was: True
[2024-07-04T12:26:15.077+0000] {taskinstance.py:1400} INFO - Marking task as SUCCESS. dag_id=reports_workflow, task_id=id_task_send_emails, execution_date=20240704T115500, start_date=20240704T122614, end_date=20240704T122615
[2024-07-04T12:26:15.150+0000] {local_task_job_runner.py:228} INFO - Task exited with return code 0
[2024-07-04T12:26:15.208+0000] {taskinstance.py:2784} INFO - 0 downstream tasks scheduled from follow-on schedule check
