[2024-07-03T09:58:41.328+0000] {taskinstance.py:1159} INFO - Dependencies all met for dep_context=non-requeueable deps ti=<TaskInstance: reports_workflow.id_task_get_emails scheduled__2024-07-02T21:30:00+00:00 [queued]>
[2024-07-03T09:58:41.353+0000] {taskinstance.py:1159} INFO - Dependencies all met for dep_context=requeueable deps ti=<TaskInstance: reports_workflow.id_task_get_emails scheduled__2024-07-02T21:30:00+00:00 [queued]>
[2024-07-03T09:58:41.353+0000] {taskinstance.py:1361} INFO - Starting attempt 1 of 1
[2024-07-03T09:58:41.370+0000] {taskinstance.py:1382} INFO - Executing <Task(PythonOperator): id_task_get_emails> on 2024-07-02 21:30:00+00:00
[2024-07-03T09:58:41.376+0000] {standard_task_runner.py:57} INFO - Started process 20869 to run task
[2024-07-03T09:58:41.385+0000] {standard_task_runner.py:84} INFO - Running: ['***', 'tasks', 'run', 'reports_workflow', 'id_task_get_emails', 'scheduled__2024-07-02T21:30:00+00:00', '--job-id', '505', '--raw', '--subdir', 'DAGS_FOLDER/dag_email_robot.py', '--cfg-path', '/tmp/tmp14nsjech']
[2024-07-03T09:58:41.386+0000] {standard_task_runner.py:85} INFO - Job 505: Subtask id_task_get_emails
[2024-07-03T09:58:41.463+0000] {task_command.py:415} INFO - Running <TaskInstance: reports_workflow.id_task_get_emails scheduled__2024-07-02T21:30:00+00:00 [running]> on host 6f4ef5488251
[2024-07-03T09:58:41.601+0000] {taskinstance.py:1660} INFO - Exporting env vars: AIRFLOW_CTX_DAG_OWNER='FIRDAVS' AIRFLOW_CTX_DAG_ID='reports_workflow' AIRFLOW_CTX_TASK_ID='id_task_get_emails' AIRFLOW_CTX_EXECUTION_DATE='2024-07-02T21:30:00+00:00' AIRFLOW_CTX_TRY_NUMBER='1' AIRFLOW_CTX_DAG_RUN_ID='scheduled__2024-07-02T21:30:00+00:00'
[2024-07-03T09:58:41.602+0000] {logging_mixin.py:151} INFO - path of config file:  /opt/***
[2024-07-03T09:58:41.603+0000] {logging_mixin.py:151} INFO - #>2024-07-03 09:58:41.603004_User@StatDep: EmailRobot in screated.
[2024-07-03T09:58:41.603+0000] {logging_mixin.py:151} INFO - #>2024-07-03 09:58:41.603168_User@StatDep: get_for_recent_emails is started...
[2024-07-03T09:58:41.603+0000] {logging_mixin.py:151} INFO - #>2024-07-03 09:58:41.603287_User@StatDep: pop3_fetch_emails isstarted...
[2024-07-03T09:58:41.968+0000] {logging_mixin.py:151} INFO -    b'+OK'
[2024-07-03T09:58:42.314+0000] {logging_mixin.py:151} INFO -    mailbox have 0 emails and the robot can process 10
[2024-07-03T09:58:42.315+0000] {logging_mixin.py:151} INFO - #>2024-07-03 09:58:42.315382_User@StatDep: no emails to process, exiting pop3_fetch_emails()...
[2024-07-03T09:58:42.316+0000] {python.py:194} INFO - Done. Returned value was: True
[2024-07-03T09:58:42.354+0000] {taskinstance.py:1400} INFO - Marking task as SUCCESS. dag_id=reports_workflow, task_id=id_task_get_emails, execution_date=20240702T213000, start_date=20240703T095841, end_date=20240703T095842
[2024-07-03T09:58:42.400+0000] {local_task_job_runner.py:228} INFO - Task exited with return code 0
[2024-07-03T09:58:42.480+0000] {taskinstance.py:2784} INFO - 0 downstream tasks scheduled from follow-on schedule check
[2024-07-03T12:30:07.128+0000] {taskinstance.py:1159} INFO - Dependencies all met for dep_context=non-requeueable deps ti=<TaskInstance: reports_workflow.id_task_get_emails scheduled__2024-07-02T21:30:00+00:00 [queued]>
[2024-07-03T12:30:07.146+0000] {taskinstance.py:1159} INFO - Dependencies all met for dep_context=requeueable deps ti=<TaskInstance: reports_workflow.id_task_get_emails scheduled__2024-07-02T21:30:00+00:00 [queued]>
[2024-07-03T12:30:07.146+0000] {taskinstance.py:1361} INFO - Starting attempt 1 of 1
[2024-07-03T12:30:07.159+0000] {taskinstance.py:1382} INFO - Executing <Task(PythonOperator): id_task_get_emails> on 2024-07-02 21:30:00+00:00
[2024-07-03T12:30:07.163+0000] {standard_task_runner.py:57} INFO - Started process 24947 to run task
[2024-07-03T12:30:07.170+0000] {standard_task_runner.py:84} INFO - Running: ['***', 'tasks', 'run', 'reports_workflow', 'id_task_get_emails', 'scheduled__2024-07-02T21:30:00+00:00', '--job-id', '1400', '--raw', '--subdir', 'DAGS_FOLDER/dag_email_robot.py', '--cfg-path', '/tmp/tmptv1lwx1t']
[2024-07-03T12:30:07.172+0000] {standard_task_runner.py:85} INFO - Job 1400: Subtask id_task_get_emails
[2024-07-03T12:30:07.219+0000] {task_command.py:415} INFO - Running <TaskInstance: reports_workflow.id_task_get_emails scheduled__2024-07-02T21:30:00+00:00 [running]> on host 6f4ef5488251
[2024-07-03T12:30:07.331+0000] {taskinstance.py:1660} INFO - Exporting env vars: AIRFLOW_CTX_DAG_OWNER='FIRDAVS' AIRFLOW_CTX_DAG_ID='reports_workflow' AIRFLOW_CTX_TASK_ID='id_task_get_emails' AIRFLOW_CTX_EXECUTION_DATE='2024-07-02T21:30:00+00:00' AIRFLOW_CTX_TRY_NUMBER='1' AIRFLOW_CTX_DAG_RUN_ID='scheduled__2024-07-02T21:30:00+00:00'
[2024-07-03T12:30:07.332+0000] {logging_mixin.py:151} INFO - path of config file:  /opt/***
[2024-07-03T12:30:07.332+0000] {logging_mixin.py:151} INFO - #>2024-07-03 12:30:07.332633_User@StatDep: EmailRobot in screated.
[2024-07-03T12:30:07.332+0000] {logging_mixin.py:151} INFO - #>2024-07-03 12:30:07.332830_User@StatDep: get_for_recent_emails is started...
[2024-07-03T12:30:07.332+0000] {logging_mixin.py:151} INFO - #>2024-07-03 12:30:07.332969_User@StatDep: pop3_fetch_emails isstarted...
[2024-07-03T12:30:07.734+0000] {logging_mixin.py:151} INFO -    b'+OK'
[2024-07-03T12:30:08.127+0000] {logging_mixin.py:151} INFO -    mailbox have 0 emails and the robot can process 10
[2024-07-03T12:30:08.128+0000] {logging_mixin.py:151} INFO - #>2024-07-03 12:30:08.127952_User@StatDep: no emails to process, exiting pop3_fetch_emails()...
[2024-07-03T12:30:08.128+0000] {python.py:194} INFO - Done. Returned value was: True
[2024-07-03T12:30:08.156+0000] {taskinstance.py:1400} INFO - Marking task as SUCCESS. dag_id=reports_workflow, task_id=id_task_get_emails, execution_date=20240702T213000, start_date=20240703T123007, end_date=20240703T123008
[2024-07-03T12:30:08.184+0000] {local_task_job_runner.py:228} INFO - Task exited with return code 0
[2024-07-03T12:30:08.207+0000] {taskinstance.py:2784} INFO - 1 downstream tasks scheduled from follow-on schedule check
