[2024-07-15T12:10:02.170+0000] {taskinstance.py:1159} INFO - Dependencies all met for dep_context=non-requeueable deps ti=<TaskInstance: reports_workflow.id_task_get_emails scheduled__2024-07-15T12:05:00+00:00 [queued]>
[2024-07-15T12:10:02.176+0000] {taskinstance.py:1159} INFO - Dependencies all met for dep_context=requeueable deps ti=<TaskInstance: reports_workflow.id_task_get_emails scheduled__2024-07-15T12:05:00+00:00 [queued]>
[2024-07-15T12:10:02.177+0000] {taskinstance.py:1361} INFO - Starting attempt 1 of 2
[2024-07-15T12:10:02.188+0000] {taskinstance.py:1382} INFO - Executing <Task(PythonOperator): id_task_get_emails> on 2024-07-15 12:05:00+00:00
[2024-07-15T12:10:02.193+0000] {standard_task_runner.py:57} INFO - Started process 40097 to run task
[2024-07-15T12:10:02.199+0000] {standard_task_runner.py:84} INFO - Running: ['***', 'tasks', 'run', 'reports_workflow', 'id_task_get_emails', 'scheduled__2024-07-15T12:05:00+00:00', '--job-id', '6400', '--raw', '--subdir', 'DAGS_FOLDER/dag_email_robot.py', '--cfg-path', '/tmp/tmpnpgmshvm']
[2024-07-15T12:10:02.203+0000] {standard_task_runner.py:85} INFO - Job 6400: Subtask id_task_get_emails
[2024-07-15T12:10:02.332+0000] {task_command.py:415} INFO - Running <TaskInstance: reports_workflow.id_task_get_emails scheduled__2024-07-15T12:05:00+00:00 [running]> on host 6f4ef5488251
[2024-07-15T12:10:02.499+0000] {taskinstance.py:1660} INFO - Exporting env vars: AIRFLOW_CTX_DAG_OWNER='FIRDAVS' AIRFLOW_CTX_DAG_ID='reports_workflow' AIRFLOW_CTX_TASK_ID='id_task_get_emails' AIRFLOW_CTX_EXECUTION_DATE='2024-07-15T12:05:00+00:00' AIRFLOW_CTX_TRY_NUMBER='1' AIRFLOW_CTX_DAG_RUN_ID='scheduled__2024-07-15T12:05:00+00:00'
[2024-07-15T12:10:02.501+0000] {logging_mixin.py:151} INFO - path of config file:  /opt/***
[2024-07-15T12:10:02.501+0000] {logging_mixin.py:151} INFO - #>2024-07-15 12:10:02.501532_User@StatDep: EmailRobot in screated.
[2024-07-15T12:10:02.501+0000] {logging_mixin.py:151} INFO - #>2024-07-15 12:10:02.501734_User@StatDep: get_for_recent_emails is started...
[2024-07-15T12:10:02.501+0000] {logging_mixin.py:151} INFO - #>2024-07-15 12:10:02.501859_User@StatDep: pop3_fetch_emails isstarted...
[2024-07-15T12:10:02.967+0000] {logging_mixin.py:151} INFO -    b'+OK'
[2024-07-15T12:10:03.247+0000] {logging_mixin.py:151} INFO -    mailbox have 0 emails and the robot can process 10
[2024-07-15T12:10:03.248+0000] {logging_mixin.py:151} INFO - #>2024-07-15 12:10:03.248348_User@StatDep: no emails to process, exiting pop3_fetch_emails()...
[2024-07-15T12:10:03.249+0000] {python.py:194} INFO - Done. Returned value was: True
[2024-07-15T12:10:03.289+0000] {taskinstance.py:1400} INFO - Marking task as SUCCESS. dag_id=reports_workflow, task_id=id_task_get_emails, execution_date=20240715T120500, start_date=20240715T121002, end_date=20240715T121003
[2024-07-15T12:10:03.333+0000] {local_task_job_runner.py:228} INFO - Task exited with return code 0
[2024-07-15T12:10:03.365+0000] {taskinstance.py:2784} INFO - 1 downstream tasks scheduled from follow-on schedule check
