[2024-07-24T10:50:05.572+0000] {taskinstance.py:1159} INFO - Dependencies all met for dep_context=non-requeueable deps ti=<TaskInstance: reports_workflow.id_task_send_emails scheduled__2024-07-24T10:45:00+00:00 [queued]>
[2024-07-24T10:50:05.581+0000] {taskinstance.py:1159} INFO - Dependencies all met for dep_context=requeueable deps ti=<TaskInstance: reports_workflow.id_task_send_emails scheduled__2024-07-24T10:45:00+00:00 [queued]>
[2024-07-24T10:50:05.581+0000] {taskinstance.py:1361} INFO - Starting attempt 1 of 2
[2024-07-24T10:50:05.597+0000] {taskinstance.py:1382} INFO - Executing <Task(PythonOperator): id_task_send_emails> on 2024-07-24 10:45:00+00:00
[2024-07-24T10:50:05.603+0000] {standard_task_runner.py:57} INFO - Started process 109251 to run task
[2024-07-24T10:50:05.610+0000] {standard_task_runner.py:84} INFO - Running: ['***', 'tasks', 'run', 'reports_workflow', 'id_task_send_emails', 'scheduled__2024-07-24T10:45:00+00:00', '--job-id', '7767', '--raw', '--subdir', 'DAGS_FOLDER/dag_email_robot.py', '--cfg-path', '/tmp/tmpl1id5vjz']
[2024-07-24T10:50:05.615+0000] {standard_task_runner.py:85} INFO - Job 7767: Subtask id_task_send_emails
[2024-07-24T10:50:05.805+0000] {task_command.py:415} INFO - Running <TaskInstance: reports_workflow.id_task_send_emails scheduled__2024-07-24T10:45:00+00:00 [running]> on host 6f4ef5488251
[2024-07-24T10:50:06.288+0000] {taskinstance.py:1660} INFO - Exporting env vars: AIRFLOW_CTX_DAG_OWNER='FIRDAVS' AIRFLOW_CTX_DAG_ID='reports_workflow' AIRFLOW_CTX_TASK_ID='id_task_send_emails' AIRFLOW_CTX_EXECUTION_DATE='2024-07-24T10:45:00+00:00' AIRFLOW_CTX_TRY_NUMBER='1' AIRFLOW_CTX_DAG_RUN_ID='scheduled__2024-07-24T10:45:00+00:00'
[2024-07-24T10:50:06.289+0000] {logging_mixin.py:151} INFO - path of config file:  /opt/***
[2024-07-24T10:50:06.290+0000] {logging_mixin.py:151} INFO - #>2024-07-24 10:50:06.290549_User@StatDep: EmailRobot in screated.
[2024-07-24T10:50:06.290+0000] {logging_mixin.py:151} INFO - #>2024-07-24 10:50:06.290919_User@StatDep: send_validation_results is started...
[2024-07-24T10:50:06.301+0000] {logging_mixin.py:151} INFO -    #>2024-07-24 10:50:06.301419_conneciton to db is set.
[2024-07-24T10:50:06.303+0000] {logging_mixin.py:151} INFO -    #>2024-07-24 10:50:06.303463_cursor execution is successful.
[2024-07-24T10:50:06.303+0000] {logging_mixin.py:151} INFO -    extracted information for about report sumbissions found...
[2024-07-24T10:50:06.305+0000] {logging_mixin.py:151} INFO - #>2024-07-24 10:50:06.305839_User@StatDep: email object ready to be sent:
[2024-07-24T10:50:06.771+0000] {logging_mixin.py:151} WARNING - send: 'ehlo [172.20.0.6]\r\n'
[2024-07-24T10:50:06.833+0000] {logging_mixin.py:151} WARNING - reply: b'250-smtp57.i.mail.ru\r\n'
[2024-07-24T10:50:06.833+0000] {logging_mixin.py:151} WARNING - reply: b'250-SIZE 73400320\r\n'
[2024-07-24T10:50:06.833+0000] {logging_mixin.py:151} WARNING - reply: b'250-8BITMIME\r\n'
[2024-07-24T10:50:06.833+0000] {logging_mixin.py:151} WARNING - reply: b'250-PIPELINING\r\n'
[2024-07-24T10:50:06.834+0000] {logging_mixin.py:151} WARNING - reply: b'250-DSN\r\n'
[2024-07-24T10:50:06.834+0000] {logging_mixin.py:151} WARNING - reply: b'250-SMTPUTF8\r\n'
[2024-07-24T10:50:06.834+0000] {logging_mixin.py:151} WARNING - reply: b'250 AUTH PLAIN LOGIN XOAUTH2\r\n'
[2024-07-24T10:50:06.834+0000] {logging_mixin.py:151} WARNING - reply: retcode (250); Msg: b'smtp57.i.mail.ru\nSIZE 73400320\n8BITMIME\nPIPELINING\nDSN\nSMTPUTF8\nAUTH PLAIN LOGIN XOAUTH2'
[2024-07-24T10:50:06.835+0000] {logging_mixin.py:151} WARNING - send: 'AUTH PLAIN AGtoYWxpbXpvZEBsaXN0LnJ1AEdSWFFSakMyYms0cVpIQjI2VXFk\r\n'
[2024-07-24T10:50:07.003+0000] {logging_mixin.py:151} WARNING - reply: b'235 Authentication succeeded\r\n'
[2024-07-24T10:50:07.004+0000] {logging_mixin.py:151} WARNING - reply: retcode (235); Msg: b'Authentication succeeded'
[2024-07-24T10:50:07.009+0000] {logging_mixin.py:151} WARNING - send: 'mail FROM:<khalimzod@list.ru> size=1515\r\n'
[2024-07-24T10:50:07.075+0000] {logging_mixin.py:151} WARNING - reply: b'250 OK\r\n'
[2024-07-24T10:50:07.077+0000] {logging_mixin.py:151} WARNING - reply: retcode (250); Msg: b'OK'
[2024-07-24T10:50:07.078+0000] {logging_mixin.py:151} WARNING - send: 'rcpt TO:<3d_0001@mail.ru>\r\n'
[2024-07-24T10:50:07.141+0000] {logging_mixin.py:151} WARNING - reply: b'250 Accepted\r\n'
[2024-07-24T10:50:07.143+0000] {logging_mixin.py:151} WARNING - reply: retcode (250); Msg: b'Accepted'
[2024-07-24T10:50:07.144+0000] {logging_mixin.py:151} WARNING - send: 'data\r\n'
[2024-07-24T10:50:07.206+0000] {logging_mixin.py:151} WARNING - reply: b'354 Enter message, ending with "." on a line by itself\r\n'
[2024-07-24T10:50:07.207+0000] {logging_mixin.py:151} WARNING - reply: retcode (354); Msg: b'Enter message, ending with "." on a line by itself'
[2024-07-24T10:50:07.208+0000] {logging_mixin.py:151} WARNING - data: (354, b'Enter message, ending with "." on a line by itself')
[2024-07-24T10:50:07.209+0000] {logging_mixin.py:151} WARNING - send: b'Content-Type: multipart/mixed; boundary="===============0413758586559262537=="\r\nMIME-Version: 1.0\r\nSubject: =?utf-8?b?b21vckBuYnQudGo6INGE0LDQudC7ICIxSEsudjEuMTYyNi4zMTAxMjAyNC54bHN4Iiwg0LfQsNCz0YDRg9C20LXQvdC90YvQtSDQsiAyMDI0LTA3LTIzIDEzOjAxOjAxKzAwOjAwLCDQn9Cg0JjQndCv0KIg0KPQodCf0JXQqNCd0J4=?=\r\nFrom: khalimzod@list.ru\r\nTo: <3d_0001@mail.ru>\r\n\r\n--===============0413758586559262537==\r\nContent-Type: text/plain; charset="utf-8"\r\nMIME-Version: 1.0\r\nContent-Transfer-Encoding: base64\r\n\r\n0JfQtNGA0LDQstGB0YLQstGD0LnRgtC1LCAKINGE0LDQudC7IDFISy52MS4xNjI2LjMxMDEyMDI0\r\nLnhsc3gsINC30LDQs9GA0YPQttC10L3QvdGL0Lkg0LIgMjAyNC0wNy0yMyAxMzowMTowMSswMDow\r\nMCwg0LHRi9C7INGD0YHQv9C10YjQvdC+INC/0YDQvtCy0LXRgNC10L0g0Lgg0L/RgNC40L3Rj9GC\r\nINGB0LjRgdGC0LXQvNC+0Lkg0LDQstGC0L7QvNCw0YLQuNGH0LXRgdC60L7QuSDQvtCx0YDQsNCx\r\n0L7RgtC60LguCiBDINGD0LLQsNC20LXQvdC40LXQvCwgCiDQlNC10L/QsNGA0YLQsNC80LXQvdGC\r\nINGB0YLQsNGC0LjRgdGC0LjQutC4INC4INC/0LvQsNGC0LXQttC90L7Qs9C+INCx0LDQu9Cw0L3R\r\ngdCw\r\n\r\n--===============0413758586559262537==\r\nMIME-Version: 1.0\r\nContent-Type: application/text/csv; charset="utf-8"\r\nContent-Transfer-Encoding: base64\r\nContent-Transfer-Encoding: base64\r\ncontent-disposition: attachment; filename="1HK.v1.1626.31012024.xlsx_protocol.txt"\r\n\r\n0JTQsNGC0LAg0Lgg0LLRgNC10LzRjyDQv9C+0LvRg9GH0LXQvdC40Y8g0YTQsNC50LvQsCAtLS0t\r\nLS0tLS0tLS0tLS0tLS0tLSAyMDI0LTA3LTI0IDE1OjM0OjU2CgogCgog0LrQvtC70LjRh9C10YHR\r\ngtCy0L4g0L3QsNC50LTQtdC90L3Ri9GFINC+0YjQuNCx0L7QuiAtLS0tLS0tLS0tLS0tLS0tLS0t\r\nLTA=\r\n\r\n--===============0413758586559262537==--\r\n.\r\n'
[2024-07-24T10:50:08.069+0000] {logging_mixin.py:151} WARNING - reply: b'250 OK id=1sWZZP-00000005Smh-0giJ\r\n'
[2024-07-24T10:50:08.070+0000] {logging_mixin.py:151} WARNING - reply: retcode (250); Msg: b'OK id=1sWZZP-00000005Smh-0giJ'
[2024-07-24T10:50:08.071+0000] {logging_mixin.py:151} WARNING - data: (250, b'OK id=1sWZZP-00000005Smh-0giJ')
[2024-07-24T10:50:08.072+0000] {logging_mixin.py:151} INFO - #>2024-07-24 10:50:08.072038_User@StatDep: email successfuly sent
[2024-07-24T10:50:08.072+0000] {logging_mixin.py:151} WARNING - send: 'QUIT\r\n'
[2024-07-24T10:50:08.340+0000] {logging_mixin.py:151} WARNING - reply: b'221 smtp57.i.mail.ru closing connection\r\n'
[2024-07-24T10:50:08.341+0000] {logging_mixin.py:151} WARNING - reply: retcode (221); Msg: b'smtp57.i.mail.ru closing connection'
[2024-07-24T10:50:08.343+0000] {logging_mixin.py:151} INFO -    finilizing processing for the reserved file uploads...
[2024-07-24T10:50:08.346+0000] {python.py:194} INFO - Done. Returned value was: True
[2024-07-24T10:50:08.383+0000] {taskinstance.py:1400} INFO - Marking task as SUCCESS. dag_id=reports_workflow, task_id=id_task_send_emails, execution_date=20240724T104500, start_date=20240724T105005, end_date=20240724T105008
[2024-07-24T10:50:08.433+0000] {local_task_job_runner.py:228} INFO - Task exited with return code 0
[2024-07-24T10:50:08.472+0000] {taskinstance.py:2784} INFO - 0 downstream tasks scheduled from follow-on schedule check
