[2024-07-03T09:58:40.310+0000] {taskinstance.py:1159} INFO - Dependencies all met for dep_context=non-requeueable deps ti=<TaskInstance: reports_workflow.id_task_get_emails scheduled__2024-07-02T21:00:00+00:00 [queued]>
[2024-07-03T09:58:40.322+0000] {taskinstance.py:1159} INFO - Dependencies all met for dep_context=requeueable deps ti=<TaskInstance: reports_workflow.id_task_get_emails scheduled__2024-07-02T21:00:00+00:00 [queued]>
[2024-07-03T09:58:40.323+0000] {taskinstance.py:1361} INFO - Starting attempt 1 of 1
[2024-07-03T09:58:40.355+0000] {taskinstance.py:1382} INFO - Executing <Task(PythonOperator): id_task_get_emails> on 2024-07-02 21:00:00+00:00
[2024-07-03T09:58:40.361+0000] {standard_task_runner.py:57} INFO - Started process 20858 to run task
[2024-07-03T09:58:40.364+0000] {standard_task_runner.py:84} INFO - Running: ['***', 'tasks', 'run', 'reports_workflow', 'id_task_get_emails', 'scheduled__2024-07-02T21:00:00+00:00', '--job-id', '499', '--raw', '--subdir', 'DAGS_FOLDER/dag_email_robot.py', '--cfg-path', '/tmp/tmpsnxw7h_4']
[2024-07-03T09:58:40.366+0000] {standard_task_runner.py:85} INFO - Job 499: Subtask id_task_get_emails
[2024-07-03T09:58:40.471+0000] {task_command.py:415} INFO - Running <TaskInstance: reports_workflow.id_task_get_emails scheduled__2024-07-02T21:00:00+00:00 [running]> on host 6f4ef5488251
[2024-07-03T09:58:40.663+0000] {taskinstance.py:1660} INFO - Exporting env vars: AIRFLOW_CTX_DAG_OWNER='FIRDAVS' AIRFLOW_CTX_DAG_ID='reports_workflow' AIRFLOW_CTX_TASK_ID='id_task_get_emails' AIRFLOW_CTX_EXECUTION_DATE='2024-07-02T21:00:00+00:00' AIRFLOW_CTX_TRY_NUMBER='1' AIRFLOW_CTX_DAG_RUN_ID='scheduled__2024-07-02T21:00:00+00:00'
[2024-07-03T09:58:40.664+0000] {logging_mixin.py:151} INFO - path of config file:  /opt/***
[2024-07-03T09:58:40.667+0000] {logging_mixin.py:151} INFO - #>2024-07-03 09:58:40.667913_User@StatDep: EmailRobot in screated.
[2024-07-03T09:58:40.668+0000] {logging_mixin.py:151} INFO - #>2024-07-03 09:58:40.668097_User@StatDep: get_for_recent_emails is started...
[2024-07-03T09:58:40.668+0000] {logging_mixin.py:151} INFO - #>2024-07-03 09:58:40.668226_User@StatDep: pop3_fetch_emails isstarted...
[2024-07-03T09:58:41.091+0000] {logging_mixin.py:151} INFO -    b'+OK'
[2024-07-03T09:58:41.402+0000] {logging_mixin.py:151} INFO -    mailbox have 0 emails and the robot can process 10
[2024-07-03T09:58:41.402+0000] {logging_mixin.py:151} INFO - #>2024-07-03 09:58:41.402379_User@StatDep: no emails to process, exiting pop3_fetch_emails()...
[2024-07-03T09:58:41.402+0000] {python.py:194} INFO - Done. Returned value was: True
[2024-07-03T09:58:41.441+0000] {taskinstance.py:1400} INFO - Marking task as SUCCESS. dag_id=reports_workflow, task_id=id_task_get_emails, execution_date=20240702T210000, start_date=20240703T095840, end_date=20240703T095841
[2024-07-03T09:58:41.474+0000] {local_task_job_runner.py:228} INFO - Task exited with return code 0
[2024-07-03T09:58:41.501+0000] {taskinstance.py:2784} INFO - 0 downstream tasks scheduled from follow-on schedule check
[2024-07-03T12:29:59.479+0000] {taskinstance.py:1159} INFO - Dependencies all met for dep_context=non-requeueable deps ti=<TaskInstance: reports_workflow.id_task_get_emails scheduled__2024-07-02T21:00:00+00:00 [queued]>
[2024-07-03T12:29:59.512+0000] {taskinstance.py:1159} INFO - Dependencies all met for dep_context=requeueable deps ti=<TaskInstance: reports_workflow.id_task_get_emails scheduled__2024-07-02T21:00:00+00:00 [queued]>
[2024-07-03T12:29:59.513+0000] {taskinstance.py:1361} INFO - Starting attempt 1 of 1
[2024-07-03T12:29:59.574+0000] {taskinstance.py:1382} INFO - Executing <Task(PythonOperator): id_task_get_emails> on 2024-07-02 21:00:00+00:00
[2024-07-03T12:29:59.582+0000] {standard_task_runner.py:57} INFO - Started process 24917 to run task
[2024-07-03T12:29:59.596+0000] {standard_task_runner.py:84} INFO - Running: ['***', 'tasks', 'run', 'reports_workflow', 'id_task_get_emails', 'scheduled__2024-07-02T21:00:00+00:00', '--job-id', '1384', '--raw', '--subdir', 'DAGS_FOLDER/dag_email_robot.py', '--cfg-path', '/tmp/tmps3nqa_3w']
[2024-07-03T12:29:59.597+0000] {standard_task_runner.py:85} INFO - Job 1384: Subtask id_task_get_emails
[2024-07-03T12:29:59.700+0000] {task_command.py:415} INFO - Running <TaskInstance: reports_workflow.id_task_get_emails scheduled__2024-07-02T21:00:00+00:00 [running]> on host 6f4ef5488251
[2024-07-03T12:29:59.793+0000] {taskinstance.py:1660} INFO - Exporting env vars: AIRFLOW_CTX_DAG_OWNER='FIRDAVS' AIRFLOW_CTX_DAG_ID='reports_workflow' AIRFLOW_CTX_TASK_ID='id_task_get_emails' AIRFLOW_CTX_EXECUTION_DATE='2024-07-02T21:00:00+00:00' AIRFLOW_CTX_TRY_NUMBER='1' AIRFLOW_CTX_DAG_RUN_ID='scheduled__2024-07-02T21:00:00+00:00'
[2024-07-03T12:29:59.794+0000] {logging_mixin.py:151} INFO - path of config file:  /opt/***
[2024-07-03T12:29:59.796+0000] {logging_mixin.py:151} INFO - #>2024-07-03 12:29:59.796749_User@StatDep: EmailRobot in screated.
[2024-07-03T12:29:59.797+0000] {logging_mixin.py:151} INFO - #>2024-07-03 12:29:59.797162_User@StatDep: get_for_recent_emails is started...
[2024-07-03T12:29:59.797+0000] {logging_mixin.py:151} INFO - #>2024-07-03 12:29:59.797487_User@StatDep: pop3_fetch_emails isstarted...
[2024-07-03T12:30:00.160+0000] {logging_mixin.py:151} INFO -    b'+OK'
[2024-07-03T12:30:00.488+0000] {logging_mixin.py:151} INFO -    mailbox have 0 emails and the robot can process 10
[2024-07-03T12:30:00.488+0000] {logging_mixin.py:151} INFO - #>2024-07-03 12:30:00.488732_User@StatDep: no emails to process, exiting pop3_fetch_emails()...
[2024-07-03T12:30:00.489+0000] {python.py:194} INFO - Done. Returned value was: True
[2024-07-03T12:30:00.529+0000] {taskinstance.py:1400} INFO - Marking task as SUCCESS. dag_id=reports_workflow, task_id=id_task_get_emails, execution_date=20240702T210000, start_date=20240703T122959, end_date=20240703T123000
[2024-07-03T12:30:00.585+0000] {local_task_job_runner.py:228} INFO - Task exited with return code 0
[2024-07-03T12:30:00.609+0000] {taskinstance.py:2784} INFO - 1 downstream tasks scheduled from follow-on schedule check
