[2024-07-03T09:58:56.429+0000] {taskinstance.py:1159} INFO - Dependencies all met for dep_context=non-requeueable deps ti=<TaskInstance: reports_workflow.id_task_get_emails scheduled__2024-07-02T23:45:00+00:00 [queued]>
[2024-07-03T09:58:56.436+0000] {taskinstance.py:1159} INFO - Dependencies all met for dep_context=requeueable deps ti=<TaskInstance: reports_workflow.id_task_get_emails scheduled__2024-07-02T23:45:00+00:00 [queued]>
[2024-07-03T09:58:56.437+0000] {taskinstance.py:1361} INFO - Starting attempt 1 of 1
[2024-07-03T09:58:56.449+0000] {taskinstance.py:1382} INFO - Executing <Task(PythonOperator): id_task_get_emails> on 2024-07-02 23:45:00+00:00
[2024-07-03T09:58:56.454+0000] {standard_task_runner.py:57} INFO - Started process 20922 to run task
[2024-07-03T09:58:56.465+0000] {standard_task_runner.py:84} INFO - Running: ['***', 'tasks', 'run', 'reports_workflow', 'id_task_get_emails', 'scheduled__2024-07-02T23:45:00+00:00', '--job-id', '532', '--raw', '--subdir', 'DAGS_FOLDER/dag_email_robot.py', '--cfg-path', '/tmp/tmpc4bmxslb']
[2024-07-03T09:58:56.470+0000] {standard_task_runner.py:85} INFO - Job 532: Subtask id_task_get_emails
[2024-07-03T09:58:56.600+0000] {task_command.py:415} INFO - Running <TaskInstance: reports_workflow.id_task_get_emails scheduled__2024-07-02T23:45:00+00:00 [running]> on host 6f4ef5488251
[2024-07-03T09:58:56.778+0000] {taskinstance.py:1660} INFO - Exporting env vars: AIRFLOW_CTX_DAG_OWNER='FIRDAVS' AIRFLOW_CTX_DAG_ID='reports_workflow' AIRFLOW_CTX_TASK_ID='id_task_get_emails' AIRFLOW_CTX_EXECUTION_DATE='2024-07-02T23:45:00+00:00' AIRFLOW_CTX_TRY_NUMBER='1' AIRFLOW_CTX_DAG_RUN_ID='scheduled__2024-07-02T23:45:00+00:00'
[2024-07-03T09:58:56.779+0000] {logging_mixin.py:151} INFO - path of config file:  /opt/***
[2024-07-03T09:58:56.780+0000] {logging_mixin.py:151} INFO - #>2024-07-03 09:58:56.780282_User@StatDep: EmailRobot in screated.
[2024-07-03T09:58:56.780+0000] {logging_mixin.py:151} INFO - #>2024-07-03 09:58:56.780459_User@StatDep: get_for_recent_emails is started...
[2024-07-03T09:58:56.780+0000] {logging_mixin.py:151} INFO - #>2024-07-03 09:58:56.780582_User@StatDep: pop3_fetch_emails isstarted...
[2024-07-03T09:58:57.207+0000] {logging_mixin.py:151} INFO -    b'+OK'
[2024-07-03T09:58:57.478+0000] {logging_mixin.py:151} INFO -    mailbox have 0 emails and the robot can process 10
[2024-07-03T09:58:57.479+0000] {logging_mixin.py:151} INFO - #>2024-07-03 09:58:57.479017_User@StatDep: no emails to process, exiting pop3_fetch_emails()...
[2024-07-03T09:58:57.482+0000] {python.py:194} INFO - Done. Returned value was: True
[2024-07-03T09:58:57.524+0000] {taskinstance.py:1400} INFO - Marking task as SUCCESS. dag_id=reports_workflow, task_id=id_task_get_emails, execution_date=20240702T234500, start_date=20240703T095856, end_date=20240703T095857
[2024-07-03T09:58:57.606+0000] {local_task_job_runner.py:228} INFO - Task exited with return code 0
[2024-07-03T09:58:57.631+0000] {taskinstance.py:2784} INFO - 0 downstream tasks scheduled from follow-on schedule check
[2024-07-03T13:39:14.378+0000] {taskinstance.py:1159} INFO - Dependencies all met for dep_context=non-requeueable deps ti=<TaskInstance: reports_workflow.id_task_get_emails scheduled__2024-07-02T23:45:00+00:00 [queued]>
[2024-07-03T13:39:14.749+0000] {taskinstance.py:1159} INFO - Dependencies all met for dep_context=requeueable deps ti=<TaskInstance: reports_workflow.id_task_get_emails scheduled__2024-07-02T23:45:00+00:00 [queued]>
[2024-07-03T13:39:14.749+0000] {taskinstance.py:1361} INFO - Starting attempt 1 of 1
[2024-07-03T13:39:14.864+0000] {taskinstance.py:1382} INFO - Executing <Task(PythonOperator): id_task_get_emails> on 2024-07-02 23:45:00+00:00
[2024-07-03T13:39:14.868+0000] {standard_task_runner.py:57} INFO - Started process 26119 to run task
[2024-07-03T13:39:14.890+0000] {standard_task_runner.py:84} INFO - Running: ['***', 'tasks', 'run', 'reports_workflow', 'id_task_get_emails', 'scheduled__2024-07-02T23:45:00+00:00', '--job-id', '1455', '--raw', '--subdir', 'DAGS_FOLDER/dag_email_robot.py', '--cfg-path', '/tmp/tmpuogftg0q']
[2024-07-03T13:39:14.892+0000] {standard_task_runner.py:85} INFO - Job 1455: Subtask id_task_get_emails
[2024-07-03T13:39:15.208+0000] {task_command.py:415} INFO - Running <TaskInstance: reports_workflow.id_task_get_emails scheduled__2024-07-02T23:45:00+00:00 [running]> on host 6f4ef5488251
[2024-07-03T13:39:15.385+0000] {taskinstance.py:1660} INFO - Exporting env vars: AIRFLOW_CTX_DAG_OWNER='FIRDAVS' AIRFLOW_CTX_DAG_ID='reports_workflow' AIRFLOW_CTX_TASK_ID='id_task_get_emails' AIRFLOW_CTX_EXECUTION_DATE='2024-07-02T23:45:00+00:00' AIRFLOW_CTX_TRY_NUMBER='1' AIRFLOW_CTX_DAG_RUN_ID='scheduled__2024-07-02T23:45:00+00:00'
[2024-07-03T13:39:15.386+0000] {logging_mixin.py:151} INFO - path of config file:  /opt/***
[2024-07-03T13:39:15.388+0000] {logging_mixin.py:151} INFO - #>2024-07-03 13:39:15.387988_User@StatDep: EmailRobot in screated.
[2024-07-03T13:39:15.388+0000] {logging_mixin.py:151} INFO - #>2024-07-03 13:39:15.388213_User@StatDep: get_for_recent_emails is started...
[2024-07-03T13:39:15.388+0000] {logging_mixin.py:151} INFO - #>2024-07-03 13:39:15.388365_User@StatDep: pop3_fetch_emails isstarted...
[2024-07-03T13:39:15.754+0000] {logging_mixin.py:151} INFO -    b'+OK'
[2024-07-03T13:39:16.049+0000] {logging_mixin.py:151} INFO -    mailbox have 0 emails and the robot can process 10
[2024-07-03T13:39:16.049+0000] {logging_mixin.py:151} INFO - #>2024-07-03 13:39:16.049758_User@StatDep: no emails to process, exiting pop3_fetch_emails()...
[2024-07-03T13:39:16.050+0000] {python.py:194} INFO - Done. Returned value was: True
[2024-07-03T13:39:16.099+0000] {taskinstance.py:1400} INFO - Marking task as SUCCESS. dag_id=reports_workflow, task_id=id_task_get_emails, execution_date=20240702T234500, start_date=20240703T133914, end_date=20240703T133916
[2024-07-03T13:39:16.146+0000] {local_task_job_runner.py:228} INFO - Task exited with return code 0
[2024-07-03T13:39:16.177+0000] {taskinstance.py:2784} INFO - 1 downstream tasks scheduled from follow-on schedule check
