[2024-07-04T04:20:03.138+0000] {taskinstance.py:1159} INFO - Dependencies all met for dep_context=non-requeueable deps ti=<TaskInstance: reports_workflow.id_task_send_emails scheduled__2024-07-04T04:15:00+00:00 [queued]>
[2024-07-04T04:20:03.147+0000] {taskinstance.py:1159} INFO - Dependencies all met for dep_context=requeueable deps ti=<TaskInstance: reports_workflow.id_task_send_emails scheduled__2024-07-04T04:15:00+00:00 [queued]>
[2024-07-04T04:20:03.147+0000] {taskinstance.py:1361} INFO - Starting attempt 1 of 2
[2024-07-04T04:20:03.159+0000] {taskinstance.py:1382} INFO - Executing <Task(PythonOperator): id_task_send_emails> on 2024-07-04 04:15:00+00:00
[2024-07-04T04:20:03.163+0000] {standard_task_runner.py:57} INFO - Started process 41393 to run task
[2024-07-04T04:20:03.172+0000] {standard_task_runner.py:84} INFO - Running: ['***', 'tasks', 'run', 'reports_workflow', 'id_task_send_emails', 'scheduled__2024-07-04T04:15:00+00:00', '--job-id', '2363', '--raw', '--subdir', 'DAGS_FOLDER/dag_email_robot.py', '--cfg-path', '/tmp/tmpl5ln3amw']
[2024-07-04T04:20:03.174+0000] {standard_task_runner.py:85} INFO - Job 2363: Subtask id_task_send_emails
[2024-07-04T04:20:03.242+0000] {task_command.py:415} INFO - Running <TaskInstance: reports_workflow.id_task_send_emails scheduled__2024-07-04T04:15:00+00:00 [running]> on host 6f4ef5488251
[2024-07-04T04:20:03.328+0000] {taskinstance.py:1660} INFO - Exporting env vars: AIRFLOW_CTX_DAG_OWNER='FIRDAVS' AIRFLOW_CTX_DAG_ID='reports_workflow' AIRFLOW_CTX_TASK_ID='id_task_send_emails' AIRFLOW_CTX_EXECUTION_DATE='2024-07-04T04:15:00+00:00' AIRFLOW_CTX_TRY_NUMBER='1' AIRFLOW_CTX_DAG_RUN_ID='scheduled__2024-07-04T04:15:00+00:00'
[2024-07-04T04:20:03.329+0000] {logging_mixin.py:151} INFO - path of config file:  /opt/***
[2024-07-04T04:20:03.330+0000] {logging_mixin.py:151} INFO - #>2024-07-04 04:20:03.330197_User@StatDep: EmailRobot in screated.
[2024-07-04T04:20:03.330+0000] {logging_mixin.py:151} INFO - #>2024-07-04 04:20:03.330416_User@StatDep: send_validation_results is started...
[2024-07-04T04:20:03.338+0000] {logging_mixin.py:151} INFO -    #>2024-07-04 04:20:03.338804_conneciton to db is set.
[2024-07-04T04:20:03.340+0000] {logging_mixin.py:151} INFO -    #>2024-07-04 04:20:03.340494_cursor execution is successful.
[2024-07-04T04:20:03.340+0000] {logging_mixin.py:151} INFO -    There is no any new submissions found. The get_validation_results is over.
[2024-07-04T04:20:03.340+0000] {python.py:194} INFO - Done. Returned value was: True
[2024-07-04T04:20:03.362+0000] {taskinstance.py:1400} INFO - Marking task as SUCCESS. dag_id=reports_workflow, task_id=id_task_send_emails, execution_date=20240704T041500, start_date=20240704T042003, end_date=20240704T042003
[2024-07-04T04:20:03.378+0000] {local_task_job_runner.py:228} INFO - Task exited with return code 0
[2024-07-04T04:20:03.398+0000] {taskinstance.py:2784} INFO - 0 downstream tasks scheduled from follow-on schedule check
[2024-07-04T05:08:13.998+0000] {taskinstance.py:1159} INFO - Dependencies all met for dep_context=non-requeueable deps ti=<TaskInstance: reports_workflow.id_task_send_emails scheduled__2024-07-04T04:15:00+00:00 [queued]>
[2024-07-04T05:08:14.011+0000] {taskinstance.py:1159} INFO - Dependencies all met for dep_context=requeueable deps ti=<TaskInstance: reports_workflow.id_task_send_emails scheduled__2024-07-04T04:15:00+00:00 [queued]>
[2024-07-04T05:08:14.011+0000] {taskinstance.py:1361} INFO - Starting attempt 1 of 2
[2024-07-04T05:08:14.024+0000] {taskinstance.py:1382} INFO - Executing <Task(PythonOperator): id_task_send_emails> on 2024-07-04 04:15:00+00:00
[2024-07-04T05:08:14.029+0000] {standard_task_runner.py:57} INFO - Started process 42202 to run task
[2024-07-04T05:08:14.036+0000] {standard_task_runner.py:84} INFO - Running: ['***', 'tasks', 'run', 'reports_workflow', 'id_task_send_emails', 'scheduled__2024-07-04T04:15:00+00:00', '--job-id', '2399', '--raw', '--subdir', 'DAGS_FOLDER/dag_email_robot.py', '--cfg-path', '/tmp/tmpj1t1mbda']
[2024-07-04T05:08:14.038+0000] {standard_task_runner.py:85} INFO - Job 2399: Subtask id_task_send_emails
[2024-07-04T05:08:14.093+0000] {task_command.py:415} INFO - Running <TaskInstance: reports_workflow.id_task_send_emails scheduled__2024-07-04T04:15:00+00:00 [running]> on host 6f4ef5488251
[2024-07-04T05:08:14.179+0000] {taskinstance.py:1660} INFO - Exporting env vars: AIRFLOW_CTX_DAG_OWNER='FIRDAVS' AIRFLOW_CTX_DAG_ID='reports_workflow' AIRFLOW_CTX_TASK_ID='id_task_send_emails' AIRFLOW_CTX_EXECUTION_DATE='2024-07-04T04:15:00+00:00' AIRFLOW_CTX_TRY_NUMBER='1' AIRFLOW_CTX_DAG_RUN_ID='scheduled__2024-07-04T04:15:00+00:00'
[2024-07-04T05:08:14.180+0000] {logging_mixin.py:151} INFO - path of config file:  /opt/***
[2024-07-04T05:08:14.181+0000] {logging_mixin.py:151} INFO - #>2024-07-04 05:08:14.180994_User@StatDep: EmailRobot in screated.
[2024-07-04T05:08:14.181+0000] {logging_mixin.py:151} INFO - #>2024-07-04 05:08:14.181192_User@StatDep: send_validation_results is started...
[2024-07-04T05:08:14.190+0000] {logging_mixin.py:151} INFO -    #>2024-07-04 05:08:14.190910_conneciton to db is set.
[2024-07-04T05:08:14.194+0000] {logging_mixin.py:151} INFO -    #>2024-07-04 05:08:14.194079_cursor execution is successful.
[2024-07-04T05:08:14.194+0000] {logging_mixin.py:151} INFO -    There is no any new submissions found. The get_validation_results is over.
[2024-07-04T05:08:14.197+0000] {python.py:194} INFO - Done. Returned value was: True
[2024-07-04T05:08:14.220+0000] {taskinstance.py:1400} INFO - Marking task as SUCCESS. dag_id=reports_workflow, task_id=id_task_send_emails, execution_date=20240704T041500, start_date=20240704T050814, end_date=20240704T050814
[2024-07-04T05:08:14.246+0000] {local_task_job_runner.py:228} INFO - Task exited with return code 0
[2024-07-04T05:08:14.269+0000] {taskinstance.py:2784} INFO - 0 downstream tasks scheduled from follow-on schedule check
[2024-07-04T05:31:41.132+0000] {taskinstance.py:1159} INFO - Dependencies all met for dep_context=non-requeueable deps ti=<TaskInstance: reports_workflow.id_task_send_emails scheduled__2024-07-04T04:15:00+00:00 [queued]>
[2024-07-04T05:31:41.153+0000] {taskinstance.py:1159} INFO - Dependencies all met for dep_context=requeueable deps ti=<TaskInstance: reports_workflow.id_task_send_emails scheduled__2024-07-04T04:15:00+00:00 [queued]>
[2024-07-04T05:31:41.153+0000] {taskinstance.py:1361} INFO - Starting attempt 1 of 2
[2024-07-04T05:31:41.172+0000] {taskinstance.py:1382} INFO - Executing <Task(PythonOperator): id_task_send_emails> on 2024-07-04 04:15:00+00:00
[2024-07-04T05:31:41.183+0000] {standard_task_runner.py:57} INFO - Started process 42660 to run task
[2024-07-04T05:31:41.191+0000] {standard_task_runner.py:84} INFO - Running: ['***', 'tasks', 'run', 'reports_workflow', 'id_task_send_emails', 'scheduled__2024-07-04T04:15:00+00:00', '--job-id', '2447', '--raw', '--subdir', 'DAGS_FOLDER/dag_email_robot.py', '--cfg-path', '/tmp/tmpm822rzou']
[2024-07-04T05:31:41.194+0000] {standard_task_runner.py:85} INFO - Job 2447: Subtask id_task_send_emails
[2024-07-04T05:31:41.256+0000] {task_command.py:415} INFO - Running <TaskInstance: reports_workflow.id_task_send_emails scheduled__2024-07-04T04:15:00+00:00 [running]> on host 6f4ef5488251
[2024-07-04T05:31:41.385+0000] {taskinstance.py:1660} INFO - Exporting env vars: AIRFLOW_CTX_DAG_OWNER='FIRDAVS' AIRFLOW_CTX_DAG_ID='reports_workflow' AIRFLOW_CTX_TASK_ID='id_task_send_emails' AIRFLOW_CTX_EXECUTION_DATE='2024-07-04T04:15:00+00:00' AIRFLOW_CTX_TRY_NUMBER='1' AIRFLOW_CTX_DAG_RUN_ID='scheduled__2024-07-04T04:15:00+00:00'
[2024-07-04T05:31:41.386+0000] {logging_mixin.py:151} INFO - path of config file:  /opt/***
[2024-07-04T05:31:41.387+0000] {logging_mixin.py:151} INFO - #>2024-07-04 05:31:41.387255_User@StatDep: EmailRobot in screated.
[2024-07-04T05:31:41.387+0000] {logging_mixin.py:151} INFO - #>2024-07-04 05:31:41.387461_User@StatDep: send_validation_results is started...
[2024-07-04T05:31:41.397+0000] {logging_mixin.py:151} INFO -    #>2024-07-04 05:31:41.397145_conneciton to db is set.
[2024-07-04T05:31:41.398+0000] {logging_mixin.py:151} INFO -    #>2024-07-04 05:31:41.398899_cursor execution is successful.
[2024-07-04T05:31:41.399+0000] {logging_mixin.py:151} INFO -    There is no any new submissions found. The get_validation_results is over.
[2024-07-04T05:31:41.399+0000] {python.py:194} INFO - Done. Returned value was: True
[2024-07-04T05:31:41.436+0000] {taskinstance.py:1400} INFO - Marking task as SUCCESS. dag_id=reports_workflow, task_id=id_task_send_emails, execution_date=20240704T041500, start_date=20240704T053141, end_date=20240704T053141
[2024-07-04T05:31:41.454+0000] {local_task_job_runner.py:228} INFO - Task exited with return code 0
[2024-07-04T05:31:41.474+0000] {taskinstance.py:2784} INFO - 0 downstream tasks scheduled from follow-on schedule check
[2024-07-04T05:34:54.405+0000] {taskinstance.py:1159} INFO - Dependencies all met for dep_context=non-requeueable deps ti=<TaskInstance: reports_workflow.id_task_send_emails scheduled__2024-07-04T04:15:00+00:00 [queued]>
[2024-07-04T05:34:54.443+0000] {taskinstance.py:1159} INFO - Dependencies all met for dep_context=requeueable deps ti=<TaskInstance: reports_workflow.id_task_send_emails scheduled__2024-07-04T04:15:00+00:00 [queued]>
[2024-07-04T05:34:54.444+0000] {taskinstance.py:1361} INFO - Starting attempt 1 of 2
[2024-07-04T05:34:54.491+0000] {taskinstance.py:1382} INFO - Executing <Task(PythonOperator): id_task_send_emails> on 2024-07-04 04:15:00+00:00
[2024-07-04T05:34:54.497+0000] {standard_task_runner.py:57} INFO - Started process 42808 to run task
[2024-07-04T05:34:54.510+0000] {standard_task_runner.py:84} INFO - Running: ['***', 'tasks', 'run', 'reports_workflow', 'id_task_send_emails', 'scheduled__2024-07-04T04:15:00+00:00', '--job-id', '2497', '--raw', '--subdir', 'DAGS_FOLDER/dag_email_robot.py', '--cfg-path', '/tmp/tmpv_wi30ax']
[2024-07-04T05:34:54.511+0000] {standard_task_runner.py:85} INFO - Job 2497: Subtask id_task_send_emails
[2024-07-04T05:34:54.564+0000] {task_command.py:415} INFO - Running <TaskInstance: reports_workflow.id_task_send_emails scheduled__2024-07-04T04:15:00+00:00 [running]> on host 6f4ef5488251
[2024-07-04T05:34:54.652+0000] {taskinstance.py:1660} INFO - Exporting env vars: AIRFLOW_CTX_DAG_OWNER='FIRDAVS' AIRFLOW_CTX_DAG_ID='reports_workflow' AIRFLOW_CTX_TASK_ID='id_task_send_emails' AIRFLOW_CTX_EXECUTION_DATE='2024-07-04T04:15:00+00:00' AIRFLOW_CTX_TRY_NUMBER='1' AIRFLOW_CTX_DAG_RUN_ID='scheduled__2024-07-04T04:15:00+00:00'
[2024-07-04T05:34:54.653+0000] {logging_mixin.py:151} INFO - path of config file:  /opt/***
[2024-07-04T05:34:54.653+0000] {logging_mixin.py:151} INFO - #>2024-07-04 05:34:54.653843_User@StatDep: EmailRobot in screated.
[2024-07-04T05:34:54.654+0000] {logging_mixin.py:151} INFO - #>2024-07-04 05:34:54.654189_User@StatDep: send_validation_results is started...
[2024-07-04T05:34:54.664+0000] {logging_mixin.py:151} INFO -    #>2024-07-04 05:34:54.664777_conneciton to db is set.
[2024-07-04T05:34:54.670+0000] {logging_mixin.py:151} INFO -    #>2024-07-04 05:34:54.670750_cursor execution is successful.
[2024-07-04T05:34:54.670+0000] {logging_mixin.py:151} INFO -    There is no any new submissions found. The get_validation_results is over.
[2024-07-04T05:34:54.673+0000] {python.py:194} INFO - Done. Returned value was: True
[2024-07-04T05:34:54.700+0000] {taskinstance.py:1400} INFO - Marking task as SUCCESS. dag_id=reports_workflow, task_id=id_task_send_emails, execution_date=20240704T041500, start_date=20240704T053454, end_date=20240704T053454
[2024-07-04T05:34:54.716+0000] {local_task_job_runner.py:228} INFO - Task exited with return code 0
[2024-07-04T05:34:54.732+0000] {taskinstance.py:2784} INFO - 0 downstream tasks scheduled from follow-on schedule check
