[2024-07-08T05:50:01.572+0000] {taskinstance.py:1159} INFO - Dependencies all met for dep_context=non-requeueable deps ti=<TaskInstance: reports_workflow.id_task_get_emails scheduled__2024-07-08T05:45:00+00:00 [queued]>
[2024-07-08T05:50:01.579+0000] {taskinstance.py:1159} INFO - Dependencies all met for dep_context=requeueable deps ti=<TaskInstance: reports_workflow.id_task_get_emails scheduled__2024-07-08T05:45:00+00:00 [queued]>
[2024-07-08T05:50:01.580+0000] {taskinstance.py:1361} INFO - Starting attempt 1 of 2
[2024-07-08T05:50:01.591+0000] {taskinstance.py:1382} INFO - Executing <Task(PythonOperator): id_task_get_emails> on 2024-07-08 05:45:00+00:00
[2024-07-08T05:50:01.597+0000] {standard_task_runner.py:57} INFO - Started process 3078 to run task
[2024-07-08T05:50:01.603+0000] {standard_task_runner.py:84} INFO - Running: ['***', 'tasks', 'run', 'reports_workflow', 'id_task_get_emails', 'scheduled__2024-07-08T05:45:00+00:00', '--job-id', '3541', '--raw', '--subdir', 'DAGS_FOLDER/dag_email_robot.py', '--cfg-path', '/tmp/tmpzv6krwu0']
[2024-07-08T05:50:01.608+0000] {standard_task_runner.py:85} INFO - Job 3541: Subtask id_task_get_emails
[2024-07-08T05:50:01.693+0000] {task_command.py:415} INFO - Running <TaskInstance: reports_workflow.id_task_get_emails scheduled__2024-07-08T05:45:00+00:00 [running]> on host 6f4ef5488251
[2024-07-08T05:50:01.800+0000] {taskinstance.py:1660} INFO - Exporting env vars: AIRFLOW_CTX_DAG_OWNER='FIRDAVS' AIRFLOW_CTX_DAG_ID='reports_workflow' AIRFLOW_CTX_TASK_ID='id_task_get_emails' AIRFLOW_CTX_EXECUTION_DATE='2024-07-08T05:45:00+00:00' AIRFLOW_CTX_TRY_NUMBER='1' AIRFLOW_CTX_DAG_RUN_ID='scheduled__2024-07-08T05:45:00+00:00'
[2024-07-08T05:50:01.801+0000] {logging_mixin.py:151} INFO - path of config file:  /opt/***
[2024-07-08T05:50:01.802+0000] {logging_mixin.py:151} INFO - #>2024-07-08 05:50:01.802112_User@StatDep: EmailRobot in screated.
[2024-07-08T05:50:01.802+0000] {logging_mixin.py:151} INFO - #>2024-07-08 05:50:01.802278_User@StatDep: get_for_recent_emails is started...
[2024-07-08T05:50:01.802+0000] {logging_mixin.py:151} INFO - #>2024-07-08 05:50:01.802394_User@StatDep: pop3_fetch_emails isstarted...
[2024-07-08T05:50:02.416+0000] {logging_mixin.py:151} INFO -    b'+OK'
[2024-07-08T05:50:02.778+0000] {logging_mixin.py:151} INFO -    mailbox have 0 emails and the robot can process 10
[2024-07-08T05:50:02.779+0000] {logging_mixin.py:151} INFO - #>2024-07-08 05:50:02.779437_User@StatDep: no emails to process, exiting pop3_fetch_emails()...
[2024-07-08T05:50:02.780+0000] {python.py:194} INFO - Done. Returned value was: True
[2024-07-08T05:50:02.819+0000] {taskinstance.py:1400} INFO - Marking task as SUCCESS. dag_id=reports_workflow, task_id=id_task_get_emails, execution_date=20240708T054500, start_date=20240708T055001, end_date=20240708T055002
[2024-07-08T05:50:02.856+0000] {local_task_job_runner.py:228} INFO - Task exited with return code 0
[2024-07-08T05:50:02.891+0000] {taskinstance.py:2784} INFO - 1 downstream tasks scheduled from follow-on schedule check
[2024-07-08T10:13:23.796+0000] {taskinstance.py:1159} INFO - Dependencies all met for dep_context=non-requeueable deps ti=<TaskInstance: reports_workflow.id_task_get_emails scheduled__2024-07-08T05:45:00+00:00 [queued]>
[2024-07-08T10:13:23.826+0000] {taskinstance.py:1159} INFO - Dependencies all met for dep_context=requeueable deps ti=<TaskInstance: reports_workflow.id_task_get_emails scheduled__2024-07-08T05:45:00+00:00 [queued]>
[2024-07-08T10:13:23.827+0000] {taskinstance.py:1361} INFO - Starting attempt 1 of 2
[2024-07-08T10:13:23.866+0000] {taskinstance.py:1382} INFO - Executing <Task(PythonOperator): id_task_get_emails> on 2024-07-08 05:45:00+00:00
[2024-07-08T10:13:23.881+0000] {standard_task_runner.py:57} INFO - Started process 7652 to run task
[2024-07-08T10:13:23.915+0000] {standard_task_runner.py:84} INFO - Running: ['***', 'tasks', 'run', 'reports_workflow', 'id_task_get_emails', 'scheduled__2024-07-08T05:45:00+00:00', '--job-id', '3713', '--raw', '--subdir', 'DAGS_FOLDER/dag_email_robot.py', '--cfg-path', '/tmp/tmpa76fy_82']
[2024-07-08T10:13:23.921+0000] {standard_task_runner.py:85} INFO - Job 3713: Subtask id_task_get_emails
[2024-07-08T10:13:24.104+0000] {task_command.py:415} INFO - Running <TaskInstance: reports_workflow.id_task_get_emails scheduled__2024-07-08T05:45:00+00:00 [running]> on host 6f4ef5488251
[2024-07-08T10:13:24.441+0000] {taskinstance.py:1660} INFO - Exporting env vars: AIRFLOW_CTX_DAG_OWNER='FIRDAVS' AIRFLOW_CTX_DAG_ID='reports_workflow' AIRFLOW_CTX_TASK_ID='id_task_get_emails' AIRFLOW_CTX_EXECUTION_DATE='2024-07-08T05:45:00+00:00' AIRFLOW_CTX_TRY_NUMBER='1' AIRFLOW_CTX_DAG_RUN_ID='scheduled__2024-07-08T05:45:00+00:00'
[2024-07-08T10:13:24.442+0000] {logging_mixin.py:151} INFO - path of config file:  /opt/***
[2024-07-08T10:13:24.443+0000] {logging_mixin.py:151} INFO - #>2024-07-08 10:13:24.443126_User@StatDep: EmailRobot in screated.
[2024-07-08T10:13:24.443+0000] {logging_mixin.py:151} INFO - #>2024-07-08 10:13:24.443309_User@StatDep: get_for_recent_emails is started...
[2024-07-08T10:13:24.443+0000] {logging_mixin.py:151} INFO - #>2024-07-08 10:13:24.443431_User@StatDep: pop3_fetch_emails isstarted...
[2024-07-08T10:13:24.859+0000] {logging_mixin.py:151} INFO -    b'+OK'
[2024-07-08T10:13:25.196+0000] {logging_mixin.py:151} INFO -    mailbox have 0 emails and the robot can process 10
[2024-07-08T10:13:25.196+0000] {logging_mixin.py:151} INFO - #>2024-07-08 10:13:25.196873_User@StatDep: no emails to process, exiting pop3_fetch_emails()...
[2024-07-08T10:13:25.197+0000] {python.py:194} INFO - Done. Returned value was: True
[2024-07-08T10:13:25.228+0000] {taskinstance.py:1400} INFO - Marking task as SUCCESS. dag_id=reports_workflow, task_id=id_task_get_emails, execution_date=20240708T054500, start_date=20240708T101323, end_date=20240708T101325
[2024-07-08T10:13:25.416+0000] {local_task_job_runner.py:228} INFO - Task exited with return code 0
[2024-07-08T10:13:25.494+0000] {taskinstance.py:2784} INFO - 1 downstream tasks scheduled from follow-on schedule check
[2024-07-08T10:21:36.287+0000] {taskinstance.py:1159} INFO - Dependencies all met for dep_context=non-requeueable deps ti=<TaskInstance: reports_workflow.id_task_get_emails scheduled__2024-07-08T05:45:00+00:00 [queued]>
[2024-07-08T10:21:36.500+0000] {taskinstance.py:1159} INFO - Dependencies all met for dep_context=requeueable deps ti=<TaskInstance: reports_workflow.id_task_get_emails scheduled__2024-07-08T05:45:00+00:00 [queued]>
[2024-07-08T10:21:36.501+0000] {taskinstance.py:1361} INFO - Starting attempt 1 of 2
[2024-07-08T10:21:36.517+0000] {taskinstance.py:1382} INFO - Executing <Task(PythonOperator): id_task_get_emails> on 2024-07-08 05:45:00+00:00
[2024-07-08T10:21:36.523+0000] {standard_task_runner.py:57} INFO - Started process 7886 to run task
[2024-07-08T10:21:36.534+0000] {standard_task_runner.py:84} INFO - Running: ['***', 'tasks', 'run', 'reports_workflow', 'id_task_get_emails', 'scheduled__2024-07-08T05:45:00+00:00', '--job-id', '3753', '--raw', '--subdir', 'DAGS_FOLDER/dag_email_robot.py', '--cfg-path', '/tmp/tmpkdfrst97']
[2024-07-08T10:21:36.539+0000] {standard_task_runner.py:85} INFO - Job 3753: Subtask id_task_get_emails
[2024-07-08T10:21:36.599+0000] {task_command.py:415} INFO - Running <TaskInstance: reports_workflow.id_task_get_emails scheduled__2024-07-08T05:45:00+00:00 [running]> on host 6f4ef5488251
[2024-07-08T10:21:36.705+0000] {taskinstance.py:1660} INFO - Exporting env vars: AIRFLOW_CTX_DAG_OWNER='FIRDAVS' AIRFLOW_CTX_DAG_ID='reports_workflow' AIRFLOW_CTX_TASK_ID='id_task_get_emails' AIRFLOW_CTX_EXECUTION_DATE='2024-07-08T05:45:00+00:00' AIRFLOW_CTX_TRY_NUMBER='1' AIRFLOW_CTX_DAG_RUN_ID='scheduled__2024-07-08T05:45:00+00:00'
[2024-07-08T10:21:36.707+0000] {logging_mixin.py:151} INFO - path of config file:  /opt/***
[2024-07-08T10:21:36.708+0000] {logging_mixin.py:151} INFO - #>2024-07-08 10:21:36.707981_User@StatDep: EmailRobot in screated.
[2024-07-08T10:21:36.708+0000] {logging_mixin.py:151} INFO - #>2024-07-08 10:21:36.708367_User@StatDep: get_for_recent_emails is started...
[2024-07-08T10:21:36.708+0000] {logging_mixin.py:151} INFO - #>2024-07-08 10:21:36.708687_User@StatDep: pop3_fetch_emails isstarted...
[2024-07-08T10:21:37.125+0000] {logging_mixin.py:151} INFO -    b'+OK'
[2024-07-08T10:21:37.473+0000] {logging_mixin.py:151} INFO -    mailbox have 0 emails and the robot can process 10
[2024-07-08T10:21:37.473+0000] {logging_mixin.py:151} INFO - #>2024-07-08 10:21:37.473811_User@StatDep: no emails to process, exiting pop3_fetch_emails()...
[2024-07-08T10:21:37.474+0000] {python.py:194} INFO - Done. Returned value was: True
[2024-07-08T10:21:37.514+0000] {taskinstance.py:1400} INFO - Marking task as SUCCESS. dag_id=reports_workflow, task_id=id_task_get_emails, execution_date=20240708T054500, start_date=20240708T102136, end_date=20240708T102137
[2024-07-08T10:21:37.543+0000] {local_task_job_runner.py:228} INFO - Task exited with return code 0
[2024-07-08T10:21:37.569+0000] {taskinstance.py:2784} INFO - 1 downstream tasks scheduled from follow-on schedule check
[2024-07-08T10:25:43.311+0000] {taskinstance.py:1159} INFO - Dependencies all met for dep_context=non-requeueable deps ti=<TaskInstance: reports_workflow.id_task_get_emails scheduled__2024-07-08T05:45:00+00:00 [queued]>
[2024-07-08T10:25:43.373+0000] {taskinstance.py:1159} INFO - Dependencies all met for dep_context=requeueable deps ti=<TaskInstance: reports_workflow.id_task_get_emails scheduled__2024-07-08T05:45:00+00:00 [queued]>
[2024-07-08T10:25:43.373+0000] {taskinstance.py:1361} INFO - Starting attempt 1 of 2
[2024-07-08T10:25:43.430+0000] {taskinstance.py:1382} INFO - Executing <Task(PythonOperator): id_task_get_emails> on 2024-07-08 05:45:00+00:00
[2024-07-08T10:25:43.451+0000] {standard_task_runner.py:57} INFO - Started process 8511 to run task
[2024-07-08T10:25:43.457+0000] {standard_task_runner.py:84} INFO - Running: ['***', 'tasks', 'run', 'reports_workflow', 'id_task_get_emails', 'scheduled__2024-07-08T05:45:00+00:00', '--job-id', '3936', '--raw', '--subdir', 'DAGS_FOLDER/dag_email_robot.py', '--cfg-path', '/tmp/tmpz9bpcjd5']
[2024-07-08T10:25:43.470+0000] {standard_task_runner.py:85} INFO - Job 3936: Subtask id_task_get_emails
[2024-07-08T10:25:43.617+0000] {task_command.py:415} INFO - Running <TaskInstance: reports_workflow.id_task_get_emails scheduled__2024-07-08T05:45:00+00:00 [running]> on host 6f4ef5488251
[2024-07-08T10:25:43.836+0000] {taskinstance.py:1660} INFO - Exporting env vars: AIRFLOW_CTX_DAG_OWNER='FIRDAVS' AIRFLOW_CTX_DAG_ID='reports_workflow' AIRFLOW_CTX_TASK_ID='id_task_get_emails' AIRFLOW_CTX_EXECUTION_DATE='2024-07-08T05:45:00+00:00' AIRFLOW_CTX_TRY_NUMBER='1' AIRFLOW_CTX_DAG_RUN_ID='scheduled__2024-07-08T05:45:00+00:00'
[2024-07-08T10:25:43.840+0000] {logging_mixin.py:151} INFO - path of config file:  /opt/***
[2024-07-08T10:25:43.841+0000] {logging_mixin.py:151} INFO - #>2024-07-08 10:25:43.841479_User@StatDep: EmailRobot in screated.
[2024-07-08T10:25:43.849+0000] {logging_mixin.py:151} INFO - #>2024-07-08 10:25:43.849219_User@StatDep: get_for_recent_emails is started...
[2024-07-08T10:25:43.849+0000] {logging_mixin.py:151} INFO - #>2024-07-08 10:25:43.849621_User@StatDep: pop3_fetch_emails isstarted...
[2024-07-08T10:25:44.243+0000] {logging_mixin.py:151} INFO -    b'+OK'
[2024-07-08T10:25:44.599+0000] {logging_mixin.py:151} INFO -    mailbox have 0 emails and the robot can process 10
[2024-07-08T10:25:44.599+0000] {logging_mixin.py:151} INFO - #>2024-07-08 10:25:44.599905_User@StatDep: no emails to process, exiting pop3_fetch_emails()...
[2024-07-08T10:25:44.600+0000] {python.py:194} INFO - Done. Returned value was: True
[2024-07-08T10:25:44.646+0000] {taskinstance.py:1400} INFO - Marking task as SUCCESS. dag_id=reports_workflow, task_id=id_task_get_emails, execution_date=20240708T054500, start_date=20240708T102543, end_date=20240708T102544
[2024-07-08T10:25:44.750+0000] {local_task_job_runner.py:228} INFO - Task exited with return code 0
[2024-07-08T10:25:44.794+0000] {taskinstance.py:2784} INFO - 1 downstream tasks scheduled from follow-on schedule check
[2024-07-08T10:26:39.010+0000] {taskinstance.py:1159} INFO - Dependencies all met for dep_context=non-requeueable deps ti=<TaskInstance: reports_workflow.id_task_get_emails scheduled__2024-07-08T05:45:00+00:00 [queued]>
[2024-07-08T10:26:39.050+0000] {taskinstance.py:1159} INFO - Dependencies all met for dep_context=requeueable deps ti=<TaskInstance: reports_workflow.id_task_get_emails scheduled__2024-07-08T05:45:00+00:00 [queued]>
[2024-07-08T10:26:39.050+0000] {taskinstance.py:1361} INFO - Starting attempt 1 of 2
[2024-07-08T10:26:39.094+0000] {taskinstance.py:1382} INFO - Executing <Task(PythonOperator): id_task_get_emails> on 2024-07-08 05:45:00+00:00
[2024-07-08T10:26:39.103+0000] {standard_task_runner.py:57} INFO - Started process 8639 to run task
[2024-07-08T10:26:39.116+0000] {standard_task_runner.py:84} INFO - Running: ['***', 'tasks', 'run', 'reports_workflow', 'id_task_get_emails', 'scheduled__2024-07-08T05:45:00+00:00', '--job-id', '3977', '--raw', '--subdir', 'DAGS_FOLDER/dag_email_robot.py', '--cfg-path', '/tmp/tmpckb26nh_']
[2024-07-08T10:26:39.126+0000] {standard_task_runner.py:85} INFO - Job 3977: Subtask id_task_get_emails
[2024-07-08T10:26:39.252+0000] {task_command.py:415} INFO - Running <TaskInstance: reports_workflow.id_task_get_emails scheduled__2024-07-08T05:45:00+00:00 [running]> on host 6f4ef5488251
[2024-07-08T10:26:39.450+0000] {taskinstance.py:1660} INFO - Exporting env vars: AIRFLOW_CTX_DAG_OWNER='FIRDAVS' AIRFLOW_CTX_DAG_ID='reports_workflow' AIRFLOW_CTX_TASK_ID='id_task_get_emails' AIRFLOW_CTX_EXECUTION_DATE='2024-07-08T05:45:00+00:00' AIRFLOW_CTX_TRY_NUMBER='1' AIRFLOW_CTX_DAG_RUN_ID='scheduled__2024-07-08T05:45:00+00:00'
[2024-07-08T10:26:39.452+0000] {logging_mixin.py:151} INFO - path of config file:  /opt/***
[2024-07-08T10:26:39.453+0000] {logging_mixin.py:151} INFO - #>2024-07-08 10:26:39.452965_User@StatDep: EmailRobot in screated.
[2024-07-08T10:26:39.453+0000] {logging_mixin.py:151} INFO - #>2024-07-08 10:26:39.453173_User@StatDep: get_for_recent_emails is started...
[2024-07-08T10:26:39.453+0000] {logging_mixin.py:151} INFO - #>2024-07-08 10:26:39.453313_User@StatDep: pop3_fetch_emails isstarted...
[2024-07-08T10:26:39.848+0000] {logging_mixin.py:151} INFO -    b'+OK'
[2024-07-08T10:26:40.152+0000] {logging_mixin.py:151} INFO -    mailbox have 0 emails and the robot can process 10
[2024-07-08T10:26:40.153+0000] {logging_mixin.py:151} INFO - #>2024-07-08 10:26:40.153096_User@StatDep: no emails to process, exiting pop3_fetch_emails()...
[2024-07-08T10:26:40.153+0000] {python.py:194} INFO - Done. Returned value was: True
[2024-07-08T10:26:40.281+0000] {taskinstance.py:1400} INFO - Marking task as SUCCESS. dag_id=reports_workflow, task_id=id_task_get_emails, execution_date=20240708T054500, start_date=20240708T102639, end_date=20240708T102640
[2024-07-08T10:26:40.332+0000] {local_task_job_runner.py:228} INFO - Task exited with return code 0
[2024-07-08T10:26:40.373+0000] {taskinstance.py:2784} INFO - 1 downstream tasks scheduled from follow-on schedule check
