[2024-07-08T05:40:04.385+0000] {taskinstance.py:1159} INFO - Dependencies all met for dep_context=non-requeueable deps ti=<TaskInstance: reports_workflow.id_task_send_emails scheduled__2024-07-08T05:35:00+00:00 [queued]>
[2024-07-08T05:40:04.393+0000] {taskinstance.py:1159} INFO - Dependencies all met for dep_context=requeueable deps ti=<TaskInstance: reports_workflow.id_task_send_emails scheduled__2024-07-08T05:35:00+00:00 [queued]>
[2024-07-08T05:40:04.393+0000] {taskinstance.py:1361} INFO - Starting attempt 1 of 2
[2024-07-08T05:40:04.406+0000] {taskinstance.py:1382} INFO - Executing <Task(PythonOperator): id_task_send_emails> on 2024-07-08 05:35:00+00:00
[2024-07-08T05:40:04.411+0000] {standard_task_runner.py:57} INFO - Started process 2910 to run task
[2024-07-08T05:40:04.421+0000] {standard_task_runner.py:84} INFO - Running: ['***', 'tasks', 'run', 'reports_workflow', 'id_task_send_emails', 'scheduled__2024-07-08T05:35:00+00:00', '--job-id', '3537', '--raw', '--subdir', 'DAGS_FOLDER/dag_email_robot.py', '--cfg-path', '/tmp/tmpml9la6cm']
[2024-07-08T05:40:04.425+0000] {standard_task_runner.py:85} INFO - Job 3537: Subtask id_task_send_emails
[2024-07-08T05:40:04.504+0000] {task_command.py:415} INFO - Running <TaskInstance: reports_workflow.id_task_send_emails scheduled__2024-07-08T05:35:00+00:00 [running]> on host 6f4ef5488251
[2024-07-08T05:40:04.630+0000] {taskinstance.py:1660} INFO - Exporting env vars: AIRFLOW_CTX_DAG_OWNER='FIRDAVS' AIRFLOW_CTX_DAG_ID='reports_workflow' AIRFLOW_CTX_TASK_ID='id_task_send_emails' AIRFLOW_CTX_EXECUTION_DATE='2024-07-08T05:35:00+00:00' AIRFLOW_CTX_TRY_NUMBER='1' AIRFLOW_CTX_DAG_RUN_ID='scheduled__2024-07-08T05:35:00+00:00'
[2024-07-08T05:40:04.632+0000] {logging_mixin.py:151} INFO - path of config file:  /opt/***
[2024-07-08T05:40:04.632+0000] {logging_mixin.py:151} INFO - #>2024-07-08 05:40:04.632906_User@StatDep: EmailRobot in screated.
[2024-07-08T05:40:04.633+0000] {logging_mixin.py:151} INFO - #>2024-07-08 05:40:04.633122_User@StatDep: send_validation_results is started...
[2024-07-08T05:40:04.642+0000] {logging_mixin.py:151} INFO -    #>2024-07-08 05:40:04.642504_conneciton to db is set.
[2024-07-08T05:40:04.644+0000] {logging_mixin.py:151} INFO -    #>2024-07-08 05:40:04.644195_cursor execution is successful.
[2024-07-08T05:40:04.644+0000] {logging_mixin.py:151} INFO -    There is no any new submissions found. The get_validation_results is over.
[2024-07-08T05:40:04.644+0000] {python.py:194} INFO - Done. Returned value was: True
[2024-07-08T05:40:04.670+0000] {taskinstance.py:1400} INFO - Marking task as SUCCESS. dag_id=reports_workflow, task_id=id_task_send_emails, execution_date=20240708T053500, start_date=20240708T054004, end_date=20240708T054004
[2024-07-08T05:40:04.708+0000] {local_task_job_runner.py:228} INFO - Task exited with return code 0
[2024-07-08T05:40:04.736+0000] {taskinstance.py:2784} INFO - 0 downstream tasks scheduled from follow-on schedule check
[2024-07-08T10:13:30.634+0000] {taskinstance.py:1159} INFO - Dependencies all met for dep_context=non-requeueable deps ti=<TaskInstance: reports_workflow.id_task_send_emails scheduled__2024-07-08T05:35:00+00:00 [queued]>
[2024-07-08T10:13:30.677+0000] {taskinstance.py:1159} INFO - Dependencies all met for dep_context=requeueable deps ti=<TaskInstance: reports_workflow.id_task_send_emails scheduled__2024-07-08T05:35:00+00:00 [queued]>
[2024-07-08T10:13:30.677+0000] {taskinstance.py:1361} INFO - Starting attempt 1 of 2
[2024-07-08T10:13:30.802+0000] {taskinstance.py:1382} INFO - Executing <Task(PythonOperator): id_task_send_emails> on 2024-07-08 05:35:00+00:00
[2024-07-08T10:13:30.828+0000] {standard_task_runner.py:57} INFO - Started process 7693 to run task
[2024-07-08T10:13:30.830+0000] {standard_task_runner.py:84} INFO - Running: ['***', 'tasks', 'run', 'reports_workflow', 'id_task_send_emails', 'scheduled__2024-07-08T05:35:00+00:00', '--job-id', '3725', '--raw', '--subdir', 'DAGS_FOLDER/dag_email_robot.py', '--cfg-path', '/tmp/tmpcvsathy0']
[2024-07-08T10:13:30.838+0000] {standard_task_runner.py:85} INFO - Job 3725: Subtask id_task_send_emails
[2024-07-08T10:13:30.969+0000] {task_command.py:415} INFO - Running <TaskInstance: reports_workflow.id_task_send_emails scheduled__2024-07-08T05:35:00+00:00 [running]> on host 6f4ef5488251
[2024-07-08T10:13:31.176+0000] {taskinstance.py:1660} INFO - Exporting env vars: AIRFLOW_CTX_DAG_OWNER='FIRDAVS' AIRFLOW_CTX_DAG_ID='reports_workflow' AIRFLOW_CTX_TASK_ID='id_task_send_emails' AIRFLOW_CTX_EXECUTION_DATE='2024-07-08T05:35:00+00:00' AIRFLOW_CTX_TRY_NUMBER='1' AIRFLOW_CTX_DAG_RUN_ID='scheduled__2024-07-08T05:35:00+00:00'
[2024-07-08T10:13:31.177+0000] {logging_mixin.py:151} INFO - path of config file:  /opt/***
[2024-07-08T10:13:31.178+0000] {logging_mixin.py:151} INFO - #>2024-07-08 10:13:31.178440_User@StatDep: EmailRobot in screated.
[2024-07-08T10:13:31.178+0000] {logging_mixin.py:151} INFO - #>2024-07-08 10:13:31.178827_User@StatDep: send_validation_results is started...
[2024-07-08T10:13:32.720+0000] {logging_mixin.py:151} INFO -    #>2024-07-08 10:13:32.720063_conneciton to db is set.
[2024-07-08T10:13:32.915+0000] {logging_mixin.py:151} INFO -    #>2024-07-08 10:13:32.915745_cursor execution is successful.
[2024-07-08T10:13:32.916+0000] {logging_mixin.py:151} INFO -    There is no any new submissions found. The get_validation_results is over.
[2024-07-08T10:13:32.917+0000] {python.py:194} INFO - Done. Returned value was: True
[2024-07-08T10:13:33.027+0000] {taskinstance.py:1400} INFO - Marking task as SUCCESS. dag_id=reports_workflow, task_id=id_task_send_emails, execution_date=20240708T053500, start_date=20240708T101330, end_date=20240708T101333
[2024-07-08T10:13:33.098+0000] {local_task_job_runner.py:228} INFO - Task exited with return code 0
[2024-07-08T10:13:33.133+0000] {taskinstance.py:2784} INFO - 0 downstream tasks scheduled from follow-on schedule check
[2024-07-08T10:21:51.160+0000] {taskinstance.py:1159} INFO - Dependencies all met for dep_context=non-requeueable deps ti=<TaskInstance: reports_workflow.id_task_send_emails scheduled__2024-07-08T05:35:00+00:00 [queued]>
[2024-07-08T10:21:51.170+0000] {taskinstance.py:1159} INFO - Dependencies all met for dep_context=requeueable deps ti=<TaskInstance: reports_workflow.id_task_send_emails scheduled__2024-07-08T05:35:00+00:00 [queued]>
[2024-07-08T10:21:51.184+0000] {taskinstance.py:1361} INFO - Starting attempt 1 of 2
[2024-07-08T10:21:51.212+0000] {taskinstance.py:1382} INFO - Executing <Task(PythonOperator): id_task_send_emails> on 2024-07-08 05:35:00+00:00
[2024-07-08T10:21:51.224+0000] {standard_task_runner.py:57} INFO - Started process 7936 to run task
[2024-07-08T10:21:51.237+0000] {standard_task_runner.py:84} INFO - Running: ['***', 'tasks', 'run', 'reports_workflow', 'id_task_send_emails', 'scheduled__2024-07-08T05:35:00+00:00', '--job-id', '3767', '--raw', '--subdir', 'DAGS_FOLDER/dag_email_robot.py', '--cfg-path', '/tmp/tmpql86hfwl']
[2024-07-08T10:21:51.241+0000] {standard_task_runner.py:85} INFO - Job 3767: Subtask id_task_send_emails
[2024-07-08T10:21:51.348+0000] {task_command.py:415} INFO - Running <TaskInstance: reports_workflow.id_task_send_emails scheduled__2024-07-08T05:35:00+00:00 [running]> on host 6f4ef5488251
[2024-07-08T10:21:51.447+0000] {taskinstance.py:1660} INFO - Exporting env vars: AIRFLOW_CTX_DAG_OWNER='FIRDAVS' AIRFLOW_CTX_DAG_ID='reports_workflow' AIRFLOW_CTX_TASK_ID='id_task_send_emails' AIRFLOW_CTX_EXECUTION_DATE='2024-07-08T05:35:00+00:00' AIRFLOW_CTX_TRY_NUMBER='1' AIRFLOW_CTX_DAG_RUN_ID='scheduled__2024-07-08T05:35:00+00:00'
[2024-07-08T10:21:51.450+0000] {logging_mixin.py:151} INFO - path of config file:  /opt/***
[2024-07-08T10:21:51.451+0000] {logging_mixin.py:151} INFO - #>2024-07-08 10:21:51.451189_User@StatDep: EmailRobot in screated.
[2024-07-08T10:21:51.451+0000] {logging_mixin.py:151} INFO - #>2024-07-08 10:21:51.451559_User@StatDep: send_validation_results is started...
[2024-07-08T10:21:51.460+0000] {logging_mixin.py:151} INFO -    #>2024-07-08 10:21:51.460903_conneciton to db is set.
[2024-07-08T10:21:51.462+0000] {logging_mixin.py:151} INFO -    #>2024-07-08 10:21:51.462930_cursor execution is successful.
[2024-07-08T10:21:51.463+0000] {logging_mixin.py:151} INFO -    There is no any new submissions found. The get_validation_results is over.
[2024-07-08T10:21:51.466+0000] {python.py:194} INFO - Done. Returned value was: True
[2024-07-08T10:21:51.489+0000] {taskinstance.py:1400} INFO - Marking task as SUCCESS. dag_id=reports_workflow, task_id=id_task_send_emails, execution_date=20240708T053500, start_date=20240708T102151, end_date=20240708T102151
[2024-07-08T10:21:51.530+0000] {local_task_job_runner.py:228} INFO - Task exited with return code 0
[2024-07-08T10:21:51.549+0000] {taskinstance.py:2784} INFO - 0 downstream tasks scheduled from follow-on schedule check
[2024-07-08T10:25:48.519+0000] {taskinstance.py:1159} INFO - Dependencies all met for dep_context=non-requeueable deps ti=<TaskInstance: reports_workflow.id_task_send_emails scheduled__2024-07-08T05:35:00+00:00 [queued]>
[2024-07-08T10:25:48.586+0000] {taskinstance.py:1159} INFO - Dependencies all met for dep_context=requeueable deps ti=<TaskInstance: reports_workflow.id_task_send_emails scheduled__2024-07-08T05:35:00+00:00 [queued]>
[2024-07-08T10:25:48.586+0000] {taskinstance.py:1361} INFO - Starting attempt 1 of 2
[2024-07-08T10:25:48.648+0000] {taskinstance.py:1382} INFO - Executing <Task(PythonOperator): id_task_send_emails> on 2024-07-08 05:35:00+00:00
[2024-07-08T10:25:48.671+0000] {standard_task_runner.py:57} INFO - Started process 8551 to run task
[2024-07-08T10:25:48.671+0000] {standard_task_runner.py:84} INFO - Running: ['***', 'tasks', 'run', 'reports_workflow', 'id_task_send_emails', 'scheduled__2024-07-08T05:35:00+00:00', '--job-id', '3949', '--raw', '--subdir', 'DAGS_FOLDER/dag_email_robot.py', '--cfg-path', '/tmp/tmp3jgkp10b']
[2024-07-08T10:25:48.700+0000] {standard_task_runner.py:85} INFO - Job 3949: Subtask id_task_send_emails
[2024-07-08T10:25:48.864+0000] {task_command.py:415} INFO - Running <TaskInstance: reports_workflow.id_task_send_emails scheduled__2024-07-08T05:35:00+00:00 [running]> on host 6f4ef5488251
[2024-07-08T10:25:49.073+0000] {taskinstance.py:1660} INFO - Exporting env vars: AIRFLOW_CTX_DAG_OWNER='FIRDAVS' AIRFLOW_CTX_DAG_ID='reports_workflow' AIRFLOW_CTX_TASK_ID='id_task_send_emails' AIRFLOW_CTX_EXECUTION_DATE='2024-07-08T05:35:00+00:00' AIRFLOW_CTX_TRY_NUMBER='1' AIRFLOW_CTX_DAG_RUN_ID='scheduled__2024-07-08T05:35:00+00:00'
[2024-07-08T10:25:49.078+0000] {logging_mixin.py:151} INFO - path of config file:  /opt/***
[2024-07-08T10:25:49.078+0000] {logging_mixin.py:151} INFO - #>2024-07-08 10:25:49.078820_User@StatDep: EmailRobot in screated.
[2024-07-08T10:25:49.079+0000] {logging_mixin.py:151} INFO - #>2024-07-08 10:25:49.079209_User@StatDep: send_validation_results is started...
[2024-07-08T10:25:49.094+0000] {logging_mixin.py:151} INFO -    #>2024-07-08 10:25:49.094356_conneciton to db is set.
[2024-07-08T10:25:49.100+0000] {logging_mixin.py:151} INFO -    #>2024-07-08 10:25:49.100100_cursor execution is successful.
[2024-07-08T10:25:49.100+0000] {logging_mixin.py:151} INFO -    There is no any new submissions found. The get_validation_results is over.
[2024-07-08T10:25:49.103+0000] {python.py:194} INFO - Done. Returned value was: True
[2024-07-08T10:25:49.144+0000] {taskinstance.py:1400} INFO - Marking task as SUCCESS. dag_id=reports_workflow, task_id=id_task_send_emails, execution_date=20240708T053500, start_date=20240708T102548, end_date=20240708T102549
[2024-07-08T10:25:49.203+0000] {local_task_job_runner.py:228} INFO - Task exited with return code 0
[2024-07-08T10:25:49.280+0000] {taskinstance.py:2784} INFO - 0 downstream tasks scheduled from follow-on schedule check
[2024-07-08T10:26:32.257+0000] {taskinstance.py:1159} INFO - Dependencies all met for dep_context=non-requeueable deps ti=<TaskInstance: reports_workflow.id_task_send_emails scheduled__2024-07-08T05:35:00+00:00 [queued]>
[2024-07-08T10:26:32.282+0000] {taskinstance.py:1159} INFO - Dependencies all met for dep_context=requeueable deps ti=<TaskInstance: reports_workflow.id_task_send_emails scheduled__2024-07-08T05:35:00+00:00 [queued]>
[2024-07-08T10:26:32.283+0000] {taskinstance.py:1361} INFO - Starting attempt 1 of 2
[2024-07-08T10:26:32.298+0000] {taskinstance.py:1382} INFO - Executing <Task(PythonOperator): id_task_send_emails> on 2024-07-08 05:35:00+00:00
[2024-07-08T10:26:32.305+0000] {standard_task_runner.py:57} INFO - Started process 8621 to run task
[2024-07-08T10:26:32.315+0000] {standard_task_runner.py:84} INFO - Running: ['***', 'tasks', 'run', 'reports_workflow', 'id_task_send_emails', 'scheduled__2024-07-08T05:35:00+00:00', '--job-id', '3975', '--raw', '--subdir', 'DAGS_FOLDER/dag_email_robot.py', '--cfg-path', '/tmp/tmp6lxehwx0']
[2024-07-08T10:26:32.319+0000] {standard_task_runner.py:85} INFO - Job 3975: Subtask id_task_send_emails
[2024-07-08T10:26:32.389+0000] {task_command.py:415} INFO - Running <TaskInstance: reports_workflow.id_task_send_emails scheduled__2024-07-08T05:35:00+00:00 [running]> on host 6f4ef5488251
[2024-07-08T10:26:32.489+0000] {taskinstance.py:1660} INFO - Exporting env vars: AIRFLOW_CTX_DAG_OWNER='FIRDAVS' AIRFLOW_CTX_DAG_ID='reports_workflow' AIRFLOW_CTX_TASK_ID='id_task_send_emails' AIRFLOW_CTX_EXECUTION_DATE='2024-07-08T05:35:00+00:00' AIRFLOW_CTX_TRY_NUMBER='1' AIRFLOW_CTX_DAG_RUN_ID='scheduled__2024-07-08T05:35:00+00:00'
[2024-07-08T10:26:32.491+0000] {logging_mixin.py:151} INFO - path of config file:  /opt/***
[2024-07-08T10:26:32.491+0000] {logging_mixin.py:151} INFO - #>2024-07-08 10:26:32.491845_User@StatDep: EmailRobot in screated.
[2024-07-08T10:26:32.492+0000] {logging_mixin.py:151} INFO - #>2024-07-08 10:26:32.492051_User@StatDep: send_validation_results is started...
[2024-07-08T10:26:32.502+0000] {logging_mixin.py:151} INFO -    #>2024-07-08 10:26:32.502093_conneciton to db is set.
[2024-07-08T10:26:32.506+0000] {logging_mixin.py:151} INFO -    #>2024-07-08 10:26:32.506138_cursor execution is successful.
[2024-07-08T10:26:32.506+0000] {logging_mixin.py:151} INFO -    There is no any new submissions found. The get_validation_results is over.
[2024-07-08T10:26:32.506+0000] {python.py:194} INFO - Done. Returned value was: True
[2024-07-08T10:26:32.530+0000] {taskinstance.py:1400} INFO - Marking task as SUCCESS. dag_id=reports_workflow, task_id=id_task_send_emails, execution_date=20240708T053500, start_date=20240708T102632, end_date=20240708T102632
[2024-07-08T10:26:32.567+0000] {local_task_job_runner.py:228} INFO - Task exited with return code 0
[2024-07-08T10:26:32.598+0000] {taskinstance.py:2784} INFO - 0 downstream tasks scheduled from follow-on schedule check
