[2024-07-04T05:08:08.265+0000] {taskinstance.py:1159} INFO - Dependencies all met for dep_context=non-requeueable deps ti=<TaskInstance: reports_workflow.id_task_get_emails scheduled__2024-07-04T03:35:00+00:00 [queued]>
[2024-07-04T05:08:08.301+0000] {taskinstance.py:1159} INFO - Dependencies all met for dep_context=requeueable deps ti=<TaskInstance: reports_workflow.id_task_get_emails scheduled__2024-07-04T03:35:00+00:00 [queued]>
[2024-07-04T05:08:08.302+0000] {taskinstance.py:1361} INFO - Starting attempt 1 of 2
[2024-07-04T05:08:08.420+0000] {taskinstance.py:1382} INFO - Executing <Task(PythonOperator): id_task_get_emails> on 2024-07-04 03:35:00+00:00
[2024-07-04T05:08:08.425+0000] {standard_task_runner.py:57} INFO - Started process 42157 to run task
[2024-07-04T05:08:08.456+0000] {standard_task_runner.py:84} INFO - Running: ['***', 'tasks', 'run', 'reports_workflow', 'id_task_get_emails', 'scheduled__2024-07-04T03:35:00+00:00', '--job-id', '2375', '--raw', '--subdir', 'DAGS_FOLDER/dag_email_robot.py', '--cfg-path', '/tmp/tmpzhetrf1a']
[2024-07-04T05:08:08.457+0000] {standard_task_runner.py:85} INFO - Job 2375: Subtask id_task_get_emails
[2024-07-04T05:08:08.602+0000] {task_command.py:415} INFO - Running <TaskInstance: reports_workflow.id_task_get_emails scheduled__2024-07-04T03:35:00+00:00 [running]> on host 6f4ef5488251
[2024-07-04T05:08:08.766+0000] {taskinstance.py:1660} INFO - Exporting env vars: AIRFLOW_CTX_DAG_OWNER='FIRDAVS' AIRFLOW_CTX_DAG_ID='reports_workflow' AIRFLOW_CTX_TASK_ID='id_task_get_emails' AIRFLOW_CTX_EXECUTION_DATE='2024-07-04T03:35:00+00:00' AIRFLOW_CTX_TRY_NUMBER='1' AIRFLOW_CTX_DAG_RUN_ID='scheduled__2024-07-04T03:35:00+00:00'
[2024-07-04T05:08:08.767+0000] {logging_mixin.py:151} INFO - path of config file:  /opt/***
[2024-07-04T05:08:08.768+0000] {logging_mixin.py:151} INFO - #>2024-07-04 05:08:08.768373_User@StatDep: EmailRobot in screated.
[2024-07-04T05:08:08.768+0000] {logging_mixin.py:151} INFO - #>2024-07-04 05:08:08.768573_User@StatDep: get_for_recent_emails is started...
[2024-07-04T05:08:08.768+0000] {logging_mixin.py:151} INFO - #>2024-07-04 05:08:08.768714_User@StatDep: pop3_fetch_emails isstarted...
[2024-07-04T05:08:09.159+0000] {logging_mixin.py:151} INFO -    b'+OK'
[2024-07-04T05:08:09.505+0000] {logging_mixin.py:151} INFO -    mailbox have 0 emails and the robot can process 10
[2024-07-04T05:08:09.505+0000] {logging_mixin.py:151} INFO - #>2024-07-04 05:08:09.505579_User@StatDep: no emails to process, exiting pop3_fetch_emails()...
[2024-07-04T05:08:09.506+0000] {python.py:194} INFO - Done. Returned value was: True
[2024-07-04T05:08:09.549+0000] {taskinstance.py:1400} INFO - Marking task as SUCCESS. dag_id=reports_workflow, task_id=id_task_get_emails, execution_date=20240704T033500, start_date=20240704T050808, end_date=20240704T050809
[2024-07-04T05:08:09.641+0000] {local_task_job_runner.py:228} INFO - Task exited with return code 0
[2024-07-04T05:08:09.759+0000] {taskinstance.py:2784} INFO - 0 downstream tasks scheduled from follow-on schedule check
[2024-07-04T05:31:37.183+0000] {taskinstance.py:1159} INFO - Dependencies all met for dep_context=non-requeueable deps ti=<TaskInstance: reports_workflow.id_task_get_emails scheduled__2024-07-04T03:35:00+00:00 [queued]>
[2024-07-04T05:31:37.214+0000] {taskinstance.py:1159} INFO - Dependencies all met for dep_context=requeueable deps ti=<TaskInstance: reports_workflow.id_task_get_emails scheduled__2024-07-04T03:35:00+00:00 [queued]>
[2024-07-04T05:31:37.214+0000] {taskinstance.py:1361} INFO - Starting attempt 1 of 2
[2024-07-04T05:31:37.252+0000] {taskinstance.py:1382} INFO - Executing <Task(PythonOperator): id_task_get_emails> on 2024-07-04 03:35:00+00:00
[2024-07-04T05:31:37.258+0000] {standard_task_runner.py:57} INFO - Started process 42616 to run task
[2024-07-04T05:31:37.269+0000] {standard_task_runner.py:84} INFO - Running: ['***', 'tasks', 'run', 'reports_workflow', 'id_task_get_emails', 'scheduled__2024-07-04T03:35:00+00:00', '--job-id', '2424', '--raw', '--subdir', 'DAGS_FOLDER/dag_email_robot.py', '--cfg-path', '/tmp/tmpbln048ke']
[2024-07-04T05:31:37.271+0000] {standard_task_runner.py:85} INFO - Job 2424: Subtask id_task_get_emails
[2024-07-04T05:31:37.372+0000] {task_command.py:415} INFO - Running <TaskInstance: reports_workflow.id_task_get_emails scheduled__2024-07-04T03:35:00+00:00 [running]> on host 6f4ef5488251
[2024-07-04T05:31:37.558+0000] {taskinstance.py:1660} INFO - Exporting env vars: AIRFLOW_CTX_DAG_OWNER='FIRDAVS' AIRFLOW_CTX_DAG_ID='reports_workflow' AIRFLOW_CTX_TASK_ID='id_task_get_emails' AIRFLOW_CTX_EXECUTION_DATE='2024-07-04T03:35:00+00:00' AIRFLOW_CTX_TRY_NUMBER='1' AIRFLOW_CTX_DAG_RUN_ID='scheduled__2024-07-04T03:35:00+00:00'
[2024-07-04T05:31:37.559+0000] {logging_mixin.py:151} INFO - path of config file:  /opt/***
[2024-07-04T05:31:37.560+0000] {logging_mixin.py:151} INFO - #>2024-07-04 05:31:37.560158_User@StatDep: EmailRobot in screated.
[2024-07-04T05:31:37.560+0000] {logging_mixin.py:151} INFO - #>2024-07-04 05:31:37.560506_User@StatDep: get_for_recent_emails is started...
[2024-07-04T05:31:37.560+0000] {logging_mixin.py:151} INFO - #>2024-07-04 05:31:37.560819_User@StatDep: pop3_fetch_emails isstarted...
[2024-07-04T05:31:37.947+0000] {logging_mixin.py:151} INFO -    b'+OK'
[2024-07-04T05:31:38.228+0000] {logging_mixin.py:151} INFO -    mailbox have 0 emails and the robot can process 10
[2024-07-04T05:31:38.229+0000] {logging_mixin.py:151} INFO - #>2024-07-04 05:31:38.229030_User@StatDep: no emails to process, exiting pop3_fetch_emails()...
[2024-07-04T05:31:38.229+0000] {python.py:194} INFO - Done. Returned value was: True
[2024-07-04T05:31:38.281+0000] {taskinstance.py:1400} INFO - Marking task as SUCCESS. dag_id=reports_workflow, task_id=id_task_get_emails, execution_date=20240704T033500, start_date=20240704T053137, end_date=20240704T053138
[2024-07-04T05:31:38.336+0000] {local_task_job_runner.py:228} INFO - Task exited with return code 0
[2024-07-04T05:31:38.392+0000] {taskinstance.py:2784} INFO - 1 downstream tasks scheduled from follow-on schedule check
[2024-07-04T05:34:49.715+0000] {taskinstance.py:1159} INFO - Dependencies all met for dep_context=non-requeueable deps ti=<TaskInstance: reports_workflow.id_task_get_emails scheduled__2024-07-04T03:35:00+00:00 [queued]>
[2024-07-04T05:34:49.743+0000] {taskinstance.py:1159} INFO - Dependencies all met for dep_context=requeueable deps ti=<TaskInstance: reports_workflow.id_task_get_emails scheduled__2024-07-04T03:35:00+00:00 [queued]>
[2024-07-04T05:34:49.744+0000] {taskinstance.py:1361} INFO - Starting attempt 1 of 2
[2024-07-04T05:34:49.763+0000] {taskinstance.py:1382} INFO - Executing <Task(PythonOperator): id_task_get_emails> on 2024-07-04 03:35:00+00:00
[2024-07-04T05:34:49.769+0000] {standard_task_runner.py:57} INFO - Started process 42763 to run task
[2024-07-04T05:34:49.805+0000] {standard_task_runner.py:84} INFO - Running: ['***', 'tasks', 'run', 'reports_workflow', 'id_task_get_emails', 'scheduled__2024-07-04T03:35:00+00:00', '--job-id', '2474', '--raw', '--subdir', 'DAGS_FOLDER/dag_email_robot.py', '--cfg-path', '/tmp/tmpiati6603']
[2024-07-04T05:34:49.820+0000] {standard_task_runner.py:85} INFO - Job 2474: Subtask id_task_get_emails
[2024-07-04T05:34:49.951+0000] {task_command.py:415} INFO - Running <TaskInstance: reports_workflow.id_task_get_emails scheduled__2024-07-04T03:35:00+00:00 [running]> on host 6f4ef5488251
[2024-07-04T05:34:50.162+0000] {taskinstance.py:1660} INFO - Exporting env vars: AIRFLOW_CTX_DAG_OWNER='FIRDAVS' AIRFLOW_CTX_DAG_ID='reports_workflow' AIRFLOW_CTX_TASK_ID='id_task_get_emails' AIRFLOW_CTX_EXECUTION_DATE='2024-07-04T03:35:00+00:00' AIRFLOW_CTX_TRY_NUMBER='1' AIRFLOW_CTX_DAG_RUN_ID='scheduled__2024-07-04T03:35:00+00:00'
[2024-07-04T05:34:50.164+0000] {logging_mixin.py:151} INFO - path of config file:  /opt/***
[2024-07-04T05:34:50.165+0000] {logging_mixin.py:151} INFO - #>2024-07-04 05:34:50.165035_User@StatDep: EmailRobot in screated.
[2024-07-04T05:34:50.165+0000] {logging_mixin.py:151} INFO - #>2024-07-04 05:34:50.165564_User@StatDep: get_for_recent_emails is started...
[2024-07-04T05:34:50.166+0000] {logging_mixin.py:151} INFO - #>2024-07-04 05:34:50.166018_User@StatDep: pop3_fetch_emails isstarted...
[2024-07-04T05:34:50.544+0000] {logging_mixin.py:151} INFO -    b'+OK'
[2024-07-04T05:34:50.888+0000] {logging_mixin.py:151} INFO -    mailbox have 0 emails and the robot can process 10
[2024-07-04T05:34:50.892+0000] {logging_mixin.py:151} INFO - #>2024-07-04 05:34:50.892049_User@StatDep: no emails to process, exiting pop3_fetch_emails()...
[2024-07-04T05:34:50.892+0000] {python.py:194} INFO - Done. Returned value was: True
[2024-07-04T05:34:50.971+0000] {taskinstance.py:1400} INFO - Marking task as SUCCESS. dag_id=reports_workflow, task_id=id_task_get_emails, execution_date=20240704T033500, start_date=20240704T053449, end_date=20240704T053450
[2024-07-04T05:34:51.043+0000] {local_task_job_runner.py:228} INFO - Task exited with return code 0
[2024-07-04T05:34:51.191+0000] {taskinstance.py:2784} INFO - 0 downstream tasks scheduled from follow-on schedule check
