[2024-07-08T08:55:01.494+0000] {taskinstance.py:1159} INFO - Dependencies all met for dep_context=non-requeueable deps ti=<TaskInstance: reports_workflow.id_task_get_emails scheduled__2024-07-08T08:50:00+00:00 [queued]>
[2024-07-08T08:55:01.500+0000] {taskinstance.py:1159} INFO - Dependencies all met for dep_context=requeueable deps ti=<TaskInstance: reports_workflow.id_task_get_emails scheduled__2024-07-08T08:50:00+00:00 [queued]>
[2024-07-08T08:55:01.501+0000] {taskinstance.py:1361} INFO - Starting attempt 1 of 2
[2024-07-08T08:55:01.510+0000] {taskinstance.py:1382} INFO - Executing <Task(PythonOperator): id_task_get_emails> on 2024-07-08 08:50:00+00:00
[2024-07-08T08:55:01.516+0000] {standard_task_runner.py:57} INFO - Started process 6259 to run task
[2024-07-08T08:55:01.521+0000] {standard_task_runner.py:84} INFO - Running: ['***', 'tasks', 'run', 'reports_workflow', 'id_task_get_emails', 'scheduled__2024-07-08T08:50:00+00:00', '--job-id', '3653', '--raw', '--subdir', 'DAGS_FOLDER/dag_email_robot.py', '--cfg-path', '/tmp/tmpoicmnf97']
[2024-07-08T08:55:01.526+0000] {standard_task_runner.py:85} INFO - Job 3653: Subtask id_task_get_emails
[2024-07-08T08:55:01.600+0000] {task_command.py:415} INFO - Running <TaskInstance: reports_workflow.id_task_get_emails scheduled__2024-07-08T08:50:00+00:00 [running]> on host 6f4ef5488251
[2024-07-08T08:55:01.717+0000] {taskinstance.py:1660} INFO - Exporting env vars: AIRFLOW_CTX_DAG_OWNER='FIRDAVS' AIRFLOW_CTX_DAG_ID='reports_workflow' AIRFLOW_CTX_TASK_ID='id_task_get_emails' AIRFLOW_CTX_EXECUTION_DATE='2024-07-08T08:50:00+00:00' AIRFLOW_CTX_TRY_NUMBER='1' AIRFLOW_CTX_DAG_RUN_ID='scheduled__2024-07-08T08:50:00+00:00'
[2024-07-08T08:55:01.718+0000] {logging_mixin.py:151} INFO - path of config file:  /opt/***
[2024-07-08T08:55:01.719+0000] {logging_mixin.py:151} INFO - #>2024-07-08 08:55:01.719244_User@StatDep: EmailRobot in screated.
[2024-07-08T08:55:01.719+0000] {logging_mixin.py:151} INFO - #>2024-07-08 08:55:01.719429_User@StatDep: get_for_recent_emails is started...
[2024-07-08T08:55:01.719+0000] {logging_mixin.py:151} INFO - #>2024-07-08 08:55:01.719560_User@StatDep: pop3_fetch_emails isstarted...
[2024-07-08T08:55:02.255+0000] {logging_mixin.py:151} INFO -    b'+OK'
[2024-07-08T08:55:02.666+0000] {logging_mixin.py:151} INFO -    mailbox have 0 emails and the robot can process 10
[2024-07-08T08:55:02.667+0000] {logging_mixin.py:151} INFO - #>2024-07-08 08:55:02.667007_User@StatDep: no emails to process, exiting pop3_fetch_emails()...
[2024-07-08T08:55:02.667+0000] {python.py:194} INFO - Done. Returned value was: True
[2024-07-08T08:55:02.705+0000] {taskinstance.py:1400} INFO - Marking task as SUCCESS. dag_id=reports_workflow, task_id=id_task_get_emails, execution_date=20240708T085000, start_date=20240708T085501, end_date=20240708T085502
[2024-07-08T08:55:02.735+0000] {local_task_job_runner.py:228} INFO - Task exited with return code 0
[2024-07-08T08:55:02.765+0000] {taskinstance.py:2784} INFO - 1 downstream tasks scheduled from follow-on schedule check
[2024-07-08T10:22:59.060+0000] {taskinstance.py:1159} INFO - Dependencies all met for dep_context=non-requeueable deps ti=<TaskInstance: reports_workflow.id_task_get_emails scheduled__2024-07-08T08:50:00+00:00 [queued]>
[2024-07-08T10:22:59.069+0000] {taskinstance.py:1159} INFO - Dependencies all met for dep_context=requeueable deps ti=<TaskInstance: reports_workflow.id_task_get_emails scheduled__2024-07-08T08:50:00+00:00 [queued]>
[2024-07-08T10:22:59.069+0000] {taskinstance.py:1361} INFO - Starting attempt 1 of 2
[2024-07-08T10:22:59.084+0000] {taskinstance.py:1382} INFO - Executing <Task(PythonOperator): id_task_get_emails> on 2024-07-08 08:50:00+00:00
[2024-07-08T10:22:59.090+0000] {standard_task_runner.py:57} INFO - Started process 8243 to run task
[2024-07-08T10:22:59.097+0000] {standard_task_runner.py:84} INFO - Running: ['***', 'tasks', 'run', 'reports_workflow', 'id_task_get_emails', 'scheduled__2024-07-08T08:50:00+00:00', '--job-id', '3864', '--raw', '--subdir', 'DAGS_FOLDER/dag_email_robot.py', '--cfg-path', '/tmp/tmpdgerqnem']
[2024-07-08T10:22:59.100+0000] {standard_task_runner.py:85} INFO - Job 3864: Subtask id_task_get_emails
[2024-07-08T10:22:59.158+0000] {task_command.py:415} INFO - Running <TaskInstance: reports_workflow.id_task_get_emails scheduled__2024-07-08T08:50:00+00:00 [running]> on host 6f4ef5488251
[2024-07-08T10:22:59.254+0000] {taskinstance.py:1660} INFO - Exporting env vars: AIRFLOW_CTX_DAG_OWNER='FIRDAVS' AIRFLOW_CTX_DAG_ID='reports_workflow' AIRFLOW_CTX_TASK_ID='id_task_get_emails' AIRFLOW_CTX_EXECUTION_DATE='2024-07-08T08:50:00+00:00' AIRFLOW_CTX_TRY_NUMBER='1' AIRFLOW_CTX_DAG_RUN_ID='scheduled__2024-07-08T08:50:00+00:00'
[2024-07-08T10:22:59.255+0000] {logging_mixin.py:151} INFO - path of config file:  /opt/***
[2024-07-08T10:22:59.256+0000] {logging_mixin.py:151} INFO - #>2024-07-08 10:22:59.256503_User@StatDep: EmailRobot in screated.
[2024-07-08T10:22:59.256+0000] {logging_mixin.py:151} INFO - #>2024-07-08 10:22:59.256704_User@StatDep: get_for_recent_emails is started...
[2024-07-08T10:22:59.256+0000] {logging_mixin.py:151} INFO - #>2024-07-08 10:22:59.256841_User@StatDep: pop3_fetch_emails isstarted...
[2024-07-08T10:22:59.641+0000] {logging_mixin.py:151} INFO -    b'+OK'
[2024-07-08T10:22:59.943+0000] {logging_mixin.py:151} INFO -    mailbox have 0 emails and the robot can process 10
[2024-07-08T10:22:59.943+0000] {logging_mixin.py:151} INFO - #>2024-07-08 10:22:59.943856_User@StatDep: no emails to process, exiting pop3_fetch_emails()...
[2024-07-08T10:22:59.944+0000] {python.py:194} INFO - Done. Returned value was: True
[2024-07-08T10:22:59.970+0000] {taskinstance.py:1400} INFO - Marking task as SUCCESS. dag_id=reports_workflow, task_id=id_task_get_emails, execution_date=20240708T085000, start_date=20240708T102259, end_date=20240708T102259
[2024-07-08T10:22:59.993+0000] {local_task_job_runner.py:228} INFO - Task exited with return code 0
[2024-07-08T10:23:00.030+0000] {taskinstance.py:2784} INFO - 1 downstream tasks scheduled from follow-on schedule check
