[2024-07-03T09:57:18.477+0000] {taskinstance.py:1159} INFO - Dependencies all met for dep_context=non-requeueable deps ti=<TaskInstance: reports_workflow.id_task_get_emails scheduled__2024-07-02T07:25:00+00:00 [queued]>
[2024-07-03T09:57:18.486+0000] {taskinstance.py:1159} INFO - Dependencies all met for dep_context=requeueable deps ti=<TaskInstance: reports_workflow.id_task_get_emails scheduled__2024-07-02T07:25:00+00:00 [queued]>
[2024-07-03T09:57:18.487+0000] {taskinstance.py:1361} INFO - Starting attempt 1 of 1
[2024-07-03T09:57:18.515+0000] {taskinstance.py:1382} INFO - Executing <Task(PythonOperator): id_task_get_emails> on 2024-07-02 07:25:00+00:00
[2024-07-03T09:57:18.520+0000] {standard_task_runner.py:57} INFO - Started process 20500 to run task
[2024-07-03T09:57:18.525+0000] {standard_task_runner.py:84} INFO - Running: ['***', 'tasks', 'run', 'reports_workflow', 'id_task_get_emails', 'scheduled__2024-07-02T07:25:00+00:00', '--job-id', '333', '--raw', '--subdir', 'DAGS_FOLDER/dag_email_robot.py', '--cfg-path', '/tmp/tmpkwgdly9v']
[2024-07-03T09:57:18.527+0000] {standard_task_runner.py:85} INFO - Job 333: Subtask id_task_get_emails
[2024-07-03T09:57:18.578+0000] {task_command.py:415} INFO - Running <TaskInstance: reports_workflow.id_task_get_emails scheduled__2024-07-02T07:25:00+00:00 [running]> on host 6f4ef5488251
[2024-07-03T09:57:18.664+0000] {taskinstance.py:1660} INFO - Exporting env vars: AIRFLOW_CTX_DAG_OWNER='FIRDAVS' AIRFLOW_CTX_DAG_ID='reports_workflow' AIRFLOW_CTX_TASK_ID='id_task_get_emails' AIRFLOW_CTX_EXECUTION_DATE='2024-07-02T07:25:00+00:00' AIRFLOW_CTX_TRY_NUMBER='1' AIRFLOW_CTX_DAG_RUN_ID='scheduled__2024-07-02T07:25:00+00:00'
[2024-07-03T09:57:18.666+0000] {logging_mixin.py:151} INFO - path of config file:  /opt/***
[2024-07-03T09:57:18.666+0000] {taskinstance.py:1943} ERROR - Task failed with exception
Traceback (most recent call last):
  File "/home/airflow/.local/lib/python3.8/site-packages/airflow/operators/python.py", line 192, in execute
    return_value = self.execute_callable()
  File "/home/airflow/.local/lib/python3.8/site-packages/airflow/operators/python.py", line 209, in execute_callable
    return self.python_callable(*self.op_args, **self.op_kwargs)
  File "/opt/airflow/dags/dag_email_robot.py", line 22, in get_emails
    email_conf = json.load (open(path / ("config/email_conf.json")))
NameError: name 'json' is not defined
[2024-07-03T09:57:18.680+0000] {taskinstance.py:1400} INFO - Marking task as FAILED. dag_id=reports_workflow, task_id=id_task_get_emails, execution_date=20240702T072500, start_date=20240703T095718, end_date=20240703T095718
[2024-07-03T09:57:18.755+0000] {standard_task_runner.py:104} ERROR - Failed to execute job 333 for task id_task_get_emails (name 'json' is not defined; 20500)
[2024-07-03T09:57:18.787+0000] {local_task_job_runner.py:228} INFO - Task exited with return code 1
[2024-07-03T09:57:18.837+0000] {taskinstance.py:2784} INFO - 0 downstream tasks scheduled from follow-on schedule check
[2024-07-03T12:04:52.258+0000] {taskinstance.py:1159} INFO - Dependencies all met for dep_context=non-requeueable deps ti=<TaskInstance: reports_workflow.id_task_get_emails scheduled__2024-07-02T07:25:00+00:00 [queued]>
[2024-07-03T12:04:52.279+0000] {taskinstance.py:1159} INFO - Dependencies all met for dep_context=requeueable deps ti=<TaskInstance: reports_workflow.id_task_get_emails scheduled__2024-07-02T07:25:00+00:00 [queued]>
[2024-07-03T12:04:52.280+0000] {taskinstance.py:1361} INFO - Starting attempt 1 of 1
[2024-07-03T12:04:52.371+0000] {taskinstance.py:1382} INFO - Executing <Task(PythonOperator): id_task_get_emails> on 2024-07-02 07:25:00+00:00
[2024-07-03T12:04:52.382+0000] {standard_task_runner.py:57} INFO - Started process 23322 to run task
[2024-07-03T12:04:52.391+0000] {standard_task_runner.py:84} INFO - Running: ['***', 'tasks', 'run', 'reports_workflow', 'id_task_get_emails', 'scheduled__2024-07-02T07:25:00+00:00', '--job-id', '775', '--raw', '--subdir', 'DAGS_FOLDER/dag_email_robot.py', '--cfg-path', '/tmp/tmpgiyus8z7']
[2024-07-03T12:04:52.392+0000] {standard_task_runner.py:85} INFO - Job 775: Subtask id_task_get_emails
[2024-07-03T12:04:52.514+0000] {task_command.py:415} INFO - Running <TaskInstance: reports_workflow.id_task_get_emails scheduled__2024-07-02T07:25:00+00:00 [running]> on host 6f4ef5488251
[2024-07-03T12:04:52.821+0000] {taskinstance.py:1660} INFO - Exporting env vars: AIRFLOW_CTX_DAG_OWNER='FIRDAVS' AIRFLOW_CTX_DAG_ID='reports_workflow' AIRFLOW_CTX_TASK_ID='id_task_get_emails' AIRFLOW_CTX_EXECUTION_DATE='2024-07-02T07:25:00+00:00' AIRFLOW_CTX_TRY_NUMBER='1' AIRFLOW_CTX_DAG_RUN_ID='scheduled__2024-07-02T07:25:00+00:00'
[2024-07-03T12:04:52.823+0000] {logging_mixin.py:151} INFO - path of config file:  /opt/***
[2024-07-03T12:04:52.823+0000] {logging_mixin.py:151} INFO - #>2024-07-03 12:04:52.823531_User@StatDep: EmailRobot in screated.
[2024-07-03T12:04:52.823+0000] {logging_mixin.py:151} INFO - #>2024-07-03 12:04:52.823722_User@StatDep: get_for_recent_emails is started...
[2024-07-03T12:04:52.823+0000] {logging_mixin.py:151} INFO - #>2024-07-03 12:04:52.823859_User@StatDep: pop3_fetch_emails isstarted...
[2024-07-03T12:04:53.202+0000] {logging_mixin.py:151} INFO -    b'+OK'
[2024-07-03T12:04:53.650+0000] {logging_mixin.py:151} INFO -    mailbox have 1 emails and the robot can process 10
[2024-07-03T12:04:54.052+0000] {logging_mixin.py:151} INFO -    #>2024-07-03 12:04:54.052477_conneciton to db is set.
[2024-07-03T12:04:54.059+0000] {taskinstance.py:1943} ERROR - Task failed with exception
Traceback (most recent call last):
  File "/home/airflow/.local/lib/python3.8/site-packages/airflow/operators/python.py", line 192, in execute
    return_value = self.execute_callable()
  File "/home/airflow/.local/lib/python3.8/site-packages/airflow/operators/python.py", line 209, in execute_callable
    return self.python_callable(*self.op_args, **self.op_kwargs)
  File "/opt/airflow/dags/dag_email_robot.py", line 25, in get_emails
    robot.fetch_emails()
  File "/opt/airflow/dags/emailRobot.py", line 62, in fetch_emails
    return self.pop3_fetch_emails()
  File "/opt/airflow/dags/emailRobot.py", line 156, in pop3_fetch_emails
    cursor.execute (query, insert_values)
psycopg2.errors.UndefinedTable: relation "sma_stat_dep.tbl_file_upload" does not exist
LINE 1: ...) AS (INSERT INTO                                 sma_stat_d...
                                                             ^

[2024-07-03T12:04:54.076+0000] {taskinstance.py:1400} INFO - Marking task as FAILED. dag_id=reports_workflow, task_id=id_task_get_emails, execution_date=20240702T072500, start_date=20240703T120452, end_date=20240703T120454
[2024-07-03T12:04:54.088+0000] {standard_task_runner.py:104} ERROR - Failed to execute job 775 for task id_task_get_emails (relation "sma_stat_dep.tbl_file_upload" does not exist
LINE 1: ...) AS (INSERT INTO                                 sma_stat_d...
                                                             ^
; 23322)
[2024-07-03T12:04:54.127+0000] {local_task_job_runner.py:228} INFO - Task exited with return code 1
[2024-07-03T12:04:54.165+0000] {taskinstance.py:2784} INFO - 0 downstream tasks scheduled from follow-on schedule check
[2024-07-03T12:22:41.174+0000] {taskinstance.py:1159} INFO - Dependencies all met for dep_context=non-requeueable deps ti=<TaskInstance: reports_workflow.id_task_get_emails scheduled__2024-07-02T07:25:00+00:00 [queued]>
[2024-07-03T12:22:41.200+0000] {taskinstance.py:1159} INFO - Dependencies all met for dep_context=requeueable deps ti=<TaskInstance: reports_workflow.id_task_get_emails scheduled__2024-07-02T07:25:00+00:00 [queued]>
[2024-07-03T12:22:41.200+0000] {taskinstance.py:1361} INFO - Starting attempt 1 of 1
[2024-07-03T12:22:41.298+0000] {taskinstance.py:1382} INFO - Executing <Task(PythonOperator): id_task_get_emails> on 2024-07-02 07:25:00+00:00
[2024-07-03T12:22:41.303+0000] {standard_task_runner.py:57} INFO - Started process 24173 to run task
[2024-07-03T12:22:41.310+0000] {standard_task_runner.py:84} INFO - Running: ['***', 'tasks', 'run', 'reports_workflow', 'id_task_get_emails', 'scheduled__2024-07-02T07:25:00+00:00', '--job-id', '1063', '--raw', '--subdir', 'DAGS_FOLDER/dag_email_robot.py', '--cfg-path', '/tmp/tmptfwsxneg']
[2024-07-03T12:22:41.311+0000] {standard_task_runner.py:85} INFO - Job 1063: Subtask id_task_get_emails
[2024-07-03T12:22:41.391+0000] {task_command.py:415} INFO - Running <TaskInstance: reports_workflow.id_task_get_emails scheduled__2024-07-02T07:25:00+00:00 [running]> on host 6f4ef5488251
[2024-07-03T12:22:41.528+0000] {taskinstance.py:1660} INFO - Exporting env vars: AIRFLOW_CTX_DAG_OWNER='FIRDAVS' AIRFLOW_CTX_DAG_ID='reports_workflow' AIRFLOW_CTX_TASK_ID='id_task_get_emails' AIRFLOW_CTX_EXECUTION_DATE='2024-07-02T07:25:00+00:00' AIRFLOW_CTX_TRY_NUMBER='1' AIRFLOW_CTX_DAG_RUN_ID='scheduled__2024-07-02T07:25:00+00:00'
[2024-07-03T12:22:41.532+0000] {logging_mixin.py:151} INFO - path of config file:  /opt/***
[2024-07-03T12:22:41.532+0000] {logging_mixin.py:151} INFO - #>2024-07-03 12:22:41.532536_User@StatDep: EmailRobot in screated.
[2024-07-03T12:22:41.532+0000] {logging_mixin.py:151} INFO - #>2024-07-03 12:22:41.532739_User@StatDep: get_for_recent_emails is started...
[2024-07-03T12:22:41.532+0000] {logging_mixin.py:151} INFO - #>2024-07-03 12:22:41.532877_User@StatDep: pop3_fetch_emails isstarted...
[2024-07-03T12:24:51.871+0000] {taskinstance.py:1943} ERROR - Task failed with exception
Traceback (most recent call last):
  File "/home/airflow/.local/lib/python3.8/site-packages/airflow/operators/python.py", line 192, in execute
    return_value = self.execute_callable()
  File "/home/airflow/.local/lib/python3.8/site-packages/airflow/operators/python.py", line 209, in execute_callable
    return self.python_callable(*self.op_args, **self.op_kwargs)
  File "/opt/airflow/dags/dag_email_robot.py", line 25, in get_emails
    robot.fetch_emails()
  File "/opt/airflow/dags/emailRobot.py", line 62, in fetch_emails
    return self.pop3_fetch_emails()
  File "/opt/airflow/dags/emailRobot.py", line 77, in pop3_fetch_emails
    mail = poplib.POP3_SSL(self.host)
  File "/usr/local/lib/python3.8/poplib.py", line 450, in __init__
    POP3.__init__(self, host, port, timeout)
  File "/usr/local/lib/python3.8/poplib.py", line 104, in __init__
    self.sock = self._create_socket(timeout)
  File "/usr/local/lib/python3.8/poplib.py", line 453, in _create_socket
    sock = POP3._create_socket(self, timeout)
  File "/usr/local/lib/python3.8/poplib.py", line 110, in _create_socket
    return socket.create_connection((self.host, self.port), timeout)
  File "/usr/local/lib/python3.8/socket.py", line 808, in create_connection
    raise err
  File "/usr/local/lib/python3.8/socket.py", line 796, in create_connection
    sock.connect(sa)
TimeoutError: [Errno 110] Connection timed out
[2024-07-03T12:24:52.169+0000] {taskinstance.py:1400} INFO - Marking task as FAILED. dag_id=reports_workflow, task_id=id_task_get_emails, execution_date=20240702T072500, start_date=20240703T122241, end_date=20240703T122452
[2024-07-03T12:24:52.190+0000] {standard_task_runner.py:104} ERROR - Failed to execute job 1063 for task id_task_get_emails ([Errno 110] Connection timed out; 24173)
[2024-07-03T12:24:52.223+0000] {local_task_job_runner.py:228} INFO - Task exited with return code 1
[2024-07-03T12:24:52.253+0000] {taskinstance.py:2784} INFO - 0 downstream tasks scheduled from follow-on schedule check
