[2024-07-03T09:59:40.456+0000] {taskinstance.py:1159} INFO - Dependencies all met for dep_context=non-requeueable deps ti=<TaskInstance: reports_workflow.id_task_get_emails scheduled__2024-07-03T05:35:00+00:00 [queued]>
[2024-07-03T09:59:40.465+0000] {taskinstance.py:1159} INFO - Dependencies all met for dep_context=requeueable deps ti=<TaskInstance: reports_workflow.id_task_get_emails scheduled__2024-07-03T05:35:00+00:00 [queued]>
[2024-07-03T09:59:40.465+0000] {taskinstance.py:1361} INFO - Starting attempt 1 of 1
[2024-07-03T09:59:40.478+0000] {taskinstance.py:1382} INFO - Executing <Task(PythonOperator): id_task_get_emails> on 2024-07-03 05:35:00+00:00
[2024-07-03T09:59:40.485+0000] {standard_task_runner.py:57} INFO - Started process 21073 to run task
[2024-07-03T09:59:40.488+0000] {standard_task_runner.py:84} INFO - Running: ['***', 'tasks', 'run', 'reports_workflow', 'id_task_get_emails', 'scheduled__2024-07-03T05:35:00+00:00', '--job-id', '601', '--raw', '--subdir', 'DAGS_FOLDER/dag_email_robot.py', '--cfg-path', '/tmp/tmp_irkk9hh']
[2024-07-03T09:59:40.490+0000] {standard_task_runner.py:85} INFO - Job 601: Subtask id_task_get_emails
[2024-07-03T09:59:40.553+0000] {task_command.py:415} INFO - Running <TaskInstance: reports_workflow.id_task_get_emails scheduled__2024-07-03T05:35:00+00:00 [running]> on host 6f4ef5488251
[2024-07-03T09:59:40.651+0000] {taskinstance.py:1660} INFO - Exporting env vars: AIRFLOW_CTX_DAG_OWNER='FIRDAVS' AIRFLOW_CTX_DAG_ID='reports_workflow' AIRFLOW_CTX_TASK_ID='id_task_get_emails' AIRFLOW_CTX_EXECUTION_DATE='2024-07-03T05:35:00+00:00' AIRFLOW_CTX_TRY_NUMBER='1' AIRFLOW_CTX_DAG_RUN_ID='scheduled__2024-07-03T05:35:00+00:00'
[2024-07-03T09:59:40.652+0000] {logging_mixin.py:151} INFO - path of config file:  /opt/***
[2024-07-03T09:59:40.653+0000] {logging_mixin.py:151} INFO - #>2024-07-03 09:59:40.653011_User@StatDep: EmailRobot in screated.
[2024-07-03T09:59:40.653+0000] {logging_mixin.py:151} INFO - #>2024-07-03 09:59:40.653171_User@StatDep: get_for_recent_emails is started...
[2024-07-03T09:59:40.653+0000] {logging_mixin.py:151} INFO - #>2024-07-03 09:59:40.653285_User@StatDep: pop3_fetch_emails isstarted...
[2024-07-03T09:59:41.058+0000] {logging_mixin.py:151} INFO -    b'+OK'
[2024-07-03T09:59:41.397+0000] {logging_mixin.py:151} INFO -    mailbox have 0 emails and the robot can process 10
[2024-07-03T09:59:41.398+0000] {logging_mixin.py:151} INFO - #>2024-07-03 09:59:41.398017_User@StatDep: no emails to process, exiting pop3_fetch_emails()...
[2024-07-03T09:59:41.399+0000] {python.py:194} INFO - Done. Returned value was: True
[2024-07-03T09:59:41.433+0000] {taskinstance.py:1400} INFO - Marking task as SUCCESS. dag_id=reports_workflow, task_id=id_task_get_emails, execution_date=20240703T053500, start_date=20240703T095940, end_date=20240703T095941
[2024-07-03T09:59:41.472+0000] {local_task_job_runner.py:228} INFO - Task exited with return code 0
[2024-07-03T09:59:41.504+0000] {taskinstance.py:2784} INFO - 0 downstream tasks scheduled from follow-on schedule check
[2024-07-03T13:40:16.534+0000] {taskinstance.py:1159} INFO - Dependencies all met for dep_context=non-requeueable deps ti=<TaskInstance: reports_workflow.id_task_get_emails scheduled__2024-07-03T05:35:00+00:00 [queued]>
[2024-07-03T13:40:16.542+0000] {taskinstance.py:1159} INFO - Dependencies all met for dep_context=requeueable deps ti=<TaskInstance: reports_workflow.id_task_get_emails scheduled__2024-07-03T05:35:00+00:00 [queued]>
[2024-07-03T13:40:16.542+0000] {taskinstance.py:1361} INFO - Starting attempt 1 of 1
[2024-07-03T13:40:16.560+0000] {taskinstance.py:1382} INFO - Executing <Task(PythonOperator): id_task_get_emails> on 2024-07-03 05:35:00+00:00
[2024-07-03T13:40:16.569+0000] {standard_task_runner.py:57} INFO - Started process 26408 to run task
[2024-07-03T13:40:16.574+0000] {standard_task_runner.py:84} INFO - Running: ['***', 'tasks', 'run', 'reports_workflow', 'id_task_get_emails', 'scheduled__2024-07-03T05:35:00+00:00', '--job-id', '1593', '--raw', '--subdir', 'DAGS_FOLDER/dag_email_robot.py', '--cfg-path', '/tmp/tmpj0qced3v']
[2024-07-03T13:40:16.576+0000] {standard_task_runner.py:85} INFO - Job 1593: Subtask id_task_get_emails
[2024-07-03T13:40:16.657+0000] {task_command.py:415} INFO - Running <TaskInstance: reports_workflow.id_task_get_emails scheduled__2024-07-03T05:35:00+00:00 [running]> on host 6f4ef5488251
[2024-07-03T13:40:16.770+0000] {taskinstance.py:1660} INFO - Exporting env vars: AIRFLOW_CTX_DAG_OWNER='FIRDAVS' AIRFLOW_CTX_DAG_ID='reports_workflow' AIRFLOW_CTX_TASK_ID='id_task_get_emails' AIRFLOW_CTX_EXECUTION_DATE='2024-07-03T05:35:00+00:00' AIRFLOW_CTX_TRY_NUMBER='1' AIRFLOW_CTX_DAG_RUN_ID='scheduled__2024-07-03T05:35:00+00:00'
[2024-07-03T13:40:16.771+0000] {logging_mixin.py:151} INFO - path of config file:  /opt/***
[2024-07-03T13:40:16.771+0000] {logging_mixin.py:151} INFO - #>2024-07-03 13:40:16.771708_User@StatDep: EmailRobot in screated.
[2024-07-03T13:40:16.771+0000] {logging_mixin.py:151} INFO - #>2024-07-03 13:40:16.771893_User@StatDep: get_for_recent_emails is started...
[2024-07-03T13:40:16.772+0000] {logging_mixin.py:151} INFO - #>2024-07-03 13:40:16.772028_User@StatDep: pop3_fetch_emails isstarted...
[2024-07-03T13:40:17.150+0000] {logging_mixin.py:151} INFO -    b'+OK'
[2024-07-03T13:40:17.496+0000] {logging_mixin.py:151} INFO -    mailbox have 0 emails and the robot can process 10
[2024-07-03T13:40:17.496+0000] {logging_mixin.py:151} INFO - #>2024-07-03 13:40:17.496556_User@StatDep: no emails to process, exiting pop3_fetch_emails()...
[2024-07-03T13:40:17.497+0000] {python.py:194} INFO - Done. Returned value was: True
[2024-07-03T13:40:17.532+0000] {taskinstance.py:1400} INFO - Marking task as SUCCESS. dag_id=reports_workflow, task_id=id_task_get_emails, execution_date=20240703T053500, start_date=20240703T134016, end_date=20240703T134017
[2024-07-03T13:40:17.554+0000] {local_task_job_runner.py:228} INFO - Task exited with return code 0
[2024-07-03T13:40:17.588+0000] {taskinstance.py:2784} INFO - 1 downstream tasks scheduled from follow-on schedule check
