[2024-07-03T09:57:37.952+0000] {taskinstance.py:1159} INFO - Dependencies all met for dep_context=non-requeueable deps ti=<TaskInstance: reports_workflow.id_task_get_emails scheduled__2024-07-02T10:10:00+00:00 [queued]>
[2024-07-03T09:57:37.963+0000] {taskinstance.py:1159} INFO - Dependencies all met for dep_context=requeueable deps ti=<TaskInstance: reports_workflow.id_task_get_emails scheduled__2024-07-02T10:10:00+00:00 [queued]>
[2024-07-03T09:57:37.963+0000] {taskinstance.py:1361} INFO - Starting attempt 1 of 1
[2024-07-03T09:57:38.024+0000] {taskinstance.py:1382} INFO - Executing <Task(PythonOperator): id_task_get_emails> on 2024-07-02 10:10:00+00:00
[2024-07-03T09:57:38.032+0000] {standard_task_runner.py:57} INFO - Started process 20577 to run task
[2024-07-03T09:57:38.042+0000] {standard_task_runner.py:84} INFO - Running: ['***', 'tasks', 'run', 'reports_workflow', 'id_task_get_emails', 'scheduled__2024-07-02T10:10:00+00:00', '--job-id', '367', '--raw', '--subdir', 'DAGS_FOLDER/dag_email_robot.py', '--cfg-path', '/tmp/tmpg6peb4pr']
[2024-07-03T09:57:38.044+0000] {standard_task_runner.py:85} INFO - Job 367: Subtask id_task_get_emails
[2024-07-03T09:57:38.153+0000] {task_command.py:415} INFO - Running <TaskInstance: reports_workflow.id_task_get_emails scheduled__2024-07-02T10:10:00+00:00 [running]> on host 6f4ef5488251
[2024-07-03T09:57:38.325+0000] {taskinstance.py:1660} INFO - Exporting env vars: AIRFLOW_CTX_DAG_OWNER='FIRDAVS' AIRFLOW_CTX_DAG_ID='reports_workflow' AIRFLOW_CTX_TASK_ID='id_task_get_emails' AIRFLOW_CTX_EXECUTION_DATE='2024-07-02T10:10:00+00:00' AIRFLOW_CTX_TRY_NUMBER='1' AIRFLOW_CTX_DAG_RUN_ID='scheduled__2024-07-02T10:10:00+00:00'
[2024-07-03T09:57:38.326+0000] {logging_mixin.py:151} INFO - path of config file:  /opt/***
[2024-07-03T09:57:38.327+0000] {taskinstance.py:1943} ERROR - Task failed with exception
Traceback (most recent call last):
  File "/home/airflow/.local/lib/python3.8/site-packages/airflow/operators/python.py", line 192, in execute
    return_value = self.execute_callable()
  File "/home/airflow/.local/lib/python3.8/site-packages/airflow/operators/python.py", line 209, in execute_callable
    return self.python_callable(*self.op_args, **self.op_kwargs)
  File "/opt/airflow/dags/dag_email_robot.py", line 22, in get_emails
    email_conf = json.load (open(path / ("config/email_conf.json")))
NameError: name 'json' is not defined
[2024-07-03T09:57:38.343+0000] {taskinstance.py:1400} INFO - Marking task as FAILED. dag_id=reports_workflow, task_id=id_task_get_emails, execution_date=20240702T101000, start_date=20240703T095737, end_date=20240703T095738
[2024-07-03T09:57:38.377+0000] {standard_task_runner.py:104} ERROR - Failed to execute job 367 for task id_task_get_emails (name 'json' is not defined; 20577)
[2024-07-03T09:57:38.417+0000] {local_task_job_runner.py:228} INFO - Task exited with return code 1
[2024-07-03T09:57:38.437+0000] {taskinstance.py:2784} INFO - 0 downstream tasks scheduled from follow-on schedule check
[2024-07-03T12:05:05.601+0000] {taskinstance.py:1159} INFO - Dependencies all met for dep_context=non-requeueable deps ti=<TaskInstance: reports_workflow.id_task_get_emails scheduled__2024-07-02T10:10:00+00:00 [queued]>
[2024-07-03T12:05:05.610+0000] {taskinstance.py:1159} INFO - Dependencies all met for dep_context=requeueable deps ti=<TaskInstance: reports_workflow.id_task_get_emails scheduled__2024-07-02T10:10:00+00:00 [queued]>
[2024-07-03T12:05:05.610+0000] {taskinstance.py:1361} INFO - Starting attempt 1 of 1
[2024-07-03T12:05:05.623+0000] {taskinstance.py:1382} INFO - Executing <Task(PythonOperator): id_task_get_emails> on 2024-07-02 10:10:00+00:00
[2024-07-03T12:05:05.629+0000] {standard_task_runner.py:57} INFO - Started process 23393 to run task
[2024-07-03T12:05:05.636+0000] {standard_task_runner.py:84} INFO - Running: ['***', 'tasks', 'run', 'reports_workflow', 'id_task_get_emails', 'scheduled__2024-07-02T10:10:00+00:00', '--job-id', '808', '--raw', '--subdir', 'DAGS_FOLDER/dag_email_robot.py', '--cfg-path', '/tmp/tmpe8rsfns3']
[2024-07-03T12:05:05.637+0000] {standard_task_runner.py:85} INFO - Job 808: Subtask id_task_get_emails
[2024-07-03T12:05:05.687+0000] {task_command.py:415} INFO - Running <TaskInstance: reports_workflow.id_task_get_emails scheduled__2024-07-02T10:10:00+00:00 [running]> on host 6f4ef5488251
[2024-07-03T12:05:05.778+0000] {taskinstance.py:1660} INFO - Exporting env vars: AIRFLOW_CTX_DAG_OWNER='FIRDAVS' AIRFLOW_CTX_DAG_ID='reports_workflow' AIRFLOW_CTX_TASK_ID='id_task_get_emails' AIRFLOW_CTX_EXECUTION_DATE='2024-07-02T10:10:00+00:00' AIRFLOW_CTX_TRY_NUMBER='1' AIRFLOW_CTX_DAG_RUN_ID='scheduled__2024-07-02T10:10:00+00:00'
[2024-07-03T12:05:05.779+0000] {logging_mixin.py:151} INFO - path of config file:  /opt/***
[2024-07-03T12:05:05.779+0000] {logging_mixin.py:151} INFO - #>2024-07-03 12:05:05.779569_User@StatDep: EmailRobot in screated.
[2024-07-03T12:05:05.779+0000] {logging_mixin.py:151} INFO - #>2024-07-03 12:05:05.779759_User@StatDep: get_for_recent_emails is started...
[2024-07-03T12:05:05.779+0000] {logging_mixin.py:151} INFO - #>2024-07-03 12:05:05.779884_User@StatDep: pop3_fetch_emails isstarted...
[2024-07-03T12:05:06.174+0000] {logging_mixin.py:151} INFO -    b'+OK'
[2024-07-03T12:05:06.677+0000] {logging_mixin.py:151} INFO -    mailbox have 1 emails and the robot can process 10
[2024-07-03T12:05:07.090+0000] {logging_mixin.py:151} INFO -    #>2024-07-03 12:05:07.090203_conneciton to db is set.
[2024-07-03T12:05:07.096+0000] {taskinstance.py:1943} ERROR - Task failed with exception
Traceback (most recent call last):
  File "/home/airflow/.local/lib/python3.8/site-packages/airflow/operators/python.py", line 192, in execute
    return_value = self.execute_callable()
  File "/home/airflow/.local/lib/python3.8/site-packages/airflow/operators/python.py", line 209, in execute_callable
    return self.python_callable(*self.op_args, **self.op_kwargs)
  File "/opt/airflow/dags/dag_email_robot.py", line 25, in get_emails
    robot.fetch_emails()
  File "/opt/airflow/dags/emailRobot.py", line 62, in fetch_emails
    return self.pop3_fetch_emails()
  File "/opt/airflow/dags/emailRobot.py", line 156, in pop3_fetch_emails
    cursor.execute (query, insert_values)
psycopg2.errors.UndefinedTable: relation "sma_stat_dep.tbl_file_upload" does not exist
LINE 1: ...) AS (INSERT INTO                                 sma_stat_d...
                                                             ^

[2024-07-03T12:05:07.111+0000] {taskinstance.py:1400} INFO - Marking task as FAILED. dag_id=reports_workflow, task_id=id_task_get_emails, execution_date=20240702T101000, start_date=20240703T120505, end_date=20240703T120507
[2024-07-03T12:05:07.124+0000] {standard_task_runner.py:104} ERROR - Failed to execute job 808 for task id_task_get_emails (relation "sma_stat_dep.tbl_file_upload" does not exist
LINE 1: ...) AS (INSERT INTO                                 sma_stat_d...
                                                             ^
; 23393)
[2024-07-03T12:05:07.141+0000] {local_task_job_runner.py:228} INFO - Task exited with return code 1
[2024-07-03T12:05:07.168+0000] {taskinstance.py:2784} INFO - 0 downstream tasks scheduled from follow-on schedule check
[2024-07-03T12:23:36.147+0000] {taskinstance.py:1159} INFO - Dependencies all met for dep_context=non-requeueable deps ti=<TaskInstance: reports_workflow.id_task_get_emails scheduled__2024-07-02T10:10:00+00:00 [queued]>
[2024-07-03T12:23:36.227+0000] {taskinstance.py:1159} INFO - Dependencies all met for dep_context=requeueable deps ti=<TaskInstance: reports_workflow.id_task_get_emails scheduled__2024-07-02T10:10:00+00:00 [queued]>
[2024-07-03T12:23:36.227+0000] {taskinstance.py:1361} INFO - Starting attempt 1 of 1
[2024-07-03T12:23:36.240+0000] {taskinstance.py:1382} INFO - Executing <Task(PythonOperator): id_task_get_emails> on 2024-07-02 10:10:00+00:00
[2024-07-03T12:23:36.244+0000] {standard_task_runner.py:57} INFO - Started process 24300 to run task
[2024-07-03T12:23:36.251+0000] {standard_task_runner.py:84} INFO - Running: ['***', 'tasks', 'run', 'reports_workflow', 'id_task_get_emails', 'scheduled__2024-07-02T10:10:00+00:00', '--job-id', '1124', '--raw', '--subdir', 'DAGS_FOLDER/dag_email_robot.py', '--cfg-path', '/tmp/tmpgmt3f12s']
[2024-07-03T12:23:36.252+0000] {standard_task_runner.py:85} INFO - Job 1124: Subtask id_task_get_emails
[2024-07-03T12:23:36.304+0000] {task_command.py:415} INFO - Running <TaskInstance: reports_workflow.id_task_get_emails scheduled__2024-07-02T10:10:00+00:00 [running]> on host 6f4ef5488251
[2024-07-03T12:23:36.372+0000] {taskinstance.py:1660} INFO - Exporting env vars: AIRFLOW_CTX_DAG_OWNER='FIRDAVS' AIRFLOW_CTX_DAG_ID='reports_workflow' AIRFLOW_CTX_TASK_ID='id_task_get_emails' AIRFLOW_CTX_EXECUTION_DATE='2024-07-02T10:10:00+00:00' AIRFLOW_CTX_TRY_NUMBER='1' AIRFLOW_CTX_DAG_RUN_ID='scheduled__2024-07-02T10:10:00+00:00'
[2024-07-03T12:23:36.373+0000] {logging_mixin.py:151} INFO - path of config file:  /opt/***
[2024-07-03T12:23:36.374+0000] {logging_mixin.py:151} INFO - #>2024-07-03 12:23:36.374209_User@StatDep: EmailRobot in screated.
[2024-07-03T12:23:36.374+0000] {logging_mixin.py:151} INFO - #>2024-07-03 12:23:36.374476_User@StatDep: get_for_recent_emails is started...
[2024-07-03T12:23:36.374+0000] {logging_mixin.py:151} INFO - #>2024-07-03 12:23:36.374779_User@StatDep: pop3_fetch_emails isstarted...
[2024-07-03T12:23:36.783+0000] {logging_mixin.py:151} INFO -    b'+OK'
[2024-07-03T12:23:37.111+0000] {logging_mixin.py:151} INFO -    mailbox have 0 emails and the robot can process 10
[2024-07-03T12:23:37.111+0000] {logging_mixin.py:151} INFO - #>2024-07-03 12:23:37.111924_User@StatDep: no emails to process, exiting pop3_fetch_emails()...
[2024-07-03T12:23:37.112+0000] {python.py:194} INFO - Done. Returned value was: True
[2024-07-03T12:23:37.155+0000] {taskinstance.py:1400} INFO - Marking task as SUCCESS. dag_id=reports_workflow, task_id=id_task_get_emails, execution_date=20240702T101000, start_date=20240703T122336, end_date=20240703T122337
[2024-07-03T12:23:37.183+0000] {local_task_job_runner.py:228} INFO - Task exited with return code 0
[2024-07-03T12:23:37.208+0000] {taskinstance.py:2784} INFO - 1 downstream tasks scheduled from follow-on schedule check
[2024-07-03T14:44:25.710+0000] {taskinstance.py:1159} INFO - Dependencies all met for dep_context=non-requeueable deps ti=<TaskInstance: reports_workflow.id_task_get_emails scheduled__2024-07-02T10:10:00+00:00 [queued]>
[2024-07-03T14:44:25.746+0000] {taskinstance.py:1159} INFO - Dependencies all met for dep_context=requeueable deps ti=<TaskInstance: reports_workflow.id_task_get_emails scheduled__2024-07-02T10:10:00+00:00 [queued]>
[2024-07-03T14:44:25.746+0000] {taskinstance.py:1361} INFO - Starting attempt 1 of 2
[2024-07-03T14:44:25.779+0000] {taskinstance.py:1382} INFO - Executing <Task(PythonOperator): id_task_get_emails> on 2024-07-02 10:10:00+00:00
[2024-07-03T14:44:25.783+0000] {standard_task_runner.py:57} INFO - Started process 28059 to run task
[2024-07-03T14:44:25.792+0000] {standard_task_runner.py:84} INFO - Running: ['***', 'tasks', 'run', 'reports_workflow', 'id_task_get_emails', 'scheduled__2024-07-02T10:10:00+00:00', '--job-id', '1933', '--raw', '--subdir', 'DAGS_FOLDER/dag_email_robot.py', '--cfg-path', '/tmp/tmp2j1zfjya']
[2024-07-03T14:44:25.793+0000] {standard_task_runner.py:85} INFO - Job 1933: Subtask id_task_get_emails
[2024-07-03T14:44:25.909+0000] {task_command.py:415} INFO - Running <TaskInstance: reports_workflow.id_task_get_emails scheduled__2024-07-02T10:10:00+00:00 [running]> on host 6f4ef5488251
[2024-07-03T14:44:26.056+0000] {taskinstance.py:1660} INFO - Exporting env vars: AIRFLOW_CTX_DAG_OWNER='FIRDAVS' AIRFLOW_CTX_DAG_ID='reports_workflow' AIRFLOW_CTX_TASK_ID='id_task_get_emails' AIRFLOW_CTX_EXECUTION_DATE='2024-07-02T10:10:00+00:00' AIRFLOW_CTX_TRY_NUMBER='1' AIRFLOW_CTX_DAG_RUN_ID='scheduled__2024-07-02T10:10:00+00:00'
[2024-07-03T14:44:26.057+0000] {logging_mixin.py:151} INFO - path of config file:  /opt/***
[2024-07-03T14:44:26.060+0000] {logging_mixin.py:151} INFO - #>2024-07-03 14:44:26.060434_User@StatDep: EmailRobot in screated.
[2024-07-03T14:44:26.060+0000] {logging_mixin.py:151} INFO - #>2024-07-03 14:44:26.060634_User@StatDep: get_for_recent_emails is started...
[2024-07-03T14:44:26.060+0000] {logging_mixin.py:151} INFO - #>2024-07-03 14:44:26.060784_User@StatDep: pop3_fetch_emails isstarted...
[2024-07-03T14:44:26.452+0000] {logging_mixin.py:151} INFO -    b'+OK'
[2024-07-03T14:44:26.783+0000] {logging_mixin.py:151} INFO -    mailbox have 0 emails and the robot can process 10
[2024-07-03T14:44:26.783+0000] {logging_mixin.py:151} INFO - #>2024-07-03 14:44:26.783418_User@StatDep: no emails to process, exiting pop3_fetch_emails()...
[2024-07-03T14:44:26.783+0000] {python.py:194} INFO - Done. Returned value was: True
[2024-07-03T14:44:26.859+0000] {taskinstance.py:1400} INFO - Marking task as SUCCESS. dag_id=reports_workflow, task_id=id_task_get_emails, execution_date=20240702T101000, start_date=20240703T144425, end_date=20240703T144426
[2024-07-03T14:44:26.966+0000] {local_task_job_runner.py:228} INFO - Task exited with return code 0
[2024-07-03T14:44:27.039+0000] {taskinstance.py:2784} INFO - 1 downstream tasks scheduled from follow-on schedule check
[2024-07-03T14:46:58.883+0000] {taskinstance.py:1159} INFO - Dependencies all met for dep_context=non-requeueable deps ti=<TaskInstance: reports_workflow.id_task_get_emails scheduled__2024-07-02T10:10:00+00:00 [queued]>
[2024-07-03T14:46:58.938+0000] {taskinstance.py:1159} INFO - Dependencies all met for dep_context=requeueable deps ti=<TaskInstance: reports_workflow.id_task_get_emails scheduled__2024-07-02T10:10:00+00:00 [queued]>
[2024-07-03T14:46:58.938+0000] {taskinstance.py:1361} INFO - Starting attempt 1 of 2
[2024-07-03T14:46:58.970+0000] {taskinstance.py:1382} INFO - Executing <Task(PythonOperator): id_task_get_emails> on 2024-07-02 10:10:00+00:00
[2024-07-03T14:46:58.980+0000] {standard_task_runner.py:57} INFO - Started process 28458 to run task
[2024-07-03T14:46:58.995+0000] {standard_task_runner.py:84} INFO - Running: ['***', 'tasks', 'run', 'reports_workflow', 'id_task_get_emails', 'scheduled__2024-07-02T10:10:00+00:00', '--job-id', '2112', '--raw', '--subdir', 'DAGS_FOLDER/dag_email_robot.py', '--cfg-path', '/tmp/tmp5mwuya82']
[2024-07-03T14:46:59.002+0000] {standard_task_runner.py:85} INFO - Job 2112: Subtask id_task_get_emails
[2024-07-03T14:46:59.150+0000] {task_command.py:415} INFO - Running <TaskInstance: reports_workflow.id_task_get_emails scheduled__2024-07-02T10:10:00+00:00 [running]> on host 6f4ef5488251
[2024-07-03T14:46:59.414+0000] {taskinstance.py:1660} INFO - Exporting env vars: AIRFLOW_CTX_DAG_OWNER='FIRDAVS' AIRFLOW_CTX_DAG_ID='reports_workflow' AIRFLOW_CTX_TASK_ID='id_task_get_emails' AIRFLOW_CTX_EXECUTION_DATE='2024-07-02T10:10:00+00:00' AIRFLOW_CTX_TRY_NUMBER='1' AIRFLOW_CTX_DAG_RUN_ID='scheduled__2024-07-02T10:10:00+00:00'
[2024-07-03T14:46:59.415+0000] {logging_mixin.py:151} INFO - path of config file:  /opt/***
[2024-07-03T14:46:59.416+0000] {logging_mixin.py:151} INFO - #>2024-07-03 14:46:59.416243_User@StatDep: EmailRobot in screated.
[2024-07-03T14:46:59.416+0000] {logging_mixin.py:151} INFO - #>2024-07-03 14:46:59.416440_User@StatDep: get_for_recent_emails is started...
[2024-07-03T14:46:59.416+0000] {logging_mixin.py:151} INFO - #>2024-07-03 14:46:59.416577_User@StatDep: pop3_fetch_emails isstarted...
[2024-07-03T14:46:59.797+0000] {logging_mixin.py:151} INFO -    b'+OK'
[2024-07-03T14:47:00.136+0000] {logging_mixin.py:151} INFO -    mailbox have 0 emails and the robot can process 10
[2024-07-03T14:47:00.136+0000] {logging_mixin.py:151} INFO - #>2024-07-03 14:47:00.136622_User@StatDep: no emails to process, exiting pop3_fetch_emails()...
[2024-07-03T14:47:00.137+0000] {python.py:194} INFO - Done. Returned value was: True
[2024-07-03T14:47:00.173+0000] {taskinstance.py:1400} INFO - Marking task as SUCCESS. dag_id=reports_workflow, task_id=id_task_get_emails, execution_date=20240702T101000, start_date=20240703T144658, end_date=20240703T144700
[2024-07-03T14:47:00.194+0000] {local_task_job_runner.py:228} INFO - Task exited with return code 0
[2024-07-03T14:47:00.222+0000] {taskinstance.py:2784} INFO - 1 downstream tasks scheduled from follow-on schedule check
