[2024-07-03T14:41:58.061+0000] {taskinstance.py:1159} INFO - Dependencies all met for dep_context=non-requeueable deps ti=<TaskInstance: reports_workflow.id_task_get_emails scheduled__2024-07-01T07:00:00+00:00 [queued]>
[2024-07-03T14:41:58.069+0000] {taskinstance.py:1159} INFO - Dependencies all met for dep_context=requeueable deps ti=<TaskInstance: reports_workflow.id_task_get_emails scheduled__2024-07-01T07:00:00+00:00 [queued]>
[2024-07-03T14:41:58.070+0000] {taskinstance.py:1361} INFO - Starting attempt 1 of 2
[2024-07-03T14:41:58.087+0000] {taskinstance.py:1382} INFO - Executing <Task(PythonOperator): id_task_get_emails> on 2024-07-01 07:00:00+00:00
[2024-07-03T14:41:58.092+0000] {standard_task_runner.py:57} INFO - Started process 27901 to run task
[2024-07-03T14:41:58.100+0000] {standard_task_runner.py:84} INFO - Running: ['***', 'tasks', 'run', 'reports_workflow', 'id_task_get_emails', 'scheduled__2024-07-01T07:00:00+00:00', '--job-id', '1870', '--raw', '--subdir', 'DAGS_FOLDER/dag_email_robot.py', '--cfg-path', '/tmp/tmpu70oslkc']
[2024-07-03T14:41:58.102+0000] {standard_task_runner.py:85} INFO - Job 1870: Subtask id_task_get_emails
[2024-07-03T14:41:58.184+0000] {task_command.py:415} INFO - Running <TaskInstance: reports_workflow.id_task_get_emails scheduled__2024-07-01T07:00:00+00:00 [running]> on host 6f4ef5488251
[2024-07-03T14:41:58.325+0000] {taskinstance.py:1660} INFO - Exporting env vars: AIRFLOW_CTX_DAG_OWNER='FIRDAVS' AIRFLOW_CTX_DAG_ID='reports_workflow' AIRFLOW_CTX_TASK_ID='id_task_get_emails' AIRFLOW_CTX_EXECUTION_DATE='2024-07-01T07:00:00+00:00' AIRFLOW_CTX_TRY_NUMBER='1' AIRFLOW_CTX_DAG_RUN_ID='scheduled__2024-07-01T07:00:00+00:00'
[2024-07-03T14:41:58.327+0000] {logging_mixin.py:151} INFO - path of config file:  /opt/***
[2024-07-03T14:41:58.327+0000] {logging_mixin.py:151} INFO - #>2024-07-03 14:41:58.327804_User@StatDep: EmailRobot in screated.
[2024-07-03T14:41:58.328+0000] {logging_mixin.py:151} INFO - #>2024-07-03 14:41:58.328157_User@StatDep: get_for_recent_emails is started...
[2024-07-03T14:41:58.328+0000] {logging_mixin.py:151} INFO - #>2024-07-03 14:41:58.328480_User@StatDep: pop3_fetch_emails isstarted...
[2024-07-03T14:41:58.791+0000] {logging_mixin.py:151} INFO -    b'+OK'
[2024-07-03T14:41:59.189+0000] {logging_mixin.py:151} INFO -    mailbox have 0 emails and the robot can process 10
[2024-07-03T14:41:59.190+0000] {logging_mixin.py:151} INFO - #>2024-07-03 14:41:59.190262_User@StatDep: no emails to process, exiting pop3_fetch_emails()...
[2024-07-03T14:41:59.190+0000] {python.py:194} INFO - Done. Returned value was: True
[2024-07-03T14:41:59.229+0000] {taskinstance.py:1400} INFO - Marking task as SUCCESS. dag_id=reports_workflow, task_id=id_task_get_emails, execution_date=20240701T070000, start_date=20240703T144158, end_date=20240703T144159
[2024-07-03T14:41:59.398+0000] {local_task_job_runner.py:228} INFO - Task exited with return code 0
[2024-07-03T14:41:59.458+0000] {taskinstance.py:2784} INFO - 1 downstream tasks scheduled from follow-on schedule check
[2024-07-03T14:42:43.559+0000] {taskinstance.py:1159} INFO - Dependencies all met for dep_context=non-requeueable deps ti=<TaskInstance: reports_workflow.id_task_get_emails scheduled__2024-07-01T07:00:00+00:00 [queued]>
[2024-07-03T14:42:43.579+0000] {taskinstance.py:1159} INFO - Dependencies all met for dep_context=requeueable deps ti=<TaskInstance: reports_workflow.id_task_get_emails scheduled__2024-07-01T07:00:00+00:00 [queued]>
[2024-07-03T14:42:43.579+0000] {taskinstance.py:1361} INFO - Starting attempt 1 of 2
[2024-07-03T14:42:43.602+0000] {taskinstance.py:1382} INFO - Executing <Task(PythonOperator): id_task_get_emails> on 2024-07-01 07:00:00+00:00
[2024-07-03T14:42:43.607+0000] {standard_task_runner.py:57} INFO - Started process 27965 to run task
[2024-07-03T14:42:43.614+0000] {standard_task_runner.py:84} INFO - Running: ['***', 'tasks', 'run', 'reports_workflow', 'id_task_get_emails', 'scheduled__2024-07-01T07:00:00+00:00', '--job-id', '1898', '--raw', '--subdir', 'DAGS_FOLDER/dag_email_robot.py', '--cfg-path', '/tmp/tmp3t20jc9m']
[2024-07-03T14:42:43.615+0000] {standard_task_runner.py:85} INFO - Job 1898: Subtask id_task_get_emails
[2024-07-03T14:42:43.682+0000] {task_command.py:415} INFO - Running <TaskInstance: reports_workflow.id_task_get_emails scheduled__2024-07-01T07:00:00+00:00 [running]> on host 6f4ef5488251
[2024-07-03T14:42:43.811+0000] {taskinstance.py:1660} INFO - Exporting env vars: AIRFLOW_CTX_DAG_OWNER='FIRDAVS' AIRFLOW_CTX_DAG_ID='reports_workflow' AIRFLOW_CTX_TASK_ID='id_task_get_emails' AIRFLOW_CTX_EXECUTION_DATE='2024-07-01T07:00:00+00:00' AIRFLOW_CTX_TRY_NUMBER='1' AIRFLOW_CTX_DAG_RUN_ID='scheduled__2024-07-01T07:00:00+00:00'
[2024-07-03T14:42:43.812+0000] {logging_mixin.py:151} INFO - path of config file:  /opt/***
[2024-07-03T14:42:43.813+0000] {logging_mixin.py:151} INFO - #>2024-07-03 14:42:43.812998_User@StatDep: EmailRobot in screated.
[2024-07-03T14:42:43.813+0000] {logging_mixin.py:151} INFO - #>2024-07-03 14:42:43.813194_User@StatDep: get_for_recent_emails is started...
[2024-07-03T14:42:43.813+0000] {logging_mixin.py:151} INFO - #>2024-07-03 14:42:43.813340_User@StatDep: pop3_fetch_emails isstarted...
[2024-07-03T14:42:44.220+0000] {logging_mixin.py:151} INFO -    b'+OK'
[2024-07-03T14:42:44.650+0000] {logging_mixin.py:151} INFO -    mailbox have 0 emails and the robot can process 10
[2024-07-03T14:42:44.651+0000] {logging_mixin.py:151} INFO - #>2024-07-03 14:42:44.651131_User@StatDep: no emails to process, exiting pop3_fetch_emails()...
[2024-07-03T14:42:44.651+0000] {python.py:194} INFO - Done. Returned value was: True
[2024-07-03T14:42:44.691+0000] {taskinstance.py:1400} INFO - Marking task as SUCCESS. dag_id=reports_workflow, task_id=id_task_get_emails, execution_date=20240701T070000, start_date=20240703T144243, end_date=20240703T144244
[2024-07-03T14:42:44.805+0000] {local_task_job_runner.py:228} INFO - Task exited with return code 0
[2024-07-03T14:42:44.859+0000] {taskinstance.py:2784} INFO - 1 downstream tasks scheduled from follow-on schedule check
