[2024-07-03T13:38:51.808+0000] {taskinstance.py:1159} INFO - Dependencies all met for dep_context=non-requeueable deps ti=<TaskInstance: reports_workflow.id_task_send_emails scheduled__2024-07-02T22:45:00+00:00 [queued]>
[2024-07-03T13:38:51.817+0000] {taskinstance.py:1159} INFO - Dependencies all met for dep_context=requeueable deps ti=<TaskInstance: reports_workflow.id_task_send_emails scheduled__2024-07-02T22:45:00+00:00 [queued]>
[2024-07-03T13:38:51.817+0000] {taskinstance.py:1361} INFO - Starting attempt 1 of 1
[2024-07-03T13:38:51.835+0000] {taskinstance.py:1382} INFO - Executing <Task(PythonOperator): id_task_send_emails> on 2024-07-02 22:45:00+00:00
[2024-07-03T13:38:51.839+0000] {standard_task_runner.py:57} INFO - Started process 26069 to run task
[2024-07-03T13:38:51.846+0000] {standard_task_runner.py:84} INFO - Running: ['***', 'tasks', 'run', 'reports_workflow', 'id_task_send_emails', 'scheduled__2024-07-02T22:45:00+00:00', '--job-id', '1435', '--raw', '--subdir', 'DAGS_FOLDER/dag_email_robot.py', '--cfg-path', '/tmp/tmpjiap8pp_']
[2024-07-03T13:38:51.847+0000] {standard_task_runner.py:85} INFO - Job 1435: Subtask id_task_send_emails
[2024-07-03T13:38:51.903+0000] {task_command.py:415} INFO - Running <TaskInstance: reports_workflow.id_task_send_emails scheduled__2024-07-02T22:45:00+00:00 [running]> on host 6f4ef5488251
[2024-07-03T13:38:51.982+0000] {taskinstance.py:1660} INFO - Exporting env vars: AIRFLOW_CTX_DAG_OWNER='FIRDAVS' AIRFLOW_CTX_DAG_ID='reports_workflow' AIRFLOW_CTX_TASK_ID='id_task_send_emails' AIRFLOW_CTX_EXECUTION_DATE='2024-07-02T22:45:00+00:00' AIRFLOW_CTX_TRY_NUMBER='1' AIRFLOW_CTX_DAG_RUN_ID='scheduled__2024-07-02T22:45:00+00:00'
[2024-07-03T13:38:51.983+0000] {logging_mixin.py:151} INFO - path of config file:  /opt/***
[2024-07-03T13:38:51.987+0000] {logging_mixin.py:151} INFO - #>2024-07-03 13:38:51.987041_User@StatDep: EmailRobot in screated.
[2024-07-03T13:38:51.989+0000] {logging_mixin.py:151} INFO - #>2024-07-03 13:38:51.989299_User@StatDep: send_validation_results is started...
[2024-07-03T13:38:52.001+0000] {logging_mixin.py:151} INFO -    #>2024-07-03 13:38:52.001368_conneciton to db is set.
[2024-07-03T13:38:52.003+0000] {logging_mixin.py:151} INFO -    #>2024-07-03 13:38:52.003598_cursor execution is successful.
[2024-07-03T13:38:52.003+0000] {logging_mixin.py:151} INFO -    extracted information for about report sumbissions found...
[2024-07-03T13:39:31.431+0000] {logging_mixin.py:151} INFO - #>2024-07-03 13:39:31.430957_User@StatDep: email object ready to be sent:
[2024-07-03T13:39:31.826+0000] {logging_mixin.py:151} WARNING - send: 'ehlo [172.20.0.6]\r\n'
[2024-07-03T13:39:31.890+0000] {logging_mixin.py:151} WARNING - reply: b'250-smtp50.i.mail.ru\r\n'
[2024-07-03T13:39:31.891+0000] {logging_mixin.py:151} WARNING - reply: b'250-SIZE 73400320\r\n'
[2024-07-03T13:39:31.891+0000] {logging_mixin.py:151} WARNING - reply: b'250-8BITMIME\r\n'
[2024-07-03T13:39:31.891+0000] {logging_mixin.py:151} WARNING - reply: b'250-PIPELINING\r\n'
[2024-07-03T13:39:31.891+0000] {logging_mixin.py:151} WARNING - reply: b'250-DSN\r\n'
[2024-07-03T13:39:31.891+0000] {logging_mixin.py:151} WARNING - reply: b'250-SMTPUTF8\r\n'
[2024-07-03T13:39:31.891+0000] {logging_mixin.py:151} WARNING - reply: b'250 AUTH PLAIN LOGIN XOAUTH2\r\n'
[2024-07-03T13:39:31.891+0000] {logging_mixin.py:151} WARNING - reply: retcode (250); Msg: b'smtp50.i.mail.ru\nSIZE 73400320\n8BITMIME\nPIPELINING\nDSN\nSMTPUTF8\nAUTH PLAIN LOGIN XOAUTH2'
[2024-07-03T13:39:31.892+0000] {logging_mixin.py:151} WARNING - send: 'AUTH PLAIN AGtoYWxpbXpvZEBsaXN0LnJ1AEdSWFFSakMyYms0cVpIQjI2VXFk\r\n'
[2024-07-03T13:39:32.112+0000] {logging_mixin.py:151} WARNING - reply: b'235 Authentication succeeded\r\n'
[2024-07-03T13:39:32.112+0000] {logging_mixin.py:151} WARNING - reply: retcode (235); Msg: b'Authentication succeeded'
[2024-07-03T13:39:32.114+0000] {logging_mixin.py:151} WARNING - send: 'mail FROM:<khalimzod@list.ru> size=1305\r\n'
[2024-07-03T13:39:32.180+0000] {logging_mixin.py:151} WARNING - reply: b'250 OK\r\n'
[2024-07-03T13:39:32.181+0000] {logging_mixin.py:151} WARNING - reply: retcode (250); Msg: b'OK'
[2024-07-03T13:39:32.181+0000] {logging_mixin.py:151} WARNING - send: 'rcpt TO:<firdavskhushkadamov@gmail.com>\r\n'
[2024-07-03T13:39:32.257+0000] {logging_mixin.py:151} WARNING - reply: b'250 Accepted\r\n'
[2024-07-03T13:39:32.257+0000] {logging_mixin.py:151} WARNING - reply: retcode (250); Msg: b'Accepted'
[2024-07-03T13:39:32.258+0000] {logging_mixin.py:151} WARNING - send: 'data\r\n'
[2024-07-03T13:39:32.339+0000] {logging_mixin.py:151} WARNING - reply: b'354 Enter message, ending with "." on a line by itself\r\n'
[2024-07-03T13:39:32.340+0000] {logging_mixin.py:151} WARNING - reply: retcode (354); Msg: b'Enter message, ending with "." on a line by itself'
[2024-07-03T13:39:32.340+0000] {logging_mixin.py:151} WARNING - data: (354, b'Enter message, ending with "." on a line by itself')
[2024-07-03T13:39:32.341+0000] {logging_mixin.py:151} WARNING - send: b'Content-Type: multipart/mixed; boundary="===============8711498185815363792=="\r\nMIME-Version: 1.0\r\nSubject: =?utf-8?b?b21vckBuYnQudGo6INGE0LDQudC7ICLQodCw0LvQsNC80LDQu9C10LrRg9C80psueGxzeCIg0LfQsNCz0YDRg9C20LXQvdC90YvQtSDQsiAyMDI0LTA3LTAzIDE4OjM1OjQxKzAwOjAwINCd0JUg0J/QoNCY0J3Qr9Ci?=\r\nFrom: khalimzod@list.ru\r\nTo: <firdavskhushkadamov@gmail.com>\r\n\r\n--===============8711498185815363792==\r\nContent-Type: text/plain; charset="utf-8"\r\nMIME-Version: 1.0\r\nContent-Transfer-Encoding: base64\r\n\r\n0JfQtNGA0LDQstGB0YLQstGD0LnRgtC1LCAKINCaINGB0L7QttCw0LvQtdC90LjRjiDRhNCw0LnQ\r\nuyDRgSDQuNC80LXQvdC10Lwg0KHQsNC70LDQvNCw0LvQtdC60YPQvNKbLnhsc3gsINC30LDQs9GA\r\n0YPQttC10L3QvdGL0Lkg0LIgMjAyNC0wNy0wMyAxODozNTo0MSswMDowMCDQvdC1INCx0YvQuyDQ\r\nv9GA0LjQvdGP0YIg0YHQuNGB0YLQtdC80L7QuSDQsNCy0YLQvtC80LDRgtC40YfQtdGB0LrQvtC5\r\nINC+0LHRgNCw0LHQvtGC0LrQuC4g0J/QvtC20LDQu9GD0LnRgdGC0LAsINC/0YDQvtCy0LXRgNGM\r\n0YLQtSDQt9Cw0L/QvtC70L3QtdC90LjQtSDRhNCw0LnQu9CwLiAKINCU0L7Qv9C+0LvQvdC40YLQ\r\ntdC70YzQvdGL0LUg0YHQstC10LTQtdC90YzRjyDQv9C+INC+0LHQvdCw0YDRg9C20LXQvdC90YvQ\r\nvCDQvtGI0LjQsdC60LDQvCDQv9GA0LjQu9C+0LbQtdC90L3RiyDQuiDQv9C40YHRjNC80YMuCiBD\r\nINGD0LLQsNC20LXQvdC40LXQvCwgCiDQlNC10L/QsNGA0YLQsNC80LXQvdGCINGB0YLQsNGC0LjR\r\ngdGC0LjQutC4INC4INC/0LvQsNGC0LXQttC90L7Qs9C+INCx0LDQu9Cw0L3RgdCwIA==\r\n\r\n--===============8711498185815363792==--\r\n.\r\n'
[2024-07-03T13:39:33.070+0000] {logging_mixin.py:151} WARNING - reply: b'250 OK id=1sP0Cq-000000095jT-1I7A\r\n'
[2024-07-03T13:39:33.070+0000] {logging_mixin.py:151} WARNING - reply: retcode (250); Msg: b'OK id=1sP0Cq-000000095jT-1I7A'
[2024-07-03T13:39:33.070+0000] {logging_mixin.py:151} WARNING - data: (250, b'OK id=1sP0Cq-000000095jT-1I7A')
[2024-07-03T13:39:33.071+0000] {logging_mixin.py:151} INFO - #>2024-07-03 13:39:33.070977_User@StatDep: email successfuly sent
[2024-07-03T13:39:33.071+0000] {logging_mixin.py:151} WARNING - send: 'QUIT\r\n'
[2024-07-03T13:39:33.337+0000] {logging_mixin.py:151} WARNING - reply: b'221 smtp50.i.mail.ru closing connection\r\n'
[2024-07-03T13:39:33.337+0000] {logging_mixin.py:151} WARNING - reply: retcode (221); Msg: b'smtp50.i.mail.ru closing connection'
[2024-07-03T13:39:33.338+0000] {logging_mixin.py:151} INFO - #>2024-07-03 13:39:33.338414_User@StatDep: email object ready to be sent:
[2024-07-03T13:39:33.809+0000] {logging_mixin.py:151} WARNING - send: 'ehlo [172.20.0.6]\r\n'
[2024-07-03T13:39:33.875+0000] {logging_mixin.py:151} WARNING - reply: b'250-smtp57.i.mail.ru\r\n'
[2024-07-03T13:39:33.875+0000] {logging_mixin.py:151} WARNING - reply: b'250-SIZE 73400320\r\n'
[2024-07-03T13:39:33.875+0000] {logging_mixin.py:151} WARNING - reply: b'250-8BITMIME\r\n'
[2024-07-03T13:39:33.875+0000] {logging_mixin.py:151} WARNING - reply: b'250-PIPELINING\r\n'
[2024-07-03T13:39:33.875+0000] {logging_mixin.py:151} WARNING - reply: b'250-DSN\r\n'
[2024-07-03T13:39:33.875+0000] {logging_mixin.py:151} WARNING - reply: b'250-SMTPUTF8\r\n'
[2024-07-03T13:39:33.875+0000] {logging_mixin.py:151} WARNING - reply: b'250 AUTH PLAIN LOGIN XOAUTH2\r\n'
[2024-07-03T13:39:33.876+0000] {logging_mixin.py:151} WARNING - reply: retcode (250); Msg: b'smtp57.i.mail.ru\nSIZE 73400320\n8BITMIME\nPIPELINING\nDSN\nSMTPUTF8\nAUTH PLAIN LOGIN XOAUTH2'
[2024-07-03T13:39:33.876+0000] {logging_mixin.py:151} WARNING - send: 'AUTH PLAIN AGtoYWxpbXpvZEBsaXN0LnJ1AEdSWFFSakMyYms0cVpIQjI2VXFk\r\n'
[2024-07-03T13:39:34.100+0000] {logging_mixin.py:151} WARNING - reply: b'235 Authentication succeeded\r\n'
[2024-07-03T13:39:34.100+0000] {logging_mixin.py:151} WARNING - reply: retcode (235); Msg: b'Authentication succeeded'
[2024-07-03T13:39:34.101+0000] {logging_mixin.py:151} WARNING - send: 'mail FROM:<khalimzod@list.ru> size=1309\r\n'
[2024-07-03T13:39:34.168+0000] {logging_mixin.py:151} WARNING - reply: b'250 OK\r\n'
[2024-07-03T13:39:34.169+0000] {logging_mixin.py:151} WARNING - reply: retcode (250); Msg: b'OK'
[2024-07-03T13:39:34.169+0000] {logging_mixin.py:151} WARNING - send: 'rcpt TO:<firdavskhushkadamov@gmail.com>\r\n'
[2024-07-03T13:39:34.243+0000] {logging_mixin.py:151} WARNING - reply: b'250 Accepted\r\n'
[2024-07-03T13:39:34.243+0000] {logging_mixin.py:151} WARNING - reply: retcode (250); Msg: b'Accepted'
[2024-07-03T13:39:34.243+0000] {logging_mixin.py:151} WARNING - send: 'data\r\n'
[2024-07-03T13:39:34.308+0000] {logging_mixin.py:151} WARNING - reply: b'354 Enter message, ending with "." on a line by itself\r\n'
[2024-07-03T13:39:34.308+0000] {logging_mixin.py:151} WARNING - reply: retcode (354); Msg: b'Enter message, ending with "." on a line by itself'
[2024-07-03T13:39:34.308+0000] {logging_mixin.py:151} WARNING - data: (354, b'Enter message, ending with "." on a line by itself')
[2024-07-03T13:39:34.308+0000] {logging_mixin.py:151} WARNING - send: b'Content-Type: multipart/mixed; boundary="===============1886766550851459390=="\r\nMIME-Version: 1.0\r\nSubject: =?utf-8?b?b21vckBuYnQudGo6INGE0LDQudC7ICJISy52MC41NzA3LjMxMTIyMDI0IC0gQ29weS54bHN4IiDQt9Cw0LPRgNGD0LbQtdC90L3Ri9C1INCyIDIwMjQtMDctMDMgMTg6MzU6NDErMDA6MDAg0J3QlSDQn9Cg0JjQndCv0KI=?=\r\nFrom: khalimzod@list.ru\r\nTo: <firdavskhushkadamov@gmail.com>\r\n\r\n--===============1886766550851459390==\r\nContent-Type: text/plain; charset="utf-8"\r\nMIME-Version: 1.0\r\nContent-Transfer-Encoding: base64\r\n\r\n0JfQtNGA0LDQstGB0YLQstGD0LnRgtC1LCAKINCaINGB0L7QttCw0LvQtdC90LjRjiDRhNCw0LnQ\r\nuyDRgSDQuNC80LXQvdC10LwgSEsudjAuNTcwNy4zMTEyMjAyNCAtIENvcHkueGxzeCwg0LfQsNCz\r\n0YDRg9C20LXQvdC90YvQuSDQsiAyMDI0LTA3LTAzIDE4OjM1OjQxKzAwOjAwINC90LUg0LHRi9C7\r\nINC/0YDQuNC90Y/RgiDRgdC40YHRgtC10LzQvtC5INCw0LLRgtC+0LzQsNGC0LjRh9C10YHQutC+\r\n0Lkg0L7QsdGA0LDQsdC+0YLQutC4LiDQn9C+0LbQsNC70YPQudGB0YLQsCwg0L/RgNC+0LLQtdGA\r\n0YzRgtC1INC30LDQv9C+0LvQvdC10L3QuNC1INGE0LDQudC70LAuIAog0JTQvtC/0L7Qu9C90LjR\r\ngtC10LvRjNC90YvQtSDRgdCy0LXQtNC10L3RjNGPINC/0L4g0L7QsdC90LDRgNGD0LbQtdC90L3R\r\ni9C8INC+0YjQuNCx0LrQsNC8INC/0YDQuNC70L7QttC10L3QvdGLINC6INC/0LjRgdGM0LzRgy4K\r\nIEMg0YPQstCw0LbQtdC90LjQtdC8LCAKINCU0LXQv9Cw0YDRgtCw0LzQtdC90YIg0YHRgtCw0YLQ\r\nuNGB0YLQuNC60Lgg0Lgg0L/Qu9Cw0YLQtdC20L3QvtCz0L4g0LHQsNC70LDQvdGB0LAg\r\n\r\n--===============1886766550851459390==--\r\n.\r\n'
[2024-07-03T13:39:35.179+0000] {logging_mixin.py:151} WARNING - reply: b'250 OK id=1sP0Cs-0000000CjGa-19c3\r\n'
[2024-07-03T13:39:35.180+0000] {logging_mixin.py:151} WARNING - reply: retcode (250); Msg: b'OK id=1sP0Cs-0000000CjGa-19c3'
[2024-07-03T13:39:35.180+0000] {logging_mixin.py:151} WARNING - data: (250, b'OK id=1sP0Cs-0000000CjGa-19c3')
[2024-07-03T13:39:35.180+0000] {logging_mixin.py:151} INFO - #>2024-07-03 13:39:35.180714_User@StatDep: email successfuly sent
[2024-07-03T13:39:35.181+0000] {logging_mixin.py:151} WARNING - send: 'QUIT\r\n'
[2024-07-03T13:39:35.453+0000] {logging_mixin.py:151} WARNING - reply: b'221 smtp57.i.mail.ru closing connection\r\n'
[2024-07-03T13:39:35.453+0000] {logging_mixin.py:151} WARNING - reply: retcode (221); Msg: b'smtp57.i.mail.ru closing connection'
[2024-07-03T13:39:35.455+0000] {logging_mixin.py:151} INFO - #>2024-07-03 13:39:35.454907_User@StatDep: email object ready to be sent:
[2024-07-03T13:39:35.835+0000] {logging_mixin.py:151} WARNING - send: 'ehlo [172.20.0.6]\r\n'
[2024-07-03T13:39:35.899+0000] {logging_mixin.py:151} WARNING - reply: b'250-smtp51.i.mail.ru\r\n'
[2024-07-03T13:39:35.899+0000] {logging_mixin.py:151} WARNING - reply: b'250-SIZE 73400320\r\n'
[2024-07-03T13:39:35.900+0000] {logging_mixin.py:151} WARNING - reply: b'250-8BITMIME\r\n'
[2024-07-03T13:39:35.900+0000] {logging_mixin.py:151} WARNING - reply: b'250-PIPELINING\r\n'
[2024-07-03T13:39:35.900+0000] {logging_mixin.py:151} WARNING - reply: b'250-DSN\r\n'
[2024-07-03T13:39:35.901+0000] {logging_mixin.py:151} WARNING - reply: b'250-SMTPUTF8\r\n'
[2024-07-03T13:39:35.901+0000] {logging_mixin.py:151} WARNING - reply: b'250 AUTH PLAIN LOGIN XOAUTH2\r\n'
[2024-07-03T13:39:35.901+0000] {logging_mixin.py:151} WARNING - reply: retcode (250); Msg: b'smtp51.i.mail.ru\nSIZE 73400320\n8BITMIME\nPIPELINING\nDSN\nSMTPUTF8\nAUTH PLAIN LOGIN XOAUTH2'
[2024-07-03T13:39:35.902+0000] {logging_mixin.py:151} WARNING - send: 'AUTH PLAIN AGtoYWxpbXpvZEBsaXN0LnJ1AEdSWFFSakMyYms0cVpIQjI2VXFk\r\n'
[2024-07-03T13:39:36.110+0000] {logging_mixin.py:151} WARNING - reply: b'235 Authentication succeeded\r\n'
[2024-07-03T13:39:36.110+0000] {logging_mixin.py:151} WARNING - reply: retcode (235); Msg: b'Authentication succeeded'
[2024-07-03T13:39:36.114+0000] {logging_mixin.py:151} WARNING - send: 'mail FROM:<khalimzod@list.ru> size=1305\r\n'
[2024-07-03T13:39:36.178+0000] {logging_mixin.py:151} WARNING - reply: b'250 OK\r\n'
[2024-07-03T13:39:36.178+0000] {logging_mixin.py:151} WARNING - reply: retcode (250); Msg: b'OK'
[2024-07-03T13:39:36.178+0000] {logging_mixin.py:151} WARNING - send: 'rcpt TO:<firdavskhushkadamov@gmail.com>\r\n'
[2024-07-03T13:39:36.251+0000] {logging_mixin.py:151} WARNING - reply: b'250 Accepted\r\n'
[2024-07-03T13:39:36.252+0000] {logging_mixin.py:151} WARNING - reply: retcode (250); Msg: b'Accepted'
[2024-07-03T13:39:36.252+0000] {logging_mixin.py:151} WARNING - send: 'data\r\n'
[2024-07-03T13:39:36.317+0000] {logging_mixin.py:151} WARNING - reply: b'354 Enter message, ending with "." on a line by itself\r\n'
[2024-07-03T13:39:36.317+0000] {logging_mixin.py:151} WARNING - reply: retcode (354); Msg: b'Enter message, ending with "." on a line by itself'
[2024-07-03T13:39:36.317+0000] {logging_mixin.py:151} WARNING - data: (354, b'Enter message, ending with "." on a line by itself')
[2024-07-03T13:39:36.318+0000] {logging_mixin.py:151} WARNING - send: b'Content-Type: multipart/mixed; boundary="===============4254878867455754908=="\r\nMIME-Version: 1.0\r\nSubject: =?utf-8?b?b21vckBuYnQudGo6INGE0LDQudC7ICLQodCw0LvQsNC80LDQu9C10LrRg9C80psueGxzeCIg0LfQsNCz0YDRg9C20LXQvdC90YvQtSDQsiAyMDI0LTA3LTAzIDE4OjM1OjQxKzAwOjAwINCd0JUg0J/QoNCY0J3Qr9Ci?=\r\nFrom: khalimzod@list.ru\r\nTo: <firdavskhushkadamov@gmail.com>\r\n\r\n--===============4254878867455754908==\r\nContent-Type: text/plain; charset="utf-8"\r\nMIME-Version: 1.0\r\nContent-Transfer-Encoding: base64\r\n\r\n0JfQtNGA0LDQstGB0YLQstGD0LnRgtC1LCAKINCaINGB0L7QttCw0LvQtdC90LjRjiDRhNCw0LnQ\r\nuyDRgSDQuNC80LXQvdC10Lwg0KHQsNC70LDQvNCw0LvQtdC60YPQvNKbLnhsc3gsINC30LDQs9GA\r\n0YPQttC10L3QvdGL0Lkg0LIgMjAyNC0wNy0wMyAxODozNTo0MSswMDowMCDQvdC1INCx0YvQuyDQ\r\nv9GA0LjQvdGP0YIg0YHQuNGB0YLQtdC80L7QuSDQsNCy0YLQvtC80LDRgtC40YfQtdGB0LrQvtC5\r\nINC+0LHRgNCw0LHQvtGC0LrQuC4g0J/QvtC20LDQu9GD0LnRgdGC0LAsINC/0YDQvtCy0LXRgNGM\r\n0YLQtSDQt9Cw0L/QvtC70L3QtdC90LjQtSDRhNCw0LnQu9CwLiAKINCU0L7Qv9C+0LvQvdC40YLQ\r\ntdC70YzQvdGL0LUg0YHQstC10LTQtdC90YzRjyDQv9C+INC+0LHQvdCw0YDRg9C20LXQvdC90YvQ\r\nvCDQvtGI0LjQsdC60LDQvCDQv9GA0LjQu9C+0LbQtdC90L3RiyDQuiDQv9C40YHRjNC80YMuCiBD\r\nINGD0LLQsNC20LXQvdC40LXQvCwgCiDQlNC10L/QsNGA0YLQsNC80LXQvdGCINGB0YLQsNGC0LjR\r\ngdGC0LjQutC4INC4INC/0LvQsNGC0LXQttC90L7Qs9C+INCx0LDQu9Cw0L3RgdCwIA==\r\n\r\n--===============4254878867455754908==--\r\n.\r\n'
[2024-07-03T13:39:37.364+0000] {logging_mixin.py:151} WARNING - reply: b'250 OK id=1sP0Cu-0000000BfMf-1CCk\r\n'
[2024-07-03T13:39:37.364+0000] {logging_mixin.py:151} WARNING - reply: retcode (250); Msg: b'OK id=1sP0Cu-0000000BfMf-1CCk'
[2024-07-03T13:39:37.364+0000] {logging_mixin.py:151} WARNING - data: (250, b'OK id=1sP0Cu-0000000BfMf-1CCk')
[2024-07-03T13:39:37.364+0000] {logging_mixin.py:151} INFO - #>2024-07-03 13:39:37.364754_User@StatDep: email successfuly sent
[2024-07-03T13:39:37.364+0000] {logging_mixin.py:151} WARNING - send: 'QUIT\r\n'
[2024-07-03T13:39:37.672+0000] {logging_mixin.py:151} WARNING - reply: b'221 smtp51.i.mail.ru closing connection\r\n'
[2024-07-03T13:39:37.673+0000] {logging_mixin.py:151} WARNING - reply: retcode (221); Msg: b'smtp51.i.mail.ru closing connection'
[2024-07-03T13:39:37.673+0000] {logging_mixin.py:151} INFO - #>2024-07-03 13:39:37.673664_User@StatDep: email object ready to be sent:
[2024-07-03T13:39:38.034+0000] {logging_mixin.py:151} WARNING - send: 'ehlo [172.20.0.6]\r\n'
[2024-07-03T13:39:38.104+0000] {logging_mixin.py:151} WARNING - reply: b'250-smtp43.i.mail.ru\r\n'
[2024-07-03T13:39:38.104+0000] {logging_mixin.py:151} WARNING - reply: b'250-SIZE 73400320\r\n'
[2024-07-03T13:39:38.105+0000] {logging_mixin.py:151} WARNING - reply: b'250-8BITMIME\r\n'
[2024-07-03T13:39:38.105+0000] {logging_mixin.py:151} WARNING - reply: b'250-PIPELINING\r\n'
[2024-07-03T13:39:38.105+0000] {logging_mixin.py:151} WARNING - reply: b'250-DSN\r\n'
[2024-07-03T13:39:38.105+0000] {logging_mixin.py:151} WARNING - reply: b'250-SMTPUTF8\r\n'
[2024-07-03T13:39:38.105+0000] {logging_mixin.py:151} WARNING - reply: b'250 AUTH PLAIN LOGIN XOAUTH2\r\n'
[2024-07-03T13:39:38.105+0000] {logging_mixin.py:151} WARNING - reply: retcode (250); Msg: b'smtp43.i.mail.ru\nSIZE 73400320\n8BITMIME\nPIPELINING\nDSN\nSMTPUTF8\nAUTH PLAIN LOGIN XOAUTH2'
[2024-07-03T13:39:38.105+0000] {logging_mixin.py:151} WARNING - send: 'AUTH PLAIN AGtoYWxpbXpvZEBsaXN0LnJ1AEdSWFFSakMyYms0cVpIQjI2VXFk\r\n'
[2024-07-03T13:39:38.290+0000] {logging_mixin.py:151} WARNING - reply: b'235 Authentication succeeded\r\n'
[2024-07-03T13:39:38.291+0000] {logging_mixin.py:151} WARNING - reply: retcode (235); Msg: b'Authentication succeeded'
[2024-07-03T13:39:38.292+0000] {logging_mixin.py:151} WARNING - send: 'mail FROM:<khalimzod@list.ru> size=1309\r\n'
[2024-07-03T13:39:38.353+0000] {logging_mixin.py:151} WARNING - reply: b'250 OK\r\n'
[2024-07-03T13:39:38.354+0000] {logging_mixin.py:151} WARNING - reply: retcode (250); Msg: b'OK'
[2024-07-03T13:39:38.354+0000] {logging_mixin.py:151} WARNING - send: 'rcpt TO:<firdavskhushkadamov@gmail.com>\r\n'
[2024-07-03T13:39:38.424+0000] {logging_mixin.py:151} WARNING - reply: b'250 Accepted\r\n'
[2024-07-03T13:39:38.424+0000] {logging_mixin.py:151} WARNING - reply: retcode (250); Msg: b'Accepted'
[2024-07-03T13:39:38.424+0000] {logging_mixin.py:151} WARNING - send: 'data\r\n'
[2024-07-03T13:39:38.485+0000] {logging_mixin.py:151} WARNING - reply: b'354 Enter message, ending with "." on a line by itself\r\n'
[2024-07-03T13:39:38.486+0000] {logging_mixin.py:151} WARNING - reply: retcode (354); Msg: b'Enter message, ending with "." on a line by itself'
[2024-07-03T13:39:38.486+0000] {logging_mixin.py:151} WARNING - data: (354, b'Enter message, ending with "." on a line by itself')
[2024-07-03T13:39:38.486+0000] {logging_mixin.py:151} WARNING - send: b'Content-Type: multipart/mixed; boundary="===============7030446400869445433=="\r\nMIME-Version: 1.0\r\nSubject: =?utf-8?b?b21vckBuYnQudGo6INGE0LDQudC7ICJISy52MC41NzA3LjMxMTIyMDI0IC0gQ29weS54bHN4IiDQt9Cw0LPRgNGD0LbQtdC90L3Ri9C1INCyIDIwMjQtMDctMDMgMTg6MzU6NDErMDA6MDAg0J3QlSDQn9Cg0JjQndCv0KI=?=\r\nFrom: khalimzod@list.ru\r\nTo: <firdavskhushkadamov@gmail.com>\r\n\r\n--===============7030446400869445433==\r\nContent-Type: text/plain; charset="utf-8"\r\nMIME-Version: 1.0\r\nContent-Transfer-Encoding: base64\r\n\r\n0JfQtNGA0LDQstGB0YLQstGD0LnRgtC1LCAKINCaINGB0L7QttCw0LvQtdC90LjRjiDRhNCw0LnQ\r\nuyDRgSDQuNC80LXQvdC10LwgSEsudjAuNTcwNy4zMTEyMjAyNCAtIENvcHkueGxzeCwg0LfQsNCz\r\n0YDRg9C20LXQvdC90YvQuSDQsiAyMDI0LTA3LTAzIDE4OjM1OjQxKzAwOjAwINC90LUg0LHRi9C7\r\nINC/0YDQuNC90Y/RgiDRgdC40YHRgtC10LzQvtC5INCw0LLRgtC+0LzQsNGC0LjRh9C10YHQutC+\r\n0Lkg0L7QsdGA0LDQsdC+0YLQutC4LiDQn9C+0LbQsNC70YPQudGB0YLQsCwg0L/RgNC+0LLQtdGA\r\n0YzRgtC1INC30LDQv9C+0LvQvdC10L3QuNC1INGE0LDQudC70LAuIAog0JTQvtC/0L7Qu9C90LjR\r\ngtC10LvRjNC90YvQtSDRgdCy0LXQtNC10L3RjNGPINC/0L4g0L7QsdC90LDRgNGD0LbQtdC90L3R\r\ni9C8INC+0YjQuNCx0LrQsNC8INC/0YDQuNC70L7QttC10L3QvdGLINC6INC/0LjRgdGM0LzRgy4K\r\nIEMg0YPQstCw0LbQtdC90LjQtdC8LCAKINCU0LXQv9Cw0YDRgtCw0LzQtdC90YIg0YHRgtCw0YLQ\r\nuNGB0YLQuNC60Lgg0Lgg0L/Qu9Cw0YLQtdC20L3QvtCz0L4g0LHQsNC70LDQvdGB0LAg\r\n\r\n--===============7030446400869445433==--\r\n.\r\n'
[2024-07-03T13:39:39.033+0000] {logging_mixin.py:151} WARNING - reply: b'250 OK id=1sP0Cw-00000000cTR-1u6q\r\n'
[2024-07-03T13:39:39.034+0000] {logging_mixin.py:151} WARNING - reply: retcode (250); Msg: b'OK id=1sP0Cw-00000000cTR-1u6q'
[2024-07-03T13:39:39.034+0000] {logging_mixin.py:151} WARNING - data: (250, b'OK id=1sP0Cw-00000000cTR-1u6q')
[2024-07-03T13:39:39.034+0000] {logging_mixin.py:151} INFO - #>2024-07-03 13:39:39.034401_User@StatDep: email successfuly sent
[2024-07-03T13:39:39.034+0000] {logging_mixin.py:151} WARNING - send: 'QUIT\r\n'
[2024-07-03T13:39:39.301+0000] {logging_mixin.py:151} WARNING - reply: b'221 exim-smtp-84f7fbf7d8-nl7lv closing connection\r\n'
[2024-07-03T13:39:39.301+0000] {logging_mixin.py:151} WARNING - reply: retcode (221); Msg: b'exim-smtp-84f7fbf7d8-nl7lv closing connection'
[2024-07-03T13:39:39.301+0000] {logging_mixin.py:151} INFO -    finilizing processing for the reserved file uploads...
[2024-07-03T13:39:39.304+0000] {python.py:194} INFO - Done. Returned value was: True
[2024-07-03T13:39:39.368+0000] {taskinstance.py:1400} INFO - Marking task as SUCCESS. dag_id=reports_workflow, task_id=id_task_send_emails, execution_date=20240702T224500, start_date=20240703T133851, end_date=20240703T133939
[2024-07-03T13:39:39.430+0000] {local_task_job_runner.py:228} INFO - Task exited with return code 0
[2024-07-03T13:39:39.456+0000] {taskinstance.py:2784} INFO - 0 downstream tasks scheduled from follow-on schedule check
