[2024-07-11T15:55:01.574+0000] {taskinstance.py:1159} INFO - Dependencies all met for dep_context=non-requeueable deps ti=<TaskInstance: reports_workflow.id_task_get_emails scheduled__2024-07-11T15:50:00+00:00 [queued]>
[2024-07-11T15:55:01.582+0000] {taskinstance.py:1159} INFO - Dependencies all met for dep_context=requeueable deps ti=<TaskInstance: reports_workflow.id_task_get_emails scheduled__2024-07-11T15:50:00+00:00 [queued]>
[2024-07-11T15:55:01.582+0000] {taskinstance.py:1361} INFO - Starting attempt 1 of 2
[2024-07-11T15:55:01.594+0000] {taskinstance.py:1382} INFO - Executing <Task(PythonOperator): id_task_get_emails> on 2024-07-11 15:50:00+00:00
[2024-07-11T15:55:01.600+0000] {standard_task_runner.py:57} INFO - Started process 84058 to run task
[2024-07-11T15:55:01.608+0000] {standard_task_runner.py:84} INFO - Running: ['***', 'tasks', 'run', 'reports_workflow', 'id_task_get_emails', 'scheduled__2024-07-11T15:50:00+00:00', '--job-id', '5506', '--raw', '--subdir', 'DAGS_FOLDER/dag_email_robot.py', '--cfg-path', '/tmp/tmp6mvw8csr']
[2024-07-11T15:55:01.613+0000] {standard_task_runner.py:85} INFO - Job 5506: Subtask id_task_get_emails
[2024-07-11T15:55:01.718+0000] {task_command.py:415} INFO - Running <TaskInstance: reports_workflow.id_task_get_emails scheduled__2024-07-11T15:50:00+00:00 [running]> on host 6f4ef5488251
[2024-07-11T15:55:01.849+0000] {taskinstance.py:1660} INFO - Exporting env vars: AIRFLOW_CTX_DAG_OWNER='FIRDAVS' AIRFLOW_CTX_DAG_ID='reports_workflow' AIRFLOW_CTX_TASK_ID='id_task_get_emails' AIRFLOW_CTX_EXECUTION_DATE='2024-07-11T15:50:00+00:00' AIRFLOW_CTX_TRY_NUMBER='1' AIRFLOW_CTX_DAG_RUN_ID='scheduled__2024-07-11T15:50:00+00:00'
[2024-07-11T15:55:01.851+0000] {logging_mixin.py:151} INFO - path of config file:  /opt/***
[2024-07-11T15:55:01.851+0000] {logging_mixin.py:151} INFO - #>2024-07-11 15:55:01.851687_User@StatDep: EmailRobot in screated.
[2024-07-11T15:55:01.852+0000] {logging_mixin.py:151} INFO - #>2024-07-11 15:55:01.851875_User@StatDep: get_for_recent_emails is started...
[2024-07-11T15:55:01.852+0000] {logging_mixin.py:151} INFO - #>2024-07-11 15:55:01.852294_User@StatDep: pop3_fetch_emails isstarted...
[2024-07-11T15:55:03.973+0000] {logging_mixin.py:151} INFO -    b'+OK'
[2024-07-11T15:55:04.389+0000] {logging_mixin.py:151} INFO -    mailbox have 0 emails and the robot can process 10
[2024-07-11T15:55:04.389+0000] {logging_mixin.py:151} INFO - #>2024-07-11 15:55:04.389533_User@StatDep: no emails to process, exiting pop3_fetch_emails()...
[2024-07-11T15:55:04.390+0000] {python.py:194} INFO - Done. Returned value was: True
[2024-07-11T15:55:04.423+0000] {taskinstance.py:1400} INFO - Marking task as SUCCESS. dag_id=reports_workflow, task_id=id_task_get_emails, execution_date=20240711T155000, start_date=20240711T155501, end_date=20240711T155504
[2024-07-11T15:55:04.468+0000] {local_task_job_runner.py:228} INFO - Task exited with return code 0
[2024-07-11T15:55:04.495+0000] {taskinstance.py:2784} INFO - 1 downstream tasks scheduled from follow-on schedule check
