[2024-07-03T09:57:54.517+0000] {taskinstance.py:1159} INFO - Dependencies all met for dep_context=non-requeueable deps ti=<TaskInstance: reports_workflow.id_task_get_emails scheduled__2024-07-02T13:05:00+00:00 [queued]>
[2024-07-03T09:57:54.542+0000] {taskinstance.py:1159} INFO - Dependencies all met for dep_context=requeueable deps ti=<TaskInstance: reports_workflow.id_task_get_emails scheduled__2024-07-02T13:05:00+00:00 [queued]>
[2024-07-03T09:57:54.542+0000] {taskinstance.py:1361} INFO - Starting attempt 1 of 1
[2024-07-03T09:57:54.577+0000] {taskinstance.py:1382} INFO - Executing <Task(PythonOperator): id_task_get_emails> on 2024-07-02 13:05:00+00:00
[2024-07-03T09:57:54.593+0000] {standard_task_runner.py:57} INFO - Started process 20655 to run task
[2024-07-03T09:57:54.609+0000] {standard_task_runner.py:84} INFO - Running: ['***', 'tasks', 'run', 'reports_workflow', 'id_task_get_emails', 'scheduled__2024-07-02T13:05:00+00:00', '--job-id', '402', '--raw', '--subdir', 'DAGS_FOLDER/dag_email_robot.py', '--cfg-path', '/tmp/tmph3oelhcb']
[2024-07-03T09:57:54.613+0000] {standard_task_runner.py:85} INFO - Job 402: Subtask id_task_get_emails
[2024-07-03T09:57:54.678+0000] {task_command.py:415} INFO - Running <TaskInstance: reports_workflow.id_task_get_emails scheduled__2024-07-02T13:05:00+00:00 [running]> on host 6f4ef5488251
[2024-07-03T09:57:54.788+0000] {taskinstance.py:1660} INFO - Exporting env vars: AIRFLOW_CTX_DAG_OWNER='FIRDAVS' AIRFLOW_CTX_DAG_ID='reports_workflow' AIRFLOW_CTX_TASK_ID='id_task_get_emails' AIRFLOW_CTX_EXECUTION_DATE='2024-07-02T13:05:00+00:00' AIRFLOW_CTX_TRY_NUMBER='1' AIRFLOW_CTX_DAG_RUN_ID='scheduled__2024-07-02T13:05:00+00:00'
[2024-07-03T09:57:54.789+0000] {logging_mixin.py:151} INFO - path of config file:  /opt/***
[2024-07-03T09:57:54.790+0000] {taskinstance.py:1943} ERROR - Task failed with exception
Traceback (most recent call last):
  File "/home/airflow/.local/lib/python3.8/site-packages/airflow/operators/python.py", line 192, in execute
    return_value = self.execute_callable()
  File "/home/airflow/.local/lib/python3.8/site-packages/airflow/operators/python.py", line 209, in execute_callable
    return self.python_callable(*self.op_args, **self.op_kwargs)
  File "/opt/airflow/dags/dag_email_robot.py", line 22, in get_emails
    email_conf = json.load (open(path / ("config/email_conf.json")))
NameError: name 'json' is not defined
[2024-07-03T09:57:54.799+0000] {taskinstance.py:1400} INFO - Marking task as FAILED. dag_id=reports_workflow, task_id=id_task_get_emails, execution_date=20240702T130500, start_date=20240703T095754, end_date=20240703T095754
[2024-07-03T09:57:54.813+0000] {standard_task_runner.py:104} ERROR - Failed to execute job 402 for task id_task_get_emails (name 'json' is not defined; 20655)
[2024-07-03T09:57:54.860+0000] {local_task_job_runner.py:228} INFO - Task exited with return code 1
[2024-07-03T09:57:54.878+0000] {taskinstance.py:2784} INFO - 0 downstream tasks scheduled from follow-on schedule check
[2024-07-03T12:05:22.255+0000] {taskinstance.py:1159} INFO - Dependencies all met for dep_context=non-requeueable deps ti=<TaskInstance: reports_workflow.id_task_get_emails scheduled__2024-07-02T13:05:00+00:00 [queued]>
[2024-07-03T12:05:22.274+0000] {taskinstance.py:1159} INFO - Dependencies all met for dep_context=requeueable deps ti=<TaskInstance: reports_workflow.id_task_get_emails scheduled__2024-07-02T13:05:00+00:00 [queued]>
[2024-07-03T12:05:22.274+0000] {taskinstance.py:1361} INFO - Starting attempt 1 of 1
[2024-07-03T12:05:22.308+0000] {taskinstance.py:1382} INFO - Executing <Task(PythonOperator): id_task_get_emails> on 2024-07-02 13:05:00+00:00
[2024-07-03T12:05:22.317+0000] {standard_task_runner.py:57} INFO - Started process 23465 to run task
[2024-07-03T12:05:22.324+0000] {standard_task_runner.py:84} INFO - Running: ['***', 'tasks', 'run', 'reports_workflow', 'id_task_get_emails', 'scheduled__2024-07-02T13:05:00+00:00', '--job-id', '843', '--raw', '--subdir', 'DAGS_FOLDER/dag_email_robot.py', '--cfg-path', '/tmp/tmpi6pyj5ef']
[2024-07-03T12:05:22.327+0000] {standard_task_runner.py:85} INFO - Job 843: Subtask id_task_get_emails
[2024-07-03T12:05:22.396+0000] {task_command.py:415} INFO - Running <TaskInstance: reports_workflow.id_task_get_emails scheduled__2024-07-02T13:05:00+00:00 [running]> on host 6f4ef5488251
[2024-07-03T12:05:22.513+0000] {taskinstance.py:1660} INFO - Exporting env vars: AIRFLOW_CTX_DAG_OWNER='FIRDAVS' AIRFLOW_CTX_DAG_ID='reports_workflow' AIRFLOW_CTX_TASK_ID='id_task_get_emails' AIRFLOW_CTX_EXECUTION_DATE='2024-07-02T13:05:00+00:00' AIRFLOW_CTX_TRY_NUMBER='1' AIRFLOW_CTX_DAG_RUN_ID='scheduled__2024-07-02T13:05:00+00:00'
[2024-07-03T12:05:22.514+0000] {logging_mixin.py:151} INFO - path of config file:  /opt/***
[2024-07-03T12:05:22.514+0000] {logging_mixin.py:151} INFO - #>2024-07-03 12:05:22.514768_User@StatDep: EmailRobot in screated.
[2024-07-03T12:05:22.514+0000] {logging_mixin.py:151} INFO - #>2024-07-03 12:05:22.514964_User@StatDep: get_for_recent_emails is started...
[2024-07-03T12:05:22.515+0000] {logging_mixin.py:151} INFO - #>2024-07-03 12:05:22.515104_User@StatDep: pop3_fetch_emails isstarted...
[2024-07-03T12:05:22.876+0000] {logging_mixin.py:151} INFO -    b'+OK'
[2024-07-03T12:05:23.258+0000] {logging_mixin.py:151} INFO -    mailbox have 1 emails and the robot can process 10
[2024-07-03T12:05:23.677+0000] {logging_mixin.py:151} INFO -    #>2024-07-03 12:05:23.677119_conneciton to db is set.
[2024-07-03T12:05:23.747+0000] {taskinstance.py:1943} ERROR - Task failed with exception
Traceback (most recent call last):
  File "/home/airflow/.local/lib/python3.8/site-packages/airflow/operators/python.py", line 192, in execute
    return_value = self.execute_callable()
  File "/home/airflow/.local/lib/python3.8/site-packages/airflow/operators/python.py", line 209, in execute_callable
    return self.python_callable(*self.op_args, **self.op_kwargs)
  File "/opt/airflow/dags/dag_email_robot.py", line 25, in get_emails
    robot.fetch_emails()
  File "/opt/airflow/dags/emailRobot.py", line 62, in fetch_emails
    return self.pop3_fetch_emails()
  File "/opt/airflow/dags/emailRobot.py", line 156, in pop3_fetch_emails
    cursor.execute (query, insert_values)
psycopg2.errors.UndefinedTable: relation "sma_stat_dep.tbl_file_upload" does not exist
LINE 1: ...) AS (INSERT INTO                                 sma_stat_d...
                                                             ^

[2024-07-03T12:05:23.769+0000] {taskinstance.py:1400} INFO - Marking task as FAILED. dag_id=reports_workflow, task_id=id_task_get_emails, execution_date=20240702T130500, start_date=20240703T120522, end_date=20240703T120523
[2024-07-03T12:05:23.930+0000] {standard_task_runner.py:104} ERROR - Failed to execute job 843 for task id_task_get_emails (relation "sma_stat_dep.tbl_file_upload" does not exist
LINE 1: ...) AS (INSERT INTO                                 sma_stat_d...
                                                             ^
; 23465)
[2024-07-03T12:05:23.976+0000] {local_task_job_runner.py:228} INFO - Task exited with return code 1
[2024-07-03T12:05:24.042+0000] {taskinstance.py:2784} INFO - 0 downstream tasks scheduled from follow-on schedule check
[2024-07-03T12:24:39.939+0000] {taskinstance.py:1159} INFO - Dependencies all met for dep_context=non-requeueable deps ti=<TaskInstance: reports_workflow.id_task_get_emails scheduled__2024-07-02T13:05:00+00:00 [queued]>
[2024-07-03T12:24:39.956+0000] {taskinstance.py:1159} INFO - Dependencies all met for dep_context=requeueable deps ti=<TaskInstance: reports_workflow.id_task_get_emails scheduled__2024-07-02T13:05:00+00:00 [queued]>
[2024-07-03T12:24:39.956+0000] {taskinstance.py:1361} INFO - Starting attempt 1 of 1
[2024-07-03T12:24:40.076+0000] {taskinstance.py:1382} INFO - Executing <Task(PythonOperator): id_task_get_emails> on 2024-07-02 13:05:00+00:00
[2024-07-03T12:24:40.082+0000] {standard_task_runner.py:57} INFO - Started process 24453 to run task
[2024-07-03T12:24:40.112+0000] {standard_task_runner.py:84} INFO - Running: ['***', 'tasks', 'run', 'reports_workflow', 'id_task_get_emails', 'scheduled__2024-07-02T13:05:00+00:00', '--job-id', '1191', '--raw', '--subdir', 'DAGS_FOLDER/dag_email_robot.py', '--cfg-path', '/tmp/tmp3iforoen']
[2024-07-03T12:24:40.126+0000] {standard_task_runner.py:85} INFO - Job 1191: Subtask id_task_get_emails
[2024-07-03T12:24:40.364+0000] {task_command.py:415} INFO - Running <TaskInstance: reports_workflow.id_task_get_emails scheduled__2024-07-02T13:05:00+00:00 [running]> on host 6f4ef5488251
[2024-07-03T12:24:40.540+0000] {taskinstance.py:1660} INFO - Exporting env vars: AIRFLOW_CTX_DAG_OWNER='FIRDAVS' AIRFLOW_CTX_DAG_ID='reports_workflow' AIRFLOW_CTX_TASK_ID='id_task_get_emails' AIRFLOW_CTX_EXECUTION_DATE='2024-07-02T13:05:00+00:00' AIRFLOW_CTX_TRY_NUMBER='1' AIRFLOW_CTX_DAG_RUN_ID='scheduled__2024-07-02T13:05:00+00:00'
[2024-07-03T12:24:40.541+0000] {logging_mixin.py:151} INFO - path of config file:  /opt/***
[2024-07-03T12:24:40.542+0000] {logging_mixin.py:151} INFO - #>2024-07-03 12:24:40.542274_User@StatDep: EmailRobot in screated.
[2024-07-03T12:24:40.542+0000] {logging_mixin.py:151} INFO - #>2024-07-03 12:24:40.542480_User@StatDep: get_for_recent_emails is started...
[2024-07-03T12:24:40.542+0000] {logging_mixin.py:151} INFO - #>2024-07-03 12:24:40.542612_User@StatDep: pop3_fetch_emails isstarted...
[2024-07-03T12:24:40.928+0000] {logging_mixin.py:151} INFO -    b'+OK'
[2024-07-03T12:24:41.291+0000] {logging_mixin.py:151} INFO -    mailbox have 0 emails and the robot can process 10
[2024-07-03T12:24:41.292+0000] {logging_mixin.py:151} INFO - #>2024-07-03 12:24:41.292025_User@StatDep: no emails to process, exiting pop3_fetch_emails()...
[2024-07-03T12:24:41.293+0000] {python.py:194} INFO - Done. Returned value was: True
[2024-07-03T12:24:41.401+0000] {taskinstance.py:1400} INFO - Marking task as SUCCESS. dag_id=reports_workflow, task_id=id_task_get_emails, execution_date=20240702T130500, start_date=20240703T122439, end_date=20240703T122441
[2024-07-03T12:24:41.482+0000] {local_task_job_runner.py:228} INFO - Task exited with return code 0
[2024-07-03T12:24:41.508+0000] {taskinstance.py:2784} INFO - 1 downstream tasks scheduled from follow-on schedule check
[2024-07-03T14:47:05.954+0000] {taskinstance.py:1159} INFO - Dependencies all met for dep_context=non-requeueable deps ti=<TaskInstance: reports_workflow.id_task_get_emails scheduled__2024-07-02T13:05:00+00:00 [queued]>
[2024-07-03T14:47:05.973+0000] {taskinstance.py:1159} INFO - Dependencies all met for dep_context=requeueable deps ti=<TaskInstance: reports_workflow.id_task_get_emails scheduled__2024-07-02T13:05:00+00:00 [queued]>
[2024-07-03T14:47:05.973+0000] {taskinstance.py:1361} INFO - Starting attempt 1 of 2
[2024-07-03T14:47:05.993+0000] {taskinstance.py:1382} INFO - Executing <Task(PythonOperator): id_task_get_emails> on 2024-07-02 13:05:00+00:00
[2024-07-03T14:47:06.007+0000] {standard_task_runner.py:57} INFO - Started process 28508 to run task
[2024-07-03T14:47:06.016+0000] {standard_task_runner.py:84} INFO - Running: ['***', 'tasks', 'run', 'reports_workflow', 'id_task_get_emails', 'scheduled__2024-07-02T13:05:00+00:00', '--job-id', '2139', '--raw', '--subdir', 'DAGS_FOLDER/dag_email_robot.py', '--cfg-path', '/tmp/tmpipbrd6ml']
[2024-07-03T14:47:06.017+0000] {standard_task_runner.py:85} INFO - Job 2139: Subtask id_task_get_emails
[2024-07-03T14:47:06.098+0000] {task_command.py:415} INFO - Running <TaskInstance: reports_workflow.id_task_get_emails scheduled__2024-07-02T13:05:00+00:00 [running]> on host 6f4ef5488251
[2024-07-03T14:47:06.211+0000] {taskinstance.py:1660} INFO - Exporting env vars: AIRFLOW_CTX_DAG_OWNER='FIRDAVS' AIRFLOW_CTX_DAG_ID='reports_workflow' AIRFLOW_CTX_TASK_ID='id_task_get_emails' AIRFLOW_CTX_EXECUTION_DATE='2024-07-02T13:05:00+00:00' AIRFLOW_CTX_TRY_NUMBER='1' AIRFLOW_CTX_DAG_RUN_ID='scheduled__2024-07-02T13:05:00+00:00'
[2024-07-03T14:47:06.212+0000] {logging_mixin.py:151} INFO - path of config file:  /opt/***
[2024-07-03T14:47:06.213+0000] {logging_mixin.py:151} INFO - #>2024-07-03 14:47:06.213414_User@StatDep: EmailRobot in screated.
[2024-07-03T14:47:06.213+0000] {logging_mixin.py:151} INFO - #>2024-07-03 14:47:06.213614_User@StatDep: get_for_recent_emails is started...
[2024-07-03T14:47:06.213+0000] {logging_mixin.py:151} INFO - #>2024-07-03 14:47:06.213771_User@StatDep: pop3_fetch_emails isstarted...
[2024-07-03T14:47:06.598+0000] {logging_mixin.py:151} INFO -    b'+OK'
[2024-07-03T14:47:06.894+0000] {logging_mixin.py:151} INFO -    mailbox have 0 emails and the robot can process 10
[2024-07-03T14:47:06.894+0000] {logging_mixin.py:151} INFO - #>2024-07-03 14:47:06.894613_User@StatDep: no emails to process, exiting pop3_fetch_emails()...
[2024-07-03T14:47:06.895+0000] {python.py:194} INFO - Done. Returned value was: True
[2024-07-03T14:47:06.935+0000] {taskinstance.py:1400} INFO - Marking task as SUCCESS. dag_id=reports_workflow, task_id=id_task_get_emails, execution_date=20240702T130500, start_date=20240703T144705, end_date=20240703T144706
[2024-07-03T14:47:06.957+0000] {local_task_job_runner.py:228} INFO - Task exited with return code 0
[2024-07-03T14:47:06.991+0000] {taskinstance.py:2784} INFO - 1 downstream tasks scheduled from follow-on schedule check
