[2024-07-03T14:27:43.856+0000] {taskinstance.py:1159} INFO - Dependencies all met for dep_context=non-requeueable deps ti=<TaskInstance: reports_workflow.id_task_get_emails scheduled__2023-07-27T00:01:01+00:00 [queued]>
[2024-07-03T14:27:43.865+0000] {taskinstance.py:1159} INFO - Dependencies all met for dep_context=requeueable deps ti=<TaskInstance: reports_workflow.id_task_get_emails scheduled__2023-07-27T00:01:01+00:00 [queued]>
[2024-07-03T14:27:43.865+0000] {taskinstance.py:1361} INFO - Starting attempt 1 of 2
[2024-07-03T14:27:43.877+0000] {taskinstance.py:1382} INFO - Executing <Task(PythonOperator): id_task_get_emails> on 2023-07-27 00:01:01+00:00
[2024-07-03T14:27:43.882+0000] {standard_task_runner.py:57} INFO - Started process 27609 to run task
[2024-07-03T14:27:43.885+0000] {standard_task_runner.py:84} INFO - Running: ['***', 'tasks', 'run', 'reports_workflow', 'id_task_get_emails', 'scheduled__2023-07-27T00:01:01+00:00', '--job-id', '1834', '--raw', '--subdir', 'DAGS_FOLDER/dag_email_robot.py', '--cfg-path', '/tmp/tmpppio2_fg']
[2024-07-03T14:27:43.886+0000] {standard_task_runner.py:85} INFO - Job 1834: Subtask id_task_get_emails
[2024-07-03T14:27:43.936+0000] {task_command.py:415} INFO - Running <TaskInstance: reports_workflow.id_task_get_emails scheduled__2023-07-27T00:01:01+00:00 [running]> on host 6f4ef5488251
[2024-07-03T14:27:44.018+0000] {taskinstance.py:1660} INFO - Exporting env vars: AIRFLOW_CTX_DAG_OWNER='FIRDAVS' AIRFLOW_CTX_DAG_ID='reports_workflow' AIRFLOW_CTX_TASK_ID='id_task_get_emails' AIRFLOW_CTX_EXECUTION_DATE='2023-07-27T00:01:01+00:00' AIRFLOW_CTX_TRY_NUMBER='1' AIRFLOW_CTX_DAG_RUN_ID='scheduled__2023-07-27T00:01:01+00:00'
[2024-07-03T14:27:44.019+0000] {logging_mixin.py:151} INFO - path of config file:  /opt/***
[2024-07-03T14:27:44.020+0000] {logging_mixin.py:151} INFO - #>2024-07-03 14:27:44.020256_User@StatDep: EmailRobot in screated.
[2024-07-03T14:27:44.020+0000] {logging_mixin.py:151} INFO - #>2024-07-03 14:27:44.020470_User@StatDep: get_for_recent_emails is started...
[2024-07-03T14:27:44.020+0000] {logging_mixin.py:151} INFO - #>2024-07-03 14:27:44.020606_User@StatDep: pop3_fetch_emails isstarted...
[2024-07-03T14:27:44.407+0000] {logging_mixin.py:151} INFO -    b'+OK'
[2024-07-03T14:27:44.777+0000] {logging_mixin.py:151} INFO -    mailbox have 0 emails and the robot can process 10
[2024-07-03T14:27:44.777+0000] {logging_mixin.py:151} INFO - #>2024-07-03 14:27:44.777488_User@StatDep: no emails to process, exiting pop3_fetch_emails()...
[2024-07-03T14:27:44.777+0000] {python.py:194} INFO - Done. Returned value was: True
[2024-07-03T14:27:44.804+0000] {taskinstance.py:1400} INFO - Marking task as SUCCESS. dag_id=reports_workflow, task_id=id_task_get_emails, execution_date=20230727T000101, start_date=20240703T142743, end_date=20240703T142744
[2024-07-03T14:27:44.826+0000] {local_task_job_runner.py:228} INFO - Task exited with return code 0
[2024-07-03T14:27:44.847+0000] {taskinstance.py:2784} INFO - 1 downstream tasks scheduled from follow-on schedule check
