[2024-07-04T05:08:07.862+0000] {taskinstance.py:1159} INFO - Dependencies all met for dep_context=non-requeueable deps ti=<TaskInstance: reports_workflow.id_task_get_emails scheduled__2024-07-04T03:25:00+00:00 [queued]>
[2024-07-04T05:08:07.884+0000] {taskinstance.py:1159} INFO - Dependencies all met for dep_context=requeueable deps ti=<TaskInstance: reports_workflow.id_task_get_emails scheduled__2024-07-04T03:25:00+00:00 [queued]>
[2024-07-04T05:08:07.886+0000] {taskinstance.py:1361} INFO - Starting attempt 1 of 2
[2024-07-04T05:08:07.978+0000] {taskinstance.py:1382} INFO - Executing <Task(PythonOperator): id_task_get_emails> on 2024-07-04 03:25:00+00:00
[2024-07-04T05:08:07.983+0000] {standard_task_runner.py:57} INFO - Started process 42153 to run task
[2024-07-04T05:08:07.998+0000] {standard_task_runner.py:84} INFO - Running: ['***', 'tasks', 'run', 'reports_workflow', 'id_task_get_emails', 'scheduled__2024-07-04T03:25:00+00:00', '--job-id', '2373', '--raw', '--subdir', 'DAGS_FOLDER/dag_email_robot.py', '--cfg-path', '/tmp/tmp0i5879mf']
[2024-07-04T05:08:07.999+0000] {standard_task_runner.py:85} INFO - Job 2373: Subtask id_task_get_emails
[2024-07-04T05:08:08.096+0000] {task_command.py:415} INFO - Running <TaskInstance: reports_workflow.id_task_get_emails scheduled__2024-07-04T03:25:00+00:00 [running]> on host 6f4ef5488251
[2024-07-04T05:08:08.230+0000] {taskinstance.py:1660} INFO - Exporting env vars: AIRFLOW_CTX_DAG_OWNER='FIRDAVS' AIRFLOW_CTX_DAG_ID='reports_workflow' AIRFLOW_CTX_TASK_ID='id_task_get_emails' AIRFLOW_CTX_EXECUTION_DATE='2024-07-04T03:25:00+00:00' AIRFLOW_CTX_TRY_NUMBER='1' AIRFLOW_CTX_DAG_RUN_ID='scheduled__2024-07-04T03:25:00+00:00'
[2024-07-04T05:08:08.231+0000] {logging_mixin.py:151} INFO - path of config file:  /opt/***
[2024-07-04T05:08:08.231+0000] {logging_mixin.py:151} INFO - #>2024-07-04 05:08:08.231600_User@StatDep: EmailRobot in screated.
[2024-07-04T05:08:08.231+0000] {logging_mixin.py:151} INFO - #>2024-07-04 05:08:08.231793_User@StatDep: get_for_recent_emails is started...
[2024-07-04T05:08:08.231+0000] {logging_mixin.py:151} INFO - #>2024-07-04 05:08:08.231934_User@StatDep: pop3_fetch_emails isstarted...
[2024-07-04T05:08:08.621+0000] {logging_mixin.py:151} INFO -    b'+OK'
[2024-07-04T05:08:09.006+0000] {logging_mixin.py:151} INFO -    mailbox have 0 emails and the robot can process 10
[2024-07-04T05:08:09.006+0000] {logging_mixin.py:151} INFO - #>2024-07-04 05:08:09.006294_User@StatDep: no emails to process, exiting pop3_fetch_emails()...
[2024-07-04T05:08:09.006+0000] {python.py:194} INFO - Done. Returned value was: True
[2024-07-04T05:08:09.057+0000] {taskinstance.py:1400} INFO - Marking task as SUCCESS. dag_id=reports_workflow, task_id=id_task_get_emails, execution_date=20240704T032500, start_date=20240704T050807, end_date=20240704T050809
[2024-07-04T05:08:09.095+0000] {local_task_job_runner.py:228} INFO - Task exited with return code 0
[2024-07-04T05:08:09.159+0000] {taskinstance.py:2784} INFO - 1 downstream tasks scheduled from follow-on schedule check
[2024-07-04T05:31:36.891+0000] {taskinstance.py:1159} INFO - Dependencies all met for dep_context=non-requeueable deps ti=<TaskInstance: reports_workflow.id_task_get_emails scheduled__2024-07-04T03:25:00+00:00 [queued]>
[2024-07-04T05:31:36.922+0000] {taskinstance.py:1159} INFO - Dependencies all met for dep_context=requeueable deps ti=<TaskInstance: reports_workflow.id_task_get_emails scheduled__2024-07-04T03:25:00+00:00 [queued]>
[2024-07-04T05:31:36.923+0000] {taskinstance.py:1361} INFO - Starting attempt 1 of 2
[2024-07-04T05:31:36.960+0000] {taskinstance.py:1382} INFO - Executing <Task(PythonOperator): id_task_get_emails> on 2024-07-04 03:25:00+00:00
[2024-07-04T05:31:36.966+0000] {standard_task_runner.py:57} INFO - Started process 42612 to run task
[2024-07-04T05:31:36.981+0000] {standard_task_runner.py:84} INFO - Running: ['***', 'tasks', 'run', 'reports_workflow', 'id_task_get_emails', 'scheduled__2024-07-04T03:25:00+00:00', '--job-id', '2422', '--raw', '--subdir', 'DAGS_FOLDER/dag_email_robot.py', '--cfg-path', '/tmp/tmppym69zo3']
[2024-07-04T05:31:36.982+0000] {standard_task_runner.py:85} INFO - Job 2422: Subtask id_task_get_emails
[2024-07-04T05:31:37.062+0000] {task_command.py:415} INFO - Running <TaskInstance: reports_workflow.id_task_get_emails scheduled__2024-07-04T03:25:00+00:00 [running]> on host 6f4ef5488251
[2024-07-04T05:31:37.204+0000] {taskinstance.py:1660} INFO - Exporting env vars: AIRFLOW_CTX_DAG_OWNER='FIRDAVS' AIRFLOW_CTX_DAG_ID='reports_workflow' AIRFLOW_CTX_TASK_ID='id_task_get_emails' AIRFLOW_CTX_EXECUTION_DATE='2024-07-04T03:25:00+00:00' AIRFLOW_CTX_TRY_NUMBER='1' AIRFLOW_CTX_DAG_RUN_ID='scheduled__2024-07-04T03:25:00+00:00'
[2024-07-04T05:31:37.205+0000] {logging_mixin.py:151} INFO - path of config file:  /opt/***
[2024-07-04T05:31:37.206+0000] {logging_mixin.py:151} INFO - #>2024-07-04 05:31:37.206102_User@StatDep: EmailRobot in screated.
[2024-07-04T05:31:37.206+0000] {logging_mixin.py:151} INFO - #>2024-07-04 05:31:37.206283_User@StatDep: get_for_recent_emails is started...
[2024-07-04T05:31:37.206+0000] {logging_mixin.py:151} INFO - #>2024-07-04 05:31:37.206404_User@StatDep: pop3_fetch_emails isstarted...
[2024-07-04T05:31:37.741+0000] {logging_mixin.py:151} INFO -    b'+OK'
[2024-07-04T05:31:38.050+0000] {logging_mixin.py:151} INFO -    mailbox have 0 emails and the robot can process 10
[2024-07-04T05:31:38.051+0000] {logging_mixin.py:151} INFO - #>2024-07-04 05:31:38.050996_User@StatDep: no emails to process, exiting pop3_fetch_emails()...
[2024-07-04T05:31:38.051+0000] {python.py:194} INFO - Done. Returned value was: True
[2024-07-04T05:31:38.110+0000] {taskinstance.py:1400} INFO - Marking task as SUCCESS. dag_id=reports_workflow, task_id=id_task_get_emails, execution_date=20240704T032500, start_date=20240704T053136, end_date=20240704T053138
[2024-07-04T05:31:38.197+0000] {local_task_job_runner.py:228} INFO - Task exited with return code 0
[2024-07-04T05:31:38.279+0000] {taskinstance.py:2784} INFO - 0 downstream tasks scheduled from follow-on schedule check
[2024-07-04T05:34:49.536+0000] {taskinstance.py:1159} INFO - Dependencies all met for dep_context=non-requeueable deps ti=<TaskInstance: reports_workflow.id_task_get_emails scheduled__2024-07-04T03:25:00+00:00 [queued]>
[2024-07-04T05:34:49.700+0000] {taskinstance.py:1159} INFO - Dependencies all met for dep_context=requeueable deps ti=<TaskInstance: reports_workflow.id_task_get_emails scheduled__2024-07-04T03:25:00+00:00 [queued]>
[2024-07-04T05:34:49.701+0000] {taskinstance.py:1361} INFO - Starting attempt 1 of 2
[2024-07-04T05:34:49.725+0000] {taskinstance.py:1382} INFO - Executing <Task(PythonOperator): id_task_get_emails> on 2024-07-04 03:25:00+00:00
[2024-07-04T05:34:49.741+0000] {standard_task_runner.py:57} INFO - Started process 42762 to run task
[2024-07-04T05:34:49.776+0000] {standard_task_runner.py:84} INFO - Running: ['***', 'tasks', 'run', 'reports_workflow', 'id_task_get_emails', 'scheduled__2024-07-04T03:25:00+00:00', '--job-id', '2472', '--raw', '--subdir', 'DAGS_FOLDER/dag_email_robot.py', '--cfg-path', '/tmp/tmpkexzk3p8']
[2024-07-04T05:34:49.779+0000] {standard_task_runner.py:85} INFO - Job 2472: Subtask id_task_get_emails
[2024-07-04T05:34:49.893+0000] {task_command.py:415} INFO - Running <TaskInstance: reports_workflow.id_task_get_emails scheduled__2024-07-04T03:25:00+00:00 [running]> on host 6f4ef5488251
[2024-07-04T05:34:50.027+0000] {taskinstance.py:1660} INFO - Exporting env vars: AIRFLOW_CTX_DAG_OWNER='FIRDAVS' AIRFLOW_CTX_DAG_ID='reports_workflow' AIRFLOW_CTX_TASK_ID='id_task_get_emails' AIRFLOW_CTX_EXECUTION_DATE='2024-07-04T03:25:00+00:00' AIRFLOW_CTX_TRY_NUMBER='1' AIRFLOW_CTX_DAG_RUN_ID='scheduled__2024-07-04T03:25:00+00:00'
[2024-07-04T05:34:50.028+0000] {logging_mixin.py:151} INFO - path of config file:  /opt/***
[2024-07-04T05:34:50.029+0000] {logging_mixin.py:151} INFO - #>2024-07-04 05:34:50.029278_User@StatDep: EmailRobot in screated.
[2024-07-04T05:34:50.029+0000] {logging_mixin.py:151} INFO - #>2024-07-04 05:34:50.029473_User@StatDep: get_for_recent_emails is started...
[2024-07-04T05:34:50.029+0000] {logging_mixin.py:151} INFO - #>2024-07-04 05:34:50.029603_User@StatDep: pop3_fetch_emails isstarted...
[2024-07-04T05:34:50.434+0000] {logging_mixin.py:151} INFO -    b'+OK'
[2024-07-04T05:34:50.830+0000] {logging_mixin.py:151} INFO -    mailbox have 0 emails and the robot can process 10
[2024-07-04T05:34:50.830+0000] {logging_mixin.py:151} INFO - #>2024-07-04 05:34:50.830670_User@StatDep: no emails to process, exiting pop3_fetch_emails()...
[2024-07-04T05:34:50.831+0000] {python.py:194} INFO - Done. Returned value was: True
[2024-07-04T05:34:50.889+0000] {taskinstance.py:1400} INFO - Marking task as SUCCESS. dag_id=reports_workflow, task_id=id_task_get_emails, execution_date=20240704T032500, start_date=20240704T053449, end_date=20240704T053450
[2024-07-04T05:34:50.937+0000] {local_task_job_runner.py:228} INFO - Task exited with return code 0
[2024-07-04T05:34:50.985+0000] {taskinstance.py:2784} INFO - 1 downstream tasks scheduled from follow-on schedule check
