[2024-07-03T09:58:50.795+0000] {taskinstance.py:1159} INFO - Dependencies all met for dep_context=non-requeueable deps ti=<TaskInstance: reports_workflow.id_task_get_emails scheduled__2024-07-02T22:55:00+00:00 [queued]>
[2024-07-03T09:58:50.816+0000] {taskinstance.py:1159} INFO - Dependencies all met for dep_context=requeueable deps ti=<TaskInstance: reports_workflow.id_task_get_emails scheduled__2024-07-02T22:55:00+00:00 [queued]>
[2024-07-03T09:58:50.817+0000] {taskinstance.py:1361} INFO - Starting attempt 1 of 1
[2024-07-03T09:58:50.846+0000] {taskinstance.py:1382} INFO - Executing <Task(PythonOperator): id_task_get_emails> on 2024-07-02 22:55:00+00:00
[2024-07-03T09:58:50.854+0000] {standard_task_runner.py:57} INFO - Started process 20904 to run task
[2024-07-03T09:58:50.866+0000] {standard_task_runner.py:84} INFO - Running: ['***', 'tasks', 'run', 'reports_workflow', 'id_task_get_emails', 'scheduled__2024-07-02T22:55:00+00:00', '--job-id', '522', '--raw', '--subdir', 'DAGS_FOLDER/dag_email_robot.py', '--cfg-path', '/tmp/tmpiboop9iw']
[2024-07-03T09:58:50.875+0000] {standard_task_runner.py:85} INFO - Job 522: Subtask id_task_get_emails
[2024-07-03T09:58:50.990+0000] {task_command.py:415} INFO - Running <TaskInstance: reports_workflow.id_task_get_emails scheduled__2024-07-02T22:55:00+00:00 [running]> on host 6f4ef5488251
[2024-07-03T09:58:51.238+0000] {taskinstance.py:1660} INFO - Exporting env vars: AIRFLOW_CTX_DAG_OWNER='FIRDAVS' AIRFLOW_CTX_DAG_ID='reports_workflow' AIRFLOW_CTX_TASK_ID='id_task_get_emails' AIRFLOW_CTX_EXECUTION_DATE='2024-07-02T22:55:00+00:00' AIRFLOW_CTX_TRY_NUMBER='1' AIRFLOW_CTX_DAG_RUN_ID='scheduled__2024-07-02T22:55:00+00:00'
[2024-07-03T09:58:51.239+0000] {logging_mixin.py:151} INFO - path of config file:  /opt/***
[2024-07-03T09:58:51.240+0000] {logging_mixin.py:151} INFO - #>2024-07-03 09:58:51.240193_User@StatDep: EmailRobot in screated.
[2024-07-03T09:58:51.240+0000] {logging_mixin.py:151} INFO - #>2024-07-03 09:58:51.240362_User@StatDep: get_for_recent_emails is started...
[2024-07-03T09:58:51.240+0000] {logging_mixin.py:151} INFO - #>2024-07-03 09:58:51.240475_User@StatDep: pop3_fetch_emails isstarted...
[2024-07-03T09:58:51.644+0000] {logging_mixin.py:151} INFO -    b'+OK'
[2024-07-03T09:58:52.004+0000] {logging_mixin.py:151} INFO -    mailbox have 0 emails and the robot can process 10
[2024-07-03T09:58:52.004+0000] {logging_mixin.py:151} INFO - #>2024-07-03 09:58:52.004411_User@StatDep: no emails to process, exiting pop3_fetch_emails()...
[2024-07-03T09:58:52.004+0000] {python.py:194} INFO - Done. Returned value was: True
[2024-07-03T09:58:52.043+0000] {taskinstance.py:1400} INFO - Marking task as SUCCESS. dag_id=reports_workflow, task_id=id_task_get_emails, execution_date=20240702T225500, start_date=20240703T095850, end_date=20240703T095852
[2024-07-03T09:58:52.091+0000] {local_task_job_runner.py:228} INFO - Task exited with return code 0
[2024-07-03T09:58:52.114+0000] {taskinstance.py:2784} INFO - 0 downstream tasks scheduled from follow-on schedule check
[2024-07-03T13:39:00.290+0000] {taskinstance.py:1159} INFO - Dependencies all met for dep_context=non-requeueable deps ti=<TaskInstance: reports_workflow.id_task_get_emails scheduled__2024-07-02T22:55:00+00:00 [queued]>
[2024-07-03T13:39:00.546+0000] {taskinstance.py:1159} INFO - Dependencies all met for dep_context=requeueable deps ti=<TaskInstance: reports_workflow.id_task_get_emails scheduled__2024-07-02T22:55:00+00:00 [queued]>
[2024-07-03T13:39:00.546+0000] {taskinstance.py:1361} INFO - Starting attempt 1 of 1
[2024-07-03T13:39:00.624+0000] {taskinstance.py:1382} INFO - Executing <Task(PythonOperator): id_task_get_emails> on 2024-07-02 22:55:00+00:00
[2024-07-03T13:39:00.632+0000] {standard_task_runner.py:57} INFO - Started process 26075 to run task
[2024-07-03T13:39:00.635+0000] {standard_task_runner.py:84} INFO - Running: ['***', 'tasks', 'run', 'reports_workflow', 'id_task_get_emails', 'scheduled__2024-07-02T22:55:00+00:00', '--job-id', '1437', '--raw', '--subdir', 'DAGS_FOLDER/dag_email_robot.py', '--cfg-path', '/tmp/tmp5aorxbdl']
[2024-07-03T13:39:00.636+0000] {standard_task_runner.py:85} INFO - Job 1437: Subtask id_task_get_emails
[2024-07-03T13:39:00.704+0000] {task_command.py:415} INFO - Running <TaskInstance: reports_workflow.id_task_get_emails scheduled__2024-07-02T22:55:00+00:00 [running]> on host 6f4ef5488251
[2024-07-03T13:39:00.811+0000] {taskinstance.py:1660} INFO - Exporting env vars: AIRFLOW_CTX_DAG_OWNER='FIRDAVS' AIRFLOW_CTX_DAG_ID='reports_workflow' AIRFLOW_CTX_TASK_ID='id_task_get_emails' AIRFLOW_CTX_EXECUTION_DATE='2024-07-02T22:55:00+00:00' AIRFLOW_CTX_TRY_NUMBER='1' AIRFLOW_CTX_DAG_RUN_ID='scheduled__2024-07-02T22:55:00+00:00'
[2024-07-03T13:39:00.812+0000] {logging_mixin.py:151} INFO - path of config file:  /opt/***
[2024-07-03T13:39:00.813+0000] {logging_mixin.py:151} INFO - #>2024-07-03 13:39:00.813261_User@StatDep: EmailRobot in screated.
[2024-07-03T13:39:00.813+0000] {logging_mixin.py:151} INFO - #>2024-07-03 13:39:00.813444_User@StatDep: get_for_recent_emails is started...
[2024-07-03T13:39:00.813+0000] {logging_mixin.py:151} INFO - #>2024-07-03 13:39:00.813608_User@StatDep: pop3_fetch_emails isstarted...
[2024-07-03T13:39:01.218+0000] {logging_mixin.py:151} INFO -    b'+OK'
[2024-07-03T13:39:01.540+0000] {logging_mixin.py:151} INFO -    mailbox have 0 emails and the robot can process 10
[2024-07-03T13:39:01.541+0000] {logging_mixin.py:151} INFO - #>2024-07-03 13:39:01.541446_User@StatDep: no emails to process, exiting pop3_fetch_emails()...
[2024-07-03T13:39:01.542+0000] {python.py:194} INFO - Done. Returned value was: True
[2024-07-03T13:39:01.574+0000] {taskinstance.py:1400} INFO - Marking task as SUCCESS. dag_id=reports_workflow, task_id=id_task_get_emails, execution_date=20240702T225500, start_date=20240703T133900, end_date=20240703T133901
[2024-07-03T13:39:01.618+0000] {local_task_job_runner.py:228} INFO - Task exited with return code 0
[2024-07-03T13:39:01.658+0000] {taskinstance.py:2784} INFO - 1 downstream tasks scheduled from follow-on schedule check
