[2024-07-03T14:42:01.829+0000] {taskinstance.py:1159} INFO - Dependencies all met for dep_context=non-requeueable deps ti=<TaskInstance: reports_workflow.id_task_send_emails scheduled__2024-07-01T07:20:00+00:00 [queued]>
[2024-07-03T14:42:01.921+0000] {taskinstance.py:1159} INFO - Dependencies all met for dep_context=requeueable deps ti=<TaskInstance: reports_workflow.id_task_send_emails scheduled__2024-07-01T07:20:00+00:00 [queued]>
[2024-07-03T14:42:01.925+0000] {taskinstance.py:1361} INFO - Starting attempt 1 of 2
[2024-07-03T14:42:01.989+0000] {taskinstance.py:1382} INFO - Executing <Task(PythonOperator): id_task_send_emails> on 2024-07-01 07:20:00+00:00
[2024-07-03T14:42:02.011+0000] {standard_task_runner.py:57} INFO - Started process 27935 to run task
[2024-07-03T14:42:02.044+0000] {standard_task_runner.py:84} INFO - Running: ['***', 'tasks', 'run', 'reports_workflow', 'id_task_send_emails', 'scheduled__2024-07-01T07:20:00+00:00', '--job-id', '1884', '--raw', '--subdir', 'DAGS_FOLDER/dag_email_robot.py', '--cfg-path', '/tmp/tmpei7yg81t']
[2024-07-03T14:42:02.045+0000] {standard_task_runner.py:85} INFO - Job 1884: Subtask id_task_send_emails
[2024-07-03T14:42:02.259+0000] {task_command.py:415} INFO - Running <TaskInstance: reports_workflow.id_task_send_emails scheduled__2024-07-01T07:20:00+00:00 [running]> on host 6f4ef5488251
[2024-07-03T14:42:02.479+0000] {taskinstance.py:1660} INFO - Exporting env vars: AIRFLOW_CTX_DAG_OWNER='FIRDAVS' AIRFLOW_CTX_DAG_ID='reports_workflow' AIRFLOW_CTX_TASK_ID='id_task_send_emails' AIRFLOW_CTX_EXECUTION_DATE='2024-07-01T07:20:00+00:00' AIRFLOW_CTX_TRY_NUMBER='1' AIRFLOW_CTX_DAG_RUN_ID='scheduled__2024-07-01T07:20:00+00:00'
[2024-07-03T14:42:02.480+0000] {logging_mixin.py:151} INFO - path of config file:  /opt/***
[2024-07-03T14:42:02.482+0000] {logging_mixin.py:151} INFO - #>2024-07-03 14:42:02.482937_User@StatDep: EmailRobot in screated.
[2024-07-03T14:42:02.483+0000] {logging_mixin.py:151} INFO - #>2024-07-03 14:42:02.483314_User@StatDep: send_validation_results is started...
[2024-07-03T14:42:02.497+0000] {logging_mixin.py:151} INFO -    #>2024-07-03 14:42:02.497755_conneciton to db is set.
[2024-07-03T14:42:02.502+0000] {logging_mixin.py:151} INFO -    #>2024-07-03 14:42:02.502288_cursor execution is successful.
[2024-07-03T14:42:02.502+0000] {logging_mixin.py:151} INFO -    There is no any new submissions found. The get_validation_results is over.
[2024-07-03T14:42:02.503+0000] {python.py:194} INFO - Done. Returned value was: True
[2024-07-03T14:42:02.555+0000] {taskinstance.py:1400} INFO - Marking task as SUCCESS. dag_id=reports_workflow, task_id=id_task_send_emails, execution_date=20240701T072000, start_date=20240703T144201, end_date=20240703T144202
[2024-07-03T14:42:02.595+0000] {local_task_job_runner.py:228} INFO - Task exited with return code 0
[2024-07-03T14:42:02.637+0000] {taskinstance.py:2784} INFO - 0 downstream tasks scheduled from follow-on schedule check
[2024-07-03T14:42:46.955+0000] {taskinstance.py:1159} INFO - Dependencies all met for dep_context=non-requeueable deps ti=<TaskInstance: reports_workflow.id_task_send_emails scheduled__2024-07-01T07:20:00+00:00 [queued]>
[2024-07-03T14:42:46.986+0000] {taskinstance.py:1159} INFO - Dependencies all met for dep_context=requeueable deps ti=<TaskInstance: reports_workflow.id_task_send_emails scheduled__2024-07-01T07:20:00+00:00 [queued]>
[2024-07-03T14:42:46.986+0000] {taskinstance.py:1361} INFO - Starting attempt 1 of 2
[2024-07-03T14:42:47.030+0000] {taskinstance.py:1382} INFO - Executing <Task(PythonOperator): id_task_send_emails> on 2024-07-01 07:20:00+00:00
[2024-07-03T14:42:47.062+0000] {standard_task_runner.py:57} INFO - Started process 28003 to run task
[2024-07-03T14:42:47.080+0000] {standard_task_runner.py:84} INFO - Running: ['***', 'tasks', 'run', 'reports_workflow', 'id_task_send_emails', 'scheduled__2024-07-01T07:20:00+00:00', '--job-id', '1915', '--raw', '--subdir', 'DAGS_FOLDER/dag_email_robot.py', '--cfg-path', '/tmp/tmpp22_1_vz']
[2024-07-03T14:42:47.088+0000] {standard_task_runner.py:85} INFO - Job 1915: Subtask id_task_send_emails
[2024-07-03T14:42:47.224+0000] {task_command.py:415} INFO - Running <TaskInstance: reports_workflow.id_task_send_emails scheduled__2024-07-01T07:20:00+00:00 [running]> on host 6f4ef5488251
[2024-07-03T14:42:47.423+0000] {taskinstance.py:1660} INFO - Exporting env vars: AIRFLOW_CTX_DAG_OWNER='FIRDAVS' AIRFLOW_CTX_DAG_ID='reports_workflow' AIRFLOW_CTX_TASK_ID='id_task_send_emails' AIRFLOW_CTX_EXECUTION_DATE='2024-07-01T07:20:00+00:00' AIRFLOW_CTX_TRY_NUMBER='1' AIRFLOW_CTX_DAG_RUN_ID='scheduled__2024-07-01T07:20:00+00:00'
[2024-07-03T14:42:47.424+0000] {logging_mixin.py:151} INFO - path of config file:  /opt/***
[2024-07-03T14:42:47.425+0000] {logging_mixin.py:151} INFO - #>2024-07-03 14:42:47.425259_User@StatDep: EmailRobot in screated.
[2024-07-03T14:42:47.426+0000] {logging_mixin.py:151} INFO - #>2024-07-03 14:42:47.426846_User@StatDep: send_validation_results is started...
[2024-07-03T14:42:47.449+0000] {logging_mixin.py:151} INFO -    #>2024-07-03 14:42:47.449578_conneciton to db is set.
[2024-07-03T14:42:47.472+0000] {logging_mixin.py:151} INFO -    #>2024-07-03 14:42:47.472585_cursor execution is successful.
[2024-07-03T14:42:47.472+0000] {logging_mixin.py:151} INFO -    There is no any new submissions found. The get_validation_results is over.
[2024-07-03T14:42:47.473+0000] {python.py:194} INFO - Done. Returned value was: True
[2024-07-03T14:42:47.520+0000] {taskinstance.py:1400} INFO - Marking task as SUCCESS. dag_id=reports_workflow, task_id=id_task_send_emails, execution_date=20240701T072000, start_date=20240703T144246, end_date=20240703T144247
[2024-07-03T14:42:47.580+0000] {local_task_job_runner.py:228} INFO - Task exited with return code 0
[2024-07-03T14:42:47.604+0000] {taskinstance.py:2784} INFO - 0 downstream tasks scheduled from follow-on schedule check
