[2024-07-08T08:40:04.689+0000] {taskinstance.py:1159} INFO - Dependencies all met for dep_context=non-requeueable deps ti=<TaskInstance: reports_workflow.id_task_send_emails scheduled__2024-07-08T08:35:00+00:00 [queued]>
[2024-07-08T08:40:04.697+0000] {taskinstance.py:1159} INFO - Dependencies all met for dep_context=requeueable deps ti=<TaskInstance: reports_workflow.id_task_send_emails scheduled__2024-07-08T08:35:00+00:00 [queued]>
[2024-07-08T08:40:04.697+0000] {taskinstance.py:1361} INFO - Starting attempt 1 of 2
[2024-07-08T08:40:04.708+0000] {taskinstance.py:1382} INFO - Executing <Task(PythonOperator): id_task_send_emails> on 2024-07-08 08:35:00+00:00
[2024-07-08T08:40:04.714+0000] {standard_task_runner.py:57} INFO - Started process 6007 to run task
[2024-07-08T08:40:04.719+0000] {standard_task_runner.py:84} INFO - Running: ['***', 'tasks', 'run', 'reports_workflow', 'id_task_send_emails', 'scheduled__2024-07-08T08:35:00+00:00', '--job-id', '3645', '--raw', '--subdir', 'DAGS_FOLDER/dag_email_robot.py', '--cfg-path', '/tmp/tmp7na55cxf']
[2024-07-08T08:40:04.725+0000] {standard_task_runner.py:85} INFO - Job 3645: Subtask id_task_send_emails
[2024-07-08T08:40:04.809+0000] {task_command.py:415} INFO - Running <TaskInstance: reports_workflow.id_task_send_emails scheduled__2024-07-08T08:35:00+00:00 [running]> on host 6f4ef5488251
[2024-07-08T08:40:04.934+0000] {taskinstance.py:1660} INFO - Exporting env vars: AIRFLOW_CTX_DAG_OWNER='FIRDAVS' AIRFLOW_CTX_DAG_ID='reports_workflow' AIRFLOW_CTX_TASK_ID='id_task_send_emails' AIRFLOW_CTX_EXECUTION_DATE='2024-07-08T08:35:00+00:00' AIRFLOW_CTX_TRY_NUMBER='1' AIRFLOW_CTX_DAG_RUN_ID='scheduled__2024-07-08T08:35:00+00:00'
[2024-07-08T08:40:04.935+0000] {logging_mixin.py:151} INFO - path of config file:  /opt/***
[2024-07-08T08:40:04.935+0000] {logging_mixin.py:151} INFO - #>2024-07-08 08:40:04.935860_User@StatDep: EmailRobot in screated.
[2024-07-08T08:40:04.936+0000] {logging_mixin.py:151} INFO - #>2024-07-08 08:40:04.936039_User@StatDep: send_validation_results is started...
[2024-07-08T08:40:04.948+0000] {logging_mixin.py:151} INFO -    #>2024-07-08 08:40:04.948202_conneciton to db is set.
[2024-07-08T08:40:04.951+0000] {logging_mixin.py:151} INFO -    #>2024-07-08 08:40:04.951560_cursor execution is successful.
[2024-07-08T08:40:04.951+0000] {logging_mixin.py:151} INFO -    There is no any new submissions found. The get_validation_results is over.
[2024-07-08T08:40:04.952+0000] {python.py:194} INFO - Done. Returned value was: True
[2024-07-08T08:40:04.977+0000] {taskinstance.py:1400} INFO - Marking task as SUCCESS. dag_id=reports_workflow, task_id=id_task_send_emails, execution_date=20240708T083500, start_date=20240708T084004, end_date=20240708T084004
[2024-07-08T08:40:05.010+0000] {local_task_job_runner.py:228} INFO - Task exited with return code 0
[2024-07-08T08:40:05.041+0000] {taskinstance.py:2784} INFO - 0 downstream tasks scheduled from follow-on schedule check
[2024-07-08T10:22:59.124+0000] {taskinstance.py:1159} INFO - Dependencies all met for dep_context=non-requeueable deps ti=<TaskInstance: reports_workflow.id_task_send_emails scheduled__2024-07-08T08:35:00+00:00 [queued]>
[2024-07-08T10:22:59.133+0000] {taskinstance.py:1159} INFO - Dependencies all met for dep_context=requeueable deps ti=<TaskInstance: reports_workflow.id_task_send_emails scheduled__2024-07-08T08:35:00+00:00 [queued]>
[2024-07-08T10:22:59.134+0000] {taskinstance.py:1361} INFO - Starting attempt 1 of 2
[2024-07-08T10:22:59.146+0000] {taskinstance.py:1382} INFO - Executing <Task(PythonOperator): id_task_send_emails> on 2024-07-08 08:35:00+00:00
[2024-07-08T10:22:59.153+0000] {standard_task_runner.py:57} INFO - Started process 8244 to run task
[2024-07-08T10:22:59.157+0000] {standard_task_runner.py:84} INFO - Running: ['***', 'tasks', 'run', 'reports_workflow', 'id_task_send_emails', 'scheduled__2024-07-08T08:35:00+00:00', '--job-id', '3865', '--raw', '--subdir', 'DAGS_FOLDER/dag_email_robot.py', '--cfg-path', '/tmp/tmpoi2iq_pw']
[2024-07-08T10:22:59.161+0000] {standard_task_runner.py:85} INFO - Job 3865: Subtask id_task_send_emails
[2024-07-08T10:22:59.226+0000] {task_command.py:415} INFO - Running <TaskInstance: reports_workflow.id_task_send_emails scheduled__2024-07-08T08:35:00+00:00 [running]> on host 6f4ef5488251
[2024-07-08T10:22:59.320+0000] {taskinstance.py:1660} INFO - Exporting env vars: AIRFLOW_CTX_DAG_OWNER='FIRDAVS' AIRFLOW_CTX_DAG_ID='reports_workflow' AIRFLOW_CTX_TASK_ID='id_task_send_emails' AIRFLOW_CTX_EXECUTION_DATE='2024-07-08T08:35:00+00:00' AIRFLOW_CTX_TRY_NUMBER='1' AIRFLOW_CTX_DAG_RUN_ID='scheduled__2024-07-08T08:35:00+00:00'
[2024-07-08T10:22:59.322+0000] {logging_mixin.py:151} INFO - path of config file:  /opt/***
[2024-07-08T10:22:59.323+0000] {logging_mixin.py:151} INFO - #>2024-07-08 10:22:59.323308_User@StatDep: EmailRobot in screated.
[2024-07-08T10:22:59.323+0000] {logging_mixin.py:151} INFO - #>2024-07-08 10:22:59.323767_User@StatDep: send_validation_results is started...
[2024-07-08T10:22:59.335+0000] {logging_mixin.py:151} INFO -    #>2024-07-08 10:22:59.335271_conneciton to db is set.
[2024-07-08T10:22:59.337+0000] {logging_mixin.py:151} INFO -    #>2024-07-08 10:22:59.337494_cursor execution is successful.
[2024-07-08T10:22:59.337+0000] {logging_mixin.py:151} INFO -    There is no any new submissions found. The get_validation_results is over.
[2024-07-08T10:22:59.338+0000] {python.py:194} INFO - Done. Returned value was: True
[2024-07-08T10:22:59.362+0000] {taskinstance.py:1400} INFO - Marking task as SUCCESS. dag_id=reports_workflow, task_id=id_task_send_emails, execution_date=20240708T083500, start_date=20240708T102259, end_date=20240708T102259
[2024-07-08T10:22:59.416+0000] {local_task_job_runner.py:228} INFO - Task exited with return code 0
[2024-07-08T10:22:59.481+0000] {taskinstance.py:2784} INFO - 0 downstream tasks scheduled from follow-on schedule check
