[2024-07-03T09:58:15.959+0000] {taskinstance.py:1159} INFO - Dependencies all met for dep_context=non-requeueable deps ti=<TaskInstance: reports_workflow.id_task_get_emails scheduled__2024-07-02T17:00:00+00:00 [queued]>
[2024-07-03T09:58:15.979+0000] {taskinstance.py:1159} INFO - Dependencies all met for dep_context=requeueable deps ti=<TaskInstance: reports_workflow.id_task_get_emails scheduled__2024-07-02T17:00:00+00:00 [queued]>
[2024-07-03T09:58:15.979+0000] {taskinstance.py:1361} INFO - Starting attempt 1 of 1
[2024-07-03T09:58:16.003+0000] {taskinstance.py:1382} INFO - Executing <Task(PythonOperator): id_task_get_emails> on 2024-07-02 17:00:00+00:00
[2024-07-03T09:58:16.014+0000] {standard_task_runner.py:57} INFO - Started process 20748 to run task
[2024-07-03T09:58:16.018+0000] {standard_task_runner.py:84} INFO - Running: ['***', 'tasks', 'run', 'reports_workflow', 'id_task_get_emails', 'scheduled__2024-07-02T17:00:00+00:00', '--job-id', '449', '--raw', '--subdir', 'DAGS_FOLDER/dag_email_robot.py', '--cfg-path', '/tmp/tmpjb0d_u_c']
[2024-07-03T09:58:16.021+0000] {standard_task_runner.py:85} INFO - Job 449: Subtask id_task_get_emails
[2024-07-03T09:58:16.114+0000] {task_command.py:415} INFO - Running <TaskInstance: reports_workflow.id_task_get_emails scheduled__2024-07-02T17:00:00+00:00 [running]> on host 6f4ef5488251
[2024-07-03T09:58:16.202+0000] {taskinstance.py:1660} INFO - Exporting env vars: AIRFLOW_CTX_DAG_OWNER='FIRDAVS' AIRFLOW_CTX_DAG_ID='reports_workflow' AIRFLOW_CTX_TASK_ID='id_task_get_emails' AIRFLOW_CTX_EXECUTION_DATE='2024-07-02T17:00:00+00:00' AIRFLOW_CTX_TRY_NUMBER='1' AIRFLOW_CTX_DAG_RUN_ID='scheduled__2024-07-02T17:00:00+00:00'
[2024-07-03T09:58:16.205+0000] {logging_mixin.py:151} INFO - path of config file:  /opt/***
[2024-07-03T09:58:16.205+0000] {logging_mixin.py:151} INFO - #>2024-07-03 09:58:16.205544_User@StatDep: EmailRobot in screated.
[2024-07-03T09:58:16.205+0000] {logging_mixin.py:151} INFO - #>2024-07-03 09:58:16.205722_User@StatDep: get_for_recent_emails is started...
[2024-07-03T09:58:16.205+0000] {logging_mixin.py:151} INFO - #>2024-07-03 09:58:16.205846_User@StatDep: pop3_fetch_emails isstarted...
[2024-07-03T09:58:16.657+0000] {logging_mixin.py:151} INFO -    b'+OK'
[2024-07-03T09:58:16.944+0000] {logging_mixin.py:151} INFO -    mailbox have 0 emails and the robot can process 10
[2024-07-03T09:58:16.944+0000] {logging_mixin.py:151} INFO - #>2024-07-03 09:58:16.944754_User@StatDep: no emails to process, exiting pop3_fetch_emails()...
[2024-07-03T09:58:16.945+0000] {python.py:194} INFO - Done. Returned value was: True
[2024-07-03T09:58:17.029+0000] {taskinstance.py:1400} INFO - Marking task as SUCCESS. dag_id=reports_workflow, task_id=id_task_get_emails, execution_date=20240702T170000, start_date=20240703T095815, end_date=20240703T095817
[2024-07-03T09:58:17.083+0000] {local_task_job_runner.py:228} INFO - Task exited with return code 0
[2024-07-03T09:58:17.148+0000] {taskinstance.py:2784} INFO - 0 downstream tasks scheduled from follow-on schedule check
[2024-07-03T12:05:41.858+0000] {taskinstance.py:1159} INFO - Dependencies all met for dep_context=non-requeueable deps ti=<TaskInstance: reports_workflow.id_task_get_emails scheduled__2024-07-02T17:00:00+00:00 [queued]>
[2024-07-03T12:05:41.869+0000] {taskinstance.py:1159} INFO - Dependencies all met for dep_context=requeueable deps ti=<TaskInstance: reports_workflow.id_task_get_emails scheduled__2024-07-02T17:00:00+00:00 [queued]>
[2024-07-03T12:05:41.869+0000] {taskinstance.py:1361} INFO - Starting attempt 1 of 1
[2024-07-03T12:05:41.885+0000] {taskinstance.py:1382} INFO - Executing <Task(PythonOperator): id_task_get_emails> on 2024-07-02 17:00:00+00:00
[2024-07-03T12:05:41.891+0000] {standard_task_runner.py:57} INFO - Started process 23568 to run task
[2024-07-03T12:05:41.901+0000] {standard_task_runner.py:84} INFO - Running: ['***', 'tasks', 'run', 'reports_workflow', 'id_task_get_emails', 'scheduled__2024-07-02T17:00:00+00:00', '--job-id', '890', '--raw', '--subdir', 'DAGS_FOLDER/dag_email_robot.py', '--cfg-path', '/tmp/tmpugmxasgy']
[2024-07-03T12:05:41.902+0000] {standard_task_runner.py:85} INFO - Job 890: Subtask id_task_get_emails
[2024-07-03T12:05:41.993+0000] {task_command.py:415} INFO - Running <TaskInstance: reports_workflow.id_task_get_emails scheduled__2024-07-02T17:00:00+00:00 [running]> on host 6f4ef5488251
[2024-07-03T12:05:42.151+0000] {taskinstance.py:1660} INFO - Exporting env vars: AIRFLOW_CTX_DAG_OWNER='FIRDAVS' AIRFLOW_CTX_DAG_ID='reports_workflow' AIRFLOW_CTX_TASK_ID='id_task_get_emails' AIRFLOW_CTX_EXECUTION_DATE='2024-07-02T17:00:00+00:00' AIRFLOW_CTX_TRY_NUMBER='1' AIRFLOW_CTX_DAG_RUN_ID='scheduled__2024-07-02T17:00:00+00:00'
[2024-07-03T12:05:42.152+0000] {logging_mixin.py:151} INFO - path of config file:  /opt/***
[2024-07-03T12:05:42.153+0000] {logging_mixin.py:151} INFO - #>2024-07-03 12:05:42.153239_User@StatDep: EmailRobot in screated.
[2024-07-03T12:05:42.153+0000] {logging_mixin.py:151} INFO - #>2024-07-03 12:05:42.153428_User@StatDep: get_for_recent_emails is started...
[2024-07-03T12:05:42.153+0000] {logging_mixin.py:151} INFO - #>2024-07-03 12:05:42.153564_User@StatDep: pop3_fetch_emails isstarted...
[2024-07-03T12:05:42.523+0000] {logging_mixin.py:151} INFO -    b'+OK'
[2024-07-03T12:05:42.941+0000] {logging_mixin.py:151} INFO -    mailbox have 1 emails and the robot can process 10
[2024-07-03T12:05:43.422+0000] {logging_mixin.py:151} INFO -    #>2024-07-03 12:05:43.422682_conneciton to db is set.
[2024-07-03T12:05:43.433+0000] {taskinstance.py:1943} ERROR - Task failed with exception
Traceback (most recent call last):
  File "/home/airflow/.local/lib/python3.8/site-packages/airflow/operators/python.py", line 192, in execute
    return_value = self.execute_callable()
  File "/home/airflow/.local/lib/python3.8/site-packages/airflow/operators/python.py", line 209, in execute_callable
    return self.python_callable(*self.op_args, **self.op_kwargs)
  File "/opt/airflow/dags/dag_email_robot.py", line 25, in get_emails
    robot.fetch_emails()
  File "/opt/airflow/dags/emailRobot.py", line 62, in fetch_emails
    return self.pop3_fetch_emails()
  File "/opt/airflow/dags/emailRobot.py", line 156, in pop3_fetch_emails
    cursor.execute (query, insert_values)
psycopg2.errors.UndefinedTable: relation "sma_stat_dep.tbl_file_upload" does not exist
LINE 1: ...) AS (INSERT INTO                                 sma_stat_d...
                                                             ^

[2024-07-03T12:05:43.466+0000] {taskinstance.py:1400} INFO - Marking task as FAILED. dag_id=reports_workflow, task_id=id_task_get_emails, execution_date=20240702T170000, start_date=20240703T120541, end_date=20240703T120543
[2024-07-03T12:05:43.477+0000] {standard_task_runner.py:104} ERROR - Failed to execute job 890 for task id_task_get_emails (relation "sma_stat_dep.tbl_file_upload" does not exist
LINE 1: ...) AS (INSERT INTO                                 sma_stat_d...
                                                             ^
; 23568)
[2024-07-03T12:05:43.526+0000] {local_task_job_runner.py:228} INFO - Task exited with return code 1
[2024-07-03T12:05:43.561+0000] {taskinstance.py:2784} INFO - 0 downstream tasks scheduled from follow-on schedule check
[2024-07-03T12:27:59.328+0000] {taskinstance.py:1159} INFO - Dependencies all met for dep_context=non-requeueable deps ti=<TaskInstance: reports_workflow.id_task_get_emails scheduled__2024-07-02T17:00:00+00:00 [queued]>
[2024-07-03T12:27:59.356+0000] {taskinstance.py:1159} INFO - Dependencies all met for dep_context=requeueable deps ti=<TaskInstance: reports_workflow.id_task_get_emails scheduled__2024-07-02T17:00:00+00:00 [queued]>
[2024-07-03T12:27:59.356+0000] {taskinstance.py:1361} INFO - Starting attempt 1 of 1
[2024-07-03T12:27:59.376+0000] {taskinstance.py:1382} INFO - Executing <Task(PythonOperator): id_task_get_emails> on 2024-07-02 17:00:00+00:00
[2024-07-03T12:27:59.388+0000] {standard_task_runner.py:57} INFO - Started process 24681 to run task
[2024-07-03T12:27:59.403+0000] {standard_task_runner.py:84} INFO - Running: ['***', 'tasks', 'run', 'reports_workflow', 'id_task_get_emails', 'scheduled__2024-07-02T17:00:00+00:00', '--job-id', '1281', '--raw', '--subdir', 'DAGS_FOLDER/dag_email_robot.py', '--cfg-path', '/tmp/tmp03zut_y3']
[2024-07-03T12:27:59.406+0000] {standard_task_runner.py:85} INFO - Job 1281: Subtask id_task_get_emails
[2024-07-03T12:27:59.509+0000] {task_command.py:415} INFO - Running <TaskInstance: reports_workflow.id_task_get_emails scheduled__2024-07-02T17:00:00+00:00 [running]> on host 6f4ef5488251
[2024-07-03T12:27:59.631+0000] {taskinstance.py:1660} INFO - Exporting env vars: AIRFLOW_CTX_DAG_OWNER='FIRDAVS' AIRFLOW_CTX_DAG_ID='reports_workflow' AIRFLOW_CTX_TASK_ID='id_task_get_emails' AIRFLOW_CTX_EXECUTION_DATE='2024-07-02T17:00:00+00:00' AIRFLOW_CTX_TRY_NUMBER='1' AIRFLOW_CTX_DAG_RUN_ID='scheduled__2024-07-02T17:00:00+00:00'
[2024-07-03T12:27:59.632+0000] {logging_mixin.py:151} INFO - path of config file:  /opt/***
[2024-07-03T12:27:59.633+0000] {logging_mixin.py:151} INFO - #>2024-07-03 12:27:59.633144_User@StatDep: EmailRobot in screated.
[2024-07-03T12:27:59.633+0000] {logging_mixin.py:151} INFO - #>2024-07-03 12:27:59.633320_User@StatDep: get_for_recent_emails is started...
[2024-07-03T12:27:59.633+0000] {logging_mixin.py:151} INFO - #>2024-07-03 12:27:59.633454_User@StatDep: pop3_fetch_emails isstarted...
[2024-07-03T12:28:00.029+0000] {logging_mixin.py:151} INFO -    b'+OK'
[2024-07-03T12:28:00.342+0000] {logging_mixin.py:151} INFO -    mailbox have 0 emails and the robot can process 10
[2024-07-03T12:28:00.342+0000] {logging_mixin.py:151} INFO - #>2024-07-03 12:28:00.342532_User@StatDep: no emails to process, exiting pop3_fetch_emails()...
[2024-07-03T12:28:00.343+0000] {python.py:194} INFO - Done. Returned value was: True
[2024-07-03T12:28:00.381+0000] {taskinstance.py:1400} INFO - Marking task as SUCCESS. dag_id=reports_workflow, task_id=id_task_get_emails, execution_date=20240702T170000, start_date=20240703T122759, end_date=20240703T122800
[2024-07-03T12:28:00.463+0000] {local_task_job_runner.py:228} INFO - Task exited with return code 0
[2024-07-03T12:28:00.515+0000] {taskinstance.py:2784} INFO - 1 downstream tasks scheduled from follow-on schedule check
