[2024-07-04T11:45:01.382+0000] {taskinstance.py:1159} INFO - Dependencies all met for dep_context=non-requeueable deps ti=<TaskInstance: reports_workflow.id_task_get_emails scheduled__2024-07-04T11:40:00+00:00 [queued]>
[2024-07-04T11:45:01.391+0000] {taskinstance.py:1159} INFO - Dependencies all met for dep_context=requeueable deps ti=<TaskInstance: reports_workflow.id_task_get_emails scheduled__2024-07-04T11:40:00+00:00 [queued]>
[2024-07-04T11:45:01.391+0000] {taskinstance.py:1361} INFO - Starting attempt 1 of 2
[2024-07-04T11:45:01.405+0000] {taskinstance.py:1382} INFO - Executing <Task(PythonOperator): id_task_get_emails> on 2024-07-04 11:40:00+00:00
[2024-07-04T11:45:01.410+0000] {standard_task_runner.py:57} INFO - Started process 48793 to run task
[2024-07-04T11:45:01.419+0000] {standard_task_runner.py:84} INFO - Running: ['***', 'tasks', 'run', 'reports_workflow', 'id_task_get_emails', 'scheduled__2024-07-04T11:40:00+00:00', '--job-id', '2670', '--raw', '--subdir', 'DAGS_FOLDER/dag_email_robot.py', '--cfg-path', '/tmp/tmpcau6q_ov']
[2024-07-04T11:45:01.422+0000] {standard_task_runner.py:85} INFO - Job 2670: Subtask id_task_get_emails
[2024-07-04T11:45:01.495+0000] {task_command.py:415} INFO - Running <TaskInstance: reports_workflow.id_task_get_emails scheduled__2024-07-04T11:40:00+00:00 [running]> on host 6f4ef5488251
[2024-07-04T11:45:01.603+0000] {taskinstance.py:1660} INFO - Exporting env vars: AIRFLOW_CTX_DAG_OWNER='FIRDAVS' AIRFLOW_CTX_DAG_ID='reports_workflow' AIRFLOW_CTX_TASK_ID='id_task_get_emails' AIRFLOW_CTX_EXECUTION_DATE='2024-07-04T11:40:00+00:00' AIRFLOW_CTX_TRY_NUMBER='1' AIRFLOW_CTX_DAG_RUN_ID='scheduled__2024-07-04T11:40:00+00:00'
[2024-07-04T11:45:01.604+0000] {logging_mixin.py:151} INFO - path of config file:  /opt/***
[2024-07-04T11:45:01.605+0000] {logging_mixin.py:151} INFO - #>2024-07-04 11:45:01.605326_User@StatDep: EmailRobot in screated.
[2024-07-04T11:45:01.605+0000] {logging_mixin.py:151} INFO - #>2024-07-04 11:45:01.605527_User@StatDep: get_for_recent_emails is started...
[2024-07-04T11:45:01.605+0000] {logging_mixin.py:151} INFO - #>2024-07-04 11:45:01.605655_User@StatDep: pop3_fetch_emails isstarted...
[2024-07-04T11:45:02.083+0000] {logging_mixin.py:151} INFO -    b'+OK'
[2024-07-04T11:45:02.467+0000] {logging_mixin.py:151} INFO -    mailbox have 0 emails and the robot can process 10
[2024-07-04T11:45:02.468+0000] {logging_mixin.py:151} INFO - #>2024-07-04 11:45:02.468177_User@StatDep: no emails to process, exiting pop3_fetch_emails()...
[2024-07-04T11:45:02.469+0000] {python.py:194} INFO - Done. Returned value was: True
[2024-07-04T11:45:02.512+0000] {taskinstance.py:1400} INFO - Marking task as SUCCESS. dag_id=reports_workflow, task_id=id_task_get_emails, execution_date=20240704T114000, start_date=20240704T114501, end_date=20240704T114502
[2024-07-04T11:45:02.552+0000] {local_task_job_runner.py:228} INFO - Task exited with return code 0
[2024-07-04T11:45:02.591+0000] {taskinstance.py:2784} INFO - 1 downstream tasks scheduled from follow-on schedule check
[2024-07-04T12:24:13.459+0000] {taskinstance.py:1159} INFO - Dependencies all met for dep_context=non-requeueable deps ti=<TaskInstance: reports_workflow.id_task_get_emails scheduled__2024-07-04T11:40:00+00:00 [queued]>
[2024-07-04T12:24:13.486+0000] {taskinstance.py:1159} INFO - Dependencies all met for dep_context=requeueable deps ti=<TaskInstance: reports_workflow.id_task_get_emails scheduled__2024-07-04T11:40:00+00:00 [queued]>
[2024-07-04T12:24:13.486+0000] {taskinstance.py:1361} INFO - Starting attempt 1 of 2
[2024-07-04T12:24:13.622+0000] {taskinstance.py:1382} INFO - Executing <Task(PythonOperator): id_task_get_emails> on 2024-07-04 11:40:00+00:00
[2024-07-04T12:24:13.643+0000] {standard_task_runner.py:57} INFO - Started process 49457 to run task
[2024-07-04T12:24:13.671+0000] {standard_task_runner.py:84} INFO - Running: ['***', 'tasks', 'run', 'reports_workflow', 'id_task_get_emails', 'scheduled__2024-07-04T11:40:00+00:00', '--job-id', '2693', '--raw', '--subdir', 'DAGS_FOLDER/dag_email_robot.py', '--cfg-path', '/tmp/tmpltulmq8p']
[2024-07-04T12:24:13.691+0000] {standard_task_runner.py:85} INFO - Job 2693: Subtask id_task_get_emails
[2024-07-04T12:24:13.873+0000] {task_command.py:415} INFO - Running <TaskInstance: reports_workflow.id_task_get_emails scheduled__2024-07-04T11:40:00+00:00 [running]> on host 6f4ef5488251
[2024-07-04T12:24:14.141+0000] {taskinstance.py:1660} INFO - Exporting env vars: AIRFLOW_CTX_DAG_OWNER='FIRDAVS' AIRFLOW_CTX_DAG_ID='reports_workflow' AIRFLOW_CTX_TASK_ID='id_task_get_emails' AIRFLOW_CTX_EXECUTION_DATE='2024-07-04T11:40:00+00:00' AIRFLOW_CTX_TRY_NUMBER='1' AIRFLOW_CTX_DAG_RUN_ID='scheduled__2024-07-04T11:40:00+00:00'
[2024-07-04T12:24:14.144+0000] {logging_mixin.py:151} INFO - path of config file:  /opt/***
[2024-07-04T12:24:14.145+0000] {logging_mixin.py:151} INFO - #>2024-07-04 12:24:14.145223_User@StatDep: EmailRobot in screated.
[2024-07-04T12:24:14.145+0000] {logging_mixin.py:151} INFO - #>2024-07-04 12:24:14.145425_User@StatDep: get_for_recent_emails is started...
[2024-07-04T12:24:14.145+0000] {logging_mixin.py:151} INFO - #>2024-07-04 12:24:14.145550_User@StatDep: pop3_fetch_emails isstarted...
[2024-07-04T12:24:14.592+0000] {logging_mixin.py:151} INFO -    b'+OK'
[2024-07-04T12:24:14.972+0000] {logging_mixin.py:151} INFO -    mailbox have 0 emails and the robot can process 10
[2024-07-04T12:24:14.972+0000] {logging_mixin.py:151} INFO - #>2024-07-04 12:24:14.972780_User@StatDep: no emails to process, exiting pop3_fetch_emails()...
[2024-07-04T12:24:14.973+0000] {python.py:194} INFO - Done. Returned value was: True
[2024-07-04T12:24:15.023+0000] {taskinstance.py:1400} INFO - Marking task as SUCCESS. dag_id=reports_workflow, task_id=id_task_get_emails, execution_date=20240704T114000, start_date=20240704T122413, end_date=20240704T122415
[2024-07-04T12:24:15.091+0000] {local_task_job_runner.py:228} INFO - Task exited with return code 0
[2024-07-04T12:24:15.162+0000] {taskinstance.py:2784} INFO - 1 downstream tasks scheduled from follow-on schedule check
[2024-07-04T12:26:06.867+0000] {taskinstance.py:1159} INFO - Dependencies all met for dep_context=non-requeueable deps ti=<TaskInstance: reports_workflow.id_task_get_emails scheduled__2024-07-04T11:40:00+00:00 [queued]>
[2024-07-04T12:26:06.900+0000] {taskinstance.py:1159} INFO - Dependencies all met for dep_context=requeueable deps ti=<TaskInstance: reports_workflow.id_task_get_emails scheduled__2024-07-04T11:40:00+00:00 [queued]>
[2024-07-04T12:26:06.900+0000] {taskinstance.py:1361} INFO - Starting attempt 1 of 2
[2024-07-04T12:26:06.955+0000] {taskinstance.py:1382} INFO - Executing <Task(PythonOperator): id_task_get_emails> on 2024-07-04 11:40:00+00:00
[2024-07-04T12:26:06.976+0000] {standard_task_runner.py:57} INFO - Started process 49590 to run task
[2024-07-04T12:26:06.993+0000] {standard_task_runner.py:84} INFO - Running: ['***', 'tasks', 'run', 'reports_workflow', 'id_task_get_emails', 'scheduled__2024-07-04T11:40:00+00:00', '--job-id', '2727', '--raw', '--subdir', 'DAGS_FOLDER/dag_email_robot.py', '--cfg-path', '/tmp/tmp96o9i6ks']
[2024-07-04T12:26:07.022+0000] {standard_task_runner.py:85} INFO - Job 2727: Subtask id_task_get_emails
[2024-07-04T12:26:07.200+0000] {task_command.py:415} INFO - Running <TaskInstance: reports_workflow.id_task_get_emails scheduled__2024-07-04T11:40:00+00:00 [running]> on host 6f4ef5488251
[2024-07-04T12:26:07.439+0000] {taskinstance.py:1660} INFO - Exporting env vars: AIRFLOW_CTX_DAG_OWNER='FIRDAVS' AIRFLOW_CTX_DAG_ID='reports_workflow' AIRFLOW_CTX_TASK_ID='id_task_get_emails' AIRFLOW_CTX_EXECUTION_DATE='2024-07-04T11:40:00+00:00' AIRFLOW_CTX_TRY_NUMBER='1' AIRFLOW_CTX_DAG_RUN_ID='scheduled__2024-07-04T11:40:00+00:00'
[2024-07-04T12:26:07.441+0000] {logging_mixin.py:151} INFO - path of config file:  /opt/***
[2024-07-04T12:26:07.441+0000] {logging_mixin.py:151} INFO - #>2024-07-04 12:26:07.441807_User@StatDep: EmailRobot in screated.
[2024-07-04T12:26:07.441+0000] {logging_mixin.py:151} INFO - #>2024-07-04 12:26:07.441972_User@StatDep: get_for_recent_emails is started...
[2024-07-04T12:26:07.442+0000] {logging_mixin.py:151} INFO - #>2024-07-04 12:26:07.442085_User@StatDep: pop3_fetch_emails isstarted...
[2024-07-04T12:26:07.865+0000] {logging_mixin.py:151} INFO -    b'+OK'
[2024-07-04T12:26:08.259+0000] {logging_mixin.py:151} INFO -    mailbox have 0 emails and the robot can process 10
[2024-07-04T12:26:08.259+0000] {logging_mixin.py:151} INFO - #>2024-07-04 12:26:08.259321_User@StatDep: no emails to process, exiting pop3_fetch_emails()...
[2024-07-04T12:26:08.259+0000] {python.py:194} INFO - Done. Returned value was: True
[2024-07-04T12:26:08.297+0000] {taskinstance.py:1400} INFO - Marking task as SUCCESS. dag_id=reports_workflow, task_id=id_task_get_emails, execution_date=20240704T114000, start_date=20240704T122606, end_date=20240704T122608
[2024-07-04T12:26:08.467+0000] {local_task_job_runner.py:228} INFO - Task exited with return code 0
[2024-07-04T12:26:08.527+0000] {taskinstance.py:2784} INFO - 1 downstream tasks scheduled from follow-on schedule check
