[2024-07-03T09:59:40.459+0000] {taskinstance.py:1159} INFO - Dependencies all met for dep_context=non-requeueable deps ti=<TaskInstance: reports_workflow.id_task_get_emails scheduled__2024-07-03T05:30:00+00:00 [queued]>
[2024-07-03T09:59:40.468+0000] {taskinstance.py:1159} INFO - Dependencies all met for dep_context=requeueable deps ti=<TaskInstance: reports_workflow.id_task_get_emails scheduled__2024-07-03T05:30:00+00:00 [queued]>
[2024-07-03T09:59:40.468+0000] {taskinstance.py:1361} INFO - Starting attempt 1 of 1
[2024-07-03T09:59:40.480+0000] {taskinstance.py:1382} INFO - Executing <Task(PythonOperator): id_task_get_emails> on 2024-07-03 05:30:00+00:00
[2024-07-03T09:59:40.485+0000] {standard_task_runner.py:57} INFO - Started process 21074 to run task
[2024-07-03T09:59:40.489+0000] {standard_task_runner.py:84} INFO - Running: ['***', 'tasks', 'run', 'reports_workflow', 'id_task_get_emails', 'scheduled__2024-07-03T05:30:00+00:00', '--job-id', '602', '--raw', '--subdir', 'DAGS_FOLDER/dag_email_robot.py', '--cfg-path', '/tmp/tmpyyori838']
[2024-07-03T09:59:40.490+0000] {standard_task_runner.py:85} INFO - Job 602: Subtask id_task_get_emails
[2024-07-03T09:59:40.551+0000] {task_command.py:415} INFO - Running <TaskInstance: reports_workflow.id_task_get_emails scheduled__2024-07-03T05:30:00+00:00 [running]> on host 6f4ef5488251
[2024-07-03T09:59:40.638+0000] {taskinstance.py:1660} INFO - Exporting env vars: AIRFLOW_CTX_DAG_OWNER='FIRDAVS' AIRFLOW_CTX_DAG_ID='reports_workflow' AIRFLOW_CTX_TASK_ID='id_task_get_emails' AIRFLOW_CTX_EXECUTION_DATE='2024-07-03T05:30:00+00:00' AIRFLOW_CTX_TRY_NUMBER='1' AIRFLOW_CTX_DAG_RUN_ID='scheduled__2024-07-03T05:30:00+00:00'
[2024-07-03T09:59:40.639+0000] {logging_mixin.py:151} INFO - path of config file:  /opt/***
[2024-07-03T09:59:40.640+0000] {logging_mixin.py:151} INFO - #>2024-07-03 09:59:40.640114_User@StatDep: EmailRobot in screated.
[2024-07-03T09:59:40.640+0000] {logging_mixin.py:151} INFO - #>2024-07-03 09:59:40.640296_User@StatDep: get_for_recent_emails is started...
[2024-07-03T09:59:40.640+0000] {logging_mixin.py:151} INFO - #>2024-07-03 09:59:40.640445_User@StatDep: pop3_fetch_emails isstarted...
[2024-07-03T09:59:41.021+0000] {logging_mixin.py:151} INFO -    b'+OK'
[2024-07-03T09:59:41.404+0000] {logging_mixin.py:151} INFO -    mailbox have 0 emails and the robot can process 10
[2024-07-03T09:59:41.405+0000] {logging_mixin.py:151} INFO - #>2024-07-03 09:59:41.404986_User@StatDep: no emails to process, exiting pop3_fetch_emails()...
[2024-07-03T09:59:41.406+0000] {python.py:194} INFO - Done. Returned value was: True
[2024-07-03T09:59:41.443+0000] {taskinstance.py:1400} INFO - Marking task as SUCCESS. dag_id=reports_workflow, task_id=id_task_get_emails, execution_date=20240703T053000, start_date=20240703T095940, end_date=20240703T095941
[2024-07-03T09:59:41.467+0000] {local_task_job_runner.py:228} INFO - Task exited with return code 0
[2024-07-03T09:59:41.494+0000] {taskinstance.py:2784} INFO - 0 downstream tasks scheduled from follow-on schedule check
[2024-07-03T13:40:11.997+0000] {taskinstance.py:1159} INFO - Dependencies all met for dep_context=non-requeueable deps ti=<TaskInstance: reports_workflow.id_task_get_emails scheduled__2024-07-03T05:30:00+00:00 [queued]>
[2024-07-03T13:40:12.034+0000] {taskinstance.py:1159} INFO - Dependencies all met for dep_context=requeueable deps ti=<TaskInstance: reports_workflow.id_task_get_emails scheduled__2024-07-03T05:30:00+00:00 [queued]>
[2024-07-03T13:40:12.035+0000] {taskinstance.py:1361} INFO - Starting attempt 1 of 1
[2024-07-03T13:40:12.094+0000] {taskinstance.py:1382} INFO - Executing <Task(PythonOperator): id_task_get_emails> on 2024-07-03 05:30:00+00:00
[2024-07-03T13:40:12.110+0000] {standard_task_runner.py:57} INFO - Started process 26386 to run task
[2024-07-03T13:40:12.174+0000] {standard_task_runner.py:84} INFO - Running: ['***', 'tasks', 'run', 'reports_workflow', 'id_task_get_emails', 'scheduled__2024-07-03T05:30:00+00:00', '--job-id', '1584', '--raw', '--subdir', 'DAGS_FOLDER/dag_email_robot.py', '--cfg-path', '/tmp/tmpasfb9fxc']
[2024-07-03T13:40:12.175+0000] {standard_task_runner.py:85} INFO - Job 1584: Subtask id_task_get_emails
[2024-07-03T13:40:12.363+0000] {task_command.py:415} INFO - Running <TaskInstance: reports_workflow.id_task_get_emails scheduled__2024-07-03T05:30:00+00:00 [running]> on host 6f4ef5488251
[2024-07-03T13:40:12.604+0000] {taskinstance.py:1660} INFO - Exporting env vars: AIRFLOW_CTX_DAG_OWNER='FIRDAVS' AIRFLOW_CTX_DAG_ID='reports_workflow' AIRFLOW_CTX_TASK_ID='id_task_get_emails' AIRFLOW_CTX_EXECUTION_DATE='2024-07-03T05:30:00+00:00' AIRFLOW_CTX_TRY_NUMBER='1' AIRFLOW_CTX_DAG_RUN_ID='scheduled__2024-07-03T05:30:00+00:00'
[2024-07-03T13:40:12.605+0000] {logging_mixin.py:151} INFO - path of config file:  /opt/***
[2024-07-03T13:40:12.606+0000] {logging_mixin.py:151} INFO - #>2024-07-03 13:40:12.606074_User@StatDep: EmailRobot in screated.
[2024-07-03T13:40:12.606+0000] {logging_mixin.py:151} INFO - #>2024-07-03 13:40:12.606289_User@StatDep: get_for_recent_emails is started...
[2024-07-03T13:40:12.606+0000] {logging_mixin.py:151} INFO - #>2024-07-03 13:40:12.606446_User@StatDep: pop3_fetch_emails isstarted...
[2024-07-03T13:40:12.964+0000] {logging_mixin.py:151} INFO -    b'+OK'
[2024-07-03T13:40:13.217+0000] {logging_mixin.py:151} INFO -    mailbox have 0 emails and the robot can process 10
[2024-07-03T13:40:13.217+0000] {logging_mixin.py:151} INFO - #>2024-07-03 13:40:13.217817_User@StatDep: no emails to process, exiting pop3_fetch_emails()...
[2024-07-03T13:40:13.218+0000] {python.py:194} INFO - Done. Returned value was: True
[2024-07-03T13:40:13.246+0000] {taskinstance.py:1400} INFO - Marking task as SUCCESS. dag_id=reports_workflow, task_id=id_task_get_emails, execution_date=20240703T053000, start_date=20240703T134012, end_date=20240703T134013
[2024-07-03T13:40:13.281+0000] {local_task_job_runner.py:228} INFO - Task exited with return code 0
[2024-07-03T13:40:13.317+0000] {taskinstance.py:2784} INFO - 1 downstream tasks scheduled from follow-on schedule check
