[2024-07-03T14:47:44.316+0000] {taskinstance.py:1159} INFO - Dependencies all met for dep_context=non-requeueable deps ti=<TaskInstance: reports_workflow.id_task_get_emails scheduled__2024-07-03T12:15:00+00:00 [queued]>
[2024-07-03T14:47:44.346+0000] {taskinstance.py:1159} INFO - Dependencies all met for dep_context=requeueable deps ti=<TaskInstance: reports_workflow.id_task_get_emails scheduled__2024-07-03T12:15:00+00:00 [queued]>
[2024-07-03T14:47:44.347+0000] {taskinstance.py:1361} INFO - Starting attempt 1 of 2
[2024-07-03T14:47:44.379+0000] {taskinstance.py:1382} INFO - Executing <Task(PythonOperator): id_task_get_emails> on 2024-07-03 12:15:00+00:00
[2024-07-03T14:47:44.384+0000] {standard_task_runner.py:57} INFO - Started process 28611 to run task
[2024-07-03T14:47:44.395+0000] {standard_task_runner.py:84} INFO - Running: ['***', 'tasks', 'run', 'reports_workflow', 'id_task_get_emails', 'scheduled__2024-07-03T12:15:00+00:00', '--job-id', '2180', '--raw', '--subdir', 'DAGS_FOLDER/dag_email_robot.py', '--cfg-path', '/tmp/tmpz3o4opyt']
[2024-07-03T14:47:44.406+0000] {standard_task_runner.py:85} INFO - Job 2180: Subtask id_task_get_emails
[2024-07-03T14:47:44.507+0000] {task_command.py:415} INFO - Running <TaskInstance: reports_workflow.id_task_get_emails scheduled__2024-07-03T12:15:00+00:00 [running]> on host 6f4ef5488251
[2024-07-03T14:47:44.669+0000] {taskinstance.py:1660} INFO - Exporting env vars: AIRFLOW_CTX_DAG_OWNER='FIRDAVS' AIRFLOW_CTX_DAG_ID='reports_workflow' AIRFLOW_CTX_TASK_ID='id_task_get_emails' AIRFLOW_CTX_EXECUTION_DATE='2024-07-03T12:15:00+00:00' AIRFLOW_CTX_TRY_NUMBER='1' AIRFLOW_CTX_DAG_RUN_ID='scheduled__2024-07-03T12:15:00+00:00'
[2024-07-03T14:47:44.670+0000] {logging_mixin.py:151} INFO - path of config file:  /opt/***
[2024-07-03T14:47:44.671+0000] {logging_mixin.py:151} INFO - #>2024-07-03 14:47:44.671006_User@StatDep: EmailRobot in screated.
[2024-07-03T14:47:44.671+0000] {logging_mixin.py:151} INFO - #>2024-07-03 14:47:44.671207_User@StatDep: get_for_recent_emails is started...
[2024-07-03T14:47:44.671+0000] {logging_mixin.py:151} INFO - #>2024-07-03 14:47:44.671358_User@StatDep: pop3_fetch_emails isstarted...
[2024-07-03T14:47:45.101+0000] {logging_mixin.py:151} INFO -    b'+OK'
[2024-07-03T14:47:45.452+0000] {logging_mixin.py:151} INFO -    mailbox have 0 emails and the robot can process 10
[2024-07-03T14:47:45.453+0000] {logging_mixin.py:151} INFO - #>2024-07-03 14:47:45.453120_User@StatDep: no emails to process, exiting pop3_fetch_emails()...
[2024-07-03T14:47:45.453+0000] {python.py:194} INFO - Done. Returned value was: True
[2024-07-03T14:47:45.490+0000] {taskinstance.py:1400} INFO - Marking task as SUCCESS. dag_id=reports_workflow, task_id=id_task_get_emails, execution_date=20240703T121500, start_date=20240703T144744, end_date=20240703T144745
[2024-07-03T14:47:45.598+0000] {local_task_job_runner.py:228} INFO - Task exited with return code 0
[2024-07-03T14:47:45.641+0000] {taskinstance.py:2784} INFO - 1 downstream tasks scheduled from follow-on schedule check
[2024-07-03T14:48:18.206+0000] {taskinstance.py:1159} INFO - Dependencies all met for dep_context=non-requeueable deps ti=<TaskInstance: reports_workflow.id_task_get_emails scheduled__2024-07-03T12:15:00+00:00 [queued]>
[2024-07-03T14:48:18.232+0000] {taskinstance.py:1159} INFO - Dependencies all met for dep_context=requeueable deps ti=<TaskInstance: reports_workflow.id_task_get_emails scheduled__2024-07-03T12:15:00+00:00 [queued]>
[2024-07-03T14:48:18.233+0000] {taskinstance.py:1361} INFO - Starting attempt 1 of 2
[2024-07-03T14:48:18.335+0000] {taskinstance.py:1382} INFO - Executing <Task(PythonOperator): id_task_get_emails> on 2024-07-03 12:15:00+00:00
[2024-07-03T14:48:18.345+0000] {standard_task_runner.py:57} INFO - Started process 28751 to run task
[2024-07-03T14:48:18.353+0000] {standard_task_runner.py:84} INFO - Running: ['***', 'tasks', 'run', 'reports_workflow', 'id_task_get_emails', 'scheduled__2024-07-03T12:15:00+00:00', '--job-id', '2246', '--raw', '--subdir', 'DAGS_FOLDER/dag_email_robot.py', '--cfg-path', '/tmp/tmpfey_bdi9']
[2024-07-03T14:48:18.359+0000] {standard_task_runner.py:85} INFO - Job 2246: Subtask id_task_get_emails
[2024-07-03T14:48:18.557+0000] {task_command.py:415} INFO - Running <TaskInstance: reports_workflow.id_task_get_emails scheduled__2024-07-03T12:15:00+00:00 [running]> on host 6f4ef5488251
[2024-07-03T14:48:18.807+0000] {taskinstance.py:1660} INFO - Exporting env vars: AIRFLOW_CTX_DAG_OWNER='FIRDAVS' AIRFLOW_CTX_DAG_ID='reports_workflow' AIRFLOW_CTX_TASK_ID='id_task_get_emails' AIRFLOW_CTX_EXECUTION_DATE='2024-07-03T12:15:00+00:00' AIRFLOW_CTX_TRY_NUMBER='1' AIRFLOW_CTX_DAG_RUN_ID='scheduled__2024-07-03T12:15:00+00:00'
[2024-07-03T14:48:18.809+0000] {logging_mixin.py:151} INFO - path of config file:  /opt/***
[2024-07-03T14:48:18.810+0000] {logging_mixin.py:151} INFO - #>2024-07-03 14:48:18.810328_User@StatDep: EmailRobot in screated.
[2024-07-03T14:48:18.810+0000] {logging_mixin.py:151} INFO - #>2024-07-03 14:48:18.810554_User@StatDep: get_for_recent_emails is started...
[2024-07-03T14:48:18.810+0000] {logging_mixin.py:151} INFO - #>2024-07-03 14:48:18.810702_User@StatDep: pop3_fetch_emails isstarted...
[2024-07-03T14:48:19.217+0000] {logging_mixin.py:151} INFO -    b'+OK'
[2024-07-03T14:48:19.590+0000] {logging_mixin.py:151} INFO -    mailbox have 0 emails and the robot can process 10
[2024-07-03T14:48:19.590+0000] {logging_mixin.py:151} INFO - #>2024-07-03 14:48:19.590641_User@StatDep: no emails to process, exiting pop3_fetch_emails()...
[2024-07-03T14:48:19.591+0000] {python.py:194} INFO - Done. Returned value was: True
[2024-07-03T14:48:19.648+0000] {taskinstance.py:1400} INFO - Marking task as SUCCESS. dag_id=reports_workflow, task_id=id_task_get_emails, execution_date=20240703T121500, start_date=20240703T144818, end_date=20240703T144819
[2024-07-03T14:48:19.825+0000] {local_task_job_runner.py:228} INFO - Task exited with return code 0
[2024-07-03T14:48:19.898+0000] {taskinstance.py:2784} INFO - 1 downstream tasks scheduled from follow-on schedule check
[2024-07-03T14:55:32.327+0000] {taskinstance.py:1159} INFO - Dependencies all met for dep_context=non-requeueable deps ti=<TaskInstance: reports_workflow.id_task_get_emails scheduled__2024-07-03T12:15:00+00:00 [queued]>
[2024-07-03T14:55:32.344+0000] {taskinstance.py:1159} INFO - Dependencies all met for dep_context=requeueable deps ti=<TaskInstance: reports_workflow.id_task_get_emails scheduled__2024-07-03T12:15:00+00:00 [queued]>
[2024-07-03T14:55:32.344+0000] {taskinstance.py:1361} INFO - Starting attempt 1 of 2
[2024-07-03T14:55:32.406+0000] {taskinstance.py:1382} INFO - Executing <Task(PythonOperator): id_task_get_emails> on 2024-07-03 12:15:00+00:00
[2024-07-03T14:55:32.416+0000] {standard_task_runner.py:57} INFO - Started process 28996 to run task
[2024-07-03T14:55:32.427+0000] {standard_task_runner.py:84} INFO - Running: ['***', 'tasks', 'run', 'reports_workflow', 'id_task_get_emails', 'scheduled__2024-07-03T12:15:00+00:00', '--job-id', '2316', '--raw', '--subdir', 'DAGS_FOLDER/dag_email_robot.py', '--cfg-path', '/tmp/tmppnea6ms7']
[2024-07-03T14:55:32.431+0000] {standard_task_runner.py:85} INFO - Job 2316: Subtask id_task_get_emails
[2024-07-03T14:55:32.532+0000] {task_command.py:415} INFO - Running <TaskInstance: reports_workflow.id_task_get_emails scheduled__2024-07-03T12:15:00+00:00 [running]> on host 6f4ef5488251
[2024-07-03T14:55:32.682+0000] {taskinstance.py:1660} INFO - Exporting env vars: AIRFLOW_CTX_DAG_OWNER='FIRDAVS' AIRFLOW_CTX_DAG_ID='reports_workflow' AIRFLOW_CTX_TASK_ID='id_task_get_emails' AIRFLOW_CTX_EXECUTION_DATE='2024-07-03T12:15:00+00:00' AIRFLOW_CTX_TRY_NUMBER='1' AIRFLOW_CTX_DAG_RUN_ID='scheduled__2024-07-03T12:15:00+00:00'
[2024-07-03T14:55:32.684+0000] {logging_mixin.py:151} INFO - path of config file:  /opt/***
[2024-07-03T14:55:32.684+0000] {logging_mixin.py:151} INFO - #>2024-07-03 14:55:32.684642_User@StatDep: EmailRobot in screated.
[2024-07-03T14:55:32.684+0000] {logging_mixin.py:151} INFO - #>2024-07-03 14:55:32.684835_User@StatDep: get_for_recent_emails is started...
[2024-07-03T14:55:32.684+0000] {logging_mixin.py:151} INFO - #>2024-07-03 14:55:32.684967_User@StatDep: pop3_fetch_emails isstarted...
[2024-07-03T14:55:33.063+0000] {logging_mixin.py:151} INFO -    b'+OK'
[2024-07-03T14:55:33.359+0000] {logging_mixin.py:151} INFO -    mailbox have 0 emails and the robot can process 10
[2024-07-03T14:55:33.359+0000] {logging_mixin.py:151} INFO - #>2024-07-03 14:55:33.359440_User@StatDep: no emails to process, exiting pop3_fetch_emails()...
[2024-07-03T14:55:33.359+0000] {python.py:194} INFO - Done. Returned value was: True
[2024-07-03T14:55:33.416+0000] {taskinstance.py:1400} INFO - Marking task as SUCCESS. dag_id=reports_workflow, task_id=id_task_get_emails, execution_date=20240703T121500, start_date=20240703T145532, end_date=20240703T145533
[2024-07-03T14:55:33.468+0000] {local_task_job_runner.py:228} INFO - Task exited with return code 0
[2024-07-03T14:55:33.533+0000] {taskinstance.py:2784} INFO - 1 downstream tasks scheduled from follow-on schedule check
