[2024-07-29T03:32:01.529+0000] {taskinstance.py:1159} INFO - Dependencies all met for dep_context=non-requeueable deps ti=<TaskInstance: reports_workflow.id_task_get_emails scheduled__2024-07-29T03:25:00+00:00 [queued]>
[2024-07-29T03:32:01.537+0000] {taskinstance.py:1159} INFO - Dependencies all met for dep_context=requeueable deps ti=<TaskInstance: reports_workflow.id_task_get_emails scheduled__2024-07-29T03:25:00+00:00 [queued]>
[2024-07-29T03:32:01.537+0000] {taskinstance.py:1361} INFO - Starting attempt 1 of 2
[2024-07-29T03:32:01.556+0000] {taskinstance.py:1382} INFO - Executing <Task(PythonOperator): id_task_get_emails> on 2024-07-29 03:25:00+00:00
[2024-07-29T03:32:01.566+0000] {standard_task_runner.py:57} INFO - Started process 82572 to run task
[2024-07-29T03:32:01.570+0000] {standard_task_runner.py:84} INFO - Running: ['***', 'tasks', 'run', 'reports_workflow', 'id_task_get_emails', 'scheduled__2024-07-29T03:25:00+00:00', '--job-id', '8332', '--raw', '--subdir', 'DAGS_FOLDER/dag_email_robot.py', '--cfg-path', '/tmp/tmposioy5rs']
[2024-07-29T03:32:01.575+0000] {standard_task_runner.py:85} INFO - Job 8332: Subtask id_task_get_emails
[2024-07-29T03:32:02.179+0000] {task_command.py:415} INFO - Running <TaskInstance: reports_workflow.id_task_get_emails scheduled__2024-07-29T03:25:00+00:00 [running]> on host 6f4ef5488251
[2024-07-29T03:32:02.546+0000] {taskinstance.py:1660} INFO - Exporting env vars: AIRFLOW_CTX_DAG_OWNER='FIRDAVS' AIRFLOW_CTX_DAG_ID='reports_workflow' AIRFLOW_CTX_TASK_ID='id_task_get_emails' AIRFLOW_CTX_EXECUTION_DATE='2024-07-29T03:25:00+00:00' AIRFLOW_CTX_TRY_NUMBER='1' AIRFLOW_CTX_DAG_RUN_ID='scheduled__2024-07-29T03:25:00+00:00'
[2024-07-29T03:32:02.548+0000] {logging_mixin.py:151} INFO - path of config file:  /opt/***
[2024-07-29T03:32:02.635+0000] {logging_mixin.py:151} INFO - #>2024-07-29 03:32:02.635716_User@StatDep: EmailRobot in screated.
[2024-07-29T03:32:02.636+0000] {logging_mixin.py:151} INFO - #>2024-07-29 03:32:02.636205_User@StatDep: get_for_recent_emails is started...
[2024-07-29T03:32:02.636+0000] {logging_mixin.py:151} INFO - #>2024-07-29 03:32:02.636520_User@StatDep: pop3_fetch_emails isstarted...
[2024-07-29T03:32:04.065+0000] {logging_mixin.py:151} INFO -    b'+OK'
[2024-07-29T03:32:04.538+0000] {logging_mixin.py:151} INFO -    mailbox have 1 emails and the robot can process 10
[2024-07-29T03:32:04.812+0000] {logging_mixin.py:151} INFO -    deletion of email after inserting into database +OK message 1 deleted
[2024-07-29T03:32:04.929+0000] {logging_mixin.py:151} INFO - #>2024-07-29 03:32:04.929226_User@StatDep: pop3_fetch_emails is successful.
[2024-07-29T03:32:04.929+0000] {python.py:194} INFO - Done. Returned value was: True
[2024-07-29T03:32:04.960+0000] {taskinstance.py:1400} INFO - Marking task as SUCCESS. dag_id=reports_workflow, task_id=id_task_get_emails, execution_date=20240729T032500, start_date=20240729T033201, end_date=20240729T033204
[2024-07-29T03:32:05.004+0000] {local_task_job_runner.py:228} INFO - Task exited with return code 0
[2024-07-29T03:32:05.034+0000] {taskinstance.py:2784} INFO - 1 downstream tasks scheduled from follow-on schedule check
