[2024-08-02T09:25:01.409+0000] {taskinstance.py:1159} INFO - Dependencies all met for dep_context=non-requeueable deps ti=<TaskInstance: reports_workflow.id_task_get_emails scheduled__2024-08-02T09:20:00+00:00 [queued]>
[2024-08-02T09:25:01.416+0000] {taskinstance.py:1159} INFO - Dependencies all met for dep_context=requeueable deps ti=<TaskInstance: reports_workflow.id_task_get_emails scheduled__2024-08-02T09:20:00+00:00 [queued]>
[2024-08-02T09:25:01.416+0000] {taskinstance.py:1361} INFO - Starting attempt 1 of 2
[2024-08-02T09:25:01.426+0000] {taskinstance.py:1382} INFO - Executing <Task(PythonOperator): id_task_get_emails> on 2024-08-02 09:20:00+00:00
[2024-08-02T09:25:01.431+0000] {standard_task_runner.py:57} INFO - Started process 68658 to run task
[2024-08-02T09:25:01.438+0000] {standard_task_runner.py:84} INFO - Running: ['***', 'tasks', 'run', 'reports_workflow', 'id_task_get_emails', 'scheduled__2024-08-02T09:20:00+00:00', '--job-id', '1905', '--raw', '--subdir', 'DAGS_FOLDER/dag_stat_report.py', '--cfg-path', '/tmp/tmpez3uag81']
[2024-08-02T09:25:01.441+0000] {standard_task_runner.py:85} INFO - Job 1905: Subtask id_task_get_emails
[2024-08-02T09:25:01.547+0000] {task_command.py:415} INFO - Running <TaskInstance: reports_workflow.id_task_get_emails scheduled__2024-08-02T09:20:00+00:00 [running]> on host 6bb718ab9b8f
[2024-08-02T09:25:01.672+0000] {taskinstance.py:1660} INFO - Exporting env vars: AIRFLOW_CTX_DAG_OWNER='FIRDAVS' AIRFLOW_CTX_DAG_ID='reports_workflow' AIRFLOW_CTX_TASK_ID='id_task_get_emails' AIRFLOW_CTX_EXECUTION_DATE='2024-08-02T09:20:00+00:00' AIRFLOW_CTX_TRY_NUMBER='1' AIRFLOW_CTX_DAG_RUN_ID='scheduled__2024-08-02T09:20:00+00:00'
[2024-08-02T09:25:01.673+0000] {logging_mixin.py:151} INFO - path of config file:  /opt/***
[2024-08-02T09:25:01.673+0000] {logging_mixin.py:151} INFO - #>2024-08-02 09:25:01.673776_User@StatDep: EmailRobot in screated.
[2024-08-02T09:25:01.673+0000] {logging_mixin.py:151} INFO - #>2024-08-02 09:25:01.673943_User@StatDep: get_for_recent_emails is started...
[2024-08-02T09:25:01.674+0000] {logging_mixin.py:151} INFO - #>2024-08-02 09:25:01.674058_User@StatDep: pop3_fetch_emails isstarted...
[2024-08-02T09:25:02.190+0000] {logging_mixin.py:151} INFO -    b'+OK'
[2024-08-02T09:25:02.567+0000] {logging_mixin.py:151} INFO -    mailbox have 0 emails and the robot can process 10
[2024-08-02T09:25:02.568+0000] {logging_mixin.py:151} INFO - #>2024-08-02 09:25:02.567970_User@StatDep: no emails to process, exiting pop3_fetch_emails()...
[2024-08-02T09:25:02.568+0000] {python.py:194} INFO - Done. Returned value was: True
[2024-08-02T09:25:02.601+0000] {taskinstance.py:1400} INFO - Marking task as SUCCESS. dag_id=reports_workflow, task_id=id_task_get_emails, execution_date=20240802T092000, start_date=20240802T092501, end_date=20240802T092502
[2024-08-02T09:25:02.651+0000] {local_task_job_runner.py:228} INFO - Task exited with return code 0
[2024-08-02T09:25:02.688+0000] {taskinstance.py:2784} INFO - 1 downstream tasks scheduled from follow-on schedule check
