[2024-07-03T14:47:51.181+0000] {taskinstance.py:1159} INFO - Dependencies all met for dep_context=non-requeueable deps ti=<TaskInstance: reports_workflow.id_task_send_emails scheduled__2024-07-03T13:10:00+00:00 [queued]>
[2024-07-03T14:47:51.194+0000] {taskinstance.py:1159} INFO - Dependencies all met for dep_context=requeueable deps ti=<TaskInstance: reports_workflow.id_task_send_emails scheduled__2024-07-03T13:10:00+00:00 [queued]>
[2024-07-03T14:47:51.195+0000] {taskinstance.py:1361} INFO - Starting attempt 1 of 2
[2024-07-03T14:47:51.218+0000] {taskinstance.py:1382} INFO - Executing <Task(PythonOperator): id_task_send_emails> on 2024-07-03 13:10:00+00:00
[2024-07-03T14:47:51.226+0000] {standard_task_runner.py:57} INFO - Started process 28658 to run task
[2024-07-03T14:47:51.234+0000] {standard_task_runner.py:84} INFO - Running: ['***', 'tasks', 'run', 'reports_workflow', 'id_task_send_emails', 'scheduled__2024-07-03T13:10:00+00:00', '--job-id', '2205', '--raw', '--subdir', 'DAGS_FOLDER/dag_email_robot.py', '--cfg-path', '/tmp/tmpt_2rhxky']
[2024-07-03T14:47:51.235+0000] {standard_task_runner.py:85} INFO - Job 2205: Subtask id_task_send_emails
[2024-07-03T14:47:51.348+0000] {task_command.py:415} INFO - Running <TaskInstance: reports_workflow.id_task_send_emails scheduled__2024-07-03T13:10:00+00:00 [running]> on host 6f4ef5488251
[2024-07-03T14:47:51.491+0000] {taskinstance.py:1660} INFO - Exporting env vars: AIRFLOW_CTX_DAG_OWNER='FIRDAVS' AIRFLOW_CTX_DAG_ID='reports_workflow' AIRFLOW_CTX_TASK_ID='id_task_send_emails' AIRFLOW_CTX_EXECUTION_DATE='2024-07-03T13:10:00+00:00' AIRFLOW_CTX_TRY_NUMBER='1' AIRFLOW_CTX_DAG_RUN_ID='scheduled__2024-07-03T13:10:00+00:00'
[2024-07-03T14:47:51.492+0000] {logging_mixin.py:151} INFO - path of config file:  /opt/***
[2024-07-03T14:47:51.492+0000] {logging_mixin.py:151} INFO - #>2024-07-03 14:47:51.492868_User@StatDep: EmailRobot in screated.
[2024-07-03T14:47:51.494+0000] {logging_mixin.py:151} INFO - #>2024-07-03 14:47:51.494498_User@StatDep: send_validation_results is started...
[2024-07-03T14:47:51.504+0000] {logging_mixin.py:151} INFO -    #>2024-07-03 14:47:51.504021_conneciton to db is set.
[2024-07-03T14:47:51.506+0000] {logging_mixin.py:151} INFO -    #>2024-07-03 14:47:51.506303_cursor execution is successful.
[2024-07-03T14:47:51.506+0000] {logging_mixin.py:151} INFO -    There is no any new submissions found. The get_validation_results is over.
[2024-07-03T14:47:51.510+0000] {python.py:194} INFO - Done. Returned value was: True
[2024-07-03T14:47:51.583+0000] {taskinstance.py:1400} INFO - Marking task as SUCCESS. dag_id=reports_workflow, task_id=id_task_send_emails, execution_date=20240703T131000, start_date=20240703T144751, end_date=20240703T144751
[2024-07-03T14:47:51.616+0000] {local_task_job_runner.py:228} INFO - Task exited with return code 0
[2024-07-03T14:47:51.634+0000] {taskinstance.py:2784} INFO - 0 downstream tasks scheduled from follow-on schedule check
[2024-07-03T14:48:22.350+0000] {taskinstance.py:1159} INFO - Dependencies all met for dep_context=non-requeueable deps ti=<TaskInstance: reports_workflow.id_task_send_emails scheduled__2024-07-03T13:10:00+00:00 [queued]>
[2024-07-03T14:48:22.360+0000] {taskinstance.py:1159} INFO - Dependencies all met for dep_context=requeueable deps ti=<TaskInstance: reports_workflow.id_task_send_emails scheduled__2024-07-03T13:10:00+00:00 [queued]>
[2024-07-03T14:48:22.361+0000] {taskinstance.py:1361} INFO - Starting attempt 1 of 2
[2024-07-03T14:48:22.373+0000] {taskinstance.py:1382} INFO - Executing <Task(PythonOperator): id_task_send_emails> on 2024-07-03 13:10:00+00:00
[2024-07-03T14:48:22.379+0000] {standard_task_runner.py:57} INFO - Started process 28787 to run task
[2024-07-03T14:48:22.382+0000] {standard_task_runner.py:84} INFO - Running: ['***', 'tasks', 'run', 'reports_workflow', 'id_task_send_emails', 'scheduled__2024-07-03T13:10:00+00:00', '--job-id', '2266', '--raw', '--subdir', 'DAGS_FOLDER/dag_email_robot.py', '--cfg-path', '/tmp/tmp_7pzey64']
[2024-07-03T14:48:22.383+0000] {standard_task_runner.py:85} INFO - Job 2266: Subtask id_task_send_emails
[2024-07-03T14:48:22.433+0000] {task_command.py:415} INFO - Running <TaskInstance: reports_workflow.id_task_send_emails scheduled__2024-07-03T13:10:00+00:00 [running]> on host 6f4ef5488251
[2024-07-03T14:48:22.512+0000] {taskinstance.py:1660} INFO - Exporting env vars: AIRFLOW_CTX_DAG_OWNER='FIRDAVS' AIRFLOW_CTX_DAG_ID='reports_workflow' AIRFLOW_CTX_TASK_ID='id_task_send_emails' AIRFLOW_CTX_EXECUTION_DATE='2024-07-03T13:10:00+00:00' AIRFLOW_CTX_TRY_NUMBER='1' AIRFLOW_CTX_DAG_RUN_ID='scheduled__2024-07-03T13:10:00+00:00'
[2024-07-03T14:48:22.513+0000] {logging_mixin.py:151} INFO - path of config file:  /opt/***
[2024-07-03T14:48:22.513+0000] {logging_mixin.py:151} INFO - #>2024-07-03 14:48:22.513924_User@StatDep: EmailRobot in screated.
[2024-07-03T14:48:22.514+0000] {logging_mixin.py:151} INFO - #>2024-07-03 14:48:22.514118_User@StatDep: send_validation_results is started...
[2024-07-03T14:48:22.523+0000] {logging_mixin.py:151} INFO -    #>2024-07-03 14:48:22.523168_conneciton to db is set.
[2024-07-03T14:48:22.525+0000] {logging_mixin.py:151} INFO -    #>2024-07-03 14:48:22.525029_cursor execution is successful.
[2024-07-03T14:48:22.525+0000] {logging_mixin.py:151} INFO -    There is no any new submissions found. The get_validation_results is over.
[2024-07-03T14:48:22.525+0000] {python.py:194} INFO - Done. Returned value was: True
[2024-07-03T14:48:22.550+0000] {taskinstance.py:1400} INFO - Marking task as SUCCESS. dag_id=reports_workflow, task_id=id_task_send_emails, execution_date=20240703T131000, start_date=20240703T144822, end_date=20240703T144822
[2024-07-03T14:48:22.595+0000] {local_task_job_runner.py:228} INFO - Task exited with return code 0
[2024-07-03T14:48:22.613+0000] {taskinstance.py:2784} INFO - 0 downstream tasks scheduled from follow-on schedule check
[2024-07-03T14:55:36.816+0000] {taskinstance.py:1159} INFO - Dependencies all met for dep_context=non-requeueable deps ti=<TaskInstance: reports_workflow.id_task_send_emails scheduled__2024-07-03T13:10:00+00:00 [queued]>
[2024-07-03T14:55:36.824+0000] {taskinstance.py:1159} INFO - Dependencies all met for dep_context=requeueable deps ti=<TaskInstance: reports_workflow.id_task_send_emails scheduled__2024-07-03T13:10:00+00:00 [queued]>
[2024-07-03T14:55:36.824+0000] {taskinstance.py:1361} INFO - Starting attempt 1 of 2
[2024-07-03T14:55:36.836+0000] {taskinstance.py:1382} INFO - Executing <Task(PythonOperator): id_task_send_emails> on 2024-07-03 13:10:00+00:00
[2024-07-03T14:55:36.841+0000] {standard_task_runner.py:57} INFO - Started process 29034 to run task
[2024-07-03T14:55:36.849+0000] {standard_task_runner.py:84} INFO - Running: ['***', 'tasks', 'run', 'reports_workflow', 'id_task_send_emails', 'scheduled__2024-07-03T13:10:00+00:00', '--job-id', '2335', '--raw', '--subdir', 'DAGS_FOLDER/dag_email_robot.py', '--cfg-path', '/tmp/tmpl1x2psml']
[2024-07-03T14:55:36.850+0000] {standard_task_runner.py:85} INFO - Job 2335: Subtask id_task_send_emails
[2024-07-03T14:55:36.916+0000] {task_command.py:415} INFO - Running <TaskInstance: reports_workflow.id_task_send_emails scheduled__2024-07-03T13:10:00+00:00 [running]> on host 6f4ef5488251
[2024-07-03T14:55:37.018+0000] {taskinstance.py:1660} INFO - Exporting env vars: AIRFLOW_CTX_DAG_OWNER='FIRDAVS' AIRFLOW_CTX_DAG_ID='reports_workflow' AIRFLOW_CTX_TASK_ID='id_task_send_emails' AIRFLOW_CTX_EXECUTION_DATE='2024-07-03T13:10:00+00:00' AIRFLOW_CTX_TRY_NUMBER='1' AIRFLOW_CTX_DAG_RUN_ID='scheduled__2024-07-03T13:10:00+00:00'
[2024-07-03T14:55:37.019+0000] {logging_mixin.py:151} INFO - path of config file:  /opt/***
[2024-07-03T14:55:37.020+0000] {logging_mixin.py:151} INFO - #>2024-07-03 14:55:37.020029_User@StatDep: EmailRobot in screated.
[2024-07-03T14:55:37.020+0000] {logging_mixin.py:151} INFO - #>2024-07-03 14:55:37.020227_User@StatDep: send_validation_results is started...
[2024-07-03T14:55:37.029+0000] {logging_mixin.py:151} INFO -    #>2024-07-03 14:55:37.029395_conneciton to db is set.
[2024-07-03T14:55:37.031+0000] {logging_mixin.py:151} INFO -    #>2024-07-03 14:55:37.031414_cursor execution is successful.
[2024-07-03T14:55:37.031+0000] {logging_mixin.py:151} INFO -    There is no any new submissions found. The get_validation_results is over.
[2024-07-03T14:55:37.033+0000] {python.py:194} INFO - Done. Returned value was: True
[2024-07-03T14:55:37.068+0000] {taskinstance.py:1400} INFO - Marking task as SUCCESS. dag_id=reports_workflow, task_id=id_task_send_emails, execution_date=20240703T131000, start_date=20240703T145536, end_date=20240703T145537
[2024-07-03T14:55:37.104+0000] {local_task_job_runner.py:228} INFO - Task exited with return code 0
[2024-07-03T14:55:37.127+0000] {taskinstance.py:2784} INFO - 0 downstream tasks scheduled from follow-on schedule check
