[2024-07-03T13:38:51.846+0000] {taskinstance.py:1159} INFO - Dependencies all met for dep_context=non-requeueable deps ti=<TaskInstance: reports_workflow.id_task_send_emails scheduled__2024-07-02T22:30:00+00:00 [queued]>
[2024-07-03T13:38:51.858+0000] {taskinstance.py:1159} INFO - Dependencies all met for dep_context=requeueable deps ti=<TaskInstance: reports_workflow.id_task_send_emails scheduled__2024-07-02T22:30:00+00:00 [queued]>
[2024-07-03T13:38:51.858+0000] {taskinstance.py:1361} INFO - Starting attempt 1 of 1
[2024-07-03T13:38:51.876+0000] {taskinstance.py:1382} INFO - Executing <Task(PythonOperator): id_task_send_emails> on 2024-07-02 22:30:00+00:00
[2024-07-03T13:38:51.880+0000] {standard_task_runner.py:57} INFO - Started process 26070 to run task
[2024-07-03T13:38:51.886+0000] {standard_task_runner.py:84} INFO - Running: ['***', 'tasks', 'run', 'reports_workflow', 'id_task_send_emails', 'scheduled__2024-07-02T22:30:00+00:00', '--job-id', '1436', '--raw', '--subdir', 'DAGS_FOLDER/dag_email_robot.py', '--cfg-path', '/tmp/tmpmwv3mdtz']
[2024-07-03T13:38:51.887+0000] {standard_task_runner.py:85} INFO - Job 1436: Subtask id_task_send_emails
[2024-07-03T13:38:51.938+0000] {task_command.py:415} INFO - Running <TaskInstance: reports_workflow.id_task_send_emails scheduled__2024-07-02T22:30:00+00:00 [running]> on host 6f4ef5488251
[2024-07-03T13:38:52.014+0000] {taskinstance.py:1660} INFO - Exporting env vars: AIRFLOW_CTX_DAG_OWNER='FIRDAVS' AIRFLOW_CTX_DAG_ID='reports_workflow' AIRFLOW_CTX_TASK_ID='id_task_send_emails' AIRFLOW_CTX_EXECUTION_DATE='2024-07-02T22:30:00+00:00' AIRFLOW_CTX_TRY_NUMBER='1' AIRFLOW_CTX_DAG_RUN_ID='scheduled__2024-07-02T22:30:00+00:00'
[2024-07-03T13:38:52.015+0000] {logging_mixin.py:151} INFO - path of config file:  /opt/***
[2024-07-03T13:38:52.016+0000] {logging_mixin.py:151} INFO - #>2024-07-03 13:38:52.015975_User@StatDep: EmailRobot in screated.
[2024-07-03T13:38:52.016+0000] {logging_mixin.py:151} INFO - #>2024-07-03 13:38:52.016181_User@StatDep: send_validation_results is started...
[2024-07-03T13:38:52.026+0000] {logging_mixin.py:151} INFO -    #>2024-07-03 13:38:52.026877_conneciton to db is set.
[2024-07-03T13:38:52.029+0000] {logging_mixin.py:151} INFO -    #>2024-07-03 13:38:52.029758_cursor execution is successful.
[2024-07-03T13:38:52.029+0000] {logging_mixin.py:151} INFO -    extracted information for about report sumbissions found...
[2024-07-03T13:39:39.308+0000] {logging_mixin.py:151} INFO - #>2024-07-03 13:39:39.308752_User@StatDep: email object ready to be sent:
[2024-07-03T13:39:39.689+0000] {logging_mixin.py:151} WARNING - send: 'ehlo [172.20.0.6]\r\n'
[2024-07-03T13:39:39.755+0000] {logging_mixin.py:151} WARNING - reply: b'250-smtp33.i.mail.ru\r\n'
[2024-07-03T13:39:39.756+0000] {logging_mixin.py:151} WARNING - reply: b'250-SIZE 73400320\r\n'
[2024-07-03T13:39:39.756+0000] {logging_mixin.py:151} WARNING - reply: b'250-8BITMIME\r\n'
[2024-07-03T13:39:39.757+0000] {logging_mixin.py:151} WARNING - reply: b'250-PIPELINING\r\n'
[2024-07-03T13:39:39.757+0000] {logging_mixin.py:151} WARNING - reply: b'250-DSN\r\n'
[2024-07-03T13:39:39.758+0000] {logging_mixin.py:151} WARNING - reply: b'250-SMTPUTF8\r\n'
[2024-07-03T13:39:39.758+0000] {logging_mixin.py:151} WARNING - reply: b'250 AUTH PLAIN LOGIN XOAUTH2\r\n'
[2024-07-03T13:39:39.758+0000] {logging_mixin.py:151} WARNING - reply: retcode (250); Msg: b'smtp33.i.mail.ru\nSIZE 73400320\n8BITMIME\nPIPELINING\nDSN\nSMTPUTF8\nAUTH PLAIN LOGIN XOAUTH2'
[2024-07-03T13:39:39.759+0000] {logging_mixin.py:151} WARNING - send: 'AUTH PLAIN AGtoYWxpbXpvZEBsaXN0LnJ1AEdSWFFSakMyYms0cVpIQjI2VXFk\r\n'
[2024-07-03T13:39:39.922+0000] {logging_mixin.py:151} WARNING - reply: b'235 Authentication succeeded\r\n'
[2024-07-03T13:39:39.923+0000] {logging_mixin.py:151} WARNING - reply: retcode (235); Msg: b'Authentication succeeded'
[2024-07-03T13:39:39.925+0000] {logging_mixin.py:151} WARNING - send: 'mail FROM:<khalimzod@list.ru> size=1305\r\n'
[2024-07-03T13:39:39.994+0000] {logging_mixin.py:151} WARNING - reply: b'250 OK\r\n'
[2024-07-03T13:39:39.995+0000] {logging_mixin.py:151} WARNING - reply: retcode (250); Msg: b'OK'
[2024-07-03T13:39:39.996+0000] {logging_mixin.py:151} WARNING - send: 'rcpt TO:<firdavskhushkadamov@gmail.com>\r\n'
[2024-07-03T13:39:40.069+0000] {logging_mixin.py:151} WARNING - reply: b'250 Accepted\r\n'
[2024-07-03T13:39:40.070+0000] {logging_mixin.py:151} WARNING - reply: retcode (250); Msg: b'Accepted'
[2024-07-03T13:39:40.071+0000] {logging_mixin.py:151} WARNING - send: 'data\r\n'
[2024-07-03T13:39:40.137+0000] {logging_mixin.py:151} WARNING - reply: b'354 Enter message, ending with "." on a line by itself\r\n'
[2024-07-03T13:39:40.138+0000] {logging_mixin.py:151} WARNING - reply: retcode (354); Msg: b'Enter message, ending with "." on a line by itself'
[2024-07-03T13:39:40.138+0000] {logging_mixin.py:151} WARNING - data: (354, b'Enter message, ending with "." on a line by itself')
[2024-07-03T13:39:40.138+0000] {logging_mixin.py:151} WARNING - send: b'Content-Type: multipart/mixed; boundary="===============4885824892089755817=="\r\nMIME-Version: 1.0\r\nSubject: =?utf-8?b?b21vckBuYnQudGo6INGE0LDQudC7ICLQodCw0LvQsNC80LDQu9C10LrRg9C80psueGxzeCIg0LfQsNCz0YDRg9C20LXQvdC90YvQtSDQsiAyMDI0LTA3LTAzIDE4OjM1OjQxKzAwOjAwINCd0JUg0J/QoNCY0J3Qr9Ci?=\r\nFrom: khalimzod@list.ru\r\nTo: <firdavskhushkadamov@gmail.com>\r\n\r\n--===============4885824892089755817==\r\nContent-Type: text/plain; charset="utf-8"\r\nMIME-Version: 1.0\r\nContent-Transfer-Encoding: base64\r\n\r\n0JfQtNGA0LDQstGB0YLQstGD0LnRgtC1LCAKINCaINGB0L7QttCw0LvQtdC90LjRjiDRhNCw0LnQ\r\nuyDRgSDQuNC80LXQvdC10Lwg0KHQsNC70LDQvNCw0LvQtdC60YPQvNKbLnhsc3gsINC30LDQs9GA\r\n0YPQttC10L3QvdGL0Lkg0LIgMjAyNC0wNy0wMyAxODozNTo0MSswMDowMCDQvdC1INCx0YvQuyDQ\r\nv9GA0LjQvdGP0YIg0YHQuNGB0YLQtdC80L7QuSDQsNCy0YLQvtC80LDRgtC40YfQtdGB0LrQvtC5\r\nINC+0LHRgNCw0LHQvtGC0LrQuC4g0J/QvtC20LDQu9GD0LnRgdGC0LAsINC/0YDQvtCy0LXRgNGM\r\n0YLQtSDQt9Cw0L/QvtC70L3QtdC90LjQtSDRhNCw0LnQu9CwLiAKINCU0L7Qv9C+0LvQvdC40YLQ\r\ntdC70YzQvdGL0LUg0YHQstC10LTQtdC90YzRjyDQv9C+INC+0LHQvdCw0YDRg9C20LXQvdC90YvQ\r\nvCDQvtGI0LjQsdC60LDQvCDQv9GA0LjQu9C+0LbQtdC90L3RiyDQuiDQv9C40YHRjNC80YMuCiBD\r\nINGD0LLQsNC20LXQvdC40LXQvCwgCiDQlNC10L/QsNGA0YLQsNC80LXQvdGCINGB0YLQsNGC0LjR\r\ngdGC0LjQutC4INC4INC/0LvQsNGC0LXQttC90L7Qs9C+INCx0LDQu9Cw0L3RgdCwIA==\r\n\r\n--===============4885824892089755817==--\r\n.\r\n'
[2024-07-03T13:39:40.666+0000] {logging_mixin.py:151} WARNING - reply: b'250 OK id=1sP0Cy-00000000Gra-0RNf\r\n'
[2024-07-03T13:39:40.666+0000] {logging_mixin.py:151} WARNING - reply: retcode (250); Msg: b'OK id=1sP0Cy-00000000Gra-0RNf'
[2024-07-03T13:39:40.666+0000] {logging_mixin.py:151} WARNING - data: (250, b'OK id=1sP0Cy-00000000Gra-0RNf')
[2024-07-03T13:39:40.666+0000] {logging_mixin.py:151} INFO - #>2024-07-03 13:39:40.666683_User@StatDep: email successfuly sent
[2024-07-03T13:39:40.666+0000] {logging_mixin.py:151} WARNING - send: 'QUIT\r\n'
[2024-07-03T13:39:40.935+0000] {logging_mixin.py:151} WARNING - reply: b'221 exim-smtp-84f7fbf7d8-nrvqz closing connection\r\n'
[2024-07-03T13:39:40.935+0000] {logging_mixin.py:151} WARNING - reply: retcode (221); Msg: b'exim-smtp-84f7fbf7d8-nrvqz closing connection'
[2024-07-03T13:39:40.936+0000] {logging_mixin.py:151} INFO - #>2024-07-03 13:39:40.936371_User@StatDep: email object ready to be sent:
[2024-07-03T13:39:41.318+0000] {logging_mixin.py:151} WARNING - send: 'ehlo [172.20.0.6]\r\n'
[2024-07-03T13:39:41.384+0000] {logging_mixin.py:151} WARNING - reply: b'250-smtp51.i.mail.ru\r\n'
[2024-07-03T13:39:41.384+0000] {logging_mixin.py:151} WARNING - reply: b'250-SIZE 73400320\r\n'
[2024-07-03T13:39:41.384+0000] {logging_mixin.py:151} WARNING - reply: b'250-8BITMIME\r\n'
[2024-07-03T13:39:41.384+0000] {logging_mixin.py:151} WARNING - reply: b'250-PIPELINING\r\n'
[2024-07-03T13:39:41.385+0000] {logging_mixin.py:151} WARNING - reply: b'250-DSN\r\n'
[2024-07-03T13:39:41.385+0000] {logging_mixin.py:151} WARNING - reply: b'250-SMTPUTF8\r\n'
[2024-07-03T13:39:41.385+0000] {logging_mixin.py:151} WARNING - reply: b'250 AUTH PLAIN LOGIN XOAUTH2\r\n'
[2024-07-03T13:39:41.385+0000] {logging_mixin.py:151} WARNING - reply: retcode (250); Msg: b'smtp51.i.mail.ru\nSIZE 73400320\n8BITMIME\nPIPELINING\nDSN\nSMTPUTF8\nAUTH PLAIN LOGIN XOAUTH2'
[2024-07-03T13:39:41.385+0000] {logging_mixin.py:151} WARNING - send: 'AUTH PLAIN AGtoYWxpbXpvZEBsaXN0LnJ1AEdSWFFSakMyYms0cVpIQjI2VXFk\r\n'
[2024-07-03T13:39:41.611+0000] {logging_mixin.py:151} WARNING - reply: b'235 Authentication succeeded\r\n'
[2024-07-03T13:39:41.611+0000] {logging_mixin.py:151} WARNING - reply: retcode (235); Msg: b'Authentication succeeded'
[2024-07-03T13:39:41.613+0000] {logging_mixin.py:151} WARNING - send: 'mail FROM:<khalimzod@list.ru> size=1309\r\n'
[2024-07-03T13:39:41.678+0000] {logging_mixin.py:151} WARNING - reply: b'250 OK\r\n'
[2024-07-03T13:39:41.679+0000] {logging_mixin.py:151} WARNING - reply: retcode (250); Msg: b'OK'
[2024-07-03T13:39:41.679+0000] {logging_mixin.py:151} WARNING - send: 'rcpt TO:<firdavskhushkadamov@gmail.com>\r\n'
[2024-07-03T13:39:41.754+0000] {logging_mixin.py:151} WARNING - reply: b'250 Accepted\r\n'
[2024-07-03T13:39:41.754+0000] {logging_mixin.py:151} WARNING - reply: retcode (250); Msg: b'Accepted'
[2024-07-03T13:39:41.754+0000] {logging_mixin.py:151} WARNING - send: 'data\r\n'
[2024-07-03T13:39:41.818+0000] {logging_mixin.py:151} WARNING - reply: b'354 Enter message, ending with "." on a line by itself\r\n'
[2024-07-03T13:39:41.818+0000] {logging_mixin.py:151} WARNING - reply: retcode (354); Msg: b'Enter message, ending with "." on a line by itself'
[2024-07-03T13:39:41.819+0000] {logging_mixin.py:151} WARNING - data: (354, b'Enter message, ending with "." on a line by itself')
[2024-07-03T13:39:41.819+0000] {logging_mixin.py:151} WARNING - send: b'Content-Type: multipart/mixed; boundary="===============8646942118574966547=="\r\nMIME-Version: 1.0\r\nSubject: =?utf-8?b?b21vckBuYnQudGo6INGE0LDQudC7ICJISy52MC41NzA3LjMxMTIyMDI0IC0gQ29weS54bHN4IiDQt9Cw0LPRgNGD0LbQtdC90L3Ri9C1INCyIDIwMjQtMDctMDMgMTg6MzU6NDErMDA6MDAg0J3QlSDQn9Cg0JjQndCv0KI=?=\r\nFrom: khalimzod@list.ru\r\nTo: <firdavskhushkadamov@gmail.com>\r\n\r\n--===============8646942118574966547==\r\nContent-Type: text/plain; charset="utf-8"\r\nMIME-Version: 1.0\r\nContent-Transfer-Encoding: base64\r\n\r\n0JfQtNGA0LDQstGB0YLQstGD0LnRgtC1LCAKINCaINGB0L7QttCw0LvQtdC90LjRjiDRhNCw0LnQ\r\nuyDRgSDQuNC80LXQvdC10LwgSEsudjAuNTcwNy4zMTEyMjAyNCAtIENvcHkueGxzeCwg0LfQsNCz\r\n0YDRg9C20LXQvdC90YvQuSDQsiAyMDI0LTA3LTAzIDE4OjM1OjQxKzAwOjAwINC90LUg0LHRi9C7\r\nINC/0YDQuNC90Y/RgiDRgdC40YHRgtC10LzQvtC5INCw0LLRgtC+0LzQsNGC0LjRh9C10YHQutC+\r\n0Lkg0L7QsdGA0LDQsdC+0YLQutC4LiDQn9C+0LbQsNC70YPQudGB0YLQsCwg0L/RgNC+0LLQtdGA\r\n0YzRgtC1INC30LDQv9C+0LvQvdC10L3QuNC1INGE0LDQudC70LAuIAog0JTQvtC/0L7Qu9C90LjR\r\ngtC10LvRjNC90YvQtSDRgdCy0LXQtNC10L3RjNGPINC/0L4g0L7QsdC90LDRgNGD0LbQtdC90L3R\r\ni9C8INC+0YjQuNCx0LrQsNC8INC/0YDQuNC70L7QttC10L3QvdGLINC6INC/0LjRgdGM0LzRgy4K\r\nIEMg0YPQstCw0LbQtdC90LjQtdC8LCAKINCU0LXQv9Cw0YDRgtCw0LzQtdC90YIg0YHRgtCw0YLQ\r\nuNGB0YLQuNC60Lgg0Lgg0L/Qu9Cw0YLQtdC20L3QvtCz0L4g0LHQsNC70LDQvdGB0LAg\r\n\r\n--===============8646942118574966547==--\r\n.\r\n'
[2024-07-03T13:39:42.464+0000] {logging_mixin.py:151} WARNING - reply: b'250 OK id=1sP0Cz-0000000BfPt-3Ipt\r\n'
[2024-07-03T13:39:42.465+0000] {logging_mixin.py:151} WARNING - reply: retcode (250); Msg: b'OK id=1sP0Cz-0000000BfPt-3Ipt'
[2024-07-03T13:39:42.465+0000] {logging_mixin.py:151} WARNING - data: (250, b'OK id=1sP0Cz-0000000BfPt-3Ipt')
[2024-07-03T13:39:42.465+0000] {logging_mixin.py:151} INFO - #>2024-07-03 13:39:42.465436_User@StatDep: email successfuly sent
[2024-07-03T13:39:42.465+0000] {logging_mixin.py:151} WARNING - send: 'QUIT\r\n'
[2024-07-03T13:39:42.730+0000] {logging_mixin.py:151} WARNING - reply: b'221 smtp51.i.mail.ru closing connection\r\n'
[2024-07-03T13:39:42.730+0000] {logging_mixin.py:151} WARNING - reply: retcode (221); Msg: b'smtp51.i.mail.ru closing connection'
[2024-07-03T13:39:42.731+0000] {logging_mixin.py:151} INFO - #>2024-07-03 13:39:42.731044_User@StatDep: email object ready to be sent:
[2024-07-03T13:39:43.122+0000] {logging_mixin.py:151} WARNING - send: 'ehlo [172.20.0.6]\r\n'
[2024-07-03T13:39:43.191+0000] {logging_mixin.py:151} WARNING - reply: b'250-smtp61.i.mail.ru\r\n'
[2024-07-03T13:39:43.192+0000] {logging_mixin.py:151} WARNING - reply: b'250-SIZE 73400320\r\n'
[2024-07-03T13:39:43.192+0000] {logging_mixin.py:151} WARNING - reply: b'250-8BITMIME\r\n'
[2024-07-03T13:39:43.193+0000] {logging_mixin.py:151} WARNING - reply: b'250-PIPELINING\r\n'
[2024-07-03T13:39:43.193+0000] {logging_mixin.py:151} WARNING - reply: b'250-DSN\r\n'
[2024-07-03T13:39:43.193+0000] {logging_mixin.py:151} WARNING - reply: b'250-SMTPUTF8\r\n'
[2024-07-03T13:39:43.193+0000] {logging_mixin.py:151} WARNING - reply: b'250 AUTH PLAIN LOGIN XOAUTH2\r\n'
[2024-07-03T13:39:43.194+0000] {logging_mixin.py:151} WARNING - reply: retcode (250); Msg: b'smtp61.i.mail.ru\nSIZE 73400320\n8BITMIME\nPIPELINING\nDSN\nSMTPUTF8\nAUTH PLAIN LOGIN XOAUTH2'
[2024-07-03T13:39:43.195+0000] {logging_mixin.py:151} WARNING - send: 'AUTH PLAIN AGtoYWxpbXpvZEBsaXN0LnJ1AEdSWFFSakMyYms0cVpIQjI2VXFk\r\n'
[2024-07-03T13:39:43.405+0000] {logging_mixin.py:151} WARNING - reply: b'235 Authentication succeeded\r\n'
[2024-07-03T13:39:43.406+0000] {logging_mixin.py:151} WARNING - reply: retcode (235); Msg: b'Authentication succeeded'
[2024-07-03T13:39:43.409+0000] {logging_mixin.py:151} WARNING - send: 'mail FROM:<khalimzod@list.ru> size=1305\r\n'
[2024-07-03T13:39:43.475+0000] {logging_mixin.py:151} WARNING - reply: b'250 OK\r\n'
[2024-07-03T13:39:43.476+0000] {logging_mixin.py:151} WARNING - reply: retcode (250); Msg: b'OK'
[2024-07-03T13:39:43.476+0000] {logging_mixin.py:151} WARNING - send: 'rcpt TO:<firdavskhushkadamov@gmail.com>\r\n'
[2024-07-03T13:39:43.553+0000] {logging_mixin.py:151} WARNING - reply: b'250 Accepted\r\n'
[2024-07-03T13:39:43.553+0000] {logging_mixin.py:151} WARNING - reply: retcode (250); Msg: b'Accepted'
[2024-07-03T13:39:43.554+0000] {logging_mixin.py:151} WARNING - send: 'data\r\n'
[2024-07-03T13:39:43.620+0000] {logging_mixin.py:151} WARNING - reply: b'354 Enter message, ending with "." on a line by itself\r\n'
[2024-07-03T13:39:43.620+0000] {logging_mixin.py:151} WARNING - reply: retcode (354); Msg: b'Enter message, ending with "." on a line by itself'
[2024-07-03T13:39:43.620+0000] {logging_mixin.py:151} WARNING - data: (354, b'Enter message, ending with "." on a line by itself')
[2024-07-03T13:39:43.620+0000] {logging_mixin.py:151} WARNING - send: b'Content-Type: multipart/mixed; boundary="===============1970287002891363443=="\r\nMIME-Version: 1.0\r\nSubject: =?utf-8?b?b21vckBuYnQudGo6INGE0LDQudC7ICLQodCw0LvQsNC80LDQu9C10LrRg9C80psueGxzeCIg0LfQsNCz0YDRg9C20LXQvdC90YvQtSDQsiAyMDI0LTA3LTAzIDE4OjM1OjQxKzAwOjAwINCd0JUg0J/QoNCY0J3Qr9Ci?=\r\nFrom: khalimzod@list.ru\r\nTo: <firdavskhushkadamov@gmail.com>\r\n\r\n--===============1970287002891363443==\r\nContent-Type: text/plain; charset="utf-8"\r\nMIME-Version: 1.0\r\nContent-Transfer-Encoding: base64\r\n\r\n0JfQtNGA0LDQstGB0YLQstGD0LnRgtC1LCAKINCaINGB0L7QttCw0LvQtdC90LjRjiDRhNCw0LnQ\r\nuyDRgSDQuNC80LXQvdC10Lwg0KHQsNC70LDQvNCw0LvQtdC60YPQvNKbLnhsc3gsINC30LDQs9GA\r\n0YPQttC10L3QvdGL0Lkg0LIgMjAyNC0wNy0wMyAxODozNTo0MSswMDowMCDQvdC1INCx0YvQuyDQ\r\nv9GA0LjQvdGP0YIg0YHQuNGB0YLQtdC80L7QuSDQsNCy0YLQvtC80LDRgtC40YfQtdGB0LrQvtC5\r\nINC+0LHRgNCw0LHQvtGC0LrQuC4g0J/QvtC20LDQu9GD0LnRgdGC0LAsINC/0YDQvtCy0LXRgNGM\r\n0YLQtSDQt9Cw0L/QvtC70L3QtdC90LjQtSDRhNCw0LnQu9CwLiAKINCU0L7Qv9C+0LvQvdC40YLQ\r\ntdC70YzQvdGL0LUg0YHQstC10LTQtdC90YzRjyDQv9C+INC+0LHQvdCw0YDRg9C20LXQvdC90YvQ\r\nvCDQvtGI0LjQsdC60LDQvCDQv9GA0LjQu9C+0LbQtdC90L3RiyDQuiDQv9C40YHRjNC80YMuCiBD\r\nINGD0LLQsNC20LXQvdC40LXQvCwgCiDQlNC10L/QsNGA0YLQsNC80LXQvdGCINGB0YLQsNGC0LjR\r\ngdGC0LjQutC4INC4INC/0LvQsNGC0LXQttC90L7Qs9C+INCx0LDQu9Cw0L3RgdCwIA==\r\n\r\n--===============1970287002891363443==--\r\n.\r\n'
[2024-07-03T13:39:44.111+0000] {logging_mixin.py:151} WARNING - reply: b'250 OK id=1sP0D1-0000000Cbi2-2TJJ\r\n'
[2024-07-03T13:39:44.111+0000] {logging_mixin.py:151} WARNING - reply: retcode (250); Msg: b'OK id=1sP0D1-0000000Cbi2-2TJJ'
[2024-07-03T13:39:44.112+0000] {logging_mixin.py:151} WARNING - data: (250, b'OK id=1sP0D1-0000000Cbi2-2TJJ')
[2024-07-03T13:39:44.112+0000] {logging_mixin.py:151} INFO - #>2024-07-03 13:39:44.112577_User@StatDep: email successfuly sent
[2024-07-03T13:39:44.112+0000] {logging_mixin.py:151} WARNING - send: 'QUIT\r\n'
[2024-07-03T13:39:44.379+0000] {logging_mixin.py:151} WARNING - reply: b'221 smtp61.i.mail.ru closing connection\r\n'
[2024-07-03T13:39:44.380+0000] {logging_mixin.py:151} WARNING - reply: retcode (221); Msg: b'smtp61.i.mail.ru closing connection'
[2024-07-03T13:39:44.381+0000] {logging_mixin.py:151} INFO - #>2024-07-03 13:39:44.381640_User@StatDep: email object ready to be sent:
[2024-07-03T13:39:44.769+0000] {logging_mixin.py:151} WARNING - send: 'ehlo [172.20.0.6]\r\n'
[2024-07-03T13:39:44.834+0000] {logging_mixin.py:151} WARNING - reply: b'250-smtp47.i.mail.ru\r\n'
[2024-07-03T13:39:44.835+0000] {logging_mixin.py:151} WARNING - reply: b'250-SIZE 73400320\r\n'
[2024-07-03T13:39:44.835+0000] {logging_mixin.py:151} WARNING - reply: b'250-8BITMIME\r\n'
[2024-07-03T13:39:44.835+0000] {logging_mixin.py:151} WARNING - reply: b'250-PIPELINING\r\n'
[2024-07-03T13:39:44.836+0000] {logging_mixin.py:151} WARNING - reply: b'250-DSN\r\n'
[2024-07-03T13:39:44.836+0000] {logging_mixin.py:151} WARNING - reply: b'250-SMTPUTF8\r\n'
[2024-07-03T13:39:44.836+0000] {logging_mixin.py:151} WARNING - reply: b'250 AUTH PLAIN LOGIN XOAUTH2\r\n'
[2024-07-03T13:39:44.836+0000] {logging_mixin.py:151} WARNING - reply: retcode (250); Msg: b'smtp47.i.mail.ru\nSIZE 73400320\n8BITMIME\nPIPELINING\nDSN\nSMTPUTF8\nAUTH PLAIN LOGIN XOAUTH2'
[2024-07-03T13:39:44.837+0000] {logging_mixin.py:151} WARNING - send: 'AUTH PLAIN AGtoYWxpbXpvZEBsaXN0LnJ1AEdSWFFSakMyYms0cVpIQjI2VXFk\r\n'
[2024-07-03T13:39:45.045+0000] {logging_mixin.py:151} WARNING - reply: b'235 Authentication succeeded\r\n'
[2024-07-03T13:39:45.045+0000] {logging_mixin.py:151} WARNING - reply: retcode (235); Msg: b'Authentication succeeded'
[2024-07-03T13:39:45.048+0000] {logging_mixin.py:151} WARNING - send: 'mail FROM:<khalimzod@list.ru> size=1309\r\n'
[2024-07-03T13:39:45.115+0000] {logging_mixin.py:151} WARNING - reply: b'250 OK\r\n'
[2024-07-03T13:39:45.115+0000] {logging_mixin.py:151} WARNING - reply: retcode (250); Msg: b'OK'
[2024-07-03T13:39:45.116+0000] {logging_mixin.py:151} WARNING - send: 'rcpt TO:<firdavskhushkadamov@gmail.com>\r\n'
[2024-07-03T13:39:45.191+0000] {logging_mixin.py:151} WARNING - reply: b'250 Accepted\r\n'
[2024-07-03T13:39:45.191+0000] {logging_mixin.py:151} WARNING - reply: retcode (250); Msg: b'Accepted'
[2024-07-03T13:39:45.192+0000] {logging_mixin.py:151} WARNING - send: 'data\r\n'
[2024-07-03T13:39:45.257+0000] {logging_mixin.py:151} WARNING - reply: b'354 Enter message, ending with "." on a line by itself\r\n'
[2024-07-03T13:39:45.257+0000] {logging_mixin.py:151} WARNING - reply: retcode (354); Msg: b'Enter message, ending with "." on a line by itself'
[2024-07-03T13:39:45.257+0000] {logging_mixin.py:151} WARNING - data: (354, b'Enter message, ending with "." on a line by itself')
[2024-07-03T13:39:45.258+0000] {logging_mixin.py:151} WARNING - send: b'Content-Type: multipart/mixed; boundary="===============8576350609270720877=="\r\nMIME-Version: 1.0\r\nSubject: =?utf-8?b?b21vckBuYnQudGo6INGE0LDQudC7ICJISy52MC41NzA3LjMxMTIyMDI0IC0gQ29weS54bHN4IiDQt9Cw0LPRgNGD0LbQtdC90L3Ri9C1INCyIDIwMjQtMDctMDMgMTg6MzU6NDErMDA6MDAg0J3QlSDQn9Cg0JjQndCv0KI=?=\r\nFrom: khalimzod@list.ru\r\nTo: <firdavskhushkadamov@gmail.com>\r\n\r\n--===============8576350609270720877==\r\nContent-Type: text/plain; charset="utf-8"\r\nMIME-Version: 1.0\r\nContent-Transfer-Encoding: base64\r\n\r\n0JfQtNGA0LDQstGB0YLQstGD0LnRgtC1LCAKINCaINGB0L7QttCw0LvQtdC90LjRjiDRhNCw0LnQ\r\nuyDRgSDQuNC80LXQvdC10LwgSEsudjAuNTcwNy4zMTEyMjAyNCAtIENvcHkueGxzeCwg0LfQsNCz\r\n0YDRg9C20LXQvdC90YvQuSDQsiAyMDI0LTA3LTAzIDE4OjM1OjQxKzAwOjAwINC90LUg0LHRi9C7\r\nINC/0YDQuNC90Y/RgiDRgdC40YHRgtC10LzQvtC5INCw0LLRgtC+0LzQsNGC0LjRh9C10YHQutC+\r\n0Lkg0L7QsdGA0LDQsdC+0YLQutC4LiDQn9C+0LbQsNC70YPQudGB0YLQsCwg0L/RgNC+0LLQtdGA\r\n0YzRgtC1INC30LDQv9C+0LvQvdC10L3QuNC1INGE0LDQudC70LAuIAog0JTQvtC/0L7Qu9C90LjR\r\ngtC10LvRjNC90YvQtSDRgdCy0LXQtNC10L3RjNGPINC/0L4g0L7QsdC90LDRgNGD0LbQtdC90L3R\r\ni9C8INC+0YjQuNCx0LrQsNC8INC/0YDQuNC70L7QttC10L3QvdGLINC6INC/0LjRgdGM0LzRgy4K\r\nIEMg0YPQstCw0LbQtdC90LjQtdC8LCAKINCU0LXQv9Cw0YDRgtCw0LzQtdC90YIg0YHRgtCw0YLQ\r\nuNGB0YLQuNC60Lgg0Lgg0L/Qu9Cw0YLQtdC20L3QvtCz0L4g0LHQsNC70LDQvdGB0LAg\r\n\r\n--===============8576350609270720877==--\r\n.\r\n'
[2024-07-03T13:39:45.773+0000] {logging_mixin.py:151} WARNING - reply: b'250 OK id=1sP0D3-0000000Br8L-0weG\r\n'
[2024-07-03T13:39:45.774+0000] {logging_mixin.py:151} WARNING - reply: retcode (250); Msg: b'OK id=1sP0D3-0000000Br8L-0weG'
[2024-07-03T13:39:45.774+0000] {logging_mixin.py:151} WARNING - data: (250, b'OK id=1sP0D3-0000000Br8L-0weG')
[2024-07-03T13:39:45.774+0000] {logging_mixin.py:151} INFO - #>2024-07-03 13:39:45.774739_User@StatDep: email successfuly sent
[2024-07-03T13:39:45.774+0000] {logging_mixin.py:151} WARNING - send: 'QUIT\r\n'
[2024-07-03T13:39:46.041+0000] {logging_mixin.py:151} WARNING - reply: b'221 smtp47.i.mail.ru closing connection\r\n'
[2024-07-03T13:39:46.041+0000] {logging_mixin.py:151} WARNING - reply: retcode (221); Msg: b'smtp47.i.mail.ru closing connection'
[2024-07-03T13:39:46.042+0000] {logging_mixin.py:151} INFO -    finilizing processing for the reserved file uploads...
[2024-07-03T13:39:46.043+0000] {python.py:194} INFO - Done. Returned value was: True
[2024-07-03T13:39:46.092+0000] {taskinstance.py:1400} INFO - Marking task as SUCCESS. dag_id=reports_workflow, task_id=id_task_send_emails, execution_date=20240702T223000, start_date=20240703T133851, end_date=20240703T133946
[2024-07-03T13:39:46.134+0000] {local_task_job_runner.py:228} INFO - Task exited with return code 0
[2024-07-03T13:39:46.183+0000] {taskinstance.py:2784} INFO - 0 downstream tasks scheduled from follow-on schedule check
