[2024-07-03T09:57:00.701+0000] {taskinstance.py:1159} INFO - Dependencies all met for dep_context=non-requeueable deps ti=<TaskInstance: reports_workflow.id_task_get_emails scheduled__2024-07-02T04:30:00+00:00 [queued]>
[2024-07-03T09:57:00.710+0000] {taskinstance.py:1159} INFO - Dependencies all met for dep_context=requeueable deps ti=<TaskInstance: reports_workflow.id_task_get_emails scheduled__2024-07-02T04:30:00+00:00 [queued]>
[2024-07-03T09:57:00.714+0000] {taskinstance.py:1361} INFO - Starting attempt 1 of 1
[2024-07-03T09:57:00.729+0000] {taskinstance.py:1382} INFO - Executing <Task(PythonOperator): id_task_get_emails> on 2024-07-02 04:30:00+00:00
[2024-07-03T09:57:00.737+0000] {standard_task_runner.py:57} INFO - Started process 20430 to run task
[2024-07-03T09:57:00.762+0000] {standard_task_runner.py:84} INFO - Running: ['***', 'tasks', 'run', 'reports_workflow', 'id_task_get_emails', 'scheduled__2024-07-02T04:30:00+00:00', '--job-id', '297', '--raw', '--subdir', 'DAGS_FOLDER/dag_email_robot.py', '--cfg-path', '/tmp/tmpo89v7aaz']
[2024-07-03T09:57:00.764+0000] {standard_task_runner.py:85} INFO - Job 297: Subtask id_task_get_emails
[2024-07-03T09:57:00.880+0000] {task_command.py:415} INFO - Running <TaskInstance: reports_workflow.id_task_get_emails scheduled__2024-07-02T04:30:00+00:00 [running]> on host 6f4ef5488251
[2024-07-03T09:57:01.000+0000] {taskinstance.py:1660} INFO - Exporting env vars: AIRFLOW_CTX_DAG_OWNER='FIRDAVS' AIRFLOW_CTX_DAG_ID='reports_workflow' AIRFLOW_CTX_TASK_ID='id_task_get_emails' AIRFLOW_CTX_EXECUTION_DATE='2024-07-02T04:30:00+00:00' AIRFLOW_CTX_TRY_NUMBER='1' AIRFLOW_CTX_DAG_RUN_ID='scheduled__2024-07-02T04:30:00+00:00'
[2024-07-03T09:57:01.001+0000] {logging_mixin.py:151} INFO - path of config file:  /opt/***
[2024-07-03T09:57:01.002+0000] {taskinstance.py:1943} ERROR - Task failed with exception
Traceback (most recent call last):
  File "/home/airflow/.local/lib/python3.8/site-packages/airflow/operators/python.py", line 192, in execute
    return_value = self.execute_callable()
  File "/home/airflow/.local/lib/python3.8/site-packages/airflow/operators/python.py", line 209, in execute_callable
    return self.python_callable(*self.op_args, **self.op_kwargs)
  File "/opt/airflow/dags/dag_email_robot.py", line 22, in get_emails
    email_conf = json.load (open(path / ("config/email_conf.json")))
NameError: name 'json' is not defined
[2024-07-03T09:57:01.016+0000] {taskinstance.py:1400} INFO - Marking task as FAILED. dag_id=reports_workflow, task_id=id_task_get_emails, execution_date=20240702T043000, start_date=20240703T095700, end_date=20240703T095701
[2024-07-03T09:57:01.040+0000] {standard_task_runner.py:104} ERROR - Failed to execute job 297 for task id_task_get_emails (name 'json' is not defined; 20430)
[2024-07-03T09:57:01.082+0000] {local_task_job_runner.py:228} INFO - Task exited with return code 1
[2024-07-03T09:57:01.119+0000] {taskinstance.py:2784} INFO - 0 downstream tasks scheduled from follow-on schedule check
[2024-07-03T12:04:39.111+0000] {taskinstance.py:1159} INFO - Dependencies all met for dep_context=non-requeueable deps ti=<TaskInstance: reports_workflow.id_task_get_emails scheduled__2024-07-02T04:30:00+00:00 [queued]>
[2024-07-03T12:04:39.130+0000] {taskinstance.py:1159} INFO - Dependencies all met for dep_context=requeueable deps ti=<TaskInstance: reports_workflow.id_task_get_emails scheduled__2024-07-02T04:30:00+00:00 [queued]>
[2024-07-03T12:04:39.130+0000] {taskinstance.py:1361} INFO - Starting attempt 1 of 1
[2024-07-03T12:04:39.173+0000] {taskinstance.py:1382} INFO - Executing <Task(PythonOperator): id_task_get_emails> on 2024-07-02 04:30:00+00:00
[2024-07-03T12:04:39.178+0000] {standard_task_runner.py:57} INFO - Started process 23252 to run task
[2024-07-03T12:04:39.188+0000] {standard_task_runner.py:84} INFO - Running: ['***', 'tasks', 'run', 'reports_workflow', 'id_task_get_emails', 'scheduled__2024-07-02T04:30:00+00:00', '--job-id', '740', '--raw', '--subdir', 'DAGS_FOLDER/dag_email_robot.py', '--cfg-path', '/tmp/tmpyi5a8ofo']
[2024-07-03T12:04:39.190+0000] {standard_task_runner.py:85} INFO - Job 740: Subtask id_task_get_emails
[2024-07-03T12:04:39.301+0000] {task_command.py:415} INFO - Running <TaskInstance: reports_workflow.id_task_get_emails scheduled__2024-07-02T04:30:00+00:00 [running]> on host 6f4ef5488251
[2024-07-03T12:04:39.403+0000] {taskinstance.py:1660} INFO - Exporting env vars: AIRFLOW_CTX_DAG_OWNER='FIRDAVS' AIRFLOW_CTX_DAG_ID='reports_workflow' AIRFLOW_CTX_TASK_ID='id_task_get_emails' AIRFLOW_CTX_EXECUTION_DATE='2024-07-02T04:30:00+00:00' AIRFLOW_CTX_TRY_NUMBER='1' AIRFLOW_CTX_DAG_RUN_ID='scheduled__2024-07-02T04:30:00+00:00'
[2024-07-03T12:04:39.404+0000] {logging_mixin.py:151} INFO - path of config file:  /opt/***
[2024-07-03T12:04:39.404+0000] {logging_mixin.py:151} INFO - #>2024-07-03 12:04:39.404566_User@StatDep: EmailRobot in screated.
[2024-07-03T12:04:39.404+0000] {logging_mixin.py:151} INFO - #>2024-07-03 12:04:39.404761_User@StatDep: get_for_recent_emails is started...
[2024-07-03T12:04:39.404+0000] {logging_mixin.py:151} INFO - #>2024-07-03 12:04:39.404895_User@StatDep: pop3_fetch_emails isstarted...
[2024-07-03T12:04:39.773+0000] {logging_mixin.py:151} INFO -    b'+OK'
[2024-07-03T12:04:40.190+0000] {logging_mixin.py:151} INFO -    mailbox have 1 emails and the robot can process 10
[2024-07-03T12:04:40.635+0000] {logging_mixin.py:151} INFO -    #>2024-07-03 12:04:40.635184_conneciton to db is set.
[2024-07-03T12:04:40.659+0000] {taskinstance.py:1943} ERROR - Task failed with exception
Traceback (most recent call last):
  File "/home/airflow/.local/lib/python3.8/site-packages/airflow/operators/python.py", line 192, in execute
    return_value = self.execute_callable()
  File "/home/airflow/.local/lib/python3.8/site-packages/airflow/operators/python.py", line 209, in execute_callable
    return self.python_callable(*self.op_args, **self.op_kwargs)
  File "/opt/airflow/dags/dag_email_robot.py", line 25, in get_emails
    robot.fetch_emails()
  File "/opt/airflow/dags/emailRobot.py", line 62, in fetch_emails
    return self.pop3_fetch_emails()
  File "/opt/airflow/dags/emailRobot.py", line 156, in pop3_fetch_emails
    cursor.execute (query, insert_values)
psycopg2.errors.UndefinedTable: relation "sma_stat_dep.tbl_file_upload" does not exist
LINE 1: ...) AS (INSERT INTO                                 sma_stat_d...
                                                             ^

[2024-07-03T12:04:40.673+0000] {taskinstance.py:1400} INFO - Marking task as FAILED. dag_id=reports_workflow, task_id=id_task_get_emails, execution_date=20240702T043000, start_date=20240703T120439, end_date=20240703T120440
[2024-07-03T12:04:40.691+0000] {standard_task_runner.py:104} ERROR - Failed to execute job 740 for task id_task_get_emails (relation "sma_stat_dep.tbl_file_upload" does not exist
LINE 1: ...) AS (INSERT INTO                                 sma_stat_d...
                                                             ^
; 23252)
[2024-07-03T12:04:40.731+0000] {local_task_job_runner.py:228} INFO - Task exited with return code 1
[2024-07-03T12:04:40.862+0000] {taskinstance.py:2784} INFO - 0 downstream tasks scheduled from follow-on schedule check
[2024-07-03T12:21:53.035+0000] {taskinstance.py:1159} INFO - Dependencies all met for dep_context=non-requeueable deps ti=<TaskInstance: reports_workflow.id_task_get_emails scheduled__2024-07-02T04:30:00+00:00 [queued]>
[2024-07-03T12:21:53.049+0000] {taskinstance.py:1159} INFO - Dependencies all met for dep_context=requeueable deps ti=<TaskInstance: reports_workflow.id_task_get_emails scheduled__2024-07-02T04:30:00+00:00 [queued]>
[2024-07-03T12:21:53.049+0000] {taskinstance.py:1361} INFO - Starting attempt 1 of 1
[2024-07-03T12:21:53.086+0000] {taskinstance.py:1382} INFO - Executing <Task(PythonOperator): id_task_get_emails> on 2024-07-02 04:30:00+00:00
[2024-07-03T12:21:53.093+0000] {standard_task_runner.py:57} INFO - Started process 24030 to run task
[2024-07-03T12:21:53.106+0000] {standard_task_runner.py:84} INFO - Running: ['***', 'tasks', 'run', 'reports_workflow', 'id_task_get_emails', 'scheduled__2024-07-02T04:30:00+00:00', '--job-id', '999', '--raw', '--subdir', 'DAGS_FOLDER/dag_email_robot.py', '--cfg-path', '/tmp/tmpw4ygfqcv']
[2024-07-03T12:21:53.107+0000] {standard_task_runner.py:85} INFO - Job 999: Subtask id_task_get_emails
[2024-07-03T12:21:53.233+0000] {task_command.py:415} INFO - Running <TaskInstance: reports_workflow.id_task_get_emails scheduled__2024-07-02T04:30:00+00:00 [running]> on host 6f4ef5488251
[2024-07-03T12:21:53.363+0000] {taskinstance.py:1660} INFO - Exporting env vars: AIRFLOW_CTX_DAG_OWNER='FIRDAVS' AIRFLOW_CTX_DAG_ID='reports_workflow' AIRFLOW_CTX_TASK_ID='id_task_get_emails' AIRFLOW_CTX_EXECUTION_DATE='2024-07-02T04:30:00+00:00' AIRFLOW_CTX_TRY_NUMBER='1' AIRFLOW_CTX_DAG_RUN_ID='scheduled__2024-07-02T04:30:00+00:00'
[2024-07-03T12:21:53.364+0000] {logging_mixin.py:151} INFO - path of config file:  /opt/***
[2024-07-03T12:21:53.364+0000] {logging_mixin.py:151} INFO - #>2024-07-03 12:21:53.364755_User@StatDep: EmailRobot in screated.
[2024-07-03T12:21:53.364+0000] {logging_mixin.py:151} INFO - #>2024-07-03 12:21:53.364945_User@StatDep: get_for_recent_emails is started...
[2024-07-03T12:21:53.365+0000] {logging_mixin.py:151} INFO - #>2024-07-03 12:21:53.365079_User@StatDep: pop3_fetch_emails isstarted...
[2024-07-03T12:21:53.772+0000] {logging_mixin.py:151} INFO -    b'+OK'
[2024-07-03T12:21:54.138+0000] {logging_mixin.py:151} INFO -    mailbox have 0 emails and the robot can process 10
[2024-07-03T12:21:54.138+0000] {logging_mixin.py:151} INFO - #>2024-07-03 12:21:54.138505_User@StatDep: no emails to process, exiting pop3_fetch_emails()...
[2024-07-03T12:21:54.138+0000] {python.py:194} INFO - Done. Returned value was: True
[2024-07-03T12:21:54.199+0000] {taskinstance.py:1400} INFO - Marking task as SUCCESS. dag_id=reports_workflow, task_id=id_task_get_emails, execution_date=20240702T043000, start_date=20240703T122153, end_date=20240703T122154
[2024-07-03T12:21:54.245+0000] {local_task_job_runner.py:228} INFO - Task exited with return code 0
[2024-07-03T12:21:54.281+0000] {taskinstance.py:2784} INFO - 1 downstream tasks scheduled from follow-on schedule check
