[2024-07-02T11:35:27.115+0000] {taskinstance.py:1159} INFO - Dependencies all met for dep_context=non-requeueable deps ti=<TaskInstance: dag_with_python_dependencies_v05.get_hello scheduled__2024-07-01T20:05:00+00:00 [queued]>
[2024-07-02T11:35:27.129+0000] {taskinstance.py:1159} INFO - Dependencies all met for dep_context=requeueable deps ti=<TaskInstance: dag_with_python_dependencies_v05.get_hello scheduled__2024-07-01T20:05:00+00:00 [queued]>
[2024-07-02T11:35:27.129+0000] {taskinstance.py:1361} INFO - Starting attempt 1 of 1
[2024-07-02T11:35:27.172+0000] {taskinstance.py:1382} INFO - Executing <Task(PythonOperator): get_hello> on 2024-07-01 20:05:00+00:00
[2024-07-02T11:35:27.178+0000] {standard_task_runner.py:57} INFO - Started process 1382 to run task
[2024-07-02T11:35:27.188+0000] {standard_task_runner.py:84} INFO - Running: ['***', 'tasks', 'run', 'dag_with_python_dependencies_v05', 'get_hello', 'scheduled__2024-07-01T20:05:00+00:00', '--job-id', '243', '--raw', '--subdir', 'DAGS_FOLDER/a_dependancy_check.py', '--cfg-path', '/tmp/tmpnb157099']
[2024-07-02T11:35:27.191+0000] {standard_task_runner.py:85} INFO - Job 243: Subtask get_hello
[2024-07-02T11:35:27.334+0000] {task_command.py:415} INFO - Running <TaskInstance: dag_with_python_dependencies_v05.get_hello scheduled__2024-07-01T20:05:00+00:00 [running]> on host cce0ef517559
[2024-07-02T11:35:27.511+0000] {taskinstance.py:1660} INFO - Exporting env vars: AIRFLOW_CTX_DAG_OWNER='coder2j' AIRFLOW_CTX_DAG_ID='dag_with_python_dependencies_v05' AIRFLOW_CTX_TASK_ID='get_hello' AIRFLOW_CTX_EXECUTION_DATE='2024-07-01T20:05:00+00:00' AIRFLOW_CTX_TRY_NUMBER='1' AIRFLOW_CTX_DAG_RUN_ID='scheduled__2024-07-01T20:05:00+00:00'
[2024-07-02T11:35:27.514+0000] {taskinstance.py:1943} ERROR - Task failed with exception
Traceback (most recent call last):
  File "/opt/airflow/dags/a_dependancy_check.py", line 23, in get_hello
    connection = psycopg2.connect(user="docker",
  File "/home/airflow/.local/lib/python3.8/site-packages/psycopg2/__init__.py", line 122, in connect
    conn = _connect(dsn, connection_factory=connection_factory, **kwasync)
psycopg2.OperationalError: could not translate host name "posql-postgres_omor-1" to address: Name or service not known


During handling of the above exception, another exception occurred:

Traceback (most recent call last):
  File "/home/airflow/.local/lib/python3.8/site-packages/airflow/operators/python.py", line 192, in execute
    return_value = self.execute_callable()
  File "/home/airflow/.local/lib/python3.8/site-packages/airflow/operators/python.py", line 209, in execute_callable
    return self.python_callable(*self.op_args, **self.op_kwargs)
  File "/opt/airflow/dags/a_dependancy_check.py", line 273, in get_hello
    if connection:
UnboundLocalError: local variable 'connection' referenced before assignment
[2024-07-02T11:35:27.525+0000] {taskinstance.py:1400} INFO - Marking task as FAILED. dag_id=dag_with_python_dependencies_v05, task_id=get_hello, execution_date=20240701T200500, start_date=20240702T113527, end_date=20240702T113527
[2024-07-02T11:35:27.539+0000] {standard_task_runner.py:104} ERROR - Failed to execute job 243 for task get_hello (local variable 'connection' referenced before assignment; 1382)
[2024-07-02T11:35:27.570+0000] {local_task_job_runner.py:228} INFO - Task exited with return code 1
[2024-07-02T11:35:27.603+0000] {taskinstance.py:2784} INFO - 0 downstream tasks scheduled from follow-on schedule check
