[2024-07-08T05:55:01.879+0000] {taskinstance.py:1159} INFO - Dependencies all met for dep_context=non-requeueable deps ti=<TaskInstance: reports_workflow.id_task_get_emails scheduled__2024-07-08T05:50:00+00:00 [queued]>
[2024-07-08T05:55:01.887+0000] {taskinstance.py:1159} INFO - Dependencies all met for dep_context=requeueable deps ti=<TaskInstance: reports_workflow.id_task_get_emails scheduled__2024-07-08T05:50:00+00:00 [queued]>
[2024-07-08T05:55:01.887+0000] {taskinstance.py:1361} INFO - Starting attempt 1 of 2
[2024-07-08T05:55:01.898+0000] {taskinstance.py:1382} INFO - Executing <Task(PythonOperator): id_task_get_emails> on 2024-07-08 05:50:00+00:00
[2024-07-08T05:55:01.904+0000] {standard_task_runner.py:57} INFO - Started process 3161 to run task
[2024-07-08T05:55:01.908+0000] {standard_task_runner.py:84} INFO - Running: ['***', 'tasks', 'run', 'reports_workflow', 'id_task_get_emails', 'scheduled__2024-07-08T05:50:00+00:00', '--job-id', '3545', '--raw', '--subdir', 'DAGS_FOLDER/dag_email_robot.py', '--cfg-path', '/tmp/tmpb4lz0lb5']
[2024-07-08T05:55:01.911+0000] {standard_task_runner.py:85} INFO - Job 3545: Subtask id_task_get_emails
[2024-07-08T05:55:01.996+0000] {task_command.py:415} INFO - Running <TaskInstance: reports_workflow.id_task_get_emails scheduled__2024-07-08T05:50:00+00:00 [running]> on host 6f4ef5488251
[2024-07-08T05:55:02.106+0000] {taskinstance.py:1660} INFO - Exporting env vars: AIRFLOW_CTX_DAG_OWNER='FIRDAVS' AIRFLOW_CTX_DAG_ID='reports_workflow' AIRFLOW_CTX_TASK_ID='id_task_get_emails' AIRFLOW_CTX_EXECUTION_DATE='2024-07-08T05:50:00+00:00' AIRFLOW_CTX_TRY_NUMBER='1' AIRFLOW_CTX_DAG_RUN_ID='scheduled__2024-07-08T05:50:00+00:00'
[2024-07-08T05:55:02.107+0000] {logging_mixin.py:151} INFO - path of config file:  /opt/***
[2024-07-08T05:55:02.108+0000] {logging_mixin.py:151} INFO - #>2024-07-08 05:55:02.108171_User@StatDep: EmailRobot in screated.
[2024-07-08T05:55:02.108+0000] {logging_mixin.py:151} INFO - #>2024-07-08 05:55:02.108344_User@StatDep: get_for_recent_emails is started...
[2024-07-08T05:55:02.108+0000] {logging_mixin.py:151} INFO - #>2024-07-08 05:55:02.108482_User@StatDep: pop3_fetch_emails isstarted...
[2024-07-08T05:55:02.590+0000] {logging_mixin.py:151} INFO -    b'+OK'
[2024-07-08T05:55:02.965+0000] {logging_mixin.py:151} INFO -    mailbox have 0 emails and the robot can process 10
[2024-07-08T05:55:02.965+0000] {logging_mixin.py:151} INFO - #>2024-07-08 05:55:02.965677_User@StatDep: no emails to process, exiting pop3_fetch_emails()...
[2024-07-08T05:55:02.966+0000] {python.py:194} INFO - Done. Returned value was: True
[2024-07-08T05:55:03.004+0000] {taskinstance.py:1400} INFO - Marking task as SUCCESS. dag_id=reports_workflow, task_id=id_task_get_emails, execution_date=20240708T055000, start_date=20240708T055501, end_date=20240708T055503
[2024-07-08T05:55:03.043+0000] {local_task_job_runner.py:228} INFO - Task exited with return code 0
[2024-07-08T05:55:03.082+0000] {taskinstance.py:2784} INFO - 1 downstream tasks scheduled from follow-on schedule check
[2024-07-08T10:13:23.022+0000] {taskinstance.py:1159} INFO - Dependencies all met for dep_context=non-requeueable deps ti=<TaskInstance: reports_workflow.id_task_get_emails scheduled__2024-07-08T05:50:00+00:00 [queued]>
[2024-07-08T10:13:23.039+0000] {taskinstance.py:1159} INFO - Dependencies all met for dep_context=requeueable deps ti=<TaskInstance: reports_workflow.id_task_get_emails scheduled__2024-07-08T05:50:00+00:00 [queued]>
[2024-07-08T10:13:23.039+0000] {taskinstance.py:1361} INFO - Starting attempt 1 of 2
[2024-07-08T10:13:23.078+0000] {taskinstance.py:1382} INFO - Executing <Task(PythonOperator): id_task_get_emails> on 2024-07-08 05:50:00+00:00
[2024-07-08T10:13:23.084+0000] {standard_task_runner.py:57} INFO - Started process 7641 to run task
[2024-07-08T10:13:23.109+0000] {standard_task_runner.py:84} INFO - Running: ['***', 'tasks', 'run', 'reports_workflow', 'id_task_get_emails', 'scheduled__2024-07-08T05:50:00+00:00', '--job-id', '3707', '--raw', '--subdir', 'DAGS_FOLDER/dag_email_robot.py', '--cfg-path', '/tmp/tmp9c00w281']
[2024-07-08T10:13:23.121+0000] {standard_task_runner.py:85} INFO - Job 3707: Subtask id_task_get_emails
[2024-07-08T10:13:23.276+0000] {task_command.py:415} INFO - Running <TaskInstance: reports_workflow.id_task_get_emails scheduled__2024-07-08T05:50:00+00:00 [running]> on host 6f4ef5488251
[2024-07-08T10:13:23.552+0000] {taskinstance.py:1660} INFO - Exporting env vars: AIRFLOW_CTX_DAG_OWNER='FIRDAVS' AIRFLOW_CTX_DAG_ID='reports_workflow' AIRFLOW_CTX_TASK_ID='id_task_get_emails' AIRFLOW_CTX_EXECUTION_DATE='2024-07-08T05:50:00+00:00' AIRFLOW_CTX_TRY_NUMBER='1' AIRFLOW_CTX_DAG_RUN_ID='scheduled__2024-07-08T05:50:00+00:00'
[2024-07-08T10:13:23.554+0000] {logging_mixin.py:151} INFO - path of config file:  /opt/***
[2024-07-08T10:13:23.559+0000] {logging_mixin.py:151} INFO - #>2024-07-08 10:13:23.559340_User@StatDep: EmailRobot in screated.
[2024-07-08T10:13:23.559+0000] {logging_mixin.py:151} INFO - #>2024-07-08 10:13:23.559557_User@StatDep: get_for_recent_emails is started...
[2024-07-08T10:13:23.559+0000] {logging_mixin.py:151} INFO - #>2024-07-08 10:13:23.559702_User@StatDep: pop3_fetch_emails isstarted...
[2024-07-08T10:13:23.971+0000] {logging_mixin.py:151} INFO -    b'+OK'
[2024-07-08T10:13:24.328+0000] {logging_mixin.py:151} INFO -    mailbox have 0 emails and the robot can process 10
[2024-07-08T10:13:24.328+0000] {logging_mixin.py:151} INFO - #>2024-07-08 10:13:24.328482_User@StatDep: no emails to process, exiting pop3_fetch_emails()...
[2024-07-08T10:13:24.328+0000] {python.py:194} INFO - Done. Returned value was: True
[2024-07-08T10:13:24.365+0000] {taskinstance.py:1400} INFO - Marking task as SUCCESS. dag_id=reports_workflow, task_id=id_task_get_emails, execution_date=20240708T055000, start_date=20240708T101323, end_date=20240708T101324
[2024-07-08T10:13:24.481+0000] {local_task_job_runner.py:228} INFO - Task exited with return code 0
[2024-07-08T10:13:24.534+0000] {taskinstance.py:2784} INFO - 1 downstream tasks scheduled from follow-on schedule check
[2024-07-08T10:21:39.404+0000] {taskinstance.py:1159} INFO - Dependencies all met for dep_context=non-requeueable deps ti=<TaskInstance: reports_workflow.id_task_get_emails scheduled__2024-07-08T05:50:00+00:00 [queued]>
[2024-07-08T10:21:39.511+0000] {taskinstance.py:1159} INFO - Dependencies all met for dep_context=requeueable deps ti=<TaskInstance: reports_workflow.id_task_get_emails scheduled__2024-07-08T05:50:00+00:00 [queued]>
[2024-07-08T10:21:39.512+0000] {taskinstance.py:1361} INFO - Starting attempt 1 of 2
[2024-07-08T10:21:39.526+0000] {taskinstance.py:1382} INFO - Executing <Task(PythonOperator): id_task_get_emails> on 2024-07-08 05:50:00+00:00
[2024-07-08T10:21:39.532+0000] {standard_task_runner.py:57} INFO - Started process 7892 to run task
[2024-07-08T10:21:39.539+0000] {standard_task_runner.py:84} INFO - Running: ['***', 'tasks', 'run', 'reports_workflow', 'id_task_get_emails', 'scheduled__2024-07-08T05:50:00+00:00', '--job-id', '3754', '--raw', '--subdir', 'DAGS_FOLDER/dag_email_robot.py', '--cfg-path', '/tmp/tmp7uo4l4za']
[2024-07-08T10:21:39.543+0000] {standard_task_runner.py:85} INFO - Job 3754: Subtask id_task_get_emails
[2024-07-08T10:21:39.600+0000] {task_command.py:415} INFO - Running <TaskInstance: reports_workflow.id_task_get_emails scheduled__2024-07-08T05:50:00+00:00 [running]> on host 6f4ef5488251
[2024-07-08T10:21:39.693+0000] {taskinstance.py:1660} INFO - Exporting env vars: AIRFLOW_CTX_DAG_OWNER='FIRDAVS' AIRFLOW_CTX_DAG_ID='reports_workflow' AIRFLOW_CTX_TASK_ID='id_task_get_emails' AIRFLOW_CTX_EXECUTION_DATE='2024-07-08T05:50:00+00:00' AIRFLOW_CTX_TRY_NUMBER='1' AIRFLOW_CTX_DAG_RUN_ID='scheduled__2024-07-08T05:50:00+00:00'
[2024-07-08T10:21:39.694+0000] {logging_mixin.py:151} INFO - path of config file:  /opt/***
[2024-07-08T10:21:39.695+0000] {logging_mixin.py:151} INFO - #>2024-07-08 10:21:39.695513_User@StatDep: EmailRobot in screated.
[2024-07-08T10:21:39.695+0000] {logging_mixin.py:151} INFO - #>2024-07-08 10:21:39.695874_User@StatDep: get_for_recent_emails is started...
[2024-07-08T10:21:39.696+0000] {logging_mixin.py:151} INFO - #>2024-07-08 10:21:39.696179_User@StatDep: pop3_fetch_emails isstarted...
[2024-07-08T10:21:40.088+0000] {logging_mixin.py:151} INFO -    b'+OK'
[2024-07-08T10:21:40.421+0000] {logging_mixin.py:151} INFO -    mailbox have 0 emails and the robot can process 10
[2024-07-08T10:21:40.422+0000] {logging_mixin.py:151} INFO - #>2024-07-08 10:21:40.422453_User@StatDep: no emails to process, exiting pop3_fetch_emails()...
[2024-07-08T10:21:40.423+0000] {python.py:194} INFO - Done. Returned value was: True
[2024-07-08T10:21:40.462+0000] {taskinstance.py:1400} INFO - Marking task as SUCCESS. dag_id=reports_workflow, task_id=id_task_get_emails, execution_date=20240708T055000, start_date=20240708T102139, end_date=20240708T102140
[2024-07-08T10:21:40.513+0000] {local_task_job_runner.py:228} INFO - Task exited with return code 0
[2024-07-08T10:21:40.546+0000] {taskinstance.py:2784} INFO - 1 downstream tasks scheduled from follow-on schedule check
[2024-07-08T10:25:43.467+0000] {taskinstance.py:1159} INFO - Dependencies all met for dep_context=non-requeueable deps ti=<TaskInstance: reports_workflow.id_task_get_emails scheduled__2024-07-08T05:50:00+00:00 [queued]>
[2024-07-08T10:25:43.498+0000] {taskinstance.py:1159} INFO - Dependencies all met for dep_context=requeueable deps ti=<TaskInstance: reports_workflow.id_task_get_emails scheduled__2024-07-08T05:50:00+00:00 [queued]>
[2024-07-08T10:25:43.498+0000] {taskinstance.py:1361} INFO - Starting attempt 1 of 2
[2024-07-08T10:25:43.593+0000] {taskinstance.py:1382} INFO - Executing <Task(PythonOperator): id_task_get_emails> on 2024-07-08 05:50:00+00:00
[2024-07-08T10:25:43.623+0000] {standard_task_runner.py:57} INFO - Started process 8513 to run task
[2024-07-08T10:25:43.635+0000] {standard_task_runner.py:84} INFO - Running: ['***', 'tasks', 'run', 'reports_workflow', 'id_task_get_emails', 'scheduled__2024-07-08T05:50:00+00:00', '--job-id', '3938', '--raw', '--subdir', 'DAGS_FOLDER/dag_email_robot.py', '--cfg-path', '/tmp/tmp599eovd4']
[2024-07-08T10:25:43.653+0000] {standard_task_runner.py:85} INFO - Job 3938: Subtask id_task_get_emails
[2024-07-08T10:25:43.867+0000] {task_command.py:415} INFO - Running <TaskInstance: reports_workflow.id_task_get_emails scheduled__2024-07-08T05:50:00+00:00 [running]> on host 6f4ef5488251
[2024-07-08T10:25:44.120+0000] {taskinstance.py:1660} INFO - Exporting env vars: AIRFLOW_CTX_DAG_OWNER='FIRDAVS' AIRFLOW_CTX_DAG_ID='reports_workflow' AIRFLOW_CTX_TASK_ID='id_task_get_emails' AIRFLOW_CTX_EXECUTION_DATE='2024-07-08T05:50:00+00:00' AIRFLOW_CTX_TRY_NUMBER='1' AIRFLOW_CTX_DAG_RUN_ID='scheduled__2024-07-08T05:50:00+00:00'
[2024-07-08T10:25:44.121+0000] {logging_mixin.py:151} INFO - path of config file:  /opt/***
[2024-07-08T10:25:44.122+0000] {logging_mixin.py:151} INFO - #>2024-07-08 10:25:44.122076_User@StatDep: EmailRobot in screated.
[2024-07-08T10:25:44.127+0000] {logging_mixin.py:151} INFO - #>2024-07-08 10:25:44.127885_User@StatDep: get_for_recent_emails is started...
[2024-07-08T10:25:44.128+0000] {logging_mixin.py:151} INFO - #>2024-07-08 10:25:44.128098_User@StatDep: pop3_fetch_emails isstarted...
[2024-07-08T10:25:44.507+0000] {logging_mixin.py:151} INFO -    b'+OK'
[2024-07-08T10:25:44.820+0000] {logging_mixin.py:151} INFO -    mailbox have 0 emails and the robot can process 10
[2024-07-08T10:25:44.820+0000] {logging_mixin.py:151} INFO - #>2024-07-08 10:25:44.820763_User@StatDep: no emails to process, exiting pop3_fetch_emails()...
[2024-07-08T10:25:44.821+0000] {python.py:194} INFO - Done. Returned value was: True
[2024-07-08T10:25:44.855+0000] {taskinstance.py:1400} INFO - Marking task as SUCCESS. dag_id=reports_workflow, task_id=id_task_get_emails, execution_date=20240708T055000, start_date=20240708T102543, end_date=20240708T102544
[2024-07-08T10:25:44.959+0000] {local_task_job_runner.py:228} INFO - Task exited with return code 0
[2024-07-08T10:25:45.036+0000] {taskinstance.py:2784} INFO - 1 downstream tasks scheduled from follow-on schedule check
[2024-07-08T10:26:39.166+0000] {taskinstance.py:1159} INFO - Dependencies all met for dep_context=non-requeueable deps ti=<TaskInstance: reports_workflow.id_task_get_emails scheduled__2024-07-08T05:50:00+00:00 [queued]>
[2024-07-08T10:26:39.190+0000] {taskinstance.py:1159} INFO - Dependencies all met for dep_context=requeueable deps ti=<TaskInstance: reports_workflow.id_task_get_emails scheduled__2024-07-08T05:50:00+00:00 [queued]>
[2024-07-08T10:26:39.190+0000] {taskinstance.py:1361} INFO - Starting attempt 1 of 2
[2024-07-08T10:26:39.217+0000] {taskinstance.py:1382} INFO - Executing <Task(PythonOperator): id_task_get_emails> on 2024-07-08 05:50:00+00:00
[2024-07-08T10:26:39.223+0000] {standard_task_runner.py:57} INFO - Started process 8640 to run task
[2024-07-08T10:26:39.233+0000] {standard_task_runner.py:84} INFO - Running: ['***', 'tasks', 'run', 'reports_workflow', 'id_task_get_emails', 'scheduled__2024-07-08T05:50:00+00:00', '--job-id', '3978', '--raw', '--subdir', 'DAGS_FOLDER/dag_email_robot.py', '--cfg-path', '/tmp/tmpiqi2eylr']
[2024-07-08T10:26:39.237+0000] {standard_task_runner.py:85} INFO - Job 3978: Subtask id_task_get_emails
[2024-07-08T10:26:39.365+0000] {task_command.py:415} INFO - Running <TaskInstance: reports_workflow.id_task_get_emails scheduled__2024-07-08T05:50:00+00:00 [running]> on host 6f4ef5488251
[2024-07-08T10:26:39.534+0000] {taskinstance.py:1660} INFO - Exporting env vars: AIRFLOW_CTX_DAG_OWNER='FIRDAVS' AIRFLOW_CTX_DAG_ID='reports_workflow' AIRFLOW_CTX_TASK_ID='id_task_get_emails' AIRFLOW_CTX_EXECUTION_DATE='2024-07-08T05:50:00+00:00' AIRFLOW_CTX_TRY_NUMBER='1' AIRFLOW_CTX_DAG_RUN_ID='scheduled__2024-07-08T05:50:00+00:00'
[2024-07-08T10:26:39.538+0000] {logging_mixin.py:151} INFO - path of config file:  /opt/***
[2024-07-08T10:26:39.539+0000] {logging_mixin.py:151} INFO - #>2024-07-08 10:26:39.539305_User@StatDep: EmailRobot in screated.
[2024-07-08T10:26:39.539+0000] {logging_mixin.py:151} INFO - #>2024-07-08 10:26:39.539511_User@StatDep: get_for_recent_emails is started...
[2024-07-08T10:26:39.539+0000] {logging_mixin.py:151} INFO - #>2024-07-08 10:26:39.539653_User@StatDep: pop3_fetch_emails isstarted...
[2024-07-08T10:26:39.964+0000] {logging_mixin.py:151} INFO -    b'+OK'
[2024-07-08T10:26:40.376+0000] {logging_mixin.py:151} INFO -    mailbox have 0 emails and the robot can process 10
[2024-07-08T10:26:40.377+0000] {logging_mixin.py:151} INFO - #>2024-07-08 10:26:40.377076_User@StatDep: no emails to process, exiting pop3_fetch_emails()...
[2024-07-08T10:26:40.377+0000] {python.py:194} INFO - Done. Returned value was: True
[2024-07-08T10:26:40.457+0000] {taskinstance.py:1400} INFO - Marking task as SUCCESS. dag_id=reports_workflow, task_id=id_task_get_emails, execution_date=20240708T055000, start_date=20240708T102639, end_date=20240708T102640
[2024-07-08T10:26:40.496+0000] {local_task_job_runner.py:228} INFO - Task exited with return code 0
[2024-07-08T10:26:40.530+0000] {taskinstance.py:2784} INFO - 1 downstream tasks scheduled from follow-on schedule check
