[2024-07-03T09:57:28.213+0000] {taskinstance.py:1159} INFO - Dependencies all met for dep_context=non-requeueable deps ti=<TaskInstance: reports_workflow.id_task_get_emails scheduled__2024-07-02T08:40:00+00:00 [queued]>
[2024-07-03T09:57:28.228+0000] {taskinstance.py:1159} INFO - Dependencies all met for dep_context=requeueable deps ti=<TaskInstance: reports_workflow.id_task_get_emails scheduled__2024-07-02T08:40:00+00:00 [queued]>
[2024-07-03T09:57:28.228+0000] {taskinstance.py:1361} INFO - Starting attempt 1 of 1
[2024-07-03T09:57:28.251+0000] {taskinstance.py:1382} INFO - Executing <Task(PythonOperator): id_task_get_emails> on 2024-07-02 08:40:00+00:00
[2024-07-03T09:57:28.258+0000] {standard_task_runner.py:57} INFO - Started process 20542 to run task
[2024-07-03T09:57:28.268+0000] {standard_task_runner.py:84} INFO - Running: ['***', 'tasks', 'run', 'reports_workflow', 'id_task_get_emails', 'scheduled__2024-07-02T08:40:00+00:00', '--job-id', '349', '--raw', '--subdir', 'DAGS_FOLDER/dag_email_robot.py', '--cfg-path', '/tmp/tmpey3fa_gp']
[2024-07-03T09:57:28.269+0000] {standard_task_runner.py:85} INFO - Job 349: Subtask id_task_get_emails
[2024-07-03T09:57:28.344+0000] {task_command.py:415} INFO - Running <TaskInstance: reports_workflow.id_task_get_emails scheduled__2024-07-02T08:40:00+00:00 [running]> on host 6f4ef5488251
[2024-07-03T09:57:28.421+0000] {taskinstance.py:1660} INFO - Exporting env vars: AIRFLOW_CTX_DAG_OWNER='FIRDAVS' AIRFLOW_CTX_DAG_ID='reports_workflow' AIRFLOW_CTX_TASK_ID='id_task_get_emails' AIRFLOW_CTX_EXECUTION_DATE='2024-07-02T08:40:00+00:00' AIRFLOW_CTX_TRY_NUMBER='1' AIRFLOW_CTX_DAG_RUN_ID='scheduled__2024-07-02T08:40:00+00:00'
[2024-07-03T09:57:28.422+0000] {logging_mixin.py:151} INFO - path of config file:  /opt/***
[2024-07-03T09:57:28.422+0000] {taskinstance.py:1943} ERROR - Task failed with exception
Traceback (most recent call last):
  File "/home/airflow/.local/lib/python3.8/site-packages/airflow/operators/python.py", line 192, in execute
    return_value = self.execute_callable()
  File "/home/airflow/.local/lib/python3.8/site-packages/airflow/operators/python.py", line 209, in execute_callable
    return self.python_callable(*self.op_args, **self.op_kwargs)
  File "/opt/airflow/dags/dag_email_robot.py", line 22, in get_emails
    email_conf = json.load (open(path / ("config/email_conf.json")))
NameError: name 'json' is not defined
[2024-07-03T09:57:28.433+0000] {taskinstance.py:1400} INFO - Marking task as FAILED. dag_id=reports_workflow, task_id=id_task_get_emails, execution_date=20240702T084000, start_date=20240703T095728, end_date=20240703T095728
[2024-07-03T09:57:28.443+0000] {standard_task_runner.py:104} ERROR - Failed to execute job 349 for task id_task_get_emails (name 'json' is not defined; 20542)
[2024-07-03T09:57:28.483+0000] {local_task_job_runner.py:228} INFO - Task exited with return code 1
[2024-07-03T09:57:28.505+0000] {taskinstance.py:2784} INFO - 0 downstream tasks scheduled from follow-on schedule check
[2024-07-03T12:04:58.481+0000] {taskinstance.py:1159} INFO - Dependencies all met for dep_context=non-requeueable deps ti=<TaskInstance: reports_workflow.id_task_get_emails scheduled__2024-07-02T08:40:00+00:00 [queued]>
[2024-07-03T12:04:58.489+0000] {taskinstance.py:1159} INFO - Dependencies all met for dep_context=requeueable deps ti=<TaskInstance: reports_workflow.id_task_get_emails scheduled__2024-07-02T08:40:00+00:00 [queued]>
[2024-07-03T12:04:58.489+0000] {taskinstance.py:1361} INFO - Starting attempt 1 of 1
[2024-07-03T12:04:58.503+0000] {taskinstance.py:1382} INFO - Executing <Task(PythonOperator): id_task_get_emails> on 2024-07-02 08:40:00+00:00
[2024-07-03T12:04:58.508+0000] {standard_task_runner.py:57} INFO - Started process 23359 to run task
[2024-07-03T12:04:58.525+0000] {standard_task_runner.py:84} INFO - Running: ['***', 'tasks', 'run', 'reports_workflow', 'id_task_get_emails', 'scheduled__2024-07-02T08:40:00+00:00', '--job-id', '790', '--raw', '--subdir', 'DAGS_FOLDER/dag_email_robot.py', '--cfg-path', '/tmp/tmpspv0unm0']
[2024-07-03T12:04:58.526+0000] {standard_task_runner.py:85} INFO - Job 790: Subtask id_task_get_emails
[2024-07-03T12:04:58.597+0000] {task_command.py:415} INFO - Running <TaskInstance: reports_workflow.id_task_get_emails scheduled__2024-07-02T08:40:00+00:00 [running]> on host 6f4ef5488251
[2024-07-03T12:04:58.699+0000] {taskinstance.py:1660} INFO - Exporting env vars: AIRFLOW_CTX_DAG_OWNER='FIRDAVS' AIRFLOW_CTX_DAG_ID='reports_workflow' AIRFLOW_CTX_TASK_ID='id_task_get_emails' AIRFLOW_CTX_EXECUTION_DATE='2024-07-02T08:40:00+00:00' AIRFLOW_CTX_TRY_NUMBER='1' AIRFLOW_CTX_DAG_RUN_ID='scheduled__2024-07-02T08:40:00+00:00'
[2024-07-03T12:04:58.700+0000] {logging_mixin.py:151} INFO - path of config file:  /opt/***
[2024-07-03T12:04:58.701+0000] {logging_mixin.py:151} INFO - #>2024-07-03 12:04:58.701144_User@StatDep: EmailRobot in screated.
[2024-07-03T12:04:58.701+0000] {logging_mixin.py:151} INFO - #>2024-07-03 12:04:58.701329_User@StatDep: get_for_recent_emails is started...
[2024-07-03T12:04:58.701+0000] {logging_mixin.py:151} INFO - #>2024-07-03 12:04:58.701462_User@StatDep: pop3_fetch_emails isstarted...
[2024-07-03T12:04:59.111+0000] {logging_mixin.py:151} INFO -    b'+OK'
[2024-07-03T12:04:59.580+0000] {logging_mixin.py:151} INFO -    mailbox have 1 emails and the robot can process 10
[2024-07-03T12:05:00.060+0000] {logging_mixin.py:151} INFO -    #>2024-07-03 12:05:00.060548_conneciton to db is set.
[2024-07-03T12:05:00.068+0000] {taskinstance.py:1943} ERROR - Task failed with exception
Traceback (most recent call last):
  File "/home/airflow/.local/lib/python3.8/site-packages/airflow/operators/python.py", line 192, in execute
    return_value = self.execute_callable()
  File "/home/airflow/.local/lib/python3.8/site-packages/airflow/operators/python.py", line 209, in execute_callable
    return self.python_callable(*self.op_args, **self.op_kwargs)
  File "/opt/airflow/dags/dag_email_robot.py", line 25, in get_emails
    robot.fetch_emails()
  File "/opt/airflow/dags/emailRobot.py", line 62, in fetch_emails
    return self.pop3_fetch_emails()
  File "/opt/airflow/dags/emailRobot.py", line 156, in pop3_fetch_emails
    cursor.execute (query, insert_values)
psycopg2.errors.UndefinedTable: relation "sma_stat_dep.tbl_file_upload" does not exist
LINE 1: ...) AS (INSERT INTO                                 sma_stat_d...
                                                             ^

[2024-07-03T12:05:00.086+0000] {taskinstance.py:1400} INFO - Marking task as FAILED. dag_id=reports_workflow, task_id=id_task_get_emails, execution_date=20240702T084000, start_date=20240703T120458, end_date=20240703T120500
[2024-07-03T12:05:00.098+0000] {standard_task_runner.py:104} ERROR - Failed to execute job 790 for task id_task_get_emails (relation "sma_stat_dep.tbl_file_upload" does not exist
LINE 1: ...) AS (INSERT INTO                                 sma_stat_d...
                                                             ^
; 23359)
[2024-07-03T12:05:00.108+0000] {local_task_job_runner.py:228} INFO - Task exited with return code 1
[2024-07-03T12:05:00.134+0000] {taskinstance.py:2784} INFO - 0 downstream tasks scheduled from follow-on schedule check
[2024-07-03T12:23:06.042+0000] {taskinstance.py:1159} INFO - Dependencies all met for dep_context=non-requeueable deps ti=<TaskInstance: reports_workflow.id_task_get_emails scheduled__2024-07-02T08:40:00+00:00 [queued]>
[2024-07-03T12:23:06.056+0000] {taskinstance.py:1159} INFO - Dependencies all met for dep_context=requeueable deps ti=<TaskInstance: reports_workflow.id_task_get_emails scheduled__2024-07-02T08:40:00+00:00 [queued]>
[2024-07-03T12:23:06.056+0000] {taskinstance.py:1361} INFO - Starting attempt 1 of 1
[2024-07-03T12:23:06.166+0000] {taskinstance.py:1382} INFO - Executing <Task(PythonOperator): id_task_get_emails> on 2024-07-02 08:40:00+00:00
[2024-07-03T12:23:06.172+0000] {standard_task_runner.py:57} INFO - Started process 24228 to run task
[2024-07-03T12:23:06.176+0000] {standard_task_runner.py:84} INFO - Running: ['***', 'tasks', 'run', 'reports_workflow', 'id_task_get_emails', 'scheduled__2024-07-02T08:40:00+00:00', '--job-id', '1091', '--raw', '--subdir', 'DAGS_FOLDER/dag_email_robot.py', '--cfg-path', '/tmp/tmpa4fh0krl']
[2024-07-03T12:23:06.177+0000] {standard_task_runner.py:85} INFO - Job 1091: Subtask id_task_get_emails
[2024-07-03T12:23:06.242+0000] {task_command.py:415} INFO - Running <TaskInstance: reports_workflow.id_task_get_emails scheduled__2024-07-02T08:40:00+00:00 [running]> on host 6f4ef5488251
[2024-07-03T12:23:06.341+0000] {taskinstance.py:1660} INFO - Exporting env vars: AIRFLOW_CTX_DAG_OWNER='FIRDAVS' AIRFLOW_CTX_DAG_ID='reports_workflow' AIRFLOW_CTX_TASK_ID='id_task_get_emails' AIRFLOW_CTX_EXECUTION_DATE='2024-07-02T08:40:00+00:00' AIRFLOW_CTX_TRY_NUMBER='1' AIRFLOW_CTX_DAG_RUN_ID='scheduled__2024-07-02T08:40:00+00:00'
[2024-07-03T12:23:06.342+0000] {logging_mixin.py:151} INFO - path of config file:  /opt/***
[2024-07-03T12:23:06.342+0000] {logging_mixin.py:151} INFO - #>2024-07-03 12:23:06.342638_User@StatDep: EmailRobot in screated.
[2024-07-03T12:23:06.342+0000] {logging_mixin.py:151} INFO - #>2024-07-03 12:23:06.342877_User@StatDep: get_for_recent_emails is started...
[2024-07-03T12:23:06.343+0000] {logging_mixin.py:151} INFO - #>2024-07-03 12:23:06.343014_User@StatDep: pop3_fetch_emails isstarted...
[2024-07-03T12:23:06.782+0000] {logging_mixin.py:151} INFO -    b'+OK'
[2024-07-03T12:23:07.149+0000] {logging_mixin.py:151} INFO -    mailbox have 0 emails and the robot can process 10
[2024-07-03T12:23:07.149+0000] {logging_mixin.py:151} INFO - #>2024-07-03 12:23:07.149710_User@StatDep: no emails to process, exiting pop3_fetch_emails()...
[2024-07-03T12:23:07.150+0000] {python.py:194} INFO - Done. Returned value was: True
[2024-07-03T12:23:07.179+0000] {taskinstance.py:1400} INFO - Marking task as SUCCESS. dag_id=reports_workflow, task_id=id_task_get_emails, execution_date=20240702T084000, start_date=20240703T122306, end_date=20240703T122307
[2024-07-03T12:23:07.209+0000] {local_task_job_runner.py:228} INFO - Task exited with return code 0
[2024-07-03T12:23:07.239+0000] {taskinstance.py:2784} INFO - 1 downstream tasks scheduled from follow-on schedule check
