[2024-07-29T05:25:01.886+0000] {taskinstance.py:1159} INFO - Dependencies all met for dep_context=non-requeueable deps ti=<TaskInstance: reports_workflow.id_task_get_emails scheduled__2024-07-29T05:20:00+00:00 [queued]>
[2024-07-29T05:25:01.893+0000] {taskinstance.py:1159} INFO - Dependencies all met for dep_context=requeueable deps ti=<TaskInstance: reports_workflow.id_task_get_emails scheduled__2024-07-29T05:20:00+00:00 [queued]>
[2024-07-29T05:25:01.894+0000] {taskinstance.py:1361} INFO - Starting attempt 1 of 2
[2024-07-29T05:25:01.906+0000] {taskinstance.py:1382} INFO - Executing <Task(PythonOperator): id_task_get_emails> on 2024-07-29 05:20:00+00:00
[2024-07-29T05:25:01.912+0000] {standard_task_runner.py:57} INFO - Started process 954 to run task
[2024-07-29T05:25:01.917+0000] {standard_task_runner.py:84} INFO - Running: ['***', 'tasks', 'run', 'reports_workflow', 'id_task_get_emails', 'scheduled__2024-07-29T05:20:00+00:00', '--job-id', '12', '--raw', '--subdir', 'DAGS_FOLDER/dag_stat_report.py', '--cfg-path', '/tmp/tmp2p1rcw6l']
[2024-07-29T05:25:01.921+0000] {standard_task_runner.py:85} INFO - Job 12: Subtask id_task_get_emails
[2024-07-29T05:25:01.971+0000] {task_command.py:415} INFO - Running <TaskInstance: reports_workflow.id_task_get_emails scheduled__2024-07-29T05:20:00+00:00 [running]> on host 3fb5581aee62
[2024-07-29T05:25:02.049+0000] {taskinstance.py:1660} INFO - Exporting env vars: AIRFLOW_CTX_DAG_OWNER='FIRDAVS' AIRFLOW_CTX_DAG_ID='reports_workflow' AIRFLOW_CTX_TASK_ID='id_task_get_emails' AIRFLOW_CTX_EXECUTION_DATE='2024-07-29T05:20:00+00:00' AIRFLOW_CTX_TRY_NUMBER='1' AIRFLOW_CTX_DAG_RUN_ID='scheduled__2024-07-29T05:20:00+00:00'
[2024-07-29T05:25:02.051+0000] {logging_mixin.py:151} INFO - path of config file:  /opt/***
[2024-07-29T05:25:02.051+0000] {logging_mixin.py:151} INFO - #>2024-07-29 05:25:02.051811_User@StatDep: EmailRobot in screated.
[2024-07-29T05:25:02.052+0000] {logging_mixin.py:151} INFO - #>2024-07-29 05:25:02.051984_User@StatDep: get_for_recent_emails is started...
[2024-07-29T05:25:02.052+0000] {logging_mixin.py:151} INFO - #>2024-07-29 05:25:02.052096_User@StatDep: pop3_fetch_emails isstarted...
[2024-07-29T05:25:02.578+0000] {logging_mixin.py:151} INFO -    b'+OK'
[2024-07-29T05:25:03.019+0000] {logging_mixin.py:151} INFO -    mailbox have 1 emails and the robot can process 10
[2024-07-29T05:25:03.350+0000] {logging_mixin.py:151} INFO -    #>2024-07-29 05:25:03.350452_conneciton to db is set.
[2024-07-29T05:25:03.406+0000] {logging_mixin.py:151} INFO -    #>2024-07-29 05:25:03.405942_cursor execution is successful.
[2024-07-29T05:25:03.407+0000] {logging_mixin.py:151} INFO -    Email from 2024-07-29 10:21:09,  Firdavs Khushkadamov <firdavskhushkadamov@gmail.com>  with statis 5 and attachement name Саламалекумқ.xlsx uploaded to db
[2024-07-29T05:25:03.426+0000] {logging_mixin.py:151} INFO -    #>2024-07-29 05:25:03.426931_conneciton to db is set.
[2024-07-29T05:25:03.432+0000] {logging_mixin.py:151} INFO -    #>2024-07-29 05:25:03.432810_cursor execution is successful.
[2024-07-29T05:25:03.433+0000] {logging_mixin.py:151} INFO -    Email from 2024-07-29 10:21:09,  Firdavs Khushkadamov <firdavskhushkadamov@gmail.com>  with statis 5 and attachement name HK.v0.5707.31122024 - Copy.xlsx uploaded to db
[2024-07-29T05:25:03.449+0000] {logging_mixin.py:151} INFO -    #>2024-07-29 05:25:03.449164_conneciton to db is set.
[2024-07-29T05:25:03.454+0000] {logging_mixin.py:151} INFO -    #>2024-07-29 05:25:03.454707_cursor execution is successful.
[2024-07-29T05:25:03.455+0000] {logging_mixin.py:151} INFO -    Email from 2024-07-29 10:21:09,  Firdavs Khushkadamov <firdavskhushkadamov@gmail.com>  with statis 1 and attachement name 1HK.v0.5707.31122024.xlsx uploaded to db
[2024-07-29T05:25:03.517+0000] {logging_mixin.py:151} INFO -    deletion of email after inserting into database +OK message 1 deleted
[2024-07-29T05:25:03.584+0000] {logging_mixin.py:151} INFO - #>2024-07-29 05:25:03.584355_User@StatDep: pop3_fetch_emails is successful.
[2024-07-29T05:25:03.585+0000] {python.py:194} INFO - Done. Returned value was: True
[2024-07-29T05:25:03.621+0000] {taskinstance.py:1400} INFO - Marking task as SUCCESS. dag_id=reports_workflow, task_id=id_task_get_emails, execution_date=20240729T052000, start_date=20240729T052501, end_date=20240729T052503
[2024-07-29T05:25:03.655+0000] {local_task_job_runner.py:228} INFO - Task exited with return code 0
[2024-07-29T05:25:03.690+0000] {taskinstance.py:2784} INFO - 1 downstream tasks scheduled from follow-on schedule check
