[2024-07-03T14:47:51.585+0000] {taskinstance.py:1159} INFO - Dependencies all met for dep_context=non-requeueable deps ti=<TaskInstance: reports_workflow.id_task_send_emails scheduled__2024-07-03T14:10:00+00:00 [queued]>
[2024-07-03T14:47:51.595+0000] {taskinstance.py:1159} INFO - Dependencies all met for dep_context=requeueable deps ti=<TaskInstance: reports_workflow.id_task_send_emails scheduled__2024-07-03T14:10:00+00:00 [queued]>
[2024-07-03T14:47:51.595+0000] {taskinstance.py:1361} INFO - Starting attempt 1 of 2
[2024-07-03T14:47:51.615+0000] {taskinstance.py:1382} INFO - Executing <Task(PythonOperator): id_task_send_emails> on 2024-07-03 14:10:00+00:00
[2024-07-03T14:47:51.633+0000] {standard_task_runner.py:57} INFO - Started process 28661 to run task
[2024-07-03T14:47:51.639+0000] {standard_task_runner.py:84} INFO - Running: ['***', 'tasks', 'run', 'reports_workflow', 'id_task_send_emails', 'scheduled__2024-07-03T14:10:00+00:00', '--job-id', '2207', '--raw', '--subdir', 'DAGS_FOLDER/dag_email_robot.py', '--cfg-path', '/tmp/tmpv1c80kbb']
[2024-07-03T14:47:51.642+0000] {standard_task_runner.py:85} INFO - Job 2207: Subtask id_task_send_emails
[2024-07-03T14:47:51.716+0000] {task_command.py:415} INFO - Running <TaskInstance: reports_workflow.id_task_send_emails scheduled__2024-07-03T14:10:00+00:00 [running]> on host 6f4ef5488251
[2024-07-03T14:47:51.807+0000] {taskinstance.py:1660} INFO - Exporting env vars: AIRFLOW_CTX_DAG_OWNER='FIRDAVS' AIRFLOW_CTX_DAG_ID='reports_workflow' AIRFLOW_CTX_TASK_ID='id_task_send_emails' AIRFLOW_CTX_EXECUTION_DATE='2024-07-03T14:10:00+00:00' AIRFLOW_CTX_TRY_NUMBER='1' AIRFLOW_CTX_DAG_RUN_ID='scheduled__2024-07-03T14:10:00+00:00'
[2024-07-03T14:47:51.808+0000] {logging_mixin.py:151} INFO - path of config file:  /opt/***
[2024-07-03T14:47:51.809+0000] {logging_mixin.py:151} INFO - #>2024-07-03 14:47:51.809257_User@StatDep: EmailRobot in screated.
[2024-07-03T14:47:51.809+0000] {logging_mixin.py:151} INFO - #>2024-07-03 14:47:51.809449_User@StatDep: send_validation_results is started...
[2024-07-03T14:47:51.819+0000] {logging_mixin.py:151} INFO -    #>2024-07-03 14:47:51.819443_conneciton to db is set.
[2024-07-03T14:47:51.822+0000] {logging_mixin.py:151} INFO -    #>2024-07-03 14:47:51.822050_cursor execution is successful.
[2024-07-03T14:47:51.822+0000] {logging_mixin.py:151} INFO -    There is no any new submissions found. The get_validation_results is over.
[2024-07-03T14:47:51.822+0000] {python.py:194} INFO - Done. Returned value was: True
[2024-07-03T14:47:51.853+0000] {taskinstance.py:1400} INFO - Marking task as SUCCESS. dag_id=reports_workflow, task_id=id_task_send_emails, execution_date=20240703T141000, start_date=20240703T144751, end_date=20240703T144751
[2024-07-03T14:47:51.900+0000] {local_task_job_runner.py:228} INFO - Task exited with return code 0
[2024-07-03T14:47:51.924+0000] {taskinstance.py:2784} INFO - 0 downstream tasks scheduled from follow-on schedule check
[2024-07-03T14:48:27.092+0000] {taskinstance.py:1159} INFO - Dependencies all met for dep_context=non-requeueable deps ti=<TaskInstance: reports_workflow.id_task_send_emails scheduled__2024-07-03T14:10:00+00:00 [queued]>
[2024-07-03T14:48:27.100+0000] {taskinstance.py:1159} INFO - Dependencies all met for dep_context=requeueable deps ti=<TaskInstance: reports_workflow.id_task_send_emails scheduled__2024-07-03T14:10:00+00:00 [queued]>
[2024-07-03T14:48:27.100+0000] {taskinstance.py:1361} INFO - Starting attempt 1 of 2
[2024-07-03T14:48:27.112+0000] {taskinstance.py:1382} INFO - Executing <Task(PythonOperator): id_task_send_emails> on 2024-07-03 14:10:00+00:00
[2024-07-03T14:48:27.117+0000] {standard_task_runner.py:57} INFO - Started process 28803 to run task
[2024-07-03T14:48:27.124+0000] {standard_task_runner.py:84} INFO - Running: ['***', 'tasks', 'run', 'reports_workflow', 'id_task_send_emails', 'scheduled__2024-07-03T14:10:00+00:00', '--job-id', '2274', '--raw', '--subdir', 'DAGS_FOLDER/dag_email_robot.py', '--cfg-path', '/tmp/tmpxgay73ek']
[2024-07-03T14:48:27.126+0000] {standard_task_runner.py:85} INFO - Job 2274: Subtask id_task_send_emails
[2024-07-03T14:48:27.193+0000] {task_command.py:415} INFO - Running <TaskInstance: reports_workflow.id_task_send_emails scheduled__2024-07-03T14:10:00+00:00 [running]> on host 6f4ef5488251
[2024-07-03T14:48:27.292+0000] {taskinstance.py:1660} INFO - Exporting env vars: AIRFLOW_CTX_DAG_OWNER='FIRDAVS' AIRFLOW_CTX_DAG_ID='reports_workflow' AIRFLOW_CTX_TASK_ID='id_task_send_emails' AIRFLOW_CTX_EXECUTION_DATE='2024-07-03T14:10:00+00:00' AIRFLOW_CTX_TRY_NUMBER='1' AIRFLOW_CTX_DAG_RUN_ID='scheduled__2024-07-03T14:10:00+00:00'
[2024-07-03T14:48:27.293+0000] {logging_mixin.py:151} INFO - path of config file:  /opt/***
[2024-07-03T14:48:27.294+0000] {logging_mixin.py:151} INFO - #>2024-07-03 14:48:27.294185_User@StatDep: EmailRobot in screated.
[2024-07-03T14:48:27.294+0000] {logging_mixin.py:151} INFO - #>2024-07-03 14:48:27.294567_User@StatDep: send_validation_results is started...
[2024-07-03T14:48:27.305+0000] {logging_mixin.py:151} INFO -    #>2024-07-03 14:48:27.304997_conneciton to db is set.
[2024-07-03T14:48:27.307+0000] {logging_mixin.py:151} INFO -    #>2024-07-03 14:48:27.307492_cursor execution is successful.
[2024-07-03T14:48:27.308+0000] {logging_mixin.py:151} INFO -    There is no any new submissions found. The get_validation_results is over.
[2024-07-03T14:48:27.309+0000] {python.py:194} INFO - Done. Returned value was: True
[2024-07-03T14:48:27.334+0000] {taskinstance.py:1400} INFO - Marking task as SUCCESS. dag_id=reports_workflow, task_id=id_task_send_emails, execution_date=20240703T141000, start_date=20240703T144827, end_date=20240703T144827
[2024-07-03T14:48:27.376+0000] {local_task_job_runner.py:228} INFO - Task exited with return code 0
[2024-07-03T14:48:27.410+0000] {taskinstance.py:2784} INFO - 0 downstream tasks scheduled from follow-on schedule check
