[2024-07-03T09:59:29.440+0000] {taskinstance.py:1159} INFO - Dependencies all met for dep_context=non-requeueable deps ti=<TaskInstance: reports_workflow.id_task_get_emails scheduled__2024-07-03T04:45:00+00:00 [queued]>
[2024-07-03T09:59:29.464+0000] {taskinstance.py:1159} INFO - Dependencies all met for dep_context=requeueable deps ti=<TaskInstance: reports_workflow.id_task_get_emails scheduled__2024-07-03T04:45:00+00:00 [queued]>
[2024-07-03T09:59:29.465+0000] {taskinstance.py:1361} INFO - Starting attempt 1 of 1
[2024-07-03T09:59:29.504+0000] {taskinstance.py:1382} INFO - Executing <Task(PythonOperator): id_task_get_emails> on 2024-07-03 04:45:00+00:00
[2024-07-03T09:59:29.511+0000] {standard_task_runner.py:57} INFO - Started process 21050 to run task
[2024-07-03T09:59:29.532+0000] {standard_task_runner.py:84} INFO - Running: ['***', 'tasks', 'run', 'reports_workflow', 'id_task_get_emails', 'scheduled__2024-07-03T04:45:00+00:00', '--job-id', '591', '--raw', '--subdir', 'DAGS_FOLDER/dag_email_robot.py', '--cfg-path', '/tmp/tmp0bkbi2ar']
[2024-07-03T09:59:29.533+0000] {standard_task_runner.py:85} INFO - Job 591: Subtask id_task_get_emails
[2024-07-03T09:59:29.734+0000] {task_command.py:415} INFO - Running <TaskInstance: reports_workflow.id_task_get_emails scheduled__2024-07-03T04:45:00+00:00 [running]> on host 6f4ef5488251
[2024-07-03T09:59:30.050+0000] {taskinstance.py:1660} INFO - Exporting env vars: AIRFLOW_CTX_DAG_OWNER='FIRDAVS' AIRFLOW_CTX_DAG_ID='reports_workflow' AIRFLOW_CTX_TASK_ID='id_task_get_emails' AIRFLOW_CTX_EXECUTION_DATE='2024-07-03T04:45:00+00:00' AIRFLOW_CTX_TRY_NUMBER='1' AIRFLOW_CTX_DAG_RUN_ID='scheduled__2024-07-03T04:45:00+00:00'
[2024-07-03T09:59:30.051+0000] {logging_mixin.py:151} INFO - path of config file:  /opt/***
[2024-07-03T09:59:30.052+0000] {logging_mixin.py:151} INFO - #>2024-07-03 09:59:30.052511_User@StatDep: EmailRobot in screated.
[2024-07-03T09:59:30.052+0000] {logging_mixin.py:151} INFO - #>2024-07-03 09:59:30.052833_User@StatDep: get_for_recent_emails is started...
[2024-07-03T09:59:30.053+0000] {logging_mixin.py:151} INFO - #>2024-07-03 09:59:30.053124_User@StatDep: pop3_fetch_emails isstarted...
[2024-07-03T09:59:30.415+0000] {logging_mixin.py:151} INFO -    b'+OK'
[2024-07-03T09:59:30.692+0000] {logging_mixin.py:151} INFO -    mailbox have 0 emails and the robot can process 10
[2024-07-03T09:59:30.693+0000] {logging_mixin.py:151} INFO - #>2024-07-03 09:59:30.693108_User@StatDep: no emails to process, exiting pop3_fetch_emails()...
[2024-07-03T09:59:30.693+0000] {python.py:194} INFO - Done. Returned value was: True
[2024-07-03T09:59:30.727+0000] {taskinstance.py:1400} INFO - Marking task as SUCCESS. dag_id=reports_workflow, task_id=id_task_get_emails, execution_date=20240703T044500, start_date=20240703T095929, end_date=20240703T095930
[2024-07-03T09:59:30.756+0000] {local_task_job_runner.py:228} INFO - Task exited with return code 0
[2024-07-03T09:59:30.772+0000] {taskinstance.py:2784} INFO - 0 downstream tasks scheduled from follow-on schedule check
[2024-07-03T13:40:09.385+0000] {taskinstance.py:1159} INFO - Dependencies all met for dep_context=non-requeueable deps ti=<TaskInstance: reports_workflow.id_task_get_emails scheduled__2024-07-03T04:45:00+00:00 [queued]>
[2024-07-03T13:40:09.399+0000] {taskinstance.py:1159} INFO - Dependencies all met for dep_context=requeueable deps ti=<TaskInstance: reports_workflow.id_task_get_emails scheduled__2024-07-03T04:45:00+00:00 [queued]>
[2024-07-03T13:40:09.399+0000] {taskinstance.py:1361} INFO - Starting attempt 1 of 1
[2024-07-03T13:40:09.414+0000] {taskinstance.py:1382} INFO - Executing <Task(PythonOperator): id_task_get_emails> on 2024-07-03 04:45:00+00:00
[2024-07-03T13:40:09.419+0000] {standard_task_runner.py:57} INFO - Started process 26358 to run task
[2024-07-03T13:40:09.434+0000] {standard_task_runner.py:84} INFO - Running: ['***', 'tasks', 'run', 'reports_workflow', 'id_task_get_emails', 'scheduled__2024-07-03T04:45:00+00:00', '--job-id', '1571', '--raw', '--subdir', 'DAGS_FOLDER/dag_email_robot.py', '--cfg-path', '/tmp/tmpji3bplwd']
[2024-07-03T13:40:09.438+0000] {standard_task_runner.py:85} INFO - Job 1571: Subtask id_task_get_emails
[2024-07-03T13:40:09.535+0000] {task_command.py:415} INFO - Running <TaskInstance: reports_workflow.id_task_get_emails scheduled__2024-07-03T04:45:00+00:00 [running]> on host 6f4ef5488251
[2024-07-03T13:40:09.646+0000] {taskinstance.py:1660} INFO - Exporting env vars: AIRFLOW_CTX_DAG_OWNER='FIRDAVS' AIRFLOW_CTX_DAG_ID='reports_workflow' AIRFLOW_CTX_TASK_ID='id_task_get_emails' AIRFLOW_CTX_EXECUTION_DATE='2024-07-03T04:45:00+00:00' AIRFLOW_CTX_TRY_NUMBER='1' AIRFLOW_CTX_DAG_RUN_ID='scheduled__2024-07-03T04:45:00+00:00'
[2024-07-03T13:40:09.647+0000] {logging_mixin.py:151} INFO - path of config file:  /opt/***
[2024-07-03T13:40:09.649+0000] {logging_mixin.py:151} INFO - #>2024-07-03 13:40:09.649385_User@StatDep: EmailRobot in screated.
[2024-07-03T13:40:09.649+0000] {logging_mixin.py:151} INFO - #>2024-07-03 13:40:09.649874_User@StatDep: get_for_recent_emails is started...
[2024-07-03T13:40:09.652+0000] {logging_mixin.py:151} INFO - #>2024-07-03 13:40:09.652345_User@StatDep: pop3_fetch_emails isstarted...
[2024-07-03T13:40:10.053+0000] {logging_mixin.py:151} INFO -    b'+OK'
[2024-07-03T13:40:10.381+0000] {logging_mixin.py:151} INFO -    mailbox have 0 emails and the robot can process 10
[2024-07-03T13:40:10.381+0000] {logging_mixin.py:151} INFO - #>2024-07-03 13:40:10.381957_User@StatDep: no emails to process, exiting pop3_fetch_emails()...
[2024-07-03T13:40:10.382+0000] {python.py:194} INFO - Done. Returned value was: True
[2024-07-03T13:40:10.413+0000] {taskinstance.py:1400} INFO - Marking task as SUCCESS. dag_id=reports_workflow, task_id=id_task_get_emails, execution_date=20240703T044500, start_date=20240703T134009, end_date=20240703T134010
[2024-07-03T13:40:10.532+0000] {local_task_job_runner.py:228} INFO - Task exited with return code 0
[2024-07-03T13:40:10.570+0000] {taskinstance.py:2784} INFO - 1 downstream tasks scheduled from follow-on schedule check
