[2024-07-03T09:58:45.743+0000] {taskinstance.py:1159} INFO - Dependencies all met for dep_context=non-requeueable deps ti=<TaskInstance: reports_workflow.id_task_get_emails scheduled__2024-07-02T22:05:00+00:00 [queued]>
[2024-07-03T09:58:45.753+0000] {taskinstance.py:1159} INFO - Dependencies all met for dep_context=requeueable deps ti=<TaskInstance: reports_workflow.id_task_get_emails scheduled__2024-07-02T22:05:00+00:00 [queued]>
[2024-07-03T09:58:45.754+0000] {taskinstance.py:1361} INFO - Starting attempt 1 of 1
[2024-07-03T09:58:45.773+0000] {taskinstance.py:1382} INFO - Executing <Task(PythonOperator): id_task_get_emails> on 2024-07-02 22:05:00+00:00
[2024-07-03T09:58:45.780+0000] {standard_task_runner.py:57} INFO - Started process 20883 to run task
[2024-07-03T09:58:45.795+0000] {standard_task_runner.py:84} INFO - Running: ['***', 'tasks', 'run', 'reports_workflow', 'id_task_get_emails', 'scheduled__2024-07-02T22:05:00+00:00', '--job-id', '512', '--raw', '--subdir', 'DAGS_FOLDER/dag_email_robot.py', '--cfg-path', '/tmp/tmp5bcr758b']
[2024-07-03T09:58:45.796+0000] {standard_task_runner.py:85} INFO - Job 512: Subtask id_task_get_emails
[2024-07-03T09:58:45.894+0000] {task_command.py:415} INFO - Running <TaskInstance: reports_workflow.id_task_get_emails scheduled__2024-07-02T22:05:00+00:00 [running]> on host 6f4ef5488251
[2024-07-03T09:58:46.322+0000] {taskinstance.py:1660} INFO - Exporting env vars: AIRFLOW_CTX_DAG_OWNER='FIRDAVS' AIRFLOW_CTX_DAG_ID='reports_workflow' AIRFLOW_CTX_TASK_ID='id_task_get_emails' AIRFLOW_CTX_EXECUTION_DATE='2024-07-02T22:05:00+00:00' AIRFLOW_CTX_TRY_NUMBER='1' AIRFLOW_CTX_DAG_RUN_ID='scheduled__2024-07-02T22:05:00+00:00'
[2024-07-03T09:58:46.323+0000] {logging_mixin.py:151} INFO - path of config file:  /opt/***
[2024-07-03T09:58:46.324+0000] {logging_mixin.py:151} INFO - #>2024-07-03 09:58:46.324057_User@StatDep: EmailRobot in screated.
[2024-07-03T09:58:46.324+0000] {logging_mixin.py:151} INFO - #>2024-07-03 09:58:46.324216_User@StatDep: get_for_recent_emails is started...
[2024-07-03T09:58:46.324+0000] {logging_mixin.py:151} INFO - #>2024-07-03 09:58:46.324330_User@StatDep: pop3_fetch_emails isstarted...
[2024-07-03T09:58:46.688+0000] {logging_mixin.py:151} INFO -    b'+OK'
[2024-07-03T09:58:46.971+0000] {logging_mixin.py:151} INFO -    mailbox have 0 emails and the robot can process 10
[2024-07-03T09:58:46.972+0000] {logging_mixin.py:151} INFO - #>2024-07-03 09:58:46.972240_User@StatDep: no emails to process, exiting pop3_fetch_emails()...
[2024-07-03T09:58:46.972+0000] {python.py:194} INFO - Done. Returned value was: True
[2024-07-03T09:58:46.998+0000] {taskinstance.py:1400} INFO - Marking task as SUCCESS. dag_id=reports_workflow, task_id=id_task_get_emails, execution_date=20240702T220500, start_date=20240703T095845, end_date=20240703T095846
[2024-07-03T09:58:47.088+0000] {local_task_job_runner.py:228} INFO - Task exited with return code 0
[2024-07-03T09:58:47.104+0000] {taskinstance.py:2784} INFO - 0 downstream tasks scheduled from follow-on schedule check
[2024-07-03T12:30:22.143+0000] {taskinstance.py:1159} INFO - Dependencies all met for dep_context=non-requeueable deps ti=<TaskInstance: reports_workflow.id_task_get_emails scheduled__2024-07-02T22:05:00+00:00 [queued]>
[2024-07-03T12:30:22.173+0000] {taskinstance.py:1159} INFO - Dependencies all met for dep_context=requeueable deps ti=<TaskInstance: reports_workflow.id_task_get_emails scheduled__2024-07-02T22:05:00+00:00 [queued]>
[2024-07-03T12:30:22.174+0000] {taskinstance.py:1361} INFO - Starting attempt 1 of 1
[2024-07-03T12:30:22.202+0000] {taskinstance.py:1382} INFO - Executing <Task(PythonOperator): id_task_get_emails> on 2024-07-02 22:05:00+00:00
[2024-07-03T12:30:22.207+0000] {standard_task_runner.py:57} INFO - Started process 24977 to run task
[2024-07-03T12:30:22.217+0000] {standard_task_runner.py:84} INFO - Running: ['***', 'tasks', 'run', 'reports_workflow', 'id_task_get_emails', 'scheduled__2024-07-02T22:05:00+00:00', '--job-id', '1410', '--raw', '--subdir', 'DAGS_FOLDER/dag_email_robot.py', '--cfg-path', '/tmp/tmphjklnlff']
[2024-07-03T12:30:22.218+0000] {standard_task_runner.py:85} INFO - Job 1410: Subtask id_task_get_emails
[2024-07-03T12:30:22.326+0000] {task_command.py:415} INFO - Running <TaskInstance: reports_workflow.id_task_get_emails scheduled__2024-07-02T22:05:00+00:00 [running]> on host 6f4ef5488251
[2024-07-03T12:30:22.409+0000] {taskinstance.py:1660} INFO - Exporting env vars: AIRFLOW_CTX_DAG_OWNER='FIRDAVS' AIRFLOW_CTX_DAG_ID='reports_workflow' AIRFLOW_CTX_TASK_ID='id_task_get_emails' AIRFLOW_CTX_EXECUTION_DATE='2024-07-02T22:05:00+00:00' AIRFLOW_CTX_TRY_NUMBER='1' AIRFLOW_CTX_DAG_RUN_ID='scheduled__2024-07-02T22:05:00+00:00'
[2024-07-03T12:30:22.410+0000] {logging_mixin.py:151} INFO - path of config file:  /opt/***
[2024-07-03T12:30:22.410+0000] {logging_mixin.py:151} INFO - #>2024-07-03 12:30:22.410718_User@StatDep: EmailRobot in screated.
[2024-07-03T12:30:22.410+0000] {logging_mixin.py:151} INFO - #>2024-07-03 12:30:22.410907_User@StatDep: get_for_recent_emails is started...
[2024-07-03T12:30:22.411+0000] {logging_mixin.py:151} INFO - #>2024-07-03 12:30:22.411038_User@StatDep: pop3_fetch_emails isstarted...
[2024-07-03T12:30:54.246+0000] {logging_mixin.py:151} INFO -    b'+OK'
[2024-07-03T12:30:54.643+0000] {logging_mixin.py:151} INFO -    mailbox have 0 emails and the robot can process 10
[2024-07-03T12:30:54.644+0000] {logging_mixin.py:151} INFO - #>2024-07-03 12:30:54.644401_User@StatDep: no emails to process, exiting pop3_fetch_emails()...
[2024-07-03T12:30:54.645+0000] {python.py:194} INFO - Done. Returned value was: True
[2024-07-03T12:30:54.680+0000] {taskinstance.py:1400} INFO - Marking task as SUCCESS. dag_id=reports_workflow, task_id=id_task_get_emails, execution_date=20240702T220500, start_date=20240703T123022, end_date=20240703T123054
[2024-07-03T12:30:54.704+0000] {local_task_job_runner.py:228} INFO - Task exited with return code 0
[2024-07-03T12:30:54.726+0000] {taskinstance.py:2784} INFO - 1 downstream tasks scheduled from follow-on schedule check
