[2024-07-29T08:25:01.459+0000] {taskinstance.py:1159} INFO - Dependencies all met for dep_context=non-requeueable deps ti=<TaskInstance: reports_workflow.id_task_get_emails scheduled__2024-07-29T08:20:00+00:00 [queued]>
[2024-07-29T08:25:01.467+0000] {taskinstance.py:1159} INFO - Dependencies all met for dep_context=requeueable deps ti=<TaskInstance: reports_workflow.id_task_get_emails scheduled__2024-07-29T08:20:00+00:00 [queued]>
[2024-07-29T08:25:01.467+0000] {taskinstance.py:1361} INFO - Starting attempt 1 of 2
[2024-07-29T08:25:01.483+0000] {taskinstance.py:1382} INFO - Executing <Task(PythonOperator): id_task_get_emails> on 2024-07-29 08:20:00+00:00
[2024-07-29T08:25:01.489+0000] {standard_task_runner.py:57} INFO - Started process 3995 to run task
[2024-07-29T08:25:01.496+0000] {standard_task_runner.py:84} INFO - Running: ['***', 'tasks', 'run', 'reports_workflow', 'id_task_get_emails', 'scheduled__2024-07-29T08:20:00+00:00', '--job-id', '121', '--raw', '--subdir', 'DAGS_FOLDER/dag_stat_report.py', '--cfg-path', '/tmp/tmpt3cjzesf']
[2024-07-29T08:25:01.501+0000] {standard_task_runner.py:85} INFO - Job 121: Subtask id_task_get_emails
[2024-07-29T08:25:01.558+0000] {task_command.py:415} INFO - Running <TaskInstance: reports_workflow.id_task_get_emails scheduled__2024-07-29T08:20:00+00:00 [running]> on host 3fb5581aee62
[2024-07-29T08:25:01.645+0000] {taskinstance.py:1660} INFO - Exporting env vars: AIRFLOW_CTX_DAG_OWNER='FIRDAVS' AIRFLOW_CTX_DAG_ID='reports_workflow' AIRFLOW_CTX_TASK_ID='id_task_get_emails' AIRFLOW_CTX_EXECUTION_DATE='2024-07-29T08:20:00+00:00' AIRFLOW_CTX_TRY_NUMBER='1' AIRFLOW_CTX_DAG_RUN_ID='scheduled__2024-07-29T08:20:00+00:00'
[2024-07-29T08:25:01.646+0000] {logging_mixin.py:151} INFO - path of config file:  /opt/***
[2024-07-29T08:25:01.647+0000] {logging_mixin.py:151} INFO - #>2024-07-29 08:25:01.647250_User@StatDep: EmailRobot in screated.
[2024-07-29T08:25:01.647+0000] {logging_mixin.py:151} INFO - #>2024-07-29 08:25:01.647431_User@StatDep: get_for_recent_emails is started...
[2024-07-29T08:25:01.647+0000] {logging_mixin.py:151} INFO - #>2024-07-29 08:25:01.647565_User@StatDep: pop3_fetch_emails isstarted...
[2024-07-29T08:25:02.203+0000] {logging_mixin.py:151} INFO -    b'+OK'
[2024-07-29T08:25:02.531+0000] {logging_mixin.py:151} INFO -    mailbox have 0 emails and the robot can process 10
[2024-07-29T08:25:02.532+0000] {logging_mixin.py:151} INFO - #>2024-07-29 08:25:02.532326_User@StatDep: no emails to process, exiting pop3_fetch_emails()...
[2024-07-29T08:25:02.533+0000] {python.py:194} INFO - Done. Returned value was: True
[2024-07-29T08:25:02.572+0000] {taskinstance.py:1400} INFO - Marking task as SUCCESS. dag_id=reports_workflow, task_id=id_task_get_emails, execution_date=20240729T082000, start_date=20240729T082501, end_date=20240729T082502
[2024-07-29T08:25:02.595+0000] {local_task_job_runner.py:228} INFO - Task exited with return code 0
[2024-07-29T08:25:02.632+0000] {taskinstance.py:2784} INFO - 1 downstream tasks scheduled from follow-on schedule check
