[2024-07-03T09:58:35.458+0000] {taskinstance.py:1159} INFO - Dependencies all met for dep_context=non-requeueable deps ti=<TaskInstance: reports_workflow.id_task_get_emails scheduled__2024-07-02T20:40:00+00:00 [queued]>
[2024-07-03T09:58:35.471+0000] {taskinstance.py:1159} INFO - Dependencies all met for dep_context=requeueable deps ti=<TaskInstance: reports_workflow.id_task_get_emails scheduled__2024-07-02T20:40:00+00:00 [queued]>
[2024-07-03T09:58:35.471+0000] {taskinstance.py:1361} INFO - Starting attempt 1 of 1
[2024-07-03T09:58:35.488+0000] {taskinstance.py:1382} INFO - Executing <Task(PythonOperator): id_task_get_emails> on 2024-07-02 20:40:00+00:00
[2024-07-03T09:58:35.492+0000] {standard_task_runner.py:57} INFO - Started process 20846 to run task
[2024-07-03T09:58:35.497+0000] {standard_task_runner.py:84} INFO - Running: ['***', 'tasks', 'run', 'reports_workflow', 'id_task_get_emails', 'scheduled__2024-07-02T20:40:00+00:00', '--job-id', '495', '--raw', '--subdir', 'DAGS_FOLDER/dag_email_robot.py', '--cfg-path', '/tmp/tmpfd9u0xye']
[2024-07-03T09:58:35.499+0000] {standard_task_runner.py:85} INFO - Job 495: Subtask id_task_get_emails
[2024-07-03T09:58:35.551+0000] {task_command.py:415} INFO - Running <TaskInstance: reports_workflow.id_task_get_emails scheduled__2024-07-02T20:40:00+00:00 [running]> on host 6f4ef5488251
[2024-07-03T09:58:35.646+0000] {taskinstance.py:1660} INFO - Exporting env vars: AIRFLOW_CTX_DAG_OWNER='FIRDAVS' AIRFLOW_CTX_DAG_ID='reports_workflow' AIRFLOW_CTX_TASK_ID='id_task_get_emails' AIRFLOW_CTX_EXECUTION_DATE='2024-07-02T20:40:00+00:00' AIRFLOW_CTX_TRY_NUMBER='1' AIRFLOW_CTX_DAG_RUN_ID='scheduled__2024-07-02T20:40:00+00:00'
[2024-07-03T09:58:35.647+0000] {logging_mixin.py:151} INFO - path of config file:  /opt/***
[2024-07-03T09:58:35.648+0000] {logging_mixin.py:151} INFO - #>2024-07-03 09:58:35.648255_User@StatDep: EmailRobot in screated.
[2024-07-03T09:58:35.648+0000] {logging_mixin.py:151} INFO - #>2024-07-03 09:58:35.648475_User@StatDep: get_for_recent_emails is started...
[2024-07-03T09:58:35.648+0000] {logging_mixin.py:151} INFO - #>2024-07-03 09:58:35.648643_User@StatDep: pop3_fetch_emails isstarted...
[2024-07-03T09:58:36.043+0000] {logging_mixin.py:151} INFO -    b'+OK'
[2024-07-03T09:58:36.371+0000] {logging_mixin.py:151} INFO -    mailbox have 0 emails and the robot can process 10
[2024-07-03T09:58:36.372+0000] {logging_mixin.py:151} INFO - #>2024-07-03 09:58:36.372183_User@StatDep: no emails to process, exiting pop3_fetch_emails()...
[2024-07-03T09:58:36.372+0000] {python.py:194} INFO - Done. Returned value was: True
[2024-07-03T09:58:36.404+0000] {taskinstance.py:1400} INFO - Marking task as SUCCESS. dag_id=reports_workflow, task_id=id_task_get_emails, execution_date=20240702T204000, start_date=20240703T095835, end_date=20240703T095836
[2024-07-03T09:58:36.431+0000] {local_task_job_runner.py:228} INFO - Task exited with return code 0
[2024-07-03T09:58:36.446+0000] {taskinstance.py:2784} INFO - 0 downstream tasks scheduled from follow-on schedule check
[2024-07-03T12:29:58.863+0000] {taskinstance.py:1159} INFO - Dependencies all met for dep_context=non-requeueable deps ti=<TaskInstance: reports_workflow.id_task_get_emails scheduled__2024-07-02T20:40:00+00:00 [queued]>
[2024-07-03T12:29:58.898+0000] {taskinstance.py:1159} INFO - Dependencies all met for dep_context=requeueable deps ti=<TaskInstance: reports_workflow.id_task_get_emails scheduled__2024-07-02T20:40:00+00:00 [queued]>
[2024-07-03T12:29:58.899+0000] {taskinstance.py:1361} INFO - Starting attempt 1 of 1
[2024-07-03T12:29:58.924+0000] {taskinstance.py:1382} INFO - Executing <Task(PythonOperator): id_task_get_emails> on 2024-07-02 20:40:00+00:00
[2024-07-03T12:29:58.930+0000] {standard_task_runner.py:57} INFO - Started process 24910 to run task
[2024-07-03T12:29:58.942+0000] {standard_task_runner.py:84} INFO - Running: ['***', 'tasks', 'run', 'reports_workflow', 'id_task_get_emails', 'scheduled__2024-07-02T20:40:00+00:00', '--job-id', '1380', '--raw', '--subdir', 'DAGS_FOLDER/dag_email_robot.py', '--cfg-path', '/tmp/tmpcyjsvfx6']
[2024-07-03T12:29:58.943+0000] {standard_task_runner.py:85} INFO - Job 1380: Subtask id_task_get_emails
[2024-07-03T12:29:59.032+0000] {task_command.py:415} INFO - Running <TaskInstance: reports_workflow.id_task_get_emails scheduled__2024-07-02T20:40:00+00:00 [running]> on host 6f4ef5488251
[2024-07-03T12:29:59.185+0000] {taskinstance.py:1660} INFO - Exporting env vars: AIRFLOW_CTX_DAG_OWNER='FIRDAVS' AIRFLOW_CTX_DAG_ID='reports_workflow' AIRFLOW_CTX_TASK_ID='id_task_get_emails' AIRFLOW_CTX_EXECUTION_DATE='2024-07-02T20:40:00+00:00' AIRFLOW_CTX_TRY_NUMBER='1' AIRFLOW_CTX_DAG_RUN_ID='scheduled__2024-07-02T20:40:00+00:00'
[2024-07-03T12:29:59.189+0000] {logging_mixin.py:151} INFO - path of config file:  /opt/***
[2024-07-03T12:29:59.189+0000] {logging_mixin.py:151} INFO - #>2024-07-03 12:29:59.189884_User@StatDep: EmailRobot in screated.
[2024-07-03T12:29:59.190+0000] {logging_mixin.py:151} INFO - #>2024-07-03 12:29:59.190072_User@StatDep: get_for_recent_emails is started...
[2024-07-03T12:29:59.200+0000] {logging_mixin.py:151} INFO - #>2024-07-03 12:29:59.190206_User@StatDep: pop3_fetch_emails isstarted...
[2024-07-03T12:29:59.603+0000] {logging_mixin.py:151} INFO -    b'+OK'
[2024-07-03T12:29:59.987+0000] {logging_mixin.py:151} INFO -    mailbox have 0 emails and the robot can process 10
[2024-07-03T12:29:59.987+0000] {logging_mixin.py:151} INFO - #>2024-07-03 12:29:59.987443_User@StatDep: no emails to process, exiting pop3_fetch_emails()...
[2024-07-03T12:29:59.988+0000] {python.py:194} INFO - Done. Returned value was: True
[2024-07-03T12:30:00.023+0000] {taskinstance.py:1400} INFO - Marking task as SUCCESS. dag_id=reports_workflow, task_id=id_task_get_emails, execution_date=20240702T204000, start_date=20240703T122958, end_date=20240703T123000
[2024-07-03T12:30:00.076+0000] {local_task_job_runner.py:228} INFO - Task exited with return code 0
[2024-07-03T12:30:00.148+0000] {taskinstance.py:2784} INFO - 0 downstream tasks scheduled from follow-on schedule check
