[2024-08-01T11:05:03.918+0000] {taskinstance.py:1159} INFO - Dependencies all met for dep_context=non-requeueable deps ti=<TaskInstance: reports_workflow.id_task_send_emails scheduled__2024-08-01T11:00:00+00:00 [queued]>
[2024-08-01T11:05:03.926+0000] {taskinstance.py:1159} INFO - Dependencies all met for dep_context=requeueable deps ti=<TaskInstance: reports_workflow.id_task_send_emails scheduled__2024-08-01T11:00:00+00:00 [queued]>
[2024-08-01T11:05:03.927+0000] {taskinstance.py:1361} INFO - Starting attempt 1 of 2
[2024-08-01T11:05:03.938+0000] {taskinstance.py:1382} INFO - Executing <Task(PythonOperator): id_task_send_emails> on 2024-08-01 11:00:00+00:00
[2024-08-01T11:05:03.943+0000] {standard_task_runner.py:57} INFO - Started process 46857 to run task
[2024-08-01T11:05:03.953+0000] {standard_task_runner.py:84} INFO - Running: ['***', 'tasks', 'run', 'reports_workflow', 'id_task_send_emails', 'scheduled__2024-08-01T11:00:00+00:00', '--job-id', '1451', '--raw', '--subdir', 'DAGS_FOLDER/dag_stat_report.py', '--cfg-path', '/tmp/tmpwph785y5']
[2024-08-01T11:05:03.957+0000] {standard_task_runner.py:85} INFO - Job 1451: Subtask id_task_send_emails
[2024-08-01T11:05:04.061+0000] {task_command.py:415} INFO - Running <TaskInstance: reports_workflow.id_task_send_emails scheduled__2024-08-01T11:00:00+00:00 [running]> on host 6bb718ab9b8f
[2024-08-01T11:05:04.206+0000] {taskinstance.py:1660} INFO - Exporting env vars: AIRFLOW_CTX_DAG_OWNER='FIRDAVS' AIRFLOW_CTX_DAG_ID='reports_workflow' AIRFLOW_CTX_TASK_ID='id_task_send_emails' AIRFLOW_CTX_EXECUTION_DATE='2024-08-01T11:00:00+00:00' AIRFLOW_CTX_TRY_NUMBER='1' AIRFLOW_CTX_DAG_RUN_ID='scheduled__2024-08-01T11:00:00+00:00'
[2024-08-01T11:05:04.207+0000] {logging_mixin.py:151} INFO - path of config file:  /opt/***
[2024-08-01T11:05:04.208+0000] {logging_mixin.py:151} INFO - #>2024-08-01 11:05:04.208480_User@StatDep: EmailRobot in screated.
[2024-08-01T11:05:04.208+0000] {logging_mixin.py:151} INFO - #>2024-08-01 11:05:04.208720_User@StatDep: send_validation_results is started...
[2024-08-01T11:05:04.227+0000] {logging_mixin.py:151} INFO -    #>2024-08-01 11:05:04.227128_conneciton to db is set.
[2024-08-01T11:05:04.230+0000] {logging_mixin.py:151} INFO -    #>2024-08-01 11:05:04.230717_cursor execution is successful.
[2024-08-01T11:05:04.230+0000] {logging_mixin.py:151} INFO -    extracted information for about report sumbissions found...
[2024-08-01T11:05:04.233+0000] {logging_mixin.py:151} INFO - #>2024-08-01 11:05:04.233913_User@StatDep: email object ready to be sent:
[2024-08-01T11:05:05.570+0000] {logging_mixin.py:151} WARNING - send: 'ehlo [172.19.0.5]\r\n'
[2024-08-01T11:05:05.646+0000] {logging_mixin.py:151} WARNING - reply: b'250-smtp37.i.mail.ru\r\n'
[2024-08-01T11:05:05.646+0000] {logging_mixin.py:151} WARNING - reply: b'250-SIZE 73400320\r\n'
[2024-08-01T11:05:05.647+0000] {logging_mixin.py:151} WARNING - reply: b'250-8BITMIME\r\n'
[2024-08-01T11:05:05.647+0000] {logging_mixin.py:151} WARNING - reply: b'250-PIPELINING\r\n'
[2024-08-01T11:05:05.647+0000] {logging_mixin.py:151} WARNING - reply: b'250-DSN\r\n'
[2024-08-01T11:05:05.648+0000] {logging_mixin.py:151} WARNING - reply: b'250-SMTPUTF8\r\n'
[2024-08-01T11:05:05.648+0000] {logging_mixin.py:151} WARNING - reply: b'250 AUTH PLAIN LOGIN XOAUTH2\r\n'
[2024-08-01T11:05:05.648+0000] {logging_mixin.py:151} WARNING - reply: retcode (250); Msg: b'smtp37.i.mail.ru\nSIZE 73400320\n8BITMIME\nPIPELINING\nDSN\nSMTPUTF8\nAUTH PLAIN LOGIN XOAUTH2'
[2024-08-01T11:05:05.649+0000] {logging_mixin.py:151} WARNING - send: 'AUTH PLAIN AGtoYWxpbXpvZEBsaXN0LnJ1AEdSWFFSakMyYms0cVpIQjI2VXFk\r\n'
[2024-08-01T11:05:05.856+0000] {logging_mixin.py:151} WARNING - reply: b'235 Authentication succeeded\r\n'
[2024-08-01T11:05:05.857+0000] {logging_mixin.py:151} WARNING - reply: retcode (235); Msg: b'Authentication succeeded'
[2024-08-01T11:05:05.862+0000] {logging_mixin.py:151} WARNING - send: 'mail FROM:<khalimzod@list.ru> size=1784\r\n'
[2024-08-01T11:05:05.938+0000] {logging_mixin.py:151} WARNING - reply: b'250 OK\r\n'
[2024-08-01T11:05:05.938+0000] {logging_mixin.py:151} WARNING - reply: retcode (250); Msg: b'OK'
[2024-08-01T11:05:05.939+0000] {logging_mixin.py:151} WARNING - send: 'rcpt TO:<3d_0001@mail.ru>\r\n'
[2024-08-01T11:05:06.013+0000] {logging_mixin.py:151} WARNING - reply: b'250 Accepted\r\n'
[2024-08-01T11:05:06.013+0000] {logging_mixin.py:151} WARNING - reply: retcode (250); Msg: b'Accepted'
[2024-08-01T11:05:06.014+0000] {logging_mixin.py:151} WARNING - send: 'data\r\n'
[2024-08-01T11:05:06.091+0000] {logging_mixin.py:151} WARNING - reply: b'354 Enter message, ending with "." on a line by itself\r\n'
[2024-08-01T11:05:06.091+0000] {logging_mixin.py:151} WARNING - reply: retcode (354); Msg: b'Enter message, ending with "." on a line by itself'
[2024-08-01T11:05:06.092+0000] {logging_mixin.py:151} WARNING - data: (354, b'Enter message, ending with "." on a line by itself')
[2024-08-01T11:05:06.092+0000] {logging_mixin.py:151} WARNING - send: b'Content-Type: multipart/mixed; boundary="===============8043835812822291198=="\r\nMIME-Version: 1.0\r\nSubject: =?utf-8?b?b21vckBuYnQudGo6INGE0LDQudC7ICI0Sy52MC41NzA3LjMwMDYyMDI0Lnhsc3giLCDQt9Cw0LPRgNGD0LbQtdC90L3Ri9C5INCyIDIwMjQtMDgtMDEgMTQ6MDE6MzgrMDA6MDAsINCf0KDQmNCd0K/QoiDQo9Ch0J/QldCo0J3Qng==?=\r\nFrom: khalimzod@list.ru\r\nTo: <3d_0001@mail.ru>\r\n\r\n--===============8043835812822291198==\r\nContent-Type: text/plain; charset="utf-8"\r\nMIME-Version: 1.0\r\nContent-Transfer-Encoding: base64\r\n\r\n0JfQtNGA0LDQstGB0YLQstGD0LnRgtC1LCAKINGE0LDQudC7IDRLLnYwLjU3MDcuMzAwNjIwMjQu\r\neGxzeCwg0LfQsNCz0YDRg9C20LXQvdC90YvQuSDQsiAyMDI0LTA4LTAxIDE0OjAxOjM4KzAwOjAw\r\nLCDQsdGL0Lsg0YPRgdC/0LXRiNC90L4g0L/RgNC+0LLQtdGA0LXQvSDQuCDQv9GA0LjQvdGP0YIg\r\n0YHQuNGB0YLQtdC80L7QuSDQsNCy0YLQvtC80LDRgtC40YfQtdGB0LrQvtC5INC+0LHRgNCw0LHQ\r\nvtGC0LrQuC4KIEMg0YPQstCw0LbQtdC90LjQtdC8LCAKINCU0LXQv9Cw0YDRgtCw0LzQtdC90YIg\r\n0YHRgtCw0YLQuNGB0YLQuNC60Lgg0Lgg0L/Qu9Cw0YLQtdC20L3QvtCz0L4g0LHQsNC70LDQvdGB\r\n0LA=\r\n\r\n--===============8043835812822291198==\r\nMIME-Version: 1.0\r\nContent-Type: application/text/csv; charset="utf-8"\r\nContent-Transfer-Encoding: base64\r\nContent-Transfer-Encoding: base64\r\ncontent-disposition: attachment; filename="4K.v0.5707.30062024.xlsx_protocol.txt"\r\n\r\n0JTQsNGC0LAg0Lgg0LLRgNC10LzRjyDQv9C+0LvRg9GH0LXQvdC40Y8g0YTQsNC50LvQsCAtLS0t\r\nLS0tLS0tLS0tLS0tLS0tLSAyMDI0LTA4LTAxIDE2OjAyOjUzCgogCtCf0YDQvtCy0LXRgNC60LAg\r\n0Lgg0LLQsNC70LjQtNCw0YbQuNGPIC0tLS0tLS0tLS0tLS0tLS0tLS0tLS0tLS0tLS0tLS0tLS0t\r\nLS0g0LvQuNGB0YLQsCA0SyAK0LrQvtC70LjRh9C10YHRgtCy0L4g0L3QsNC50LTQtdC90L3Ri9GF\r\nINC+0YjQuNCx0L7QuiDQvdCwINC70LjRgdGC0LUgLS0tLS0tLS0tLS0tLS0tLS0tLS0tLS0tLS0t\r\nMAoKCiDQutC+0LvQuNGH0LXRgdGC0LLRgyDQvdCw0LnQtNC10L3QvdGL0YUg0L7RiNC40LHQvtC6\r\nIC0tLS0tLS0tLS0tLS0tLS0tLS0tLS0tLS0tLTA=\r\n\r\n--===============8043835812822291198==--\r\n.\r\n'
[2024-08-01T11:05:06.634+0000] {logging_mixin.py:151} WARNING - reply: b'250 OK id=1sZTcI-000000006d2-0Cwq\r\n'
[2024-08-01T11:05:06.634+0000] {logging_mixin.py:151} WARNING - reply: retcode (250); Msg: b'OK id=1sZTcI-000000006d2-0Cwq'
[2024-08-01T11:05:06.634+0000] {logging_mixin.py:151} WARNING - data: (250, b'OK id=1sZTcI-000000006d2-0Cwq')
[2024-08-01T11:05:06.635+0000] {logging_mixin.py:151} INFO - #>2024-08-01 11:05:06.635279_User@StatDep: email successfuly sent
[2024-08-01T11:05:06.635+0000] {logging_mixin.py:151} WARNING - send: 'QUIT\r\n'
[2024-08-01T11:05:06.919+0000] {logging_mixin.py:151} WARNING - reply: b'221 exim-smtp-d7b56f84b-8dknr closing connection\r\n'
[2024-08-01T11:05:06.919+0000] {logging_mixin.py:151} WARNING - reply: retcode (221); Msg: b'exim-smtp-d7b56f84b-8dknr closing connection'
[2024-08-01T11:05:06.920+0000] {logging_mixin.py:151} INFO -    finilizing processing for the reserved file uploads...
[2024-08-01T11:05:06.922+0000] {python.py:194} INFO - Done. Returned value was: True
[2024-08-01T11:05:06.958+0000] {taskinstance.py:1400} INFO - Marking task as SUCCESS. dag_id=reports_workflow, task_id=id_task_send_emails, execution_date=20240801T110000, start_date=20240801T110503, end_date=20240801T110506
[2024-08-01T11:05:07.012+0000] {local_task_job_runner.py:228} INFO - Task exited with return code 0
[2024-08-01T11:05:07.041+0000] {taskinstance.py:2784} INFO - 0 downstream tasks scheduled from follow-on schedule check
