[2024-07-03T09:59:12.168+0000] {taskinstance.py:1159} INFO - Dependencies all met for dep_context=non-requeueable deps ti=<TaskInstance: reports_workflow.id_task_get_emails scheduled__2024-07-03T02:25:00+00:00 [queued]>
[2024-07-03T09:59:12.182+0000] {taskinstance.py:1159} INFO - Dependencies all met for dep_context=requeueable deps ti=<TaskInstance: reports_workflow.id_task_get_emails scheduled__2024-07-03T02:25:00+00:00 [queued]>
[2024-07-03T09:59:12.183+0000] {taskinstance.py:1361} INFO - Starting attempt 1 of 1
[2024-07-03T09:59:12.221+0000] {taskinstance.py:1382} INFO - Executing <Task(PythonOperator): id_task_get_emails> on 2024-07-03 02:25:00+00:00
[2024-07-03T09:59:12.227+0000] {standard_task_runner.py:57} INFO - Started process 20993 to run task
[2024-07-03T09:59:12.240+0000] {standard_task_runner.py:84} INFO - Running: ['***', 'tasks', 'run', 'reports_workflow', 'id_task_get_emails', 'scheduled__2024-07-03T02:25:00+00:00', '--job-id', '564', '--raw', '--subdir', 'DAGS_FOLDER/dag_email_robot.py', '--cfg-path', '/tmp/tmpwdgab9vk']
[2024-07-03T09:59:12.242+0000] {standard_task_runner.py:85} INFO - Job 564: Subtask id_task_get_emails
[2024-07-03T09:59:12.326+0000] {task_command.py:415} INFO - Running <TaskInstance: reports_workflow.id_task_get_emails scheduled__2024-07-03T02:25:00+00:00 [running]> on host 6f4ef5488251
[2024-07-03T09:59:12.410+0000] {taskinstance.py:1660} INFO - Exporting env vars: AIRFLOW_CTX_DAG_OWNER='FIRDAVS' AIRFLOW_CTX_DAG_ID='reports_workflow' AIRFLOW_CTX_TASK_ID='id_task_get_emails' AIRFLOW_CTX_EXECUTION_DATE='2024-07-03T02:25:00+00:00' AIRFLOW_CTX_TRY_NUMBER='1' AIRFLOW_CTX_DAG_RUN_ID='scheduled__2024-07-03T02:25:00+00:00'
[2024-07-03T09:59:12.411+0000] {logging_mixin.py:151} INFO - path of config file:  /opt/***
[2024-07-03T09:59:12.411+0000] {logging_mixin.py:151} INFO - #>2024-07-03 09:59:12.411924_User@StatDep: EmailRobot in screated.
[2024-07-03T09:59:12.412+0000] {logging_mixin.py:151} INFO - #>2024-07-03 09:59:12.412082_User@StatDep: get_for_recent_emails is started...
[2024-07-03T09:59:12.412+0000] {logging_mixin.py:151} INFO - #>2024-07-03 09:59:12.412193_User@StatDep: pop3_fetch_emails isstarted...
[2024-07-03T09:59:12.786+0000] {logging_mixin.py:151} INFO -    b'+OK'
[2024-07-03T09:59:13.184+0000] {logging_mixin.py:151} INFO -    mailbox have 0 emails and the robot can process 10
[2024-07-03T09:59:13.186+0000] {logging_mixin.py:151} INFO - #>2024-07-03 09:59:13.186816_User@StatDep: no emails to process, exiting pop3_fetch_emails()...
[2024-07-03T09:59:13.187+0000] {python.py:194} INFO - Done. Returned value was: True
[2024-07-03T09:59:13.234+0000] {taskinstance.py:1400} INFO - Marking task as SUCCESS. dag_id=reports_workflow, task_id=id_task_get_emails, execution_date=20240703T022500, start_date=20240703T095912, end_date=20240703T095913
[2024-07-03T09:59:13.259+0000] {local_task_job_runner.py:228} INFO - Task exited with return code 0
[2024-07-03T09:59:13.281+0000] {taskinstance.py:2784} INFO - 0 downstream tasks scheduled from follow-on schedule check
[2024-07-03T13:39:37.831+0000] {taskinstance.py:1159} INFO - Dependencies all met for dep_context=non-requeueable deps ti=<TaskInstance: reports_workflow.id_task_get_emails scheduled__2024-07-03T02:25:00+00:00 [queued]>
[2024-07-03T13:39:37.856+0000] {taskinstance.py:1159} INFO - Dependencies all met for dep_context=requeueable deps ti=<TaskInstance: reports_workflow.id_task_get_emails scheduled__2024-07-03T02:25:00+00:00 [queued]>
[2024-07-03T13:39:37.857+0000] {taskinstance.py:1361} INFO - Starting attempt 1 of 1
[2024-07-03T13:39:37.886+0000] {taskinstance.py:1382} INFO - Executing <Task(PythonOperator): id_task_get_emails> on 2024-07-03 02:25:00+00:00
[2024-07-03T13:39:37.891+0000] {standard_task_runner.py:57} INFO - Started process 26242 to run task
[2024-07-03T13:39:37.905+0000] {standard_task_runner.py:84} INFO - Running: ['***', 'tasks', 'run', 'reports_workflow', 'id_task_get_emails', 'scheduled__2024-07-03T02:25:00+00:00', '--job-id', '1517', '--raw', '--subdir', 'DAGS_FOLDER/dag_email_robot.py', '--cfg-path', '/tmp/tmphh6c4r91']
[2024-07-03T13:39:37.911+0000] {standard_task_runner.py:85} INFO - Job 1517: Subtask id_task_get_emails
[2024-07-03T13:39:37.988+0000] {task_command.py:415} INFO - Running <TaskInstance: reports_workflow.id_task_get_emails scheduled__2024-07-03T02:25:00+00:00 [running]> on host 6f4ef5488251
[2024-07-03T13:39:38.137+0000] {taskinstance.py:1660} INFO - Exporting env vars: AIRFLOW_CTX_DAG_OWNER='FIRDAVS' AIRFLOW_CTX_DAG_ID='reports_workflow' AIRFLOW_CTX_TASK_ID='id_task_get_emails' AIRFLOW_CTX_EXECUTION_DATE='2024-07-03T02:25:00+00:00' AIRFLOW_CTX_TRY_NUMBER='1' AIRFLOW_CTX_DAG_RUN_ID='scheduled__2024-07-03T02:25:00+00:00'
[2024-07-03T13:39:38.138+0000] {logging_mixin.py:151} INFO - path of config file:  /opt/***
[2024-07-03T13:39:38.139+0000] {logging_mixin.py:151} INFO - #>2024-07-03 13:39:38.139239_User@StatDep: EmailRobot in screated.
[2024-07-03T13:39:38.139+0000] {logging_mixin.py:151} INFO - #>2024-07-03 13:39:38.139445_User@StatDep: get_for_recent_emails is started...
[2024-07-03T13:39:38.139+0000] {logging_mixin.py:151} INFO - #>2024-07-03 13:39:38.139608_User@StatDep: pop3_fetch_emails isstarted...
[2024-07-03T13:39:38.509+0000] {logging_mixin.py:151} INFO -    b'+OK'
[2024-07-03T13:39:38.870+0000] {logging_mixin.py:151} INFO -    mailbox have 0 emails and the robot can process 10
[2024-07-03T13:39:38.870+0000] {logging_mixin.py:151} INFO - #>2024-07-03 13:39:38.870952_User@StatDep: no emails to process, exiting pop3_fetch_emails()...
[2024-07-03T13:39:38.871+0000] {python.py:194} INFO - Done. Returned value was: True
[2024-07-03T13:39:38.928+0000] {taskinstance.py:1400} INFO - Marking task as SUCCESS. dag_id=reports_workflow, task_id=id_task_get_emails, execution_date=20240703T022500, start_date=20240703T133937, end_date=20240703T133938
[2024-07-03T13:39:39.000+0000] {local_task_job_runner.py:228} INFO - Task exited with return code 0
[2024-07-03T13:39:39.037+0000] {taskinstance.py:2784} INFO - 1 downstream tasks scheduled from follow-on schedule check
