[2024-07-08T09:25:01.869+0000] {taskinstance.py:1159} INFO - Dependencies all met for dep_context=non-requeueable deps ti=<TaskInstance: reports_workflow.id_task_get_emails scheduled__2024-07-08T09:20:00+00:00 [queued]>
[2024-07-08T09:25:01.876+0000] {taskinstance.py:1159} INFO - Dependencies all met for dep_context=requeueable deps ti=<TaskInstance: reports_workflow.id_task_get_emails scheduled__2024-07-08T09:20:00+00:00 [queued]>
[2024-07-08T09:25:01.877+0000] {taskinstance.py:1361} INFO - Starting attempt 1 of 2
[2024-07-08T09:25:01.888+0000] {taskinstance.py:1382} INFO - Executing <Task(PythonOperator): id_task_get_emails> on 2024-07-08 09:20:00+00:00
[2024-07-08T09:25:01.894+0000] {standard_task_runner.py:57} INFO - Started process 6785 to run task
[2024-07-08T09:25:01.899+0000] {standard_task_runner.py:84} INFO - Running: ['***', 'tasks', 'run', 'reports_workflow', 'id_task_get_emails', 'scheduled__2024-07-08T09:20:00+00:00', '--job-id', '3670', '--raw', '--subdir', 'DAGS_FOLDER/dag_email_robot.py', '--cfg-path', '/tmp/tmpc8r0qdl8']
[2024-07-08T09:25:01.903+0000] {standard_task_runner.py:85} INFO - Job 3670: Subtask id_task_get_emails
[2024-07-08T09:25:01.990+0000] {task_command.py:415} INFO - Running <TaskInstance: reports_workflow.id_task_get_emails scheduled__2024-07-08T09:20:00+00:00 [running]> on host 6f4ef5488251
[2024-07-08T09:25:02.097+0000] {taskinstance.py:1660} INFO - Exporting env vars: AIRFLOW_CTX_DAG_OWNER='FIRDAVS' AIRFLOW_CTX_DAG_ID='reports_workflow' AIRFLOW_CTX_TASK_ID='id_task_get_emails' AIRFLOW_CTX_EXECUTION_DATE='2024-07-08T09:20:00+00:00' AIRFLOW_CTX_TRY_NUMBER='1' AIRFLOW_CTX_DAG_RUN_ID='scheduled__2024-07-08T09:20:00+00:00'
[2024-07-08T09:25:02.099+0000] {logging_mixin.py:151} INFO - path of config file:  /opt/***
[2024-07-08T09:25:02.099+0000] {logging_mixin.py:151} INFO - #>2024-07-08 09:25:02.099597_User@StatDep: EmailRobot in screated.
[2024-07-08T09:25:02.099+0000] {logging_mixin.py:151} INFO - #>2024-07-08 09:25:02.099785_User@StatDep: get_for_recent_emails is started...
[2024-07-08T09:25:02.099+0000] {logging_mixin.py:151} INFO - #>2024-07-08 09:25:02.099916_User@StatDep: pop3_fetch_emails isstarted...
[2024-07-08T09:25:02.641+0000] {logging_mixin.py:151} INFO -    b'+OK'
[2024-07-08T09:25:02.973+0000] {logging_mixin.py:151} INFO -    mailbox have 0 emails and the robot can process 10
[2024-07-08T09:25:02.973+0000] {logging_mixin.py:151} INFO - #>2024-07-08 09:25:02.973729_User@StatDep: no emails to process, exiting pop3_fetch_emails()...
[2024-07-08T09:25:02.974+0000] {python.py:194} INFO - Done. Returned value was: True
[2024-07-08T09:25:03.012+0000] {taskinstance.py:1400} INFO - Marking task as SUCCESS. dag_id=reports_workflow, task_id=id_task_get_emails, execution_date=20240708T092000, start_date=20240708T092501, end_date=20240708T092503
[2024-07-08T09:25:03.034+0000] {local_task_job_runner.py:228} INFO - Task exited with return code 0
[2024-07-08T09:25:03.064+0000] {taskinstance.py:2784} INFO - 1 downstream tasks scheduled from follow-on schedule check
[2024-07-08T10:23:13.087+0000] {taskinstance.py:1159} INFO - Dependencies all met for dep_context=non-requeueable deps ti=<TaskInstance: reports_workflow.id_task_get_emails scheduled__2024-07-08T09:20:00+00:00 [queued]>
[2024-07-08T10:23:13.117+0000] {taskinstance.py:1159} INFO - Dependencies all met for dep_context=requeueable deps ti=<TaskInstance: reports_workflow.id_task_get_emails scheduled__2024-07-08T09:20:00+00:00 [queued]>
[2024-07-08T10:23:13.118+0000] {taskinstance.py:1361} INFO - Starting attempt 1 of 2
[2024-07-08T10:23:13.132+0000] {taskinstance.py:1382} INFO - Executing <Task(PythonOperator): id_task_get_emails> on 2024-07-08 09:20:00+00:00
[2024-07-08T10:23:13.138+0000] {standard_task_runner.py:57} INFO - Started process 8307 to run task
[2024-07-08T10:23:13.142+0000] {standard_task_runner.py:84} INFO - Running: ['***', 'tasks', 'run', 'reports_workflow', 'id_task_get_emails', 'scheduled__2024-07-08T09:20:00+00:00', '--job-id', '3885', '--raw', '--subdir', 'DAGS_FOLDER/dag_email_robot.py', '--cfg-path', '/tmp/tmpxrjjhtty']
[2024-07-08T10:23:13.146+0000] {standard_task_runner.py:85} INFO - Job 3885: Subtask id_task_get_emails
[2024-07-08T10:23:13.214+0000] {task_command.py:415} INFO - Running <TaskInstance: reports_workflow.id_task_get_emails scheduled__2024-07-08T09:20:00+00:00 [running]> on host 6f4ef5488251
[2024-07-08T10:23:13.301+0000] {taskinstance.py:1660} INFO - Exporting env vars: AIRFLOW_CTX_DAG_OWNER='FIRDAVS' AIRFLOW_CTX_DAG_ID='reports_workflow' AIRFLOW_CTX_TASK_ID='id_task_get_emails' AIRFLOW_CTX_EXECUTION_DATE='2024-07-08T09:20:00+00:00' AIRFLOW_CTX_TRY_NUMBER='1' AIRFLOW_CTX_DAG_RUN_ID='scheduled__2024-07-08T09:20:00+00:00'
[2024-07-08T10:23:13.302+0000] {logging_mixin.py:151} INFO - path of config file:  /opt/***
[2024-07-08T10:23:13.303+0000] {logging_mixin.py:151} INFO - #>2024-07-08 10:23:13.303044_User@StatDep: EmailRobot in screated.
[2024-07-08T10:23:13.303+0000] {logging_mixin.py:151} INFO - #>2024-07-08 10:23:13.303237_User@StatDep: get_for_recent_emails is started...
[2024-07-08T10:23:13.303+0000] {logging_mixin.py:151} INFO - #>2024-07-08 10:23:13.303380_User@StatDep: pop3_fetch_emails isstarted...
[2024-07-08T10:23:13.720+0000] {logging_mixin.py:151} INFO -    b'+OK'
[2024-07-08T10:23:14.058+0000] {logging_mixin.py:151} INFO -    mailbox have 0 emails and the robot can process 10
[2024-07-08T10:23:14.059+0000] {logging_mixin.py:151} INFO - #>2024-07-08 10:23:14.059034_User@StatDep: no emails to process, exiting pop3_fetch_emails()...
[2024-07-08T10:23:14.059+0000] {python.py:194} INFO - Done. Returned value was: True
[2024-07-08T10:23:14.102+0000] {taskinstance.py:1400} INFO - Marking task as SUCCESS. dag_id=reports_workflow, task_id=id_task_get_emails, execution_date=20240708T092000, start_date=20240708T102313, end_date=20240708T102314
[2024-07-08T10:23:14.158+0000] {local_task_job_runner.py:228} INFO - Task exited with return code 0
[2024-07-08T10:23:14.185+0000] {taskinstance.py:2784} INFO - 1 downstream tasks scheduled from follow-on schedule check
