[2024-07-04T05:08:20.718+0000] {taskinstance.py:1159} INFO - Dependencies all met for dep_context=non-requeueable deps ti=<TaskInstance: reports_workflow.id_task_send_emails scheduled__2024-07-04T04:55:00+00:00 [queued]>
[2024-07-04T05:08:20.758+0000] {taskinstance.py:1159} INFO - Dependencies all met for dep_context=requeueable deps ti=<TaskInstance: reports_workflow.id_task_send_emails scheduled__2024-07-04T04:55:00+00:00 [queued]>
[2024-07-04T05:08:20.758+0000] {taskinstance.py:1361} INFO - Starting attempt 1 of 2
[2024-07-04T05:08:20.772+0000] {taskinstance.py:1382} INFO - Executing <Task(PythonOperator): id_task_send_emails> on 2024-07-04 04:55:00+00:00
[2024-07-04T05:08:20.777+0000] {standard_task_runner.py:57} INFO - Started process 42234 to run task
[2024-07-04T05:08:20.785+0000] {standard_task_runner.py:84} INFO - Running: ['***', 'tasks', 'run', 'reports_workflow', 'id_task_send_emails', 'scheduled__2024-07-04T04:55:00+00:00', '--job-id', '2415', '--raw', '--subdir', 'DAGS_FOLDER/dag_email_robot.py', '--cfg-path', '/tmp/tmpcdvx02yk']
[2024-07-04T05:08:20.786+0000] {standard_task_runner.py:85} INFO - Job 2415: Subtask id_task_send_emails
[2024-07-04T05:08:20.857+0000] {task_command.py:415} INFO - Running <TaskInstance: reports_workflow.id_task_send_emails scheduled__2024-07-04T04:55:00+00:00 [running]> on host 6f4ef5488251
[2024-07-04T05:08:20.942+0000] {taskinstance.py:1660} INFO - Exporting env vars: AIRFLOW_CTX_DAG_OWNER='FIRDAVS' AIRFLOW_CTX_DAG_ID='reports_workflow' AIRFLOW_CTX_TASK_ID='id_task_send_emails' AIRFLOW_CTX_EXECUTION_DATE='2024-07-04T04:55:00+00:00' AIRFLOW_CTX_TRY_NUMBER='1' AIRFLOW_CTX_DAG_RUN_ID='scheduled__2024-07-04T04:55:00+00:00'
[2024-07-04T05:08:20.943+0000] {logging_mixin.py:151} INFO - path of config file:  /opt/***
[2024-07-04T05:08:20.943+0000] {logging_mixin.py:151} INFO - #>2024-07-04 05:08:20.943686_User@StatDep: EmailRobot in screated.
[2024-07-04T05:08:20.943+0000] {logging_mixin.py:151} INFO - #>2024-07-04 05:08:20.943889_User@StatDep: send_validation_results is started...
[2024-07-04T05:08:20.957+0000] {logging_mixin.py:151} INFO -    #>2024-07-04 05:08:20.956946_conneciton to db is set.
[2024-07-04T05:08:20.959+0000] {logging_mixin.py:151} INFO -    #>2024-07-04 05:08:20.958936_cursor execution is successful.
[2024-07-04T05:08:20.961+0000] {logging_mixin.py:151} INFO -    There is no any new submissions found. The get_validation_results is over.
[2024-07-04T05:08:20.963+0000] {python.py:194} INFO - Done. Returned value was: True
[2024-07-04T05:08:20.994+0000] {taskinstance.py:1400} INFO - Marking task as SUCCESS. dag_id=reports_workflow, task_id=id_task_send_emails, execution_date=20240704T045500, start_date=20240704T050820, end_date=20240704T050820
[2024-07-04T05:08:21.037+0000] {local_task_job_runner.py:228} INFO - Task exited with return code 0
[2024-07-04T05:08:21.061+0000] {taskinstance.py:2784} INFO - 0 downstream tasks scheduled from follow-on schedule check
[2024-07-04T05:31:48.022+0000] {taskinstance.py:1159} INFO - Dependencies all met for dep_context=non-requeueable deps ti=<TaskInstance: reports_workflow.id_task_send_emails scheduled__2024-07-04T04:55:00+00:00 [queued]>
[2024-07-04T05:31:48.037+0000] {taskinstance.py:1159} INFO - Dependencies all met for dep_context=requeueable deps ti=<TaskInstance: reports_workflow.id_task_send_emails scheduled__2024-07-04T04:55:00+00:00 [queued]>
[2024-07-04T05:31:48.037+0000] {taskinstance.py:1361} INFO - Starting attempt 1 of 2
[2024-07-04T05:31:48.061+0000] {taskinstance.py:1382} INFO - Executing <Task(PythonOperator): id_task_send_emails> on 2024-07-04 04:55:00+00:00
[2024-07-04T05:31:48.065+0000] {standard_task_runner.py:57} INFO - Started process 42697 to run task
[2024-07-04T05:31:48.080+0000] {standard_task_runner.py:84} INFO - Running: ['***', 'tasks', 'run', 'reports_workflow', 'id_task_send_emails', 'scheduled__2024-07-04T04:55:00+00:00', '--job-id', '2466', '--raw', '--subdir', 'DAGS_FOLDER/dag_email_robot.py', '--cfg-path', '/tmp/tmpf013h542']
[2024-07-04T05:31:48.085+0000] {standard_task_runner.py:85} INFO - Job 2466: Subtask id_task_send_emails
[2024-07-04T05:31:48.164+0000] {task_command.py:415} INFO - Running <TaskInstance: reports_workflow.id_task_send_emails scheduled__2024-07-04T04:55:00+00:00 [running]> on host 6f4ef5488251
[2024-07-04T05:31:48.254+0000] {taskinstance.py:1660} INFO - Exporting env vars: AIRFLOW_CTX_DAG_OWNER='FIRDAVS' AIRFLOW_CTX_DAG_ID='reports_workflow' AIRFLOW_CTX_TASK_ID='id_task_send_emails' AIRFLOW_CTX_EXECUTION_DATE='2024-07-04T04:55:00+00:00' AIRFLOW_CTX_TRY_NUMBER='1' AIRFLOW_CTX_DAG_RUN_ID='scheduled__2024-07-04T04:55:00+00:00'
[2024-07-04T05:31:48.255+0000] {logging_mixin.py:151} INFO - path of config file:  /opt/***
[2024-07-04T05:31:48.256+0000] {logging_mixin.py:151} INFO - #>2024-07-04 05:31:48.256082_User@StatDep: EmailRobot in screated.
[2024-07-04T05:31:48.256+0000] {logging_mixin.py:151} INFO - #>2024-07-04 05:31:48.256264_User@StatDep: send_validation_results is started...
[2024-07-04T05:31:48.265+0000] {logging_mixin.py:151} INFO -    #>2024-07-04 05:31:48.265745_conneciton to db is set.
[2024-07-04T05:31:48.267+0000] {logging_mixin.py:151} INFO -    #>2024-07-04 05:31:48.267564_cursor execution is successful.
[2024-07-04T05:31:48.267+0000] {logging_mixin.py:151} INFO -    There is no any new submissions found. The get_validation_results is over.
[2024-07-04T05:31:48.268+0000] {python.py:194} INFO - Done. Returned value was: True
[2024-07-04T05:31:48.301+0000] {taskinstance.py:1400} INFO - Marking task as SUCCESS. dag_id=reports_workflow, task_id=id_task_send_emails, execution_date=20240704T045500, start_date=20240704T053148, end_date=20240704T053148
[2024-07-04T05:31:48.342+0000] {local_task_job_runner.py:228} INFO - Task exited with return code 0
[2024-07-04T05:31:48.361+0000] {taskinstance.py:2784} INFO - 0 downstream tasks scheduled from follow-on schedule check
[2024-07-04T05:35:02.056+0000] {taskinstance.py:1159} INFO - Dependencies all met for dep_context=non-requeueable deps ti=<TaskInstance: reports_workflow.id_task_send_emails scheduled__2024-07-04T04:55:00+00:00 [queued]>
[2024-07-04T05:35:02.085+0000] {taskinstance.py:1159} INFO - Dependencies all met for dep_context=requeueable deps ti=<TaskInstance: reports_workflow.id_task_send_emails scheduled__2024-07-04T04:55:00+00:00 [queued]>
[2024-07-04T05:35:02.091+0000] {taskinstance.py:1361} INFO - Starting attempt 1 of 2
[2024-07-04T05:35:02.163+0000] {taskinstance.py:1382} INFO - Executing <Task(PythonOperator): id_task_send_emails> on 2024-07-04 04:55:00+00:00
[2024-07-04T05:35:02.168+0000] {standard_task_runner.py:57} INFO - Started process 42847 to run task
[2024-07-04T05:35:02.193+0000] {standard_task_runner.py:84} INFO - Running: ['***', 'tasks', 'run', 'reports_workflow', 'id_task_send_emails', 'scheduled__2024-07-04T04:55:00+00:00', '--job-id', '2512', '--raw', '--subdir', 'DAGS_FOLDER/dag_email_robot.py', '--cfg-path', '/tmp/tmp0kpuf8id']
[2024-07-04T05:35:02.210+0000] {standard_task_runner.py:85} INFO - Job 2512: Subtask id_task_send_emails
[2024-07-04T05:35:02.381+0000] {task_command.py:415} INFO - Running <TaskInstance: reports_workflow.id_task_send_emails scheduled__2024-07-04T04:55:00+00:00 [running]> on host 6f4ef5488251
[2024-07-04T05:35:02.616+0000] {taskinstance.py:1660} INFO - Exporting env vars: AIRFLOW_CTX_DAG_OWNER='FIRDAVS' AIRFLOW_CTX_DAG_ID='reports_workflow' AIRFLOW_CTX_TASK_ID='id_task_send_emails' AIRFLOW_CTX_EXECUTION_DATE='2024-07-04T04:55:00+00:00' AIRFLOW_CTX_TRY_NUMBER='1' AIRFLOW_CTX_DAG_RUN_ID='scheduled__2024-07-04T04:55:00+00:00'
[2024-07-04T05:35:02.618+0000] {logging_mixin.py:151} INFO - path of config file:  /opt/***
[2024-07-04T05:35:02.619+0000] {logging_mixin.py:151} INFO - #>2024-07-04 05:35:02.619465_User@StatDep: EmailRobot in screated.
[2024-07-04T05:35:02.619+0000] {logging_mixin.py:151} INFO - #>2024-07-04 05:35:02.619831_User@StatDep: send_validation_results is started...
[2024-07-04T05:35:02.646+0000] {logging_mixin.py:151} INFO -    #>2024-07-04 05:35:02.646705_conneciton to db is set.
[2024-07-04T05:35:02.654+0000] {logging_mixin.py:151} INFO -    #>2024-07-04 05:35:02.653989_cursor execution is successful.
[2024-07-04T05:35:02.654+0000] {logging_mixin.py:151} INFO -    There is no any new submissions found. The get_validation_results is over.
[2024-07-04T05:35:02.655+0000] {python.py:194} INFO - Done. Returned value was: True
[2024-07-04T05:35:02.757+0000] {taskinstance.py:1400} INFO - Marking task as SUCCESS. dag_id=reports_workflow, task_id=id_task_send_emails, execution_date=20240704T045500, start_date=20240704T053502, end_date=20240704T053502
[2024-07-04T05:35:02.836+0000] {local_task_job_runner.py:228} INFO - Task exited with return code 0
[2024-07-04T05:35:02.882+0000] {taskinstance.py:2784} INFO - 0 downstream tasks scheduled from follow-on schedule check
