[2024-07-09T08:05:41.457+0000] {taskinstance.py:1159} INFO - Dependencies all met for dep_context=non-requeueable deps ti=<TaskInstance: reports_workflow.id_task_get_emails manual__2024-07-09T08:05:39.518714+00:00 [queued]>
[2024-07-09T08:05:41.464+0000] {taskinstance.py:1159} INFO - Dependencies all met for dep_context=requeueable deps ti=<TaskInstance: reports_workflow.id_task_get_emails manual__2024-07-09T08:05:39.518714+00:00 [queued]>
[2024-07-09T08:05:41.465+0000] {taskinstance.py:1361} INFO - Starting attempt 1 of 2
[2024-07-09T08:05:41.483+0000] {taskinstance.py:1382} INFO - Executing <Task(PythonOperator): id_task_get_emails> on 2024-07-09 08:05:39.518714+00:00
[2024-07-09T08:05:41.491+0000] {standard_task_runner.py:57} INFO - Started process 28974 to run task
[2024-07-09T08:05:41.495+0000] {standard_task_runner.py:84} INFO - Running: ['***', 'tasks', 'run', 'reports_workflow', 'id_task_get_emails', 'manual__2024-07-09T08:05:39.518714+00:00', '--job-id', '4119', '--raw', '--subdir', 'DAGS_FOLDER/dag_email_robot.py', '--cfg-path', '/tmp/tmp42cq_31r']
[2024-07-09T08:05:41.498+0000] {standard_task_runner.py:85} INFO - Job 4119: Subtask id_task_get_emails
[2024-07-09T08:05:41.552+0000] {task_command.py:415} INFO - Running <TaskInstance: reports_workflow.id_task_get_emails manual__2024-07-09T08:05:39.518714+00:00 [running]> on host 6f4ef5488251
[2024-07-09T08:05:41.629+0000] {taskinstance.py:1660} INFO - Exporting env vars: AIRFLOW_CTX_DAG_OWNER='FIRDAVS' AIRFLOW_CTX_DAG_ID='reports_workflow' AIRFLOW_CTX_TASK_ID='id_task_get_emails' AIRFLOW_CTX_EXECUTION_DATE='2024-07-09T08:05:39.518714+00:00' AIRFLOW_CTX_TRY_NUMBER='1' AIRFLOW_CTX_DAG_RUN_ID='manual__2024-07-09T08:05:39.518714+00:00'
[2024-07-09T08:05:41.630+0000] {logging_mixin.py:151} INFO - path of config file:  /opt/***
[2024-07-09T08:05:41.631+0000] {logging_mixin.py:151} INFO - #>2024-07-09 08:05:41.631088_User@StatDep: EmailRobot in screated.
[2024-07-09T08:05:41.631+0000] {logging_mixin.py:151} INFO - #>2024-07-09 08:05:41.631277_User@StatDep: get_for_recent_emails is started...
[2024-07-09T08:05:41.631+0000] {logging_mixin.py:151} INFO - #>2024-07-09 08:05:41.631393_User@StatDep: pop3_fetch_emails isstarted...
[2024-07-09T08:05:42.149+0000] {logging_mixin.py:151} INFO -    b'+OK'
[2024-07-09T08:05:42.450+0000] {logging_mixin.py:151} INFO -    mailbox have 0 emails and the robot can process 10
[2024-07-09T08:05:42.450+0000] {logging_mixin.py:151} INFO - #>2024-07-09 08:05:42.450810_User@StatDep: no emails to process, exiting pop3_fetch_emails()...
[2024-07-09T08:05:42.451+0000] {python.py:194} INFO - Done. Returned value was: True
[2024-07-09T08:05:42.486+0000] {taskinstance.py:1400} INFO - Marking task as SUCCESS. dag_id=reports_workflow, task_id=id_task_get_emails, execution_date=20240709T080539, start_date=20240709T080541, end_date=20240709T080542
[2024-07-09T08:05:42.513+0000] {local_task_job_runner.py:228} INFO - Task exited with return code 0
[2024-07-09T08:05:42.545+0000] {taskinstance.py:2784} INFO - 0 downstream tasks scheduled from follow-on schedule check
