[2024-07-08T09:10:04.948+0000] {taskinstance.py:1159} INFO - Dependencies all met for dep_context=non-requeueable deps ti=<TaskInstance: reports_workflow.id_task_send_emails scheduled__2024-07-08T09:05:00+00:00 [queued]>
[2024-07-08T09:10:04.957+0000] {taskinstance.py:1159} INFO - Dependencies all met for dep_context=requeueable deps ti=<TaskInstance: reports_workflow.id_task_send_emails scheduled__2024-07-08T09:05:00+00:00 [queued]>
[2024-07-08T09:10:04.957+0000] {taskinstance.py:1361} INFO - Starting attempt 1 of 2
[2024-07-08T09:10:04.969+0000] {taskinstance.py:1382} INFO - Executing <Task(PythonOperator): id_task_send_emails> on 2024-07-08 09:05:00+00:00
[2024-07-08T09:10:04.975+0000] {standard_task_runner.py:57} INFO - Started process 6531 to run task
[2024-07-08T09:10:04.984+0000] {standard_task_runner.py:84} INFO - Running: ['***', 'tasks', 'run', 'reports_workflow', 'id_task_send_emails', 'scheduled__2024-07-08T09:05:00+00:00', '--job-id', '3663', '--raw', '--subdir', 'DAGS_FOLDER/dag_email_robot.py', '--cfg-path', '/tmp/tmpnz8evps8']
[2024-07-08T09:10:04.992+0000] {standard_task_runner.py:85} INFO - Job 3663: Subtask id_task_send_emails
[2024-07-08T09:10:05.083+0000] {task_command.py:415} INFO - Running <TaskInstance: reports_workflow.id_task_send_emails scheduled__2024-07-08T09:05:00+00:00 [running]> on host 6f4ef5488251
[2024-07-08T09:10:05.209+0000] {taskinstance.py:1660} INFO - Exporting env vars: AIRFLOW_CTX_DAG_OWNER='FIRDAVS' AIRFLOW_CTX_DAG_ID='reports_workflow' AIRFLOW_CTX_TASK_ID='id_task_send_emails' AIRFLOW_CTX_EXECUTION_DATE='2024-07-08T09:05:00+00:00' AIRFLOW_CTX_TRY_NUMBER='1' AIRFLOW_CTX_DAG_RUN_ID='scheduled__2024-07-08T09:05:00+00:00'
[2024-07-08T09:10:05.211+0000] {logging_mixin.py:151} INFO - path of config file:  /opt/***
[2024-07-08T09:10:05.212+0000] {logging_mixin.py:151} INFO - #>2024-07-08 09:10:05.211998_User@StatDep: EmailRobot in screated.
[2024-07-08T09:10:05.212+0000] {logging_mixin.py:151} INFO - #>2024-07-08 09:10:05.212199_User@StatDep: send_validation_results is started...
[2024-07-08T09:10:05.221+0000] {logging_mixin.py:151} INFO -    #>2024-07-08 09:10:05.221793_conneciton to db is set.
[2024-07-08T09:10:05.223+0000] {logging_mixin.py:151} INFO -    #>2024-07-08 09:10:05.223673_cursor execution is successful.
[2024-07-08T09:10:05.223+0000] {logging_mixin.py:151} INFO -    There is no any new submissions found. The get_validation_results is over.
[2024-07-08T09:10:05.224+0000] {python.py:194} INFO - Done. Returned value was: True
[2024-07-08T09:10:05.250+0000] {taskinstance.py:1400} INFO - Marking task as SUCCESS. dag_id=reports_workflow, task_id=id_task_send_emails, execution_date=20240708T090500, start_date=20240708T091004, end_date=20240708T091005
[2024-07-08T09:10:05.271+0000] {local_task_job_runner.py:228} INFO - Task exited with return code 0
[2024-07-08T09:10:05.296+0000] {taskinstance.py:2784} INFO - 0 downstream tasks scheduled from follow-on schedule check
[2024-07-08T10:23:11.607+0000] {taskinstance.py:1159} INFO - Dependencies all met for dep_context=non-requeueable deps ti=<TaskInstance: reports_workflow.id_task_send_emails scheduled__2024-07-08T09:05:00+00:00 [queued]>
[2024-07-08T10:23:11.664+0000] {taskinstance.py:1159} INFO - Dependencies all met for dep_context=requeueable deps ti=<TaskInstance: reports_workflow.id_task_send_emails scheduled__2024-07-08T09:05:00+00:00 [queued]>
[2024-07-08T10:23:11.665+0000] {taskinstance.py:1361} INFO - Starting attempt 1 of 2
[2024-07-08T10:23:11.679+0000] {taskinstance.py:1382} INFO - Executing <Task(PythonOperator): id_task_send_emails> on 2024-07-08 09:05:00+00:00
[2024-07-08T10:23:11.686+0000] {standard_task_runner.py:57} INFO - Started process 8297 to run task
[2024-07-08T10:23:11.692+0000] {standard_task_runner.py:84} INFO - Running: ['***', 'tasks', 'run', 'reports_workflow', 'id_task_send_emails', 'scheduled__2024-07-08T09:05:00+00:00', '--job-id', '3882', '--raw', '--subdir', 'DAGS_FOLDER/dag_email_robot.py', '--cfg-path', '/tmp/tmpmwy5t7ud']
[2024-07-08T10:23:11.696+0000] {standard_task_runner.py:85} INFO - Job 3882: Subtask id_task_send_emails
[2024-07-08T10:23:11.769+0000] {task_command.py:415} INFO - Running <TaskInstance: reports_workflow.id_task_send_emails scheduled__2024-07-08T09:05:00+00:00 [running]> on host 6f4ef5488251
[2024-07-08T10:23:11.897+0000] {taskinstance.py:1660} INFO - Exporting env vars: AIRFLOW_CTX_DAG_OWNER='FIRDAVS' AIRFLOW_CTX_DAG_ID='reports_workflow' AIRFLOW_CTX_TASK_ID='id_task_send_emails' AIRFLOW_CTX_EXECUTION_DATE='2024-07-08T09:05:00+00:00' AIRFLOW_CTX_TRY_NUMBER='1' AIRFLOW_CTX_DAG_RUN_ID='scheduled__2024-07-08T09:05:00+00:00'
[2024-07-08T10:23:11.899+0000] {logging_mixin.py:151} INFO - path of config file:  /opt/***
[2024-07-08T10:23:11.899+0000] {logging_mixin.py:151} INFO - #>2024-07-08 10:23:11.899940_User@StatDep: EmailRobot in screated.
[2024-07-08T10:23:11.900+0000] {logging_mixin.py:151} INFO - #>2024-07-08 10:23:11.900146_User@StatDep: send_validation_results is started...
[2024-07-08T10:23:11.911+0000] {logging_mixin.py:151} INFO -    #>2024-07-08 10:23:11.911895_conneciton to db is set.
[2024-07-08T10:23:11.916+0000] {logging_mixin.py:151} INFO -    #>2024-07-08 10:23:11.916300_cursor execution is successful.
[2024-07-08T10:23:11.916+0000] {logging_mixin.py:151} INFO -    There is no any new submissions found. The get_validation_results is over.
[2024-07-08T10:23:11.917+0000] {python.py:194} INFO - Done. Returned value was: True
[2024-07-08T10:23:11.942+0000] {taskinstance.py:1400} INFO - Marking task as SUCCESS. dag_id=reports_workflow, task_id=id_task_send_emails, execution_date=20240708T090500, start_date=20240708T102311, end_date=20240708T102311
[2024-07-08T10:23:11.988+0000] {local_task_job_runner.py:228} INFO - Task exited with return code 0
[2024-07-08T10:23:12.013+0000] {taskinstance.py:2784} INFO - 0 downstream tasks scheduled from follow-on schedule check
