[2024-07-25T05:40:05.833+0000] {taskinstance.py:1159} INFO - Dependencies all met for dep_context=non-requeueable deps ti=<TaskInstance: reports_workflow.id_task_send_emails scheduled__2024-07-25T05:35:00+00:00 [queued]>
[2024-07-25T05:40:05.842+0000] {taskinstance.py:1159} INFO - Dependencies all met for dep_context=requeueable deps ti=<TaskInstance: reports_workflow.id_task_send_emails scheduled__2024-07-25T05:35:00+00:00 [queued]>
[2024-07-25T05:40:05.842+0000] {taskinstance.py:1361} INFO - Starting attempt 1 of 2
[2024-07-25T05:40:05.856+0000] {taskinstance.py:1382} INFO - Executing <Task(PythonOperator): id_task_send_emails> on 2024-07-25 05:35:00+00:00
[2024-07-25T05:40:05.862+0000] {standard_task_runner.py:57} INFO - Started process 127356 to run task
[2024-07-25T05:40:05.872+0000] {standard_task_runner.py:84} INFO - Running: ['***', 'tasks', 'run', 'reports_workflow', 'id_task_send_emails', 'scheduled__2024-07-25T05:35:00+00:00', '--job-id', '8093', '--raw', '--subdir', 'DAGS_FOLDER/dag_email_robot.py', '--cfg-path', '/tmp/tmpvns1aprx']
[2024-07-25T05:40:05.879+0000] {standard_task_runner.py:85} INFO - Job 8093: Subtask id_task_send_emails
[2024-07-25T05:40:06.334+0000] {task_command.py:415} INFO - Running <TaskInstance: reports_workflow.id_task_send_emails scheduled__2024-07-25T05:35:00+00:00 [running]> on host 6f4ef5488251
[2024-07-25T05:40:06.589+0000] {taskinstance.py:1660} INFO - Exporting env vars: AIRFLOW_CTX_DAG_OWNER='FIRDAVS' AIRFLOW_CTX_DAG_ID='reports_workflow' AIRFLOW_CTX_TASK_ID='id_task_send_emails' AIRFLOW_CTX_EXECUTION_DATE='2024-07-25T05:35:00+00:00' AIRFLOW_CTX_TRY_NUMBER='1' AIRFLOW_CTX_DAG_RUN_ID='scheduled__2024-07-25T05:35:00+00:00'
[2024-07-25T05:40:06.591+0000] {logging_mixin.py:151} INFO - path of config file:  /opt/***
[2024-07-25T05:40:06.592+0000] {logging_mixin.py:151} INFO - #>2024-07-25 05:40:06.592305_User@StatDep: EmailRobot in screated.
[2024-07-25T05:40:06.592+0000] {logging_mixin.py:151} INFO - #>2024-07-25 05:40:06.592803_User@StatDep: send_validation_results is started...
[2024-07-25T05:40:06.605+0000] {logging_mixin.py:151} INFO -    #>2024-07-25 05:40:06.605630_conneciton to db is set.
[2024-07-25T05:40:06.609+0000] {logging_mixin.py:151} INFO -    #>2024-07-25 05:40:06.609019_cursor execution is successful.
[2024-07-25T05:40:06.609+0000] {logging_mixin.py:151} INFO -    extracted information for about report sumbissions found...
[2024-07-25T05:40:06.612+0000] {logging_mixin.py:151} INFO - #>2024-07-25 05:40:06.612101_User@StatDep: email object ready to be sent:
[2024-07-25T05:40:07.051+0000] {logging_mixin.py:151} WARNING - send: 'ehlo [172.20.0.6]\r\n'
[2024-07-25T05:40:07.113+0000] {logging_mixin.py:151} WARNING - reply: b'250-smtp39.i.mail.ru\r\n'
[2024-07-25T05:40:07.114+0000] {logging_mixin.py:151} WARNING - reply: b'250-SIZE 73400320\r\n'
[2024-07-25T05:40:07.115+0000] {logging_mixin.py:151} WARNING - reply: b'250-8BITMIME\r\n'
[2024-07-25T05:40:07.115+0000] {logging_mixin.py:151} WARNING - reply: b'250-PIPELINING\r\n'
[2024-07-25T05:40:07.116+0000] {logging_mixin.py:151} WARNING - reply: b'250-DSN\r\n'
[2024-07-25T05:40:07.116+0000] {logging_mixin.py:151} WARNING - reply: b'250-SMTPUTF8\r\n'
[2024-07-25T05:40:07.117+0000] {logging_mixin.py:151} WARNING - reply: b'250 AUTH PLAIN LOGIN XOAUTH2\r\n'
[2024-07-25T05:40:07.117+0000] {logging_mixin.py:151} WARNING - reply: retcode (250); Msg: b'smtp39.i.mail.ru\nSIZE 73400320\n8BITMIME\nPIPELINING\nDSN\nSMTPUTF8\nAUTH PLAIN LOGIN XOAUTH2'
[2024-07-25T05:40:07.118+0000] {logging_mixin.py:151} WARNING - send: 'AUTH PLAIN AGtoYWxpbXpvZEBsaXN0LnJ1AEdSWFFSakMyYms0cVpIQjI2VXFk\r\n'
[2024-07-25T05:40:07.357+0000] {logging_mixin.py:151} WARNING - reply: b'235 Authentication succeeded\r\n'
[2024-07-25T05:40:07.358+0000] {logging_mixin.py:151} WARNING - reply: retcode (235); Msg: b'Authentication succeeded'
[2024-07-25T05:40:07.363+0000] {logging_mixin.py:151} WARNING - send: 'mail FROM:<khalimzod@list.ru> size=1515\r\n'
[2024-07-25T05:40:07.431+0000] {logging_mixin.py:151} WARNING - reply: b'250 OK\r\n'
[2024-07-25T05:40:07.432+0000] {logging_mixin.py:151} WARNING - reply: retcode (250); Msg: b'OK'
[2024-07-25T05:40:07.433+0000] {logging_mixin.py:151} WARNING - send: 'rcpt TO:<3d_0001@mail.ru>\r\n'
[2024-07-25T05:40:07.504+0000] {logging_mixin.py:151} WARNING - reply: b'250 Accepted\r\n'
[2024-07-25T05:40:07.505+0000] {logging_mixin.py:151} WARNING - reply: retcode (250); Msg: b'Accepted'
[2024-07-25T05:40:07.506+0000] {logging_mixin.py:151} WARNING - send: 'data\r\n'
[2024-07-25T05:40:07.575+0000] {logging_mixin.py:151} WARNING - reply: b'354 Enter message, ending with "." on a line by itself\r\n'
[2024-07-25T05:40:07.576+0000] {logging_mixin.py:151} WARNING - reply: retcode (354); Msg: b'Enter message, ending with "." on a line by itself'
[2024-07-25T05:40:07.577+0000] {logging_mixin.py:151} WARNING - data: (354, b'Enter message, ending with "." on a line by itself')
[2024-07-25T05:40:07.578+0000] {logging_mixin.py:151} WARNING - send: b'Content-Type: multipart/mixed; boundary="===============5255081123967300934=="\r\nMIME-Version: 1.0\r\nSubject: =?utf-8?b?b21vckBuYnQudGo6INGE0LDQudC7ICIxSEsudjAuNTcwNy4zMDA2MjAyNC54bHN4Iiwg0LfQsNCz0YDRg9C20LXQvdC90YvQtSDQsiAyMDI0LTA3LTI1IDA3OjU5OjAzKzAwOjAwLCDQn9Cg0JjQndCv0KIg0KPQodCf0JXQqNCd0J4=?=\r\nFrom: khalimzod@list.ru\r\nTo: <3d_0001@mail.ru>\r\n\r\n--===============5255081123967300934==\r\nContent-Type: text/plain; charset="utf-8"\r\nMIME-Version: 1.0\r\nContent-Transfer-Encoding: base64\r\n\r\n0JfQtNGA0LDQstGB0YLQstGD0LnRgtC1LCAKINGE0LDQudC7IDFISy52MC41NzA3LjMwMDYyMDI0\r\nLnhsc3gsINC30LDQs9GA0YPQttC10L3QvdGL0Lkg0LIgMjAyNC0wNy0yNSAwNzo1OTowMyswMDow\r\nMCwg0LHRi9C7INGD0YHQv9C10YjQvdC+INC/0YDQvtCy0LXRgNC10L0g0Lgg0L/RgNC40L3Rj9GC\r\nINGB0LjRgdGC0LXQvNC+0Lkg0LDQstGC0L7QvNCw0YLQuNGH0LXRgdC60L7QuSDQvtCx0YDQsNCx\r\n0L7RgtC60LguCiBDINGD0LLQsNC20LXQvdC40LXQvCwgCiDQlNC10L/QsNGA0YLQsNC80LXQvdGC\r\nINGB0YLQsNGC0LjRgdGC0LjQutC4INC4INC/0LvQsNGC0LXQttC90L7Qs9C+INCx0LDQu9Cw0L3R\r\ngdCw\r\n\r\n--===============5255081123967300934==\r\nMIME-Version: 1.0\r\nContent-Type: application/text/csv; charset="utf-8"\r\nContent-Transfer-Encoding: base64\r\nContent-Transfer-Encoding: base64\r\ncontent-disposition: attachment; filename="1HK.v0.5707.30062024.xlsx_protocol.txt"\r\n\r\n0JTQsNGC0LAg0Lgg0LLRgNC10LzRjyDQv9C+0LvRg9GH0LXQvdC40Y8g0YTQsNC50LvQsCAtLS0t\r\nLS0tLS0tLS0tLS0tLS0tLSAyMDI0LTA3LTI1IDEwOjM1OjUxCgogCgog0LrQvtC70LjRh9C10YHR\r\ngtCy0L4g0L3QsNC50LTQtdC90L3Ri9GFINC+0YjQuNCx0L7QuiAtLS0tLS0tLS0tLS0tLS0tLS0t\r\nLTA=\r\n\r\n--===============5255081123967300934==--\r\n.\r\n'
[2024-07-25T05:40:08.364+0000] {logging_mixin.py:151} WARNING - reply: b'250 OK id=1sWrCx-00000006v8l-2ITm\r\n'
[2024-07-25T05:40:08.365+0000] {logging_mixin.py:151} WARNING - reply: retcode (250); Msg: b'OK id=1sWrCx-00000006v8l-2ITm'
[2024-07-25T05:40:08.365+0000] {logging_mixin.py:151} WARNING - data: (250, b'OK id=1sWrCx-00000006v8l-2ITm')
[2024-07-25T05:40:08.366+0000] {logging_mixin.py:151} INFO - #>2024-07-25 05:40:08.366102_User@StatDep: email successfuly sent
[2024-07-25T05:40:08.366+0000] {logging_mixin.py:151} WARNING - send: 'QUIT\r\n'
[2024-07-25T05:40:08.649+0000] {logging_mixin.py:151} WARNING - reply: b'221 smtp39.i.mail.ru closing connection\r\n'
[2024-07-25T05:40:08.650+0000] {logging_mixin.py:151} WARNING - reply: retcode (221); Msg: b'smtp39.i.mail.ru closing connection'
[2024-07-25T05:40:08.652+0000] {logging_mixin.py:151} INFO -    finilizing processing for the reserved file uploads...
[2024-07-25T05:40:08.654+0000] {python.py:194} INFO - Done. Returned value was: True
[2024-07-25T05:40:08.694+0000] {taskinstance.py:1400} INFO - Marking task as SUCCESS. dag_id=reports_workflow, task_id=id_task_send_emails, execution_date=20240725T053500, start_date=20240725T054005, end_date=20240725T054008
[2024-07-25T05:40:08.734+0000] {local_task_job_runner.py:228} INFO - Task exited with return code 0
[2024-07-25T05:40:08.761+0000] {taskinstance.py:2784} INFO - 0 downstream tasks scheduled from follow-on schedule check
