[2024-07-03T09:57:11.547+0000] {taskinstance.py:1159} INFO - Dependencies all met for dep_context=non-requeueable deps ti=<TaskInstance: reports_workflow.id_task_get_emails scheduled__2024-07-02T06:25:00+00:00 [queued]>
[2024-07-03T09:57:11.566+0000] {taskinstance.py:1159} INFO - Dependencies all met for dep_context=requeueable deps ti=<TaskInstance: reports_workflow.id_task_get_emails scheduled__2024-07-02T06:25:00+00:00 [queued]>
[2024-07-03T09:57:11.567+0000] {taskinstance.py:1361} INFO - Starting attempt 1 of 1
[2024-07-03T09:57:11.624+0000] {taskinstance.py:1382} INFO - Executing <Task(PythonOperator): id_task_get_emails> on 2024-07-02 06:25:00+00:00
[2024-07-03T09:57:11.635+0000] {standard_task_runner.py:57} INFO - Started process 20478 to run task
[2024-07-03T09:57:11.645+0000] {standard_task_runner.py:84} INFO - Running: ['***', 'tasks', 'run', 'reports_workflow', 'id_task_get_emails', 'scheduled__2024-07-02T06:25:00+00:00', '--job-id', '321', '--raw', '--subdir', 'DAGS_FOLDER/dag_email_robot.py', '--cfg-path', '/tmp/tmpaofau_q4']
[2024-07-03T09:57:11.646+0000] {standard_task_runner.py:85} INFO - Job 321: Subtask id_task_get_emails
[2024-07-03T09:57:11.735+0000] {task_command.py:415} INFO - Running <TaskInstance: reports_workflow.id_task_get_emails scheduled__2024-07-02T06:25:00+00:00 [running]> on host 6f4ef5488251
[2024-07-03T09:57:11.862+0000] {taskinstance.py:1660} INFO - Exporting env vars: AIRFLOW_CTX_DAG_OWNER='FIRDAVS' AIRFLOW_CTX_DAG_ID='reports_workflow' AIRFLOW_CTX_TASK_ID='id_task_get_emails' AIRFLOW_CTX_EXECUTION_DATE='2024-07-02T06:25:00+00:00' AIRFLOW_CTX_TRY_NUMBER='1' AIRFLOW_CTX_DAG_RUN_ID='scheduled__2024-07-02T06:25:00+00:00'
[2024-07-03T09:57:11.863+0000] {logging_mixin.py:151} INFO - path of config file:  /opt/***
[2024-07-03T09:57:11.863+0000] {taskinstance.py:1943} ERROR - Task failed with exception
Traceback (most recent call last):
  File "/home/airflow/.local/lib/python3.8/site-packages/airflow/operators/python.py", line 192, in execute
    return_value = self.execute_callable()
  File "/home/airflow/.local/lib/python3.8/site-packages/airflow/operators/python.py", line 209, in execute_callable
    return self.python_callable(*self.op_args, **self.op_kwargs)
  File "/opt/airflow/dags/dag_email_robot.py", line 22, in get_emails
    email_conf = json.load (open(path / ("config/email_conf.json")))
NameError: name 'json' is not defined
[2024-07-03T09:57:11.873+0000] {taskinstance.py:1400} INFO - Marking task as FAILED. dag_id=reports_workflow, task_id=id_task_get_emails, execution_date=20240702T062500, start_date=20240703T095711, end_date=20240703T095711
[2024-07-03T09:57:11.893+0000] {standard_task_runner.py:104} ERROR - Failed to execute job 321 for task id_task_get_emails (name 'json' is not defined; 20478)
[2024-07-03T09:57:11.938+0000] {local_task_job_runner.py:228} INFO - Task exited with return code 1
[2024-07-03T09:57:11.961+0000] {taskinstance.py:2784} INFO - 0 downstream tasks scheduled from follow-on schedule check
[2024-07-03T12:04:46.801+0000] {taskinstance.py:1159} INFO - Dependencies all met for dep_context=non-requeueable deps ti=<TaskInstance: reports_workflow.id_task_get_emails scheduled__2024-07-02T06:25:00+00:00 [queued]>
[2024-07-03T12:04:46.818+0000] {taskinstance.py:1159} INFO - Dependencies all met for dep_context=requeueable deps ti=<TaskInstance: reports_workflow.id_task_get_emails scheduled__2024-07-02T06:25:00+00:00 [queued]>
[2024-07-03T12:04:46.818+0000] {taskinstance.py:1361} INFO - Starting attempt 1 of 1
[2024-07-03T12:04:46.937+0000] {taskinstance.py:1382} INFO - Executing <Task(PythonOperator): id_task_get_emails> on 2024-07-02 06:25:00+00:00
[2024-07-03T12:04:46.953+0000] {standard_task_runner.py:57} INFO - Started process 23298 to run task
[2024-07-03T12:04:46.967+0000] {standard_task_runner.py:84} INFO - Running: ['***', 'tasks', 'run', 'reports_workflow', 'id_task_get_emails', 'scheduled__2024-07-02T06:25:00+00:00', '--job-id', '763', '--raw', '--subdir', 'DAGS_FOLDER/dag_email_robot.py', '--cfg-path', '/tmp/tmp6d2cfxw3']
[2024-07-03T12:04:46.968+0000] {standard_task_runner.py:85} INFO - Job 763: Subtask id_task_get_emails
[2024-07-03T12:04:47.083+0000] {task_command.py:415} INFO - Running <TaskInstance: reports_workflow.id_task_get_emails scheduled__2024-07-02T06:25:00+00:00 [running]> on host 6f4ef5488251
[2024-07-03T12:04:47.229+0000] {taskinstance.py:1660} INFO - Exporting env vars: AIRFLOW_CTX_DAG_OWNER='FIRDAVS' AIRFLOW_CTX_DAG_ID='reports_workflow' AIRFLOW_CTX_TASK_ID='id_task_get_emails' AIRFLOW_CTX_EXECUTION_DATE='2024-07-02T06:25:00+00:00' AIRFLOW_CTX_TRY_NUMBER='1' AIRFLOW_CTX_DAG_RUN_ID='scheduled__2024-07-02T06:25:00+00:00'
[2024-07-03T12:04:47.230+0000] {logging_mixin.py:151} INFO - path of config file:  /opt/***
[2024-07-03T12:04:47.231+0000] {logging_mixin.py:151} INFO - #>2024-07-03 12:04:47.231430_User@StatDep: EmailRobot in screated.
[2024-07-03T12:04:47.231+0000] {logging_mixin.py:151} INFO - #>2024-07-03 12:04:47.231618_User@StatDep: get_for_recent_emails is started...
[2024-07-03T12:04:47.231+0000] {logging_mixin.py:151} INFO - #>2024-07-03 12:04:47.231752_User@StatDep: pop3_fetch_emails isstarted...
[2024-07-03T12:04:47.657+0000] {logging_mixin.py:151} INFO -    b'+OK'
[2024-07-03T12:04:48.080+0000] {logging_mixin.py:151} INFO -    mailbox have 1 emails and the robot can process 10
[2024-07-03T12:04:48.565+0000] {logging_mixin.py:151} INFO -    #>2024-07-03 12:04:48.565392_conneciton to db is set.
[2024-07-03T12:04:48.577+0000] {taskinstance.py:1943} ERROR - Task failed with exception
Traceback (most recent call last):
  File "/home/airflow/.local/lib/python3.8/site-packages/airflow/operators/python.py", line 192, in execute
    return_value = self.execute_callable()
  File "/home/airflow/.local/lib/python3.8/site-packages/airflow/operators/python.py", line 209, in execute_callable
    return self.python_callable(*self.op_args, **self.op_kwargs)
  File "/opt/airflow/dags/dag_email_robot.py", line 25, in get_emails
    robot.fetch_emails()
  File "/opt/airflow/dags/emailRobot.py", line 62, in fetch_emails
    return self.pop3_fetch_emails()
  File "/opt/airflow/dags/emailRobot.py", line 156, in pop3_fetch_emails
    cursor.execute (query, insert_values)
psycopg2.errors.UndefinedTable: relation "sma_stat_dep.tbl_file_upload" does not exist
LINE 1: ...) AS (INSERT INTO                                 sma_stat_d...
                                                             ^

[2024-07-03T12:04:48.595+0000] {taskinstance.py:1400} INFO - Marking task as FAILED. dag_id=reports_workflow, task_id=id_task_get_emails, execution_date=20240702T062500, start_date=20240703T120446, end_date=20240703T120448
[2024-07-03T12:04:48.606+0000] {standard_task_runner.py:104} ERROR - Failed to execute job 763 for task id_task_get_emails (relation "sma_stat_dep.tbl_file_upload" does not exist
LINE 1: ...) AS (INSERT INTO                                 sma_stat_d...
                                                             ^
; 23298)
[2024-07-03T12:04:48.652+0000] {local_task_job_runner.py:228} INFO - Task exited with return code 1
[2024-07-03T12:04:48.689+0000] {taskinstance.py:2784} INFO - 0 downstream tasks scheduled from follow-on schedule check
[2024-07-03T12:22:21.063+0000] {taskinstance.py:1159} INFO - Dependencies all met for dep_context=non-requeueable deps ti=<TaskInstance: reports_workflow.id_task_get_emails scheduled__2024-07-02T06:25:00+00:00 [queued]>
[2024-07-03T12:22:21.082+0000] {taskinstance.py:1159} INFO - Dependencies all met for dep_context=requeueable deps ti=<TaskInstance: reports_workflow.id_task_get_emails scheduled__2024-07-02T06:25:00+00:00 [queued]>
[2024-07-03T12:22:21.083+0000] {taskinstance.py:1361} INFO - Starting attempt 1 of 1
[2024-07-03T12:22:21.113+0000] {taskinstance.py:1382} INFO - Executing <Task(PythonOperator): id_task_get_emails> on 2024-07-02 06:25:00+00:00
[2024-07-03T12:22:21.118+0000] {standard_task_runner.py:57} INFO - Started process 24120 to run task
[2024-07-03T12:22:21.131+0000] {standard_task_runner.py:84} INFO - Running: ['***', 'tasks', 'run', 'reports_workflow', 'id_task_get_emails', 'scheduled__2024-07-02T06:25:00+00:00', '--job-id', '1039', '--raw', '--subdir', 'DAGS_FOLDER/dag_email_robot.py', '--cfg-path', '/tmp/tmp4qkl3b3l']
[2024-07-03T12:22:21.137+0000] {standard_task_runner.py:85} INFO - Job 1039: Subtask id_task_get_emails
[2024-07-03T12:22:21.219+0000] {task_command.py:415} INFO - Running <TaskInstance: reports_workflow.id_task_get_emails scheduled__2024-07-02T06:25:00+00:00 [running]> on host 6f4ef5488251
[2024-07-03T12:22:21.358+0000] {taskinstance.py:1660} INFO - Exporting env vars: AIRFLOW_CTX_DAG_OWNER='FIRDAVS' AIRFLOW_CTX_DAG_ID='reports_workflow' AIRFLOW_CTX_TASK_ID='id_task_get_emails' AIRFLOW_CTX_EXECUTION_DATE='2024-07-02T06:25:00+00:00' AIRFLOW_CTX_TRY_NUMBER='1' AIRFLOW_CTX_DAG_RUN_ID='scheduled__2024-07-02T06:25:00+00:00'
[2024-07-03T12:22:21.359+0000] {logging_mixin.py:151} INFO - path of config file:  /opt/***
[2024-07-03T12:22:21.359+0000] {logging_mixin.py:151} INFO - #>2024-07-03 12:22:21.359725_User@StatDep: EmailRobot in screated.
[2024-07-03T12:22:21.359+0000] {logging_mixin.py:151} INFO - #>2024-07-03 12:22:21.359906_User@StatDep: get_for_recent_emails is started...
[2024-07-03T12:22:21.360+0000] {logging_mixin.py:151} INFO - #>2024-07-03 12:22:21.360038_User@StatDep: pop3_fetch_emails isstarted...
[2024-07-03T12:22:21.761+0000] {logging_mixin.py:151} INFO -    b'+OK'
[2024-07-03T12:22:22.157+0000] {logging_mixin.py:151} INFO -    mailbox have 0 emails and the robot can process 10
[2024-07-03T12:22:22.157+0000] {logging_mixin.py:151} INFO - #>2024-07-03 12:22:22.157809_User@StatDep: no emails to process, exiting pop3_fetch_emails()...
[2024-07-03T12:22:22.158+0000] {python.py:194} INFO - Done. Returned value was: True
[2024-07-03T12:22:22.212+0000] {taskinstance.py:1400} INFO - Marking task as SUCCESS. dag_id=reports_workflow, task_id=id_task_get_emails, execution_date=20240702T062500, start_date=20240703T122221, end_date=20240703T122222
[2024-07-03T12:22:22.268+0000] {local_task_job_runner.py:228} INFO - Task exited with return code 0
[2024-07-03T12:22:22.359+0000] {taskinstance.py:2784} INFO - 0 downstream tasks scheduled from follow-on schedule check
