[2024-08-01T06:05:01.736+0000] {taskinstance.py:1159} INFO - Dependencies all met for dep_context=non-requeueable deps ti=<TaskInstance: reports_workflow.id_task_get_emails scheduled__2024-08-01T06:00:00+00:00 [queued]>
[2024-08-01T06:05:01.743+0000] {taskinstance.py:1159} INFO - Dependencies all met for dep_context=requeueable deps ti=<TaskInstance: reports_workflow.id_task_get_emails scheduled__2024-08-01T06:00:00+00:00 [queued]>
[2024-08-01T06:05:01.743+0000] {taskinstance.py:1361} INFO - Starting attempt 1 of 2
[2024-08-01T06:05:01.753+0000] {taskinstance.py:1382} INFO - Executing <Task(PythonOperator): id_task_get_emails> on 2024-08-01 06:00:00+00:00
[2024-08-01T06:05:01.758+0000] {standard_task_runner.py:57} INFO - Started process 41730 to run task
[2024-08-01T06:05:01.762+0000] {standard_task_runner.py:84} INFO - Running: ['***', 'tasks', 'run', 'reports_workflow', 'id_task_get_emails', 'scheduled__2024-08-01T06:00:00+00:00', '--job-id', '1262', '--raw', '--subdir', 'DAGS_FOLDER/dag_stat_report.py', '--cfg-path', '/tmp/tmp68xtnzo6']
[2024-08-01T06:05:01.767+0000] {standard_task_runner.py:85} INFO - Job 1262: Subtask id_task_get_emails
[2024-08-01T06:05:01.849+0000] {task_command.py:415} INFO - Running <TaskInstance: reports_workflow.id_task_get_emails scheduled__2024-08-01T06:00:00+00:00 [running]> on host 6bb718ab9b8f
[2024-08-01T06:05:01.956+0000] {taskinstance.py:1660} INFO - Exporting env vars: AIRFLOW_CTX_DAG_OWNER='FIRDAVS' AIRFLOW_CTX_DAG_ID='reports_workflow' AIRFLOW_CTX_TASK_ID='id_task_get_emails' AIRFLOW_CTX_EXECUTION_DATE='2024-08-01T06:00:00+00:00' AIRFLOW_CTX_TRY_NUMBER='1' AIRFLOW_CTX_DAG_RUN_ID='scheduled__2024-08-01T06:00:00+00:00'
[2024-08-01T06:05:01.957+0000] {logging_mixin.py:151} INFO - path of config file:  /opt/***
[2024-08-01T06:05:01.958+0000] {logging_mixin.py:151} INFO - #>2024-08-01 06:05:01.958123_User@StatDep: EmailRobot in screated.
[2024-08-01T06:05:01.958+0000] {logging_mixin.py:151} INFO - #>2024-08-01 06:05:01.958307_User@StatDep: get_for_recent_emails is started...
[2024-08-01T06:05:01.958+0000] {logging_mixin.py:151} INFO - #>2024-08-01 06:05:01.958438_User@StatDep: pop3_fetch_emails isstarted...
[2024-08-01T06:05:02.557+0000] {logging_mixin.py:151} INFO -    b'+OK'
[2024-08-01T06:05:02.912+0000] {logging_mixin.py:151} INFO -    mailbox have 0 emails and the robot can process 10
[2024-08-01T06:05:02.913+0000] {logging_mixin.py:151} INFO - #>2024-08-01 06:05:02.913149_User@StatDep: no emails to process, exiting pop3_fetch_emails()...
[2024-08-01T06:05:02.914+0000] {python.py:194} INFO - Done. Returned value was: True
[2024-08-01T06:05:02.956+0000] {taskinstance.py:1400} INFO - Marking task as SUCCESS. dag_id=reports_workflow, task_id=id_task_get_emails, execution_date=20240801T060000, start_date=20240801T060501, end_date=20240801T060502
[2024-08-01T06:05:03.019+0000] {local_task_job_runner.py:228} INFO - Task exited with return code 0
[2024-08-01T06:05:03.051+0000] {taskinstance.py:2784} INFO - 1 downstream tasks scheduled from follow-on schedule check
