[2024-07-03T14:47:43.575+0000] {taskinstance.py:1159} INFO - Dependencies all met for dep_context=non-requeueable deps ti=<TaskInstance: reports_workflow.id_task_get_emails scheduled__2024-07-03T12:10:00+00:00 [queued]>
[2024-07-03T14:47:43.598+0000] {taskinstance.py:1159} INFO - Dependencies all met for dep_context=requeueable deps ti=<TaskInstance: reports_workflow.id_task_get_emails scheduled__2024-07-03T12:10:00+00:00 [queued]>
[2024-07-03T14:47:43.600+0000] {taskinstance.py:1361} INFO - Starting attempt 1 of 2
[2024-07-03T14:47:43.638+0000] {taskinstance.py:1382} INFO - Executing <Task(PythonOperator): id_task_get_emails> on 2024-07-03 12:10:00+00:00
[2024-07-03T14:47:43.644+0000] {standard_task_runner.py:57} INFO - Started process 28606 to run task
[2024-07-03T14:47:43.675+0000] {standard_task_runner.py:84} INFO - Running: ['***', 'tasks', 'run', 'reports_workflow', 'id_task_get_emails', 'scheduled__2024-07-03T12:10:00+00:00', '--job-id', '2179', '--raw', '--subdir', 'DAGS_FOLDER/dag_email_robot.py', '--cfg-path', '/tmp/tmphryd2tp9']
[2024-07-03T14:47:43.681+0000] {standard_task_runner.py:85} INFO - Job 2179: Subtask id_task_get_emails
[2024-07-03T14:47:43.829+0000] {task_command.py:415} INFO - Running <TaskInstance: reports_workflow.id_task_get_emails scheduled__2024-07-03T12:10:00+00:00 [running]> on host 6f4ef5488251
[2024-07-03T14:47:44.070+0000] {taskinstance.py:1660} INFO - Exporting env vars: AIRFLOW_CTX_DAG_OWNER='FIRDAVS' AIRFLOW_CTX_DAG_ID='reports_workflow' AIRFLOW_CTX_TASK_ID='id_task_get_emails' AIRFLOW_CTX_EXECUTION_DATE='2024-07-03T12:10:00+00:00' AIRFLOW_CTX_TRY_NUMBER='1' AIRFLOW_CTX_DAG_RUN_ID='scheduled__2024-07-03T12:10:00+00:00'
[2024-07-03T14:47:44.071+0000] {logging_mixin.py:151} INFO - path of config file:  /opt/***
[2024-07-03T14:47:44.072+0000] {logging_mixin.py:151} INFO - #>2024-07-03 14:47:44.072387_User@StatDep: EmailRobot in screated.
[2024-07-03T14:47:44.072+0000] {logging_mixin.py:151} INFO - #>2024-07-03 14:47:44.072593_User@StatDep: get_for_recent_emails is started...
[2024-07-03T14:47:44.072+0000] {logging_mixin.py:151} INFO - #>2024-07-03 14:47:44.072757_User@StatDep: pop3_fetch_emails isstarted...
[2024-07-03T14:47:44.497+0000] {logging_mixin.py:151} INFO -    b'+OK'
[2024-07-03T14:47:44.813+0000] {logging_mixin.py:151} INFO -    mailbox have 0 emails and the robot can process 10
[2024-07-03T14:47:44.814+0000] {logging_mixin.py:151} INFO - #>2024-07-03 14:47:44.813971_User@StatDep: no emails to process, exiting pop3_fetch_emails()...
[2024-07-03T14:47:44.814+0000] {python.py:194} INFO - Done. Returned value was: True
[2024-07-03T14:47:44.865+0000] {taskinstance.py:1400} INFO - Marking task as SUCCESS. dag_id=reports_workflow, task_id=id_task_get_emails, execution_date=20240703T121000, start_date=20240703T144743, end_date=20240703T144744
[2024-07-03T14:47:44.917+0000] {local_task_job_runner.py:228} INFO - Task exited with return code 0
[2024-07-03T14:47:44.996+0000] {taskinstance.py:2784} INFO - 0 downstream tasks scheduled from follow-on schedule check
[2024-07-03T14:48:17.838+0000] {taskinstance.py:1159} INFO - Dependencies all met for dep_context=non-requeueable deps ti=<TaskInstance: reports_workflow.id_task_get_emails scheduled__2024-07-03T12:10:00+00:00 [queued]>
[2024-07-03T14:48:17.872+0000] {taskinstance.py:1159} INFO - Dependencies all met for dep_context=requeueable deps ti=<TaskInstance: reports_workflow.id_task_get_emails scheduled__2024-07-03T12:10:00+00:00 [queued]>
[2024-07-03T14:48:17.872+0000] {taskinstance.py:1361} INFO - Starting attempt 1 of 2
[2024-07-03T14:48:17.904+0000] {taskinstance.py:1382} INFO - Executing <Task(PythonOperator): id_task_get_emails> on 2024-07-03 12:10:00+00:00
[2024-07-03T14:48:17.909+0000] {standard_task_runner.py:57} INFO - Started process 28748 to run task
[2024-07-03T14:48:17.929+0000] {standard_task_runner.py:84} INFO - Running: ['***', 'tasks', 'run', 'reports_workflow', 'id_task_get_emails', 'scheduled__2024-07-03T12:10:00+00:00', '--job-id', '2245', '--raw', '--subdir', 'DAGS_FOLDER/dag_email_robot.py', '--cfg-path', '/tmp/tmpwrhqd2bd']
[2024-07-03T14:48:17.941+0000] {standard_task_runner.py:85} INFO - Job 2245: Subtask id_task_get_emails
[2024-07-03T14:48:18.142+0000] {task_command.py:415} INFO - Running <TaskInstance: reports_workflow.id_task_get_emails scheduled__2024-07-03T12:10:00+00:00 [running]> on host 6f4ef5488251
[2024-07-03T14:48:18.365+0000] {taskinstance.py:1660} INFO - Exporting env vars: AIRFLOW_CTX_DAG_OWNER='FIRDAVS' AIRFLOW_CTX_DAG_ID='reports_workflow' AIRFLOW_CTX_TASK_ID='id_task_get_emails' AIRFLOW_CTX_EXECUTION_DATE='2024-07-03T12:10:00+00:00' AIRFLOW_CTX_TRY_NUMBER='1' AIRFLOW_CTX_DAG_RUN_ID='scheduled__2024-07-03T12:10:00+00:00'
[2024-07-03T14:48:18.366+0000] {logging_mixin.py:151} INFO - path of config file:  /opt/***
[2024-07-03T14:48:18.367+0000] {logging_mixin.py:151} INFO - #>2024-07-03 14:48:18.367217_User@StatDep: EmailRobot in screated.
[2024-07-03T14:48:18.367+0000] {logging_mixin.py:151} INFO - #>2024-07-03 14:48:18.367412_User@StatDep: get_for_recent_emails is started...
[2024-07-03T14:48:18.367+0000] {logging_mixin.py:151} INFO - #>2024-07-03 14:48:18.367555_User@StatDep: pop3_fetch_emails isstarted...
[2024-07-03T14:48:18.723+0000] {logging_mixin.py:151} INFO -    b'+OK'
[2024-07-03T14:48:19.041+0000] {logging_mixin.py:151} INFO -    mailbox have 0 emails and the robot can process 10
[2024-07-03T14:48:19.042+0000] {logging_mixin.py:151} INFO - #>2024-07-03 14:48:19.042021_User@StatDep: no emails to process, exiting pop3_fetch_emails()...
[2024-07-03T14:48:19.042+0000] {python.py:194} INFO - Done. Returned value was: True
[2024-07-03T14:48:19.085+0000] {taskinstance.py:1400} INFO - Marking task as SUCCESS. dag_id=reports_workflow, task_id=id_task_get_emails, execution_date=20240703T121000, start_date=20240703T144817, end_date=20240703T144819
[2024-07-03T14:48:19.125+0000] {local_task_job_runner.py:228} INFO - Task exited with return code 0
[2024-07-03T14:48:19.180+0000] {taskinstance.py:2784} INFO - 1 downstream tasks scheduled from follow-on schedule check
[2024-07-03T14:55:32.043+0000] {taskinstance.py:1159} INFO - Dependencies all met for dep_context=non-requeueable deps ti=<TaskInstance: reports_workflow.id_task_get_emails scheduled__2024-07-03T12:10:00+00:00 [queued]>
[2024-07-03T14:55:32.059+0000] {taskinstance.py:1159} INFO - Dependencies all met for dep_context=requeueable deps ti=<TaskInstance: reports_workflow.id_task_get_emails scheduled__2024-07-03T12:10:00+00:00 [queued]>
[2024-07-03T14:55:32.060+0000] {taskinstance.py:1361} INFO - Starting attempt 1 of 2
[2024-07-03T14:55:32.072+0000] {taskinstance.py:1382} INFO - Executing <Task(PythonOperator): id_task_get_emails> on 2024-07-03 12:10:00+00:00
[2024-07-03T14:55:32.080+0000] {standard_task_runner.py:57} INFO - Started process 28993 to run task
[2024-07-03T14:55:32.090+0000] {standard_task_runner.py:84} INFO - Running: ['***', 'tasks', 'run', 'reports_workflow', 'id_task_get_emails', 'scheduled__2024-07-03T12:10:00+00:00', '--job-id', '2315', '--raw', '--subdir', 'DAGS_FOLDER/dag_email_robot.py', '--cfg-path', '/tmp/tmpcpftediu']
[2024-07-03T14:55:32.101+0000] {standard_task_runner.py:85} INFO - Job 2315: Subtask id_task_get_emails
[2024-07-03T14:55:32.226+0000] {task_command.py:415} INFO - Running <TaskInstance: reports_workflow.id_task_get_emails scheduled__2024-07-03T12:10:00+00:00 [running]> on host 6f4ef5488251
[2024-07-03T14:55:32.360+0000] {taskinstance.py:1660} INFO - Exporting env vars: AIRFLOW_CTX_DAG_OWNER='FIRDAVS' AIRFLOW_CTX_DAG_ID='reports_workflow' AIRFLOW_CTX_TASK_ID='id_task_get_emails' AIRFLOW_CTX_EXECUTION_DATE='2024-07-03T12:10:00+00:00' AIRFLOW_CTX_TRY_NUMBER='1' AIRFLOW_CTX_DAG_RUN_ID='scheduled__2024-07-03T12:10:00+00:00'
[2024-07-03T14:55:32.361+0000] {logging_mixin.py:151} INFO - path of config file:  /opt/***
[2024-07-03T14:55:32.363+0000] {logging_mixin.py:151} INFO - #>2024-07-03 14:55:32.363886_User@StatDep: EmailRobot in screated.
[2024-07-03T14:55:32.364+0000] {logging_mixin.py:151} INFO - #>2024-07-03 14:55:32.364120_User@StatDep: get_for_recent_emails is started...
[2024-07-03T14:55:32.364+0000] {logging_mixin.py:151} INFO - #>2024-07-03 14:55:32.364266_User@StatDep: pop3_fetch_emails isstarted...
[2024-07-03T14:55:32.744+0000] {logging_mixin.py:151} INFO -    b'+OK'
[2024-07-03T14:55:33.033+0000] {logging_mixin.py:151} INFO -    mailbox have 0 emails and the robot can process 10
[2024-07-03T14:55:33.033+0000] {logging_mixin.py:151} INFO - #>2024-07-03 14:55:33.033533_User@StatDep: no emails to process, exiting pop3_fetch_emails()...
[2024-07-03T14:55:33.034+0000] {python.py:194} INFO - Done. Returned value was: True
[2024-07-03T14:55:33.099+0000] {taskinstance.py:1400} INFO - Marking task as SUCCESS. dag_id=reports_workflow, task_id=id_task_get_emails, execution_date=20240703T121000, start_date=20240703T145532, end_date=20240703T145533
[2024-07-03T14:55:33.161+0000] {local_task_job_runner.py:228} INFO - Task exited with return code 0
[2024-07-03T14:55:33.223+0000] {taskinstance.py:2784} INFO - 1 downstream tasks scheduled from follow-on schedule check
