[2024-07-03T09:59:04.604+0000] {taskinstance.py:1159} INFO - Dependencies all met for dep_context=non-requeueable deps ti=<TaskInstance: reports_workflow.id_task_get_emails scheduled__2024-07-03T00:50:00+00:00 [queued]>
[2024-07-03T09:59:04.619+0000] {taskinstance.py:1159} INFO - Dependencies all met for dep_context=requeueable deps ti=<TaskInstance: reports_workflow.id_task_get_emails scheduled__2024-07-03T00:50:00+00:00 [queued]>
[2024-07-03T09:59:04.620+0000] {taskinstance.py:1361} INFO - Starting attempt 1 of 1
[2024-07-03T09:59:04.674+0000] {taskinstance.py:1382} INFO - Executing <Task(PythonOperator): id_task_get_emails> on 2024-07-03 00:50:00+00:00
[2024-07-03T09:59:04.679+0000] {standard_task_runner.py:57} INFO - Started process 20955 to run task
[2024-07-03T09:59:04.699+0000] {standard_task_runner.py:84} INFO - Running: ['***', 'tasks', 'run', 'reports_workflow', 'id_task_get_emails', 'scheduled__2024-07-03T00:50:00+00:00', '--job-id', '545', '--raw', '--subdir', 'DAGS_FOLDER/dag_email_robot.py', '--cfg-path', '/tmp/tmpt402w2hl']
[2024-07-03T09:59:04.700+0000] {standard_task_runner.py:85} INFO - Job 545: Subtask id_task_get_emails
[2024-07-03T09:59:04.809+0000] {task_command.py:415} INFO - Running <TaskInstance: reports_workflow.id_task_get_emails scheduled__2024-07-03T00:50:00+00:00 [running]> on host 6f4ef5488251
[2024-07-03T09:59:05.013+0000] {taskinstance.py:1660} INFO - Exporting env vars: AIRFLOW_CTX_DAG_OWNER='FIRDAVS' AIRFLOW_CTX_DAG_ID='reports_workflow' AIRFLOW_CTX_TASK_ID='id_task_get_emails' AIRFLOW_CTX_EXECUTION_DATE='2024-07-03T00:50:00+00:00' AIRFLOW_CTX_TRY_NUMBER='1' AIRFLOW_CTX_DAG_RUN_ID='scheduled__2024-07-03T00:50:00+00:00'
[2024-07-03T09:59:05.014+0000] {logging_mixin.py:151} INFO - path of config file:  /opt/***
[2024-07-03T09:59:05.015+0000] {logging_mixin.py:151} INFO - #>2024-07-03 09:59:05.015830_User@StatDep: EmailRobot in screated.
[2024-07-03T09:59:05.016+0000] {logging_mixin.py:151} INFO - #>2024-07-03 09:59:05.016286_User@StatDep: get_for_recent_emails is started...
[2024-07-03T09:59:05.016+0000] {logging_mixin.py:151} INFO - #>2024-07-03 09:59:05.016714_User@StatDep: pop3_fetch_emails isstarted...
[2024-07-03T09:59:05.481+0000] {logging_mixin.py:151} INFO -    b'+OK'
[2024-07-03T09:59:05.822+0000] {logging_mixin.py:151} INFO -    mailbox have 0 emails and the robot can process 10
[2024-07-03T09:59:05.823+0000] {logging_mixin.py:151} INFO - #>2024-07-03 09:59:05.823873_User@StatDep: no emails to process, exiting pop3_fetch_emails()...
[2024-07-03T09:59:05.825+0000] {python.py:194} INFO - Done. Returned value was: True
[2024-07-03T09:59:06.199+0000] {taskinstance.py:1400} INFO - Marking task as SUCCESS. dag_id=reports_workflow, task_id=id_task_get_emails, execution_date=20240703T005000, start_date=20240703T095904, end_date=20240703T095906
[2024-07-03T09:59:06.328+0000] {local_task_job_runner.py:228} INFO - Task exited with return code 0
[2024-07-03T09:59:06.362+0000] {taskinstance.py:2784} INFO - 0 downstream tasks scheduled from follow-on schedule check
[2024-07-03T13:39:21.783+0000] {taskinstance.py:1159} INFO - Dependencies all met for dep_context=non-requeueable deps ti=<TaskInstance: reports_workflow.id_task_get_emails scheduled__2024-07-03T00:50:00+00:00 [queued]>
[2024-07-03T13:39:21.800+0000] {taskinstance.py:1159} INFO - Dependencies all met for dep_context=requeueable deps ti=<TaskInstance: reports_workflow.id_task_get_emails scheduled__2024-07-03T00:50:00+00:00 [queued]>
[2024-07-03T13:39:21.800+0000] {taskinstance.py:1361} INFO - Starting attempt 1 of 1
[2024-07-03T13:39:21.811+0000] {taskinstance.py:1382} INFO - Executing <Task(PythonOperator): id_task_get_emails> on 2024-07-03 00:50:00+00:00
[2024-07-03T13:39:21.818+0000] {standard_task_runner.py:57} INFO - Started process 26165 to run task
[2024-07-03T13:39:21.824+0000] {standard_task_runner.py:84} INFO - Running: ['***', 'tasks', 'run', 'reports_workflow', 'id_task_get_emails', 'scheduled__2024-07-03T00:50:00+00:00', '--job-id', '1479', '--raw', '--subdir', 'DAGS_FOLDER/dag_email_robot.py', '--cfg-path', '/tmp/tmpu8e32tf3']
[2024-07-03T13:39:21.826+0000] {standard_task_runner.py:85} INFO - Job 1479: Subtask id_task_get_emails
[2024-07-03T13:39:21.919+0000] {task_command.py:415} INFO - Running <TaskInstance: reports_workflow.id_task_get_emails scheduled__2024-07-03T00:50:00+00:00 [running]> on host 6f4ef5488251
[2024-07-03T13:39:22.080+0000] {taskinstance.py:1660} INFO - Exporting env vars: AIRFLOW_CTX_DAG_OWNER='FIRDAVS' AIRFLOW_CTX_DAG_ID='reports_workflow' AIRFLOW_CTX_TASK_ID='id_task_get_emails' AIRFLOW_CTX_EXECUTION_DATE='2024-07-03T00:50:00+00:00' AIRFLOW_CTX_TRY_NUMBER='1' AIRFLOW_CTX_DAG_RUN_ID='scheduled__2024-07-03T00:50:00+00:00'
[2024-07-03T13:39:22.081+0000] {logging_mixin.py:151} INFO - path of config file:  /opt/***
[2024-07-03T13:39:22.081+0000] {logging_mixin.py:151} INFO - #>2024-07-03 13:39:22.081551_User@StatDep: EmailRobot in screated.
[2024-07-03T13:39:22.081+0000] {logging_mixin.py:151} INFO - #>2024-07-03 13:39:22.081748_User@StatDep: get_for_recent_emails is started...
[2024-07-03T13:39:22.081+0000] {logging_mixin.py:151} INFO - #>2024-07-03 13:39:22.081890_User@StatDep: pop3_fetch_emails isstarted...
[2024-07-03T13:39:22.494+0000] {logging_mixin.py:151} INFO -    b'+OK'
[2024-07-03T13:39:22.818+0000] {logging_mixin.py:151} INFO -    mailbox have 0 emails and the robot can process 10
[2024-07-03T13:39:22.818+0000] {logging_mixin.py:151} INFO - #>2024-07-03 13:39:22.818947_User@StatDep: no emails to process, exiting pop3_fetch_emails()...
[2024-07-03T13:39:22.819+0000] {python.py:194} INFO - Done. Returned value was: True
[2024-07-03T13:39:22.854+0000] {taskinstance.py:1400} INFO - Marking task as SUCCESS. dag_id=reports_workflow, task_id=id_task_get_emails, execution_date=20240703T005000, start_date=20240703T133921, end_date=20240703T133922
[2024-07-03T13:39:22.933+0000] {local_task_job_runner.py:228} INFO - Task exited with return code 0
[2024-07-03T13:39:22.972+0000] {taskinstance.py:2784} INFO - 1 downstream tasks scheduled from follow-on schedule check
