[2024-07-03T09:58:20.233+0000] {taskinstance.py:1159} INFO - Dependencies all met for dep_context=non-requeueable deps ti=<TaskInstance: reports_workflow.id_task_get_emails scheduled__2024-07-02T17:30:00+00:00 [queued]>
[2024-07-03T09:58:20.272+0000] {taskinstance.py:1159} INFO - Dependencies all met for dep_context=requeueable deps ti=<TaskInstance: reports_workflow.id_task_get_emails scheduled__2024-07-02T17:30:00+00:00 [queued]>
[2024-07-03T09:58:20.273+0000] {taskinstance.py:1361} INFO - Starting attempt 1 of 1
[2024-07-03T09:58:20.297+0000] {taskinstance.py:1382} INFO - Executing <Task(PythonOperator): id_task_get_emails> on 2024-07-02 17:30:00+00:00
[2024-07-03T09:58:20.315+0000] {standard_task_runner.py:57} INFO - Started process 20764 to run task
[2024-07-03T09:58:20.328+0000] {standard_task_runner.py:84} INFO - Running: ['***', 'tasks', 'run', 'reports_workflow', 'id_task_get_emails', 'scheduled__2024-07-02T17:30:00+00:00', '--job-id', '456', '--raw', '--subdir', 'DAGS_FOLDER/dag_email_robot.py', '--cfg-path', '/tmp/tmpfz0t5j3d']
[2024-07-03T09:58:20.329+0000] {standard_task_runner.py:85} INFO - Job 456: Subtask id_task_get_emails
[2024-07-03T09:58:20.413+0000] {task_command.py:415} INFO - Running <TaskInstance: reports_workflow.id_task_get_emails scheduled__2024-07-02T17:30:00+00:00 [running]> on host 6f4ef5488251
[2024-07-03T09:58:20.590+0000] {taskinstance.py:1660} INFO - Exporting env vars: AIRFLOW_CTX_DAG_OWNER='FIRDAVS' AIRFLOW_CTX_DAG_ID='reports_workflow' AIRFLOW_CTX_TASK_ID='id_task_get_emails' AIRFLOW_CTX_EXECUTION_DATE='2024-07-02T17:30:00+00:00' AIRFLOW_CTX_TRY_NUMBER='1' AIRFLOW_CTX_DAG_RUN_ID='scheduled__2024-07-02T17:30:00+00:00'
[2024-07-03T09:58:20.591+0000] {logging_mixin.py:151} INFO - path of config file:  /opt/***
[2024-07-03T09:58:20.592+0000] {logging_mixin.py:151} INFO - #>2024-07-03 09:58:20.592200_User@StatDep: EmailRobot in screated.
[2024-07-03T09:58:20.592+0000] {logging_mixin.py:151} INFO - #>2024-07-03 09:58:20.592553_User@StatDep: get_for_recent_emails is started...
[2024-07-03T09:58:20.592+0000] {logging_mixin.py:151} INFO - #>2024-07-03 09:58:20.592860_User@StatDep: pop3_fetch_emails isstarted...
[2024-07-03T09:58:21.009+0000] {logging_mixin.py:151} INFO -    b'+OK'
[2024-07-03T09:58:21.322+0000] {logging_mixin.py:151} INFO -    mailbox have 0 emails and the robot can process 10
[2024-07-03T09:58:21.322+0000] {logging_mixin.py:151} INFO - #>2024-07-03 09:58:21.322602_User@StatDep: no emails to process, exiting pop3_fetch_emails()...
[2024-07-03T09:58:21.322+0000] {python.py:194} INFO - Done. Returned value was: True
[2024-07-03T09:58:21.346+0000] {taskinstance.py:1400} INFO - Marking task as SUCCESS. dag_id=reports_workflow, task_id=id_task_get_emails, execution_date=20240702T173000, start_date=20240703T095820, end_date=20240703T095821
[2024-07-03T09:58:21.401+0000] {local_task_job_runner.py:228} INFO - Task exited with return code 0
[2024-07-03T09:58:21.427+0000] {taskinstance.py:2784} INFO - 0 downstream tasks scheduled from follow-on schedule check
[2024-07-03T12:05:42.933+0000] {taskinstance.py:1159} INFO - Dependencies all met for dep_context=non-requeueable deps ti=<TaskInstance: reports_workflow.id_task_get_emails scheduled__2024-07-02T17:30:00+00:00 [queued]>
[2024-07-03T12:05:42.942+0000] {taskinstance.py:1159} INFO - Dependencies all met for dep_context=requeueable deps ti=<TaskInstance: reports_workflow.id_task_get_emails scheduled__2024-07-02T17:30:00+00:00 [queued]>
[2024-07-03T12:05:42.943+0000] {taskinstance.py:1361} INFO - Starting attempt 1 of 1
[2024-07-03T12:05:42.965+0000] {taskinstance.py:1382} INFO - Executing <Task(PythonOperator): id_task_get_emails> on 2024-07-02 17:30:00+00:00
[2024-07-03T12:05:42.973+0000] {standard_task_runner.py:57} INFO - Started process 23578 to run task
[2024-07-03T12:05:42.976+0000] {standard_task_runner.py:84} INFO - Running: ['***', 'tasks', 'run', 'reports_workflow', 'id_task_get_emails', 'scheduled__2024-07-02T17:30:00+00:00', '--job-id', '896', '--raw', '--subdir', 'DAGS_FOLDER/dag_email_robot.py', '--cfg-path', '/tmp/tmpgem16ffv']
[2024-07-03T12:05:42.977+0000] {standard_task_runner.py:85} INFO - Job 896: Subtask id_task_get_emails
[2024-07-03T12:05:43.029+0000] {task_command.py:415} INFO - Running <TaskInstance: reports_workflow.id_task_get_emails scheduled__2024-07-02T17:30:00+00:00 [running]> on host 6f4ef5488251
[2024-07-03T12:05:43.118+0000] {taskinstance.py:1660} INFO - Exporting env vars: AIRFLOW_CTX_DAG_OWNER='FIRDAVS' AIRFLOW_CTX_DAG_ID='reports_workflow' AIRFLOW_CTX_TASK_ID='id_task_get_emails' AIRFLOW_CTX_EXECUTION_DATE='2024-07-02T17:30:00+00:00' AIRFLOW_CTX_TRY_NUMBER='1' AIRFLOW_CTX_DAG_RUN_ID='scheduled__2024-07-02T17:30:00+00:00'
[2024-07-03T12:05:43.122+0000] {logging_mixin.py:151} INFO - path of config file:  /opt/***
[2024-07-03T12:05:43.123+0000] {logging_mixin.py:151} INFO - #>2024-07-03 12:05:43.123426_User@StatDep: EmailRobot in screated.
[2024-07-03T12:05:43.123+0000] {logging_mixin.py:151} INFO - #>2024-07-03 12:05:43.123619_User@StatDep: get_for_recent_emails is started...
[2024-07-03T12:05:43.124+0000] {logging_mixin.py:151} INFO - #>2024-07-03 12:05:43.124001_User@StatDep: pop3_fetch_emails isstarted...
[2024-07-03T12:05:43.503+0000] {logging_mixin.py:151} INFO -    b'+OK'
[2024-07-03T12:05:43.908+0000] {logging_mixin.py:151} INFO -    mailbox have 1 emails and the robot can process 10
[2024-07-03T12:05:44.355+0000] {logging_mixin.py:151} INFO -    #>2024-07-03 12:05:44.355861_conneciton to db is set.
[2024-07-03T12:05:44.361+0000] {taskinstance.py:1943} ERROR - Task failed with exception
Traceback (most recent call last):
  File "/home/airflow/.local/lib/python3.8/site-packages/airflow/operators/python.py", line 192, in execute
    return_value = self.execute_callable()
  File "/home/airflow/.local/lib/python3.8/site-packages/airflow/operators/python.py", line 209, in execute_callable
    return self.python_callable(*self.op_args, **self.op_kwargs)
  File "/opt/airflow/dags/dag_email_robot.py", line 25, in get_emails
    robot.fetch_emails()
  File "/opt/airflow/dags/emailRobot.py", line 62, in fetch_emails
    return self.pop3_fetch_emails()
  File "/opt/airflow/dags/emailRobot.py", line 156, in pop3_fetch_emails
    cursor.execute (query, insert_values)
psycopg2.errors.UndefinedTable: relation "sma_stat_dep.tbl_file_upload" does not exist
LINE 1: ...) AS (INSERT INTO                                 sma_stat_d...
                                                             ^

[2024-07-03T12:05:44.388+0000] {taskinstance.py:1400} INFO - Marking task as FAILED. dag_id=reports_workflow, task_id=id_task_get_emails, execution_date=20240702T173000, start_date=20240703T120542, end_date=20240703T120544
[2024-07-03T12:05:44.407+0000] {standard_task_runner.py:104} ERROR - Failed to execute job 896 for task id_task_get_emails (relation "sma_stat_dep.tbl_file_upload" does not exist
LINE 1: ...) AS (INSERT INTO                                 sma_stat_d...
                                                             ^
; 23578)
[2024-07-03T12:05:44.441+0000] {local_task_job_runner.py:228} INFO - Task exited with return code 1
[2024-07-03T12:05:44.474+0000] {taskinstance.py:2784} INFO - 0 downstream tasks scheduled from follow-on schedule check
[2024-07-03T12:28:21.751+0000] {taskinstance.py:1159} INFO - Dependencies all met for dep_context=non-requeueable deps ti=<TaskInstance: reports_workflow.id_task_get_emails scheduled__2024-07-02T17:30:00+00:00 [queued]>
[2024-07-03T12:28:21.777+0000] {taskinstance.py:1159} INFO - Dependencies all met for dep_context=requeueable deps ti=<TaskInstance: reports_workflow.id_task_get_emails scheduled__2024-07-02T17:30:00+00:00 [queued]>
[2024-07-03T12:28:21.777+0000] {taskinstance.py:1361} INFO - Starting attempt 1 of 1
[2024-07-03T12:28:21.790+0000] {taskinstance.py:1382} INFO - Executing <Task(PythonOperator): id_task_get_emails> on 2024-07-02 17:30:00+00:00
[2024-07-03T12:28:21.795+0000] {standard_task_runner.py:57} INFO - Started process 24728 to run task
[2024-07-03T12:28:21.800+0000] {standard_task_runner.py:84} INFO - Running: ['***', 'tasks', 'run', 'reports_workflow', 'id_task_get_emails', 'scheduled__2024-07-02T17:30:00+00:00', '--job-id', '1302', '--raw', '--subdir', 'DAGS_FOLDER/dag_email_robot.py', '--cfg-path', '/tmp/tmpp_miibhp']
[2024-07-03T12:28:21.801+0000] {standard_task_runner.py:85} INFO - Job 1302: Subtask id_task_get_emails
[2024-07-03T12:28:21.859+0000] {task_command.py:415} INFO - Running <TaskInstance: reports_workflow.id_task_get_emails scheduled__2024-07-02T17:30:00+00:00 [running]> on host 6f4ef5488251
[2024-07-03T12:28:21.931+0000] {taskinstance.py:1660} INFO - Exporting env vars: AIRFLOW_CTX_DAG_OWNER='FIRDAVS' AIRFLOW_CTX_DAG_ID='reports_workflow' AIRFLOW_CTX_TASK_ID='id_task_get_emails' AIRFLOW_CTX_EXECUTION_DATE='2024-07-02T17:30:00+00:00' AIRFLOW_CTX_TRY_NUMBER='1' AIRFLOW_CTX_DAG_RUN_ID='scheduled__2024-07-02T17:30:00+00:00'
[2024-07-03T12:28:21.932+0000] {logging_mixin.py:151} INFO - path of config file:  /opt/***
[2024-07-03T12:28:21.933+0000] {logging_mixin.py:151} INFO - #>2024-07-03 12:28:21.933153_User@StatDep: EmailRobot in screated.
[2024-07-03T12:28:21.933+0000] {logging_mixin.py:151} INFO - #>2024-07-03 12:28:21.933389_User@StatDep: get_for_recent_emails is started...
[2024-07-03T12:28:21.933+0000] {logging_mixin.py:151} INFO - #>2024-07-03 12:28:21.933536_User@StatDep: pop3_fetch_emails isstarted...
[2024-07-03T12:28:22.347+0000] {logging_mixin.py:151} INFO -    b'+OK'
[2024-07-03T12:28:22.704+0000] {logging_mixin.py:151} INFO -    mailbox have 0 emails and the robot can process 10
[2024-07-03T12:28:22.704+0000] {logging_mixin.py:151} INFO - #>2024-07-03 12:28:22.704788_User@StatDep: no emails to process, exiting pop3_fetch_emails()...
[2024-07-03T12:28:22.705+0000] {python.py:194} INFO - Done. Returned value was: True
[2024-07-03T12:28:22.736+0000] {taskinstance.py:1400} INFO - Marking task as SUCCESS. dag_id=reports_workflow, task_id=id_task_get_emails, execution_date=20240702T173000, start_date=20240703T122821, end_date=20240703T122822
[2024-07-03T12:28:22.779+0000] {local_task_job_runner.py:228} INFO - Task exited with return code 0
[2024-07-03T12:28:22.808+0000] {taskinstance.py:2784} INFO - 1 downstream tasks scheduled from follow-on schedule check
