[2024-07-03T09:57:31.262+0000] {taskinstance.py:1159} INFO - Dependencies all met for dep_context=non-requeueable deps ti=<TaskInstance: reports_workflow.id_task_get_emails scheduled__2024-07-02T09:05:00+00:00 [queued]>
[2024-07-03T09:57:31.271+0000] {taskinstance.py:1159} INFO - Dependencies all met for dep_context=requeueable deps ti=<TaskInstance: reports_workflow.id_task_get_emails scheduled__2024-07-02T09:05:00+00:00 [queued]>
[2024-07-03T09:57:31.272+0000] {taskinstance.py:1361} INFO - Starting attempt 1 of 1
[2024-07-03T09:57:31.292+0000] {taskinstance.py:1382} INFO - Executing <Task(PythonOperator): id_task_get_emails> on 2024-07-02 09:05:00+00:00
[2024-07-03T09:57:31.301+0000] {standard_task_runner.py:57} INFO - Started process 20551 to run task
[2024-07-03T09:57:31.311+0000] {standard_task_runner.py:84} INFO - Running: ['***', 'tasks', 'run', 'reports_workflow', 'id_task_get_emails', 'scheduled__2024-07-02T09:05:00+00:00', '--job-id', '354', '--raw', '--subdir', 'DAGS_FOLDER/dag_email_robot.py', '--cfg-path', '/tmp/tmph2ja1b0b']
[2024-07-03T09:57:31.312+0000] {standard_task_runner.py:85} INFO - Job 354: Subtask id_task_get_emails
[2024-07-03T09:57:31.420+0000] {task_command.py:415} INFO - Running <TaskInstance: reports_workflow.id_task_get_emails scheduled__2024-07-02T09:05:00+00:00 [running]> on host 6f4ef5488251
[2024-07-03T09:57:31.600+0000] {taskinstance.py:1660} INFO - Exporting env vars: AIRFLOW_CTX_DAG_OWNER='FIRDAVS' AIRFLOW_CTX_DAG_ID='reports_workflow' AIRFLOW_CTX_TASK_ID='id_task_get_emails' AIRFLOW_CTX_EXECUTION_DATE='2024-07-02T09:05:00+00:00' AIRFLOW_CTX_TRY_NUMBER='1' AIRFLOW_CTX_DAG_RUN_ID='scheduled__2024-07-02T09:05:00+00:00'
[2024-07-03T09:57:31.606+0000] {logging_mixin.py:151} INFO - path of config file:  /opt/***
[2024-07-03T09:57:31.606+0000] {taskinstance.py:1943} ERROR - Task failed with exception
Traceback (most recent call last):
  File "/home/airflow/.local/lib/python3.8/site-packages/airflow/operators/python.py", line 192, in execute
    return_value = self.execute_callable()
  File "/home/airflow/.local/lib/python3.8/site-packages/airflow/operators/python.py", line 209, in execute_callable
    return self.python_callable(*self.op_args, **self.op_kwargs)
  File "/opt/airflow/dags/dag_email_robot.py", line 22, in get_emails
    email_conf = json.load (open(path / ("config/email_conf.json")))
NameError: name 'json' is not defined
[2024-07-03T09:57:31.633+0000] {taskinstance.py:1400} INFO - Marking task as FAILED. dag_id=reports_workflow, task_id=id_task_get_emails, execution_date=20240702T090500, start_date=20240703T095731, end_date=20240703T095731
[2024-07-03T09:57:31.656+0000] {standard_task_runner.py:104} ERROR - Failed to execute job 354 for task id_task_get_emails (name 'json' is not defined; 20551)
[2024-07-03T09:57:31.682+0000] {local_task_job_runner.py:228} INFO - Task exited with return code 1
[2024-07-03T09:57:31.726+0000] {taskinstance.py:2784} INFO - 0 downstream tasks scheduled from follow-on schedule check
[2024-07-03T12:05:03.183+0000] {taskinstance.py:1159} INFO - Dependencies all met for dep_context=non-requeueable deps ti=<TaskInstance: reports_workflow.id_task_get_emails scheduled__2024-07-02T09:05:00+00:00 [queued]>
[2024-07-03T12:05:03.193+0000] {taskinstance.py:1159} INFO - Dependencies all met for dep_context=requeueable deps ti=<TaskInstance: reports_workflow.id_task_get_emails scheduled__2024-07-02T09:05:00+00:00 [queued]>
[2024-07-03T12:05:03.194+0000] {taskinstance.py:1361} INFO - Starting attempt 1 of 1
[2024-07-03T12:05:03.211+0000] {taskinstance.py:1382} INFO - Executing <Task(PythonOperator): id_task_get_emails> on 2024-07-02 09:05:00+00:00
[2024-07-03T12:05:03.222+0000] {standard_task_runner.py:57} INFO - Started process 23369 to run task
[2024-07-03T12:05:03.226+0000] {standard_task_runner.py:84} INFO - Running: ['***', 'tasks', 'run', 'reports_workflow', 'id_task_get_emails', 'scheduled__2024-07-02T09:05:00+00:00', '--job-id', '795', '--raw', '--subdir', 'DAGS_FOLDER/dag_email_robot.py', '--cfg-path', '/tmp/tmpczozia70']
[2024-07-03T12:05:03.227+0000] {standard_task_runner.py:85} INFO - Job 795: Subtask id_task_get_emails
[2024-07-03T12:05:03.323+0000] {task_command.py:415} INFO - Running <TaskInstance: reports_workflow.id_task_get_emails scheduled__2024-07-02T09:05:00+00:00 [running]> on host 6f4ef5488251
[2024-07-03T12:05:03.455+0000] {taskinstance.py:1660} INFO - Exporting env vars: AIRFLOW_CTX_DAG_OWNER='FIRDAVS' AIRFLOW_CTX_DAG_ID='reports_workflow' AIRFLOW_CTX_TASK_ID='id_task_get_emails' AIRFLOW_CTX_EXECUTION_DATE='2024-07-02T09:05:00+00:00' AIRFLOW_CTX_TRY_NUMBER='1' AIRFLOW_CTX_DAG_RUN_ID='scheduled__2024-07-02T09:05:00+00:00'
[2024-07-03T12:05:03.460+0000] {logging_mixin.py:151} INFO - path of config file:  /opt/***
[2024-07-03T12:05:03.460+0000] {logging_mixin.py:151} INFO - #>2024-07-03 12:05:03.460796_User@StatDep: EmailRobot in screated.
[2024-07-03T12:05:03.461+0000] {logging_mixin.py:151} INFO - #>2024-07-03 12:05:03.460988_User@StatDep: get_for_recent_emails is started...
[2024-07-03T12:05:03.461+0000] {logging_mixin.py:151} INFO - #>2024-07-03 12:05:03.461115_User@StatDep: pop3_fetch_emails isstarted...
[2024-07-03T12:05:03.849+0000] {logging_mixin.py:151} INFO -    b'+OK'
[2024-07-03T12:05:04.392+0000] {logging_mixin.py:151} INFO -    mailbox have 1 emails and the robot can process 10
[2024-07-03T12:05:04.873+0000] {logging_mixin.py:151} INFO -    #>2024-07-03 12:05:04.873172_conneciton to db is set.
[2024-07-03T12:05:04.893+0000] {taskinstance.py:1943} ERROR - Task failed with exception
Traceback (most recent call last):
  File "/home/airflow/.local/lib/python3.8/site-packages/airflow/operators/python.py", line 192, in execute
    return_value = self.execute_callable()
  File "/home/airflow/.local/lib/python3.8/site-packages/airflow/operators/python.py", line 209, in execute_callable
    return self.python_callable(*self.op_args, **self.op_kwargs)
  File "/opt/airflow/dags/dag_email_robot.py", line 25, in get_emails
    robot.fetch_emails()
  File "/opt/airflow/dags/emailRobot.py", line 62, in fetch_emails
    return self.pop3_fetch_emails()
  File "/opt/airflow/dags/emailRobot.py", line 156, in pop3_fetch_emails
    cursor.execute (query, insert_values)
psycopg2.errors.UndefinedTable: relation "sma_stat_dep.tbl_file_upload" does not exist
LINE 1: ...) AS (INSERT INTO                                 sma_stat_d...
                                                             ^

[2024-07-03T12:05:04.908+0000] {taskinstance.py:1400} INFO - Marking task as FAILED. dag_id=reports_workflow, task_id=id_task_get_emails, execution_date=20240702T090500, start_date=20240703T120503, end_date=20240703T120504
[2024-07-03T12:05:04.946+0000] {standard_task_runner.py:104} ERROR - Failed to execute job 795 for task id_task_get_emails (relation "sma_stat_dep.tbl_file_upload" does not exist
LINE 1: ...) AS (INSERT INTO                                 sma_stat_d...
                                                             ^
; 23369)
[2024-07-03T12:05:05.000+0000] {local_task_job_runner.py:228} INFO - Task exited with return code 1
[2024-07-03T12:05:05.034+0000] {taskinstance.py:2784} INFO - 0 downstream tasks scheduled from follow-on schedule check
[2024-07-03T12:23:12.050+0000] {taskinstance.py:1159} INFO - Dependencies all met for dep_context=non-requeueable deps ti=<TaskInstance: reports_workflow.id_task_get_emails scheduled__2024-07-02T09:05:00+00:00 [queued]>
[2024-07-03T12:23:12.058+0000] {taskinstance.py:1159} INFO - Dependencies all met for dep_context=requeueable deps ti=<TaskInstance: reports_workflow.id_task_get_emails scheduled__2024-07-02T09:05:00+00:00 [queued]>
[2024-07-03T12:23:12.059+0000] {taskinstance.py:1361} INFO - Starting attempt 1 of 1
[2024-07-03T12:23:12.071+0000] {taskinstance.py:1382} INFO - Executing <Task(PythonOperator): id_task_get_emails> on 2024-07-02 09:05:00+00:00
[2024-07-03T12:23:12.076+0000] {standard_task_runner.py:57} INFO - Started process 24256 to run task
[2024-07-03T12:23:12.085+0000] {standard_task_runner.py:84} INFO - Running: ['***', 'tasks', 'run', 'reports_workflow', 'id_task_get_emails', 'scheduled__2024-07-02T09:05:00+00:00', '--job-id', '1102', '--raw', '--subdir', 'DAGS_FOLDER/dag_email_robot.py', '--cfg-path', '/tmp/tmpvtr3e8k7']
[2024-07-03T12:23:12.088+0000] {standard_task_runner.py:85} INFO - Job 1102: Subtask id_task_get_emails
[2024-07-03T12:23:12.147+0000] {task_command.py:415} INFO - Running <TaskInstance: reports_workflow.id_task_get_emails scheduled__2024-07-02T09:05:00+00:00 [running]> on host 6f4ef5488251
[2024-07-03T12:23:12.228+0000] {taskinstance.py:1660} INFO - Exporting env vars: AIRFLOW_CTX_DAG_OWNER='FIRDAVS' AIRFLOW_CTX_DAG_ID='reports_workflow' AIRFLOW_CTX_TASK_ID='id_task_get_emails' AIRFLOW_CTX_EXECUTION_DATE='2024-07-02T09:05:00+00:00' AIRFLOW_CTX_TRY_NUMBER='1' AIRFLOW_CTX_DAG_RUN_ID='scheduled__2024-07-02T09:05:00+00:00'
[2024-07-03T12:23:12.229+0000] {logging_mixin.py:151} INFO - path of config file:  /opt/***
[2024-07-03T12:23:12.230+0000] {logging_mixin.py:151} INFO - #>2024-07-03 12:23:12.230112_User@StatDep: EmailRobot in screated.
[2024-07-03T12:23:12.230+0000] {logging_mixin.py:151} INFO - #>2024-07-03 12:23:12.230415_User@StatDep: get_for_recent_emails is started...
[2024-07-03T12:23:12.230+0000] {logging_mixin.py:151} INFO - #>2024-07-03 12:23:12.230597_User@StatDep: pop3_fetch_emails isstarted...
[2024-07-03T12:23:12.600+0000] {logging_mixin.py:151} INFO -    b'+OK'
[2024-07-03T12:23:12.974+0000] {logging_mixin.py:151} INFO -    mailbox have 0 emails and the robot can process 10
[2024-07-03T12:23:12.975+0000] {logging_mixin.py:151} INFO - #>2024-07-03 12:23:12.975074_User@StatDep: no emails to process, exiting pop3_fetch_emails()...
[2024-07-03T12:23:12.976+0000] {python.py:194} INFO - Done. Returned value was: True
[2024-07-03T12:23:13.013+0000] {taskinstance.py:1400} INFO - Marking task as SUCCESS. dag_id=reports_workflow, task_id=id_task_get_emails, execution_date=20240702T090500, start_date=20240703T122312, end_date=20240703T122313
[2024-07-03T12:23:13.056+0000] {local_task_job_runner.py:228} INFO - Task exited with return code 0
[2024-07-03T12:23:13.089+0000] {taskinstance.py:2784} INFO - 1 downstream tasks scheduled from follow-on schedule check
[2024-07-03T14:46:55.157+0000] {taskinstance.py:1159} INFO - Dependencies all met for dep_context=non-requeueable deps ti=<TaskInstance: reports_workflow.id_task_get_emails scheduled__2024-07-02T09:05:00+00:00 [queued]>
[2024-07-03T14:46:55.184+0000] {taskinstance.py:1159} INFO - Dependencies all met for dep_context=requeueable deps ti=<TaskInstance: reports_workflow.id_task_get_emails scheduled__2024-07-02T09:05:00+00:00 [queued]>
[2024-07-03T14:46:55.185+0000] {taskinstance.py:1361} INFO - Starting attempt 1 of 2
[2024-07-03T14:46:55.264+0000] {taskinstance.py:1382} INFO - Executing <Task(PythonOperator): id_task_get_emails> on 2024-07-02 09:05:00+00:00
[2024-07-03T14:46:55.273+0000] {standard_task_runner.py:57} INFO - Started process 28429 to run task
[2024-07-03T14:46:55.289+0000] {standard_task_runner.py:84} INFO - Running: ['***', 'tasks', 'run', 'reports_workflow', 'id_task_get_emails', 'scheduled__2024-07-02T09:05:00+00:00', '--job-id', '2098', '--raw', '--subdir', 'DAGS_FOLDER/dag_email_robot.py', '--cfg-path', '/tmp/tmp867cbgdh']
[2024-07-03T14:46:55.290+0000] {standard_task_runner.py:85} INFO - Job 2098: Subtask id_task_get_emails
[2024-07-03T14:46:55.490+0000] {task_command.py:415} INFO - Running <TaskInstance: reports_workflow.id_task_get_emails scheduled__2024-07-02T09:05:00+00:00 [running]> on host 6f4ef5488251
[2024-07-03T14:46:55.685+0000] {taskinstance.py:1660} INFO - Exporting env vars: AIRFLOW_CTX_DAG_OWNER='FIRDAVS' AIRFLOW_CTX_DAG_ID='reports_workflow' AIRFLOW_CTX_TASK_ID='id_task_get_emails' AIRFLOW_CTX_EXECUTION_DATE='2024-07-02T09:05:00+00:00' AIRFLOW_CTX_TRY_NUMBER='1' AIRFLOW_CTX_DAG_RUN_ID='scheduled__2024-07-02T09:05:00+00:00'
[2024-07-03T14:46:55.686+0000] {logging_mixin.py:151} INFO - path of config file:  /opt/***
[2024-07-03T14:46:55.686+0000] {logging_mixin.py:151} INFO - #>2024-07-03 14:46:55.686718_User@StatDep: EmailRobot in screated.
[2024-07-03T14:46:55.686+0000] {logging_mixin.py:151} INFO - #>2024-07-03 14:46:55.686915_User@StatDep: get_for_recent_emails is started...
[2024-07-03T14:46:55.687+0000] {logging_mixin.py:151} INFO - #>2024-07-03 14:46:55.687072_User@StatDep: pop3_fetch_emails isstarted...
[2024-07-03T14:46:56.102+0000] {logging_mixin.py:151} INFO -    b'+OK'
[2024-07-03T14:46:56.438+0000] {logging_mixin.py:151} INFO -    mailbox have 0 emails and the robot can process 10
[2024-07-03T14:46:56.438+0000] {logging_mixin.py:151} INFO - #>2024-07-03 14:46:56.438664_User@StatDep: no emails to process, exiting pop3_fetch_emails()...
[2024-07-03T14:46:56.439+0000] {python.py:194} INFO - Done. Returned value was: True
[2024-07-03T14:46:56.509+0000] {taskinstance.py:1400} INFO - Marking task as SUCCESS. dag_id=reports_workflow, task_id=id_task_get_emails, execution_date=20240702T090500, start_date=20240703T144655, end_date=20240703T144656
[2024-07-03T14:46:56.699+0000] {local_task_job_runner.py:228} INFO - Task exited with return code 0
[2024-07-03T14:46:56.784+0000] {taskinstance.py:2784} INFO - 1 downstream tasks scheduled from follow-on schedule check
