[2024-07-08T08:30:02.147+0000] {taskinstance.py:1159} INFO - Dependencies all met for dep_context=non-requeueable deps ti=<TaskInstance: reports_workflow.id_task_get_emails scheduled__2024-07-08T08:25:00+00:00 [queued]>
[2024-07-08T08:30:02.154+0000] {taskinstance.py:1159} INFO - Dependencies all met for dep_context=requeueable deps ti=<TaskInstance: reports_workflow.id_task_get_emails scheduled__2024-07-08T08:25:00+00:00 [queued]>
[2024-07-08T08:30:02.155+0000] {taskinstance.py:1361} INFO - Starting attempt 1 of 2
[2024-07-08T08:30:02.165+0000] {taskinstance.py:1382} INFO - Executing <Task(PythonOperator): id_task_get_emails> on 2024-07-08 08:25:00+00:00
[2024-07-08T08:30:02.171+0000] {standard_task_runner.py:57} INFO - Started process 5830 to run task
[2024-07-08T08:30:02.176+0000] {standard_task_runner.py:84} INFO - Running: ['***', 'tasks', 'run', 'reports_workflow', 'id_task_get_emails', 'scheduled__2024-07-08T08:25:00+00:00', '--job-id', '3637', '--raw', '--subdir', 'DAGS_FOLDER/dag_email_robot.py', '--cfg-path', '/tmp/tmprbiicqz_']
[2024-07-08T08:30:02.184+0000] {standard_task_runner.py:85} INFO - Job 3637: Subtask id_task_get_emails
[2024-07-08T08:30:02.265+0000] {task_command.py:415} INFO - Running <TaskInstance: reports_workflow.id_task_get_emails scheduled__2024-07-08T08:25:00+00:00 [running]> on host 6f4ef5488251
[2024-07-08T08:30:02.369+0000] {taskinstance.py:1660} INFO - Exporting env vars: AIRFLOW_CTX_DAG_OWNER='FIRDAVS' AIRFLOW_CTX_DAG_ID='reports_workflow' AIRFLOW_CTX_TASK_ID='id_task_get_emails' AIRFLOW_CTX_EXECUTION_DATE='2024-07-08T08:25:00+00:00' AIRFLOW_CTX_TRY_NUMBER='1' AIRFLOW_CTX_DAG_RUN_ID='scheduled__2024-07-08T08:25:00+00:00'
[2024-07-08T08:30:02.373+0000] {logging_mixin.py:151} INFO - path of config file:  /opt/***
[2024-07-08T08:30:02.373+0000] {logging_mixin.py:151} INFO - #>2024-07-08 08:30:02.373558_User@StatDep: EmailRobot in screated.
[2024-07-08T08:30:02.373+0000] {logging_mixin.py:151} INFO - #>2024-07-08 08:30:02.373723_User@StatDep: get_for_recent_emails is started...
[2024-07-08T08:30:02.373+0000] {logging_mixin.py:151} INFO - #>2024-07-08 08:30:02.373843_User@StatDep: pop3_fetch_emails isstarted...
[2024-07-08T08:30:02.874+0000] {logging_mixin.py:151} INFO -    b'+OK'
[2024-07-08T08:30:03.180+0000] {logging_mixin.py:151} INFO -    mailbox have 0 emails and the robot can process 10
[2024-07-08T08:30:03.181+0000] {logging_mixin.py:151} INFO - #>2024-07-08 08:30:03.181005_User@StatDep: no emails to process, exiting pop3_fetch_emails()...
[2024-07-08T08:30:03.181+0000] {python.py:194} INFO - Done. Returned value was: True
[2024-07-08T08:30:03.211+0000] {taskinstance.py:1400} INFO - Marking task as SUCCESS. dag_id=reports_workflow, task_id=id_task_get_emails, execution_date=20240708T082500, start_date=20240708T083002, end_date=20240708T083003
[2024-07-08T08:30:03.237+0000] {local_task_job_runner.py:228} INFO - Task exited with return code 0
[2024-07-08T08:30:03.273+0000] {taskinstance.py:2784} INFO - 1 downstream tasks scheduled from follow-on schedule check
[2024-07-08T10:22:52.553+0000] {taskinstance.py:1159} INFO - Dependencies all met for dep_context=non-requeueable deps ti=<TaskInstance: reports_workflow.id_task_get_emails scheduled__2024-07-08T08:25:00+00:00 [queued]>
[2024-07-08T10:22:52.562+0000] {taskinstance.py:1159} INFO - Dependencies all met for dep_context=requeueable deps ti=<TaskInstance: reports_workflow.id_task_get_emails scheduled__2024-07-08T08:25:00+00:00 [queued]>
[2024-07-08T10:22:52.562+0000] {taskinstance.py:1361} INFO - Starting attempt 1 of 2
[2024-07-08T10:22:52.575+0000] {taskinstance.py:1382} INFO - Executing <Task(PythonOperator): id_task_get_emails> on 2024-07-08 08:25:00+00:00
[2024-07-08T10:22:52.582+0000] {standard_task_runner.py:57} INFO - Started process 8209 to run task
[2024-07-08T10:22:52.586+0000] {standard_task_runner.py:84} INFO - Running: ['***', 'tasks', 'run', 'reports_workflow', 'id_task_get_emails', 'scheduled__2024-07-08T08:25:00+00:00', '--job-id', '3856', '--raw', '--subdir', 'DAGS_FOLDER/dag_email_robot.py', '--cfg-path', '/tmp/tmppkf4jnp3']
[2024-07-08T10:22:52.590+0000] {standard_task_runner.py:85} INFO - Job 3856: Subtask id_task_get_emails
[2024-07-08T10:22:52.657+0000] {task_command.py:415} INFO - Running <TaskInstance: reports_workflow.id_task_get_emails scheduled__2024-07-08T08:25:00+00:00 [running]> on host 6f4ef5488251
[2024-07-08T10:22:52.738+0000] {taskinstance.py:1660} INFO - Exporting env vars: AIRFLOW_CTX_DAG_OWNER='FIRDAVS' AIRFLOW_CTX_DAG_ID='reports_workflow' AIRFLOW_CTX_TASK_ID='id_task_get_emails' AIRFLOW_CTX_EXECUTION_DATE='2024-07-08T08:25:00+00:00' AIRFLOW_CTX_TRY_NUMBER='1' AIRFLOW_CTX_DAG_RUN_ID='scheduled__2024-07-08T08:25:00+00:00'
[2024-07-08T10:22:52.742+0000] {logging_mixin.py:151} INFO - path of config file:  /opt/***
[2024-07-08T10:22:52.743+0000] {logging_mixin.py:151} INFO - #>2024-07-08 10:22:52.743496_User@StatDep: EmailRobot in screated.
[2024-07-08T10:22:52.743+0000] {logging_mixin.py:151} INFO - #>2024-07-08 10:22:52.743868_User@StatDep: get_for_recent_emails is started...
[2024-07-08T10:22:52.744+0000] {logging_mixin.py:151} INFO - #>2024-07-08 10:22:52.744200_User@StatDep: pop3_fetch_emails isstarted...
[2024-07-08T10:22:53.145+0000] {logging_mixin.py:151} INFO -    b'+OK'
[2024-07-08T10:22:53.509+0000] {logging_mixin.py:151} INFO -    mailbox have 0 emails and the robot can process 10
[2024-07-08T10:22:53.510+0000] {logging_mixin.py:151} INFO - #>2024-07-08 10:22:53.510399_User@StatDep: no emails to process, exiting pop3_fetch_emails()...
[2024-07-08T10:22:53.511+0000] {python.py:194} INFO - Done. Returned value was: True
[2024-07-08T10:22:53.553+0000] {taskinstance.py:1400} INFO - Marking task as SUCCESS. dag_id=reports_workflow, task_id=id_task_get_emails, execution_date=20240708T082500, start_date=20240708T102252, end_date=20240708T102253
[2024-07-08T10:22:53.607+0000] {local_task_job_runner.py:228} INFO - Task exited with return code 0
[2024-07-08T10:22:53.631+0000] {taskinstance.py:2784} INFO - 1 downstream tasks scheduled from follow-on schedule check
