[2024-07-03T09:56:45.798+0000] {taskinstance.py:1159} INFO - Dependencies all met for dep_context=non-requeueable deps ti=<TaskInstance: reports_workflow.id_task_get_emails scheduled__2024-07-02T02:15:00+00:00 [queued]>
[2024-07-03T09:56:45.822+0000] {taskinstance.py:1159} INFO - Dependencies all met for dep_context=requeueable deps ti=<TaskInstance: reports_workflow.id_task_get_emails scheduled__2024-07-02T02:15:00+00:00 [queued]>
[2024-07-03T09:56:45.825+0000] {taskinstance.py:1361} INFO - Starting attempt 1 of 1
[2024-07-03T09:56:45.870+0000] {taskinstance.py:1382} INFO - Executing <Task(PythonOperator): id_task_get_emails> on 2024-07-02 02:15:00+00:00
[2024-07-03T09:56:45.876+0000] {standard_task_runner.py:57} INFO - Started process 20369 to run task
[2024-07-03T09:56:45.887+0000] {standard_task_runner.py:84} INFO - Running: ['***', 'tasks', 'run', 'reports_workflow', 'id_task_get_emails', 'scheduled__2024-07-02T02:15:00+00:00', '--job-id', '270', '--raw', '--subdir', 'DAGS_FOLDER/dag_email_robot.py', '--cfg-path', '/tmp/tmpjswrfse6']
[2024-07-03T09:56:45.899+0000] {standard_task_runner.py:85} INFO - Job 270: Subtask id_task_get_emails
[2024-07-03T09:56:46.060+0000] {task_command.py:415} INFO - Running <TaskInstance: reports_workflow.id_task_get_emails scheduled__2024-07-02T02:15:00+00:00 [running]> on host 6f4ef5488251
[2024-07-03T09:56:46.226+0000] {taskinstance.py:1660} INFO - Exporting env vars: AIRFLOW_CTX_DAG_OWNER='FIRDAVS' AIRFLOW_CTX_DAG_ID='reports_workflow' AIRFLOW_CTX_TASK_ID='id_task_get_emails' AIRFLOW_CTX_EXECUTION_DATE='2024-07-02T02:15:00+00:00' AIRFLOW_CTX_TRY_NUMBER='1' AIRFLOW_CTX_DAG_RUN_ID='scheduled__2024-07-02T02:15:00+00:00'
[2024-07-03T09:56:46.238+0000] {logging_mixin.py:151} INFO - path of config file:  /opt/***
[2024-07-03T09:56:46.239+0000] {taskinstance.py:1943} ERROR - Task failed with exception
Traceback (most recent call last):
  File "/home/airflow/.local/lib/python3.8/site-packages/airflow/operators/python.py", line 192, in execute
    return_value = self.execute_callable()
  File "/home/airflow/.local/lib/python3.8/site-packages/airflow/operators/python.py", line 209, in execute_callable
    return self.python_callable(*self.op_args, **self.op_kwargs)
  File "/opt/airflow/dags/dag_email_robot.py", line 22, in get_emails
    email_conf = json.load (open(path / ("config/email_conf.json")))
NameError: name 'json' is not defined
[2024-07-03T09:56:46.284+0000] {taskinstance.py:1400} INFO - Marking task as FAILED. dag_id=reports_workflow, task_id=id_task_get_emails, execution_date=20240702T021500, start_date=20240703T095645, end_date=20240703T095646
[2024-07-03T09:56:46.309+0000] {standard_task_runner.py:104} ERROR - Failed to execute job 270 for task id_task_get_emails (name 'json' is not defined; 20369)
[2024-07-03T09:56:46.346+0000] {local_task_job_runner.py:228} INFO - Task exited with return code 1
[2024-07-03T09:56:46.368+0000] {taskinstance.py:2784} INFO - 0 downstream tasks scheduled from follow-on schedule check
[2024-07-03T12:04:26.519+0000] {taskinstance.py:1159} INFO - Dependencies all met for dep_context=non-requeueable deps ti=<TaskInstance: reports_workflow.id_task_get_emails scheduled__2024-07-02T02:15:00+00:00 [queued]>
[2024-07-03T12:04:26.528+0000] {taskinstance.py:1159} INFO - Dependencies all met for dep_context=requeueable deps ti=<TaskInstance: reports_workflow.id_task_get_emails scheduled__2024-07-02T02:15:00+00:00 [queued]>
[2024-07-03T12:04:26.528+0000] {taskinstance.py:1361} INFO - Starting attempt 1 of 1
[2024-07-03T12:04:26.545+0000] {taskinstance.py:1382} INFO - Executing <Task(PythonOperator): id_task_get_emails> on 2024-07-02 02:15:00+00:00
[2024-07-03T12:04:26.556+0000] {standard_task_runner.py:57} INFO - Started process 23198 to run task
[2024-07-03T12:04:26.562+0000] {standard_task_runner.py:84} INFO - Running: ['***', 'tasks', 'run', 'reports_workflow', 'id_task_get_emails', 'scheduled__2024-07-02T02:15:00+00:00', '--job-id', '713', '--raw', '--subdir', 'DAGS_FOLDER/dag_email_robot.py', '--cfg-path', '/tmp/tmpfs9pt5xw']
[2024-07-03T12:04:26.567+0000] {standard_task_runner.py:85} INFO - Job 713: Subtask id_task_get_emails
[2024-07-03T12:04:26.655+0000] {task_command.py:415} INFO - Running <TaskInstance: reports_workflow.id_task_get_emails scheduled__2024-07-02T02:15:00+00:00 [running]> on host 6f4ef5488251
[2024-07-03T12:04:26.756+0000] {taskinstance.py:1660} INFO - Exporting env vars: AIRFLOW_CTX_DAG_OWNER='FIRDAVS' AIRFLOW_CTX_DAG_ID='reports_workflow' AIRFLOW_CTX_TASK_ID='id_task_get_emails' AIRFLOW_CTX_EXECUTION_DATE='2024-07-02T02:15:00+00:00' AIRFLOW_CTX_TRY_NUMBER='1' AIRFLOW_CTX_DAG_RUN_ID='scheduled__2024-07-02T02:15:00+00:00'
[2024-07-03T12:04:26.757+0000] {logging_mixin.py:151} INFO - path of config file:  /opt/***
[2024-07-03T12:04:26.758+0000] {logging_mixin.py:151} INFO - #>2024-07-03 12:04:26.758450_User@StatDep: EmailRobot in screated.
[2024-07-03T12:04:26.758+0000] {logging_mixin.py:151} INFO - #>2024-07-03 12:04:26.758828_User@StatDep: get_for_recent_emails is started...
[2024-07-03T12:04:26.759+0000] {logging_mixin.py:151} INFO - #>2024-07-03 12:04:26.759000_User@StatDep: pop3_fetch_emails isstarted...
[2024-07-03T12:04:27.129+0000] {logging_mixin.py:151} INFO -    b'+OK'
[2024-07-03T12:04:27.589+0000] {logging_mixin.py:151} INFO -    mailbox have 1 emails and the robot can process 10
[2024-07-03T12:04:28.082+0000] {logging_mixin.py:151} INFO -    #>2024-07-03 12:04:28.082652_conneciton to db is set.
[2024-07-03T12:04:28.092+0000] {taskinstance.py:1943} ERROR - Task failed with exception
Traceback (most recent call last):
  File "/home/airflow/.local/lib/python3.8/site-packages/airflow/operators/python.py", line 192, in execute
    return_value = self.execute_callable()
  File "/home/airflow/.local/lib/python3.8/site-packages/airflow/operators/python.py", line 209, in execute_callable
    return self.python_callable(*self.op_args, **self.op_kwargs)
  File "/opt/airflow/dags/dag_email_robot.py", line 25, in get_emails
    robot.fetch_emails()
  File "/opt/airflow/dags/emailRobot.py", line 62, in fetch_emails
    return self.pop3_fetch_emails()
  File "/opt/airflow/dags/emailRobot.py", line 156, in pop3_fetch_emails
    cursor.execute (query, insert_values)
psycopg2.errors.UndefinedTable: relation "sma_stat_dep.tbl_file_upload" does not exist
LINE 1: ...) AS (INSERT INTO                                 sma_stat_d...
                                                             ^

[2024-07-03T12:04:28.114+0000] {taskinstance.py:1400} INFO - Marking task as FAILED. dag_id=reports_workflow, task_id=id_task_get_emails, execution_date=20240702T021500, start_date=20240703T120426, end_date=20240703T120428
[2024-07-03T12:04:28.130+0000] {standard_task_runner.py:104} ERROR - Failed to execute job 713 for task id_task_get_emails (relation "sma_stat_dep.tbl_file_upload" does not exist
LINE 1: ...) AS (INSERT INTO                                 sma_stat_d...
                                                             ^
; 23198)
[2024-07-03T12:04:28.160+0000] {local_task_job_runner.py:228} INFO - Task exited with return code 1
[2024-07-03T12:04:28.183+0000] {taskinstance.py:2784} INFO - 0 downstream tasks scheduled from follow-on schedule check
[2024-07-03T12:21:00.478+0000] {taskinstance.py:1159} INFO - Dependencies all met for dep_context=non-requeueable deps ti=<TaskInstance: reports_workflow.id_task_get_emails scheduled__2024-07-02T02:15:00+00:00 [queued]>
[2024-07-03T12:21:00.587+0000] {taskinstance.py:1159} INFO - Dependencies all met for dep_context=requeueable deps ti=<TaskInstance: reports_workflow.id_task_get_emails scheduled__2024-07-02T02:15:00+00:00 [queued]>
[2024-07-03T12:21:00.587+0000] {taskinstance.py:1361} INFO - Starting attempt 1 of 1
[2024-07-03T12:21:00.643+0000] {taskinstance.py:1382} INFO - Executing <Task(PythonOperator): id_task_get_emails> on 2024-07-02 02:15:00+00:00
[2024-07-03T12:21:00.659+0000] {standard_task_runner.py:57} INFO - Started process 23905 to run task
[2024-07-03T12:21:00.703+0000] {standard_task_runner.py:84} INFO - Running: ['***', 'tasks', 'run', 'reports_workflow', 'id_task_get_emails', 'scheduled__2024-07-02T02:15:00+00:00', '--job-id', '940', '--raw', '--subdir', 'DAGS_FOLDER/dag_email_robot.py', '--cfg-path', '/tmp/tmpti2mf_z6']
[2024-07-03T12:21:00.722+0000] {standard_task_runner.py:85} INFO - Job 940: Subtask id_task_get_emails
[2024-07-03T12:21:00.953+0000] {task_command.py:415} INFO - Running <TaskInstance: reports_workflow.id_task_get_emails scheduled__2024-07-02T02:15:00+00:00 [running]> on host 6f4ef5488251
[2024-07-03T12:21:01.341+0000] {taskinstance.py:1660} INFO - Exporting env vars: AIRFLOW_CTX_DAG_OWNER='FIRDAVS' AIRFLOW_CTX_DAG_ID='reports_workflow' AIRFLOW_CTX_TASK_ID='id_task_get_emails' AIRFLOW_CTX_EXECUTION_DATE='2024-07-02T02:15:00+00:00' AIRFLOW_CTX_TRY_NUMBER='1' AIRFLOW_CTX_DAG_RUN_ID='scheduled__2024-07-02T02:15:00+00:00'
[2024-07-03T12:21:01.342+0000] {logging_mixin.py:151} INFO - path of config file:  /opt/***
[2024-07-03T12:21:01.342+0000] {logging_mixin.py:151} INFO - #>2024-07-03 12:21:01.342914_User@StatDep: EmailRobot in screated.
[2024-07-03T12:21:01.343+0000] {logging_mixin.py:151} INFO - #>2024-07-03 12:21:01.343113_User@StatDep: get_for_recent_emails is started...
[2024-07-03T12:21:01.343+0000] {logging_mixin.py:151} INFO - #>2024-07-03 12:21:01.343249_User@StatDep: pop3_fetch_emails isstarted...
[2024-07-03T12:21:01.699+0000] {logging_mixin.py:151} INFO -    b'+OK'
[2024-07-03T12:21:02.068+0000] {logging_mixin.py:151} INFO -    mailbox have 0 emails and the robot can process 10
[2024-07-03T12:21:02.068+0000] {logging_mixin.py:151} INFO - #>2024-07-03 12:21:02.068376_User@StatDep: no emails to process, exiting pop3_fetch_emails()...
[2024-07-03T12:21:02.068+0000] {python.py:194} INFO - Done. Returned value was: True
[2024-07-03T12:21:02.108+0000] {taskinstance.py:1400} INFO - Marking task as SUCCESS. dag_id=reports_workflow, task_id=id_task_get_emails, execution_date=20240702T021500, start_date=20240703T122100, end_date=20240703T122102
[2024-07-03T12:21:02.152+0000] {local_task_job_runner.py:228} INFO - Task exited with return code 0
[2024-07-03T12:21:02.198+0000] {taskinstance.py:2784} INFO - 1 downstream tasks scheduled from follow-on schedule check
