[2024-07-04T05:31:46.872+0000] {taskinstance.py:1159} INFO - Dependencies all met for dep_context=non-requeueable deps ti=<TaskInstance: reports_workflow.id_task_get_emails scheduled__2024-07-04T05:15:00+00:00 [queued]>
[2024-07-04T05:31:46.881+0000] {taskinstance.py:1159} INFO - Dependencies all met for dep_context=requeueable deps ti=<TaskInstance: reports_workflow.id_task_get_emails scheduled__2024-07-04T05:15:00+00:00 [queued]>
[2024-07-04T05:31:46.881+0000] {taskinstance.py:1361} INFO - Starting attempt 1 of 2
[2024-07-04T05:31:46.894+0000] {taskinstance.py:1382} INFO - Executing <Task(PythonOperator): id_task_get_emails> on 2024-07-04 05:15:00+00:00
[2024-07-04T05:31:46.900+0000] {standard_task_runner.py:57} INFO - Started process 42687 to run task
[2024-07-04T05:31:46.908+0000] {standard_task_runner.py:84} INFO - Running: ['***', 'tasks', 'run', 'reports_workflow', 'id_task_get_emails', 'scheduled__2024-07-04T05:15:00+00:00', '--job-id', '2460', '--raw', '--subdir', 'DAGS_FOLDER/dag_email_robot.py', '--cfg-path', '/tmp/tmp1zqnen8w']
[2024-07-04T05:31:46.909+0000] {standard_task_runner.py:85} INFO - Job 2460: Subtask id_task_get_emails
[2024-07-04T05:31:46.983+0000] {task_command.py:415} INFO - Running <TaskInstance: reports_workflow.id_task_get_emails scheduled__2024-07-04T05:15:00+00:00 [running]> on host 6f4ef5488251
[2024-07-04T05:31:47.075+0000] {taskinstance.py:1660} INFO - Exporting env vars: AIRFLOW_CTX_DAG_OWNER='FIRDAVS' AIRFLOW_CTX_DAG_ID='reports_workflow' AIRFLOW_CTX_TASK_ID='id_task_get_emails' AIRFLOW_CTX_EXECUTION_DATE='2024-07-04T05:15:00+00:00' AIRFLOW_CTX_TRY_NUMBER='1' AIRFLOW_CTX_DAG_RUN_ID='scheduled__2024-07-04T05:15:00+00:00'
[2024-07-04T05:31:47.076+0000] {logging_mixin.py:151} INFO - path of config file:  /opt/***
[2024-07-04T05:31:47.077+0000] {logging_mixin.py:151} INFO - #>2024-07-04 05:31:47.077332_User@StatDep: EmailRobot in screated.
[2024-07-04T05:31:47.077+0000] {logging_mixin.py:151} INFO - #>2024-07-04 05:31:47.077501_User@StatDep: get_for_recent_emails is started...
[2024-07-04T05:31:47.077+0000] {logging_mixin.py:151} INFO - #>2024-07-04 05:31:47.077625_User@StatDep: pop3_fetch_emails isstarted...
[2024-07-04T05:31:47.467+0000] {logging_mixin.py:151} INFO -    b'+OK'
[2024-07-04T05:31:47.818+0000] {logging_mixin.py:151} INFO -    mailbox have 0 emails and the robot can process 10
[2024-07-04T05:31:47.818+0000] {logging_mixin.py:151} INFO - #>2024-07-04 05:31:47.818733_User@StatDep: no emails to process, exiting pop3_fetch_emails()...
[2024-07-04T05:31:47.819+0000] {python.py:194} INFO - Done. Returned value was: True
[2024-07-04T05:31:47.847+0000] {taskinstance.py:1400} INFO - Marking task as SUCCESS. dag_id=reports_workflow, task_id=id_task_get_emails, execution_date=20240704T051500, start_date=20240704T053146, end_date=20240704T053147
[2024-07-04T05:31:47.898+0000] {local_task_job_runner.py:228} INFO - Task exited with return code 0
[2024-07-04T05:31:47.927+0000] {taskinstance.py:2784} INFO - 1 downstream tasks scheduled from follow-on schedule check
[2024-07-04T05:35:00.235+0000] {taskinstance.py:1159} INFO - Dependencies all met for dep_context=non-requeueable deps ti=<TaskInstance: reports_workflow.id_task_get_emails scheduled__2024-07-04T05:15:00+00:00 [queued]>
[2024-07-04T05:35:00.244+0000] {taskinstance.py:1159} INFO - Dependencies all met for dep_context=requeueable deps ti=<TaskInstance: reports_workflow.id_task_get_emails scheduled__2024-07-04T05:15:00+00:00 [queued]>
[2024-07-04T05:35:00.244+0000] {taskinstance.py:1361} INFO - Starting attempt 1 of 2
[2024-07-04T05:35:00.259+0000] {taskinstance.py:1382} INFO - Executing <Task(PythonOperator): id_task_get_emails> on 2024-07-04 05:15:00+00:00
[2024-07-04T05:35:00.263+0000] {standard_task_runner.py:57} INFO - Started process 42833 to run task
[2024-07-04T05:35:00.268+0000] {standard_task_runner.py:84} INFO - Running: ['***', 'tasks', 'run', 'reports_workflow', 'id_task_get_emails', 'scheduled__2024-07-04T05:15:00+00:00', '--job-id', '2510', '--raw', '--subdir', 'DAGS_FOLDER/dag_email_robot.py', '--cfg-path', '/tmp/tmpvb77pg_r']
[2024-07-04T05:35:00.269+0000] {standard_task_runner.py:85} INFO - Job 2510: Subtask id_task_get_emails
[2024-07-04T05:35:00.346+0000] {task_command.py:415} INFO - Running <TaskInstance: reports_workflow.id_task_get_emails scheduled__2024-07-04T05:15:00+00:00 [running]> on host 6f4ef5488251
[2024-07-04T05:35:00.454+0000] {taskinstance.py:1660} INFO - Exporting env vars: AIRFLOW_CTX_DAG_OWNER='FIRDAVS' AIRFLOW_CTX_DAG_ID='reports_workflow' AIRFLOW_CTX_TASK_ID='id_task_get_emails' AIRFLOW_CTX_EXECUTION_DATE='2024-07-04T05:15:00+00:00' AIRFLOW_CTX_TRY_NUMBER='1' AIRFLOW_CTX_DAG_RUN_ID='scheduled__2024-07-04T05:15:00+00:00'
[2024-07-04T05:35:00.455+0000] {logging_mixin.py:151} INFO - path of config file:  /opt/***
[2024-07-04T05:35:00.456+0000] {logging_mixin.py:151} INFO - #>2024-07-04 05:35:00.456148_User@StatDep: EmailRobot in screated.
[2024-07-04T05:35:00.456+0000] {logging_mixin.py:151} INFO - #>2024-07-04 05:35:00.456310_User@StatDep: get_for_recent_emails is started...
[2024-07-04T05:35:00.456+0000] {logging_mixin.py:151} INFO - #>2024-07-04 05:35:00.456440_User@StatDep: pop3_fetch_emails isstarted...
[2024-07-04T05:35:00.829+0000] {logging_mixin.py:151} INFO -    b'+OK'
[2024-07-04T05:35:01.128+0000] {logging_mixin.py:151} INFO -    mailbox have 0 emails and the robot can process 10
[2024-07-04T05:35:01.128+0000] {logging_mixin.py:151} INFO - #>2024-07-04 05:35:01.128704_User@StatDep: no emails to process, exiting pop3_fetch_emails()...
[2024-07-04T05:35:01.129+0000] {python.py:194} INFO - Done. Returned value was: True
[2024-07-04T05:35:01.170+0000] {taskinstance.py:1400} INFO - Marking task as SUCCESS. dag_id=reports_workflow, task_id=id_task_get_emails, execution_date=20240704T051500, start_date=20240704T053500, end_date=20240704T053501
[2024-07-04T05:35:01.254+0000] {local_task_job_runner.py:228} INFO - Task exited with return code 0
[2024-07-04T05:35:01.438+0000] {taskinstance.py:2784} INFO - 1 downstream tasks scheduled from follow-on schedule check
