[2024-08-01T10:15:02.062+0000] {taskinstance.py:1159} INFO - Dependencies all met for dep_context=non-requeueable deps ti=<TaskInstance: reports_workflow.id_task_get_emails scheduled__2024-08-01T10:10:00+00:00 [queued]>
[2024-08-01T10:15:02.070+0000] {taskinstance.py:1159} INFO - Dependencies all met for dep_context=requeueable deps ti=<TaskInstance: reports_workflow.id_task_get_emails scheduled__2024-08-01T10:10:00+00:00 [queued]>
[2024-08-01T10:15:02.070+0000] {taskinstance.py:1361} INFO - Starting attempt 1 of 2
[2024-08-01T10:15:02.081+0000] {taskinstance.py:1382} INFO - Executing <Task(PythonOperator): id_task_get_emails> on 2024-08-01 10:10:00+00:00
[2024-08-01T10:15:02.086+0000] {standard_task_runner.py:57} INFO - Started process 45997 to run task
[2024-08-01T10:15:02.092+0000] {standard_task_runner.py:84} INFO - Running: ['***', 'tasks', 'run', 'reports_workflow', 'id_task_get_emails', 'scheduled__2024-08-01T10:10:00+00:00', '--job-id', '1417', '--raw', '--subdir', 'DAGS_FOLDER/dag_stat_report.py', '--cfg-path', '/tmp/tmp_qhh8sxz']
[2024-08-01T10:15:02.097+0000] {standard_task_runner.py:85} INFO - Job 1417: Subtask id_task_get_emails
[2024-08-01T10:15:02.186+0000] {task_command.py:415} INFO - Running <TaskInstance: reports_workflow.id_task_get_emails scheduled__2024-08-01T10:10:00+00:00 [running]> on host 6bb718ab9b8f
[2024-08-01T10:15:02.302+0000] {taskinstance.py:1660} INFO - Exporting env vars: AIRFLOW_CTX_DAG_OWNER='FIRDAVS' AIRFLOW_CTX_DAG_ID='reports_workflow' AIRFLOW_CTX_TASK_ID='id_task_get_emails' AIRFLOW_CTX_EXECUTION_DATE='2024-08-01T10:10:00+00:00' AIRFLOW_CTX_TRY_NUMBER='1' AIRFLOW_CTX_DAG_RUN_ID='scheduled__2024-08-01T10:10:00+00:00'
[2024-08-01T10:15:02.304+0000] {logging_mixin.py:151} INFO - path of config file:  /opt/***
[2024-08-01T10:15:02.305+0000] {logging_mixin.py:151} INFO - #>2024-08-01 10:15:02.305355_User@StatDep: EmailRobot in screated.
[2024-08-01T10:15:02.305+0000] {logging_mixin.py:151} INFO - #>2024-08-01 10:15:02.305545_User@StatDep: get_for_recent_emails is started...
[2024-08-01T10:15:02.305+0000] {logging_mixin.py:151} INFO - #>2024-08-01 10:15:02.305672_User@StatDep: pop3_fetch_emails isstarted...
[2024-08-01T10:15:03.612+0000] {logging_mixin.py:151} INFO -    b'+OK'
[2024-08-01T10:15:04.149+0000] {logging_mixin.py:151} INFO -    mailbox have 1 emails and the robot can process 10
[2024-08-01T10:15:07.129+0000] {logging_mixin.py:151} INFO -    #>2024-08-01 10:15:07.129182_conneciton to db is set.
[2024-08-01T10:15:07.171+0000] {logging_mixin.py:151} INFO -    #>2024-08-01 10:15:07.171344_cursor execution is successful.
[2024-08-01T10:15:07.173+0000] {logging_mixin.py:151} INFO -    Email from 2024-08-01 15:10:45,  Халимзод Исмоил Абдурахмон <ihalimzod@nbt.tj>  with statis 1 and attachement name 4K.v0.1892.30042024.xlsx uploaded to db
[2024-08-01T10:15:07.254+0000] {logging_mixin.py:151} INFO -    deletion of email after inserting into database +OK message 1 deleted
[2024-08-01T10:15:07.350+0000] {logging_mixin.py:151} INFO - #>2024-08-01 10:15:07.350231_User@StatDep: pop3_fetch_emails is successful.
[2024-08-01T10:15:07.351+0000] {python.py:194} INFO - Done. Returned value was: True
[2024-08-01T10:15:07.383+0000] {taskinstance.py:1400} INFO - Marking task as SUCCESS. dag_id=reports_workflow, task_id=id_task_get_emails, execution_date=20240801T101000, start_date=20240801T101502, end_date=20240801T101507
[2024-08-01T10:15:07.404+0000] {local_task_job_runner.py:228} INFO - Task exited with return code 0
[2024-08-01T10:15:07.422+0000] {taskinstance.py:2784} INFO - 1 downstream tasks scheduled from follow-on schedule check
