[2024-07-03T14:30:06.908+0000] {taskinstance.py:1159} INFO - Dependencies all met for dep_context=non-requeueable deps ti=<TaskInstance: reports_workflow.id_task_send_emails scheduled__2024-07-02T00:01:01+00:00 [queued]>
[2024-07-03T14:30:06.917+0000] {taskinstance.py:1159} INFO - Dependencies all met for dep_context=requeueable deps ti=<TaskInstance: reports_workflow.id_task_send_emails scheduled__2024-07-02T00:01:01+00:00 [queued]>
[2024-07-03T14:30:06.917+0000] {taskinstance.py:1361} INFO - Starting attempt 1 of 2
[2024-07-03T14:30:06.930+0000] {taskinstance.py:1382} INFO - Executing <Task(PythonOperator): id_task_send_emails> on 2024-07-02 00:01:01+00:00
[2024-07-03T14:30:06.934+0000] {standard_task_runner.py:57} INFO - Started process 27694 to run task
[2024-07-03T14:30:06.943+0000] {standard_task_runner.py:84} INFO - Running: ['***', 'tasks', 'run', 'reports_workflow', 'id_task_send_emails', 'scheduled__2024-07-02T00:01:01+00:00', '--job-id', '1857', '--raw', '--subdir', 'DAGS_FOLDER/dag_email_robot.py', '--cfg-path', '/tmp/tmp9p8g2w3s']
[2024-07-03T14:30:06.946+0000] {standard_task_runner.py:85} INFO - Job 1857: Subtask id_task_send_emails
[2024-07-03T14:30:07.004+0000] {task_command.py:415} INFO - Running <TaskInstance: reports_workflow.id_task_send_emails scheduled__2024-07-02T00:01:01+00:00 [running]> on host 6f4ef5488251
[2024-07-03T14:30:07.087+0000] {taskinstance.py:1660} INFO - Exporting env vars: AIRFLOW_CTX_DAG_OWNER='FIRDAVS' AIRFLOW_CTX_DAG_ID='reports_workflow' AIRFLOW_CTX_TASK_ID='id_task_send_emails' AIRFLOW_CTX_EXECUTION_DATE='2024-07-02T00:01:01+00:00' AIRFLOW_CTX_TRY_NUMBER='1' AIRFLOW_CTX_DAG_RUN_ID='scheduled__2024-07-02T00:01:01+00:00'
[2024-07-03T14:30:07.088+0000] {logging_mixin.py:151} INFO - path of config file:  /opt/***
[2024-07-03T14:30:07.088+0000] {logging_mixin.py:151} INFO - #>2024-07-03 14:30:07.088535_User@StatDep: EmailRobot in screated.
[2024-07-03T14:30:07.088+0000] {logging_mixin.py:151} INFO - #>2024-07-03 14:30:07.088731_User@StatDep: send_validation_results is started...
[2024-07-03T14:30:07.101+0000] {logging_mixin.py:151} INFO -    #>2024-07-03 14:30:07.100948_conneciton to db is set.
[2024-07-03T14:30:07.104+0000] {logging_mixin.py:151} INFO -    #>2024-07-03 14:30:07.104006_cursor execution is successful.
[2024-07-03T14:30:07.104+0000] {logging_mixin.py:151} INFO -    There is no any new submissions found. The get_validation_results is over.
[2024-07-03T14:30:07.104+0000] {python.py:194} INFO - Done. Returned value was: True
[2024-07-03T14:30:07.136+0000] {taskinstance.py:1400} INFO - Marking task as SUCCESS. dag_id=reports_workflow, task_id=id_task_send_emails, execution_date=20240702T000101, start_date=20240703T143006, end_date=20240703T143007
[2024-07-03T14:30:07.190+0000] {local_task_job_runner.py:228} INFO - Task exited with return code 0
[2024-07-03T14:30:07.217+0000] {taskinstance.py:2784} INFO - 0 downstream tasks scheduled from follow-on schedule check
[2024-07-03T14:31:17.439+0000] {taskinstance.py:1159} INFO - Dependencies all met for dep_context=non-requeueable deps ti=<TaskInstance: reports_workflow.id_task_send_emails scheduled__2024-07-02T00:01:01+00:00 [queued]>
[2024-07-03T14:31:17.476+0000] {taskinstance.py:1159} INFO - Dependencies all met for dep_context=requeueable deps ti=<TaskInstance: reports_workflow.id_task_send_emails scheduled__2024-07-02T00:01:01+00:00 [queued]>
[2024-07-03T14:31:17.477+0000] {taskinstance.py:1361} INFO - Starting attempt 1 of 2
[2024-07-03T14:31:17.490+0000] {taskinstance.py:1382} INFO - Executing <Task(PythonOperator): id_task_send_emails> on 2024-07-02 00:01:01+00:00
[2024-07-03T14:31:17.494+0000] {standard_task_runner.py:57} INFO - Started process 27715 to run task
[2024-07-03T14:31:17.505+0000] {standard_task_runner.py:84} INFO - Running: ['***', 'tasks', 'run', 'reports_workflow', 'id_task_send_emails', 'scheduled__2024-07-02T00:01:01+00:00', '--job-id', '1859', '--raw', '--subdir', 'DAGS_FOLDER/dag_email_robot.py', '--cfg-path', '/tmp/tmpynga2iwh']
[2024-07-03T14:31:17.507+0000] {standard_task_runner.py:85} INFO - Job 1859: Subtask id_task_send_emails
[2024-07-03T14:31:17.563+0000] {task_command.py:415} INFO - Running <TaskInstance: reports_workflow.id_task_send_emails scheduled__2024-07-02T00:01:01+00:00 [running]> on host 6f4ef5488251
[2024-07-03T14:31:17.650+0000] {taskinstance.py:1660} INFO - Exporting env vars: AIRFLOW_CTX_DAG_OWNER='FIRDAVS' AIRFLOW_CTX_DAG_ID='reports_workflow' AIRFLOW_CTX_TASK_ID='id_task_send_emails' AIRFLOW_CTX_EXECUTION_DATE='2024-07-02T00:01:01+00:00' AIRFLOW_CTX_TRY_NUMBER='1' AIRFLOW_CTX_DAG_RUN_ID='scheduled__2024-07-02T00:01:01+00:00'
[2024-07-03T14:31:17.651+0000] {logging_mixin.py:151} INFO - path of config file:  /opt/***
[2024-07-03T14:31:17.652+0000] {logging_mixin.py:151} INFO - #>2024-07-03 14:31:17.652163_User@StatDep: EmailRobot in screated.
[2024-07-03T14:31:17.652+0000] {logging_mixin.py:151} INFO - #>2024-07-03 14:31:17.652376_User@StatDep: send_validation_results is started...
[2024-07-03T14:31:17.664+0000] {logging_mixin.py:151} INFO -    #>2024-07-03 14:31:17.664905_conneciton to db is set.
[2024-07-03T14:31:17.668+0000] {logging_mixin.py:151} INFO -    #>2024-07-03 14:31:17.668617_cursor execution is successful.
[2024-07-03T14:31:17.668+0000] {logging_mixin.py:151} INFO -    There is no any new submissions found. The get_validation_results is over.
[2024-07-03T14:31:17.669+0000] {python.py:194} INFO - Done. Returned value was: True
[2024-07-03T14:31:17.699+0000] {taskinstance.py:1400} INFO - Marking task as SUCCESS. dag_id=reports_workflow, task_id=id_task_send_emails, execution_date=20240702T000101, start_date=20240703T143117, end_date=20240703T143117
[2024-07-03T14:31:17.751+0000] {local_task_job_runner.py:228} INFO - Task exited with return code 0
[2024-07-03T14:31:17.780+0000] {taskinstance.py:2784} INFO - 0 downstream tasks scheduled from follow-on schedule check
[2024-07-03T14:33:40.343+0000] {taskinstance.py:1159} INFO - Dependencies all met for dep_context=non-requeueable deps ti=<TaskInstance: reports_workflow.id_task_send_emails scheduled__2024-07-02T00:01:01+00:00 [queued]>
[2024-07-03T14:33:40.370+0000] {taskinstance.py:1159} INFO - Dependencies all met for dep_context=requeueable deps ti=<TaskInstance: reports_workflow.id_task_send_emails scheduled__2024-07-02T00:01:01+00:00 [queued]>
[2024-07-03T14:33:40.370+0000] {taskinstance.py:1361} INFO - Starting attempt 1 of 2
[2024-07-03T14:33:40.384+0000] {taskinstance.py:1382} INFO - Executing <Task(PythonOperator): id_task_send_emails> on 2024-07-02 00:01:01+00:00
[2024-07-03T14:33:40.388+0000] {standard_task_runner.py:57} INFO - Started process 27752 to run task
[2024-07-03T14:33:40.397+0000] {standard_task_runner.py:84} INFO - Running: ['***', 'tasks', 'run', 'reports_workflow', 'id_task_send_emails', 'scheduled__2024-07-02T00:01:01+00:00', '--job-id', '1861', '--raw', '--subdir', 'DAGS_FOLDER/dag_email_robot.py', '--cfg-path', '/tmp/tmp0yox6msp']
[2024-07-03T14:33:40.398+0000] {standard_task_runner.py:85} INFO - Job 1861: Subtask id_task_send_emails
[2024-07-03T14:33:40.456+0000] {task_command.py:415} INFO - Running <TaskInstance: reports_workflow.id_task_send_emails scheduled__2024-07-02T00:01:01+00:00 [running]> on host 6f4ef5488251
[2024-07-03T14:33:40.539+0000] {taskinstance.py:1660} INFO - Exporting env vars: AIRFLOW_CTX_DAG_OWNER='FIRDAVS' AIRFLOW_CTX_DAG_ID='reports_workflow' AIRFLOW_CTX_TASK_ID='id_task_send_emails' AIRFLOW_CTX_EXECUTION_DATE='2024-07-02T00:01:01+00:00' AIRFLOW_CTX_TRY_NUMBER='1' AIRFLOW_CTX_DAG_RUN_ID='scheduled__2024-07-02T00:01:01+00:00'
[2024-07-03T14:33:40.540+0000] {logging_mixin.py:151} INFO - path of config file:  /opt/***
[2024-07-03T14:33:40.541+0000] {logging_mixin.py:151} INFO - #>2024-07-03 14:33:40.541498_User@StatDep: EmailRobot in screated.
[2024-07-03T14:33:40.541+0000] {logging_mixin.py:151} INFO - #>2024-07-03 14:33:40.541835_User@StatDep: send_validation_results is started...
[2024-07-03T14:33:40.555+0000] {logging_mixin.py:151} INFO -    #>2024-07-03 14:33:40.555575_conneciton to db is set.
[2024-07-03T14:33:40.559+0000] {logging_mixin.py:151} INFO -    #>2024-07-03 14:33:40.559329_cursor execution is successful.
[2024-07-03T14:33:40.559+0000] {logging_mixin.py:151} INFO -    There is no any new submissions found. The get_validation_results is over.
[2024-07-03T14:33:40.560+0000] {python.py:194} INFO - Done. Returned value was: True
[2024-07-03T14:33:40.586+0000] {taskinstance.py:1400} INFO - Marking task as SUCCESS. dag_id=reports_workflow, task_id=id_task_send_emails, execution_date=20240702T000101, start_date=20240703T143340, end_date=20240703T143340
[2024-07-03T14:33:40.604+0000] {local_task_job_runner.py:228} INFO - Task exited with return code 0
[2024-07-03T14:33:40.630+0000] {taskinstance.py:2784} INFO - 0 downstream tasks scheduled from follow-on schedule check
[2024-07-03T14:37:50.080+0000] {taskinstance.py:1159} INFO - Dependencies all met for dep_context=non-requeueable deps ti=<TaskInstance: reports_workflow.id_task_send_emails scheduled__2024-07-02T00:01:01+00:00 [queued]>
[2024-07-03T14:37:50.116+0000] {taskinstance.py:1159} INFO - Dependencies all met for dep_context=requeueable deps ti=<TaskInstance: reports_workflow.id_task_send_emails scheduled__2024-07-02T00:01:01+00:00 [queued]>
[2024-07-03T14:37:50.116+0000] {taskinstance.py:1361} INFO - Starting attempt 1 of 2
[2024-07-03T14:37:50.131+0000] {taskinstance.py:1382} INFO - Executing <Task(PythonOperator): id_task_send_emails> on 2024-07-02 00:01:01+00:00
[2024-07-03T14:37:50.135+0000] {standard_task_runner.py:57} INFO - Started process 27823 to run task
[2024-07-03T14:37:50.142+0000] {standard_task_runner.py:84} INFO - Running: ['***', 'tasks', 'run', 'reports_workflow', 'id_task_send_emails', 'scheduled__2024-07-02T00:01:01+00:00', '--job-id', '1865', '--raw', '--subdir', 'DAGS_FOLDER/dag_email_robot.py', '--cfg-path', '/tmp/tmpv7zwye56']
[2024-07-03T14:37:50.143+0000] {standard_task_runner.py:85} INFO - Job 1865: Subtask id_task_send_emails
[2024-07-03T14:37:50.202+0000] {task_command.py:415} INFO - Running <TaskInstance: reports_workflow.id_task_send_emails scheduled__2024-07-02T00:01:01+00:00 [running]> on host 6f4ef5488251
[2024-07-03T14:37:50.280+0000] {taskinstance.py:1660} INFO - Exporting env vars: AIRFLOW_CTX_DAG_OWNER='FIRDAVS' AIRFLOW_CTX_DAG_ID='reports_workflow' AIRFLOW_CTX_TASK_ID='id_task_send_emails' AIRFLOW_CTX_EXECUTION_DATE='2024-07-02T00:01:01+00:00' AIRFLOW_CTX_TRY_NUMBER='1' AIRFLOW_CTX_DAG_RUN_ID='scheduled__2024-07-02T00:01:01+00:00'
[2024-07-03T14:37:50.281+0000] {logging_mixin.py:151} INFO - path of config file:  /opt/***
[2024-07-03T14:37:50.281+0000] {logging_mixin.py:151} INFO - #>2024-07-03 14:37:50.281890_User@StatDep: EmailRobot in screated.
[2024-07-03T14:37:50.282+0000] {logging_mixin.py:151} INFO - #>2024-07-03 14:37:50.282082_User@StatDep: send_validation_results is started...
[2024-07-03T14:37:50.297+0000] {logging_mixin.py:151} INFO -    #>2024-07-03 14:37:50.297440_conneciton to db is set.
[2024-07-03T14:37:50.299+0000] {logging_mixin.py:151} INFO -    #>2024-07-03 14:37:50.299329_cursor execution is successful.
[2024-07-03T14:37:50.299+0000] {logging_mixin.py:151} INFO -    There is no any new submissions found. The get_validation_results is over.
[2024-07-03T14:37:50.302+0000] {python.py:194} INFO - Done. Returned value was: True
[2024-07-03T14:37:50.327+0000] {taskinstance.py:1400} INFO - Marking task as SUCCESS. dag_id=reports_workflow, task_id=id_task_send_emails, execution_date=20240702T000101, start_date=20240703T143750, end_date=20240703T143750
[2024-07-03T14:37:50.366+0000] {local_task_job_runner.py:228} INFO - Task exited with return code 0
[2024-07-03T14:37:50.386+0000] {taskinstance.py:2784} INFO - 0 downstream tasks scheduled from follow-on schedule check
[2024-07-03T14:40:20.188+0000] {taskinstance.py:1159} INFO - Dependencies all met for dep_context=non-requeueable deps ti=<TaskInstance: reports_workflow.id_task_send_emails scheduled__2024-07-02T00:01:01+00:00 [queued]>
[2024-07-03T14:40:20.226+0000] {taskinstance.py:1159} INFO - Dependencies all met for dep_context=requeueable deps ti=<TaskInstance: reports_workflow.id_task_send_emails scheduled__2024-07-02T00:01:01+00:00 [queued]>
[2024-07-03T14:40:20.227+0000] {taskinstance.py:1361} INFO - Starting attempt 1 of 2
[2024-07-03T14:40:20.241+0000] {taskinstance.py:1382} INFO - Executing <Task(PythonOperator): id_task_send_emails> on 2024-07-02 00:01:01+00:00
[2024-07-03T14:40:20.245+0000] {standard_task_runner.py:57} INFO - Started process 27872 to run task
[2024-07-03T14:40:20.250+0000] {standard_task_runner.py:84} INFO - Running: ['***', 'tasks', 'run', 'reports_workflow', 'id_task_send_emails', 'scheduled__2024-07-02T00:01:01+00:00', '--job-id', '1869', '--raw', '--subdir', 'DAGS_FOLDER/dag_email_robot.py', '--cfg-path', '/tmp/tmp8six7x2q']
[2024-07-03T14:40:20.252+0000] {standard_task_runner.py:85} INFO - Job 1869: Subtask id_task_send_emails
[2024-07-03T14:40:20.311+0000] {task_command.py:415} INFO - Running <TaskInstance: reports_workflow.id_task_send_emails scheduled__2024-07-02T00:01:01+00:00 [running]> on host 6f4ef5488251
[2024-07-03T14:40:20.377+0000] {taskinstance.py:1660} INFO - Exporting env vars: AIRFLOW_CTX_DAG_OWNER='FIRDAVS' AIRFLOW_CTX_DAG_ID='reports_workflow' AIRFLOW_CTX_TASK_ID='id_task_send_emails' AIRFLOW_CTX_EXECUTION_DATE='2024-07-02T00:01:01+00:00' AIRFLOW_CTX_TRY_NUMBER='1' AIRFLOW_CTX_DAG_RUN_ID='scheduled__2024-07-02T00:01:01+00:00'
[2024-07-03T14:40:20.377+0000] {logging_mixin.py:151} INFO - path of config file:  /opt/***
[2024-07-03T14:40:20.378+0000] {logging_mixin.py:151} INFO - #>2024-07-03 14:40:20.378512_User@StatDep: EmailRobot in screated.
[2024-07-03T14:40:20.378+0000] {logging_mixin.py:151} INFO - #>2024-07-03 14:40:20.378709_User@StatDep: send_validation_results is started...
[2024-07-03T14:40:20.387+0000] {logging_mixin.py:151} INFO -    #>2024-07-03 14:40:20.387419_conneciton to db is set.
[2024-07-03T14:40:20.389+0000] {logging_mixin.py:151} INFO -    #>2024-07-03 14:40:20.389025_cursor execution is successful.
[2024-07-03T14:40:20.389+0000] {logging_mixin.py:151} INFO -    There is no any new submissions found. The get_validation_results is over.
[2024-07-03T14:40:20.389+0000] {python.py:194} INFO - Done. Returned value was: True
[2024-07-03T14:40:20.413+0000] {taskinstance.py:1400} INFO - Marking task as SUCCESS. dag_id=reports_workflow, task_id=id_task_send_emails, execution_date=20240702T000101, start_date=20240703T144020, end_date=20240703T144020
[2024-07-03T14:40:20.462+0000] {local_task_job_runner.py:228} INFO - Task exited with return code 0
[2024-07-03T14:40:20.487+0000] {taskinstance.py:2784} INFO - 0 downstream tasks scheduled from follow-on schedule check
