[2024-07-03T09:59:11.467+0000] {taskinstance.py:1159} INFO - Dependencies all met for dep_context=non-requeueable deps ti=<TaskInstance: reports_workflow.id_task_get_emails scheduled__2024-07-03T02:05:00+00:00 [queued]>
[2024-07-03T09:59:11.488+0000] {taskinstance.py:1159} INFO - Dependencies all met for dep_context=requeueable deps ti=<TaskInstance: reports_workflow.id_task_get_emails scheduled__2024-07-03T02:05:00+00:00 [queued]>
[2024-07-03T09:59:11.489+0000] {taskinstance.py:1361} INFO - Starting attempt 1 of 1
[2024-07-03T09:59:11.529+0000] {taskinstance.py:1382} INFO - Executing <Task(PythonOperator): id_task_get_emails> on 2024-07-03 02:05:00+00:00
[2024-07-03T09:59:11.534+0000] {standard_task_runner.py:57} INFO - Started process 20987 to run task
[2024-07-03T09:59:11.548+0000] {standard_task_runner.py:84} INFO - Running: ['***', 'tasks', 'run', 'reports_workflow', 'id_task_get_emails', 'scheduled__2024-07-03T02:05:00+00:00', '--job-id', '560', '--raw', '--subdir', 'DAGS_FOLDER/dag_email_robot.py', '--cfg-path', '/tmp/tmphp31pv7y']
[2024-07-03T09:59:11.549+0000] {standard_task_runner.py:85} INFO - Job 560: Subtask id_task_get_emails
[2024-07-03T09:59:11.664+0000] {task_command.py:415} INFO - Running <TaskInstance: reports_workflow.id_task_get_emails scheduled__2024-07-03T02:05:00+00:00 [running]> on host 6f4ef5488251
[2024-07-03T09:59:11.858+0000] {taskinstance.py:1660} INFO - Exporting env vars: AIRFLOW_CTX_DAG_OWNER='FIRDAVS' AIRFLOW_CTX_DAG_ID='reports_workflow' AIRFLOW_CTX_TASK_ID='id_task_get_emails' AIRFLOW_CTX_EXECUTION_DATE='2024-07-03T02:05:00+00:00' AIRFLOW_CTX_TRY_NUMBER='1' AIRFLOW_CTX_DAG_RUN_ID='scheduled__2024-07-03T02:05:00+00:00'
[2024-07-03T09:59:11.859+0000] {logging_mixin.py:151} INFO - path of config file:  /opt/***
[2024-07-03T09:59:11.860+0000] {logging_mixin.py:151} INFO - #>2024-07-03 09:59:11.860345_User@StatDep: EmailRobot in screated.
[2024-07-03T09:59:11.860+0000] {logging_mixin.py:151} INFO - #>2024-07-03 09:59:11.860510_User@StatDep: get_for_recent_emails is started...
[2024-07-03T09:59:11.860+0000] {logging_mixin.py:151} INFO - #>2024-07-03 09:59:11.860622_User@StatDep: pop3_fetch_emails isstarted...
[2024-07-03T09:59:12.258+0000] {logging_mixin.py:151} INFO -    b'+OK'
[2024-07-03T09:59:12.632+0000] {logging_mixin.py:151} INFO -    mailbox have 0 emails and the robot can process 10
[2024-07-03T09:59:12.632+0000] {logging_mixin.py:151} INFO - #>2024-07-03 09:59:12.632842_User@StatDep: no emails to process, exiting pop3_fetch_emails()...
[2024-07-03T09:59:12.633+0000] {python.py:194} INFO - Done. Returned value was: True
[2024-07-03T09:59:12.671+0000] {taskinstance.py:1400} INFO - Marking task as SUCCESS. dag_id=reports_workflow, task_id=id_task_get_emails, execution_date=20240703T020500, start_date=20240703T095911, end_date=20240703T095912
[2024-07-03T09:59:12.689+0000] {local_task_job_runner.py:228} INFO - Task exited with return code 0
[2024-07-03T09:59:12.709+0000] {taskinstance.py:2784} INFO - 0 downstream tasks scheduled from follow-on schedule check
[2024-07-03T13:39:32.059+0000] {taskinstance.py:1159} INFO - Dependencies all met for dep_context=non-requeueable deps ti=<TaskInstance: reports_workflow.id_task_get_emails scheduled__2024-07-03T02:05:00+00:00 [queued]>
[2024-07-03T13:39:32.067+0000] {taskinstance.py:1159} INFO - Dependencies all met for dep_context=requeueable deps ti=<TaskInstance: reports_workflow.id_task_get_emails scheduled__2024-07-03T02:05:00+00:00 [queued]>
[2024-07-03T13:39:32.067+0000] {taskinstance.py:1361} INFO - Starting attempt 1 of 1
[2024-07-03T13:39:32.080+0000] {taskinstance.py:1382} INFO - Executing <Task(PythonOperator): id_task_get_emails> on 2024-07-03 02:05:00+00:00
[2024-07-03T13:39:32.086+0000] {standard_task_runner.py:57} INFO - Started process 26216 to run task
[2024-07-03T13:39:32.093+0000] {standard_task_runner.py:84} INFO - Running: ['***', 'tasks', 'run', 'reports_workflow', 'id_task_get_emails', 'scheduled__2024-07-03T02:05:00+00:00', '--job-id', '1505', '--raw', '--subdir', 'DAGS_FOLDER/dag_email_robot.py', '--cfg-path', '/tmp/tmpzrs4k123']
[2024-07-03T13:39:32.095+0000] {standard_task_runner.py:85} INFO - Job 1505: Subtask id_task_get_emails
[2024-07-03T13:39:32.179+0000] {task_command.py:415} INFO - Running <TaskInstance: reports_workflow.id_task_get_emails scheduled__2024-07-03T02:05:00+00:00 [running]> on host 6f4ef5488251
[2024-07-03T13:39:32.276+0000] {taskinstance.py:1660} INFO - Exporting env vars: AIRFLOW_CTX_DAG_OWNER='FIRDAVS' AIRFLOW_CTX_DAG_ID='reports_workflow' AIRFLOW_CTX_TASK_ID='id_task_get_emails' AIRFLOW_CTX_EXECUTION_DATE='2024-07-03T02:05:00+00:00' AIRFLOW_CTX_TRY_NUMBER='1' AIRFLOW_CTX_DAG_RUN_ID='scheduled__2024-07-03T02:05:00+00:00'
[2024-07-03T13:39:32.277+0000] {logging_mixin.py:151} INFO - path of config file:  /opt/***
[2024-07-03T13:39:32.277+0000] {logging_mixin.py:151} INFO - #>2024-07-03 13:39:32.277828_User@StatDep: EmailRobot in screated.
[2024-07-03T13:39:32.278+0000] {logging_mixin.py:151} INFO - #>2024-07-03 13:39:32.278020_User@StatDep: get_for_recent_emails is started...
[2024-07-03T13:39:32.278+0000] {logging_mixin.py:151} INFO - #>2024-07-03 13:39:32.278156_User@StatDep: pop3_fetch_emails isstarted...
[2024-07-03T13:39:32.640+0000] {logging_mixin.py:151} INFO -    b'+OK'
[2024-07-03T13:39:33.012+0000] {logging_mixin.py:151} INFO -    mailbox have 0 emails and the robot can process 10
[2024-07-03T13:39:33.012+0000] {logging_mixin.py:151} INFO - #>2024-07-03 13:39:33.012307_User@StatDep: no emails to process, exiting pop3_fetch_emails()...
[2024-07-03T13:39:33.012+0000] {python.py:194} INFO - Done. Returned value was: True
[2024-07-03T13:39:33.047+0000] {taskinstance.py:1400} INFO - Marking task as SUCCESS. dag_id=reports_workflow, task_id=id_task_get_emails, execution_date=20240703T020500, start_date=20240703T133932, end_date=20240703T133933
[2024-07-03T13:39:33.112+0000] {local_task_job_runner.py:228} INFO - Task exited with return code 0
[2024-07-03T13:39:33.154+0000] {taskinstance.py:2784} INFO - 1 downstream tasks scheduled from follow-on schedule check
