[2024-07-03T14:27:33.298+0000] {taskinstance.py:1159} INFO - Dependencies all met for dep_context=non-requeueable deps ti=<TaskInstance: reports_workflow.id_task_get_emails scheduled__2023-07-04T00:01:01+00:00 [queued]>
[2024-07-03T14:27:33.318+0000] {taskinstance.py:1159} INFO - Dependencies all met for dep_context=requeueable deps ti=<TaskInstance: reports_workflow.id_task_get_emails scheduled__2023-07-04T00:01:01+00:00 [queued]>
[2024-07-03T14:27:33.319+0000] {taskinstance.py:1361} INFO - Starting attempt 1 of 2
[2024-07-03T14:27:33.338+0000] {taskinstance.py:1382} INFO - Executing <Task(PythonOperator): id_task_get_emails> on 2023-07-04 00:01:01+00:00
[2024-07-03T14:27:33.343+0000] {standard_task_runner.py:57} INFO - Started process 27531 to run task
[2024-07-03T14:27:33.355+0000] {standard_task_runner.py:84} INFO - Running: ['***', 'tasks', 'run', 'reports_workflow', 'id_task_get_emails', 'scheduled__2023-07-04T00:01:01+00:00', '--job-id', '1794', '--raw', '--subdir', 'DAGS_FOLDER/dag_email_robot.py', '--cfg-path', '/tmp/tmpgzdqtbhd']
[2024-07-03T14:27:33.356+0000] {standard_task_runner.py:85} INFO - Job 1794: Subtask id_task_get_emails
[2024-07-03T14:27:33.451+0000] {task_command.py:415} INFO - Running <TaskInstance: reports_workflow.id_task_get_emails scheduled__2023-07-04T00:01:01+00:00 [running]> on host 6f4ef5488251
[2024-07-03T14:27:33.556+0000] {taskinstance.py:1660} INFO - Exporting env vars: AIRFLOW_CTX_DAG_OWNER='FIRDAVS' AIRFLOW_CTX_DAG_ID='reports_workflow' AIRFLOW_CTX_TASK_ID='id_task_get_emails' AIRFLOW_CTX_EXECUTION_DATE='2023-07-04T00:01:01+00:00' AIRFLOW_CTX_TRY_NUMBER='1' AIRFLOW_CTX_DAG_RUN_ID='scheduled__2023-07-04T00:01:01+00:00'
[2024-07-03T14:27:33.557+0000] {logging_mixin.py:151} INFO - path of config file:  /opt/***
[2024-07-03T14:27:33.558+0000] {logging_mixin.py:151} INFO - #>2024-07-03 14:27:33.558227_User@StatDep: EmailRobot in screated.
[2024-07-03T14:27:33.558+0000] {logging_mixin.py:151} INFO - #>2024-07-03 14:27:33.558444_User@StatDep: get_for_recent_emails is started...
[2024-07-03T14:27:33.558+0000] {logging_mixin.py:151} INFO - #>2024-07-03 14:27:33.558579_User@StatDep: pop3_fetch_emails isstarted...
[2024-07-03T14:27:34.695+0000] {logging_mixin.py:151} INFO -    b'+OK'
[2024-07-03T14:27:35.008+0000] {logging_mixin.py:151} INFO -    mailbox have 0 emails and the robot can process 10
[2024-07-03T14:27:35.008+0000] {logging_mixin.py:151} INFO - #>2024-07-03 14:27:35.008450_User@StatDep: no emails to process, exiting pop3_fetch_emails()...
[2024-07-03T14:27:35.011+0000] {python.py:194} INFO - Done. Returned value was: True
[2024-07-03T14:27:35.056+0000] {taskinstance.py:1400} INFO - Marking task as SUCCESS. dag_id=reports_workflow, task_id=id_task_get_emails, execution_date=20230704T000101, start_date=20240703T142733, end_date=20240703T142735
[2024-07-03T14:27:35.183+0000] {local_task_job_runner.py:228} INFO - Task exited with return code 0
[2024-07-03T14:27:35.268+0000] {taskinstance.py:2784} INFO - 1 downstream tasks scheduled from follow-on schedule check
