[2024-07-08T07:35:04.075+0000] {taskinstance.py:1159} INFO - Dependencies all met for dep_context=non-requeueable deps ti=<TaskInstance: reports_workflow.id_task_send_emails scheduled__2024-07-08T07:30:00+00:00 [queued]>
[2024-07-08T07:35:04.089+0000] {taskinstance.py:1159} INFO - Dependencies all met for dep_context=requeueable deps ti=<TaskInstance: reports_workflow.id_task_send_emails scheduled__2024-07-08T07:30:00+00:00 [queued]>
[2024-07-08T07:35:04.089+0000] {taskinstance.py:1361} INFO - Starting attempt 1 of 2
[2024-07-08T07:35:04.100+0000] {taskinstance.py:1382} INFO - Executing <Task(PythonOperator): id_task_send_emails> on 2024-07-08 07:30:00+00:00
[2024-07-08T07:35:04.106+0000] {standard_task_runner.py:57} INFO - Started process 4884 to run task
[2024-07-08T07:35:04.117+0000] {standard_task_runner.py:84} INFO - Running: ['***', 'tasks', 'run', 'reports_workflow', 'id_task_send_emails', 'scheduled__2024-07-08T07:30:00+00:00', '--job-id', '3606', '--raw', '--subdir', 'DAGS_FOLDER/dag_email_robot.py', '--cfg-path', '/tmp/tmpd6l8bxyk']
[2024-07-08T07:35:04.122+0000] {standard_task_runner.py:85} INFO - Job 3606: Subtask id_task_send_emails
[2024-07-08T07:35:04.210+0000] {task_command.py:415} INFO - Running <TaskInstance: reports_workflow.id_task_send_emails scheduled__2024-07-08T07:30:00+00:00 [running]> on host 6f4ef5488251
[2024-07-08T07:35:04.339+0000] {taskinstance.py:1660} INFO - Exporting env vars: AIRFLOW_CTX_DAG_OWNER='FIRDAVS' AIRFLOW_CTX_DAG_ID='reports_workflow' AIRFLOW_CTX_TASK_ID='id_task_send_emails' AIRFLOW_CTX_EXECUTION_DATE='2024-07-08T07:30:00+00:00' AIRFLOW_CTX_TRY_NUMBER='1' AIRFLOW_CTX_DAG_RUN_ID='scheduled__2024-07-08T07:30:00+00:00'
[2024-07-08T07:35:04.341+0000] {logging_mixin.py:151} INFO - path of config file:  /opt/***
[2024-07-08T07:35:04.342+0000] {logging_mixin.py:151} INFO - #>2024-07-08 07:35:04.342094_User@StatDep: EmailRobot in screated.
[2024-07-08T07:35:04.342+0000] {logging_mixin.py:151} INFO - #>2024-07-08 07:35:04.342341_User@StatDep: send_validation_results is started...
[2024-07-08T07:35:04.356+0000] {logging_mixin.py:151} INFO -    #>2024-07-08 07:35:04.356643_conneciton to db is set.
[2024-07-08T07:35:04.360+0000] {logging_mixin.py:151} INFO -    #>2024-07-08 07:35:04.360243_cursor execution is successful.
[2024-07-08T07:35:04.360+0000] {logging_mixin.py:151} INFO -    There is no any new submissions found. The get_validation_results is over.
[2024-07-08T07:35:04.360+0000] {python.py:194} INFO - Done. Returned value was: True
[2024-07-08T07:35:04.390+0000] {taskinstance.py:1400} INFO - Marking task as SUCCESS. dag_id=reports_workflow, task_id=id_task_send_emails, execution_date=20240708T073000, start_date=20240708T073504, end_date=20240708T073504
[2024-07-08T07:35:04.442+0000] {local_task_job_runner.py:228} INFO - Task exited with return code 0
[2024-07-08T07:35:04.471+0000] {taskinstance.py:2784} INFO - 0 downstream tasks scheduled from follow-on schedule check
[2024-07-08T10:22:34.293+0000] {taskinstance.py:1159} INFO - Dependencies all met for dep_context=non-requeueable deps ti=<TaskInstance: reports_workflow.id_task_send_emails scheduled__2024-07-08T07:30:00+00:00 [queued]>
[2024-07-08T10:22:34.689+0000] {taskinstance.py:1159} INFO - Dependencies all met for dep_context=requeueable deps ti=<TaskInstance: reports_workflow.id_task_send_emails scheduled__2024-07-08T07:30:00+00:00 [queued]>
[2024-07-08T10:22:34.690+0000] {taskinstance.py:1361} INFO - Starting attempt 1 of 2
[2024-07-08T10:22:34.704+0000] {taskinstance.py:1382} INFO - Executing <Task(PythonOperator): id_task_send_emails> on 2024-07-08 07:30:00+00:00
[2024-07-08T10:22:34.711+0000] {standard_task_runner.py:57} INFO - Started process 8129 to run task
[2024-07-08T10:22:34.717+0000] {standard_task_runner.py:84} INFO - Running: ['***', 'tasks', 'run', 'reports_workflow', 'id_task_send_emails', 'scheduled__2024-07-08T07:30:00+00:00', '--job-id', '3828', '--raw', '--subdir', 'DAGS_FOLDER/dag_email_robot.py', '--cfg-path', '/tmp/tmpr52izjh6']
[2024-07-08T10:22:34.722+0000] {standard_task_runner.py:85} INFO - Job 3828: Subtask id_task_send_emails
[2024-07-08T10:22:35.311+0000] {task_command.py:415} INFO - Running <TaskInstance: reports_workflow.id_task_send_emails scheduled__2024-07-08T07:30:00+00:00 [running]> on host 6f4ef5488251
[2024-07-08T10:22:35.398+0000] {taskinstance.py:1660} INFO - Exporting env vars: AIRFLOW_CTX_DAG_OWNER='FIRDAVS' AIRFLOW_CTX_DAG_ID='reports_workflow' AIRFLOW_CTX_TASK_ID='id_task_send_emails' AIRFLOW_CTX_EXECUTION_DATE='2024-07-08T07:30:00+00:00' AIRFLOW_CTX_TRY_NUMBER='1' AIRFLOW_CTX_DAG_RUN_ID='scheduled__2024-07-08T07:30:00+00:00'
[2024-07-08T10:22:35.400+0000] {logging_mixin.py:151} INFO - path of config file:  /opt/***
[2024-07-08T10:22:35.400+0000] {logging_mixin.py:151} INFO - #>2024-07-08 10:22:35.400717_User@StatDep: EmailRobot in screated.
[2024-07-08T10:22:35.400+0000] {logging_mixin.py:151} INFO - #>2024-07-08 10:22:35.400921_User@StatDep: send_validation_results is started...
[2024-07-08T10:22:35.412+0000] {logging_mixin.py:151} INFO -    #>2024-07-08 10:22:35.412421_conneciton to db is set.
[2024-07-08T10:22:35.414+0000] {logging_mixin.py:151} INFO -    #>2024-07-08 10:22:35.414332_cursor execution is successful.
[2024-07-08T10:22:35.414+0000] {logging_mixin.py:151} INFO -    There is no any new submissions found. The get_validation_results is over.
[2024-07-08T10:22:35.415+0000] {python.py:194} INFO - Done. Returned value was: True
[2024-07-08T10:22:35.440+0000] {taskinstance.py:1400} INFO - Marking task as SUCCESS. dag_id=reports_workflow, task_id=id_task_send_emails, execution_date=20240708T073000, start_date=20240708T102234, end_date=20240708T102235
[2024-07-08T10:22:35.488+0000] {local_task_job_runner.py:228} INFO - Task exited with return code 0
[2024-07-08T10:22:35.519+0000] {taskinstance.py:2784} INFO - 0 downstream tasks scheduled from follow-on schedule check
[2024-07-08T10:27:25.998+0000] {taskinstance.py:1159} INFO - Dependencies all met for dep_context=non-requeueable deps ti=<TaskInstance: reports_workflow.id_task_send_emails scheduled__2024-07-08T07:30:00+00:00 [queued]>
[2024-07-08T10:27:26.008+0000] {taskinstance.py:1159} INFO - Dependencies all met for dep_context=requeueable deps ti=<TaskInstance: reports_workflow.id_task_send_emails scheduled__2024-07-08T07:30:00+00:00 [queued]>
[2024-07-08T10:27:26.008+0000] {taskinstance.py:1361} INFO - Starting attempt 1 of 2
[2024-07-08T10:27:26.021+0000] {taskinstance.py:1382} INFO - Executing <Task(PythonOperator): id_task_send_emails> on 2024-07-08 07:30:00+00:00
[2024-07-08T10:27:26.028+0000] {standard_task_runner.py:57} INFO - Started process 8830 to run task
[2024-07-08T10:27:26.034+0000] {standard_task_runner.py:84} INFO - Running: ['***', 'tasks', 'run', 'reports_workflow', 'id_task_send_emails', 'scheduled__2024-07-08T07:30:00+00:00', '--job-id', '4039', '--raw', '--subdir', 'DAGS_FOLDER/dag_email_robot.py', '--cfg-path', '/tmp/tmpkrt9_rri']
[2024-07-08T10:27:26.038+0000] {standard_task_runner.py:85} INFO - Job 4039: Subtask id_task_send_emails
[2024-07-08T10:27:26.098+0000] {task_command.py:415} INFO - Running <TaskInstance: reports_workflow.id_task_send_emails scheduled__2024-07-08T07:30:00+00:00 [running]> on host 6f4ef5488251
[2024-07-08T10:27:26.180+0000] {taskinstance.py:1660} INFO - Exporting env vars: AIRFLOW_CTX_DAG_OWNER='FIRDAVS' AIRFLOW_CTX_DAG_ID='reports_workflow' AIRFLOW_CTX_TASK_ID='id_task_send_emails' AIRFLOW_CTX_EXECUTION_DATE='2024-07-08T07:30:00+00:00' AIRFLOW_CTX_TRY_NUMBER='1' AIRFLOW_CTX_DAG_RUN_ID='scheduled__2024-07-08T07:30:00+00:00'
[2024-07-08T10:27:26.182+0000] {logging_mixin.py:151} INFO - path of config file:  /opt/***
[2024-07-08T10:27:26.183+0000] {logging_mixin.py:151} INFO - #>2024-07-08 10:27:26.183221_User@StatDep: EmailRobot in screated.
[2024-07-08T10:27:26.183+0000] {logging_mixin.py:151} INFO - #>2024-07-08 10:27:26.183592_User@StatDep: send_validation_results is started...
[2024-07-08T10:27:26.192+0000] {logging_mixin.py:151} INFO -    #>2024-07-08 10:27:26.192704_conneciton to db is set.
[2024-07-08T10:27:26.194+0000] {logging_mixin.py:151} INFO -    #>2024-07-08 10:27:26.194917_cursor execution is successful.
[2024-07-08T10:27:26.195+0000] {logging_mixin.py:151} INFO -    There is no any new submissions found. The get_validation_results is over.
[2024-07-08T10:27:26.195+0000] {python.py:194} INFO - Done. Returned value was: True
[2024-07-08T10:27:26.216+0000] {taskinstance.py:1400} INFO - Marking task as SUCCESS. dag_id=reports_workflow, task_id=id_task_send_emails, execution_date=20240708T073000, start_date=20240708T102725, end_date=20240708T102726
[2024-07-08T10:27:26.244+0000] {local_task_job_runner.py:228} INFO - Task exited with return code 0
[2024-07-08T10:27:26.294+0000] {taskinstance.py:2784} INFO - 0 downstream tasks scheduled from follow-on schedule check
