[2024-07-04T05:08:18.774+0000] {taskinstance.py:1159} INFO - Dependencies all met for dep_context=non-requeueable deps ti=<TaskInstance: reports_workflow.id_task_get_emails scheduled__2024-07-04T04:55:00+00:00 [queued]>
[2024-07-04T05:08:18.785+0000] {taskinstance.py:1159} INFO - Dependencies all met for dep_context=requeueable deps ti=<TaskInstance: reports_workflow.id_task_get_emails scheduled__2024-07-04T04:55:00+00:00 [queued]>
[2024-07-04T05:08:18.786+0000] {taskinstance.py:1361} INFO - Starting attempt 1 of 2
[2024-07-04T05:08:18.798+0000] {taskinstance.py:1382} INFO - Executing <Task(PythonOperator): id_task_get_emails> on 2024-07-04 04:55:00+00:00
[2024-07-04T05:08:18.802+0000] {standard_task_runner.py:57} INFO - Started process 42220 to run task
[2024-07-04T05:08:18.808+0000] {standard_task_runner.py:84} INFO - Running: ['***', 'tasks', 'run', 'reports_workflow', 'id_task_get_emails', 'scheduled__2024-07-04T04:55:00+00:00', '--job-id', '2408', '--raw', '--subdir', 'DAGS_FOLDER/dag_email_robot.py', '--cfg-path', '/tmp/tmprbtjiwg6']
[2024-07-04T05:08:18.809+0000] {standard_task_runner.py:85} INFO - Job 2408: Subtask id_task_get_emails
[2024-07-04T05:08:18.863+0000] {task_command.py:415} INFO - Running <TaskInstance: reports_workflow.id_task_get_emails scheduled__2024-07-04T04:55:00+00:00 [running]> on host 6f4ef5488251
[2024-07-04T05:08:18.973+0000] {taskinstance.py:1660} INFO - Exporting env vars: AIRFLOW_CTX_DAG_OWNER='FIRDAVS' AIRFLOW_CTX_DAG_ID='reports_workflow' AIRFLOW_CTX_TASK_ID='id_task_get_emails' AIRFLOW_CTX_EXECUTION_DATE='2024-07-04T04:55:00+00:00' AIRFLOW_CTX_TRY_NUMBER='1' AIRFLOW_CTX_DAG_RUN_ID='scheduled__2024-07-04T04:55:00+00:00'
[2024-07-04T05:08:18.973+0000] {logging_mixin.py:151} INFO - path of config file:  /opt/***
[2024-07-04T05:08:18.975+0000] {logging_mixin.py:151} INFO - #>2024-07-04 05:08:18.975023_User@StatDep: EmailRobot in screated.
[2024-07-04T05:08:18.975+0000] {logging_mixin.py:151} INFO - #>2024-07-04 05:08:18.975205_User@StatDep: get_for_recent_emails is started...
[2024-07-04T05:08:18.975+0000] {logging_mixin.py:151} INFO - #>2024-07-04 05:08:18.975335_User@StatDep: pop3_fetch_emails isstarted...
[2024-07-04T05:08:19.352+0000] {logging_mixin.py:151} INFO -    b'+OK'
[2024-07-04T05:08:19.763+0000] {logging_mixin.py:151} INFO -    mailbox have 0 emails and the robot can process 10
[2024-07-04T05:08:19.763+0000] {logging_mixin.py:151} INFO - #>2024-07-04 05:08:19.763819_User@StatDep: no emails to process, exiting pop3_fetch_emails()...
[2024-07-04T05:08:19.764+0000] {python.py:194} INFO - Done. Returned value was: True
[2024-07-04T05:08:19.794+0000] {taskinstance.py:1400} INFO - Marking task as SUCCESS. dag_id=reports_workflow, task_id=id_task_get_emails, execution_date=20240704T045500, start_date=20240704T050818, end_date=20240704T050819
[2024-07-04T05:08:19.824+0000] {local_task_job_runner.py:228} INFO - Task exited with return code 0
[2024-07-04T05:08:19.874+0000] {taskinstance.py:2784} INFO - 1 downstream tasks scheduled from follow-on schedule check
[2024-07-04T05:31:46.178+0000] {taskinstance.py:1159} INFO - Dependencies all met for dep_context=non-requeueable deps ti=<TaskInstance: reports_workflow.id_task_get_emails scheduled__2024-07-04T04:55:00+00:00 [queued]>
[2024-07-04T05:31:46.188+0000] {taskinstance.py:1159} INFO - Dependencies all met for dep_context=requeueable deps ti=<TaskInstance: reports_workflow.id_task_get_emails scheduled__2024-07-04T04:55:00+00:00 [queued]>
[2024-07-04T05:31:46.188+0000] {taskinstance.py:1361} INFO - Starting attempt 1 of 2
[2024-07-04T05:31:46.214+0000] {taskinstance.py:1382} INFO - Executing <Task(PythonOperator): id_task_get_emails> on 2024-07-04 04:55:00+00:00
[2024-07-04T05:31:46.221+0000] {standard_task_runner.py:57} INFO - Started process 42680 to run task
[2024-07-04T05:31:46.225+0000] {standard_task_runner.py:84} INFO - Running: ['***', 'tasks', 'run', 'reports_workflow', 'id_task_get_emails', 'scheduled__2024-07-04T04:55:00+00:00', '--job-id', '2456', '--raw', '--subdir', 'DAGS_FOLDER/dag_email_robot.py', '--cfg-path', '/tmp/tmpv9bqlyqn']
[2024-07-04T05:31:46.227+0000] {standard_task_runner.py:85} INFO - Job 2456: Subtask id_task_get_emails
[2024-07-04T05:31:46.300+0000] {task_command.py:415} INFO - Running <TaskInstance: reports_workflow.id_task_get_emails scheduled__2024-07-04T04:55:00+00:00 [running]> on host 6f4ef5488251
[2024-07-04T05:31:46.430+0000] {taskinstance.py:1660} INFO - Exporting env vars: AIRFLOW_CTX_DAG_OWNER='FIRDAVS' AIRFLOW_CTX_DAG_ID='reports_workflow' AIRFLOW_CTX_TASK_ID='id_task_get_emails' AIRFLOW_CTX_EXECUTION_DATE='2024-07-04T04:55:00+00:00' AIRFLOW_CTX_TRY_NUMBER='1' AIRFLOW_CTX_DAG_RUN_ID='scheduled__2024-07-04T04:55:00+00:00'
[2024-07-04T05:31:46.431+0000] {logging_mixin.py:151} INFO - path of config file:  /opt/***
[2024-07-04T05:31:46.432+0000] {logging_mixin.py:151} INFO - #>2024-07-04 05:31:46.431966_User@StatDep: EmailRobot in screated.
[2024-07-04T05:31:46.432+0000] {logging_mixin.py:151} INFO - #>2024-07-04 05:31:46.432182_User@StatDep: get_for_recent_emails is started...
[2024-07-04T05:31:46.432+0000] {logging_mixin.py:151} INFO - #>2024-07-04 05:31:46.432314_User@StatDep: pop3_fetch_emails isstarted...
[2024-07-04T05:31:46.821+0000] {logging_mixin.py:151} INFO -    b'+OK'
[2024-07-04T05:31:47.216+0000] {logging_mixin.py:151} INFO -    mailbox have 0 emails and the robot can process 10
[2024-07-04T05:31:47.217+0000] {logging_mixin.py:151} INFO - #>2024-07-04 05:31:47.217320_User@StatDep: no emails to process, exiting pop3_fetch_emails()...
[2024-07-04T05:31:47.217+0000] {python.py:194} INFO - Done. Returned value was: True
[2024-07-04T05:31:47.247+0000] {taskinstance.py:1400} INFO - Marking task as SUCCESS. dag_id=reports_workflow, task_id=id_task_get_emails, execution_date=20240704T045500, start_date=20240704T053146, end_date=20240704T053147
[2024-07-04T05:31:47.337+0000] {local_task_job_runner.py:228} INFO - Task exited with return code 0
[2024-07-04T05:31:47.363+0000] {taskinstance.py:2784} INFO - 1 downstream tasks scheduled from follow-on schedule check
[2024-07-04T05:34:59.237+0000] {taskinstance.py:1159} INFO - Dependencies all met for dep_context=non-requeueable deps ti=<TaskInstance: reports_workflow.id_task_get_emails scheduled__2024-07-04T04:55:00+00:00 [queued]>
[2024-07-04T05:34:59.252+0000] {taskinstance.py:1159} INFO - Dependencies all met for dep_context=requeueable deps ti=<TaskInstance: reports_workflow.id_task_get_emails scheduled__2024-07-04T04:55:00+00:00 [queued]>
[2024-07-04T05:34:59.253+0000] {taskinstance.py:1361} INFO - Starting attempt 1 of 2
[2024-07-04T05:34:59.296+0000] {taskinstance.py:1382} INFO - Executing <Task(PythonOperator): id_task_get_emails> on 2024-07-04 04:55:00+00:00
[2024-07-04T05:34:59.300+0000] {standard_task_runner.py:57} INFO - Started process 42826 to run task
[2024-07-04T05:34:59.311+0000] {standard_task_runner.py:84} INFO - Running: ['***', 'tasks', 'run', 'reports_workflow', 'id_task_get_emails', 'scheduled__2024-07-04T04:55:00+00:00', '--job-id', '2505', '--raw', '--subdir', 'DAGS_FOLDER/dag_email_robot.py', '--cfg-path', '/tmp/tmp88jx0nif']
[2024-07-04T05:34:59.322+0000] {standard_task_runner.py:85} INFO - Job 2505: Subtask id_task_get_emails
[2024-07-04T05:34:59.424+0000] {task_command.py:415} INFO - Running <TaskInstance: reports_workflow.id_task_get_emails scheduled__2024-07-04T04:55:00+00:00 [running]> on host 6f4ef5488251
[2024-07-04T05:34:59.646+0000] {taskinstance.py:1660} INFO - Exporting env vars: AIRFLOW_CTX_DAG_OWNER='FIRDAVS' AIRFLOW_CTX_DAG_ID='reports_workflow' AIRFLOW_CTX_TASK_ID='id_task_get_emails' AIRFLOW_CTX_EXECUTION_DATE='2024-07-04T04:55:00+00:00' AIRFLOW_CTX_TRY_NUMBER='1' AIRFLOW_CTX_DAG_RUN_ID='scheduled__2024-07-04T04:55:00+00:00'
[2024-07-04T05:34:59.647+0000] {logging_mixin.py:151} INFO - path of config file:  /opt/***
[2024-07-04T05:34:59.648+0000] {logging_mixin.py:151} INFO - #>2024-07-04 05:34:59.648340_User@StatDep: EmailRobot in screated.
[2024-07-04T05:34:59.648+0000] {logging_mixin.py:151} INFO - #>2024-07-04 05:34:59.648523_User@StatDep: get_for_recent_emails is started...
[2024-07-04T05:34:59.648+0000] {logging_mixin.py:151} INFO - #>2024-07-04 05:34:59.648640_User@StatDep: pop3_fetch_emails isstarted...
[2024-07-04T05:35:00.036+0000] {logging_mixin.py:151} INFO -    b'+OK'
[2024-07-04T05:35:00.390+0000] {logging_mixin.py:151} INFO -    mailbox have 0 emails and the robot can process 10
[2024-07-04T05:35:00.391+0000] {logging_mixin.py:151} INFO - #>2024-07-04 05:35:00.390987_User@StatDep: no emails to process, exiting pop3_fetch_emails()...
[2024-07-04T05:35:00.391+0000] {python.py:194} INFO - Done. Returned value was: True
[2024-07-04T05:35:00.428+0000] {taskinstance.py:1400} INFO - Marking task as SUCCESS. dag_id=reports_workflow, task_id=id_task_get_emails, execution_date=20240704T045500, start_date=20240704T053459, end_date=20240704T053500
[2024-07-04T05:35:00.463+0000] {local_task_job_runner.py:228} INFO - Task exited with return code 0
[2024-07-04T05:35:00.484+0000] {taskinstance.py:2784} INFO - 1 downstream tasks scheduled from follow-on schedule check
