[2024-07-08T08:30:05.297+0000] {taskinstance.py:1159} INFO - Dependencies all met for dep_context=non-requeueable deps ti=<TaskInstance: reports_workflow.id_task_send_emails scheduled__2024-07-08T08:25:00+00:00 [queued]>
[2024-07-08T08:30:05.305+0000] {taskinstance.py:1159} INFO - Dependencies all met for dep_context=requeueable deps ti=<TaskInstance: reports_workflow.id_task_send_emails scheduled__2024-07-08T08:25:00+00:00 [queued]>
[2024-07-08T08:30:05.305+0000] {taskinstance.py:1361} INFO - Starting attempt 1 of 2
[2024-07-08T08:30:05.316+0000] {taskinstance.py:1382} INFO - Executing <Task(PythonOperator): id_task_send_emails> on 2024-07-08 08:25:00+00:00
[2024-07-08T08:30:05.322+0000] {standard_task_runner.py:57} INFO - Started process 5842 to run task
[2024-07-08T08:30:05.330+0000] {standard_task_runner.py:84} INFO - Running: ['***', 'tasks', 'run', 'reports_workflow', 'id_task_send_emails', 'scheduled__2024-07-08T08:25:00+00:00', '--job-id', '3639', '--raw', '--subdir', 'DAGS_FOLDER/dag_email_robot.py', '--cfg-path', '/tmp/tmp9258gsah']
[2024-07-08T08:30:05.338+0000] {standard_task_runner.py:85} INFO - Job 3639: Subtask id_task_send_emails
[2024-07-08T08:30:05.420+0000] {task_command.py:415} INFO - Running <TaskInstance: reports_workflow.id_task_send_emails scheduled__2024-07-08T08:25:00+00:00 [running]> on host 6f4ef5488251
[2024-07-08T08:30:05.539+0000] {taskinstance.py:1660} INFO - Exporting env vars: AIRFLOW_CTX_DAG_OWNER='FIRDAVS' AIRFLOW_CTX_DAG_ID='reports_workflow' AIRFLOW_CTX_TASK_ID='id_task_send_emails' AIRFLOW_CTX_EXECUTION_DATE='2024-07-08T08:25:00+00:00' AIRFLOW_CTX_TRY_NUMBER='1' AIRFLOW_CTX_DAG_RUN_ID='scheduled__2024-07-08T08:25:00+00:00'
[2024-07-08T08:30:05.540+0000] {logging_mixin.py:151} INFO - path of config file:  /opt/***
[2024-07-08T08:30:05.541+0000] {logging_mixin.py:151} INFO - #>2024-07-08 08:30:05.541282_User@StatDep: EmailRobot in screated.
[2024-07-08T08:30:05.541+0000] {logging_mixin.py:151} INFO - #>2024-07-08 08:30:05.541461_User@StatDep: send_validation_results is started...
[2024-07-08T08:30:05.552+0000] {logging_mixin.py:151} INFO -    #>2024-07-08 08:30:05.552233_conneciton to db is set.
[2024-07-08T08:30:05.555+0000] {logging_mixin.py:151} INFO -    #>2024-07-08 08:30:05.555505_cursor execution is successful.
[2024-07-08T08:30:05.555+0000] {logging_mixin.py:151} INFO -    There is no any new submissions found. The get_validation_results is over.
[2024-07-08T08:30:05.556+0000] {python.py:194} INFO - Done. Returned value was: True
[2024-07-08T08:30:05.581+0000] {taskinstance.py:1400} INFO - Marking task as SUCCESS. dag_id=reports_workflow, task_id=id_task_send_emails, execution_date=20240708T082500, start_date=20240708T083005, end_date=20240708T083005
[2024-07-08T08:30:05.618+0000] {local_task_job_runner.py:228} INFO - Task exited with return code 0
[2024-07-08T08:30:05.648+0000] {taskinstance.py:2784} INFO - 0 downstream tasks scheduled from follow-on schedule check
[2024-07-08T10:22:55.205+0000] {taskinstance.py:1159} INFO - Dependencies all met for dep_context=non-requeueable deps ti=<TaskInstance: reports_workflow.id_task_send_emails scheduled__2024-07-08T08:25:00+00:00 [queued]>
[2024-07-08T10:22:55.214+0000] {taskinstance.py:1159} INFO - Dependencies all met for dep_context=requeueable deps ti=<TaskInstance: reports_workflow.id_task_send_emails scheduled__2024-07-08T08:25:00+00:00 [queued]>
[2024-07-08T10:22:55.215+0000] {taskinstance.py:1361} INFO - Starting attempt 1 of 2
[2024-07-08T10:22:55.227+0000] {taskinstance.py:1382} INFO - Executing <Task(PythonOperator): id_task_send_emails> on 2024-07-08 08:25:00+00:00
[2024-07-08T10:22:55.233+0000] {standard_task_runner.py:57} INFO - Started process 8220 to run task
[2024-07-08T10:22:55.240+0000] {standard_task_runner.py:84} INFO - Running: ['***', 'tasks', 'run', 'reports_workflow', 'id_task_send_emails', 'scheduled__2024-07-08T08:25:00+00:00', '--job-id', '3859', '--raw', '--subdir', 'DAGS_FOLDER/dag_email_robot.py', '--cfg-path', '/tmp/tmpb53h_tk8']
[2024-07-08T10:22:55.244+0000] {standard_task_runner.py:85} INFO - Job 3859: Subtask id_task_send_emails
[2024-07-08T10:22:55.303+0000] {task_command.py:415} INFO - Running <TaskInstance: reports_workflow.id_task_send_emails scheduled__2024-07-08T08:25:00+00:00 [running]> on host 6f4ef5488251
[2024-07-08T10:22:55.395+0000] {taskinstance.py:1660} INFO - Exporting env vars: AIRFLOW_CTX_DAG_OWNER='FIRDAVS' AIRFLOW_CTX_DAG_ID='reports_workflow' AIRFLOW_CTX_TASK_ID='id_task_send_emails' AIRFLOW_CTX_EXECUTION_DATE='2024-07-08T08:25:00+00:00' AIRFLOW_CTX_TRY_NUMBER='1' AIRFLOW_CTX_DAG_RUN_ID='scheduled__2024-07-08T08:25:00+00:00'
[2024-07-08T10:22:55.396+0000] {logging_mixin.py:151} INFO - path of config file:  /opt/***
[2024-07-08T10:22:55.397+0000] {logging_mixin.py:151} INFO - #>2024-07-08 10:22:55.397448_User@StatDep: EmailRobot in screated.
[2024-07-08T10:22:55.397+0000] {logging_mixin.py:151} INFO - #>2024-07-08 10:22:55.397643_User@StatDep: send_validation_results is started...
[2024-07-08T10:22:55.407+0000] {logging_mixin.py:151} INFO -    #>2024-07-08 10:22:55.407024_conneciton to db is set.
[2024-07-08T10:22:55.409+0000] {logging_mixin.py:151} INFO -    #>2024-07-08 10:22:55.409562_cursor execution is successful.
[2024-07-08T10:22:55.409+0000] {logging_mixin.py:151} INFO -    There is no any new submissions found. The get_validation_results is over.
[2024-07-08T10:22:55.413+0000] {python.py:194} INFO - Done. Returned value was: True
[2024-07-08T10:22:55.449+0000] {taskinstance.py:1400} INFO - Marking task as SUCCESS. dag_id=reports_workflow, task_id=id_task_send_emails, execution_date=20240708T082500, start_date=20240708T102255, end_date=20240708T102255
[2024-07-08T10:22:55.494+0000] {local_task_job_runner.py:228} INFO - Task exited with return code 0
[2024-07-08T10:22:55.578+0000] {taskinstance.py:2784} INFO - 0 downstream tasks scheduled from follow-on schedule check
