[2024-07-04T05:08:09.493+0000] {taskinstance.py:1159} INFO - Dependencies all met for dep_context=non-requeueable deps ti=<TaskInstance: reports_workflow.id_task_get_emails scheduled__2024-07-04T03:55:00+00:00 [queued]>
[2024-07-04T05:08:09.552+0000] {taskinstance.py:1159} INFO - Dependencies all met for dep_context=requeueable deps ti=<TaskInstance: reports_workflow.id_task_get_emails scheduled__2024-07-04T03:55:00+00:00 [queued]>
[2024-07-04T05:08:09.552+0000] {taskinstance.py:1361} INFO - Starting attempt 1 of 2
[2024-07-04T05:08:09.592+0000] {taskinstance.py:1382} INFO - Executing <Task(PythonOperator): id_task_get_emails> on 2024-07-04 03:55:00+00:00
[2024-07-04T05:08:09.600+0000] {standard_task_runner.py:57} INFO - Started process 42171 to run task
[2024-07-04T05:08:09.620+0000] {standard_task_runner.py:84} INFO - Running: ['***', 'tasks', 'run', 'reports_workflow', 'id_task_get_emails', 'scheduled__2024-07-04T03:55:00+00:00', '--job-id', '2380', '--raw', '--subdir', 'DAGS_FOLDER/dag_email_robot.py', '--cfg-path', '/tmp/tmp94mfex6b']
[2024-07-04T05:08:09.621+0000] {standard_task_runner.py:85} INFO - Job 2380: Subtask id_task_get_emails
[2024-07-04T05:08:09.874+0000] {task_command.py:415} INFO - Running <TaskInstance: reports_workflow.id_task_get_emails scheduled__2024-07-04T03:55:00+00:00 [running]> on host 6f4ef5488251
[2024-07-04T05:08:10.219+0000] {taskinstance.py:1660} INFO - Exporting env vars: AIRFLOW_CTX_DAG_OWNER='FIRDAVS' AIRFLOW_CTX_DAG_ID='reports_workflow' AIRFLOW_CTX_TASK_ID='id_task_get_emails' AIRFLOW_CTX_EXECUTION_DATE='2024-07-04T03:55:00+00:00' AIRFLOW_CTX_TRY_NUMBER='1' AIRFLOW_CTX_DAG_RUN_ID='scheduled__2024-07-04T03:55:00+00:00'
[2024-07-04T05:08:10.227+0000] {logging_mixin.py:151} INFO - path of config file:  /opt/***
[2024-07-04T05:08:10.240+0000] {logging_mixin.py:151} INFO - #>2024-07-04 05:08:10.237359_User@StatDep: EmailRobot in screated.
[2024-07-04T05:08:10.240+0000] {logging_mixin.py:151} INFO - #>2024-07-04 05:08:10.240402_User@StatDep: get_for_recent_emails is started...
[2024-07-04T05:08:10.243+0000] {logging_mixin.py:151} INFO - #>2024-07-04 05:08:10.243900_User@StatDep: pop3_fetch_emails isstarted...
[2024-07-04T05:08:10.682+0000] {logging_mixin.py:151} INFO -    b'+OK'
[2024-07-04T05:08:11.014+0000] {logging_mixin.py:151} INFO -    mailbox have 0 emails and the robot can process 10
[2024-07-04T05:08:11.014+0000] {logging_mixin.py:151} INFO - #>2024-07-04 05:08:11.014584_User@StatDep: no emails to process, exiting pop3_fetch_emails()...
[2024-07-04T05:08:11.015+0000] {python.py:194} INFO - Done. Returned value was: True
[2024-07-04T05:08:11.106+0000] {taskinstance.py:1400} INFO - Marking task as SUCCESS. dag_id=reports_workflow, task_id=id_task_get_emails, execution_date=20240704T035500, start_date=20240704T050809, end_date=20240704T050811
[2024-07-04T05:08:11.179+0000] {local_task_job_runner.py:228} INFO - Task exited with return code 0
[2024-07-04T05:08:11.226+0000] {taskinstance.py:2784} INFO - 1 downstream tasks scheduled from follow-on schedule check
[2024-07-04T05:31:37.779+0000] {taskinstance.py:1159} INFO - Dependencies all met for dep_context=non-requeueable deps ti=<TaskInstance: reports_workflow.id_task_get_emails scheduled__2024-07-04T03:55:00+00:00 [queued]>
[2024-07-04T05:31:37.794+0000] {taskinstance.py:1159} INFO - Dependencies all met for dep_context=requeueable deps ti=<TaskInstance: reports_workflow.id_task_get_emails scheduled__2024-07-04T03:55:00+00:00 [queued]>
[2024-07-04T05:31:37.795+0000] {taskinstance.py:1361} INFO - Starting attempt 1 of 2
[2024-07-04T05:31:37.815+0000] {taskinstance.py:1382} INFO - Executing <Task(PythonOperator): id_task_get_emails> on 2024-07-04 03:55:00+00:00
[2024-07-04T05:31:37.830+0000] {standard_task_runner.py:57} INFO - Started process 42624 to run task
[2024-07-04T05:31:37.835+0000] {standard_task_runner.py:84} INFO - Running: ['***', 'tasks', 'run', 'reports_workflow', 'id_task_get_emails', 'scheduled__2024-07-04T03:55:00+00:00', '--job-id', '2428', '--raw', '--subdir', 'DAGS_FOLDER/dag_email_robot.py', '--cfg-path', '/tmp/tmpbpvks6e3']
[2024-07-04T05:31:37.836+0000] {standard_task_runner.py:85} INFO - Job 2428: Subtask id_task_get_emails
[2024-07-04T05:31:37.913+0000] {task_command.py:415} INFO - Running <TaskInstance: reports_workflow.id_task_get_emails scheduled__2024-07-04T03:55:00+00:00 [running]> on host 6f4ef5488251
[2024-07-04T05:31:38.030+0000] {taskinstance.py:1660} INFO - Exporting env vars: AIRFLOW_CTX_DAG_OWNER='FIRDAVS' AIRFLOW_CTX_DAG_ID='reports_workflow' AIRFLOW_CTX_TASK_ID='id_task_get_emails' AIRFLOW_CTX_EXECUTION_DATE='2024-07-04T03:55:00+00:00' AIRFLOW_CTX_TRY_NUMBER='1' AIRFLOW_CTX_DAG_RUN_ID='scheduled__2024-07-04T03:55:00+00:00'
[2024-07-04T05:31:38.031+0000] {logging_mixin.py:151} INFO - path of config file:  /opt/***
[2024-07-04T05:31:38.031+0000] {logging_mixin.py:151} INFO - #>2024-07-04 05:31:38.031798_User@StatDep: EmailRobot in screated.
[2024-07-04T05:31:38.032+0000] {logging_mixin.py:151} INFO - #>2024-07-04 05:31:38.031983_User@StatDep: get_for_recent_emails is started...
[2024-07-04T05:31:38.032+0000] {logging_mixin.py:151} INFO - #>2024-07-04 05:31:38.032110_User@StatDep: pop3_fetch_emails isstarted...
[2024-07-04T05:31:38.438+0000] {logging_mixin.py:151} INFO -    b'+OK'
[2024-07-04T05:31:38.768+0000] {logging_mixin.py:151} INFO -    mailbox have 0 emails and the robot can process 10
[2024-07-04T05:31:38.768+0000] {logging_mixin.py:151} INFO - #>2024-07-04 05:31:38.768494_User@StatDep: no emails to process, exiting pop3_fetch_emails()...
[2024-07-04T05:31:38.768+0000] {python.py:194} INFO - Done. Returned value was: True
[2024-07-04T05:31:38.837+0000] {taskinstance.py:1400} INFO - Marking task as SUCCESS. dag_id=reports_workflow, task_id=id_task_get_emails, execution_date=20240704T035500, start_date=20240704T053137, end_date=20240704T053138
[2024-07-04T05:31:38.903+0000] {local_task_job_runner.py:228} INFO - Task exited with return code 0
[2024-07-04T05:31:38.960+0000] {taskinstance.py:2784} INFO - 1 downstream tasks scheduled from follow-on schedule check
[2024-07-04T05:34:50.661+0000] {taskinstance.py:1159} INFO - Dependencies all met for dep_context=non-requeueable deps ti=<TaskInstance: reports_workflow.id_task_get_emails scheduled__2024-07-04T03:55:00+00:00 [queued]>
[2024-07-04T05:34:50.693+0000] {taskinstance.py:1159} INFO - Dependencies all met for dep_context=requeueable deps ti=<TaskInstance: reports_workflow.id_task_get_emails scheduled__2024-07-04T03:55:00+00:00 [queued]>
[2024-07-04T05:34:50.693+0000] {taskinstance.py:1361} INFO - Starting attempt 1 of 2
[2024-07-04T05:34:50.712+0000] {taskinstance.py:1382} INFO - Executing <Task(PythonOperator): id_task_get_emails> on 2024-07-04 03:55:00+00:00
[2024-07-04T05:34:50.722+0000] {standard_task_runner.py:57} INFO - Started process 42772 to run task
[2024-07-04T05:34:50.726+0000] {standard_task_runner.py:84} INFO - Running: ['***', 'tasks', 'run', 'reports_workflow', 'id_task_get_emails', 'scheduled__2024-07-04T03:55:00+00:00', '--job-id', '2478', '--raw', '--subdir', 'DAGS_FOLDER/dag_email_robot.py', '--cfg-path', '/tmp/tmp6g39p90r']
[2024-07-04T05:34:50.727+0000] {standard_task_runner.py:85} INFO - Job 2478: Subtask id_task_get_emails
[2024-07-04T05:34:50.835+0000] {task_command.py:415} INFO - Running <TaskInstance: reports_workflow.id_task_get_emails scheduled__2024-07-04T03:55:00+00:00 [running]> on host 6f4ef5488251
[2024-07-04T05:34:51.010+0000] {taskinstance.py:1660} INFO - Exporting env vars: AIRFLOW_CTX_DAG_OWNER='FIRDAVS' AIRFLOW_CTX_DAG_ID='reports_workflow' AIRFLOW_CTX_TASK_ID='id_task_get_emails' AIRFLOW_CTX_EXECUTION_DATE='2024-07-04T03:55:00+00:00' AIRFLOW_CTX_TRY_NUMBER='1' AIRFLOW_CTX_DAG_RUN_ID='scheduled__2024-07-04T03:55:00+00:00'
[2024-07-04T05:34:51.011+0000] {logging_mixin.py:151} INFO - path of config file:  /opt/***
[2024-07-04T05:34:51.011+0000] {logging_mixin.py:151} INFO - #>2024-07-04 05:34:51.011561_User@StatDep: EmailRobot in screated.
[2024-07-04T05:34:51.011+0000] {logging_mixin.py:151} INFO - #>2024-07-04 05:34:51.011752_User@StatDep: get_for_recent_emails is started...
[2024-07-04T05:34:51.011+0000] {logging_mixin.py:151} INFO - #>2024-07-04 05:34:51.011884_User@StatDep: pop3_fetch_emails isstarted...
[2024-07-04T05:34:51.400+0000] {logging_mixin.py:151} INFO -    b'+OK'
[2024-07-04T05:34:51.741+0000] {logging_mixin.py:151} INFO -    mailbox have 0 emails and the robot can process 10
[2024-07-04T05:34:51.741+0000] {logging_mixin.py:151} INFO - #>2024-07-04 05:34:51.741492_User@StatDep: no emails to process, exiting pop3_fetch_emails()...
[2024-07-04T05:34:51.741+0000] {python.py:194} INFO - Done. Returned value was: True
[2024-07-04T05:34:51.836+0000] {taskinstance.py:1400} INFO - Marking task as SUCCESS. dag_id=reports_workflow, task_id=id_task_get_emails, execution_date=20240704T035500, start_date=20240704T053450, end_date=20240704T053451
[2024-07-04T05:34:51.929+0000] {local_task_job_runner.py:228} INFO - Task exited with return code 0
[2024-07-04T05:34:51.996+0000] {taskinstance.py:2784} INFO - 1 downstream tasks scheduled from follow-on schedule check
