[2024-07-03T09:58:15.102+0000] {taskinstance.py:1159} INFO - Dependencies all met for dep_context=non-requeueable deps ti=<TaskInstance: reports_workflow.id_task_get_emails scheduled__2024-07-02T16:35:00+00:00 [queued]>
[2024-07-03T09:58:15.121+0000] {taskinstance.py:1159} INFO - Dependencies all met for dep_context=requeueable deps ti=<TaskInstance: reports_workflow.id_task_get_emails scheduled__2024-07-02T16:35:00+00:00 [queued]>
[2024-07-03T09:58:15.121+0000] {taskinstance.py:1361} INFO - Starting attempt 1 of 1
[2024-07-03T09:58:15.181+0000] {taskinstance.py:1382} INFO - Executing <Task(PythonOperator): id_task_get_emails> on 2024-07-02 16:35:00+00:00
[2024-07-03T09:58:15.194+0000] {standard_task_runner.py:57} INFO - Started process 20739 to run task
[2024-07-03T09:58:15.205+0000] {standard_task_runner.py:84} INFO - Running: ['***', 'tasks', 'run', 'reports_workflow', 'id_task_get_emails', 'scheduled__2024-07-02T16:35:00+00:00', '--job-id', '444', '--raw', '--subdir', 'DAGS_FOLDER/dag_email_robot.py', '--cfg-path', '/tmp/tmps3coj9cp']
[2024-07-03T09:58:15.207+0000] {standard_task_runner.py:85} INFO - Job 444: Subtask id_task_get_emails
[2024-07-03T09:58:15.270+0000] {task_command.py:415} INFO - Running <TaskInstance: reports_workflow.id_task_get_emails scheduled__2024-07-02T16:35:00+00:00 [running]> on host 6f4ef5488251
[2024-07-03T09:58:15.386+0000] {taskinstance.py:1660} INFO - Exporting env vars: AIRFLOW_CTX_DAG_OWNER='FIRDAVS' AIRFLOW_CTX_DAG_ID='reports_workflow' AIRFLOW_CTX_TASK_ID='id_task_get_emails' AIRFLOW_CTX_EXECUTION_DATE='2024-07-02T16:35:00+00:00' AIRFLOW_CTX_TRY_NUMBER='1' AIRFLOW_CTX_DAG_RUN_ID='scheduled__2024-07-02T16:35:00+00:00'
[2024-07-03T09:58:15.387+0000] {logging_mixin.py:151} INFO - path of config file:  /opt/***
[2024-07-03T09:58:15.388+0000] {logging_mixin.py:151} INFO - #>2024-07-03 09:58:15.388727_User@StatDep: EmailRobot in screated.
[2024-07-03T09:58:15.389+0000] {logging_mixin.py:151} INFO - #>2024-07-03 09:58:15.389068_User@StatDep: get_for_recent_emails is started...
[2024-07-03T09:58:15.389+0000] {logging_mixin.py:151} INFO - #>2024-07-03 09:58:15.389355_User@StatDep: pop3_fetch_emails isstarted...
[2024-07-03T09:58:15.786+0000] {logging_mixin.py:151} INFO -    b'+OK'
[2024-07-03T09:58:16.168+0000] {logging_mixin.py:151} INFO -    mailbox have 0 emails and the robot can process 10
[2024-07-03T09:58:16.169+0000] {logging_mixin.py:151} INFO - #>2024-07-03 09:58:16.169261_User@StatDep: no emails to process, exiting pop3_fetch_emails()...
[2024-07-03T09:58:16.169+0000] {python.py:194} INFO - Done. Returned value was: True
[2024-07-03T09:58:16.201+0000] {taskinstance.py:1400} INFO - Marking task as SUCCESS. dag_id=reports_workflow, task_id=id_task_get_emails, execution_date=20240702T163500, start_date=20240703T095815, end_date=20240703T095816
[2024-07-03T09:58:16.231+0000] {local_task_job_runner.py:228} INFO - Task exited with return code 0
[2024-07-03T09:58:16.247+0000] {taskinstance.py:2784} INFO - 0 downstream tasks scheduled from follow-on schedule check
[2024-07-03T12:05:40.964+0000] {taskinstance.py:1159} INFO - Dependencies all met for dep_context=non-requeueable deps ti=<TaskInstance: reports_workflow.id_task_get_emails scheduled__2024-07-02T16:35:00+00:00 [queued]>
[2024-07-03T12:05:40.982+0000] {taskinstance.py:1159} INFO - Dependencies all met for dep_context=requeueable deps ti=<TaskInstance: reports_workflow.id_task_get_emails scheduled__2024-07-02T16:35:00+00:00 [queued]>
[2024-07-03T12:05:40.982+0000] {taskinstance.py:1361} INFO - Starting attempt 1 of 1
[2024-07-03T12:05:41.004+0000] {taskinstance.py:1382} INFO - Executing <Task(PythonOperator): id_task_get_emails> on 2024-07-02 16:35:00+00:00
[2024-07-03T12:05:41.009+0000] {standard_task_runner.py:57} INFO - Started process 23558 to run task
[2024-07-03T12:05:41.018+0000] {standard_task_runner.py:84} INFO - Running: ['***', 'tasks', 'run', 'reports_workflow', 'id_task_get_emails', 'scheduled__2024-07-02T16:35:00+00:00', '--job-id', '885', '--raw', '--subdir', 'DAGS_FOLDER/dag_email_robot.py', '--cfg-path', '/tmp/tmpbxwhsd1z']
[2024-07-03T12:05:41.019+0000] {standard_task_runner.py:85} INFO - Job 885: Subtask id_task_get_emails
[2024-07-03T12:05:41.102+0000] {task_command.py:415} INFO - Running <TaskInstance: reports_workflow.id_task_get_emails scheduled__2024-07-02T16:35:00+00:00 [running]> on host 6f4ef5488251
[2024-07-03T12:05:41.271+0000] {taskinstance.py:1660} INFO - Exporting env vars: AIRFLOW_CTX_DAG_OWNER='FIRDAVS' AIRFLOW_CTX_DAG_ID='reports_workflow' AIRFLOW_CTX_TASK_ID='id_task_get_emails' AIRFLOW_CTX_EXECUTION_DATE='2024-07-02T16:35:00+00:00' AIRFLOW_CTX_TRY_NUMBER='1' AIRFLOW_CTX_DAG_RUN_ID='scheduled__2024-07-02T16:35:00+00:00'
[2024-07-03T12:05:41.272+0000] {logging_mixin.py:151} INFO - path of config file:  /opt/***
[2024-07-03T12:05:41.273+0000] {logging_mixin.py:151} INFO - #>2024-07-03 12:05:41.273548_User@StatDep: EmailRobot in screated.
[2024-07-03T12:05:41.273+0000] {logging_mixin.py:151} INFO - #>2024-07-03 12:05:41.273890_User@StatDep: get_for_recent_emails is started...
[2024-07-03T12:05:41.274+0000] {logging_mixin.py:151} INFO - #>2024-07-03 12:05:41.274189_User@StatDep: pop3_fetch_emails isstarted...
[2024-07-03T12:05:41.646+0000] {logging_mixin.py:151} INFO -    b'+OK'
[2024-07-03T12:05:42.063+0000] {logging_mixin.py:151} INFO -    mailbox have 1 emails and the robot can process 10
[2024-07-03T12:05:42.459+0000] {logging_mixin.py:151} INFO -    #>2024-07-03 12:05:42.459499_conneciton to db is set.
[2024-07-03T12:05:42.474+0000] {taskinstance.py:1943} ERROR - Task failed with exception
Traceback (most recent call last):
  File "/home/airflow/.local/lib/python3.8/site-packages/airflow/operators/python.py", line 192, in execute
    return_value = self.execute_callable()
  File "/home/airflow/.local/lib/python3.8/site-packages/airflow/operators/python.py", line 209, in execute_callable
    return self.python_callable(*self.op_args, **self.op_kwargs)
  File "/opt/airflow/dags/dag_email_robot.py", line 25, in get_emails
    robot.fetch_emails()
  File "/opt/airflow/dags/emailRobot.py", line 62, in fetch_emails
    return self.pop3_fetch_emails()
  File "/opt/airflow/dags/emailRobot.py", line 156, in pop3_fetch_emails
    cursor.execute (query, insert_values)
psycopg2.errors.UndefinedTable: relation "sma_stat_dep.tbl_file_upload" does not exist
LINE 1: ...) AS (INSERT INTO                                 sma_stat_d...
                                                             ^

[2024-07-03T12:05:42.498+0000] {taskinstance.py:1400} INFO - Marking task as FAILED. dag_id=reports_workflow, task_id=id_task_get_emails, execution_date=20240702T163500, start_date=20240703T120540, end_date=20240703T120542
[2024-07-03T12:05:42.516+0000] {standard_task_runner.py:104} ERROR - Failed to execute job 885 for task id_task_get_emails (relation "sma_stat_dep.tbl_file_upload" does not exist
LINE 1: ...) AS (INSERT INTO                                 sma_stat_d...
                                                             ^
; 23558)
[2024-07-03T12:05:42.530+0000] {local_task_job_runner.py:228} INFO - Task exited with return code 1
[2024-07-03T12:05:42.568+0000] {taskinstance.py:2784} INFO - 0 downstream tasks scheduled from follow-on schedule check
[2024-07-03T12:27:58.117+0000] {taskinstance.py:1159} INFO - Dependencies all met for dep_context=non-requeueable deps ti=<TaskInstance: reports_workflow.id_task_get_emails scheduled__2024-07-02T16:35:00+00:00 [queued]>
[2024-07-03T12:27:58.155+0000] {taskinstance.py:1159} INFO - Dependencies all met for dep_context=requeueable deps ti=<TaskInstance: reports_workflow.id_task_get_emails scheduled__2024-07-02T16:35:00+00:00 [queued]>
[2024-07-03T12:27:58.155+0000] {taskinstance.py:1361} INFO - Starting attempt 1 of 1
[2024-07-03T12:27:58.223+0000] {taskinstance.py:1382} INFO - Executing <Task(PythonOperator): id_task_get_emails> on 2024-07-02 16:35:00+00:00
[2024-07-03T12:27:58.233+0000] {standard_task_runner.py:57} INFO - Started process 24672 to run task
[2024-07-03T12:27:58.270+0000] {standard_task_runner.py:84} INFO - Running: ['***', 'tasks', 'run', 'reports_workflow', 'id_task_get_emails', 'scheduled__2024-07-02T16:35:00+00:00', '--job-id', '1275', '--raw', '--subdir', 'DAGS_FOLDER/dag_email_robot.py', '--cfg-path', '/tmp/tmpsb7q4n1f']
[2024-07-03T12:27:58.279+0000] {standard_task_runner.py:85} INFO - Job 1275: Subtask id_task_get_emails
[2024-07-03T12:27:58.450+0000] {task_command.py:415} INFO - Running <TaskInstance: reports_workflow.id_task_get_emails scheduled__2024-07-02T16:35:00+00:00 [running]> on host 6f4ef5488251
[2024-07-03T12:27:58.744+0000] {taskinstance.py:1660} INFO - Exporting env vars: AIRFLOW_CTX_DAG_OWNER='FIRDAVS' AIRFLOW_CTX_DAG_ID='reports_workflow' AIRFLOW_CTX_TASK_ID='id_task_get_emails' AIRFLOW_CTX_EXECUTION_DATE='2024-07-02T16:35:00+00:00' AIRFLOW_CTX_TRY_NUMBER='1' AIRFLOW_CTX_DAG_RUN_ID='scheduled__2024-07-02T16:35:00+00:00'
[2024-07-03T12:27:58.753+0000] {logging_mixin.py:151} INFO - path of config file:  /opt/***
[2024-07-03T12:27:58.754+0000] {logging_mixin.py:151} INFO - #>2024-07-03 12:27:58.754664_User@StatDep: EmailRobot in screated.
[2024-07-03T12:27:58.757+0000] {logging_mixin.py:151} INFO - #>2024-07-03 12:27:58.757061_User@StatDep: get_for_recent_emails is started...
[2024-07-03T12:27:58.757+0000] {logging_mixin.py:151} INFO - #>2024-07-03 12:27:58.757436_User@StatDep: pop3_fetch_emails isstarted...
[2024-07-03T12:27:59.191+0000] {logging_mixin.py:151} INFO -    b'+OK'
[2024-07-03T12:27:59.603+0000] {logging_mixin.py:151} INFO -    mailbox have 0 emails and the robot can process 10
[2024-07-03T12:27:59.603+0000] {logging_mixin.py:151} INFO - #>2024-07-03 12:27:59.603667_User@StatDep: no emails to process, exiting pop3_fetch_emails()...
[2024-07-03T12:27:59.604+0000] {python.py:194} INFO - Done. Returned value was: True
[2024-07-03T12:27:59.634+0000] {taskinstance.py:1400} INFO - Marking task as SUCCESS. dag_id=reports_workflow, task_id=id_task_get_emails, execution_date=20240702T163500, start_date=20240703T122758, end_date=20240703T122759
[2024-07-03T12:27:59.695+0000] {local_task_job_runner.py:228} INFO - Task exited with return code 0
[2024-07-03T12:27:59.722+0000] {taskinstance.py:2784} INFO - 1 downstream tasks scheduled from follow-on schedule check
