[2024-07-09T09:35:20.397+0000] {taskinstance.py:1159} INFO - Dependencies all met for dep_context=non-requeueable deps ti=<TaskInstance: reports_workflow.id_task_get_emails manual__2024-07-09T09:35:18.731814+00:00 [queued]>
[2024-07-09T09:35:20.404+0000] {taskinstance.py:1159} INFO - Dependencies all met for dep_context=requeueable deps ti=<TaskInstance: reports_workflow.id_task_get_emails manual__2024-07-09T09:35:18.731814+00:00 [queued]>
[2024-07-09T09:35:20.405+0000] {taskinstance.py:1361} INFO - Starting attempt 1 of 2
[2024-07-09T09:35:20.417+0000] {taskinstance.py:1382} INFO - Executing <Task(PythonOperator): id_task_get_emails> on 2024-07-09 09:35:18.731814+00:00
[2024-07-09T09:35:20.422+0000] {standard_task_runner.py:57} INFO - Started process 30739 to run task
[2024-07-09T09:35:20.429+0000] {standard_task_runner.py:84} INFO - Running: ['***', 'tasks', 'run', 'reports_workflow', 'id_task_get_emails', 'manual__2024-07-09T09:35:18.731814+00:00', '--job-id', '4248', '--raw', '--subdir', 'DAGS_FOLDER/dag_email_robot.py', '--cfg-path', '/tmp/tmpcwvdg8ja']
[2024-07-09T09:35:20.433+0000] {standard_task_runner.py:85} INFO - Job 4248: Subtask id_task_get_emails
[2024-07-09T09:35:20.491+0000] {task_command.py:415} INFO - Running <TaskInstance: reports_workflow.id_task_get_emails manual__2024-07-09T09:35:18.731814+00:00 [running]> on host 6f4ef5488251
[2024-07-09T09:35:20.564+0000] {taskinstance.py:1660} INFO - Exporting env vars: AIRFLOW_CTX_DAG_OWNER='FIRDAVS' AIRFLOW_CTX_DAG_ID='reports_workflow' AIRFLOW_CTX_TASK_ID='id_task_get_emails' AIRFLOW_CTX_EXECUTION_DATE='2024-07-09T09:35:18.731814+00:00' AIRFLOW_CTX_TRY_NUMBER='1' AIRFLOW_CTX_DAG_RUN_ID='manual__2024-07-09T09:35:18.731814+00:00'
[2024-07-09T09:35:20.566+0000] {logging_mixin.py:151} INFO - path of config file:  /opt/***
[2024-07-09T09:35:20.567+0000] {logging_mixin.py:151} INFO - #>2024-07-09 09:35:20.567885_User@StatDep: EmailRobot in screated.
[2024-07-09T09:35:20.568+0000] {logging_mixin.py:151} INFO - #>2024-07-09 09:35:20.568089_User@StatDep: get_for_recent_emails is started...
[2024-07-09T09:35:20.568+0000] {logging_mixin.py:151} INFO - #>2024-07-09 09:35:20.568208_User@StatDep: pop3_fetch_emails isstarted...
[2024-07-09T09:35:20.970+0000] {logging_mixin.py:151} INFO -    b'+OK'
[2024-07-09T09:35:21.315+0000] {logging_mixin.py:151} INFO -    mailbox have 0 emails and the robot can process 10
[2024-07-09T09:35:21.316+0000] {logging_mixin.py:151} INFO - #>2024-07-09 09:35:21.316434_User@StatDep: no emails to process, exiting pop3_fetch_emails()...
[2024-07-09T09:35:21.317+0000] {python.py:194} INFO - Done. Returned value was: True
[2024-07-09T09:35:21.356+0000] {taskinstance.py:1400} INFO - Marking task as SUCCESS. dag_id=reports_workflow, task_id=id_task_get_emails, execution_date=20240709T093518, start_date=20240709T093520, end_date=20240709T093521
[2024-07-09T09:35:21.400+0000] {local_task_job_runner.py:228} INFO - Task exited with return code 0
[2024-07-09T09:35:21.435+0000] {taskinstance.py:2784} INFO - 1 downstream tasks scheduled from follow-on schedule check
