[2024-07-25T03:32:18.662+0000] {taskinstance.py:1159} INFO - Dependencies all met for dep_context=non-requeueable deps ti=<TaskInstance: reports_workflow.id_task_send_emails scheduled__2024-07-25T03:20:00+00:00 [queued]>
[2024-07-25T03:32:18.682+0000] {taskinstance.py:1159} INFO - Dependencies all met for dep_context=requeueable deps ti=<TaskInstance: reports_workflow.id_task_send_emails scheduled__2024-07-25T03:20:00+00:00 [queued]>
[2024-07-25T03:32:18.682+0000] {taskinstance.py:1361} INFO - Starting attempt 1 of 2
[2024-07-25T03:32:18.701+0000] {taskinstance.py:1382} INFO - Executing <Task(PythonOperator): id_task_send_emails> on 2024-07-25 03:20:00+00:00
[2024-07-25T03:32:18.706+0000] {standard_task_runner.py:57} INFO - Started process 125170 to run task
[2024-07-25T03:32:18.712+0000] {standard_task_runner.py:84} INFO - Running: ['***', 'tasks', 'run', 'reports_workflow', 'id_task_send_emails', 'scheduled__2024-07-25T03:20:00+00:00', '--job-id', '8012', '--raw', '--subdir', 'DAGS_FOLDER/dag_email_robot.py', '--cfg-path', '/tmp/tmpne1kqygs']
[2024-07-25T03:32:18.717+0000] {standard_task_runner.py:85} INFO - Job 8012: Subtask id_task_send_emails
[2024-07-25T03:32:19.123+0000] {task_command.py:415} INFO - Running <TaskInstance: reports_workflow.id_task_send_emails scheduled__2024-07-25T03:20:00+00:00 [running]> on host 6f4ef5488251
[2024-07-25T03:32:19.366+0000] {taskinstance.py:1660} INFO - Exporting env vars: AIRFLOW_CTX_DAG_OWNER='FIRDAVS' AIRFLOW_CTX_DAG_ID='reports_workflow' AIRFLOW_CTX_TASK_ID='id_task_send_emails' AIRFLOW_CTX_EXECUTION_DATE='2024-07-25T03:20:00+00:00' AIRFLOW_CTX_TRY_NUMBER='1' AIRFLOW_CTX_DAG_RUN_ID='scheduled__2024-07-25T03:20:00+00:00'
[2024-07-25T03:32:19.368+0000] {logging_mixin.py:151} INFO - path of config file:  /opt/***
[2024-07-25T03:32:19.369+0000] {logging_mixin.py:151} INFO - #>2024-07-25 03:32:19.369638_User@StatDep: EmailRobot in screated.
[2024-07-25T03:32:19.370+0000] {logging_mixin.py:151} INFO - #>2024-07-25 03:32:19.370158_User@StatDep: send_validation_results is started...
[2024-07-25T03:32:19.385+0000] {logging_mixin.py:151} INFO -    #>2024-07-25 03:32:19.385187_conneciton to db is set.
[2024-07-25T03:32:19.388+0000] {logging_mixin.py:151} INFO -    #>2024-07-25 03:32:19.388874_cursor execution is successful.
[2024-07-25T03:32:19.389+0000] {logging_mixin.py:151} INFO -    extracted information for about report sumbissions found...
[2024-07-25T03:32:19.391+0000] {logging_mixin.py:151} INFO - #>2024-07-25 03:32:19.391883_User@StatDep: email object ready to be sent:
[2024-07-25T03:32:19.883+0000] {logging_mixin.py:151} WARNING - send: 'ehlo [172.20.0.6]\r\n'
[2024-07-25T03:32:19.948+0000] {logging_mixin.py:151} WARNING - reply: b'250-smtp31.i.mail.ru\r\n'
[2024-07-25T03:32:19.950+0000] {logging_mixin.py:151} WARNING - reply: b'250-SIZE 73400320\r\n'
[2024-07-25T03:32:19.951+0000] {logging_mixin.py:151} WARNING - reply: b'250-8BITMIME\r\n'
[2024-07-25T03:32:19.952+0000] {logging_mixin.py:151} WARNING - reply: b'250-PIPELINING\r\n'
[2024-07-25T03:32:19.952+0000] {logging_mixin.py:151} WARNING - reply: b'250-DSN\r\n'
[2024-07-25T03:32:19.953+0000] {logging_mixin.py:151} WARNING - reply: b'250-SMTPUTF8\r\n'
[2024-07-25T03:32:19.954+0000] {logging_mixin.py:151} WARNING - reply: b'250 AUTH PLAIN LOGIN XOAUTH2\r\n'
[2024-07-25T03:32:19.955+0000] {logging_mixin.py:151} WARNING - reply: retcode (250); Msg: b'smtp31.i.mail.ru\nSIZE 73400320\n8BITMIME\nPIPELINING\nDSN\nSMTPUTF8\nAUTH PLAIN LOGIN XOAUTH2'
[2024-07-25T03:32:19.956+0000] {logging_mixin.py:151} WARNING - send: 'AUTH PLAIN AGtoYWxpbXpvZEBsaXN0LnJ1AEdSWFFSakMyYms0cVpIQjI2VXFk\r\n'
[2024-07-25T03:32:20.130+0000] {logging_mixin.py:151} WARNING - reply: b'235 Authentication succeeded\r\n'
[2024-07-25T03:32:20.131+0000] {logging_mixin.py:151} WARNING - reply: retcode (235); Msg: b'Authentication succeeded'
[2024-07-25T03:32:20.135+0000] {logging_mixin.py:151} WARNING - send: 'mail FROM:<khalimzod@list.ru> size=1515\r\n'
[2024-07-25T03:32:20.204+0000] {logging_mixin.py:151} WARNING - reply: b'250 OK\r\n'
[2024-07-25T03:32:20.205+0000] {logging_mixin.py:151} WARNING - reply: retcode (250); Msg: b'OK'
[2024-07-25T03:32:20.205+0000] {logging_mixin.py:151} WARNING - send: 'rcpt TO:<3d_0001@mail.ru>\r\n'
[2024-07-25T03:32:20.271+0000] {logging_mixin.py:151} WARNING - reply: b'250 Accepted\r\n'
[2024-07-25T03:32:20.272+0000] {logging_mixin.py:151} WARNING - reply: retcode (250); Msg: b'Accepted'
[2024-07-25T03:32:20.272+0000] {logging_mixin.py:151} WARNING - send: 'data\r\n'
[2024-07-25T03:32:20.337+0000] {logging_mixin.py:151} WARNING - reply: b'354 Enter message, ending with "." on a line by itself\r\n'
[2024-07-25T03:32:20.338+0000] {logging_mixin.py:151} WARNING - reply: retcode (354); Msg: b'Enter message, ending with "." on a line by itself'
[2024-07-25T03:32:20.338+0000] {logging_mixin.py:151} WARNING - data: (354, b'Enter message, ending with "." on a line by itself')
[2024-07-25T03:32:20.339+0000] {logging_mixin.py:151} WARNING - send: b'Content-Type: multipart/mixed; boundary="===============7911258936324243894=="\r\nMIME-Version: 1.0\r\nSubject: =?utf-8?b?b21vckBuYnQudGo6INGE0LDQudC7ICIxSEsudjAuMTYyNi4zMTAxMjAyNC54bHN4Iiwg0LfQsNCz0YDRg9C20LXQvdC90YvQtSDQsiAyMDI0LTA3LTIzIDEzOjAxOjAxKzAwOjAwLCDQn9Cg0JjQndCv0KIg0KPQodCf0JXQqNCd0J4=?=\r\nFrom: khalimzod@list.ru\r\nTo: <3d_0001@mail.ru>\r\n\r\n--===============7911258936324243894==\r\nContent-Type: text/plain; charset="utf-8"\r\nMIME-Version: 1.0\r\nContent-Transfer-Encoding: base64\r\n\r\n0JfQtNGA0LDQstGB0YLQstGD0LnRgtC1LCAKINGE0LDQudC7IDFISy52MC4xNjI2LjMxMDEyMDI0\r\nLnhsc3gsINC30LDQs9GA0YPQttC10L3QvdGL0Lkg0LIgMjAyNC0wNy0yMyAxMzowMTowMSswMDow\r\nMCwg0LHRi9C7INGD0YHQv9C10YjQvdC+INC/0YDQvtCy0LXRgNC10L0g0Lgg0L/RgNC40L3Rj9GC\r\nINGB0LjRgdGC0LXQvNC+0Lkg0LDQstGC0L7QvNCw0YLQuNGH0LXRgdC60L7QuSDQvtCx0YDQsNCx\r\n0L7RgtC60LguCiBDINGD0LLQsNC20LXQvdC40LXQvCwgCiDQlNC10L/QsNGA0YLQsNC80LXQvdGC\r\nINGB0YLQsNGC0LjRgdGC0LjQutC4INC4INC/0LvQsNGC0LXQttC90L7Qs9C+INCx0LDQu9Cw0L3R\r\ngdCw\r\n\r\n--===============7911258936324243894==\r\nMIME-Version: 1.0\r\nContent-Type: application/text/csv; charset="utf-8"\r\nContent-Transfer-Encoding: base64\r\nContent-Transfer-Encoding: base64\r\ncontent-disposition: attachment; filename="1HK.v0.1626.31012024.xlsx_protocol.txt"\r\n\r\n0JTQsNGC0LAg0Lgg0LLRgNC10LzRjyDQv9C+0LvRg9GH0LXQvdC40Y8g0YTQsNC50LvQsCAtLS0t\r\nLS0tLS0tLS0tLS0tLS0tLSAyMDI0LTA3LTI1IDA4OjMyOjAyCgogCgog0LrQvtC70LjRh9C10YHR\r\ngtCy0L4g0L3QsNC50LTQtdC90L3Ri9GFINC+0YjQuNCx0L7QuiAtLS0tLS0tLS0tLS0tLS0tLS0t\r\nLTA=\r\n\r\n--===============7911258936324243894==--\r\n.\r\n'
[2024-07-25T03:32:20.947+0000] {logging_mixin.py:151} WARNING - reply: b'250 OK id=1sWpDI-00000000HR1-1Hln\r\n'
[2024-07-25T03:32:20.947+0000] {logging_mixin.py:151} WARNING - reply: retcode (250); Msg: b'OK id=1sWpDI-00000000HR1-1Hln'
[2024-07-25T03:32:20.948+0000] {logging_mixin.py:151} WARNING - data: (250, b'OK id=1sWpDI-00000000HR1-1Hln')
[2024-07-25T03:32:20.948+0000] {logging_mixin.py:151} INFO - #>2024-07-25 03:32:20.948304_User@StatDep: email successfuly sent
[2024-07-25T03:32:20.948+0000] {logging_mixin.py:151} WARNING - send: 'QUIT\r\n'
[2024-07-25T03:32:21.216+0000] {logging_mixin.py:151} WARNING - reply: b'221 smtp31.i.mail.ru closing connection\r\n'
[2024-07-25T03:32:21.217+0000] {logging_mixin.py:151} WARNING - reply: retcode (221); Msg: b'smtp31.i.mail.ru closing connection'
[2024-07-25T03:32:21.218+0000] {logging_mixin.py:151} INFO -    finilizing processing for the reserved file uploads...
[2024-07-25T03:32:21.220+0000] {python.py:194} INFO - Done. Returned value was: True
[2024-07-25T03:32:21.254+0000] {taskinstance.py:1400} INFO - Marking task as SUCCESS. dag_id=reports_workflow, task_id=id_task_send_emails, execution_date=20240725T032000, start_date=20240725T033218, end_date=20240725T033221
[2024-07-25T03:32:21.290+0000] {local_task_job_runner.py:228} INFO - Task exited with return code 0
[2024-07-25T03:32:21.317+0000] {taskinstance.py:2784} INFO - 0 downstream tasks scheduled from follow-on schedule check
