[2024-08-01T03:40:02.103+0000] {taskinstance.py:1159} INFO - Dependencies all met for dep_context=non-requeueable deps ti=<TaskInstance: reports_workflow.id_task_get_emails scheduled__2024-08-01T03:35:00+00:00 [queued]>
[2024-08-01T03:40:02.113+0000] {taskinstance.py:1159} INFO - Dependencies all met for dep_context=requeueable deps ti=<TaskInstance: reports_workflow.id_task_get_emails scheduled__2024-08-01T03:35:00+00:00 [queued]>
[2024-08-01T03:40:02.114+0000] {taskinstance.py:1361} INFO - Starting attempt 1 of 2
[2024-08-01T03:40:02.131+0000] {taskinstance.py:1382} INFO - Executing <Task(PythonOperator): id_task_get_emails> on 2024-08-01 03:35:00+00:00
[2024-08-01T03:40:02.138+0000] {standard_task_runner.py:57} INFO - Started process 39225 to run task
[2024-08-01T03:40:02.142+0000] {standard_task_runner.py:84} INFO - Running: ['***', 'tasks', 'run', 'reports_workflow', 'id_task_get_emails', 'scheduled__2024-08-01T03:35:00+00:00', '--job-id', '1174', '--raw', '--subdir', 'DAGS_FOLDER/dag_stat_report.py', '--cfg-path', '/tmp/tmpxmr4xogv']
[2024-08-01T03:40:02.146+0000] {standard_task_runner.py:85} INFO - Job 1174: Subtask id_task_get_emails
[2024-08-01T03:40:02.239+0000] {task_command.py:415} INFO - Running <TaskInstance: reports_workflow.id_task_get_emails scheduled__2024-08-01T03:35:00+00:00 [running]> on host 6bb718ab9b8f
[2024-08-01T03:40:02.366+0000] {taskinstance.py:1660} INFO - Exporting env vars: AIRFLOW_CTX_DAG_OWNER='FIRDAVS' AIRFLOW_CTX_DAG_ID='reports_workflow' AIRFLOW_CTX_TASK_ID='id_task_get_emails' AIRFLOW_CTX_EXECUTION_DATE='2024-08-01T03:35:00+00:00' AIRFLOW_CTX_TRY_NUMBER='1' AIRFLOW_CTX_DAG_RUN_ID='scheduled__2024-08-01T03:35:00+00:00'
[2024-08-01T03:40:02.367+0000] {logging_mixin.py:151} INFO - path of config file:  /opt/***
[2024-08-01T03:40:02.368+0000] {logging_mixin.py:151} INFO - #>2024-08-01 03:40:02.368096_User@StatDep: EmailRobot in screated.
[2024-08-01T03:40:02.368+0000] {logging_mixin.py:151} INFO - #>2024-08-01 03:40:02.368291_User@StatDep: get_for_recent_emails is started...
[2024-08-01T03:40:02.368+0000] {logging_mixin.py:151} INFO - #>2024-08-01 03:40:02.368695_User@StatDep: pop3_fetch_emails isstarted...
[2024-08-01T03:40:02.830+0000] {logging_mixin.py:151} INFO -    b'+OK'
[2024-08-01T03:40:03.245+0000] {logging_mixin.py:151} INFO -    mailbox have 0 emails and the robot can process 10
[2024-08-01T03:40:03.245+0000] {logging_mixin.py:151} INFO - #>2024-08-01 03:40:03.245553_User@StatDep: no emails to process, exiting pop3_fetch_emails()...
[2024-08-01T03:40:03.246+0000] {python.py:194} INFO - Done. Returned value was: True
[2024-08-01T03:40:03.276+0000] {taskinstance.py:1400} INFO - Marking task as SUCCESS. dag_id=reports_workflow, task_id=id_task_get_emails, execution_date=20240801T033500, start_date=20240801T034002, end_date=20240801T034003
[2024-08-01T03:40:03.322+0000] {local_task_job_runner.py:228} INFO - Task exited with return code 0
[2024-08-01T03:40:03.360+0000] {taskinstance.py:2784} INFO - 1 downstream tasks scheduled from follow-on schedule check
