[2024-07-03T09:57:59.250+0000] {taskinstance.py:1159} INFO - Dependencies all met for dep_context=non-requeueable deps ti=<TaskInstance: reports_workflow.id_task_get_emails scheduled__2024-07-02T13:55:00+00:00 [queued]>
[2024-07-03T09:57:59.258+0000] {taskinstance.py:1159} INFO - Dependencies all met for dep_context=requeueable deps ti=<TaskInstance: reports_workflow.id_task_get_emails scheduled__2024-07-02T13:55:00+00:00 [queued]>
[2024-07-03T09:57:59.258+0000] {taskinstance.py:1361} INFO - Starting attempt 1 of 1
[2024-07-03T09:57:59.272+0000] {taskinstance.py:1382} INFO - Executing <Task(PythonOperator): id_task_get_emails> on 2024-07-02 13:55:00+00:00
[2024-07-03T09:57:59.277+0000] {standard_task_runner.py:57} INFO - Started process 20672 to run task
[2024-07-03T09:57:59.280+0000] {standard_task_runner.py:84} INFO - Running: ['***', 'tasks', 'run', 'reports_workflow', 'id_task_get_emails', 'scheduled__2024-07-02T13:55:00+00:00', '--job-id', '412', '--raw', '--subdir', 'DAGS_FOLDER/dag_email_robot.py', '--cfg-path', '/tmp/tmpozpkin9m']
[2024-07-03T09:57:59.282+0000] {standard_task_runner.py:85} INFO - Job 412: Subtask id_task_get_emails
[2024-07-03T09:57:59.340+0000] {task_command.py:415} INFO - Running <TaskInstance: reports_workflow.id_task_get_emails scheduled__2024-07-02T13:55:00+00:00 [running]> on host 6f4ef5488251
[2024-07-03T09:57:59.427+0000] {taskinstance.py:1660} INFO - Exporting env vars: AIRFLOW_CTX_DAG_OWNER='FIRDAVS' AIRFLOW_CTX_DAG_ID='reports_workflow' AIRFLOW_CTX_TASK_ID='id_task_get_emails' AIRFLOW_CTX_EXECUTION_DATE='2024-07-02T13:55:00+00:00' AIRFLOW_CTX_TRY_NUMBER='1' AIRFLOW_CTX_DAG_RUN_ID='scheduled__2024-07-02T13:55:00+00:00'
[2024-07-03T09:57:59.428+0000] {logging_mixin.py:151} INFO - path of config file:  /opt/***
[2024-07-03T09:57:59.429+0000] {taskinstance.py:1943} ERROR - Task failed with exception
Traceback (most recent call last):
  File "/home/airflow/.local/lib/python3.8/site-packages/airflow/operators/python.py", line 192, in execute
    return_value = self.execute_callable()
  File "/home/airflow/.local/lib/python3.8/site-packages/airflow/operators/python.py", line 209, in execute_callable
    return self.python_callable(*self.op_args, **self.op_kwargs)
  File "/opt/airflow/dags/dag_email_robot.py", line 22, in get_emails
    email_conf = json.load (open(path / ("config/email_conf.json")))
NameError: name 'json' is not defined
[2024-07-03T09:57:59.441+0000] {taskinstance.py:1400} INFO - Marking task as FAILED. dag_id=reports_workflow, task_id=id_task_get_emails, execution_date=20240702T135500, start_date=20240703T095759, end_date=20240703T095759
[2024-07-03T09:57:59.455+0000] {standard_task_runner.py:104} ERROR - Failed to execute job 412 for task id_task_get_emails (name 'json' is not defined; 20672)
[2024-07-03T09:57:59.492+0000] {local_task_job_runner.py:228} INFO - Task exited with return code 1
[2024-07-03T09:57:59.526+0000] {taskinstance.py:2784} INFO - 0 downstream tasks scheduled from follow-on schedule check
[2024-07-03T12:05:27.556+0000] {taskinstance.py:1159} INFO - Dependencies all met for dep_context=non-requeueable deps ti=<TaskInstance: reports_workflow.id_task_get_emails scheduled__2024-07-02T13:55:00+00:00 [queued]>
[2024-07-03T12:05:27.582+0000] {taskinstance.py:1159} INFO - Dependencies all met for dep_context=requeueable deps ti=<TaskInstance: reports_workflow.id_task_get_emails scheduled__2024-07-02T13:55:00+00:00 [queued]>
[2024-07-03T12:05:27.583+0000] {taskinstance.py:1361} INFO - Starting attempt 1 of 1
[2024-07-03T12:05:27.630+0000] {taskinstance.py:1382} INFO - Executing <Task(PythonOperator): id_task_get_emails> on 2024-07-02 13:55:00+00:00
[2024-07-03T12:05:27.644+0000] {standard_task_runner.py:57} INFO - Started process 23495 to run task
[2024-07-03T12:05:27.655+0000] {standard_task_runner.py:84} INFO - Running: ['***', 'tasks', 'run', 'reports_workflow', 'id_task_get_emails', 'scheduled__2024-07-02T13:55:00+00:00', '--job-id', '853', '--raw', '--subdir', 'DAGS_FOLDER/dag_email_robot.py', '--cfg-path', '/tmp/tmpfah47bsp']
[2024-07-03T12:05:27.656+0000] {standard_task_runner.py:85} INFO - Job 853: Subtask id_task_get_emails
[2024-07-03T12:05:27.788+0000] {task_command.py:415} INFO - Running <TaskInstance: reports_workflow.id_task_get_emails scheduled__2024-07-02T13:55:00+00:00 [running]> on host 6f4ef5488251
[2024-07-03T12:05:27.936+0000] {taskinstance.py:1660} INFO - Exporting env vars: AIRFLOW_CTX_DAG_OWNER='FIRDAVS' AIRFLOW_CTX_DAG_ID='reports_workflow' AIRFLOW_CTX_TASK_ID='id_task_get_emails' AIRFLOW_CTX_EXECUTION_DATE='2024-07-02T13:55:00+00:00' AIRFLOW_CTX_TRY_NUMBER='1' AIRFLOW_CTX_DAG_RUN_ID='scheduled__2024-07-02T13:55:00+00:00'
[2024-07-03T12:05:27.937+0000] {logging_mixin.py:151} INFO - path of config file:  /opt/***
[2024-07-03T12:05:27.937+0000] {logging_mixin.py:151} INFO - #>2024-07-03 12:05:27.937525_User@StatDep: EmailRobot in screated.
[2024-07-03T12:05:27.937+0000] {logging_mixin.py:151} INFO - #>2024-07-03 12:05:27.937702_User@StatDep: get_for_recent_emails is started...
[2024-07-03T12:05:27.937+0000] {logging_mixin.py:151} INFO - #>2024-07-03 12:05:27.937826_User@StatDep: pop3_fetch_emails isstarted...
[2024-07-03T12:05:28.327+0000] {logging_mixin.py:151} INFO -    b'+OK'
[2024-07-03T12:05:28.788+0000] {logging_mixin.py:151} INFO -    mailbox have 1 emails and the robot can process 10
[2024-07-03T12:05:29.216+0000] {logging_mixin.py:151} INFO -    #>2024-07-03 12:05:29.215994_conneciton to db is set.
[2024-07-03T12:05:29.223+0000] {taskinstance.py:1943} ERROR - Task failed with exception
Traceback (most recent call last):
  File "/home/airflow/.local/lib/python3.8/site-packages/airflow/operators/python.py", line 192, in execute
    return_value = self.execute_callable()
  File "/home/airflow/.local/lib/python3.8/site-packages/airflow/operators/python.py", line 209, in execute_callable
    return self.python_callable(*self.op_args, **self.op_kwargs)
  File "/opt/airflow/dags/dag_email_robot.py", line 25, in get_emails
    robot.fetch_emails()
  File "/opt/airflow/dags/emailRobot.py", line 62, in fetch_emails
    return self.pop3_fetch_emails()
  File "/opt/airflow/dags/emailRobot.py", line 156, in pop3_fetch_emails
    cursor.execute (query, insert_values)
psycopg2.errors.UndefinedTable: relation "sma_stat_dep.tbl_file_upload" does not exist
LINE 1: ...) AS (INSERT INTO                                 sma_stat_d...
                                                             ^

[2024-07-03T12:05:29.260+0000] {taskinstance.py:1400} INFO - Marking task as FAILED. dag_id=reports_workflow, task_id=id_task_get_emails, execution_date=20240702T135500, start_date=20240703T120527, end_date=20240703T120529
[2024-07-03T12:05:29.402+0000] {standard_task_runner.py:104} ERROR - Failed to execute job 853 for task id_task_get_emails (relation "sma_stat_dep.tbl_file_upload" does not exist
LINE 1: ...) AS (INSERT INTO                                 sma_stat_d...
                                                             ^
; 23495)
[2024-07-03T12:05:29.423+0000] {local_task_job_runner.py:228} INFO - Task exited with return code 1
[2024-07-03T12:05:29.458+0000] {taskinstance.py:2784} INFO - 0 downstream tasks scheduled from follow-on schedule check
[2024-07-03T12:24:59.287+0000] {taskinstance.py:1159} INFO - Dependencies all met for dep_context=non-requeueable deps ti=<TaskInstance: reports_workflow.id_task_get_emails scheduled__2024-07-02T13:55:00+00:00 [queued]>
[2024-07-03T12:24:59.437+0000] {taskinstance.py:1159} INFO - Dependencies all met for dep_context=requeueable deps ti=<TaskInstance: reports_workflow.id_task_get_emails scheduled__2024-07-02T13:55:00+00:00 [queued]>
[2024-07-03T12:24:59.437+0000] {taskinstance.py:1361} INFO - Starting attempt 1 of 1
[2024-07-03T12:24:59.475+0000] {taskinstance.py:1382} INFO - Executing <Task(PythonOperator): id_task_get_emails> on 2024-07-02 13:55:00+00:00
[2024-07-03T12:24:59.480+0000] {standard_task_runner.py:57} INFO - Started process 24503 to run task
[2024-07-03T12:24:59.490+0000] {standard_task_runner.py:84} INFO - Running: ['***', 'tasks', 'run', 'reports_workflow', 'id_task_get_emails', 'scheduled__2024-07-02T13:55:00+00:00', '--job-id', '1212', '--raw', '--subdir', 'DAGS_FOLDER/dag_email_robot.py', '--cfg-path', '/tmp/tmpkls512ie']
[2024-07-03T12:24:59.491+0000] {standard_task_runner.py:85} INFO - Job 1212: Subtask id_task_get_emails
[2024-07-03T12:24:59.625+0000] {task_command.py:415} INFO - Running <TaskInstance: reports_workflow.id_task_get_emails scheduled__2024-07-02T13:55:00+00:00 [running]> on host 6f4ef5488251
[2024-07-03T12:24:59.905+0000] {taskinstance.py:1660} INFO - Exporting env vars: AIRFLOW_CTX_DAG_OWNER='FIRDAVS' AIRFLOW_CTX_DAG_ID='reports_workflow' AIRFLOW_CTX_TASK_ID='id_task_get_emails' AIRFLOW_CTX_EXECUTION_DATE='2024-07-02T13:55:00+00:00' AIRFLOW_CTX_TRY_NUMBER='1' AIRFLOW_CTX_DAG_RUN_ID='scheduled__2024-07-02T13:55:00+00:00'
[2024-07-03T12:24:59.906+0000] {logging_mixin.py:151} INFO - path of config file:  /opt/***
[2024-07-03T12:24:59.906+0000] {logging_mixin.py:151} INFO - #>2024-07-03 12:24:59.906904_User@StatDep: EmailRobot in screated.
[2024-07-03T12:24:59.907+0000] {logging_mixin.py:151} INFO - #>2024-07-03 12:24:59.907094_User@StatDep: get_for_recent_emails is started...
[2024-07-03T12:24:59.907+0000] {logging_mixin.py:151} INFO - #>2024-07-03 12:24:59.907234_User@StatDep: pop3_fetch_emails isstarted...
[2024-07-03T12:25:00.295+0000] {logging_mixin.py:151} INFO -    b'+OK'
[2024-07-03T12:25:00.660+0000] {logging_mixin.py:151} INFO -    mailbox have 0 emails and the robot can process 10
[2024-07-03T12:25:00.667+0000] {logging_mixin.py:151} INFO - #>2024-07-03 12:25:00.667025_User@StatDep: no emails to process, exiting pop3_fetch_emails()...
[2024-07-03T12:25:00.667+0000] {python.py:194} INFO - Done. Returned value was: True
[2024-07-03T12:25:00.714+0000] {taskinstance.py:1400} INFO - Marking task as SUCCESS. dag_id=reports_workflow, task_id=id_task_get_emails, execution_date=20240702T135500, start_date=20240703T122459, end_date=20240703T122500
[2024-07-03T12:25:00.793+0000] {local_task_job_runner.py:228} INFO - Task exited with return code 0
[2024-07-03T12:25:00.831+0000] {taskinstance.py:2784} INFO - 1 downstream tasks scheduled from follow-on schedule check
