[2024-07-03T09:57:31.982+0000] {taskinstance.py:1159} INFO - Dependencies all met for dep_context=non-requeueable deps ti=<TaskInstance: reports_workflow.id_task_get_emails scheduled__2024-07-02T09:30:00+00:00 [queued]>
[2024-07-03T09:57:31.990+0000] {taskinstance.py:1159} INFO - Dependencies all met for dep_context=requeueable deps ti=<TaskInstance: reports_workflow.id_task_get_emails scheduled__2024-07-02T09:30:00+00:00 [queued]>
[2024-07-03T09:57:31.990+0000] {taskinstance.py:1361} INFO - Starting attempt 1 of 1
[2024-07-03T09:57:32.003+0000] {taskinstance.py:1382} INFO - Executing <Task(PythonOperator): id_task_get_emails> on 2024-07-02 09:30:00+00:00
[2024-07-03T09:57:32.009+0000] {standard_task_runner.py:57} INFO - Started process 20558 to run task
[2024-07-03T09:57:32.013+0000] {standard_task_runner.py:84} INFO - Running: ['***', 'tasks', 'run', 'reports_workflow', 'id_task_get_emails', 'scheduled__2024-07-02T09:30:00+00:00', '--job-id', '359', '--raw', '--subdir', 'DAGS_FOLDER/dag_email_robot.py', '--cfg-path', '/tmp/tmpzwik8ggb']
[2024-07-03T09:57:32.014+0000] {standard_task_runner.py:85} INFO - Job 359: Subtask id_task_get_emails
[2024-07-03T09:57:32.063+0000] {task_command.py:415} INFO - Running <TaskInstance: reports_workflow.id_task_get_emails scheduled__2024-07-02T09:30:00+00:00 [running]> on host 6f4ef5488251
[2024-07-03T09:57:32.141+0000] {taskinstance.py:1660} INFO - Exporting env vars: AIRFLOW_CTX_DAG_OWNER='FIRDAVS' AIRFLOW_CTX_DAG_ID='reports_workflow' AIRFLOW_CTX_TASK_ID='id_task_get_emails' AIRFLOW_CTX_EXECUTION_DATE='2024-07-02T09:30:00+00:00' AIRFLOW_CTX_TRY_NUMBER='1' AIRFLOW_CTX_DAG_RUN_ID='scheduled__2024-07-02T09:30:00+00:00'
[2024-07-03T09:57:32.142+0000] {logging_mixin.py:151} INFO - path of config file:  /opt/***
[2024-07-03T09:57:32.143+0000] {taskinstance.py:1943} ERROR - Task failed with exception
Traceback (most recent call last):
  File "/home/airflow/.local/lib/python3.8/site-packages/airflow/operators/python.py", line 192, in execute
    return_value = self.execute_callable()
  File "/home/airflow/.local/lib/python3.8/site-packages/airflow/operators/python.py", line 209, in execute_callable
    return self.python_callable(*self.op_args, **self.op_kwargs)
  File "/opt/airflow/dags/dag_email_robot.py", line 22, in get_emails
    email_conf = json.load (open(path / ("config/email_conf.json")))
NameError: name 'json' is not defined
[2024-07-03T09:57:32.154+0000] {taskinstance.py:1400} INFO - Marking task as FAILED. dag_id=reports_workflow, task_id=id_task_get_emails, execution_date=20240702T093000, start_date=20240703T095731, end_date=20240703T095732
[2024-07-03T09:57:32.167+0000] {standard_task_runner.py:104} ERROR - Failed to execute job 359 for task id_task_get_emails (name 'json' is not defined; 20558)
[2024-07-03T09:57:32.187+0000] {local_task_job_runner.py:228} INFO - Task exited with return code 1
[2024-07-03T09:57:32.217+0000] {taskinstance.py:2784} INFO - 0 downstream tasks scheduled from follow-on schedule check
[2024-07-03T12:05:03.945+0000] {taskinstance.py:1159} INFO - Dependencies all met for dep_context=non-requeueable deps ti=<TaskInstance: reports_workflow.id_task_get_emails scheduled__2024-07-02T09:30:00+00:00 [queued]>
[2024-07-03T12:05:03.961+0000] {taskinstance.py:1159} INFO - Dependencies all met for dep_context=requeueable deps ti=<TaskInstance: reports_workflow.id_task_get_emails scheduled__2024-07-02T09:30:00+00:00 [queued]>
[2024-07-03T12:05:03.961+0000] {taskinstance.py:1361} INFO - Starting attempt 1 of 1
[2024-07-03T12:05:04.010+0000] {taskinstance.py:1382} INFO - Executing <Task(PythonOperator): id_task_get_emails> on 2024-07-02 09:30:00+00:00
[2024-07-03T12:05:04.016+0000] {standard_task_runner.py:57} INFO - Started process 23379 to run task
[2024-07-03T12:05:04.023+0000] {standard_task_runner.py:84} INFO - Running: ['***', 'tasks', 'run', 'reports_workflow', 'id_task_get_emails', 'scheduled__2024-07-02T09:30:00+00:00', '--job-id', '800', '--raw', '--subdir', 'DAGS_FOLDER/dag_email_robot.py', '--cfg-path', '/tmp/tmp4kanoiyt']
[2024-07-03T12:05:04.025+0000] {standard_task_runner.py:85} INFO - Job 800: Subtask id_task_get_emails
[2024-07-03T12:05:04.105+0000] {task_command.py:415} INFO - Running <TaskInstance: reports_workflow.id_task_get_emails scheduled__2024-07-02T09:30:00+00:00 [running]> on host 6f4ef5488251
[2024-07-03T12:05:04.209+0000] {taskinstance.py:1660} INFO - Exporting env vars: AIRFLOW_CTX_DAG_OWNER='FIRDAVS' AIRFLOW_CTX_DAG_ID='reports_workflow' AIRFLOW_CTX_TASK_ID='id_task_get_emails' AIRFLOW_CTX_EXECUTION_DATE='2024-07-02T09:30:00+00:00' AIRFLOW_CTX_TRY_NUMBER='1' AIRFLOW_CTX_DAG_RUN_ID='scheduled__2024-07-02T09:30:00+00:00'
[2024-07-03T12:05:04.211+0000] {logging_mixin.py:151} INFO - path of config file:  /opt/***
[2024-07-03T12:05:04.212+0000] {logging_mixin.py:151} INFO - #>2024-07-03 12:05:04.212111_User@StatDep: EmailRobot in screated.
[2024-07-03T12:05:04.212+0000] {logging_mixin.py:151} INFO - #>2024-07-03 12:05:04.212293_User@StatDep: get_for_recent_emails is started...
[2024-07-03T12:05:04.212+0000] {logging_mixin.py:151} INFO - #>2024-07-03 12:05:04.212426_User@StatDep: pop3_fetch_emails isstarted...
[2024-07-03T12:05:04.633+0000] {logging_mixin.py:151} INFO -    b'+OK'
[2024-07-03T12:05:05.121+0000] {logging_mixin.py:151} INFO -    mailbox have 1 emails and the robot can process 10
[2024-07-03T12:05:05.564+0000] {logging_mixin.py:151} INFO -    #>2024-07-03 12:05:05.564228_conneciton to db is set.
[2024-07-03T12:05:05.571+0000] {taskinstance.py:1943} ERROR - Task failed with exception
Traceback (most recent call last):
  File "/home/airflow/.local/lib/python3.8/site-packages/airflow/operators/python.py", line 192, in execute
    return_value = self.execute_callable()
  File "/home/airflow/.local/lib/python3.8/site-packages/airflow/operators/python.py", line 209, in execute_callable
    return self.python_callable(*self.op_args, **self.op_kwargs)
  File "/opt/airflow/dags/dag_email_robot.py", line 25, in get_emails
    robot.fetch_emails()
  File "/opt/airflow/dags/emailRobot.py", line 62, in fetch_emails
    return self.pop3_fetch_emails()
  File "/opt/airflow/dags/emailRobot.py", line 156, in pop3_fetch_emails
    cursor.execute (query, insert_values)
psycopg2.errors.UndefinedTable: relation "sma_stat_dep.tbl_file_upload" does not exist
LINE 1: ...) AS (INSERT INTO                                 sma_stat_d...
                                                             ^

[2024-07-03T12:05:05.585+0000] {taskinstance.py:1400} INFO - Marking task as FAILED. dag_id=reports_workflow, task_id=id_task_get_emails, execution_date=20240702T093000, start_date=20240703T120503, end_date=20240703T120505
[2024-07-03T12:05:05.596+0000] {standard_task_runner.py:104} ERROR - Failed to execute job 800 for task id_task_get_emails (relation "sma_stat_dep.tbl_file_upload" does not exist
LINE 1: ...) AS (INSERT INTO                                 sma_stat_d...
                                                             ^
; 23379)
[2024-07-03T12:05:05.622+0000] {local_task_job_runner.py:228} INFO - Task exited with return code 1
[2024-07-03T12:05:05.656+0000] {taskinstance.py:2784} INFO - 0 downstream tasks scheduled from follow-on schedule check
[2024-07-03T12:23:22.004+0000] {taskinstance.py:1159} INFO - Dependencies all met for dep_context=non-requeueable deps ti=<TaskInstance: reports_workflow.id_task_get_emails scheduled__2024-07-02T09:30:00+00:00 [queued]>
[2024-07-03T12:23:22.018+0000] {taskinstance.py:1159} INFO - Dependencies all met for dep_context=requeueable deps ti=<TaskInstance: reports_workflow.id_task_get_emails scheduled__2024-07-02T09:30:00+00:00 [queued]>
[2024-07-03T12:23:22.018+0000] {taskinstance.py:1361} INFO - Starting attempt 1 of 1
[2024-07-03T12:23:22.030+0000] {taskinstance.py:1382} INFO - Executing <Task(PythonOperator): id_task_get_emails> on 2024-07-02 09:30:00+00:00
[2024-07-03T12:23:22.036+0000] {standard_task_runner.py:57} INFO - Started process 24269 to run task
[2024-07-03T12:23:22.040+0000] {standard_task_runner.py:84} INFO - Running: ['***', 'tasks', 'run', 'reports_workflow', 'id_task_get_emails', 'scheduled__2024-07-02T09:30:00+00:00', '--job-id', '1108', '--raw', '--subdir', 'DAGS_FOLDER/dag_email_robot.py', '--cfg-path', '/tmp/tmpojccw28k']
[2024-07-03T12:23:22.041+0000] {standard_task_runner.py:85} INFO - Job 1108: Subtask id_task_get_emails
[2024-07-03T12:23:22.095+0000] {task_command.py:415} INFO - Running <TaskInstance: reports_workflow.id_task_get_emails scheduled__2024-07-02T09:30:00+00:00 [running]> on host 6f4ef5488251
[2024-07-03T12:23:22.164+0000] {taskinstance.py:1660} INFO - Exporting env vars: AIRFLOW_CTX_DAG_OWNER='FIRDAVS' AIRFLOW_CTX_DAG_ID='reports_workflow' AIRFLOW_CTX_TASK_ID='id_task_get_emails' AIRFLOW_CTX_EXECUTION_DATE='2024-07-02T09:30:00+00:00' AIRFLOW_CTX_TRY_NUMBER='1' AIRFLOW_CTX_DAG_RUN_ID='scheduled__2024-07-02T09:30:00+00:00'
[2024-07-03T12:23:22.165+0000] {logging_mixin.py:151} INFO - path of config file:  /opt/***
[2024-07-03T12:23:22.165+0000] {logging_mixin.py:151} INFO - #>2024-07-03 12:23:22.165691_User@StatDep: EmailRobot in screated.
[2024-07-03T12:23:22.165+0000] {logging_mixin.py:151} INFO - #>2024-07-03 12:23:22.165880_User@StatDep: get_for_recent_emails is started...
[2024-07-03T12:23:22.166+0000] {logging_mixin.py:151} INFO - #>2024-07-03 12:23:22.166018_User@StatDep: pop3_fetch_emails isstarted...
[2024-07-03T12:23:22.581+0000] {logging_mixin.py:151} INFO -    b'+OK'
[2024-07-03T12:23:22.883+0000] {logging_mixin.py:151} INFO -    mailbox have 0 emails and the robot can process 10
[2024-07-03T12:23:22.884+0000] {logging_mixin.py:151} INFO - #>2024-07-03 12:23:22.884236_User@StatDep: no emails to process, exiting pop3_fetch_emails()...
[2024-07-03T12:23:22.885+0000] {python.py:194} INFO - Done. Returned value was: True
[2024-07-03T12:23:22.928+0000] {taskinstance.py:1400} INFO - Marking task as SUCCESS. dag_id=reports_workflow, task_id=id_task_get_emails, execution_date=20240702T093000, start_date=20240703T122322, end_date=20240703T122322
[2024-07-03T12:23:22.990+0000] {local_task_job_runner.py:228} INFO - Task exited with return code 0
[2024-07-03T12:23:23.018+0000] {taskinstance.py:2784} INFO - 1 downstream tasks scheduled from follow-on schedule check
