[2024-07-03T09:56:54.428+0000] {taskinstance.py:1159} INFO - Dependencies all met for dep_context=non-requeueable deps ti=<TaskInstance: reports_workflow.id_task_get_emails scheduled__2024-07-02T03:20:00+00:00 [queued]>
[2024-07-03T09:56:54.445+0000] {taskinstance.py:1159} INFO - Dependencies all met for dep_context=requeueable deps ti=<TaskInstance: reports_workflow.id_task_get_emails scheduled__2024-07-02T03:20:00+00:00 [queued]>
[2024-07-03T09:56:54.447+0000] {taskinstance.py:1361} INFO - Starting attempt 1 of 1
[2024-07-03T09:56:54.471+0000] {taskinstance.py:1382} INFO - Executing <Task(PythonOperator): id_task_get_emails> on 2024-07-02 03:20:00+00:00
[2024-07-03T09:56:54.476+0000] {standard_task_runner.py:57} INFO - Started process 20401 to run task
[2024-07-03T09:56:54.484+0000] {standard_task_runner.py:84} INFO - Running: ['***', 'tasks', 'run', 'reports_workflow', 'id_task_get_emails', 'scheduled__2024-07-02T03:20:00+00:00', '--job-id', '283', '--raw', '--subdir', 'DAGS_FOLDER/dag_email_robot.py', '--cfg-path', '/tmp/tmpg7dnxhin']
[2024-07-03T09:56:54.486+0000] {standard_task_runner.py:85} INFO - Job 283: Subtask id_task_get_emails
[2024-07-03T09:56:54.576+0000] {task_command.py:415} INFO - Running <TaskInstance: reports_workflow.id_task_get_emails scheduled__2024-07-02T03:20:00+00:00 [running]> on host 6f4ef5488251
[2024-07-03T09:56:54.716+0000] {taskinstance.py:1660} INFO - Exporting env vars: AIRFLOW_CTX_DAG_OWNER='FIRDAVS' AIRFLOW_CTX_DAG_ID='reports_workflow' AIRFLOW_CTX_TASK_ID='id_task_get_emails' AIRFLOW_CTX_EXECUTION_DATE='2024-07-02T03:20:00+00:00' AIRFLOW_CTX_TRY_NUMBER='1' AIRFLOW_CTX_DAG_RUN_ID='scheduled__2024-07-02T03:20:00+00:00'
[2024-07-03T09:56:54.717+0000] {logging_mixin.py:151} INFO - path of config file:  /opt/***
[2024-07-03T09:56:54.718+0000] {taskinstance.py:1943} ERROR - Task failed with exception
Traceback (most recent call last):
  File "/home/airflow/.local/lib/python3.8/site-packages/airflow/operators/python.py", line 192, in execute
    return_value = self.execute_callable()
  File "/home/airflow/.local/lib/python3.8/site-packages/airflow/operators/python.py", line 209, in execute_callable
    return self.python_callable(*self.op_args, **self.op_kwargs)
  File "/opt/airflow/dags/dag_email_robot.py", line 22, in get_emails
    email_conf = json.load (open(path / ("config/email_conf.json")))
NameError: name 'json' is not defined
[2024-07-03T09:56:54.739+0000] {taskinstance.py:1400} INFO - Marking task as FAILED. dag_id=reports_workflow, task_id=id_task_get_emails, execution_date=20240702T032000, start_date=20240703T095654, end_date=20240703T095654
[2024-07-03T09:56:54.775+0000] {standard_task_runner.py:104} ERROR - Failed to execute job 283 for task id_task_get_emails (name 'json' is not defined; 20401)
[2024-07-03T09:56:54.797+0000] {local_task_job_runner.py:228} INFO - Task exited with return code 1
[2024-07-03T09:56:54.840+0000] {taskinstance.py:2784} INFO - 0 downstream tasks scheduled from follow-on schedule check
[2024-07-03T12:04:32.455+0000] {taskinstance.py:1159} INFO - Dependencies all met for dep_context=non-requeueable deps ti=<TaskInstance: reports_workflow.id_task_get_emails scheduled__2024-07-02T03:20:00+00:00 [queued]>
[2024-07-03T12:04:32.468+0000] {taskinstance.py:1159} INFO - Dependencies all met for dep_context=requeueable deps ti=<TaskInstance: reports_workflow.id_task_get_emails scheduled__2024-07-02T03:20:00+00:00 [queued]>
[2024-07-03T12:04:32.468+0000] {taskinstance.py:1361} INFO - Starting attempt 1 of 1
[2024-07-03T12:04:32.485+0000] {taskinstance.py:1382} INFO - Executing <Task(PythonOperator): id_task_get_emails> on 2024-07-02 03:20:00+00:00
[2024-07-03T12:04:32.489+0000] {standard_task_runner.py:57} INFO - Started process 23223 to run task
[2024-07-03T12:04:32.505+0000] {standard_task_runner.py:84} INFO - Running: ['***', 'tasks', 'run', 'reports_workflow', 'id_task_get_emails', 'scheduled__2024-07-02T03:20:00+00:00', '--job-id', '726', '--raw', '--subdir', 'DAGS_FOLDER/dag_email_robot.py', '--cfg-path', '/tmp/tmps93u371z']
[2024-07-03T12:04:32.507+0000] {standard_task_runner.py:85} INFO - Job 726: Subtask id_task_get_emails
[2024-07-03T12:04:32.647+0000] {task_command.py:415} INFO - Running <TaskInstance: reports_workflow.id_task_get_emails scheduled__2024-07-02T03:20:00+00:00 [running]> on host 6f4ef5488251
[2024-07-03T12:04:32.772+0000] {taskinstance.py:1660} INFO - Exporting env vars: AIRFLOW_CTX_DAG_OWNER='FIRDAVS' AIRFLOW_CTX_DAG_ID='reports_workflow' AIRFLOW_CTX_TASK_ID='id_task_get_emails' AIRFLOW_CTX_EXECUTION_DATE='2024-07-02T03:20:00+00:00' AIRFLOW_CTX_TRY_NUMBER='1' AIRFLOW_CTX_DAG_RUN_ID='scheduled__2024-07-02T03:20:00+00:00'
[2024-07-03T12:04:32.774+0000] {logging_mixin.py:151} INFO - path of config file:  /opt/***
[2024-07-03T12:04:32.775+0000] {logging_mixin.py:151} INFO - #>2024-07-03 12:04:32.775282_User@StatDep: EmailRobot in screated.
[2024-07-03T12:04:32.775+0000] {logging_mixin.py:151} INFO - #>2024-07-03 12:04:32.775464_User@StatDep: get_for_recent_emails is started...
[2024-07-03T12:04:32.775+0000] {logging_mixin.py:151} INFO - #>2024-07-03 12:04:32.775605_User@StatDep: pop3_fetch_emails isstarted...
[2024-07-03T12:04:33.178+0000] {logging_mixin.py:151} INFO -    b'+OK'
[2024-07-03T12:04:33.630+0000] {logging_mixin.py:151} INFO -    mailbox have 1 emails and the robot can process 10
[2024-07-03T12:04:34.110+0000] {logging_mixin.py:151} INFO -    #>2024-07-03 12:04:34.110631_conneciton to db is set.
[2024-07-03T12:04:34.119+0000] {taskinstance.py:1943} ERROR - Task failed with exception
Traceback (most recent call last):
  File "/home/airflow/.local/lib/python3.8/site-packages/airflow/operators/python.py", line 192, in execute
    return_value = self.execute_callable()
  File "/home/airflow/.local/lib/python3.8/site-packages/airflow/operators/python.py", line 209, in execute_callable
    return self.python_callable(*self.op_args, **self.op_kwargs)
  File "/opt/airflow/dags/dag_email_robot.py", line 25, in get_emails
    robot.fetch_emails()
  File "/opt/airflow/dags/emailRobot.py", line 62, in fetch_emails
    return self.pop3_fetch_emails()
  File "/opt/airflow/dags/emailRobot.py", line 156, in pop3_fetch_emails
    cursor.execute (query, insert_values)
psycopg2.errors.UndefinedTable: relation "sma_stat_dep.tbl_file_upload" does not exist
LINE 1: ...) AS (INSERT INTO                                 sma_stat_d...
                                                             ^

[2024-07-03T12:04:34.139+0000] {taskinstance.py:1400} INFO - Marking task as FAILED. dag_id=reports_workflow, task_id=id_task_get_emails, execution_date=20240702T032000, start_date=20240703T120432, end_date=20240703T120434
[2024-07-03T12:04:34.154+0000] {standard_task_runner.py:104} ERROR - Failed to execute job 726 for task id_task_get_emails (relation "sma_stat_dep.tbl_file_upload" does not exist
LINE 1: ...) AS (INSERT INTO                                 sma_stat_d...
                                                             ^
; 23223)
[2024-07-03T12:04:34.170+0000] {local_task_job_runner.py:228} INFO - Task exited with return code 1
[2024-07-03T12:04:34.203+0000] {taskinstance.py:2784} INFO - 0 downstream tasks scheduled from follow-on schedule check
[2024-07-03T12:21:28.323+0000] {taskinstance.py:1159} INFO - Dependencies all met for dep_context=non-requeueable deps ti=<TaskInstance: reports_workflow.id_task_get_emails scheduled__2024-07-02T03:20:00+00:00 [queued]>
[2024-07-03T12:21:28.342+0000] {taskinstance.py:1159} INFO - Dependencies all met for dep_context=requeueable deps ti=<TaskInstance: reports_workflow.id_task_get_emails scheduled__2024-07-02T03:20:00+00:00 [queued]>
[2024-07-03T12:21:28.343+0000] {taskinstance.py:1361} INFO - Starting attempt 1 of 1
[2024-07-03T12:21:28.428+0000] {taskinstance.py:1382} INFO - Executing <Task(PythonOperator): id_task_get_emails> on 2024-07-02 03:20:00+00:00
[2024-07-03T12:21:28.437+0000] {standard_task_runner.py:57} INFO - Started process 23963 to run task
[2024-07-03T12:21:28.446+0000] {standard_task_runner.py:84} INFO - Running: ['***', 'tasks', 'run', 'reports_workflow', 'id_task_get_emails', 'scheduled__2024-07-02T03:20:00+00:00', '--job-id', '970', '--raw', '--subdir', 'DAGS_FOLDER/dag_email_robot.py', '--cfg-path', '/tmp/tmps1244o97']
[2024-07-03T12:21:28.448+0000] {standard_task_runner.py:85} INFO - Job 970: Subtask id_task_get_emails
[2024-07-03T12:21:28.536+0000] {task_command.py:415} INFO - Running <TaskInstance: reports_workflow.id_task_get_emails scheduled__2024-07-02T03:20:00+00:00 [running]> on host 6f4ef5488251
[2024-07-03T12:21:28.682+0000] {taskinstance.py:1660} INFO - Exporting env vars: AIRFLOW_CTX_DAG_OWNER='FIRDAVS' AIRFLOW_CTX_DAG_ID='reports_workflow' AIRFLOW_CTX_TASK_ID='id_task_get_emails' AIRFLOW_CTX_EXECUTION_DATE='2024-07-02T03:20:00+00:00' AIRFLOW_CTX_TRY_NUMBER='1' AIRFLOW_CTX_DAG_RUN_ID='scheduled__2024-07-02T03:20:00+00:00'
[2024-07-03T12:21:28.683+0000] {logging_mixin.py:151} INFO - path of config file:  /opt/***
[2024-07-03T12:21:28.686+0000] {logging_mixin.py:151} INFO - #>2024-07-03 12:21:28.686170_User@StatDep: EmailRobot in screated.
[2024-07-03T12:21:28.686+0000] {logging_mixin.py:151} INFO - #>2024-07-03 12:21:28.686400_User@StatDep: get_for_recent_emails is started...
[2024-07-03T12:21:28.686+0000] {logging_mixin.py:151} INFO - #>2024-07-03 12:21:28.686543_User@StatDep: pop3_fetch_emails isstarted...
[2024-07-03T12:21:29.126+0000] {logging_mixin.py:151} INFO -    b'+OK'
[2024-07-03T12:21:29.453+0000] {logging_mixin.py:151} INFO -    mailbox have 0 emails and the robot can process 10
[2024-07-03T12:21:29.453+0000] {logging_mixin.py:151} INFO - #>2024-07-03 12:21:29.453280_User@StatDep: no emails to process, exiting pop3_fetch_emails()...
[2024-07-03T12:21:29.454+0000] {python.py:194} INFO - Done. Returned value was: True
[2024-07-03T12:21:29.520+0000] {taskinstance.py:1400} INFO - Marking task as SUCCESS. dag_id=reports_workflow, task_id=id_task_get_emails, execution_date=20240702T032000, start_date=20240703T122128, end_date=20240703T122129
[2024-07-03T12:21:29.602+0000] {local_task_job_runner.py:228} INFO - Task exited with return code 0
[2024-07-03T12:21:29.636+0000] {taskinstance.py:2784} INFO - 1 downstream tasks scheduled from follow-on schedule check
