[2024-07-03T09:58:52.104+0000] {taskinstance.py:1159} INFO - Dependencies all met for dep_context=non-requeueable deps ti=<TaskInstance: reports_workflow.id_task_get_emails scheduled__2024-07-02T23:35:00+00:00 [queued]>
[2024-07-03T09:58:52.117+0000] {taskinstance.py:1159} INFO - Dependencies all met for dep_context=requeueable deps ti=<TaskInstance: reports_workflow.id_task_get_emails scheduled__2024-07-02T23:35:00+00:00 [queued]>
[2024-07-03T09:58:52.117+0000] {taskinstance.py:1361} INFO - Starting attempt 1 of 1
[2024-07-03T09:58:52.134+0000] {taskinstance.py:1382} INFO - Executing <Task(PythonOperator): id_task_get_emails> on 2024-07-02 23:35:00+00:00
[2024-07-03T09:58:52.138+0000] {standard_task_runner.py:57} INFO - Started process 20917 to run task
[2024-07-03T09:58:52.141+0000] {standard_task_runner.py:84} INFO - Running: ['***', 'tasks', 'run', 'reports_workflow', 'id_task_get_emails', 'scheduled__2024-07-02T23:35:00+00:00', '--job-id', '530', '--raw', '--subdir', 'DAGS_FOLDER/dag_email_robot.py', '--cfg-path', '/tmp/tmpsl2w0u5q']
[2024-07-03T09:58:52.144+0000] {standard_task_runner.py:85} INFO - Job 530: Subtask id_task_get_emails
[2024-07-03T09:58:52.195+0000] {task_command.py:415} INFO - Running <TaskInstance: reports_workflow.id_task_get_emails scheduled__2024-07-02T23:35:00+00:00 [running]> on host 6f4ef5488251
[2024-07-03T09:58:52.272+0000] {taskinstance.py:1660} INFO - Exporting env vars: AIRFLOW_CTX_DAG_OWNER='FIRDAVS' AIRFLOW_CTX_DAG_ID='reports_workflow' AIRFLOW_CTX_TASK_ID='id_task_get_emails' AIRFLOW_CTX_EXECUTION_DATE='2024-07-02T23:35:00+00:00' AIRFLOW_CTX_TRY_NUMBER='1' AIRFLOW_CTX_DAG_RUN_ID='scheduled__2024-07-02T23:35:00+00:00'
[2024-07-03T09:58:52.273+0000] {logging_mixin.py:151} INFO - path of config file:  /opt/***
[2024-07-03T09:58:52.274+0000] {logging_mixin.py:151} INFO - #>2024-07-03 09:58:52.274476_User@StatDep: EmailRobot in screated.
[2024-07-03T09:58:52.274+0000] {logging_mixin.py:151} INFO - #>2024-07-03 09:58:52.274803_User@StatDep: get_for_recent_emails is started...
[2024-07-03T09:58:52.275+0000] {logging_mixin.py:151} INFO - #>2024-07-03 09:58:52.275091_User@StatDep: pop3_fetch_emails isstarted...
[2024-07-03T09:58:52.655+0000] {logging_mixin.py:151} INFO -    b'+OK'
[2024-07-03T09:58:52.936+0000] {logging_mixin.py:151} INFO -    mailbox have 0 emails and the robot can process 10
[2024-07-03T09:58:52.936+0000] {logging_mixin.py:151} INFO - #>2024-07-03 09:58:52.936452_User@StatDep: no emails to process, exiting pop3_fetch_emails()...
[2024-07-03T09:58:52.937+0000] {python.py:194} INFO - Done. Returned value was: True
[2024-07-03T09:58:52.969+0000] {taskinstance.py:1400} INFO - Marking task as SUCCESS. dag_id=reports_workflow, task_id=id_task_get_emails, execution_date=20240702T233500, start_date=20240703T095852, end_date=20240703T095852
[2024-07-03T09:58:52.997+0000] {local_task_job_runner.py:228} INFO - Task exited with return code 0
[2024-07-03T09:58:53.013+0000] {taskinstance.py:2784} INFO - 0 downstream tasks scheduled from follow-on schedule check
[2024-07-03T13:39:12.870+0000] {taskinstance.py:1159} INFO - Dependencies all met for dep_context=non-requeueable deps ti=<TaskInstance: reports_workflow.id_task_get_emails scheduled__2024-07-02T23:35:00+00:00 [queued]>
[2024-07-03T13:39:14.019+0000] {taskinstance.py:1159} INFO - Dependencies all met for dep_context=requeueable deps ti=<TaskInstance: reports_workflow.id_task_get_emails scheduled__2024-07-02T23:35:00+00:00 [queued]>
[2024-07-03T13:39:14.020+0000] {taskinstance.py:1361} INFO - Starting attempt 1 of 1
[2024-07-03T13:39:14.041+0000] {taskinstance.py:1382} INFO - Executing <Task(PythonOperator): id_task_get_emails> on 2024-07-02 23:35:00+00:00
[2024-07-03T13:39:14.047+0000] {standard_task_runner.py:57} INFO - Started process 26114 to run task
[2024-07-03T13:39:14.051+0000] {standard_task_runner.py:84} INFO - Running: ['***', 'tasks', 'run', 'reports_workflow', 'id_task_get_emails', 'scheduled__2024-07-02T23:35:00+00:00', '--job-id', '1453', '--raw', '--subdir', 'DAGS_FOLDER/dag_email_robot.py', '--cfg-path', '/tmp/tmp9ecwkg9w']
[2024-07-03T13:39:14.052+0000] {standard_task_runner.py:85} INFO - Job 1453: Subtask id_task_get_emails
[2024-07-03T13:39:14.139+0000] {task_command.py:415} INFO - Running <TaskInstance: reports_workflow.id_task_get_emails scheduled__2024-07-02T23:35:00+00:00 [running]> on host 6f4ef5488251
[2024-07-03T13:39:14.243+0000] {taskinstance.py:1660} INFO - Exporting env vars: AIRFLOW_CTX_DAG_OWNER='FIRDAVS' AIRFLOW_CTX_DAG_ID='reports_workflow' AIRFLOW_CTX_TASK_ID='id_task_get_emails' AIRFLOW_CTX_EXECUTION_DATE='2024-07-02T23:35:00+00:00' AIRFLOW_CTX_TRY_NUMBER='1' AIRFLOW_CTX_DAG_RUN_ID='scheduled__2024-07-02T23:35:00+00:00'
[2024-07-03T13:39:14.244+0000] {logging_mixin.py:151} INFO - path of config file:  /opt/***
[2024-07-03T13:39:14.244+0000] {logging_mixin.py:151} INFO - #>2024-07-03 13:39:14.244944_User@StatDep: EmailRobot in screated.
[2024-07-03T13:39:14.245+0000] {logging_mixin.py:151} INFO - #>2024-07-03 13:39:14.245141_User@StatDep: get_for_recent_emails is started...
[2024-07-03T13:39:14.245+0000] {logging_mixin.py:151} INFO - #>2024-07-03 13:39:14.245279_User@StatDep: pop3_fetch_emails isstarted...
[2024-07-03T13:39:14.634+0000] {logging_mixin.py:151} INFO -    b'+OK'
[2024-07-03T13:39:15.062+0000] {logging_mixin.py:151} INFO -    mailbox have 0 emails and the robot can process 10
[2024-07-03T13:39:15.063+0000] {logging_mixin.py:151} INFO - #>2024-07-03 13:39:15.062975_User@StatDep: no emails to process, exiting pop3_fetch_emails()...
[2024-07-03T13:39:15.063+0000] {python.py:194} INFO - Done. Returned value was: True
[2024-07-03T13:39:15.258+0000] {taskinstance.py:1400} INFO - Marking task as SUCCESS. dag_id=reports_workflow, task_id=id_task_get_emails, execution_date=20240702T233500, start_date=20240703T133913, end_date=20240703T133915
[2024-07-03T13:39:15.316+0000] {local_task_job_runner.py:228} INFO - Task exited with return code 0
[2024-07-03T13:39:15.344+0000] {taskinstance.py:2784} INFO - 1 downstream tasks scheduled from follow-on schedule check
