[2024-07-03T14:47:35.060+0000] {taskinstance.py:1159} INFO - Dependencies all met for dep_context=non-requeueable deps ti=<TaskInstance: reports_workflow.id_task_send_emails scheduled__2024-07-03T08:05:00+00:00 [queued]>
[2024-07-03T14:47:35.094+0000] {taskinstance.py:1159} INFO - Dependencies all met for dep_context=requeueable deps ti=<TaskInstance: reports_workflow.id_task_send_emails scheduled__2024-07-03T08:05:00+00:00 [queued]>
[2024-07-03T14:47:35.095+0000] {taskinstance.py:1361} INFO - Starting attempt 1 of 2
[2024-07-03T14:47:35.118+0000] {taskinstance.py:1382} INFO - Executing <Task(PythonOperator): id_task_send_emails> on 2024-07-03 08:05:00+00:00
[2024-07-03T14:47:35.128+0000] {standard_task_runner.py:57} INFO - Started process 28550 to run task
[2024-07-03T14:47:35.147+0000] {standard_task_runner.py:84} INFO - Running: ['***', 'tasks', 'run', 'reports_workflow', 'id_task_send_emails', 'scheduled__2024-07-03T08:05:00+00:00', '--job-id', '2153', '--raw', '--subdir', 'DAGS_FOLDER/dag_email_robot.py', '--cfg-path', '/tmp/tmpv2mk_br4']
[2024-07-03T14:47:35.148+0000] {standard_task_runner.py:85} INFO - Job 2153: Subtask id_task_send_emails
[2024-07-03T14:47:35.329+0000] {task_command.py:415} INFO - Running <TaskInstance: reports_workflow.id_task_send_emails scheduled__2024-07-03T08:05:00+00:00 [running]> on host 6f4ef5488251
[2024-07-03T14:47:35.583+0000] {taskinstance.py:1660} INFO - Exporting env vars: AIRFLOW_CTX_DAG_OWNER='FIRDAVS' AIRFLOW_CTX_DAG_ID='reports_workflow' AIRFLOW_CTX_TASK_ID='id_task_send_emails' AIRFLOW_CTX_EXECUTION_DATE='2024-07-03T08:05:00+00:00' AIRFLOW_CTX_TRY_NUMBER='1' AIRFLOW_CTX_DAG_RUN_ID='scheduled__2024-07-03T08:05:00+00:00'
[2024-07-03T14:47:35.584+0000] {logging_mixin.py:151} INFO - path of config file:  /opt/***
[2024-07-03T14:47:35.584+0000] {logging_mixin.py:151} INFO - #>2024-07-03 14:47:35.584815_User@StatDep: EmailRobot in screated.
[2024-07-03T14:47:35.585+0000] {logging_mixin.py:151} INFO - #>2024-07-03 14:47:35.585003_User@StatDep: send_validation_results is started...
[2024-07-03T14:47:35.628+0000] {logging_mixin.py:151} INFO -    #>2024-07-03 14:47:35.627946_conneciton to db is set.
[2024-07-03T14:47:35.634+0000] {logging_mixin.py:151} INFO -    #>2024-07-03 14:47:35.634287_cursor execution is successful.
[2024-07-03T14:47:35.634+0000] {logging_mixin.py:151} INFO -    There is no any new submissions found. The get_validation_results is over.
[2024-07-03T14:47:35.639+0000] {python.py:194} INFO - Done. Returned value was: True
[2024-07-03T14:47:35.682+0000] {taskinstance.py:1400} INFO - Marking task as SUCCESS. dag_id=reports_workflow, task_id=id_task_send_emails, execution_date=20240703T080500, start_date=20240703T144735, end_date=20240703T144735
[2024-07-03T14:47:35.724+0000] {local_task_job_runner.py:228} INFO - Task exited with return code 0
[2024-07-03T14:47:35.763+0000] {taskinstance.py:2784} INFO - 0 downstream tasks scheduled from follow-on schedule check
[2024-07-03T14:48:09.308+0000] {taskinstance.py:1159} INFO - Dependencies all met for dep_context=non-requeueable deps ti=<TaskInstance: reports_workflow.id_task_send_emails scheduled__2024-07-03T08:05:00+00:00 [queued]>
[2024-07-03T14:48:09.318+0000] {taskinstance.py:1159} INFO - Dependencies all met for dep_context=requeueable deps ti=<TaskInstance: reports_workflow.id_task_send_emails scheduled__2024-07-03T08:05:00+00:00 [queued]>
[2024-07-03T14:48:09.319+0000] {taskinstance.py:1361} INFO - Starting attempt 1 of 2
[2024-07-03T14:48:09.351+0000] {taskinstance.py:1382} INFO - Executing <Task(PythonOperator): id_task_send_emails> on 2024-07-03 08:05:00+00:00
[2024-07-03T14:48:09.360+0000] {standard_task_runner.py:57} INFO - Started process 28689 to run task
[2024-07-03T14:48:09.376+0000] {standard_task_runner.py:84} INFO - Running: ['***', 'tasks', 'run', 'reports_workflow', 'id_task_send_emails', 'scheduled__2024-07-03T08:05:00+00:00', '--job-id', '2218', '--raw', '--subdir', 'DAGS_FOLDER/dag_email_robot.py', '--cfg-path', '/tmp/tmpj9zqxd2r']
[2024-07-03T14:48:09.386+0000] {standard_task_runner.py:85} INFO - Job 2218: Subtask id_task_send_emails
[2024-07-03T14:48:09.492+0000] {task_command.py:415} INFO - Running <TaskInstance: reports_workflow.id_task_send_emails scheduled__2024-07-03T08:05:00+00:00 [running]> on host 6f4ef5488251
[2024-07-03T14:48:09.740+0000] {taskinstance.py:1660} INFO - Exporting env vars: AIRFLOW_CTX_DAG_OWNER='FIRDAVS' AIRFLOW_CTX_DAG_ID='reports_workflow' AIRFLOW_CTX_TASK_ID='id_task_send_emails' AIRFLOW_CTX_EXECUTION_DATE='2024-07-03T08:05:00+00:00' AIRFLOW_CTX_TRY_NUMBER='1' AIRFLOW_CTX_DAG_RUN_ID='scheduled__2024-07-03T08:05:00+00:00'
[2024-07-03T14:48:09.742+0000] {logging_mixin.py:151} INFO - path of config file:  /opt/***
[2024-07-03T14:48:09.742+0000] {logging_mixin.py:151} INFO - #>2024-07-03 14:48:09.742896_User@StatDep: EmailRobot in screated.
[2024-07-03T14:48:09.743+0000] {logging_mixin.py:151} INFO - #>2024-07-03 14:48:09.743237_User@StatDep: send_validation_results is started...
[2024-07-03T14:48:09.755+0000] {logging_mixin.py:151} INFO -    #>2024-07-03 14:48:09.755402_conneciton to db is set.
[2024-07-03T14:48:09.762+0000] {logging_mixin.py:151} INFO -    #>2024-07-03 14:48:09.762816_cursor execution is successful.
[2024-07-03T14:48:09.763+0000] {logging_mixin.py:151} INFO -    There is no any new submissions found. The get_validation_results is over.
[2024-07-03T14:48:09.764+0000] {python.py:194} INFO - Done. Returned value was: True
[2024-07-03T14:48:09.842+0000] {taskinstance.py:1400} INFO - Marking task as SUCCESS. dag_id=reports_workflow, task_id=id_task_send_emails, execution_date=20240703T080500, start_date=20240703T144809, end_date=20240703T144809
[2024-07-03T14:48:09.921+0000] {local_task_job_runner.py:228} INFO - Task exited with return code 0
[2024-07-03T14:48:10.092+0000] {taskinstance.py:2784} INFO - 0 downstream tasks scheduled from follow-on schedule check
[2024-07-03T14:55:25.085+0000] {taskinstance.py:1159} INFO - Dependencies all met for dep_context=non-requeueable deps ti=<TaskInstance: reports_workflow.id_task_send_emails scheduled__2024-07-03T08:05:00+00:00 [queued]>
[2024-07-03T14:55:25.137+0000] {taskinstance.py:1159} INFO - Dependencies all met for dep_context=requeueable deps ti=<TaskInstance: reports_workflow.id_task_send_emails scheduled__2024-07-03T08:05:00+00:00 [queued]>
[2024-07-03T14:55:25.137+0000] {taskinstance.py:1361} INFO - Starting attempt 1 of 2
[2024-07-03T14:55:25.174+0000] {taskinstance.py:1382} INFO - Executing <Task(PythonOperator): id_task_send_emails> on 2024-07-03 08:05:00+00:00
[2024-07-03T14:55:25.180+0000] {standard_task_runner.py:57} INFO - Started process 28944 to run task
[2024-07-03T14:55:25.187+0000] {standard_task_runner.py:84} INFO - Running: ['***', 'tasks', 'run', 'reports_workflow', 'id_task_send_emails', 'scheduled__2024-07-03T08:05:00+00:00', '--job-id', '2289', '--raw', '--subdir', 'DAGS_FOLDER/dag_email_robot.py', '--cfg-path', '/tmp/tmpk1f6m3h0']
[2024-07-03T14:55:25.191+0000] {standard_task_runner.py:85} INFO - Job 2289: Subtask id_task_send_emails
[2024-07-03T14:55:25.287+0000] {task_command.py:415} INFO - Running <TaskInstance: reports_workflow.id_task_send_emails scheduled__2024-07-03T08:05:00+00:00 [running]> on host 6f4ef5488251
[2024-07-03T14:55:25.451+0000] {taskinstance.py:1660} INFO - Exporting env vars: AIRFLOW_CTX_DAG_OWNER='FIRDAVS' AIRFLOW_CTX_DAG_ID='reports_workflow' AIRFLOW_CTX_TASK_ID='id_task_send_emails' AIRFLOW_CTX_EXECUTION_DATE='2024-07-03T08:05:00+00:00' AIRFLOW_CTX_TRY_NUMBER='1' AIRFLOW_CTX_DAG_RUN_ID='scheduled__2024-07-03T08:05:00+00:00'
[2024-07-03T14:55:25.467+0000] {logging_mixin.py:151} INFO - path of config file:  /opt/***
[2024-07-03T14:55:25.468+0000] {logging_mixin.py:151} INFO - #>2024-07-03 14:55:25.468498_User@StatDep: EmailRobot in screated.
[2024-07-03T14:55:25.468+0000] {logging_mixin.py:151} INFO - #>2024-07-03 14:55:25.468692_User@StatDep: send_validation_results is started...
[2024-07-03T14:55:25.497+0000] {logging_mixin.py:151} INFO -    #>2024-07-03 14:55:25.497321_conneciton to db is set.
[2024-07-03T14:55:25.499+0000] {logging_mixin.py:151} INFO -    #>2024-07-03 14:55:25.499909_cursor execution is successful.
[2024-07-03T14:55:25.500+0000] {logging_mixin.py:151} INFO -    There is no any new submissions found. The get_validation_results is over.
[2024-07-03T14:55:25.502+0000] {python.py:194} INFO - Done. Returned value was: True
[2024-07-03T14:55:25.571+0000] {taskinstance.py:1400} INFO - Marking task as SUCCESS. dag_id=reports_workflow, task_id=id_task_send_emails, execution_date=20240703T080500, start_date=20240703T145525, end_date=20240703T145525
[2024-07-03T14:55:25.644+0000] {local_task_job_runner.py:228} INFO - Task exited with return code 0
[2024-07-03T14:55:25.674+0000] {taskinstance.py:2784} INFO - 0 downstream tasks scheduled from follow-on schedule check
