[2024-07-08T09:35:05.011+0000] {taskinstance.py:1159} INFO - Dependencies all met for dep_context=non-requeueable deps ti=<TaskInstance: reports_workflow.id_task_send_emails scheduled__2024-07-08T09:30:00+00:00 [queued]>
[2024-07-08T09:35:05.019+0000] {taskinstance.py:1159} INFO - Dependencies all met for dep_context=requeueable deps ti=<TaskInstance: reports_workflow.id_task_send_emails scheduled__2024-07-08T09:30:00+00:00 [queued]>
[2024-07-08T09:35:05.019+0000] {taskinstance.py:1361} INFO - Starting attempt 1 of 2
[2024-07-08T09:35:05.031+0000] {taskinstance.py:1382} INFO - Executing <Task(PythonOperator): id_task_send_emails> on 2024-07-08 09:30:00+00:00
[2024-07-08T09:35:05.037+0000] {standard_task_runner.py:57} INFO - Started process 6963 to run task
[2024-07-08T09:35:05.046+0000] {standard_task_runner.py:84} INFO - Running: ['***', 'tasks', 'run', 'reports_workflow', 'id_task_send_emails', 'scheduled__2024-07-08T09:30:00+00:00', '--job-id', '3678', '--raw', '--subdir', 'DAGS_FOLDER/dag_email_robot.py', '--cfg-path', '/tmp/tmpa718zg70']
[2024-07-08T09:35:05.054+0000] {standard_task_runner.py:85} INFO - Job 3678: Subtask id_task_send_emails
[2024-07-08T09:35:05.140+0000] {task_command.py:415} INFO - Running <TaskInstance: reports_workflow.id_task_send_emails scheduled__2024-07-08T09:30:00+00:00 [running]> on host 6f4ef5488251
[2024-07-08T09:35:05.273+0000] {taskinstance.py:1660} INFO - Exporting env vars: AIRFLOW_CTX_DAG_OWNER='FIRDAVS' AIRFLOW_CTX_DAG_ID='reports_workflow' AIRFLOW_CTX_TASK_ID='id_task_send_emails' AIRFLOW_CTX_EXECUTION_DATE='2024-07-08T09:30:00+00:00' AIRFLOW_CTX_TRY_NUMBER='1' AIRFLOW_CTX_DAG_RUN_ID='scheduled__2024-07-08T09:30:00+00:00'
[2024-07-08T09:35:05.275+0000] {logging_mixin.py:151} INFO - path of config file:  /opt/***
[2024-07-08T09:35:05.275+0000] {logging_mixin.py:151} INFO - #>2024-07-08 09:35:05.275937_User@StatDep: EmailRobot in screated.
[2024-07-08T09:35:05.276+0000] {logging_mixin.py:151} INFO - #>2024-07-08 09:35:05.276143_User@StatDep: send_validation_results is started...
[2024-07-08T09:35:05.287+0000] {logging_mixin.py:151} INFO -    #>2024-07-08 09:35:05.287580_conneciton to db is set.
[2024-07-08T09:35:05.290+0000] {logging_mixin.py:151} INFO -    #>2024-07-08 09:35:05.290414_cursor execution is successful.
[2024-07-08T09:35:05.290+0000] {logging_mixin.py:151} INFO -    There is no any new submissions found. The get_validation_results is over.
[2024-07-08T09:35:05.290+0000] {python.py:194} INFO - Done. Returned value was: True
[2024-07-08T09:35:05.312+0000] {taskinstance.py:1400} INFO - Marking task as SUCCESS. dag_id=reports_workflow, task_id=id_task_send_emails, execution_date=20240708T093000, start_date=20240708T093505, end_date=20240708T093505
[2024-07-08T09:35:05.334+0000] {local_task_job_runner.py:228} INFO - Task exited with return code 0
[2024-07-08T09:35:05.356+0000] {taskinstance.py:2784} INFO - 0 downstream tasks scheduled from follow-on schedule check
[2024-07-08T10:23:22.151+0000] {taskinstance.py:1159} INFO - Dependencies all met for dep_context=non-requeueable deps ti=<TaskInstance: reports_workflow.id_task_send_emails scheduled__2024-07-08T09:30:00+00:00 [queued]>
[2024-07-08T10:23:22.170+0000] {taskinstance.py:1159} INFO - Dependencies all met for dep_context=requeueable deps ti=<TaskInstance: reports_workflow.id_task_send_emails scheduled__2024-07-08T09:30:00+00:00 [queued]>
[2024-07-08T10:23:22.170+0000] {taskinstance.py:1361} INFO - Starting attempt 1 of 2
[2024-07-08T10:23:22.190+0000] {taskinstance.py:1382} INFO - Executing <Task(PythonOperator): id_task_send_emails> on 2024-07-08 09:30:00+00:00
[2024-07-08T10:23:22.196+0000] {standard_task_runner.py:57} INFO - Started process 8351 to run task
[2024-07-08T10:23:22.208+0000] {standard_task_runner.py:84} INFO - Running: ['***', 'tasks', 'run', 'reports_workflow', 'id_task_send_emails', 'scheduled__2024-07-08T09:30:00+00:00', '--job-id', '3900', '--raw', '--subdir', 'DAGS_FOLDER/dag_email_robot.py', '--cfg-path', '/tmp/tmp6f7osnx5']
[2024-07-08T10:23:22.214+0000] {standard_task_runner.py:85} INFO - Job 3900: Subtask id_task_send_emails
[2024-07-08T10:23:22.294+0000] {task_command.py:415} INFO - Running <TaskInstance: reports_workflow.id_task_send_emails scheduled__2024-07-08T09:30:00+00:00 [running]> on host 6f4ef5488251
[2024-07-08T10:23:22.416+0000] {taskinstance.py:1660} INFO - Exporting env vars: AIRFLOW_CTX_DAG_OWNER='FIRDAVS' AIRFLOW_CTX_DAG_ID='reports_workflow' AIRFLOW_CTX_TASK_ID='id_task_send_emails' AIRFLOW_CTX_EXECUTION_DATE='2024-07-08T09:30:00+00:00' AIRFLOW_CTX_TRY_NUMBER='1' AIRFLOW_CTX_DAG_RUN_ID='scheduled__2024-07-08T09:30:00+00:00'
[2024-07-08T10:23:22.417+0000] {logging_mixin.py:151} INFO - path of config file:  /opt/***
[2024-07-08T10:23:22.418+0000] {logging_mixin.py:151} INFO - #>2024-07-08 10:23:22.418025_User@StatDep: EmailRobot in screated.
[2024-07-08T10:23:22.420+0000] {logging_mixin.py:151} INFO - #>2024-07-08 10:23:22.420573_User@StatDep: send_validation_results is started...
[2024-07-08T10:23:22.429+0000] {logging_mixin.py:151} INFO -    #>2024-07-08 10:23:22.429783_conneciton to db is set.
[2024-07-08T10:23:22.431+0000] {logging_mixin.py:151} INFO -    #>2024-07-08 10:23:22.431821_cursor execution is successful.
[2024-07-08T10:23:22.432+0000] {logging_mixin.py:151} INFO -    There is no any new submissions found. The get_validation_results is over.
[2024-07-08T10:23:22.432+0000] {python.py:194} INFO - Done. Returned value was: True
[2024-07-08T10:23:22.469+0000] {taskinstance.py:1400} INFO - Marking task as SUCCESS. dag_id=reports_workflow, task_id=id_task_send_emails, execution_date=20240708T093000, start_date=20240708T102322, end_date=20240708T102322
[2024-07-08T10:23:22.510+0000] {local_task_job_runner.py:228} INFO - Task exited with return code 0
[2024-07-08T10:23:22.530+0000] {taskinstance.py:2784} INFO - 0 downstream tasks scheduled from follow-on schedule check
