[2024-07-03T09:57:11.700+0000] {taskinstance.py:1159} INFO - Dependencies all met for dep_context=non-requeueable deps ti=<TaskInstance: reports_workflow.id_task_get_emails scheduled__2024-07-02T06:30:00+00:00 [queued]>
[2024-07-03T09:57:11.724+0000] {taskinstance.py:1159} INFO - Dependencies all met for dep_context=requeueable deps ti=<TaskInstance: reports_workflow.id_task_get_emails scheduled__2024-07-02T06:30:00+00:00 [queued]>
[2024-07-03T09:57:11.725+0000] {taskinstance.py:1361} INFO - Starting attempt 1 of 1
[2024-07-03T09:57:11.811+0000] {taskinstance.py:1382} INFO - Executing <Task(PythonOperator): id_task_get_emails> on 2024-07-02 06:30:00+00:00
[2024-07-03T09:57:11.817+0000] {standard_task_runner.py:57} INFO - Started process 20480 to run task
[2024-07-03T09:57:11.825+0000] {standard_task_runner.py:84} INFO - Running: ['***', 'tasks', 'run', 'reports_workflow', 'id_task_get_emails', 'scheduled__2024-07-02T06:30:00+00:00', '--job-id', '322', '--raw', '--subdir', 'DAGS_FOLDER/dag_email_robot.py', '--cfg-path', '/tmp/tmpqucqmk10']
[2024-07-03T09:57:11.827+0000] {standard_task_runner.py:85} INFO - Job 322: Subtask id_task_get_emails
[2024-07-03T09:57:11.890+0000] {task_command.py:415} INFO - Running <TaskInstance: reports_workflow.id_task_get_emails scheduled__2024-07-02T06:30:00+00:00 [running]> on host 6f4ef5488251
[2024-07-03T09:57:11.990+0000] {taskinstance.py:1660} INFO - Exporting env vars: AIRFLOW_CTX_DAG_OWNER='FIRDAVS' AIRFLOW_CTX_DAG_ID='reports_workflow' AIRFLOW_CTX_TASK_ID='id_task_get_emails' AIRFLOW_CTX_EXECUTION_DATE='2024-07-02T06:30:00+00:00' AIRFLOW_CTX_TRY_NUMBER='1' AIRFLOW_CTX_DAG_RUN_ID='scheduled__2024-07-02T06:30:00+00:00'
[2024-07-03T09:57:11.991+0000] {logging_mixin.py:151} INFO - path of config file:  /opt/***
[2024-07-03T09:57:11.992+0000] {taskinstance.py:1943} ERROR - Task failed with exception
Traceback (most recent call last):
  File "/home/airflow/.local/lib/python3.8/site-packages/airflow/operators/python.py", line 192, in execute
    return_value = self.execute_callable()
  File "/home/airflow/.local/lib/python3.8/site-packages/airflow/operators/python.py", line 209, in execute_callable
    return self.python_callable(*self.op_args, **self.op_kwargs)
  File "/opt/airflow/dags/dag_email_robot.py", line 22, in get_emails
    email_conf = json.load (open(path / ("config/email_conf.json")))
NameError: name 'json' is not defined
[2024-07-03T09:57:12.004+0000] {taskinstance.py:1400} INFO - Marking task as FAILED. dag_id=reports_workflow, task_id=id_task_get_emails, execution_date=20240702T063000, start_date=20240703T095711, end_date=20240703T095712
[2024-07-03T09:57:12.018+0000] {standard_task_runner.py:104} ERROR - Failed to execute job 322 for task id_task_get_emails (name 'json' is not defined; 20480)
[2024-07-03T09:57:12.042+0000] {local_task_job_runner.py:228} INFO - Task exited with return code 1
[2024-07-03T09:57:12.059+0000] {taskinstance.py:2784} INFO - 0 downstream tasks scheduled from follow-on schedule check
[2024-07-03T12:04:47.052+0000] {taskinstance.py:1159} INFO - Dependencies all met for dep_context=non-requeueable deps ti=<TaskInstance: reports_workflow.id_task_get_emails scheduled__2024-07-02T06:30:00+00:00 [queued]>
[2024-07-03T12:04:47.070+0000] {taskinstance.py:1159} INFO - Dependencies all met for dep_context=requeueable deps ti=<TaskInstance: reports_workflow.id_task_get_emails scheduled__2024-07-02T06:30:00+00:00 [queued]>
[2024-07-03T12:04:47.070+0000] {taskinstance.py:1361} INFO - Starting attempt 1 of 1
[2024-07-03T12:04:47.156+0000] {taskinstance.py:1382} INFO - Executing <Task(PythonOperator): id_task_get_emails> on 2024-07-02 06:30:00+00:00
[2024-07-03T12:04:47.161+0000] {standard_task_runner.py:57} INFO - Started process 23300 to run task
[2024-07-03T12:04:47.183+0000] {standard_task_runner.py:84} INFO - Running: ['***', 'tasks', 'run', 'reports_workflow', 'id_task_get_emails', 'scheduled__2024-07-02T06:30:00+00:00', '--job-id', '764', '--raw', '--subdir', 'DAGS_FOLDER/dag_email_robot.py', '--cfg-path', '/tmp/tmp3632cr0e']
[2024-07-03T12:04:47.187+0000] {standard_task_runner.py:85} INFO - Job 764: Subtask id_task_get_emails
[2024-07-03T12:04:47.313+0000] {task_command.py:415} INFO - Running <TaskInstance: reports_workflow.id_task_get_emails scheduled__2024-07-02T06:30:00+00:00 [running]> on host 6f4ef5488251
[2024-07-03T12:04:47.413+0000] {taskinstance.py:1660} INFO - Exporting env vars: AIRFLOW_CTX_DAG_OWNER='FIRDAVS' AIRFLOW_CTX_DAG_ID='reports_workflow' AIRFLOW_CTX_TASK_ID='id_task_get_emails' AIRFLOW_CTX_EXECUTION_DATE='2024-07-02T06:30:00+00:00' AIRFLOW_CTX_TRY_NUMBER='1' AIRFLOW_CTX_DAG_RUN_ID='scheduled__2024-07-02T06:30:00+00:00'
[2024-07-03T12:04:47.416+0000] {logging_mixin.py:151} INFO - path of config file:  /opt/***
[2024-07-03T12:04:47.417+0000] {logging_mixin.py:151} INFO - #>2024-07-03 12:04:47.417424_User@StatDep: EmailRobot in screated.
[2024-07-03T12:04:47.417+0000] {logging_mixin.py:151} INFO - #>2024-07-03 12:04:47.417616_User@StatDep: get_for_recent_emails is started...
[2024-07-03T12:04:47.417+0000] {logging_mixin.py:151} INFO - #>2024-07-03 12:04:47.417783_User@StatDep: pop3_fetch_emails isstarted...
[2024-07-03T12:04:47.855+0000] {logging_mixin.py:151} INFO -    b'+OK'
[2024-07-03T12:04:48.290+0000] {logging_mixin.py:151} INFO -    mailbox have 1 emails and the robot can process 10
[2024-07-03T12:04:48.919+0000] {logging_mixin.py:151} INFO -    #>2024-07-03 12:04:48.919501_conneciton to db is set.
[2024-07-03T12:04:48.928+0000] {taskinstance.py:1943} ERROR - Task failed with exception
Traceback (most recent call last):
  File "/home/airflow/.local/lib/python3.8/site-packages/airflow/operators/python.py", line 192, in execute
    return_value = self.execute_callable()
  File "/home/airflow/.local/lib/python3.8/site-packages/airflow/operators/python.py", line 209, in execute_callable
    return self.python_callable(*self.op_args, **self.op_kwargs)
  File "/opt/airflow/dags/dag_email_robot.py", line 25, in get_emails
    robot.fetch_emails()
  File "/opt/airflow/dags/emailRobot.py", line 62, in fetch_emails
    return self.pop3_fetch_emails()
  File "/opt/airflow/dags/emailRobot.py", line 156, in pop3_fetch_emails
    cursor.execute (query, insert_values)
psycopg2.errors.UndefinedTable: relation "sma_stat_dep.tbl_file_upload" does not exist
LINE 1: ...) AS (INSERT INTO                                 sma_stat_d...
                                                             ^

[2024-07-03T12:04:48.937+0000] {taskinstance.py:1400} INFO - Marking task as FAILED. dag_id=reports_workflow, task_id=id_task_get_emails, execution_date=20240702T063000, start_date=20240703T120447, end_date=20240703T120448
[2024-07-03T12:04:48.950+0000] {standard_task_runner.py:104} ERROR - Failed to execute job 764 for task id_task_get_emails (relation "sma_stat_dep.tbl_file_upload" does not exist
LINE 1: ...) AS (INSERT INTO                                 sma_stat_d...
                                                             ^
; 23300)
[2024-07-03T12:04:48.994+0000] {local_task_job_runner.py:228} INFO - Task exited with return code 1
[2024-07-03T12:04:49.021+0000] {taskinstance.py:2784} INFO - 0 downstream tasks scheduled from follow-on schedule check
[2024-07-03T12:22:21.362+0000] {taskinstance.py:1159} INFO - Dependencies all met for dep_context=non-requeueable deps ti=<TaskInstance: reports_workflow.id_task_get_emails scheduled__2024-07-02T06:30:00+00:00 [queued]>
[2024-07-03T12:22:21.378+0000] {taskinstance.py:1159} INFO - Dependencies all met for dep_context=requeueable deps ti=<TaskInstance: reports_workflow.id_task_get_emails scheduled__2024-07-02T06:30:00+00:00 [queued]>
[2024-07-03T12:22:21.378+0000] {taskinstance.py:1361} INFO - Starting attempt 1 of 1
[2024-07-03T12:22:21.407+0000] {taskinstance.py:1382} INFO - Executing <Task(PythonOperator): id_task_get_emails> on 2024-07-02 06:30:00+00:00
[2024-07-03T12:22:21.412+0000] {standard_task_runner.py:57} INFO - Started process 24122 to run task
[2024-07-03T12:22:21.422+0000] {standard_task_runner.py:84} INFO - Running: ['***', 'tasks', 'run', 'reports_workflow', 'id_task_get_emails', 'scheduled__2024-07-02T06:30:00+00:00', '--job-id', '1040', '--raw', '--subdir', 'DAGS_FOLDER/dag_email_robot.py', '--cfg-path', '/tmp/tmp9editoal']
[2024-07-03T12:22:21.423+0000] {standard_task_runner.py:85} INFO - Job 1040: Subtask id_task_get_emails
[2024-07-03T12:22:21.533+0000] {task_command.py:415} INFO - Running <TaskInstance: reports_workflow.id_task_get_emails scheduled__2024-07-02T06:30:00+00:00 [running]> on host 6f4ef5488251
[2024-07-03T12:22:21.742+0000] {taskinstance.py:1660} INFO - Exporting env vars: AIRFLOW_CTX_DAG_OWNER='FIRDAVS' AIRFLOW_CTX_DAG_ID='reports_workflow' AIRFLOW_CTX_TASK_ID='id_task_get_emails' AIRFLOW_CTX_EXECUTION_DATE='2024-07-02T06:30:00+00:00' AIRFLOW_CTX_TRY_NUMBER='1' AIRFLOW_CTX_DAG_RUN_ID='scheduled__2024-07-02T06:30:00+00:00'
[2024-07-03T12:22:21.750+0000] {logging_mixin.py:151} INFO - path of config file:  /opt/***
[2024-07-03T12:22:21.751+0000] {logging_mixin.py:151} INFO - #>2024-07-03 12:22:21.751234_User@StatDep: EmailRobot in screated.
[2024-07-03T12:22:21.751+0000] {logging_mixin.py:151} INFO - #>2024-07-03 12:22:21.751432_User@StatDep: get_for_recent_emails is started...
[2024-07-03T12:22:21.751+0000] {logging_mixin.py:151} INFO - #>2024-07-03 12:22:21.751570_User@StatDep: pop3_fetch_emails isstarted...
[2024-07-03T12:22:22.141+0000] {logging_mixin.py:151} INFO -    b'+OK'
[2024-07-03T12:22:22.522+0000] {logging_mixin.py:151} INFO -    mailbox have 0 emails and the robot can process 10
[2024-07-03T12:22:22.522+0000] {logging_mixin.py:151} INFO - #>2024-07-03 12:22:22.522394_User@StatDep: no emails to process, exiting pop3_fetch_emails()...
[2024-07-03T12:22:22.522+0000] {python.py:194} INFO - Done. Returned value was: True
[2024-07-03T12:22:22.594+0000] {taskinstance.py:1400} INFO - Marking task as SUCCESS. dag_id=reports_workflow, task_id=id_task_get_emails, execution_date=20240702T063000, start_date=20240703T122221, end_date=20240703T122222
[2024-07-03T12:22:22.652+0000] {local_task_job_runner.py:228} INFO - Task exited with return code 0
[2024-07-03T12:22:22.678+0000] {taskinstance.py:2784} INFO - 1 downstream tasks scheduled from follow-on schedule check
