[2024-07-04T05:08:20.686+0000] {taskinstance.py:1159} INFO - Dependencies all met for dep_context=non-requeueable deps ti=<TaskInstance: reports_workflow.id_task_send_emails scheduled__2024-07-04T04:45:00+00:00 [queued]>
[2024-07-04T05:08:20.709+0000] {taskinstance.py:1159} INFO - Dependencies all met for dep_context=requeueable deps ti=<TaskInstance: reports_workflow.id_task_send_emails scheduled__2024-07-04T04:45:00+00:00 [queued]>
[2024-07-04T05:08:20.709+0000] {taskinstance.py:1361} INFO - Starting attempt 1 of 2
[2024-07-04T05:08:20.727+0000] {taskinstance.py:1382} INFO - Executing <Task(PythonOperator): id_task_send_emails> on 2024-07-04 04:45:00+00:00
[2024-07-04T05:08:20.738+0000] {standard_task_runner.py:57} INFO - Started process 42232 to run task
[2024-07-04T05:08:20.754+0000] {standard_task_runner.py:84} INFO - Running: ['***', 'tasks', 'run', 'reports_workflow', 'id_task_send_emails', 'scheduled__2024-07-04T04:45:00+00:00', '--job-id', '2413', '--raw', '--subdir', 'DAGS_FOLDER/dag_email_robot.py', '--cfg-path', '/tmp/tmpoy1b45fe']
[2024-07-04T05:08:20.756+0000] {standard_task_runner.py:85} INFO - Job 2413: Subtask id_task_send_emails
[2024-07-04T05:08:20.828+0000] {task_command.py:415} INFO - Running <TaskInstance: reports_workflow.id_task_send_emails scheduled__2024-07-04T04:45:00+00:00 [running]> on host 6f4ef5488251
[2024-07-04T05:08:20.915+0000] {taskinstance.py:1660} INFO - Exporting env vars: AIRFLOW_CTX_DAG_OWNER='FIRDAVS' AIRFLOW_CTX_DAG_ID='reports_workflow' AIRFLOW_CTX_TASK_ID='id_task_send_emails' AIRFLOW_CTX_EXECUTION_DATE='2024-07-04T04:45:00+00:00' AIRFLOW_CTX_TRY_NUMBER='1' AIRFLOW_CTX_DAG_RUN_ID='scheduled__2024-07-04T04:45:00+00:00'
[2024-07-04T05:08:20.917+0000] {logging_mixin.py:151} INFO - path of config file:  /opt/***
[2024-07-04T05:08:20.918+0000] {logging_mixin.py:151} INFO - #>2024-07-04 05:08:20.918371_User@StatDep: EmailRobot in screated.
[2024-07-04T05:08:20.918+0000] {logging_mixin.py:151} INFO - #>2024-07-04 05:08:20.918621_User@StatDep: send_validation_results is started...
[2024-07-04T05:08:20.928+0000] {logging_mixin.py:151} INFO -    #>2024-07-04 05:08:20.928825_conneciton to db is set.
[2024-07-04T05:08:20.931+0000] {logging_mixin.py:151} INFO -    #>2024-07-04 05:08:20.931109_cursor execution is successful.
[2024-07-04T05:08:20.931+0000] {logging_mixin.py:151} INFO -    There is no any new submissions found. The get_validation_results is over.
[2024-07-04T05:08:20.933+0000] {python.py:194} INFO - Done. Returned value was: True
[2024-07-04T05:08:20.957+0000] {taskinstance.py:1400} INFO - Marking task as SUCCESS. dag_id=reports_workflow, task_id=id_task_send_emails, execution_date=20240704T044500, start_date=20240704T050820, end_date=20240704T050820
[2024-07-04T05:08:21.012+0000] {local_task_job_runner.py:228} INFO - Task exited with return code 0
[2024-07-04T05:08:21.033+0000] {taskinstance.py:2784} INFO - 0 downstream tasks scheduled from follow-on schedule check
[2024-07-04T05:31:47.768+0000] {taskinstance.py:1159} INFO - Dependencies all met for dep_context=non-requeueable deps ti=<TaskInstance: reports_workflow.id_task_send_emails scheduled__2024-07-04T04:45:00+00:00 [queued]>
[2024-07-04T05:31:47.794+0000] {taskinstance.py:1159} INFO - Dependencies all met for dep_context=requeueable deps ti=<TaskInstance: reports_workflow.id_task_send_emails scheduled__2024-07-04T04:45:00+00:00 [queued]>
[2024-07-04T05:31:47.794+0000] {taskinstance.py:1361} INFO - Starting attempt 1 of 2
[2024-07-04T05:31:47.817+0000] {taskinstance.py:1382} INFO - Executing <Task(PythonOperator): id_task_send_emails> on 2024-07-04 04:45:00+00:00
[2024-07-04T05:31:47.823+0000] {standard_task_runner.py:57} INFO - Started process 42695 to run task
[2024-07-04T05:31:47.835+0000] {standard_task_runner.py:84} INFO - Running: ['***', 'tasks', 'run', 'reports_workflow', 'id_task_send_emails', 'scheduled__2024-07-04T04:45:00+00:00', '--job-id', '2463', '--raw', '--subdir', 'DAGS_FOLDER/dag_email_robot.py', '--cfg-path', '/tmp/tmp48473ll2']
[2024-07-04T05:31:47.837+0000] {standard_task_runner.py:85} INFO - Job 2463: Subtask id_task_send_emails
[2024-07-04T05:31:47.908+0000] {task_command.py:415} INFO - Running <TaskInstance: reports_workflow.id_task_send_emails scheduled__2024-07-04T04:45:00+00:00 [running]> on host 6f4ef5488251
[2024-07-04T05:31:48.047+0000] {taskinstance.py:1660} INFO - Exporting env vars: AIRFLOW_CTX_DAG_OWNER='FIRDAVS' AIRFLOW_CTX_DAG_ID='reports_workflow' AIRFLOW_CTX_TASK_ID='id_task_send_emails' AIRFLOW_CTX_EXECUTION_DATE='2024-07-04T04:45:00+00:00' AIRFLOW_CTX_TRY_NUMBER='1' AIRFLOW_CTX_DAG_RUN_ID='scheduled__2024-07-04T04:45:00+00:00'
[2024-07-04T05:31:48.048+0000] {logging_mixin.py:151} INFO - path of config file:  /opt/***
[2024-07-04T05:31:48.048+0000] {logging_mixin.py:151} INFO - #>2024-07-04 05:31:48.048943_User@StatDep: EmailRobot in screated.
[2024-07-04T05:31:48.049+0000] {logging_mixin.py:151} INFO - #>2024-07-04 05:31:48.049269_User@StatDep: send_validation_results is started...
[2024-07-04T05:31:48.060+0000] {logging_mixin.py:151} INFO -    #>2024-07-04 05:31:48.060534_conneciton to db is set.
[2024-07-04T05:31:48.063+0000] {logging_mixin.py:151} INFO -    #>2024-07-04 05:31:48.063373_cursor execution is successful.
[2024-07-04T05:31:48.063+0000] {logging_mixin.py:151} INFO -    There is no any new submissions found. The get_validation_results is over.
[2024-07-04T05:31:48.065+0000] {python.py:194} INFO - Done. Returned value was: True
[2024-07-04T05:31:48.117+0000] {taskinstance.py:1400} INFO - Marking task as SUCCESS. dag_id=reports_workflow, task_id=id_task_send_emails, execution_date=20240704T044500, start_date=20240704T053147, end_date=20240704T053148
[2024-07-04T05:31:48.171+0000] {local_task_job_runner.py:228} INFO - Task exited with return code 0
[2024-07-04T05:31:48.187+0000] {taskinstance.py:2784} INFO - 0 downstream tasks scheduled from follow-on schedule check
[2024-07-04T05:35:02.701+0000] {taskinstance.py:1159} INFO - Dependencies all met for dep_context=non-requeueable deps ti=<TaskInstance: reports_workflow.id_task_send_emails scheduled__2024-07-04T04:45:00+00:00 [queued]>
[2024-07-04T05:35:02.732+0000] {taskinstance.py:1159} INFO - Dependencies all met for dep_context=requeueable deps ti=<TaskInstance: reports_workflow.id_task_send_emails scheduled__2024-07-04T04:45:00+00:00 [queued]>
[2024-07-04T05:35:02.733+0000] {taskinstance.py:1361} INFO - Starting attempt 1 of 2
[2024-07-04T05:35:02.750+0000] {taskinstance.py:1382} INFO - Executing <Task(PythonOperator): id_task_send_emails> on 2024-07-04 04:45:00+00:00
[2024-07-04T05:35:02.778+0000] {standard_task_runner.py:57} INFO - Started process 42854 to run task
[2024-07-04T05:35:02.810+0000] {standard_task_runner.py:84} INFO - Running: ['***', 'tasks', 'run', 'reports_workflow', 'id_task_send_emails', 'scheduled__2024-07-04T04:45:00+00:00', '--job-id', '2519', '--raw', '--subdir', 'DAGS_FOLDER/dag_email_robot.py', '--cfg-path', '/tmp/tmp1brpvbxy']
[2024-07-04T05:35:02.812+0000] {standard_task_runner.py:85} INFO - Job 2519: Subtask id_task_send_emails
[2024-07-04T05:35:02.938+0000] {task_command.py:415} INFO - Running <TaskInstance: reports_workflow.id_task_send_emails scheduled__2024-07-04T04:45:00+00:00 [running]> on host 6f4ef5488251
[2024-07-04T05:35:03.046+0000] {taskinstance.py:1660} INFO - Exporting env vars: AIRFLOW_CTX_DAG_OWNER='FIRDAVS' AIRFLOW_CTX_DAG_ID='reports_workflow' AIRFLOW_CTX_TASK_ID='id_task_send_emails' AIRFLOW_CTX_EXECUTION_DATE='2024-07-04T04:45:00+00:00' AIRFLOW_CTX_TRY_NUMBER='1' AIRFLOW_CTX_DAG_RUN_ID='scheduled__2024-07-04T04:45:00+00:00'
[2024-07-04T05:35:03.049+0000] {logging_mixin.py:151} INFO - path of config file:  /opt/***
[2024-07-04T05:35:03.050+0000] {logging_mixin.py:151} INFO - #>2024-07-04 05:35:03.050586_User@StatDep: EmailRobot in screated.
[2024-07-04T05:35:03.051+0000] {logging_mixin.py:151} INFO - #>2024-07-04 05:35:03.050966_User@StatDep: send_validation_results is started...
[2024-07-04T05:35:03.062+0000] {logging_mixin.py:151} INFO -    #>2024-07-04 05:35:03.062674_conneciton to db is set.
[2024-07-04T05:35:03.064+0000] {logging_mixin.py:151} INFO -    #>2024-07-04 05:35:03.064652_cursor execution is successful.
[2024-07-04T05:35:03.065+0000] {logging_mixin.py:151} INFO -    There is no any new submissions found. The get_validation_results is over.
[2024-07-04T05:35:03.067+0000] {python.py:194} INFO - Done. Returned value was: True
[2024-07-04T05:35:03.092+0000] {taskinstance.py:1400} INFO - Marking task as SUCCESS. dag_id=reports_workflow, task_id=id_task_send_emails, execution_date=20240704T044500, start_date=20240704T053502, end_date=20240704T053503
[2024-07-04T05:35:03.130+0000] {local_task_job_runner.py:228} INFO - Task exited with return code 0
[2024-07-04T05:35:03.154+0000] {taskinstance.py:2784} INFO - 0 downstream tasks scheduled from follow-on schedule check
