[2024-07-03T14:47:51.029+0000] {taskinstance.py:1159} INFO - Dependencies all met for dep_context=non-requeueable deps ti=<TaskInstance: reports_workflow.id_task_send_emails scheduled__2024-07-03T14:00:00+00:00 [queued]>
[2024-07-03T14:47:51.044+0000] {taskinstance.py:1159} INFO - Dependencies all met for dep_context=requeueable deps ti=<TaskInstance: reports_workflow.id_task_send_emails scheduled__2024-07-03T14:00:00+00:00 [queued]>
[2024-07-03T14:47:51.044+0000] {taskinstance.py:1361} INFO - Starting attempt 1 of 2
[2024-07-03T14:47:51.058+0000] {taskinstance.py:1382} INFO - Executing <Task(PythonOperator): id_task_send_emails> on 2024-07-03 14:00:00+00:00
[2024-07-03T14:47:51.064+0000] {standard_task_runner.py:57} INFO - Started process 28655 to run task
[2024-07-03T14:47:51.072+0000] {standard_task_runner.py:84} INFO - Running: ['***', 'tasks', 'run', 'reports_workflow', 'id_task_send_emails', 'scheduled__2024-07-03T14:00:00+00:00', '--job-id', '2202', '--raw', '--subdir', 'DAGS_FOLDER/dag_email_robot.py', '--cfg-path', '/tmp/tmpmb566et5']
[2024-07-03T14:47:51.073+0000] {standard_task_runner.py:85} INFO - Job 2202: Subtask id_task_send_emails
[2024-07-03T14:47:51.178+0000] {task_command.py:415} INFO - Running <TaskInstance: reports_workflow.id_task_send_emails scheduled__2024-07-03T14:00:00+00:00 [running]> on host 6f4ef5488251
[2024-07-03T14:47:51.321+0000] {taskinstance.py:1660} INFO - Exporting env vars: AIRFLOW_CTX_DAG_OWNER='FIRDAVS' AIRFLOW_CTX_DAG_ID='reports_workflow' AIRFLOW_CTX_TASK_ID='id_task_send_emails' AIRFLOW_CTX_EXECUTION_DATE='2024-07-03T14:00:00+00:00' AIRFLOW_CTX_TRY_NUMBER='1' AIRFLOW_CTX_DAG_RUN_ID='scheduled__2024-07-03T14:00:00+00:00'
[2024-07-03T14:47:51.322+0000] {logging_mixin.py:151} INFO - path of config file:  /opt/***
[2024-07-03T14:47:51.323+0000] {logging_mixin.py:151} INFO - #>2024-07-03 14:47:51.323024_User@StatDep: EmailRobot in screated.
[2024-07-03T14:47:51.323+0000] {logging_mixin.py:151} INFO - #>2024-07-03 14:47:51.323216_User@StatDep: send_validation_results is started...
[2024-07-03T14:47:51.343+0000] {logging_mixin.py:151} INFO -    #>2024-07-03 14:47:51.343227_conneciton to db is set.
[2024-07-03T14:47:51.438+0000] {logging_mixin.py:151} INFO -    #>2024-07-03 14:47:51.437961_cursor execution is successful.
[2024-07-03T14:47:51.438+0000] {logging_mixin.py:151} INFO -    There is no any new submissions found. The get_validation_results is over.
[2024-07-03T14:47:51.440+0000] {python.py:194} INFO - Done. Returned value was: True
[2024-07-03T14:47:51.488+0000] {taskinstance.py:1400} INFO - Marking task as SUCCESS. dag_id=reports_workflow, task_id=id_task_send_emails, execution_date=20240703T140000, start_date=20240703T144751, end_date=20240703T144751
[2024-07-03T14:47:51.532+0000] {local_task_job_runner.py:228} INFO - Task exited with return code 0
[2024-07-03T14:47:51.555+0000] {taskinstance.py:2784} INFO - 0 downstream tasks scheduled from follow-on schedule check
[2024-07-03T14:48:23.647+0000] {taskinstance.py:1159} INFO - Dependencies all met for dep_context=non-requeueable deps ti=<TaskInstance: reports_workflow.id_task_send_emails scheduled__2024-07-03T14:00:00+00:00 [queued]>
[2024-07-03T14:48:23.656+0000] {taskinstance.py:1159} INFO - Dependencies all met for dep_context=requeueable deps ti=<TaskInstance: reports_workflow.id_task_send_emails scheduled__2024-07-03T14:00:00+00:00 [queued]>
[2024-07-03T14:48:23.656+0000] {taskinstance.py:1361} INFO - Starting attempt 1 of 2
[2024-07-03T14:48:23.668+0000] {taskinstance.py:1382} INFO - Executing <Task(PythonOperator): id_task_send_emails> on 2024-07-03 14:00:00+00:00
[2024-07-03T14:48:23.674+0000] {standard_task_runner.py:57} INFO - Started process 28793 to run task
[2024-07-03T14:48:23.682+0000] {standard_task_runner.py:84} INFO - Running: ['***', 'tasks', 'run', 'reports_workflow', 'id_task_send_emails', 'scheduled__2024-07-03T14:00:00+00:00', '--job-id', '2269', '--raw', '--subdir', 'DAGS_FOLDER/dag_email_robot.py', '--cfg-path', '/tmp/tmpyo4f39zh']
[2024-07-03T14:48:23.683+0000] {standard_task_runner.py:85} INFO - Job 2269: Subtask id_task_send_emails
[2024-07-03T14:48:23.742+0000] {task_command.py:415} INFO - Running <TaskInstance: reports_workflow.id_task_send_emails scheduled__2024-07-03T14:00:00+00:00 [running]> on host 6f4ef5488251
[2024-07-03T14:48:23.834+0000] {taskinstance.py:1660} INFO - Exporting env vars: AIRFLOW_CTX_DAG_OWNER='FIRDAVS' AIRFLOW_CTX_DAG_ID='reports_workflow' AIRFLOW_CTX_TASK_ID='id_task_send_emails' AIRFLOW_CTX_EXECUTION_DATE='2024-07-03T14:00:00+00:00' AIRFLOW_CTX_TRY_NUMBER='1' AIRFLOW_CTX_DAG_RUN_ID='scheduled__2024-07-03T14:00:00+00:00'
[2024-07-03T14:48:23.835+0000] {logging_mixin.py:151} INFO - path of config file:  /opt/***
[2024-07-03T14:48:23.835+0000] {logging_mixin.py:151} INFO - #>2024-07-03 14:48:23.835827_User@StatDep: EmailRobot in screated.
[2024-07-03T14:48:23.836+0000] {logging_mixin.py:151} INFO - #>2024-07-03 14:48:23.836025_User@StatDep: send_validation_results is started...
[2024-07-03T14:48:23.845+0000] {logging_mixin.py:151} INFO -    #>2024-07-03 14:48:23.845644_conneciton to db is set.
[2024-07-03T14:48:23.847+0000] {logging_mixin.py:151} INFO -    #>2024-07-03 14:48:23.847403_cursor execution is successful.
[2024-07-03T14:48:23.847+0000] {logging_mixin.py:151} INFO -    There is no any new submissions found. The get_validation_results is over.
[2024-07-03T14:48:23.847+0000] {python.py:194} INFO - Done. Returned value was: True
[2024-07-03T14:48:23.871+0000] {taskinstance.py:1400} INFO - Marking task as SUCCESS. dag_id=reports_workflow, task_id=id_task_send_emails, execution_date=20240703T140000, start_date=20240703T144823, end_date=20240703T144823
[2024-07-03T14:48:23.891+0000] {local_task_job_runner.py:228} INFO - Task exited with return code 0
[2024-07-03T14:48:23.910+0000] {taskinstance.py:2784} INFO - 0 downstream tasks scheduled from follow-on schedule check
[2024-07-03T14:55:36.992+0000] {taskinstance.py:1159} INFO - Dependencies all met for dep_context=non-requeueable deps ti=<TaskInstance: reports_workflow.id_task_send_emails scheduled__2024-07-03T14:00:00+00:00 [queued]>
[2024-07-03T14:55:37.001+0000] {taskinstance.py:1159} INFO - Dependencies all met for dep_context=requeueable deps ti=<TaskInstance: reports_workflow.id_task_send_emails scheduled__2024-07-03T14:00:00+00:00 [queued]>
[2024-07-03T14:55:37.002+0000] {taskinstance.py:1361} INFO - Starting attempt 1 of 2
[2024-07-03T14:55:37.013+0000] {taskinstance.py:1382} INFO - Executing <Task(PythonOperator): id_task_send_emails> on 2024-07-03 14:00:00+00:00
[2024-07-03T14:55:37.020+0000] {standard_task_runner.py:57} INFO - Started process 29037 to run task
[2024-07-03T14:55:37.026+0000] {standard_task_runner.py:84} INFO - Running: ['***', 'tasks', 'run', 'reports_workflow', 'id_task_send_emails', 'scheduled__2024-07-03T14:00:00+00:00', '--job-id', '2338', '--raw', '--subdir', 'DAGS_FOLDER/dag_email_robot.py', '--cfg-path', '/tmp/tmpj1q6k978']
[2024-07-03T14:55:37.027+0000] {standard_task_runner.py:85} INFO - Job 2338: Subtask id_task_send_emails
[2024-07-03T14:55:37.091+0000] {task_command.py:415} INFO - Running <TaskInstance: reports_workflow.id_task_send_emails scheduled__2024-07-03T14:00:00+00:00 [running]> on host 6f4ef5488251
[2024-07-03T14:55:37.192+0000] {taskinstance.py:1660} INFO - Exporting env vars: AIRFLOW_CTX_DAG_OWNER='FIRDAVS' AIRFLOW_CTX_DAG_ID='reports_workflow' AIRFLOW_CTX_TASK_ID='id_task_send_emails' AIRFLOW_CTX_EXECUTION_DATE='2024-07-03T14:00:00+00:00' AIRFLOW_CTX_TRY_NUMBER='1' AIRFLOW_CTX_DAG_RUN_ID='scheduled__2024-07-03T14:00:00+00:00'
[2024-07-03T14:55:37.193+0000] {logging_mixin.py:151} INFO - path of config file:  /opt/***
[2024-07-03T14:55:37.193+0000] {logging_mixin.py:151} INFO - #>2024-07-03 14:55:37.193815_User@StatDep: EmailRobot in screated.
[2024-07-03T14:55:37.194+0000] {logging_mixin.py:151} INFO - #>2024-07-03 14:55:37.194022_User@StatDep: send_validation_results is started...
[2024-07-03T14:55:37.203+0000] {logging_mixin.py:151} INFO -    #>2024-07-03 14:55:37.203716_conneciton to db is set.
[2024-07-03T14:55:37.206+0000] {logging_mixin.py:151} INFO -    #>2024-07-03 14:55:37.205946_cursor execution is successful.
[2024-07-03T14:55:37.206+0000] {logging_mixin.py:151} INFO -    There is no any new submissions found. The get_validation_results is over.
[2024-07-03T14:55:37.208+0000] {python.py:194} INFO - Done. Returned value was: True
[2024-07-03T14:55:37.233+0000] {taskinstance.py:1400} INFO - Marking task as SUCCESS. dag_id=reports_workflow, task_id=id_task_send_emails, execution_date=20240703T140000, start_date=20240703T145536, end_date=20240703T145537
[2024-07-03T14:55:37.281+0000] {local_task_job_runner.py:228} INFO - Task exited with return code 0
[2024-07-03T14:55:37.313+0000] {taskinstance.py:2784} INFO - 0 downstream tasks scheduled from follow-on schedule check
