[2024-07-08T08:20:03.571+0000] {taskinstance.py:1159} INFO - Dependencies all met for dep_context=non-requeueable deps ti=<TaskInstance: reports_workflow.id_task_send_emails scheduled__2024-07-08T08:15:00+00:00 [queued]>
[2024-07-08T08:20:03.579+0000] {taskinstance.py:1159} INFO - Dependencies all met for dep_context=requeueable deps ti=<TaskInstance: reports_workflow.id_task_send_emails scheduled__2024-07-08T08:15:00+00:00 [queued]>
[2024-07-08T08:20:03.580+0000] {taskinstance.py:1361} INFO - Starting attempt 1 of 2
[2024-07-08T08:20:03.590+0000] {taskinstance.py:1382} INFO - Executing <Task(PythonOperator): id_task_send_emails> on 2024-07-08 08:15:00+00:00
[2024-07-08T08:20:03.596+0000] {standard_task_runner.py:57} INFO - Started process 5670 to run task
[2024-07-08T08:20:03.606+0000] {standard_task_runner.py:84} INFO - Running: ['***', 'tasks', 'run', 'reports_workflow', 'id_task_send_emails', 'scheduled__2024-07-08T08:15:00+00:00', '--job-id', '3633', '--raw', '--subdir', 'DAGS_FOLDER/dag_email_robot.py', '--cfg-path', '/tmp/tmphy_mhb09']
[2024-07-08T08:20:03.613+0000] {standard_task_runner.py:85} INFO - Job 3633: Subtask id_task_send_emails
[2024-07-08T08:20:03.703+0000] {task_command.py:415} INFO - Running <TaskInstance: reports_workflow.id_task_send_emails scheduled__2024-07-08T08:15:00+00:00 [running]> on host 6f4ef5488251
[2024-07-08T08:20:03.815+0000] {taskinstance.py:1660} INFO - Exporting env vars: AIRFLOW_CTX_DAG_OWNER='FIRDAVS' AIRFLOW_CTX_DAG_ID='reports_workflow' AIRFLOW_CTX_TASK_ID='id_task_send_emails' AIRFLOW_CTX_EXECUTION_DATE='2024-07-08T08:15:00+00:00' AIRFLOW_CTX_TRY_NUMBER='1' AIRFLOW_CTX_DAG_RUN_ID='scheduled__2024-07-08T08:15:00+00:00'
[2024-07-08T08:20:03.817+0000] {logging_mixin.py:151} INFO - path of config file:  /opt/***
[2024-07-08T08:20:03.818+0000] {logging_mixin.py:151} INFO - #>2024-07-08 08:20:03.818127_User@StatDep: EmailRobot in screated.
[2024-07-08T08:20:03.818+0000] {logging_mixin.py:151} INFO - #>2024-07-08 08:20:03.818372_User@StatDep: send_validation_results is started...
[2024-07-08T08:20:03.832+0000] {logging_mixin.py:151} INFO -    #>2024-07-08 08:20:03.832843_conneciton to db is set.
[2024-07-08T08:20:03.836+0000] {logging_mixin.py:151} INFO -    #>2024-07-08 08:20:03.836178_cursor execution is successful.
[2024-07-08T08:20:03.836+0000] {logging_mixin.py:151} INFO -    There is no any new submissions found. The get_validation_results is over.
[2024-07-08T08:20:03.836+0000] {python.py:194} INFO - Done. Returned value was: True
[2024-07-08T08:20:03.864+0000] {taskinstance.py:1400} INFO - Marking task as SUCCESS. dag_id=reports_workflow, task_id=id_task_send_emails, execution_date=20240708T081500, start_date=20240708T082003, end_date=20240708T082003
[2024-07-08T08:20:03.892+0000] {local_task_job_runner.py:228} INFO - Task exited with return code 0
[2024-07-08T08:20:03.921+0000] {taskinstance.py:2784} INFO - 0 downstream tasks scheduled from follow-on schedule check
[2024-07-08T10:22:50.918+0000] {taskinstance.py:1159} INFO - Dependencies all met for dep_context=non-requeueable deps ti=<TaskInstance: reports_workflow.id_task_send_emails scheduled__2024-07-08T08:15:00+00:00 [queued]>
[2024-07-08T10:22:50.927+0000] {taskinstance.py:1159} INFO - Dependencies all met for dep_context=requeueable deps ti=<TaskInstance: reports_workflow.id_task_send_emails scheduled__2024-07-08T08:15:00+00:00 [queued]>
[2024-07-08T10:22:50.927+0000] {taskinstance.py:1361} INFO - Starting attempt 1 of 2
[2024-07-08T10:22:50.939+0000] {taskinstance.py:1382} INFO - Executing <Task(PythonOperator): id_task_send_emails> on 2024-07-08 08:15:00+00:00
[2024-07-08T10:22:50.945+0000] {standard_task_runner.py:57} INFO - Started process 8198 to run task
[2024-07-08T10:22:50.951+0000] {standard_task_runner.py:84} INFO - Running: ['***', 'tasks', 'run', 'reports_workflow', 'id_task_send_emails', 'scheduled__2024-07-08T08:15:00+00:00', '--job-id', '3851', '--raw', '--subdir', 'DAGS_FOLDER/dag_email_robot.py', '--cfg-path', '/tmp/tmpnlv00xil']
[2024-07-08T10:22:50.955+0000] {standard_task_runner.py:85} INFO - Job 3851: Subtask id_task_send_emails
[2024-07-08T10:22:51.027+0000] {task_command.py:415} INFO - Running <TaskInstance: reports_workflow.id_task_send_emails scheduled__2024-07-08T08:15:00+00:00 [running]> on host 6f4ef5488251
[2024-07-08T10:22:51.132+0000] {taskinstance.py:1660} INFO - Exporting env vars: AIRFLOW_CTX_DAG_OWNER='FIRDAVS' AIRFLOW_CTX_DAG_ID='reports_workflow' AIRFLOW_CTX_TASK_ID='id_task_send_emails' AIRFLOW_CTX_EXECUTION_DATE='2024-07-08T08:15:00+00:00' AIRFLOW_CTX_TRY_NUMBER='1' AIRFLOW_CTX_DAG_RUN_ID='scheduled__2024-07-08T08:15:00+00:00'
[2024-07-08T10:22:51.134+0000] {logging_mixin.py:151} INFO - path of config file:  /opt/***
[2024-07-08T10:22:51.134+0000] {logging_mixin.py:151} INFO - #>2024-07-08 10:22:51.134679_User@StatDep: EmailRobot in screated.
[2024-07-08T10:22:51.134+0000] {logging_mixin.py:151} INFO - #>2024-07-08 10:22:51.134868_User@StatDep: send_validation_results is started...
[2024-07-08T10:22:51.145+0000] {logging_mixin.py:151} INFO -    #>2024-07-08 10:22:51.145622_conneciton to db is set.
[2024-07-08T10:22:51.147+0000] {logging_mixin.py:151} INFO -    #>2024-07-08 10:22:51.147537_cursor execution is successful.
[2024-07-08T10:22:51.147+0000] {logging_mixin.py:151} INFO -    There is no any new submissions found. The get_validation_results is over.
[2024-07-08T10:22:51.148+0000] {python.py:194} INFO - Done. Returned value was: True
[2024-07-08T10:22:51.176+0000] {taskinstance.py:1400} INFO - Marking task as SUCCESS. dag_id=reports_workflow, task_id=id_task_send_emails, execution_date=20240708T081500, start_date=20240708T102250, end_date=20240708T102251
[2024-07-08T10:22:51.204+0000] {local_task_job_runner.py:228} INFO - Task exited with return code 0
[2024-07-08T10:22:51.226+0000] {taskinstance.py:2784} INFO - 0 downstream tasks scheduled from follow-on schedule check
