[2024-07-03T09:58:40.672+0000] {taskinstance.py:1159} INFO - Dependencies all met for dep_context=non-requeueable deps ti=<TaskInstance: reports_workflow.id_task_get_emails scheduled__2024-07-02T21:15:00+00:00 [queued]>
[2024-07-03T09:58:40.690+0000] {taskinstance.py:1159} INFO - Dependencies all met for dep_context=requeueable deps ti=<TaskInstance: reports_workflow.id_task_get_emails scheduled__2024-07-02T21:15:00+00:00 [queued]>
[2024-07-03T09:58:40.691+0000] {taskinstance.py:1361} INFO - Starting attempt 1 of 1
[2024-07-03T09:58:40.708+0000] {taskinstance.py:1382} INFO - Executing <Task(PythonOperator): id_task_get_emails> on 2024-07-02 21:15:00+00:00
[2024-07-03T09:58:40.715+0000] {standard_task_runner.py:57} INFO - Started process 20862 to run task
[2024-07-03T09:58:40.723+0000] {standard_task_runner.py:84} INFO - Running: ['***', 'tasks', 'run', 'reports_workflow', 'id_task_get_emails', 'scheduled__2024-07-02T21:15:00+00:00', '--job-id', '501', '--raw', '--subdir', 'DAGS_FOLDER/dag_email_robot.py', '--cfg-path', '/tmp/tmpa8g6rq0i']
[2024-07-03T09:58:40.724+0000] {standard_task_runner.py:85} INFO - Job 501: Subtask id_task_get_emails
[2024-07-03T09:58:40.830+0000] {task_command.py:415} INFO - Running <TaskInstance: reports_workflow.id_task_get_emails scheduled__2024-07-02T21:15:00+00:00 [running]> on host 6f4ef5488251
[2024-07-03T09:58:40.980+0000] {taskinstance.py:1660} INFO - Exporting env vars: AIRFLOW_CTX_DAG_OWNER='FIRDAVS' AIRFLOW_CTX_DAG_ID='reports_workflow' AIRFLOW_CTX_TASK_ID='id_task_get_emails' AIRFLOW_CTX_EXECUTION_DATE='2024-07-02T21:15:00+00:00' AIRFLOW_CTX_TRY_NUMBER='1' AIRFLOW_CTX_DAG_RUN_ID='scheduled__2024-07-02T21:15:00+00:00'
[2024-07-03T09:58:40.982+0000] {logging_mixin.py:151} INFO - path of config file:  /opt/***
[2024-07-03T09:58:40.984+0000] {logging_mixin.py:151} INFO - #>2024-07-03 09:58:40.983275_User@StatDep: EmailRobot in screated.
[2024-07-03T09:58:40.985+0000] {logging_mixin.py:151} INFO - #>2024-07-03 09:58:40.985711_User@StatDep: get_for_recent_emails is started...
[2024-07-03T09:58:40.985+0000] {logging_mixin.py:151} INFO - #>2024-07-03 09:58:40.985858_User@StatDep: pop3_fetch_emails isstarted...
[2024-07-03T09:58:41.367+0000] {logging_mixin.py:151} INFO -    b'+OK'
[2024-07-03T09:58:41.723+0000] {logging_mixin.py:151} INFO -    mailbox have 0 emails and the robot can process 10
[2024-07-03T09:58:41.723+0000] {logging_mixin.py:151} INFO - #>2024-07-03 09:58:41.723478_User@StatDep: no emails to process, exiting pop3_fetch_emails()...
[2024-07-03T09:58:41.723+0000] {python.py:194} INFO - Done. Returned value was: True
[2024-07-03T09:58:41.751+0000] {taskinstance.py:1400} INFO - Marking task as SUCCESS. dag_id=reports_workflow, task_id=id_task_get_emails, execution_date=20240702T211500, start_date=20240703T095840, end_date=20240703T095841
[2024-07-03T09:58:41.770+0000] {local_task_job_runner.py:228} INFO - Task exited with return code 0
[2024-07-03T09:58:41.788+0000] {taskinstance.py:2784} INFO - 0 downstream tasks scheduled from follow-on schedule check
[2024-07-03T12:30:00.109+0000] {taskinstance.py:1159} INFO - Dependencies all met for dep_context=non-requeueable deps ti=<TaskInstance: reports_workflow.id_task_get_emails scheduled__2024-07-02T21:15:00+00:00 [queued]>
[2024-07-03T12:30:00.134+0000] {taskinstance.py:1159} INFO - Dependencies all met for dep_context=requeueable deps ti=<TaskInstance: reports_workflow.id_task_get_emails scheduled__2024-07-02T21:15:00+00:00 [queued]>
[2024-07-03T12:30:00.135+0000] {taskinstance.py:1361} INFO - Starting attempt 1 of 1
[2024-07-03T12:30:00.149+0000] {taskinstance.py:1382} INFO - Executing <Task(PythonOperator): id_task_get_emails> on 2024-07-02 21:15:00+00:00
[2024-07-03T12:30:00.154+0000] {standard_task_runner.py:57} INFO - Started process 24923 to run task
[2024-07-03T12:30:00.163+0000] {standard_task_runner.py:84} INFO - Running: ['***', 'tasks', 'run', 'reports_workflow', 'id_task_get_emails', 'scheduled__2024-07-02T21:15:00+00:00', '--job-id', '1387', '--raw', '--subdir', 'DAGS_FOLDER/dag_email_robot.py', '--cfg-path', '/tmp/tmpgaoud7m0']
[2024-07-03T12:30:00.164+0000] {standard_task_runner.py:85} INFO - Job 1387: Subtask id_task_get_emails
[2024-07-03T12:30:00.255+0000] {task_command.py:415} INFO - Running <TaskInstance: reports_workflow.id_task_get_emails scheduled__2024-07-02T21:15:00+00:00 [running]> on host 6f4ef5488251
[2024-07-03T12:30:00.376+0000] {taskinstance.py:1660} INFO - Exporting env vars: AIRFLOW_CTX_DAG_OWNER='FIRDAVS' AIRFLOW_CTX_DAG_ID='reports_workflow' AIRFLOW_CTX_TASK_ID='id_task_get_emails' AIRFLOW_CTX_EXECUTION_DATE='2024-07-02T21:15:00+00:00' AIRFLOW_CTX_TRY_NUMBER='1' AIRFLOW_CTX_DAG_RUN_ID='scheduled__2024-07-02T21:15:00+00:00'
[2024-07-03T12:30:00.377+0000] {logging_mixin.py:151} INFO - path of config file:  /opt/***
[2024-07-03T12:30:00.378+0000] {logging_mixin.py:151} INFO - #>2024-07-03 12:30:00.378377_User@StatDep: EmailRobot in screated.
[2024-07-03T12:30:00.378+0000] {logging_mixin.py:151} INFO - #>2024-07-03 12:30:00.378598_User@StatDep: get_for_recent_emails is started...
[2024-07-03T12:30:00.378+0000] {logging_mixin.py:151} INFO - #>2024-07-03 12:30:00.378743_User@StatDep: pop3_fetch_emails isstarted...
[2024-07-03T12:30:00.764+0000] {logging_mixin.py:151} INFO -    b'+OK'
[2024-07-03T12:30:01.135+0000] {logging_mixin.py:151} INFO -    mailbox have 0 emails and the robot can process 10
[2024-07-03T12:30:01.135+0000] {logging_mixin.py:151} INFO - #>2024-07-03 12:30:01.135796_User@StatDep: no emails to process, exiting pop3_fetch_emails()...
[2024-07-03T12:30:01.136+0000] {python.py:194} INFO - Done. Returned value was: True
[2024-07-03T12:30:01.174+0000] {taskinstance.py:1400} INFO - Marking task as SUCCESS. dag_id=reports_workflow, task_id=id_task_get_emails, execution_date=20240702T211500, start_date=20240703T123000, end_date=20240703T123001
[2024-07-03T12:30:01.223+0000] {local_task_job_runner.py:228} INFO - Task exited with return code 0
[2024-07-03T12:30:01.257+0000] {taskinstance.py:2784} INFO - 1 downstream tasks scheduled from follow-on schedule check
