[2024-07-03T09:58:20.046+0000] {taskinstance.py:1159} INFO - Dependencies all met for dep_context=non-requeueable deps ti=<TaskInstance: reports_workflow.id_task_get_emails scheduled__2024-07-02T17:25:00+00:00 [queued]>
[2024-07-03T09:58:20.066+0000] {taskinstance.py:1159} INFO - Dependencies all met for dep_context=requeueable deps ti=<TaskInstance: reports_workflow.id_task_get_emails scheduled__2024-07-02T17:25:00+00:00 [queued]>
[2024-07-03T09:58:20.067+0000] {taskinstance.py:1361} INFO - Starting attempt 1 of 1
[2024-07-03T09:58:20.103+0000] {taskinstance.py:1382} INFO - Executing <Task(PythonOperator): id_task_get_emails> on 2024-07-02 17:25:00+00:00
[2024-07-03T09:58:20.108+0000] {standard_task_runner.py:57} INFO - Started process 20761 to run task
[2024-07-03T09:58:20.123+0000] {standard_task_runner.py:84} INFO - Running: ['***', 'tasks', 'run', 'reports_workflow', 'id_task_get_emails', 'scheduled__2024-07-02T17:25:00+00:00', '--job-id', '455', '--raw', '--subdir', 'DAGS_FOLDER/dag_email_robot.py', '--cfg-path', '/tmp/tmposad7uik']
[2024-07-03T09:58:20.129+0000] {standard_task_runner.py:85} INFO - Job 455: Subtask id_task_get_emails
[2024-07-03T09:58:20.217+0000] {task_command.py:415} INFO - Running <TaskInstance: reports_workflow.id_task_get_emails scheduled__2024-07-02T17:25:00+00:00 [running]> on host 6f4ef5488251
[2024-07-03T09:58:20.351+0000] {taskinstance.py:1660} INFO - Exporting env vars: AIRFLOW_CTX_DAG_OWNER='FIRDAVS' AIRFLOW_CTX_DAG_ID='reports_workflow' AIRFLOW_CTX_TASK_ID='id_task_get_emails' AIRFLOW_CTX_EXECUTION_DATE='2024-07-02T17:25:00+00:00' AIRFLOW_CTX_TRY_NUMBER='1' AIRFLOW_CTX_DAG_RUN_ID='scheduled__2024-07-02T17:25:00+00:00'
[2024-07-03T09:58:20.352+0000] {logging_mixin.py:151} INFO - path of config file:  /opt/***
[2024-07-03T09:58:20.352+0000] {logging_mixin.py:151} INFO - #>2024-07-03 09:58:20.352710_User@StatDep: EmailRobot in screated.
[2024-07-03T09:58:20.353+0000] {logging_mixin.py:151} INFO - #>2024-07-03 09:58:20.353047_User@StatDep: get_for_recent_emails is started...
[2024-07-03T09:58:20.353+0000] {logging_mixin.py:151} INFO - #>2024-07-03 09:58:20.353332_User@StatDep: pop3_fetch_emails isstarted...
[2024-07-03T09:58:20.777+0000] {logging_mixin.py:151} INFO -    b'+OK'
[2024-07-03T09:58:21.092+0000] {logging_mixin.py:151} INFO -    mailbox have 0 emails and the robot can process 10
[2024-07-03T09:58:21.093+0000] {logging_mixin.py:151} INFO - #>2024-07-03 09:58:21.093246_User@StatDep: no emails to process, exiting pop3_fetch_emails()...
[2024-07-03T09:58:21.093+0000] {python.py:194} INFO - Done. Returned value was: True
[2024-07-03T09:58:21.168+0000] {taskinstance.py:1400} INFO - Marking task as SUCCESS. dag_id=reports_workflow, task_id=id_task_get_emails, execution_date=20240702T172500, start_date=20240703T095820, end_date=20240703T095821
[2024-07-03T09:58:21.200+0000] {local_task_job_runner.py:228} INFO - Task exited with return code 0
[2024-07-03T09:58:21.230+0000] {taskinstance.py:2784} INFO - 0 downstream tasks scheduled from follow-on schedule check
[2024-07-03T12:05:42.686+0000] {taskinstance.py:1159} INFO - Dependencies all met for dep_context=non-requeueable deps ti=<TaskInstance: reports_workflow.id_task_get_emails scheduled__2024-07-02T17:25:00+00:00 [queued]>
[2024-07-03T12:05:42.702+0000] {taskinstance.py:1159} INFO - Dependencies all met for dep_context=requeueable deps ti=<TaskInstance: reports_workflow.id_task_get_emails scheduled__2024-07-02T17:25:00+00:00 [queued]>
[2024-07-03T12:05:42.704+0000] {taskinstance.py:1361} INFO - Starting attempt 1 of 1
[2024-07-03T12:05:42.761+0000] {taskinstance.py:1382} INFO - Executing <Task(PythonOperator): id_task_get_emails> on 2024-07-02 17:25:00+00:00
[2024-07-03T12:05:42.768+0000] {standard_task_runner.py:57} INFO - Started process 23577 to run task
[2024-07-03T12:05:42.787+0000] {standard_task_runner.py:84} INFO - Running: ['***', 'tasks', 'run', 'reports_workflow', 'id_task_get_emails', 'scheduled__2024-07-02T17:25:00+00:00', '--job-id', '895', '--raw', '--subdir', 'DAGS_FOLDER/dag_email_robot.py', '--cfg-path', '/tmp/tmprlmys3a7']
[2024-07-03T12:05:42.790+0000] {standard_task_runner.py:85} INFO - Job 895: Subtask id_task_get_emails
[2024-07-03T12:05:42.862+0000] {task_command.py:415} INFO - Running <TaskInstance: reports_workflow.id_task_get_emails scheduled__2024-07-02T17:25:00+00:00 [running]> on host 6f4ef5488251
[2024-07-03T12:05:42.958+0000] {taskinstance.py:1660} INFO - Exporting env vars: AIRFLOW_CTX_DAG_OWNER='FIRDAVS' AIRFLOW_CTX_DAG_ID='reports_workflow' AIRFLOW_CTX_TASK_ID='id_task_get_emails' AIRFLOW_CTX_EXECUTION_DATE='2024-07-02T17:25:00+00:00' AIRFLOW_CTX_TRY_NUMBER='1' AIRFLOW_CTX_DAG_RUN_ID='scheduled__2024-07-02T17:25:00+00:00'
[2024-07-03T12:05:42.961+0000] {logging_mixin.py:151} INFO - path of config file:  /opt/***
[2024-07-03T12:05:42.962+0000] {logging_mixin.py:151} INFO - #>2024-07-03 12:05:42.962138_User@StatDep: EmailRobot in screated.
[2024-07-03T12:05:42.962+0000] {logging_mixin.py:151} INFO - #>2024-07-03 12:05:42.962585_User@StatDep: get_for_recent_emails is started...
[2024-07-03T12:05:42.962+0000] {logging_mixin.py:151} INFO - #>2024-07-03 12:05:42.962951_User@StatDep: pop3_fetch_emails isstarted...
[2024-07-03T12:05:43.338+0000] {logging_mixin.py:151} INFO -    b'+OK'
[2024-07-03T12:05:43.805+0000] {logging_mixin.py:151} INFO -    mailbox have 1 emails and the robot can process 10
[2024-07-03T12:05:44.272+0000] {logging_mixin.py:151} INFO -    #>2024-07-03 12:05:44.272004_conneciton to db is set.
[2024-07-03T12:05:44.277+0000] {taskinstance.py:1943} ERROR - Task failed with exception
Traceback (most recent call last):
  File "/home/airflow/.local/lib/python3.8/site-packages/airflow/operators/python.py", line 192, in execute
    return_value = self.execute_callable()
  File "/home/airflow/.local/lib/python3.8/site-packages/airflow/operators/python.py", line 209, in execute_callable
    return self.python_callable(*self.op_args, **self.op_kwargs)
  File "/opt/airflow/dags/dag_email_robot.py", line 25, in get_emails
    robot.fetch_emails()
  File "/opt/airflow/dags/emailRobot.py", line 62, in fetch_emails
    return self.pop3_fetch_emails()
  File "/opt/airflow/dags/emailRobot.py", line 156, in pop3_fetch_emails
    cursor.execute (query, insert_values)
psycopg2.errors.UndefinedTable: relation "sma_stat_dep.tbl_file_upload" does not exist
LINE 1: ...) AS (INSERT INTO                                 sma_stat_d...
                                                             ^

[2024-07-03T12:05:44.295+0000] {taskinstance.py:1400} INFO - Marking task as FAILED. dag_id=reports_workflow, task_id=id_task_get_emails, execution_date=20240702T172500, start_date=20240703T120542, end_date=20240703T120544
[2024-07-03T12:05:44.306+0000] {standard_task_runner.py:104} ERROR - Failed to execute job 895 for task id_task_get_emails (relation "sma_stat_dep.tbl_file_upload" does not exist
LINE 1: ...) AS (INSERT INTO                                 sma_stat_d...
                                                             ^
; 23577)
[2024-07-03T12:05:44.328+0000] {local_task_job_runner.py:228} INFO - Task exited with return code 1
[2024-07-03T12:05:44.362+0000] {taskinstance.py:2784} INFO - 0 downstream tasks scheduled from follow-on schedule check
[2024-07-03T12:28:21.611+0000] {taskinstance.py:1159} INFO - Dependencies all met for dep_context=non-requeueable deps ti=<TaskInstance: reports_workflow.id_task_get_emails scheduled__2024-07-02T17:25:00+00:00 [queued]>
[2024-07-03T12:28:21.637+0000] {taskinstance.py:1159} INFO - Dependencies all met for dep_context=requeueable deps ti=<TaskInstance: reports_workflow.id_task_get_emails scheduled__2024-07-02T17:25:00+00:00 [queued]>
[2024-07-03T12:28:21.638+0000] {taskinstance.py:1361} INFO - Starting attempt 1 of 1
[2024-07-03T12:28:21.651+0000] {taskinstance.py:1382} INFO - Executing <Task(PythonOperator): id_task_get_emails> on 2024-07-02 17:25:00+00:00
[2024-07-03T12:28:21.656+0000] {standard_task_runner.py:57} INFO - Started process 24727 to run task
[2024-07-03T12:28:21.663+0000] {standard_task_runner.py:84} INFO - Running: ['***', 'tasks', 'run', 'reports_workflow', 'id_task_get_emails', 'scheduled__2024-07-02T17:25:00+00:00', '--job-id', '1300', '--raw', '--subdir', 'DAGS_FOLDER/dag_email_robot.py', '--cfg-path', '/tmp/tmpoiz4yx98']
[2024-07-03T12:28:21.664+0000] {standard_task_runner.py:85} INFO - Job 1300: Subtask id_task_get_emails
[2024-07-03T12:28:21.714+0000] {task_command.py:415} INFO - Running <TaskInstance: reports_workflow.id_task_get_emails scheduled__2024-07-02T17:25:00+00:00 [running]> on host 6f4ef5488251
[2024-07-03T12:28:21.800+0000] {taskinstance.py:1660} INFO - Exporting env vars: AIRFLOW_CTX_DAG_OWNER='FIRDAVS' AIRFLOW_CTX_DAG_ID='reports_workflow' AIRFLOW_CTX_TASK_ID='id_task_get_emails' AIRFLOW_CTX_EXECUTION_DATE='2024-07-02T17:25:00+00:00' AIRFLOW_CTX_TRY_NUMBER='1' AIRFLOW_CTX_DAG_RUN_ID='scheduled__2024-07-02T17:25:00+00:00'
[2024-07-03T12:28:21.801+0000] {logging_mixin.py:151} INFO - path of config file:  /opt/***
[2024-07-03T12:28:21.802+0000] {logging_mixin.py:151} INFO - #>2024-07-03 12:28:21.802078_User@StatDep: EmailRobot in screated.
[2024-07-03T12:28:21.802+0000] {logging_mixin.py:151} INFO - #>2024-07-03 12:28:21.802281_User@StatDep: get_for_recent_emails is started...
[2024-07-03T12:28:21.802+0000] {logging_mixin.py:151} INFO - #>2024-07-03 12:28:21.802423_User@StatDep: pop3_fetch_emails isstarted...
[2024-07-03T12:28:22.311+0000] {logging_mixin.py:151} INFO -    b'+OK'
[2024-07-03T12:28:22.675+0000] {logging_mixin.py:151} INFO -    mailbox have 0 emails and the robot can process 10
[2024-07-03T12:28:22.675+0000] {logging_mixin.py:151} INFO - #>2024-07-03 12:28:22.675925_User@StatDep: no emails to process, exiting pop3_fetch_emails()...
[2024-07-03T12:28:22.676+0000] {python.py:194} INFO - Done. Returned value was: True
[2024-07-03T12:28:22.703+0000] {taskinstance.py:1400} INFO - Marking task as SUCCESS. dag_id=reports_workflow, task_id=id_task_get_emails, execution_date=20240702T172500, start_date=20240703T122821, end_date=20240703T122822
[2024-07-03T12:28:22.759+0000] {local_task_job_runner.py:228} INFO - Task exited with return code 0
[2024-07-03T12:28:22.784+0000] {taskinstance.py:2784} INFO - 1 downstream tasks scheduled from follow-on schedule check
