[2024-07-03T09:57:50.605+0000] {taskinstance.py:1159} INFO - Dependencies all met for dep_context=non-requeueable deps ti=<TaskInstance: reports_workflow.id_task_get_emails scheduled__2024-07-02T12:10:00+00:00 [queued]>
[2024-07-03T09:57:50.647+0000] {taskinstance.py:1159} INFO - Dependencies all met for dep_context=requeueable deps ti=<TaskInstance: reports_workflow.id_task_get_emails scheduled__2024-07-02T12:10:00+00:00 [queued]>
[2024-07-03T09:57:50.647+0000] {taskinstance.py:1361} INFO - Starting attempt 1 of 1
[2024-07-03T09:57:50.689+0000] {taskinstance.py:1382} INFO - Executing <Task(PythonOperator): id_task_get_emails> on 2024-07-02 12:10:00+00:00
[2024-07-03T09:57:50.707+0000] {standard_task_runner.py:57} INFO - Started process 20627 to run task
[2024-07-03T09:57:50.724+0000] {standard_task_runner.py:84} INFO - Running: ['***', 'tasks', 'run', 'reports_workflow', 'id_task_get_emails', 'scheduled__2024-07-02T12:10:00+00:00', '--job-id', '391', '--raw', '--subdir', 'DAGS_FOLDER/dag_email_robot.py', '--cfg-path', '/tmp/tmptvzwnk04']
[2024-07-03T09:57:50.734+0000] {standard_task_runner.py:85} INFO - Job 391: Subtask id_task_get_emails
[2024-07-03T09:57:50.913+0000] {task_command.py:415} INFO - Running <TaskInstance: reports_workflow.id_task_get_emails scheduled__2024-07-02T12:10:00+00:00 [running]> on host 6f4ef5488251
[2024-07-03T09:57:51.093+0000] {taskinstance.py:1660} INFO - Exporting env vars: AIRFLOW_CTX_DAG_OWNER='FIRDAVS' AIRFLOW_CTX_DAG_ID='reports_workflow' AIRFLOW_CTX_TASK_ID='id_task_get_emails' AIRFLOW_CTX_EXECUTION_DATE='2024-07-02T12:10:00+00:00' AIRFLOW_CTX_TRY_NUMBER='1' AIRFLOW_CTX_DAG_RUN_ID='scheduled__2024-07-02T12:10:00+00:00'
[2024-07-03T09:57:51.095+0000] {logging_mixin.py:151} INFO - path of config file:  /opt/***
[2024-07-03T09:57:51.095+0000] {taskinstance.py:1943} ERROR - Task failed with exception
Traceback (most recent call last):
  File "/home/airflow/.local/lib/python3.8/site-packages/airflow/operators/python.py", line 192, in execute
    return_value = self.execute_callable()
  File "/home/airflow/.local/lib/python3.8/site-packages/airflow/operators/python.py", line 209, in execute_callable
    return self.python_callable(*self.op_args, **self.op_kwargs)
  File "/opt/airflow/dags/dag_email_robot.py", line 22, in get_emails
    email_conf = json.load (open(path / ("config/email_conf.json")))
NameError: name 'json' is not defined
[2024-07-03T09:57:51.114+0000] {taskinstance.py:1400} INFO - Marking task as FAILED. dag_id=reports_workflow, task_id=id_task_get_emails, execution_date=20240702T121000, start_date=20240703T095750, end_date=20240703T095751
[2024-07-03T09:57:51.130+0000] {standard_task_runner.py:104} ERROR - Failed to execute job 391 for task id_task_get_emails (name 'json' is not defined; 20627)
[2024-07-03T09:57:51.144+0000] {local_task_job_runner.py:228} INFO - Task exited with return code 1
[2024-07-03T09:57:51.166+0000] {taskinstance.py:2784} INFO - 0 downstream tasks scheduled from follow-on schedule check
[2024-07-03T12:05:17.014+0000] {taskinstance.py:1159} INFO - Dependencies all met for dep_context=non-requeueable deps ti=<TaskInstance: reports_workflow.id_task_get_emails scheduled__2024-07-02T12:10:00+00:00 [queued]>
[2024-07-03T12:05:17.029+0000] {taskinstance.py:1159} INFO - Dependencies all met for dep_context=requeueable deps ti=<TaskInstance: reports_workflow.id_task_get_emails scheduled__2024-07-02T12:10:00+00:00 [queued]>
[2024-07-03T12:05:17.030+0000] {taskinstance.py:1361} INFO - Starting attempt 1 of 1
[2024-07-03T12:05:17.098+0000] {taskinstance.py:1382} INFO - Executing <Task(PythonOperator): id_task_get_emails> on 2024-07-02 12:10:00+00:00
[2024-07-03T12:05:17.103+0000] {standard_task_runner.py:57} INFO - Started process 23443 to run task
[2024-07-03T12:05:17.107+0000] {standard_task_runner.py:84} INFO - Running: ['***', 'tasks', 'run', 'reports_workflow', 'id_task_get_emails', 'scheduled__2024-07-02T12:10:00+00:00', '--job-id', '832', '--raw', '--subdir', 'DAGS_FOLDER/dag_email_robot.py', '--cfg-path', '/tmp/tmpidrz8jiw']
[2024-07-03T12:05:17.108+0000] {standard_task_runner.py:85} INFO - Job 832: Subtask id_task_get_emails
[2024-07-03T12:05:17.210+0000] {task_command.py:415} INFO - Running <TaskInstance: reports_workflow.id_task_get_emails scheduled__2024-07-02T12:10:00+00:00 [running]> on host 6f4ef5488251
[2024-07-03T12:05:17.360+0000] {taskinstance.py:1660} INFO - Exporting env vars: AIRFLOW_CTX_DAG_OWNER='FIRDAVS' AIRFLOW_CTX_DAG_ID='reports_workflow' AIRFLOW_CTX_TASK_ID='id_task_get_emails' AIRFLOW_CTX_EXECUTION_DATE='2024-07-02T12:10:00+00:00' AIRFLOW_CTX_TRY_NUMBER='1' AIRFLOW_CTX_DAG_RUN_ID='scheduled__2024-07-02T12:10:00+00:00'
[2024-07-03T12:05:17.361+0000] {logging_mixin.py:151} INFO - path of config file:  /opt/***
[2024-07-03T12:05:17.362+0000] {logging_mixin.py:151} INFO - #>2024-07-03 12:05:17.362159_User@StatDep: EmailRobot in screated.
[2024-07-03T12:05:17.362+0000] {logging_mixin.py:151} INFO - #>2024-07-03 12:05:17.362369_User@StatDep: get_for_recent_emails is started...
[2024-07-03T12:05:17.362+0000] {logging_mixin.py:151} INFO - #>2024-07-03 12:05:17.362507_User@StatDep: pop3_fetch_emails isstarted...
[2024-07-03T12:05:17.758+0000] {logging_mixin.py:151} INFO -    b'+OK'
[2024-07-03T12:05:18.195+0000] {logging_mixin.py:151} INFO -    mailbox have 1 emails and the robot can process 10
[2024-07-03T12:05:19.252+0000] {logging_mixin.py:151} INFO -    #>2024-07-03 12:05:19.252055_conneciton to db is set.
[2024-07-03T12:05:19.257+0000] {taskinstance.py:1943} ERROR - Task failed with exception
Traceback (most recent call last):
  File "/home/airflow/.local/lib/python3.8/site-packages/airflow/operators/python.py", line 192, in execute
    return_value = self.execute_callable()
  File "/home/airflow/.local/lib/python3.8/site-packages/airflow/operators/python.py", line 209, in execute_callable
    return self.python_callable(*self.op_args, **self.op_kwargs)
  File "/opt/airflow/dags/dag_email_robot.py", line 25, in get_emails
    robot.fetch_emails()
  File "/opt/airflow/dags/emailRobot.py", line 62, in fetch_emails
    return self.pop3_fetch_emails()
  File "/opt/airflow/dags/emailRobot.py", line 156, in pop3_fetch_emails
    cursor.execute (query, insert_values)
psycopg2.errors.UndefinedTable: relation "sma_stat_dep.tbl_file_upload" does not exist
LINE 1: ...) AS (INSERT INTO                                 sma_stat_d...
                                                             ^

[2024-07-03T12:05:19.267+0000] {taskinstance.py:1400} INFO - Marking task as FAILED. dag_id=reports_workflow, task_id=id_task_get_emails, execution_date=20240702T121000, start_date=20240703T120517, end_date=20240703T120519
[2024-07-03T12:05:19.280+0000] {standard_task_runner.py:104} ERROR - Failed to execute job 832 for task id_task_get_emails (relation "sma_stat_dep.tbl_file_upload" does not exist
LINE 1: ...) AS (INSERT INTO                                 sma_stat_d...
                                                             ^
; 23443)
[2024-07-03T12:05:19.302+0000] {local_task_job_runner.py:228} INFO - Task exited with return code 1
[2024-07-03T12:05:19.342+0000] {taskinstance.py:2784} INFO - 0 downstream tasks scheduled from follow-on schedule check
[2024-07-03T12:24:24.885+0000] {taskinstance.py:1159} INFO - Dependencies all met for dep_context=non-requeueable deps ti=<TaskInstance: reports_workflow.id_task_get_emails scheduled__2024-07-02T12:10:00+00:00 [queued]>
[2024-07-03T12:24:24.893+0000] {taskinstance.py:1159} INFO - Dependencies all met for dep_context=requeueable deps ti=<TaskInstance: reports_workflow.id_task_get_emails scheduled__2024-07-02T12:10:00+00:00 [queued]>
[2024-07-03T12:24:24.894+0000] {taskinstance.py:1361} INFO - Starting attempt 1 of 1
[2024-07-03T12:24:24.908+0000] {taskinstance.py:1382} INFO - Executing <Task(PythonOperator): id_task_get_emails> on 2024-07-02 12:10:00+00:00
[2024-07-03T12:24:24.913+0000] {standard_task_runner.py:57} INFO - Started process 24415 to run task
[2024-07-03T12:24:24.916+0000] {standard_task_runner.py:84} INFO - Running: ['***', 'tasks', 'run', 'reports_workflow', 'id_task_get_emails', 'scheduled__2024-07-02T12:10:00+00:00', '--job-id', '1173', '--raw', '--subdir', 'DAGS_FOLDER/dag_email_robot.py', '--cfg-path', '/tmp/tmpyp03vpm1']
[2024-07-03T12:24:24.917+0000] {standard_task_runner.py:85} INFO - Job 1173: Subtask id_task_get_emails
[2024-07-03T12:24:24.966+0000] {task_command.py:415} INFO - Running <TaskInstance: reports_workflow.id_task_get_emails scheduled__2024-07-02T12:10:00+00:00 [running]> on host 6f4ef5488251
[2024-07-03T12:24:25.035+0000] {taskinstance.py:1660} INFO - Exporting env vars: AIRFLOW_CTX_DAG_OWNER='FIRDAVS' AIRFLOW_CTX_DAG_ID='reports_workflow' AIRFLOW_CTX_TASK_ID='id_task_get_emails' AIRFLOW_CTX_EXECUTION_DATE='2024-07-02T12:10:00+00:00' AIRFLOW_CTX_TRY_NUMBER='1' AIRFLOW_CTX_DAG_RUN_ID='scheduled__2024-07-02T12:10:00+00:00'
[2024-07-03T12:24:25.035+0000] {logging_mixin.py:151} INFO - path of config file:  /opt/***
[2024-07-03T12:24:25.036+0000] {logging_mixin.py:151} INFO - #>2024-07-03 12:24:25.036346_User@StatDep: EmailRobot in screated.
[2024-07-03T12:24:25.036+0000] {logging_mixin.py:151} INFO - #>2024-07-03 12:24:25.036517_User@StatDep: get_for_recent_emails is started...
[2024-07-03T12:24:25.036+0000] {logging_mixin.py:151} INFO - #>2024-07-03 12:24:25.036643_User@StatDep: pop3_fetch_emails isstarted...
[2024-07-03T12:24:25.406+0000] {logging_mixin.py:151} INFO -    b'+OK'
[2024-07-03T12:24:25.759+0000] {logging_mixin.py:151} INFO -    mailbox have 0 emails and the robot can process 10
[2024-07-03T12:24:25.764+0000] {logging_mixin.py:151} INFO - #>2024-07-03 12:24:25.764014_User@StatDep: no emails to process, exiting pop3_fetch_emails()...
[2024-07-03T12:24:25.764+0000] {python.py:194} INFO - Done. Returned value was: True
[2024-07-03T12:24:25.797+0000] {taskinstance.py:1400} INFO - Marking task as SUCCESS. dag_id=reports_workflow, task_id=id_task_get_emails, execution_date=20240702T121000, start_date=20240703T122424, end_date=20240703T122425
[2024-07-03T12:24:25.856+0000] {local_task_job_runner.py:228} INFO - Task exited with return code 0
[2024-07-03T12:24:25.889+0000] {taskinstance.py:2784} INFO - 1 downstream tasks scheduled from follow-on schedule check
[2024-07-03T14:47:04.348+0000] {taskinstance.py:1159} INFO - Dependencies all met for dep_context=non-requeueable deps ti=<TaskInstance: reports_workflow.id_task_get_emails scheduled__2024-07-02T12:10:00+00:00 [queued]>
[2024-07-03T14:47:04.375+0000] {taskinstance.py:1159} INFO - Dependencies all met for dep_context=requeueable deps ti=<TaskInstance: reports_workflow.id_task_get_emails scheduled__2024-07-02T12:10:00+00:00 [queued]>
[2024-07-03T14:47:04.375+0000] {taskinstance.py:1361} INFO - Starting attempt 1 of 2
[2024-07-03T14:47:04.502+0000] {taskinstance.py:1382} INFO - Executing <Task(PythonOperator): id_task_get_emails> on 2024-07-02 12:10:00+00:00
[2024-07-03T14:47:04.509+0000] {standard_task_runner.py:57} INFO - Started process 28493 to run task
[2024-07-03T14:47:04.531+0000] {standard_task_runner.py:84} INFO - Running: ['***', 'tasks', 'run', 'reports_workflow', 'id_task_get_emails', 'scheduled__2024-07-02T12:10:00+00:00', '--job-id', '2130', '--raw', '--subdir', 'DAGS_FOLDER/dag_email_robot.py', '--cfg-path', '/tmp/tmpwy_mtuea']
[2024-07-03T14:47:04.532+0000] {standard_task_runner.py:85} INFO - Job 2130: Subtask id_task_get_emails
[2024-07-03T14:47:04.666+0000] {task_command.py:415} INFO - Running <TaskInstance: reports_workflow.id_task_get_emails scheduled__2024-07-02T12:10:00+00:00 [running]> on host 6f4ef5488251
[2024-07-03T14:47:05.037+0000] {taskinstance.py:1660} INFO - Exporting env vars: AIRFLOW_CTX_DAG_OWNER='FIRDAVS' AIRFLOW_CTX_DAG_ID='reports_workflow' AIRFLOW_CTX_TASK_ID='id_task_get_emails' AIRFLOW_CTX_EXECUTION_DATE='2024-07-02T12:10:00+00:00' AIRFLOW_CTX_TRY_NUMBER='1' AIRFLOW_CTX_DAG_RUN_ID='scheduled__2024-07-02T12:10:00+00:00'
[2024-07-03T14:47:05.045+0000] {logging_mixin.py:151} INFO - path of config file:  /opt/***
[2024-07-03T14:47:05.046+0000] {logging_mixin.py:151} INFO - #>2024-07-03 14:47:05.046118_User@StatDep: EmailRobot in screated.
[2024-07-03T14:47:05.046+0000] {logging_mixin.py:151} INFO - #>2024-07-03 14:47:05.046475_User@StatDep: get_for_recent_emails is started...
[2024-07-03T14:47:05.046+0000] {logging_mixin.py:151} INFO - #>2024-07-03 14:47:05.046634_User@StatDep: pop3_fetch_emails isstarted...
[2024-07-03T14:47:05.469+0000] {logging_mixin.py:151} INFO -    b'+OK'
[2024-07-03T14:47:05.802+0000] {logging_mixin.py:151} INFO -    mailbox have 0 emails and the robot can process 10
[2024-07-03T14:47:05.802+0000] {logging_mixin.py:151} INFO - #>2024-07-03 14:47:05.802946_User@StatDep: no emails to process, exiting pop3_fetch_emails()...
[2024-07-03T14:47:05.803+0000] {python.py:194} INFO - Done. Returned value was: True
[2024-07-03T14:47:05.858+0000] {taskinstance.py:1400} INFO - Marking task as SUCCESS. dag_id=reports_workflow, task_id=id_task_get_emails, execution_date=20240702T121000, start_date=20240703T144704, end_date=20240703T144705
[2024-07-03T14:47:05.880+0000] {local_task_job_runner.py:228} INFO - Task exited with return code 0
[2024-07-03T14:47:05.924+0000] {taskinstance.py:2784} INFO - 1 downstream tasks scheduled from follow-on schedule check
