[2024-07-03T09:59:45.573+0000] {taskinstance.py:1159} INFO - Dependencies all met for dep_context=non-requeueable deps ti=<TaskInstance: reports_workflow.id_task_get_emails scheduled__2024-07-03T06:40:00+00:00 [queued]>
[2024-07-03T09:59:45.580+0000] {taskinstance.py:1159} INFO - Dependencies all met for dep_context=requeueable deps ti=<TaskInstance: reports_workflow.id_task_get_emails scheduled__2024-07-03T06:40:00+00:00 [queued]>
[2024-07-03T09:59:45.581+0000] {taskinstance.py:1361} INFO - Starting attempt 1 of 1
[2024-07-03T09:59:45.591+0000] {taskinstance.py:1382} INFO - Executing <Task(PythonOperator): id_task_get_emails> on 2024-07-03 06:40:00+00:00
[2024-07-03T09:59:45.596+0000] {standard_task_runner.py:57} INFO - Started process 21100 to run task
[2024-07-03T09:59:45.599+0000] {standard_task_runner.py:84} INFO - Running: ['***', 'tasks', 'run', 'reports_workflow', 'id_task_get_emails', 'scheduled__2024-07-03T06:40:00+00:00', '--job-id', '615', '--raw', '--subdir', 'DAGS_FOLDER/dag_email_robot.py', '--cfg-path', '/tmp/tmpi3vq7pdx']
[2024-07-03T09:59:45.600+0000] {standard_task_runner.py:85} INFO - Job 615: Subtask id_task_get_emails
[2024-07-03T09:59:45.668+0000] {task_command.py:415} INFO - Running <TaskInstance: reports_workflow.id_task_get_emails scheduled__2024-07-03T06:40:00+00:00 [running]> on host 6f4ef5488251
[2024-07-03T09:59:45.750+0000] {taskinstance.py:1660} INFO - Exporting env vars: AIRFLOW_CTX_DAG_OWNER='FIRDAVS' AIRFLOW_CTX_DAG_ID='reports_workflow' AIRFLOW_CTX_TASK_ID='id_task_get_emails' AIRFLOW_CTX_EXECUTION_DATE='2024-07-03T06:40:00+00:00' AIRFLOW_CTX_TRY_NUMBER='1' AIRFLOW_CTX_DAG_RUN_ID='scheduled__2024-07-03T06:40:00+00:00'
[2024-07-03T09:59:45.750+0000] {logging_mixin.py:151} INFO - path of config file:  /opt/***
[2024-07-03T09:59:45.751+0000] {logging_mixin.py:151} INFO - #>2024-07-03 09:59:45.751325_User@StatDep: EmailRobot in screated.
[2024-07-03T09:59:45.751+0000] {logging_mixin.py:151} INFO - #>2024-07-03 09:59:45.751491_User@StatDep: get_for_recent_emails is started...
[2024-07-03T09:59:45.751+0000] {logging_mixin.py:151} INFO - #>2024-07-03 09:59:45.751615_User@StatDep: pop3_fetch_emails isstarted...
[2024-07-03T09:59:46.159+0000] {logging_mixin.py:151} INFO -    b'+OK'
[2024-07-03T09:59:46.561+0000] {logging_mixin.py:151} INFO -    mailbox have 0 emails and the robot can process 10
[2024-07-03T09:59:46.562+0000] {logging_mixin.py:151} INFO - #>2024-07-03 09:59:46.561952_User@StatDep: no emails to process, exiting pop3_fetch_emails()...
[2024-07-03T09:59:46.562+0000] {python.py:194} INFO - Done. Returned value was: True
[2024-07-03T09:59:46.598+0000] {taskinstance.py:1400} INFO - Marking task as SUCCESS. dag_id=reports_workflow, task_id=id_task_get_emails, execution_date=20240703T064000, start_date=20240703T095945, end_date=20240703T095946
[2024-07-03T09:59:46.620+0000] {local_task_job_runner.py:228} INFO - Task exited with return code 0
[2024-07-03T09:59:46.643+0000] {taskinstance.py:2784} INFO - 0 downstream tasks scheduled from follow-on schedule check
[2024-07-03T13:40:24.435+0000] {taskinstance.py:1159} INFO - Dependencies all met for dep_context=non-requeueable deps ti=<TaskInstance: reports_workflow.id_task_get_emails scheduled__2024-07-03T06:40:00+00:00 [queued]>
[2024-07-03T13:40:24.460+0000] {taskinstance.py:1159} INFO - Dependencies all met for dep_context=requeueable deps ti=<TaskInstance: reports_workflow.id_task_get_emails scheduled__2024-07-03T06:40:00+00:00 [queued]>
[2024-07-03T13:40:24.460+0000] {taskinstance.py:1361} INFO - Starting attempt 1 of 1
[2024-07-03T13:40:24.479+0000] {taskinstance.py:1382} INFO - Executing <Task(PythonOperator): id_task_get_emails> on 2024-07-03 06:40:00+00:00
[2024-07-03T13:40:24.486+0000] {standard_task_runner.py:57} INFO - Started process 26458 to run task
[2024-07-03T13:40:24.496+0000] {standard_task_runner.py:84} INFO - Running: ['***', 'tasks', 'run', 'reports_workflow', 'id_task_get_emails', 'scheduled__2024-07-03T06:40:00+00:00', '--job-id', '1618', '--raw', '--subdir', 'DAGS_FOLDER/dag_email_robot.py', '--cfg-path', '/tmp/tmpmsbjx6af']
[2024-07-03T13:40:24.498+0000] {standard_task_runner.py:85} INFO - Job 1618: Subtask id_task_get_emails
[2024-07-03T13:40:24.569+0000] {task_command.py:415} INFO - Running <TaskInstance: reports_workflow.id_task_get_emails scheduled__2024-07-03T06:40:00+00:00 [running]> on host 6f4ef5488251
[2024-07-03T13:40:24.679+0000] {taskinstance.py:1660} INFO - Exporting env vars: AIRFLOW_CTX_DAG_OWNER='FIRDAVS' AIRFLOW_CTX_DAG_ID='reports_workflow' AIRFLOW_CTX_TASK_ID='id_task_get_emails' AIRFLOW_CTX_EXECUTION_DATE='2024-07-03T06:40:00+00:00' AIRFLOW_CTX_TRY_NUMBER='1' AIRFLOW_CTX_DAG_RUN_ID='scheduled__2024-07-03T06:40:00+00:00'
[2024-07-03T13:40:24.680+0000] {logging_mixin.py:151} INFO - path of config file:  /opt/***
[2024-07-03T13:40:24.681+0000] {logging_mixin.py:151} INFO - #>2024-07-03 13:40:24.681334_User@StatDep: EmailRobot in screated.
[2024-07-03T13:40:24.681+0000] {logging_mixin.py:151} INFO - #>2024-07-03 13:40:24.681511_User@StatDep: get_for_recent_emails is started...
[2024-07-03T13:40:24.681+0000] {logging_mixin.py:151} INFO - #>2024-07-03 13:40:24.681644_User@StatDep: pop3_fetch_emails isstarted...
[2024-07-03T13:40:25.037+0000] {logging_mixin.py:151} INFO -    b'+OK'
[2024-07-03T13:40:25.320+0000] {logging_mixin.py:151} INFO -    mailbox have 0 emails and the robot can process 10
[2024-07-03T13:40:25.321+0000] {logging_mixin.py:151} INFO - #>2024-07-03 13:40:25.321090_User@StatDep: no emails to process, exiting pop3_fetch_emails()...
[2024-07-03T13:40:25.321+0000] {python.py:194} INFO - Done. Returned value was: True
[2024-07-03T13:40:25.379+0000] {taskinstance.py:1400} INFO - Marking task as SUCCESS. dag_id=reports_workflow, task_id=id_task_get_emails, execution_date=20240703T064000, start_date=20240703T134024, end_date=20240703T134025
[2024-07-03T13:40:25.434+0000] {local_task_job_runner.py:228} INFO - Task exited with return code 0
[2024-07-03T13:40:25.474+0000] {taskinstance.py:2784} INFO - 1 downstream tasks scheduled from follow-on schedule check
