[2024-07-03T09:57:34.328+0000] {taskinstance.py:1159} INFO - Dependencies all met for dep_context=non-requeueable deps ti=<TaskInstance: reports_workflow.id_task_get_emails scheduled__2024-07-02T09:55:00+00:00 [queued]>
[2024-07-03T09:57:34.340+0000] {taskinstance.py:1159} INFO - Dependencies all met for dep_context=requeueable deps ti=<TaskInstance: reports_workflow.id_task_get_emails scheduled__2024-07-02T09:55:00+00:00 [queued]>
[2024-07-03T09:57:34.340+0000] {taskinstance.py:1361} INFO - Starting attempt 1 of 1
[2024-07-03T09:57:34.364+0000] {taskinstance.py:1382} INFO - Executing <Task(PythonOperator): id_task_get_emails> on 2024-07-02 09:55:00+00:00
[2024-07-03T09:57:34.370+0000] {standard_task_runner.py:57} INFO - Started process 20569 to run task
[2024-07-03T09:57:34.374+0000] {standard_task_runner.py:84} INFO - Running: ['***', 'tasks', 'run', 'reports_workflow', 'id_task_get_emails', 'scheduled__2024-07-02T09:55:00+00:00', '--job-id', '364', '--raw', '--subdir', 'DAGS_FOLDER/dag_email_robot.py', '--cfg-path', '/tmp/tmp_wxfzj39']
[2024-07-03T09:57:34.375+0000] {standard_task_runner.py:85} INFO - Job 364: Subtask id_task_get_emails
[2024-07-03T09:57:34.428+0000] {task_command.py:415} INFO - Running <TaskInstance: reports_workflow.id_task_get_emails scheduled__2024-07-02T09:55:00+00:00 [running]> on host 6f4ef5488251
[2024-07-03T09:57:34.506+0000] {taskinstance.py:1660} INFO - Exporting env vars: AIRFLOW_CTX_DAG_OWNER='FIRDAVS' AIRFLOW_CTX_DAG_ID='reports_workflow' AIRFLOW_CTX_TASK_ID='id_task_get_emails' AIRFLOW_CTX_EXECUTION_DATE='2024-07-02T09:55:00+00:00' AIRFLOW_CTX_TRY_NUMBER='1' AIRFLOW_CTX_DAG_RUN_ID='scheduled__2024-07-02T09:55:00+00:00'
[2024-07-03T09:57:34.507+0000] {logging_mixin.py:151} INFO - path of config file:  /opt/***
[2024-07-03T09:57:34.507+0000] {taskinstance.py:1943} ERROR - Task failed with exception
Traceback (most recent call last):
  File "/home/airflow/.local/lib/python3.8/site-packages/airflow/operators/python.py", line 192, in execute
    return_value = self.execute_callable()
  File "/home/airflow/.local/lib/python3.8/site-packages/airflow/operators/python.py", line 209, in execute_callable
    return self.python_callable(*self.op_args, **self.op_kwargs)
  File "/opt/airflow/dags/dag_email_robot.py", line 22, in get_emails
    email_conf = json.load (open(path / ("config/email_conf.json")))
NameError: name 'json' is not defined
[2024-07-03T09:57:34.515+0000] {taskinstance.py:1400} INFO - Marking task as FAILED. dag_id=reports_workflow, task_id=id_task_get_emails, execution_date=20240702T095500, start_date=20240703T095734, end_date=20240703T095734
[2024-07-03T09:57:34.527+0000] {standard_task_runner.py:104} ERROR - Failed to execute job 364 for task id_task_get_emails (name 'json' is not defined; 20569)
[2024-07-03T09:57:34.551+0000] {local_task_job_runner.py:228} INFO - Task exited with return code 1
[2024-07-03T09:57:34.574+0000] {taskinstance.py:2784} INFO - 0 downstream tasks scheduled from follow-on schedule check
[2024-07-03T12:05:04.787+0000] {taskinstance.py:1159} INFO - Dependencies all met for dep_context=non-requeueable deps ti=<TaskInstance: reports_workflow.id_task_get_emails scheduled__2024-07-02T09:55:00+00:00 [queued]>
[2024-07-03T12:05:04.795+0000] {taskinstance.py:1159} INFO - Dependencies all met for dep_context=requeueable deps ti=<TaskInstance: reports_workflow.id_task_get_emails scheduled__2024-07-02T09:55:00+00:00 [queued]>
[2024-07-03T12:05:04.796+0000] {taskinstance.py:1361} INFO - Starting attempt 1 of 1
[2024-07-03T12:05:04.808+0000] {taskinstance.py:1382} INFO - Executing <Task(PythonOperator): id_task_get_emails> on 2024-07-02 09:55:00+00:00
[2024-07-03T12:05:04.817+0000] {standard_task_runner.py:57} INFO - Started process 23388 to run task
[2024-07-03T12:05:04.830+0000] {standard_task_runner.py:84} INFO - Running: ['***', 'tasks', 'run', 'reports_workflow', 'id_task_get_emails', 'scheduled__2024-07-02T09:55:00+00:00', '--job-id', '805', '--raw', '--subdir', 'DAGS_FOLDER/dag_email_robot.py', '--cfg-path', '/tmp/tmpmjvt6sfq']
[2024-07-03T12:05:04.834+0000] {standard_task_runner.py:85} INFO - Job 805: Subtask id_task_get_emails
[2024-07-03T12:05:04.910+0000] {task_command.py:415} INFO - Running <TaskInstance: reports_workflow.id_task_get_emails scheduled__2024-07-02T09:55:00+00:00 [running]> on host 6f4ef5488251
[2024-07-03T12:05:05.016+0000] {taskinstance.py:1660} INFO - Exporting env vars: AIRFLOW_CTX_DAG_OWNER='FIRDAVS' AIRFLOW_CTX_DAG_ID='reports_workflow' AIRFLOW_CTX_TASK_ID='id_task_get_emails' AIRFLOW_CTX_EXECUTION_DATE='2024-07-02T09:55:00+00:00' AIRFLOW_CTX_TRY_NUMBER='1' AIRFLOW_CTX_DAG_RUN_ID='scheduled__2024-07-02T09:55:00+00:00'
[2024-07-03T12:05:05.017+0000] {logging_mixin.py:151} INFO - path of config file:  /opt/***
[2024-07-03T12:05:05.017+0000] {logging_mixin.py:151} INFO - #>2024-07-03 12:05:05.017819_User@StatDep: EmailRobot in screated.
[2024-07-03T12:05:05.018+0000] {logging_mixin.py:151} INFO - #>2024-07-03 12:05:05.018022_User@StatDep: get_for_recent_emails is started...
[2024-07-03T12:05:05.018+0000] {logging_mixin.py:151} INFO - #>2024-07-03 12:05:05.018157_User@StatDep: pop3_fetch_emails isstarted...
[2024-07-03T12:05:05.416+0000] {logging_mixin.py:151} INFO -    b'+OK'
[2024-07-03T12:05:05.864+0000] {logging_mixin.py:151} INFO -    mailbox have 1 emails and the robot can process 10
[2024-07-03T12:05:06.278+0000] {logging_mixin.py:151} INFO -    #>2024-07-03 12:05:06.278853_conneciton to db is set.
[2024-07-03T12:05:06.287+0000] {taskinstance.py:1943} ERROR - Task failed with exception
Traceback (most recent call last):
  File "/home/airflow/.local/lib/python3.8/site-packages/airflow/operators/python.py", line 192, in execute
    return_value = self.execute_callable()
  File "/home/airflow/.local/lib/python3.8/site-packages/airflow/operators/python.py", line 209, in execute_callable
    return self.python_callable(*self.op_args, **self.op_kwargs)
  File "/opt/airflow/dags/dag_email_robot.py", line 25, in get_emails
    robot.fetch_emails()
  File "/opt/airflow/dags/emailRobot.py", line 62, in fetch_emails
    return self.pop3_fetch_emails()
  File "/opt/airflow/dags/emailRobot.py", line 156, in pop3_fetch_emails
    cursor.execute (query, insert_values)
psycopg2.errors.UndefinedTable: relation "sma_stat_dep.tbl_file_upload" does not exist
LINE 1: ...) AS (INSERT INTO                                 sma_stat_d...
                                                             ^

[2024-07-03T12:05:06.302+0000] {taskinstance.py:1400} INFO - Marking task as FAILED. dag_id=reports_workflow, task_id=id_task_get_emails, execution_date=20240702T095500, start_date=20240703T120504, end_date=20240703T120506
[2024-07-03T12:05:06.315+0000] {standard_task_runner.py:104} ERROR - Failed to execute job 805 for task id_task_get_emails (relation "sma_stat_dep.tbl_file_upload" does not exist
LINE 1: ...) AS (INSERT INTO                                 sma_stat_d...
                                                             ^
; 23388)
[2024-07-03T12:05:06.330+0000] {local_task_job_runner.py:228} INFO - Task exited with return code 1
[2024-07-03T12:05:06.356+0000] {taskinstance.py:2784} INFO - 0 downstream tasks scheduled from follow-on schedule check
[2024-07-03T12:23:35.493+0000] {taskinstance.py:1159} INFO - Dependencies all met for dep_context=non-requeueable deps ti=<TaskInstance: reports_workflow.id_task_get_emails scheduled__2024-07-02T09:55:00+00:00 [queued]>
[2024-07-03T12:23:35.530+0000] {taskinstance.py:1159} INFO - Dependencies all met for dep_context=requeueable deps ti=<TaskInstance: reports_workflow.id_task_get_emails scheduled__2024-07-02T09:55:00+00:00 [queued]>
[2024-07-03T12:23:35.531+0000] {taskinstance.py:1361} INFO - Starting attempt 1 of 1
[2024-07-03T12:23:35.553+0000] {taskinstance.py:1382} INFO - Executing <Task(PythonOperator): id_task_get_emails> on 2024-07-02 09:55:00+00:00
[2024-07-03T12:23:35.558+0000] {standard_task_runner.py:57} INFO - Started process 24296 to run task
[2024-07-03T12:23:35.565+0000] {standard_task_runner.py:84} INFO - Running: ['***', 'tasks', 'run', 'reports_workflow', 'id_task_get_emails', 'scheduled__2024-07-02T09:55:00+00:00', '--job-id', '1121', '--raw', '--subdir', 'DAGS_FOLDER/dag_email_robot.py', '--cfg-path', '/tmp/tmpzqd8xa_5']
[2024-07-03T12:23:35.566+0000] {standard_task_runner.py:85} INFO - Job 1121: Subtask id_task_get_emails
[2024-07-03T12:23:35.619+0000] {task_command.py:415} INFO - Running <TaskInstance: reports_workflow.id_task_get_emails scheduled__2024-07-02T09:55:00+00:00 [running]> on host 6f4ef5488251
[2024-07-03T12:23:35.781+0000] {taskinstance.py:1660} INFO - Exporting env vars: AIRFLOW_CTX_DAG_OWNER='FIRDAVS' AIRFLOW_CTX_DAG_ID='reports_workflow' AIRFLOW_CTX_TASK_ID='id_task_get_emails' AIRFLOW_CTX_EXECUTION_DATE='2024-07-02T09:55:00+00:00' AIRFLOW_CTX_TRY_NUMBER='1' AIRFLOW_CTX_DAG_RUN_ID='scheduled__2024-07-02T09:55:00+00:00'
[2024-07-03T12:23:35.782+0000] {logging_mixin.py:151} INFO - path of config file:  /opt/***
[2024-07-03T12:23:35.783+0000] {logging_mixin.py:151} INFO - #>2024-07-03 12:23:35.783236_User@StatDep: EmailRobot in screated.
[2024-07-03T12:23:35.783+0000] {logging_mixin.py:151} INFO - #>2024-07-03 12:23:35.783426_User@StatDep: get_for_recent_emails is started...
[2024-07-03T12:23:35.783+0000] {logging_mixin.py:151} INFO - #>2024-07-03 12:23:35.783557_User@StatDep: pop3_fetch_emails isstarted...
[2024-07-03T12:23:36.151+0000] {logging_mixin.py:151} INFO -    b'+OK'
[2024-07-03T12:23:36.550+0000] {logging_mixin.py:151} INFO -    mailbox have 0 emails and the robot can process 10
[2024-07-03T12:23:36.551+0000] {logging_mixin.py:151} INFO - #>2024-07-03 12:23:36.551102_User@StatDep: no emails to process, exiting pop3_fetch_emails()...
[2024-07-03T12:23:36.552+0000] {python.py:194} INFO - Done. Returned value was: True
[2024-07-03T12:23:36.590+0000] {taskinstance.py:1400} INFO - Marking task as SUCCESS. dag_id=reports_workflow, task_id=id_task_get_emails, execution_date=20240702T095500, start_date=20240703T122335, end_date=20240703T122336
[2024-07-03T12:23:36.623+0000] {local_task_job_runner.py:228} INFO - Task exited with return code 0
[2024-07-03T12:23:36.658+0000] {taskinstance.py:2784} INFO - 1 downstream tasks scheduled from follow-on schedule check
