[2024-07-03T10:15:01.178+0000] {taskinstance.py:1159} INFO - Dependencies all met for dep_context=non-requeueable deps ti=<TaskInstance: reports_workflow.id_task_get_emails scheduled__2024-07-03T10:10:00+00:00 [queued]>
[2024-07-03T10:15:01.187+0000] {taskinstance.py:1159} INFO - Dependencies all met for dep_context=requeueable deps ti=<TaskInstance: reports_workflow.id_task_get_emails scheduled__2024-07-03T10:10:00+00:00 [queued]>
[2024-07-03T10:15:01.187+0000] {taskinstance.py:1361} INFO - Starting attempt 1 of 1
[2024-07-03T10:15:01.199+0000] {taskinstance.py:1382} INFO - Executing <Task(PythonOperator): id_task_get_emails> on 2024-07-03 10:10:00+00:00
[2024-07-03T10:15:01.204+0000] {standard_task_runner.py:57} INFO - Started process 21432 to run task
[2024-07-03T10:15:01.213+0000] {standard_task_runner.py:84} INFO - Running: ['***', 'tasks', 'run', 'reports_workflow', 'id_task_get_emails', 'scheduled__2024-07-03T10:10:00+00:00', '--job-id', '662', '--raw', '--subdir', 'DAGS_FOLDER/dag_email_robot.py', '--cfg-path', '/tmp/tmppw8w57vm']
[2024-07-03T10:15:01.215+0000] {standard_task_runner.py:85} INFO - Job 662: Subtask id_task_get_emails
[2024-07-03T10:15:01.296+0000] {task_command.py:415} INFO - Running <TaskInstance: reports_workflow.id_task_get_emails scheduled__2024-07-03T10:10:00+00:00 [running]> on host 6f4ef5488251
[2024-07-03T10:15:01.429+0000] {taskinstance.py:1660} INFO - Exporting env vars: AIRFLOW_CTX_DAG_OWNER='FIRDAVS' AIRFLOW_CTX_DAG_ID='reports_workflow' AIRFLOW_CTX_TASK_ID='id_task_get_emails' AIRFLOW_CTX_EXECUTION_DATE='2024-07-03T10:10:00+00:00' AIRFLOW_CTX_TRY_NUMBER='1' AIRFLOW_CTX_DAG_RUN_ID='scheduled__2024-07-03T10:10:00+00:00'
[2024-07-03T10:15:01.430+0000] {logging_mixin.py:151} INFO - path of config file:  /opt/***
[2024-07-03T10:15:01.431+0000] {logging_mixin.py:151} INFO - #>2024-07-03 10:15:01.431127_User@StatDep: EmailRobot in screated.
[2024-07-03T10:15:01.431+0000] {logging_mixin.py:151} INFO - #>2024-07-03 10:15:01.431310_User@StatDep: get_for_recent_emails is started...
[2024-07-03T10:15:01.431+0000] {logging_mixin.py:151} INFO - #>2024-07-03 10:15:01.431434_User@StatDep: pop3_fetch_emails isstarted...
[2024-07-03T10:15:01.892+0000] {logging_mixin.py:151} INFO -    b'+OK'
[2024-07-03T10:15:02.184+0000] {logging_mixin.py:151} INFO -    mailbox have 0 emails and the robot can process 10
[2024-07-03T10:15:02.185+0000] {logging_mixin.py:151} INFO - #>2024-07-03 10:15:02.185183_User@StatDep: no emails to process, exiting pop3_fetch_emails()...
[2024-07-03T10:15:02.186+0000] {python.py:194} INFO - Done. Returned value was: True
[2024-07-03T10:15:02.226+0000] {taskinstance.py:1400} INFO - Marking task as SUCCESS. dag_id=reports_workflow, task_id=id_task_get_emails, execution_date=20240703T101000, start_date=20240703T101501, end_date=20240703T101502
[2024-07-03T10:15:02.268+0000] {local_task_job_runner.py:228} INFO - Task exited with return code 0
[2024-07-03T10:15:02.302+0000] {taskinstance.py:2784} INFO - 1 downstream tasks scheduled from follow-on schedule check
[2024-07-03T14:44:27.822+0000] {taskinstance.py:1159} INFO - Dependencies all met for dep_context=non-requeueable deps ti=<TaskInstance: reports_workflow.id_task_get_emails scheduled__2024-07-03T10:10:00+00:00 [queued]>
[2024-07-03T14:44:27.873+0000] {taskinstance.py:1159} INFO - Dependencies all met for dep_context=requeueable deps ti=<TaskInstance: reports_workflow.id_task_get_emails scheduled__2024-07-03T10:10:00+00:00 [queued]>
[2024-07-03T14:44:27.873+0000] {taskinstance.py:1361} INFO - Starting attempt 1 of 2
[2024-07-03T14:44:27.930+0000] {taskinstance.py:1382} INFO - Executing <Task(PythonOperator): id_task_get_emails> on 2024-07-03 10:10:00+00:00
[2024-07-03T14:44:27.937+0000] {standard_task_runner.py:57} INFO - Started process 28086 to run task
[2024-07-03T14:44:27.955+0000] {standard_task_runner.py:84} INFO - Running: ['***', 'tasks', 'run', 'reports_workflow', 'id_task_get_emails', 'scheduled__2024-07-03T10:10:00+00:00', '--job-id', '1942', '--raw', '--subdir', 'DAGS_FOLDER/dag_email_robot.py', '--cfg-path', '/tmp/tmpqhfxze2q']
[2024-07-03T14:44:27.957+0000] {standard_task_runner.py:85} INFO - Job 1942: Subtask id_task_get_emails
[2024-07-03T14:44:28.062+0000] {task_command.py:415} INFO - Running <TaskInstance: reports_workflow.id_task_get_emails scheduled__2024-07-03T10:10:00+00:00 [running]> on host 6f4ef5488251
[2024-07-03T14:44:28.277+0000] {taskinstance.py:1660} INFO - Exporting env vars: AIRFLOW_CTX_DAG_OWNER='FIRDAVS' AIRFLOW_CTX_DAG_ID='reports_workflow' AIRFLOW_CTX_TASK_ID='id_task_get_emails' AIRFLOW_CTX_EXECUTION_DATE='2024-07-03T10:10:00+00:00' AIRFLOW_CTX_TRY_NUMBER='1' AIRFLOW_CTX_DAG_RUN_ID='scheduled__2024-07-03T10:10:00+00:00'
[2024-07-03T14:44:28.279+0000] {logging_mixin.py:151} INFO - path of config file:  /opt/***
[2024-07-03T14:44:28.279+0000] {logging_mixin.py:151} INFO - #>2024-07-03 14:44:28.279824_User@StatDep: EmailRobot in screated.
[2024-07-03T14:44:28.280+0000] {logging_mixin.py:151} INFO - #>2024-07-03 14:44:28.280028_User@StatDep: get_for_recent_emails is started...
[2024-07-03T14:44:28.280+0000] {logging_mixin.py:151} INFO - #>2024-07-03 14:44:28.280172_User@StatDep: pop3_fetch_emails isstarted...
[2024-07-03T14:44:28.642+0000] {logging_mixin.py:151} INFO -    b'+OK'
[2024-07-03T14:44:28.916+0000] {logging_mixin.py:151} INFO -    mailbox have 0 emails and the robot can process 10
[2024-07-03T14:44:28.916+0000] {logging_mixin.py:151} INFO - #>2024-07-03 14:44:28.916374_User@StatDep: no emails to process, exiting pop3_fetch_emails()...
[2024-07-03T14:44:28.916+0000] {python.py:194} INFO - Done. Returned value was: True
[2024-07-03T14:44:28.965+0000] {taskinstance.py:1400} INFO - Marking task as SUCCESS. dag_id=reports_workflow, task_id=id_task_get_emails, execution_date=20240703T101000, start_date=20240703T144427, end_date=20240703T144428
[2024-07-03T14:44:29.023+0000] {local_task_job_runner.py:228} INFO - Task exited with return code 0
[2024-07-03T14:44:29.059+0000] {taskinstance.py:2784} INFO - 1 downstream tasks scheduled from follow-on schedule check
[2024-07-03T14:47:35.527+0000] {taskinstance.py:1159} INFO - Dependencies all met for dep_context=non-requeueable deps ti=<TaskInstance: reports_workflow.id_task_get_emails scheduled__2024-07-03T10:10:00+00:00 [queued]>
[2024-07-03T14:47:35.576+0000] {taskinstance.py:1159} INFO - Dependencies all met for dep_context=requeueable deps ti=<TaskInstance: reports_workflow.id_task_get_emails scheduled__2024-07-03T10:10:00+00:00 [queued]>
[2024-07-03T14:47:35.577+0000] {taskinstance.py:1361} INFO - Starting attempt 1 of 2
[2024-07-03T14:47:35.635+0000] {taskinstance.py:1382} INFO - Executing <Task(PythonOperator): id_task_get_emails> on 2024-07-03 10:10:00+00:00
[2024-07-03T14:47:35.644+0000] {standard_task_runner.py:57} INFO - Started process 28556 to run task
[2024-07-03T14:47:35.660+0000] {standard_task_runner.py:84} INFO - Running: ['***', 'tasks', 'run', 'reports_workflow', 'id_task_get_emails', 'scheduled__2024-07-03T10:10:00+00:00', '--job-id', '2155', '--raw', '--subdir', 'DAGS_FOLDER/dag_email_robot.py', '--cfg-path', '/tmp/tmptq5bz2we']
[2024-07-03T14:47:35.661+0000] {standard_task_runner.py:85} INFO - Job 2155: Subtask id_task_get_emails
[2024-07-03T14:47:35.801+0000] {task_command.py:415} INFO - Running <TaskInstance: reports_workflow.id_task_get_emails scheduled__2024-07-03T10:10:00+00:00 [running]> on host 6f4ef5488251
[2024-07-03T14:47:36.150+0000] {taskinstance.py:1660} INFO - Exporting env vars: AIRFLOW_CTX_DAG_OWNER='FIRDAVS' AIRFLOW_CTX_DAG_ID='reports_workflow' AIRFLOW_CTX_TASK_ID='id_task_get_emails' AIRFLOW_CTX_EXECUTION_DATE='2024-07-03T10:10:00+00:00' AIRFLOW_CTX_TRY_NUMBER='1' AIRFLOW_CTX_DAG_RUN_ID='scheduled__2024-07-03T10:10:00+00:00'
[2024-07-03T14:47:36.152+0000] {logging_mixin.py:151} INFO - path of config file:  /opt/***
[2024-07-03T14:47:36.152+0000] {logging_mixin.py:151} INFO - #>2024-07-03 14:47:36.152658_User@StatDep: EmailRobot in screated.
[2024-07-03T14:47:36.152+0000] {logging_mixin.py:151} INFO - #>2024-07-03 14:47:36.152836_User@StatDep: get_for_recent_emails is started...
[2024-07-03T14:47:36.153+0000] {logging_mixin.py:151} INFO - #>2024-07-03 14:47:36.152974_User@StatDep: pop3_fetch_emails isstarted...
[2024-07-03T14:47:36.515+0000] {logging_mixin.py:151} INFO -    b'+OK'
[2024-07-03T14:47:36.875+0000] {logging_mixin.py:151} INFO -    mailbox have 0 emails and the robot can process 10
[2024-07-03T14:47:36.875+0000] {logging_mixin.py:151} INFO - #>2024-07-03 14:47:36.875594_User@StatDep: no emails to process, exiting pop3_fetch_emails()...
[2024-07-03T14:47:36.876+0000] {python.py:194} INFO - Done. Returned value was: True
[2024-07-03T14:47:36.922+0000] {taskinstance.py:1400} INFO - Marking task as SUCCESS. dag_id=reports_workflow, task_id=id_task_get_emails, execution_date=20240703T101000, start_date=20240703T144735, end_date=20240703T144736
[2024-07-03T14:47:36.997+0000] {local_task_job_runner.py:228} INFO - Task exited with return code 0
[2024-07-03T14:47:37.051+0000] {taskinstance.py:2784} INFO - 1 downstream tasks scheduled from follow-on schedule check
[2024-07-03T14:48:10.675+0000] {taskinstance.py:1159} INFO - Dependencies all met for dep_context=non-requeueable deps ti=<TaskInstance: reports_workflow.id_task_get_emails scheduled__2024-07-03T10:10:00+00:00 [queued]>
[2024-07-03T14:48:10.690+0000] {taskinstance.py:1159} INFO - Dependencies all met for dep_context=requeueable deps ti=<TaskInstance: reports_workflow.id_task_get_emails scheduled__2024-07-03T10:10:00+00:00 [queued]>
[2024-07-03T14:48:10.690+0000] {taskinstance.py:1361} INFO - Starting attempt 1 of 2
[2024-07-03T14:48:10.719+0000] {taskinstance.py:1382} INFO - Executing <Task(PythonOperator): id_task_get_emails> on 2024-07-03 10:10:00+00:00
[2024-07-03T14:48:10.731+0000] {standard_task_runner.py:57} INFO - Started process 28703 to run task
[2024-07-03T14:48:10.747+0000] {standard_task_runner.py:84} INFO - Running: ['***', 'tasks', 'run', 'reports_workflow', 'id_task_get_emails', 'scheduled__2024-07-03T10:10:00+00:00', '--job-id', '2224', '--raw', '--subdir', 'DAGS_FOLDER/dag_email_robot.py', '--cfg-path', '/tmp/tmpodhyy1se']
[2024-07-03T14:48:10.748+0000] {standard_task_runner.py:85} INFO - Job 2224: Subtask id_task_get_emails
[2024-07-03T14:48:10.895+0000] {task_command.py:415} INFO - Running <TaskInstance: reports_workflow.id_task_get_emails scheduled__2024-07-03T10:10:00+00:00 [running]> on host 6f4ef5488251
[2024-07-03T14:48:11.140+0000] {taskinstance.py:1660} INFO - Exporting env vars: AIRFLOW_CTX_DAG_OWNER='FIRDAVS' AIRFLOW_CTX_DAG_ID='reports_workflow' AIRFLOW_CTX_TASK_ID='id_task_get_emails' AIRFLOW_CTX_EXECUTION_DATE='2024-07-03T10:10:00+00:00' AIRFLOW_CTX_TRY_NUMBER='1' AIRFLOW_CTX_DAG_RUN_ID='scheduled__2024-07-03T10:10:00+00:00'
[2024-07-03T14:48:11.141+0000] {logging_mixin.py:151} INFO - path of config file:  /opt/***
[2024-07-03T14:48:11.142+0000] {logging_mixin.py:151} INFO - #>2024-07-03 14:48:11.142693_User@StatDep: EmailRobot in screated.
[2024-07-03T14:48:11.142+0000] {logging_mixin.py:151} INFO - #>2024-07-03 14:48:11.142908_User@StatDep: get_for_recent_emails is started...
[2024-07-03T14:48:11.143+0000] {logging_mixin.py:151} INFO - #>2024-07-03 14:48:11.143041_User@StatDep: pop3_fetch_emails isstarted...
[2024-07-03T14:48:11.560+0000] {logging_mixin.py:151} INFO -    b'+OK'
[2024-07-03T14:48:11.891+0000] {logging_mixin.py:151} INFO -    mailbox have 0 emails and the robot can process 10
[2024-07-03T14:48:11.892+0000] {logging_mixin.py:151} INFO - #>2024-07-03 14:48:11.892069_User@StatDep: no emails to process, exiting pop3_fetch_emails()...
[2024-07-03T14:48:11.892+0000] {python.py:194} INFO - Done. Returned value was: True
[2024-07-03T14:48:11.942+0000] {taskinstance.py:1400} INFO - Marking task as SUCCESS. dag_id=reports_workflow, task_id=id_task_get_emails, execution_date=20240703T101000, start_date=20240703T144810, end_date=20240703T144811
[2024-07-03T14:48:12.022+0000] {local_task_job_runner.py:228} INFO - Task exited with return code 0
[2024-07-03T14:48:12.058+0000] {taskinstance.py:2784} INFO - 1 downstream tasks scheduled from follow-on schedule check
[2024-07-03T14:55:25.555+0000] {taskinstance.py:1159} INFO - Dependencies all met for dep_context=non-requeueable deps ti=<TaskInstance: reports_workflow.id_task_get_emails scheduled__2024-07-03T10:10:00+00:00 [queued]>
[2024-07-03T14:55:25.578+0000] {taskinstance.py:1159} INFO - Dependencies all met for dep_context=requeueable deps ti=<TaskInstance: reports_workflow.id_task_get_emails scheduled__2024-07-03T10:10:00+00:00 [queued]>
[2024-07-03T14:55:25.579+0000] {taskinstance.py:1361} INFO - Starting attempt 1 of 2
[2024-07-03T14:55:25.627+0000] {taskinstance.py:1382} INFO - Executing <Task(PythonOperator): id_task_get_emails> on 2024-07-03 10:10:00+00:00
[2024-07-03T14:55:25.651+0000] {standard_task_runner.py:57} INFO - Started process 28951 to run task
[2024-07-03T14:55:25.669+0000] {standard_task_runner.py:84} INFO - Running: ['***', 'tasks', 'run', 'reports_workflow', 'id_task_get_emails', 'scheduled__2024-07-03T10:10:00+00:00', '--job-id', '2291', '--raw', '--subdir', 'DAGS_FOLDER/dag_email_robot.py', '--cfg-path', '/tmp/tmp05rsyost']
[2024-07-03T14:55:25.676+0000] {standard_task_runner.py:85} INFO - Job 2291: Subtask id_task_get_emails
[2024-07-03T14:55:25.779+0000] {task_command.py:415} INFO - Running <TaskInstance: reports_workflow.id_task_get_emails scheduled__2024-07-03T10:10:00+00:00 [running]> on host 6f4ef5488251
[2024-07-03T14:55:26.029+0000] {taskinstance.py:1660} INFO - Exporting env vars: AIRFLOW_CTX_DAG_OWNER='FIRDAVS' AIRFLOW_CTX_DAG_ID='reports_workflow' AIRFLOW_CTX_TASK_ID='id_task_get_emails' AIRFLOW_CTX_EXECUTION_DATE='2024-07-03T10:10:00+00:00' AIRFLOW_CTX_TRY_NUMBER='1' AIRFLOW_CTX_DAG_RUN_ID='scheduled__2024-07-03T10:10:00+00:00'
[2024-07-03T14:55:26.039+0000] {logging_mixin.py:151} INFO - path of config file:  /opt/***
[2024-07-03T14:55:26.040+0000] {logging_mixin.py:151} INFO - #>2024-07-03 14:55:26.040004_User@StatDep: EmailRobot in screated.
[2024-07-03T14:55:26.040+0000] {logging_mixin.py:151} INFO - #>2024-07-03 14:55:26.040223_User@StatDep: get_for_recent_emails is started...
[2024-07-03T14:55:26.040+0000] {logging_mixin.py:151} INFO - #>2024-07-03 14:55:26.040364_User@StatDep: pop3_fetch_emails isstarted...
[2024-07-03T14:55:26.401+0000] {logging_mixin.py:151} INFO -    b'+OK'
[2024-07-03T14:55:26.817+0000] {logging_mixin.py:151} INFO -    mailbox have 0 emails and the robot can process 10
[2024-07-03T14:55:26.817+0000] {logging_mixin.py:151} INFO - #>2024-07-03 14:55:26.817388_User@StatDep: no emails to process, exiting pop3_fetch_emails()...
[2024-07-03T14:55:26.817+0000] {python.py:194} INFO - Done. Returned value was: True
[2024-07-03T14:55:26.866+0000] {taskinstance.py:1400} INFO - Marking task as SUCCESS. dag_id=reports_workflow, task_id=id_task_get_emails, execution_date=20240703T101000, start_date=20240703T145525, end_date=20240703T145526
[2024-07-03T14:55:26.935+0000] {local_task_job_runner.py:228} INFO - Task exited with return code 0
[2024-07-03T14:55:26.998+0000] {taskinstance.py:2784} INFO - 1 downstream tasks scheduled from follow-on schedule check
