[2024-07-03T09:58:21.104+0000] {taskinstance.py:1159} INFO - Dependencies all met for dep_context=non-requeueable deps ti=<TaskInstance: reports_workflow.id_task_get_emails scheduled__2024-07-02T17:55:00+00:00 [queued]>
[2024-07-03T09:58:21.122+0000] {taskinstance.py:1159} INFO - Dependencies all met for dep_context=requeueable deps ti=<TaskInstance: reports_workflow.id_task_get_emails scheduled__2024-07-02T17:55:00+00:00 [queued]>
[2024-07-03T09:58:21.123+0000] {taskinstance.py:1361} INFO - Starting attempt 1 of 1
[2024-07-03T09:58:21.159+0000] {taskinstance.py:1382} INFO - Executing <Task(PythonOperator): id_task_get_emails> on 2024-07-02 17:55:00+00:00
[2024-07-03T09:58:21.165+0000] {standard_task_runner.py:57} INFO - Started process 20772 to run task
[2024-07-03T09:58:21.180+0000] {standard_task_runner.py:84} INFO - Running: ['***', 'tasks', 'run', 'reports_workflow', 'id_task_get_emails', 'scheduled__2024-07-02T17:55:00+00:00', '--job-id', '461', '--raw', '--subdir', 'DAGS_FOLDER/dag_email_robot.py', '--cfg-path', '/tmp/tmpjjw4syvk']
[2024-07-03T09:58:21.183+0000] {standard_task_runner.py:85} INFO - Job 461: Subtask id_task_get_emails
[2024-07-03T09:58:21.249+0000] {task_command.py:415} INFO - Running <TaskInstance: reports_workflow.id_task_get_emails scheduled__2024-07-02T17:55:00+00:00 [running]> on host 6f4ef5488251
[2024-07-03T09:58:21.359+0000] {taskinstance.py:1660} INFO - Exporting env vars: AIRFLOW_CTX_DAG_OWNER='FIRDAVS' AIRFLOW_CTX_DAG_ID='reports_workflow' AIRFLOW_CTX_TASK_ID='id_task_get_emails' AIRFLOW_CTX_EXECUTION_DATE='2024-07-02T17:55:00+00:00' AIRFLOW_CTX_TRY_NUMBER='1' AIRFLOW_CTX_DAG_RUN_ID='scheduled__2024-07-02T17:55:00+00:00'
[2024-07-03T09:58:21.359+0000] {logging_mixin.py:151} INFO - path of config file:  /opt/***
[2024-07-03T09:58:21.360+0000] {logging_mixin.py:151} INFO - #>2024-07-03 09:58:21.360369_User@StatDep: EmailRobot in screated.
[2024-07-03T09:58:21.360+0000] {logging_mixin.py:151} INFO - #>2024-07-03 09:58:21.360538_User@StatDep: get_for_recent_emails is started...
[2024-07-03T09:58:21.360+0000] {logging_mixin.py:151} INFO - #>2024-07-03 09:58:21.360661_User@StatDep: pop3_fetch_emails isstarted...
[2024-07-03T09:58:21.715+0000] {logging_mixin.py:151} INFO -    b'+OK'
[2024-07-03T09:58:22.108+0000] {logging_mixin.py:151} INFO -    mailbox have 0 emails and the robot can process 10
[2024-07-03T09:58:22.108+0000] {logging_mixin.py:151} INFO - #>2024-07-03 09:58:22.108363_User@StatDep: no emails to process, exiting pop3_fetch_emails()...
[2024-07-03T09:58:22.108+0000] {python.py:194} INFO - Done. Returned value was: True
[2024-07-03T09:58:22.130+0000] {taskinstance.py:1400} INFO - Marking task as SUCCESS. dag_id=reports_workflow, task_id=id_task_get_emails, execution_date=20240702T175500, start_date=20240703T095821, end_date=20240703T095822
[2024-07-03T09:58:22.150+0000] {local_task_job_runner.py:228} INFO - Task exited with return code 0
[2024-07-03T09:58:22.169+0000] {taskinstance.py:2784} INFO - 0 downstream tasks scheduled from follow-on schedule check
[2024-07-03T12:28:33.286+0000] {taskinstance.py:1159} INFO - Dependencies all met for dep_context=non-requeueable deps ti=<TaskInstance: reports_workflow.id_task_get_emails scheduled__2024-07-02T17:55:00+00:00 [queued]>
[2024-07-03T12:28:33.306+0000] {taskinstance.py:1159} INFO - Dependencies all met for dep_context=requeueable deps ti=<TaskInstance: reports_workflow.id_task_get_emails scheduled__2024-07-02T17:55:00+00:00 [queued]>
[2024-07-03T12:28:33.306+0000] {taskinstance.py:1361} INFO - Starting attempt 1 of 1
[2024-07-03T12:28:33.330+0000] {taskinstance.py:1382} INFO - Executing <Task(PythonOperator): id_task_get_emails> on 2024-07-02 17:55:00+00:00
[2024-07-03T12:28:33.337+0000] {standard_task_runner.py:57} INFO - Started process 24760 to run task
[2024-07-03T12:28:33.345+0000] {standard_task_runner.py:84} INFO - Running: ['***', 'tasks', 'run', 'reports_workflow', 'id_task_get_emails', 'scheduled__2024-07-02T17:55:00+00:00', '--job-id', '1313', '--raw', '--subdir', 'DAGS_FOLDER/dag_email_robot.py', '--cfg-path', '/tmp/tmpoh8_p33d']
[2024-07-03T12:28:33.349+0000] {standard_task_runner.py:85} INFO - Job 1313: Subtask id_task_get_emails
[2024-07-03T12:28:33.432+0000] {task_command.py:415} INFO - Running <TaskInstance: reports_workflow.id_task_get_emails scheduled__2024-07-02T17:55:00+00:00 [running]> on host 6f4ef5488251
[2024-07-03T12:28:33.585+0000] {taskinstance.py:1660} INFO - Exporting env vars: AIRFLOW_CTX_DAG_OWNER='FIRDAVS' AIRFLOW_CTX_DAG_ID='reports_workflow' AIRFLOW_CTX_TASK_ID='id_task_get_emails' AIRFLOW_CTX_EXECUTION_DATE='2024-07-02T17:55:00+00:00' AIRFLOW_CTX_TRY_NUMBER='1' AIRFLOW_CTX_DAG_RUN_ID='scheduled__2024-07-02T17:55:00+00:00'
[2024-07-03T12:28:33.586+0000] {logging_mixin.py:151} INFO - path of config file:  /opt/***
[2024-07-03T12:28:33.587+0000] {logging_mixin.py:151} INFO - #>2024-07-03 12:28:33.587054_User@StatDep: EmailRobot in screated.
[2024-07-03T12:28:33.587+0000] {logging_mixin.py:151} INFO - #>2024-07-03 12:28:33.587236_User@StatDep: get_for_recent_emails is started...
[2024-07-03T12:28:33.587+0000] {logging_mixin.py:151} INFO - #>2024-07-03 12:28:33.587372_User@StatDep: pop3_fetch_emails isstarted...
[2024-07-03T12:28:34.080+0000] {logging_mixin.py:151} INFO -    b'+OK'
[2024-07-03T12:28:34.426+0000] {logging_mixin.py:151} INFO -    mailbox have 0 emails and the robot can process 10
[2024-07-03T12:28:34.426+0000] {logging_mixin.py:151} INFO - #>2024-07-03 12:28:34.426501_User@StatDep: no emails to process, exiting pop3_fetch_emails()...
[2024-07-03T12:28:34.426+0000] {python.py:194} INFO - Done. Returned value was: True
[2024-07-03T12:28:34.480+0000] {taskinstance.py:1400} INFO - Marking task as SUCCESS. dag_id=reports_workflow, task_id=id_task_get_emails, execution_date=20240702T175500, start_date=20240703T122833, end_date=20240703T122834
[2024-07-03T12:28:34.604+0000] {local_task_job_runner.py:228} INFO - Task exited with return code 0
[2024-07-03T12:28:34.644+0000] {taskinstance.py:2784} INFO - 1 downstream tasks scheduled from follow-on schedule check
