[2024-07-03T09:57:54.835+0000] {taskinstance.py:1159} INFO - Dependencies all met for dep_context=non-requeueable deps ti=<TaskInstance: reports_workflow.id_task_get_emails scheduled__2024-07-02T13:20:00+00:00 [queued]>
[2024-07-03T09:57:54.844+0000] {taskinstance.py:1159} INFO - Dependencies all met for dep_context=requeueable deps ti=<TaskInstance: reports_workflow.id_task_get_emails scheduled__2024-07-02T13:20:00+00:00 [queued]>
[2024-07-03T09:57:54.844+0000] {taskinstance.py:1361} INFO - Starting attempt 1 of 1
[2024-07-03T09:57:54.855+0000] {taskinstance.py:1382} INFO - Executing <Task(PythonOperator): id_task_get_emails> on 2024-07-02 13:20:00+00:00
[2024-07-03T09:57:54.861+0000] {standard_task_runner.py:57} INFO - Started process 20658 to run task
[2024-07-03T09:57:54.864+0000] {standard_task_runner.py:84} INFO - Running: ['***', 'tasks', 'run', 'reports_workflow', 'id_task_get_emails', 'scheduled__2024-07-02T13:20:00+00:00', '--job-id', '405', '--raw', '--subdir', 'DAGS_FOLDER/dag_email_robot.py', '--cfg-path', '/tmp/tmp9n9h5af0']
[2024-07-03T09:57:54.866+0000] {standard_task_runner.py:85} INFO - Job 405: Subtask id_task_get_emails
[2024-07-03T09:57:54.922+0000] {task_command.py:415} INFO - Running <TaskInstance: reports_workflow.id_task_get_emails scheduled__2024-07-02T13:20:00+00:00 [running]> on host 6f4ef5488251
[2024-07-03T09:57:55.017+0000] {taskinstance.py:1660} INFO - Exporting env vars: AIRFLOW_CTX_DAG_OWNER='FIRDAVS' AIRFLOW_CTX_DAG_ID='reports_workflow' AIRFLOW_CTX_TASK_ID='id_task_get_emails' AIRFLOW_CTX_EXECUTION_DATE='2024-07-02T13:20:00+00:00' AIRFLOW_CTX_TRY_NUMBER='1' AIRFLOW_CTX_DAG_RUN_ID='scheduled__2024-07-02T13:20:00+00:00'
[2024-07-03T09:57:55.017+0000] {logging_mixin.py:151} INFO - path of config file:  /opt/***
[2024-07-03T09:57:55.018+0000] {taskinstance.py:1943} ERROR - Task failed with exception
Traceback (most recent call last):
  File "/home/airflow/.local/lib/python3.8/site-packages/airflow/operators/python.py", line 192, in execute
    return_value = self.execute_callable()
  File "/home/airflow/.local/lib/python3.8/site-packages/airflow/operators/python.py", line 209, in execute_callable
    return self.python_callable(*self.op_args, **self.op_kwargs)
  File "/opt/airflow/dags/dag_email_robot.py", line 22, in get_emails
    email_conf = json.load (open(path / ("config/email_conf.json")))
NameError: name 'json' is not defined
[2024-07-03T09:57:55.026+0000] {taskinstance.py:1400} INFO - Marking task as FAILED. dag_id=reports_workflow, task_id=id_task_get_emails, execution_date=20240702T132000, start_date=20240703T095754, end_date=20240703T095755
[2024-07-03T09:57:55.038+0000] {standard_task_runner.py:104} ERROR - Failed to execute job 405 for task id_task_get_emails (name 'json' is not defined; 20658)
[2024-07-03T09:57:55.082+0000] {local_task_job_runner.py:228} INFO - Task exited with return code 1
[2024-07-03T09:57:55.101+0000] {taskinstance.py:2784} INFO - 0 downstream tasks scheduled from follow-on schedule check
[2024-07-03T12:05:22.736+0000] {taskinstance.py:1159} INFO - Dependencies all met for dep_context=non-requeueable deps ti=<TaskInstance: reports_workflow.id_task_get_emails scheduled__2024-07-02T13:20:00+00:00 [queued]>
[2024-07-03T12:05:22.744+0000] {taskinstance.py:1159} INFO - Dependencies all met for dep_context=requeueable deps ti=<TaskInstance: reports_workflow.id_task_get_emails scheduled__2024-07-02T13:20:00+00:00 [queued]>
[2024-07-03T12:05:22.745+0000] {taskinstance.py:1361} INFO - Starting attempt 1 of 1
[2024-07-03T12:05:22.757+0000] {taskinstance.py:1382} INFO - Executing <Task(PythonOperator): id_task_get_emails> on 2024-07-02 13:20:00+00:00
[2024-07-03T12:05:22.764+0000] {standard_task_runner.py:57} INFO - Started process 23471 to run task
[2024-07-03T12:05:22.777+0000] {standard_task_runner.py:84} INFO - Running: ['***', 'tasks', 'run', 'reports_workflow', 'id_task_get_emails', 'scheduled__2024-07-02T13:20:00+00:00', '--job-id', '846', '--raw', '--subdir', 'DAGS_FOLDER/dag_email_robot.py', '--cfg-path', '/tmp/tmps4o3dl8p']
[2024-07-03T12:05:22.778+0000] {standard_task_runner.py:85} INFO - Job 846: Subtask id_task_get_emails
[2024-07-03T12:05:22.897+0000] {task_command.py:415} INFO - Running <TaskInstance: reports_workflow.id_task_get_emails scheduled__2024-07-02T13:20:00+00:00 [running]> on host 6f4ef5488251
[2024-07-03T12:05:23.038+0000] {taskinstance.py:1660} INFO - Exporting env vars: AIRFLOW_CTX_DAG_OWNER='FIRDAVS' AIRFLOW_CTX_DAG_ID='reports_workflow' AIRFLOW_CTX_TASK_ID='id_task_get_emails' AIRFLOW_CTX_EXECUTION_DATE='2024-07-02T13:20:00+00:00' AIRFLOW_CTX_TRY_NUMBER='1' AIRFLOW_CTX_DAG_RUN_ID='scheduled__2024-07-02T13:20:00+00:00'
[2024-07-03T12:05:23.039+0000] {logging_mixin.py:151} INFO - path of config file:  /opt/***
[2024-07-03T12:05:23.042+0000] {logging_mixin.py:151} INFO - #>2024-07-03 12:05:23.041983_User@StatDep: EmailRobot in screated.
[2024-07-03T12:05:23.042+0000] {logging_mixin.py:151} INFO - #>2024-07-03 12:05:23.042194_User@StatDep: get_for_recent_emails is started...
[2024-07-03T12:05:23.042+0000] {logging_mixin.py:151} INFO - #>2024-07-03 12:05:23.042410_User@StatDep: pop3_fetch_emails isstarted...
[2024-07-03T12:05:23.453+0000] {logging_mixin.py:151} INFO -    b'+OK'
[2024-07-03T12:05:23.942+0000] {logging_mixin.py:151} INFO -    mailbox have 1 emails and the robot can process 10
[2024-07-03T12:05:24.480+0000] {logging_mixin.py:151} INFO -    #>2024-07-03 12:05:24.480444_conneciton to db is set.
[2024-07-03T12:05:24.485+0000] {taskinstance.py:1943} ERROR - Task failed with exception
Traceback (most recent call last):
  File "/home/airflow/.local/lib/python3.8/site-packages/airflow/operators/python.py", line 192, in execute
    return_value = self.execute_callable()
  File "/home/airflow/.local/lib/python3.8/site-packages/airflow/operators/python.py", line 209, in execute_callable
    return self.python_callable(*self.op_args, **self.op_kwargs)
  File "/opt/airflow/dags/dag_email_robot.py", line 25, in get_emails
    robot.fetch_emails()
  File "/opt/airflow/dags/emailRobot.py", line 62, in fetch_emails
    return self.pop3_fetch_emails()
  File "/opt/airflow/dags/emailRobot.py", line 156, in pop3_fetch_emails
    cursor.execute (query, insert_values)
psycopg2.errors.UndefinedTable: relation "sma_stat_dep.tbl_file_upload" does not exist
LINE 1: ...) AS (INSERT INTO                                 sma_stat_d...
                                                             ^

[2024-07-03T12:05:24.501+0000] {taskinstance.py:1400} INFO - Marking task as FAILED. dag_id=reports_workflow, task_id=id_task_get_emails, execution_date=20240702T132000, start_date=20240703T120522, end_date=20240703T120524
[2024-07-03T12:05:24.516+0000] {standard_task_runner.py:104} ERROR - Failed to execute job 846 for task id_task_get_emails (relation "sma_stat_dep.tbl_file_upload" does not exist
LINE 1: ...) AS (INSERT INTO                                 sma_stat_d...
                                                             ^
; 23471)
[2024-07-03T12:05:24.543+0000] {local_task_job_runner.py:228} INFO - Task exited with return code 1
[2024-07-03T12:05:24.572+0000] {taskinstance.py:2784} INFO - 0 downstream tasks scheduled from follow-on schedule check
[2024-07-03T12:24:56.979+0000] {taskinstance.py:1159} INFO - Dependencies all met for dep_context=non-requeueable deps ti=<TaskInstance: reports_workflow.id_task_get_emails scheduled__2024-07-02T13:20:00+00:00 [queued]>
[2024-07-03T12:24:57.118+0000] {taskinstance.py:1159} INFO - Dependencies all met for dep_context=requeueable deps ti=<TaskInstance: reports_workflow.id_task_get_emails scheduled__2024-07-02T13:20:00+00:00 [queued]>
[2024-07-03T12:24:57.118+0000] {taskinstance.py:1361} INFO - Starting attempt 1 of 1
[2024-07-03T12:24:57.140+0000] {taskinstance.py:1382} INFO - Executing <Task(PythonOperator): id_task_get_emails> on 2024-07-02 13:20:00+00:00
[2024-07-03T12:24:57.144+0000] {standard_task_runner.py:57} INFO - Started process 24484 to run task
[2024-07-03T12:24:57.148+0000] {standard_task_runner.py:84} INFO - Running: ['***', 'tasks', 'run', 'reports_workflow', 'id_task_get_emails', 'scheduled__2024-07-02T13:20:00+00:00', '--job-id', '1204', '--raw', '--subdir', 'DAGS_FOLDER/dag_email_robot.py', '--cfg-path', '/tmp/tmprqcd_28h']
[2024-07-03T12:24:57.149+0000] {standard_task_runner.py:85} INFO - Job 1204: Subtask id_task_get_emails
[2024-07-03T12:24:57.201+0000] {task_command.py:415} INFO - Running <TaskInstance: reports_workflow.id_task_get_emails scheduled__2024-07-02T13:20:00+00:00 [running]> on host 6f4ef5488251
[2024-07-03T12:24:57.291+0000] {taskinstance.py:1660} INFO - Exporting env vars: AIRFLOW_CTX_DAG_OWNER='FIRDAVS' AIRFLOW_CTX_DAG_ID='reports_workflow' AIRFLOW_CTX_TASK_ID='id_task_get_emails' AIRFLOW_CTX_EXECUTION_DATE='2024-07-02T13:20:00+00:00' AIRFLOW_CTX_TRY_NUMBER='1' AIRFLOW_CTX_DAG_RUN_ID='scheduled__2024-07-02T13:20:00+00:00'
[2024-07-03T12:24:57.292+0000] {logging_mixin.py:151} INFO - path of config file:  /opt/***
[2024-07-03T12:24:57.293+0000] {logging_mixin.py:151} INFO - #>2024-07-03 12:24:57.293122_User@StatDep: EmailRobot in screated.
[2024-07-03T12:24:57.293+0000] {logging_mixin.py:151} INFO - #>2024-07-03 12:24:57.293369_User@StatDep: get_for_recent_emails is started...
[2024-07-03T12:24:57.293+0000] {logging_mixin.py:151} INFO - #>2024-07-03 12:24:57.293562_User@StatDep: pop3_fetch_emails isstarted...
[2024-07-03T12:24:57.754+0000] {logging_mixin.py:151} INFO -    b'+OK'
[2024-07-03T12:24:58.129+0000] {logging_mixin.py:151} INFO -    mailbox have 0 emails and the robot can process 10
[2024-07-03T12:24:58.130+0000] {logging_mixin.py:151} INFO - #>2024-07-03 12:24:58.130166_User@StatDep: no emails to process, exiting pop3_fetch_emails()...
[2024-07-03T12:24:58.130+0000] {python.py:194} INFO - Done. Returned value was: True
[2024-07-03T12:24:58.163+0000] {taskinstance.py:1400} INFO - Marking task as SUCCESS. dag_id=reports_workflow, task_id=id_task_get_emails, execution_date=20240702T132000, start_date=20240703T122457, end_date=20240703T122458
[2024-07-03T12:24:58.206+0000] {local_task_job_runner.py:228} INFO - Task exited with return code 0
[2024-07-03T12:24:58.263+0000] {taskinstance.py:2784} INFO - 1 downstream tasks scheduled from follow-on schedule check
