[2024-07-03T09:57:51.412+0000] {taskinstance.py:1159} INFO - Dependencies all met for dep_context=non-requeueable deps ti=<TaskInstance: reports_workflow.id_task_get_emails scheduled__2024-07-02T12:25:00+00:00 [queued]>
[2024-07-03T09:57:51.433+0000] {taskinstance.py:1159} INFO - Dependencies all met for dep_context=requeueable deps ti=<TaskInstance: reports_workflow.id_task_get_emails scheduled__2024-07-02T12:25:00+00:00 [queued]>
[2024-07-03T09:57:51.433+0000] {taskinstance.py:1361} INFO - Starting attempt 1 of 1
[2024-07-03T09:57:51.453+0000] {taskinstance.py:1382} INFO - Executing <Task(PythonOperator): id_task_get_emails> on 2024-07-02 12:25:00+00:00
[2024-07-03T09:57:51.458+0000] {standard_task_runner.py:57} INFO - Started process 20632 to run task
[2024-07-03T09:57:51.475+0000] {standard_task_runner.py:84} INFO - Running: ['***', 'tasks', 'run', 'reports_workflow', 'id_task_get_emails', 'scheduled__2024-07-02T12:25:00+00:00', '--job-id', '394', '--raw', '--subdir', 'DAGS_FOLDER/dag_email_robot.py', '--cfg-path', '/tmp/tmp4e5jqmzl']
[2024-07-03T09:57:51.477+0000] {standard_task_runner.py:85} INFO - Job 394: Subtask id_task_get_emails
[2024-07-03T09:57:51.576+0000] {task_command.py:415} INFO - Running <TaskInstance: reports_workflow.id_task_get_emails scheduled__2024-07-02T12:25:00+00:00 [running]> on host 6f4ef5488251
[2024-07-03T09:57:51.753+0000] {taskinstance.py:1660} INFO - Exporting env vars: AIRFLOW_CTX_DAG_OWNER='FIRDAVS' AIRFLOW_CTX_DAG_ID='reports_workflow' AIRFLOW_CTX_TASK_ID='id_task_get_emails' AIRFLOW_CTX_EXECUTION_DATE='2024-07-02T12:25:00+00:00' AIRFLOW_CTX_TRY_NUMBER='1' AIRFLOW_CTX_DAG_RUN_ID='scheduled__2024-07-02T12:25:00+00:00'
[2024-07-03T09:57:51.754+0000] {logging_mixin.py:151} INFO - path of config file:  /opt/***
[2024-07-03T09:57:51.754+0000] {taskinstance.py:1943} ERROR - Task failed with exception
Traceback (most recent call last):
  File "/home/airflow/.local/lib/python3.8/site-packages/airflow/operators/python.py", line 192, in execute
    return_value = self.execute_callable()
  File "/home/airflow/.local/lib/python3.8/site-packages/airflow/operators/python.py", line 209, in execute_callable
    return self.python_callable(*self.op_args, **self.op_kwargs)
  File "/opt/airflow/dags/dag_email_robot.py", line 22, in get_emails
    email_conf = json.load (open(path / ("config/email_conf.json")))
NameError: name 'json' is not defined
[2024-07-03T09:57:51.762+0000] {taskinstance.py:1400} INFO - Marking task as FAILED. dag_id=reports_workflow, task_id=id_task_get_emails, execution_date=20240702T122500, start_date=20240703T095751, end_date=20240703T095751
[2024-07-03T09:57:51.806+0000] {standard_task_runner.py:104} ERROR - Failed to execute job 394 for task id_task_get_emails (name 'json' is not defined; 20632)
[2024-07-03T09:57:51.849+0000] {local_task_job_runner.py:228} INFO - Task exited with return code 1
[2024-07-03T09:57:51.869+0000] {taskinstance.py:2784} INFO - 0 downstream tasks scheduled from follow-on schedule check
[2024-07-03T12:05:17.727+0000] {taskinstance.py:1159} INFO - Dependencies all met for dep_context=non-requeueable deps ti=<TaskInstance: reports_workflow.id_task_get_emails scheduled__2024-07-02T12:25:00+00:00 [queued]>
[2024-07-03T12:05:17.751+0000] {taskinstance.py:1159} INFO - Dependencies all met for dep_context=requeueable deps ti=<TaskInstance: reports_workflow.id_task_get_emails scheduled__2024-07-02T12:25:00+00:00 [queued]>
[2024-07-03T12:05:17.751+0000] {taskinstance.py:1361} INFO - Starting attempt 1 of 1
[2024-07-03T12:05:17.775+0000] {taskinstance.py:1382} INFO - Executing <Task(PythonOperator): id_task_get_emails> on 2024-07-02 12:25:00+00:00
[2024-07-03T12:05:17.823+0000] {standard_task_runner.py:57} INFO - Started process 23449 to run task
[2024-07-03T12:05:17.841+0000] {standard_task_runner.py:84} INFO - Running: ['***', 'tasks', 'run', 'reports_workflow', 'id_task_get_emails', 'scheduled__2024-07-02T12:25:00+00:00', '--job-id', '835', '--raw', '--subdir', 'DAGS_FOLDER/dag_email_robot.py', '--cfg-path', '/tmp/tmpnu_7jrec']
[2024-07-03T12:05:17.843+0000] {standard_task_runner.py:85} INFO - Job 835: Subtask id_task_get_emails
[2024-07-03T12:05:17.931+0000] {task_command.py:415} INFO - Running <TaskInstance: reports_workflow.id_task_get_emails scheduled__2024-07-02T12:25:00+00:00 [running]> on host 6f4ef5488251
[2024-07-03T12:05:18.023+0000] {taskinstance.py:1660} INFO - Exporting env vars: AIRFLOW_CTX_DAG_OWNER='FIRDAVS' AIRFLOW_CTX_DAG_ID='reports_workflow' AIRFLOW_CTX_TASK_ID='id_task_get_emails' AIRFLOW_CTX_EXECUTION_DATE='2024-07-02T12:25:00+00:00' AIRFLOW_CTX_TRY_NUMBER='1' AIRFLOW_CTX_DAG_RUN_ID='scheduled__2024-07-02T12:25:00+00:00'
[2024-07-03T12:05:18.026+0000] {logging_mixin.py:151} INFO - path of config file:  /opt/***
[2024-07-03T12:05:18.027+0000] {logging_mixin.py:151} INFO - #>2024-07-03 12:05:18.027565_User@StatDep: EmailRobot in screated.
[2024-07-03T12:05:18.027+0000] {logging_mixin.py:151} INFO - #>2024-07-03 12:05:18.027912_User@StatDep: get_for_recent_emails is started...
[2024-07-03T12:05:18.028+0000] {logging_mixin.py:151} INFO - #>2024-07-03 12:05:18.028291_User@StatDep: pop3_fetch_emails isstarted...
[2024-07-03T12:05:18.415+0000] {logging_mixin.py:151} INFO -    b'+OK'
[2024-07-03T12:05:18.851+0000] {logging_mixin.py:151} INFO -    mailbox have 1 emails and the robot can process 10
[2024-07-03T12:05:19.258+0000] {logging_mixin.py:151} INFO -    #>2024-07-03 12:05:19.258869_conneciton to db is set.
[2024-07-03T12:05:19.263+0000] {taskinstance.py:1943} ERROR - Task failed with exception
Traceback (most recent call last):
  File "/home/airflow/.local/lib/python3.8/site-packages/airflow/operators/python.py", line 192, in execute
    return_value = self.execute_callable()
  File "/home/airflow/.local/lib/python3.8/site-packages/airflow/operators/python.py", line 209, in execute_callable
    return self.python_callable(*self.op_args, **self.op_kwargs)
  File "/opt/airflow/dags/dag_email_robot.py", line 25, in get_emails
    robot.fetch_emails()
  File "/opt/airflow/dags/emailRobot.py", line 62, in fetch_emails
    return self.pop3_fetch_emails()
  File "/opt/airflow/dags/emailRobot.py", line 156, in pop3_fetch_emails
    cursor.execute (query, insert_values)
psycopg2.errors.UndefinedTable: relation "sma_stat_dep.tbl_file_upload" does not exist
LINE 1: ...) AS (INSERT INTO                                 sma_stat_d...
                                                             ^

[2024-07-03T12:05:19.274+0000] {taskinstance.py:1400} INFO - Marking task as FAILED. dag_id=reports_workflow, task_id=id_task_get_emails, execution_date=20240702T122500, start_date=20240703T120517, end_date=20240703T120519
[2024-07-03T12:05:19.285+0000] {standard_task_runner.py:104} ERROR - Failed to execute job 835 for task id_task_get_emails (relation "sma_stat_dep.tbl_file_upload" does not exist
LINE 1: ...) AS (INSERT INTO                                 sma_stat_d...
                                                             ^
; 23449)
[2024-07-03T12:05:19.309+0000] {local_task_job_runner.py:228} INFO - Task exited with return code 1
[2024-07-03T12:05:19.341+0000] {taskinstance.py:2784} INFO - 0 downstream tasks scheduled from follow-on schedule check
[2024-07-03T12:24:37.282+0000] {taskinstance.py:1159} INFO - Dependencies all met for dep_context=non-requeueable deps ti=<TaskInstance: reports_workflow.id_task_get_emails scheduled__2024-07-02T12:25:00+00:00 [queued]>
[2024-07-03T12:24:37.353+0000] {taskinstance.py:1159} INFO - Dependencies all met for dep_context=requeueable deps ti=<TaskInstance: reports_workflow.id_task_get_emails scheduled__2024-07-02T12:25:00+00:00 [queued]>
[2024-07-03T12:24:37.353+0000] {taskinstance.py:1361} INFO - Starting attempt 1 of 1
[2024-07-03T12:24:37.374+0000] {taskinstance.py:1382} INFO - Executing <Task(PythonOperator): id_task_get_emails> on 2024-07-02 12:25:00+00:00
[2024-07-03T12:24:37.379+0000] {standard_task_runner.py:57} INFO - Started process 24434 to run task
[2024-07-03T12:24:37.386+0000] {standard_task_runner.py:84} INFO - Running: ['***', 'tasks', 'run', 'reports_workflow', 'id_task_get_emails', 'scheduled__2024-07-02T12:25:00+00:00', '--job-id', '1182', '--raw', '--subdir', 'DAGS_FOLDER/dag_email_robot.py', '--cfg-path', '/tmp/tmpb75g4sb6']
[2024-07-03T12:24:37.387+0000] {standard_task_runner.py:85} INFO - Job 1182: Subtask id_task_get_emails
[2024-07-03T12:24:37.460+0000] {task_command.py:415} INFO - Running <TaskInstance: reports_workflow.id_task_get_emails scheduled__2024-07-02T12:25:00+00:00 [running]> on host 6f4ef5488251
[2024-07-03T12:24:37.769+0000] {taskinstance.py:1660} INFO - Exporting env vars: AIRFLOW_CTX_DAG_OWNER='FIRDAVS' AIRFLOW_CTX_DAG_ID='reports_workflow' AIRFLOW_CTX_TASK_ID='id_task_get_emails' AIRFLOW_CTX_EXECUTION_DATE='2024-07-02T12:25:00+00:00' AIRFLOW_CTX_TRY_NUMBER='1' AIRFLOW_CTX_DAG_RUN_ID='scheduled__2024-07-02T12:25:00+00:00'
[2024-07-03T12:24:37.772+0000] {logging_mixin.py:151} INFO - path of config file:  /opt/***
[2024-07-03T12:24:37.773+0000] {logging_mixin.py:151} INFO - #>2024-07-03 12:24:37.773294_User@StatDep: EmailRobot in screated.
[2024-07-03T12:24:37.773+0000] {logging_mixin.py:151} INFO - #>2024-07-03 12:24:37.773650_User@StatDep: get_for_recent_emails is started...
[2024-07-03T12:24:37.774+0000] {logging_mixin.py:151} INFO - #>2024-07-03 12:24:37.774175_User@StatDep: pop3_fetch_emails isstarted...
[2024-07-03T12:24:38.158+0000] {logging_mixin.py:151} INFO -    b'+OK'
[2024-07-03T12:24:38.497+0000] {logging_mixin.py:151} INFO -    mailbox have 0 emails and the robot can process 10
[2024-07-03T12:24:38.497+0000] {logging_mixin.py:151} INFO - #>2024-07-03 12:24:38.497648_User@StatDep: no emails to process, exiting pop3_fetch_emails()...
[2024-07-03T12:24:38.498+0000] {python.py:194} INFO - Done. Returned value was: True
[2024-07-03T12:24:38.547+0000] {taskinstance.py:1400} INFO - Marking task as SUCCESS. dag_id=reports_workflow, task_id=id_task_get_emails, execution_date=20240702T122500, start_date=20240703T122437, end_date=20240703T122438
[2024-07-03T12:24:38.643+0000] {local_task_job_runner.py:228} INFO - Task exited with return code 0
[2024-07-03T12:24:38.667+0000] {taskinstance.py:2784} INFO - 1 downstream tasks scheduled from follow-on schedule check
