[2024-07-03T09:56:55.398+0000] {taskinstance.py:1159} INFO - Dependencies all met for dep_context=non-requeueable deps ti=<TaskInstance: reports_workflow.id_task_get_emails scheduled__2024-07-02T03:45:00+00:00 [queued]>
[2024-07-03T09:56:55.406+0000] {taskinstance.py:1159} INFO - Dependencies all met for dep_context=requeueable deps ti=<TaskInstance: reports_workflow.id_task_get_emails scheduled__2024-07-02T03:45:00+00:00 [queued]>
[2024-07-03T09:56:55.406+0000] {taskinstance.py:1361} INFO - Starting attempt 1 of 1
[2024-07-03T09:56:55.422+0000] {taskinstance.py:1382} INFO - Executing <Task(PythonOperator): id_task_get_emails> on 2024-07-02 03:45:00+00:00
[2024-07-03T09:56:55.426+0000] {standard_task_runner.py:57} INFO - Started process 20409 to run task
[2024-07-03T09:56:55.429+0000] {standard_task_runner.py:84} INFO - Running: ['***', 'tasks', 'run', 'reports_workflow', 'id_task_get_emails', 'scheduled__2024-07-02T03:45:00+00:00', '--job-id', '288', '--raw', '--subdir', 'DAGS_FOLDER/dag_email_robot.py', '--cfg-path', '/tmp/tmptfthbojb']
[2024-07-03T09:56:55.430+0000] {standard_task_runner.py:85} INFO - Job 288: Subtask id_task_get_emails
[2024-07-03T09:56:55.482+0000] {task_command.py:415} INFO - Running <TaskInstance: reports_workflow.id_task_get_emails scheduled__2024-07-02T03:45:00+00:00 [running]> on host 6f4ef5488251
[2024-07-03T09:56:55.564+0000] {taskinstance.py:1660} INFO - Exporting env vars: AIRFLOW_CTX_DAG_OWNER='FIRDAVS' AIRFLOW_CTX_DAG_ID='reports_workflow' AIRFLOW_CTX_TASK_ID='id_task_get_emails' AIRFLOW_CTX_EXECUTION_DATE='2024-07-02T03:45:00+00:00' AIRFLOW_CTX_TRY_NUMBER='1' AIRFLOW_CTX_DAG_RUN_ID='scheduled__2024-07-02T03:45:00+00:00'
[2024-07-03T09:56:55.565+0000] {logging_mixin.py:151} INFO - path of config file:  /opt/***
[2024-07-03T09:56:55.565+0000] {taskinstance.py:1943} ERROR - Task failed with exception
Traceback (most recent call last):
  File "/home/airflow/.local/lib/python3.8/site-packages/airflow/operators/python.py", line 192, in execute
    return_value = self.execute_callable()
  File "/home/airflow/.local/lib/python3.8/site-packages/airflow/operators/python.py", line 209, in execute_callable
    return self.python_callable(*self.op_args, **self.op_kwargs)
  File "/opt/airflow/dags/dag_email_robot.py", line 22, in get_emails
    email_conf = json.load (open(path / ("config/email_conf.json")))
NameError: name 'json' is not defined
[2024-07-03T09:56:55.577+0000] {taskinstance.py:1400} INFO - Marking task as FAILED. dag_id=reports_workflow, task_id=id_task_get_emails, execution_date=20240702T034500, start_date=20240703T095655, end_date=20240703T095655
[2024-07-03T09:56:55.588+0000] {standard_task_runner.py:104} ERROR - Failed to execute job 288 for task id_task_get_emails (name 'json' is not defined; 20409)
[2024-07-03T09:56:55.605+0000] {local_task_job_runner.py:228} INFO - Task exited with return code 1
[2024-07-03T09:56:55.629+0000] {taskinstance.py:2784} INFO - 0 downstream tasks scheduled from follow-on schedule check
[2024-07-03T12:04:33.383+0000] {taskinstance.py:1159} INFO - Dependencies all met for dep_context=non-requeueable deps ti=<TaskInstance: reports_workflow.id_task_get_emails scheduled__2024-07-02T03:45:00+00:00 [queued]>
[2024-07-03T12:04:33.391+0000] {taskinstance.py:1159} INFO - Dependencies all met for dep_context=requeueable deps ti=<TaskInstance: reports_workflow.id_task_get_emails scheduled__2024-07-02T03:45:00+00:00 [queued]>
[2024-07-03T12:04:33.391+0000] {taskinstance.py:1361} INFO - Starting attempt 1 of 1
[2024-07-03T12:04:33.415+0000] {taskinstance.py:1382} INFO - Executing <Task(PythonOperator): id_task_get_emails> on 2024-07-02 03:45:00+00:00
[2024-07-03T12:04:33.420+0000] {standard_task_runner.py:57} INFO - Started process 23233 to run task
[2024-07-03T12:04:33.429+0000] {standard_task_runner.py:84} INFO - Running: ['***', 'tasks', 'run', 'reports_workflow', 'id_task_get_emails', 'scheduled__2024-07-02T03:45:00+00:00', '--job-id', '731', '--raw', '--subdir', 'DAGS_FOLDER/dag_email_robot.py', '--cfg-path', '/tmp/tmp2liii1fb']
[2024-07-03T12:04:33.430+0000] {standard_task_runner.py:85} INFO - Job 731: Subtask id_task_get_emails
[2024-07-03T12:04:33.543+0000] {task_command.py:415} INFO - Running <TaskInstance: reports_workflow.id_task_get_emails scheduled__2024-07-02T03:45:00+00:00 [running]> on host 6f4ef5488251
[2024-07-03T12:04:33.649+0000] {taskinstance.py:1660} INFO - Exporting env vars: AIRFLOW_CTX_DAG_OWNER='FIRDAVS' AIRFLOW_CTX_DAG_ID='reports_workflow' AIRFLOW_CTX_TASK_ID='id_task_get_emails' AIRFLOW_CTX_EXECUTION_DATE='2024-07-02T03:45:00+00:00' AIRFLOW_CTX_TRY_NUMBER='1' AIRFLOW_CTX_DAG_RUN_ID='scheduled__2024-07-02T03:45:00+00:00'
[2024-07-03T12:04:33.654+0000] {logging_mixin.py:151} INFO - path of config file:  /opt/***
[2024-07-03T12:04:33.656+0000] {logging_mixin.py:151} INFO - #>2024-07-03 12:04:33.655951_User@StatDep: EmailRobot in screated.
[2024-07-03T12:04:33.656+0000] {logging_mixin.py:151} INFO - #>2024-07-03 12:04:33.656181_User@StatDep: get_for_recent_emails is started...
[2024-07-03T12:04:33.657+0000] {logging_mixin.py:151} INFO - #>2024-07-03 12:04:33.656976_User@StatDep: pop3_fetch_emails isstarted...
[2024-07-03T12:04:34.055+0000] {logging_mixin.py:151} INFO -    b'+OK'
[2024-07-03T12:04:34.547+0000] {logging_mixin.py:151} INFO -    mailbox have 1 emails and the robot can process 10
[2024-07-03T12:04:35.027+0000] {logging_mixin.py:151} INFO -    #>2024-07-03 12:04:35.027842_conneciton to db is set.
[2024-07-03T12:04:35.038+0000] {taskinstance.py:1943} ERROR - Task failed with exception
Traceback (most recent call last):
  File "/home/airflow/.local/lib/python3.8/site-packages/airflow/operators/python.py", line 192, in execute
    return_value = self.execute_callable()
  File "/home/airflow/.local/lib/python3.8/site-packages/airflow/operators/python.py", line 209, in execute_callable
    return self.python_callable(*self.op_args, **self.op_kwargs)
  File "/opt/airflow/dags/dag_email_robot.py", line 25, in get_emails
    robot.fetch_emails()
  File "/opt/airflow/dags/emailRobot.py", line 62, in fetch_emails
    return self.pop3_fetch_emails()
  File "/opt/airflow/dags/emailRobot.py", line 156, in pop3_fetch_emails
    cursor.execute (query, insert_values)
psycopg2.errors.UndefinedTable: relation "sma_stat_dep.tbl_file_upload" does not exist
LINE 1: ...) AS (INSERT INTO                                 sma_stat_d...
                                                             ^

[2024-07-03T12:04:35.061+0000] {taskinstance.py:1400} INFO - Marking task as FAILED. dag_id=reports_workflow, task_id=id_task_get_emails, execution_date=20240702T034500, start_date=20240703T120433, end_date=20240703T120435
[2024-07-03T12:04:35.082+0000] {standard_task_runner.py:104} ERROR - Failed to execute job 731 for task id_task_get_emails (relation "sma_stat_dep.tbl_file_upload" does not exist
LINE 1: ...) AS (INSERT INTO                                 sma_stat_d...
                                                             ^
; 23233)
[2024-07-03T12:04:35.100+0000] {local_task_job_runner.py:228} INFO - Task exited with return code 1
[2024-07-03T12:04:35.155+0000] {taskinstance.py:2784} INFO - 0 downstream tasks scheduled from follow-on schedule check
[2024-07-03T12:21:29.400+0000] {taskinstance.py:1159} INFO - Dependencies all met for dep_context=non-requeueable deps ti=<TaskInstance: reports_workflow.id_task_get_emails scheduled__2024-07-02T03:45:00+00:00 [queued]>
[2024-07-03T12:21:29.435+0000] {taskinstance.py:1159} INFO - Dependencies all met for dep_context=requeueable deps ti=<TaskInstance: reports_workflow.id_task_get_emails scheduled__2024-07-02T03:45:00+00:00 [queued]>
[2024-07-03T12:21:29.435+0000] {taskinstance.py:1361} INFO - Starting attempt 1 of 1
[2024-07-03T12:21:29.464+0000] {taskinstance.py:1382} INFO - Executing <Task(PythonOperator): id_task_get_emails> on 2024-07-02 03:45:00+00:00
[2024-07-03T12:21:29.479+0000] {standard_task_runner.py:57} INFO - Started process 23976 to run task
[2024-07-03T12:21:29.493+0000] {standard_task_runner.py:84} INFO - Running: ['***', 'tasks', 'run', 'reports_workflow', 'id_task_get_emails', 'scheduled__2024-07-02T03:45:00+00:00', '--job-id', '976', '--raw', '--subdir', 'DAGS_FOLDER/dag_email_robot.py', '--cfg-path', '/tmp/tmp04p00uib']
[2024-07-03T12:21:29.511+0000] {standard_task_runner.py:85} INFO - Job 976: Subtask id_task_get_emails
[2024-07-03T12:21:29.659+0000] {task_command.py:415} INFO - Running <TaskInstance: reports_workflow.id_task_get_emails scheduled__2024-07-02T03:45:00+00:00 [running]> on host 6f4ef5488251
[2024-07-03T12:21:29.865+0000] {taskinstance.py:1660} INFO - Exporting env vars: AIRFLOW_CTX_DAG_OWNER='FIRDAVS' AIRFLOW_CTX_DAG_ID='reports_workflow' AIRFLOW_CTX_TASK_ID='id_task_get_emails' AIRFLOW_CTX_EXECUTION_DATE='2024-07-02T03:45:00+00:00' AIRFLOW_CTX_TRY_NUMBER='1' AIRFLOW_CTX_DAG_RUN_ID='scheduled__2024-07-02T03:45:00+00:00'
[2024-07-03T12:21:29.866+0000] {logging_mixin.py:151} INFO - path of config file:  /opt/***
[2024-07-03T12:21:29.880+0000] {logging_mixin.py:151} INFO - #>2024-07-03 12:21:29.880559_User@StatDep: EmailRobot in screated.
[2024-07-03T12:21:29.880+0000] {logging_mixin.py:151} INFO - #>2024-07-03 12:21:29.880843_User@StatDep: get_for_recent_emails is started...
[2024-07-03T12:21:29.881+0000] {logging_mixin.py:151} INFO - #>2024-07-03 12:21:29.880988_User@StatDep: pop3_fetch_emails isstarted...
[2024-07-03T12:21:30.258+0000] {logging_mixin.py:151} INFO -    b'+OK'
[2024-07-03T12:21:30.553+0000] {logging_mixin.py:151} INFO -    mailbox have 0 emails and the robot can process 10
[2024-07-03T12:21:30.553+0000] {logging_mixin.py:151} INFO - #>2024-07-03 12:21:30.553542_User@StatDep: no emails to process, exiting pop3_fetch_emails()...
[2024-07-03T12:21:30.553+0000] {python.py:194} INFO - Done. Returned value was: True
[2024-07-03T12:21:30.608+0000] {taskinstance.py:1400} INFO - Marking task as SUCCESS. dag_id=reports_workflow, task_id=id_task_get_emails, execution_date=20240702T034500, start_date=20240703T122129, end_date=20240703T122130
[2024-07-03T12:21:30.698+0000] {local_task_job_runner.py:228} INFO - Task exited with return code 0
[2024-07-03T12:21:30.755+0000] {taskinstance.py:2784} INFO - 1 downstream tasks scheduled from follow-on schedule check
