[2024-07-03T09:56:34.215+0000] {taskinstance.py:1159} INFO - Dependencies all met for dep_context=non-requeueable deps ti=<TaskInstance: reports_workflow.id_task_get_emails scheduled__2024-07-02T00:40:00+00:00 [queued]>
[2024-07-03T09:56:34.230+0000] {taskinstance.py:1159} INFO - Dependencies all met for dep_context=requeueable deps ti=<TaskInstance: reports_workflow.id_task_get_emails scheduled__2024-07-02T00:40:00+00:00 [queued]>
[2024-07-03T09:56:34.230+0000] {taskinstance.py:1361} INFO - Starting attempt 1 of 1
[2024-07-03T09:56:34.267+0000] {taskinstance.py:1382} INFO - Executing <Task(PythonOperator): id_task_get_emails> on 2024-07-02 00:40:00+00:00
[2024-07-03T09:56:34.275+0000] {standard_task_runner.py:57} INFO - Started process 20332 to run task
[2024-07-03T09:56:34.290+0000] {standard_task_runner.py:84} INFO - Running: ['***', 'tasks', 'run', 'reports_workflow', 'id_task_get_emails', 'scheduled__2024-07-02T00:40:00+00:00', '--job-id', '251', '--raw', '--subdir', 'DAGS_FOLDER/dag_email_robot.py', '--cfg-path', '/tmp/tmp74wjay71']
[2024-07-03T09:56:34.291+0000] {standard_task_runner.py:85} INFO - Job 251: Subtask id_task_get_emails
[2024-07-03T09:56:34.378+0000] {task_command.py:415} INFO - Running <TaskInstance: reports_workflow.id_task_get_emails scheduled__2024-07-02T00:40:00+00:00 [running]> on host 6f4ef5488251
[2024-07-03T09:56:34.478+0000] {taskinstance.py:1660} INFO - Exporting env vars: AIRFLOW_CTX_DAG_OWNER='FIRDAVS' AIRFLOW_CTX_DAG_ID='reports_workflow' AIRFLOW_CTX_TASK_ID='id_task_get_emails' AIRFLOW_CTX_EXECUTION_DATE='2024-07-02T00:40:00+00:00' AIRFLOW_CTX_TRY_NUMBER='1' AIRFLOW_CTX_DAG_RUN_ID='scheduled__2024-07-02T00:40:00+00:00'
[2024-07-03T09:56:34.481+0000] {logging_mixin.py:151} INFO - path of config file:  /opt/***
[2024-07-03T09:56:34.481+0000] {taskinstance.py:1943} ERROR - Task failed with exception
Traceback (most recent call last):
  File "/home/airflow/.local/lib/python3.8/site-packages/airflow/operators/python.py", line 192, in execute
    return_value = self.execute_callable()
  File "/home/airflow/.local/lib/python3.8/site-packages/airflow/operators/python.py", line 209, in execute_callable
    return self.python_callable(*self.op_args, **self.op_kwargs)
  File "/opt/airflow/dags/dag_email_robot.py", line 22, in get_emails
    email_conf = json.load (open(path / ("config/email_conf.json")))
NameError: name 'json' is not defined
[2024-07-03T09:56:34.505+0000] {taskinstance.py:1400} INFO - Marking task as FAILED. dag_id=reports_workflow, task_id=id_task_get_emails, execution_date=20240702T004000, start_date=20240703T095634, end_date=20240703T095634
[2024-07-03T09:56:34.519+0000] {standard_task_runner.py:104} ERROR - Failed to execute job 251 for task id_task_get_emails (name 'json' is not defined; 20332)
[2024-07-03T09:56:34.535+0000] {local_task_job_runner.py:228} INFO - Task exited with return code 1
[2024-07-03T09:56:34.551+0000] {taskinstance.py:2784} INFO - 0 downstream tasks scheduled from follow-on schedule check
[2024-07-03T12:04:18.803+0000] {taskinstance.py:1159} INFO - Dependencies all met for dep_context=non-requeueable deps ti=<TaskInstance: reports_workflow.id_task_get_emails scheduled__2024-07-02T00:40:00+00:00 [queued]>
[2024-07-03T12:04:18.825+0000] {taskinstance.py:1159} INFO - Dependencies all met for dep_context=requeueable deps ti=<TaskInstance: reports_workflow.id_task_get_emails scheduled__2024-07-02T00:40:00+00:00 [queued]>
[2024-07-03T12:04:18.826+0000] {taskinstance.py:1361} INFO - Starting attempt 1 of 1
[2024-07-03T12:04:18.841+0000] {taskinstance.py:1382} INFO - Executing <Task(PythonOperator): id_task_get_emails> on 2024-07-02 00:40:00+00:00
[2024-07-03T12:04:18.846+0000] {standard_task_runner.py:57} INFO - Started process 23153 to run task
[2024-07-03T12:04:18.855+0000] {standard_task_runner.py:84} INFO - Running: ['***', 'tasks', 'run', 'reports_workflow', 'id_task_get_emails', 'scheduled__2024-07-02T00:40:00+00:00', '--job-id', '694', '--raw', '--subdir', 'DAGS_FOLDER/dag_email_robot.py', '--cfg-path', '/tmp/tmp5xkiw_u5']
[2024-07-03T12:04:18.857+0000] {standard_task_runner.py:85} INFO - Job 694: Subtask id_task_get_emails
[2024-07-03T12:04:18.929+0000] {task_command.py:415} INFO - Running <TaskInstance: reports_workflow.id_task_get_emails scheduled__2024-07-02T00:40:00+00:00 [running]> on host 6f4ef5488251
[2024-07-03T12:04:19.036+0000] {taskinstance.py:1660} INFO - Exporting env vars: AIRFLOW_CTX_DAG_OWNER='FIRDAVS' AIRFLOW_CTX_DAG_ID='reports_workflow' AIRFLOW_CTX_TASK_ID='id_task_get_emails' AIRFLOW_CTX_EXECUTION_DATE='2024-07-02T00:40:00+00:00' AIRFLOW_CTX_TRY_NUMBER='1' AIRFLOW_CTX_DAG_RUN_ID='scheduled__2024-07-02T00:40:00+00:00'
[2024-07-03T12:04:19.037+0000] {logging_mixin.py:151} INFO - path of config file:  /opt/***
[2024-07-03T12:04:19.037+0000] {logging_mixin.py:151} INFO - #>2024-07-03 12:04:19.037904_User@StatDep: EmailRobot in screated.
[2024-07-03T12:04:19.038+0000] {logging_mixin.py:151} INFO - #>2024-07-03 12:04:19.038100_User@StatDep: get_for_recent_emails is started...
[2024-07-03T12:04:19.038+0000] {logging_mixin.py:151} INFO - #>2024-07-03 12:04:19.038260_User@StatDep: pop3_fetch_emails isstarted...
[2024-07-03T12:04:19.465+0000] {logging_mixin.py:151} INFO -    b'+OK'
[2024-07-03T12:04:19.922+0000] {logging_mixin.py:151} INFO -    mailbox have 1 emails and the robot can process 10
[2024-07-03T12:04:20.437+0000] {logging_mixin.py:151} INFO -    #>2024-07-03 12:04:20.436901_conneciton to db is set.
[2024-07-03T12:04:20.456+0000] {taskinstance.py:1943} ERROR - Task failed with exception
Traceback (most recent call last):
  File "/home/airflow/.local/lib/python3.8/site-packages/airflow/operators/python.py", line 192, in execute
    return_value = self.execute_callable()
  File "/home/airflow/.local/lib/python3.8/site-packages/airflow/operators/python.py", line 209, in execute_callable
    return self.python_callable(*self.op_args, **self.op_kwargs)
  File "/opt/airflow/dags/dag_email_robot.py", line 25, in get_emails
    robot.fetch_emails()
  File "/opt/airflow/dags/emailRobot.py", line 62, in fetch_emails
    return self.pop3_fetch_emails()
  File "/opt/airflow/dags/emailRobot.py", line 156, in pop3_fetch_emails
    cursor.execute (query, insert_values)
psycopg2.errors.UndefinedTable: relation "sma_stat_dep.tbl_file_upload" does not exist
LINE 1: ...) AS (INSERT INTO                                 sma_stat_d...
                                                             ^

[2024-07-03T12:04:20.492+0000] {taskinstance.py:1400} INFO - Marking task as FAILED. dag_id=reports_workflow, task_id=id_task_get_emails, execution_date=20240702T004000, start_date=20240703T120418, end_date=20240703T120420
[2024-07-03T12:04:20.732+0000] {standard_task_runner.py:104} ERROR - Failed to execute job 694 for task id_task_get_emails (relation "sma_stat_dep.tbl_file_upload" does not exist
LINE 1: ...) AS (INSERT INTO                                 sma_stat_d...
                                                             ^
; 23153)
[2024-07-03T12:04:20.781+0000] {local_task_job_runner.py:228} INFO - Task exited with return code 1
[2024-07-03T12:04:20.858+0000] {taskinstance.py:2784} INFO - 0 downstream tasks scheduled from follow-on schedule check
[2024-07-03T12:20:29.172+0000] {taskinstance.py:1159} INFO - Dependencies all met for dep_context=non-requeueable deps ti=<TaskInstance: reports_workflow.id_task_get_emails scheduled__2024-07-02T00:40:00+00:00 [queued]>
[2024-07-03T12:20:29.241+0000] {taskinstance.py:1159} INFO - Dependencies all met for dep_context=requeueable deps ti=<TaskInstance: reports_workflow.id_task_get_emails scheduled__2024-07-02T00:40:00+00:00 [queued]>
[2024-07-03T12:20:29.242+0000] {taskinstance.py:1361} INFO - Starting attempt 1 of 1
[2024-07-03T12:20:29.269+0000] {taskinstance.py:1382} INFO - Executing <Task(PythonOperator): id_task_get_emails> on 2024-07-02 00:40:00+00:00
[2024-07-03T12:20:29.277+0000] {standard_task_runner.py:57} INFO - Started process 23822 to run task
[2024-07-03T12:20:29.304+0000] {standard_task_runner.py:84} INFO - Running: ['***', 'tasks', 'run', 'reports_workflow', 'id_task_get_emails', 'scheduled__2024-07-02T00:40:00+00:00', '--job-id', '904', '--raw', '--subdir', 'DAGS_FOLDER/dag_email_robot.py', '--cfg-path', '/tmp/tmptggjgyjv']
[2024-07-03T12:20:29.305+0000] {standard_task_runner.py:85} INFO - Job 904: Subtask id_task_get_emails
[2024-07-03T12:20:29.419+0000] {task_command.py:415} INFO - Running <TaskInstance: reports_workflow.id_task_get_emails scheduled__2024-07-02T00:40:00+00:00 [running]> on host 6f4ef5488251
[2024-07-03T12:20:29.586+0000] {taskinstance.py:1660} INFO - Exporting env vars: AIRFLOW_CTX_DAG_OWNER='FIRDAVS' AIRFLOW_CTX_DAG_ID='reports_workflow' AIRFLOW_CTX_TASK_ID='id_task_get_emails' AIRFLOW_CTX_EXECUTION_DATE='2024-07-02T00:40:00+00:00' AIRFLOW_CTX_TRY_NUMBER='1' AIRFLOW_CTX_DAG_RUN_ID='scheduled__2024-07-02T00:40:00+00:00'
[2024-07-03T12:20:29.590+0000] {logging_mixin.py:151} INFO - path of config file:  /opt/***
[2024-07-03T12:20:29.590+0000] {logging_mixin.py:151} INFO - #>2024-07-03 12:20:29.590954_User@StatDep: EmailRobot in screated.
[2024-07-03T12:20:29.591+0000] {logging_mixin.py:151} INFO - #>2024-07-03 12:20:29.591296_User@StatDep: get_for_recent_emails is started...
[2024-07-03T12:20:29.591+0000] {logging_mixin.py:151} INFO - #>2024-07-03 12:20:29.591650_User@StatDep: pop3_fetch_emails isstarted...
[2024-07-03T12:20:29.961+0000] {logging_mixin.py:151} INFO -    b'+OK'
[2024-07-03T12:20:30.299+0000] {logging_mixin.py:151} INFO -    mailbox have 0 emails and the robot can process 10
[2024-07-03T12:20:30.300+0000] {logging_mixin.py:151} INFO - #>2024-07-03 12:20:30.299960_User@StatDep: no emails to process, exiting pop3_fetch_emails()...
[2024-07-03T12:20:30.300+0000] {python.py:194} INFO - Done. Returned value was: True
[2024-07-03T12:20:30.388+0000] {taskinstance.py:1400} INFO - Marking task as SUCCESS. dag_id=reports_workflow, task_id=id_task_get_emails, execution_date=20240702T004000, start_date=20240703T122029, end_date=20240703T122030
[2024-07-03T12:20:30.438+0000] {local_task_job_runner.py:228} INFO - Task exited with return code 0
[2024-07-03T12:20:30.524+0000] {taskinstance.py:2784} INFO - 1 downstream tasks scheduled from follow-on schedule check
