[2024-07-03T09:58:10.231+0000] {taskinstance.py:1159} INFO - Dependencies all met for dep_context=non-requeueable deps ti=<TaskInstance: reports_workflow.id_task_get_emails scheduled__2024-07-02T16:05:00+00:00 [queued]>
[2024-07-03T09:58:10.251+0000] {taskinstance.py:1159} INFO - Dependencies all met for dep_context=requeueable deps ti=<TaskInstance: reports_workflow.id_task_get_emails scheduled__2024-07-02T16:05:00+00:00 [queued]>
[2024-07-03T09:58:10.251+0000] {taskinstance.py:1361} INFO - Starting attempt 1 of 1
[2024-07-03T09:58:10.263+0000] {taskinstance.py:1382} INFO - Executing <Task(PythonOperator): id_task_get_emails> on 2024-07-02 16:05:00+00:00
[2024-07-03T09:58:10.268+0000] {standard_task_runner.py:57} INFO - Started process 20725 to run task
[2024-07-03T09:58:10.272+0000] {standard_task_runner.py:84} INFO - Running: ['***', 'tasks', 'run', 'reports_workflow', 'id_task_get_emails', 'scheduled__2024-07-02T16:05:00+00:00', '--job-id', '438', '--raw', '--subdir', 'DAGS_FOLDER/dag_email_robot.py', '--cfg-path', '/tmp/tmpi8rjef2f']
[2024-07-03T09:58:10.273+0000] {standard_task_runner.py:85} INFO - Job 438: Subtask id_task_get_emails
[2024-07-03T09:58:10.357+0000] {task_command.py:415} INFO - Running <TaskInstance: reports_workflow.id_task_get_emails scheduled__2024-07-02T16:05:00+00:00 [running]> on host 6f4ef5488251
[2024-07-03T09:58:10.639+0000] {taskinstance.py:1660} INFO - Exporting env vars: AIRFLOW_CTX_DAG_OWNER='FIRDAVS' AIRFLOW_CTX_DAG_ID='reports_workflow' AIRFLOW_CTX_TASK_ID='id_task_get_emails' AIRFLOW_CTX_EXECUTION_DATE='2024-07-02T16:05:00+00:00' AIRFLOW_CTX_TRY_NUMBER='1' AIRFLOW_CTX_DAG_RUN_ID='scheduled__2024-07-02T16:05:00+00:00'
[2024-07-03T09:58:10.641+0000] {logging_mixin.py:151} INFO - path of config file:  /opt/***
[2024-07-03T09:58:10.643+0000] {logging_mixin.py:151} INFO - #>2024-07-03 09:58:10.643072_User@StatDep: EmailRobot in screated.
[2024-07-03T09:58:10.643+0000] {logging_mixin.py:151} INFO - #>2024-07-03 09:58:10.643543_User@StatDep: get_for_recent_emails is started...
[2024-07-03T09:58:10.643+0000] {logging_mixin.py:151} INFO - #>2024-07-03 09:58:10.643901_User@StatDep: pop3_fetch_emails isstarted...
[2024-07-03T09:58:11.054+0000] {logging_mixin.py:151} INFO -    b'+OK'
[2024-07-03T09:58:11.387+0000] {logging_mixin.py:151} INFO -    mailbox have 0 emails and the robot can process 10
[2024-07-03T09:58:11.388+0000] {logging_mixin.py:151} INFO - #>2024-07-03 09:58:11.388210_User@StatDep: no emails to process, exiting pop3_fetch_emails()...
[2024-07-03T09:58:11.388+0000] {python.py:194} INFO - Done. Returned value was: True
[2024-07-03T09:58:11.429+0000] {taskinstance.py:1400} INFO - Marking task as SUCCESS. dag_id=reports_workflow, task_id=id_task_get_emails, execution_date=20240702T160500, start_date=20240703T095810, end_date=20240703T095811
[2024-07-03T09:58:11.531+0000] {local_task_job_runner.py:228} INFO - Task exited with return code 0
[2024-07-03T09:58:11.562+0000] {taskinstance.py:2784} INFO - 0 downstream tasks scheduled from follow-on schedule check
[2024-07-03T12:05:35.479+0000] {taskinstance.py:1159} INFO - Dependencies all met for dep_context=non-requeueable deps ti=<TaskInstance: reports_workflow.id_task_get_emails scheduled__2024-07-02T16:05:00+00:00 [queued]>
[2024-07-03T12:05:35.493+0000] {taskinstance.py:1159} INFO - Dependencies all met for dep_context=requeueable deps ti=<TaskInstance: reports_workflow.id_task_get_emails scheduled__2024-07-02T16:05:00+00:00 [queued]>
[2024-07-03T12:05:35.493+0000] {taskinstance.py:1361} INFO - Starting attempt 1 of 1
[2024-07-03T12:05:35.515+0000] {taskinstance.py:1382} INFO - Executing <Task(PythonOperator): id_task_get_emails> on 2024-07-02 16:05:00+00:00
[2024-07-03T12:05:35.539+0000] {standard_task_runner.py:57} INFO - Started process 23545 to run task
[2024-07-03T12:05:35.564+0000] {standard_task_runner.py:84} INFO - Running: ['***', 'tasks', 'run', 'reports_workflow', 'id_task_get_emails', 'scheduled__2024-07-02T16:05:00+00:00', '--job-id', '879', '--raw', '--subdir', 'DAGS_FOLDER/dag_email_robot.py', '--cfg-path', '/tmp/tmp209g5usp']
[2024-07-03T12:05:35.570+0000] {standard_task_runner.py:85} INFO - Job 879: Subtask id_task_get_emails
[2024-07-03T12:05:35.675+0000] {task_command.py:415} INFO - Running <TaskInstance: reports_workflow.id_task_get_emails scheduled__2024-07-02T16:05:00+00:00 [running]> on host 6f4ef5488251
[2024-07-03T12:05:35.834+0000] {taskinstance.py:1660} INFO - Exporting env vars: AIRFLOW_CTX_DAG_OWNER='FIRDAVS' AIRFLOW_CTX_DAG_ID='reports_workflow' AIRFLOW_CTX_TASK_ID='id_task_get_emails' AIRFLOW_CTX_EXECUTION_DATE='2024-07-02T16:05:00+00:00' AIRFLOW_CTX_TRY_NUMBER='1' AIRFLOW_CTX_DAG_RUN_ID='scheduled__2024-07-02T16:05:00+00:00'
[2024-07-03T12:05:35.836+0000] {logging_mixin.py:151} INFO - path of config file:  /opt/***
[2024-07-03T12:05:35.836+0000] {logging_mixin.py:151} INFO - #>2024-07-03 12:05:35.836683_User@StatDep: EmailRobot in screated.
[2024-07-03T12:05:35.836+0000] {logging_mixin.py:151} INFO - #>2024-07-03 12:05:35.836871_User@StatDep: get_for_recent_emails is started...
[2024-07-03T12:05:35.837+0000] {logging_mixin.py:151} INFO - #>2024-07-03 12:05:35.837009_User@StatDep: pop3_fetch_emails isstarted...
[2024-07-03T12:05:36.199+0000] {logging_mixin.py:151} INFO -    b'+OK'
[2024-07-03T12:05:36.642+0000] {logging_mixin.py:151} INFO -    mailbox have 1 emails and the robot can process 10
[2024-07-03T12:05:37.123+0000] {logging_mixin.py:151} INFO -    #>2024-07-03 12:05:37.123295_conneciton to db is set.
[2024-07-03T12:05:37.129+0000] {taskinstance.py:1943} ERROR - Task failed with exception
Traceback (most recent call last):
  File "/home/airflow/.local/lib/python3.8/site-packages/airflow/operators/python.py", line 192, in execute
    return_value = self.execute_callable()
  File "/home/airflow/.local/lib/python3.8/site-packages/airflow/operators/python.py", line 209, in execute_callable
    return self.python_callable(*self.op_args, **self.op_kwargs)
  File "/opt/airflow/dags/dag_email_robot.py", line 25, in get_emails
    robot.fetch_emails()
  File "/opt/airflow/dags/emailRobot.py", line 62, in fetch_emails
    return self.pop3_fetch_emails()
  File "/opt/airflow/dags/emailRobot.py", line 156, in pop3_fetch_emails
    cursor.execute (query, insert_values)
psycopg2.errors.UndefinedTable: relation "sma_stat_dep.tbl_file_upload" does not exist
LINE 1: ...) AS (INSERT INTO                                 sma_stat_d...
                                                             ^

[2024-07-03T12:05:37.146+0000] {taskinstance.py:1400} INFO - Marking task as FAILED. dag_id=reports_workflow, task_id=id_task_get_emails, execution_date=20240702T160500, start_date=20240703T120535, end_date=20240703T120537
[2024-07-03T12:05:37.160+0000] {standard_task_runner.py:104} ERROR - Failed to execute job 879 for task id_task_get_emails (relation "sma_stat_dep.tbl_file_upload" does not exist
LINE 1: ...) AS (INSERT INTO                                 sma_stat_d...
                                                             ^
; 23545)
[2024-07-03T12:05:37.178+0000] {local_task_job_runner.py:228} INFO - Task exited with return code 1
[2024-07-03T12:05:37.228+0000] {taskinstance.py:2784} INFO - 0 downstream tasks scheduled from follow-on schedule check
[2024-07-03T12:27:56.230+0000] {taskinstance.py:1159} INFO - Dependencies all met for dep_context=non-requeueable deps ti=<TaskInstance: reports_workflow.id_task_get_emails scheduled__2024-07-02T16:05:00+00:00 [queued]>
[2024-07-03T12:27:56.261+0000] {taskinstance.py:1159} INFO - Dependencies all met for dep_context=requeueable deps ti=<TaskInstance: reports_workflow.id_task_get_emails scheduled__2024-07-02T16:05:00+00:00 [queued]>
[2024-07-03T12:27:56.261+0000] {taskinstance.py:1361} INFO - Starting attempt 1 of 1
[2024-07-03T12:27:56.275+0000] {taskinstance.py:1382} INFO - Executing <Task(PythonOperator): id_task_get_emails> on 2024-07-02 16:05:00+00:00
[2024-07-03T12:27:56.280+0000] {standard_task_runner.py:57} INFO - Started process 24654 to run task
[2024-07-03T12:27:56.287+0000] {standard_task_runner.py:84} INFO - Running: ['***', 'tasks', 'run', 'reports_workflow', 'id_task_get_emails', 'scheduled__2024-07-02T16:05:00+00:00', '--job-id', '1268', '--raw', '--subdir', 'DAGS_FOLDER/dag_email_robot.py', '--cfg-path', '/tmp/tmpvq0r19x8']
[2024-07-03T12:27:56.288+0000] {standard_task_runner.py:85} INFO - Job 1268: Subtask id_task_get_emails
[2024-07-03T12:27:56.366+0000] {task_command.py:415} INFO - Running <TaskInstance: reports_workflow.id_task_get_emails scheduled__2024-07-02T16:05:00+00:00 [running]> on host 6f4ef5488251
[2024-07-03T12:27:56.579+0000] {taskinstance.py:1660} INFO - Exporting env vars: AIRFLOW_CTX_DAG_OWNER='FIRDAVS' AIRFLOW_CTX_DAG_ID='reports_workflow' AIRFLOW_CTX_TASK_ID='id_task_get_emails' AIRFLOW_CTX_EXECUTION_DATE='2024-07-02T16:05:00+00:00' AIRFLOW_CTX_TRY_NUMBER='1' AIRFLOW_CTX_DAG_RUN_ID='scheduled__2024-07-02T16:05:00+00:00'
[2024-07-03T12:27:56.583+0000] {logging_mixin.py:151} INFO - path of config file:  /opt/***
[2024-07-03T12:27:56.584+0000] {logging_mixin.py:151} INFO - #>2024-07-03 12:27:56.584412_User@StatDep: EmailRobot in screated.
[2024-07-03T12:27:56.590+0000] {logging_mixin.py:151} INFO - #>2024-07-03 12:27:56.590150_User@StatDep: get_for_recent_emails is started...
[2024-07-03T12:27:56.591+0000] {logging_mixin.py:151} INFO - #>2024-07-03 12:27:56.591708_User@StatDep: pop3_fetch_emails isstarted...
[2024-07-03T12:27:56.964+0000] {logging_mixin.py:151} INFO -    b'+OK'
[2024-07-03T12:27:57.319+0000] {logging_mixin.py:151} INFO -    mailbox have 0 emails and the robot can process 10
[2024-07-03T12:27:57.319+0000] {logging_mixin.py:151} INFO - #>2024-07-03 12:27:57.319898_User@StatDep: no emails to process, exiting pop3_fetch_emails()...
[2024-07-03T12:27:57.320+0000] {python.py:194} INFO - Done. Returned value was: True
[2024-07-03T12:27:57.380+0000] {taskinstance.py:1400} INFO - Marking task as SUCCESS. dag_id=reports_workflow, task_id=id_task_get_emails, execution_date=20240702T160500, start_date=20240703T122756, end_date=20240703T122757
[2024-07-03T12:27:57.441+0000] {local_task_job_runner.py:228} INFO - Task exited with return code 0
[2024-07-03T12:27:57.558+0000] {taskinstance.py:2784} INFO - 0 downstream tasks scheduled from follow-on schedule check
