[2024-07-08T10:00:10.047+0000] {taskinstance.py:1159} INFO - Dependencies all met for dep_context=non-requeueable deps ti=<TaskInstance: reports_workflow.id_task_send_emails scheduled__2024-07-08T09:55:00+00:00 [queued]>
[2024-07-08T10:00:10.056+0000] {taskinstance.py:1159} INFO - Dependencies all met for dep_context=requeueable deps ti=<TaskInstance: reports_workflow.id_task_send_emails scheduled__2024-07-08T09:55:00+00:00 [queued]>
[2024-07-08T10:00:10.056+0000] {taskinstance.py:1361} INFO - Starting attempt 1 of 2
[2024-07-08T10:00:10.068+0000] {taskinstance.py:1382} INFO - Executing <Task(PythonOperator): id_task_send_emails> on 2024-07-08 09:55:00+00:00
[2024-07-08T10:00:10.075+0000] {standard_task_runner.py:57} INFO - Started process 7385 to run task
[2024-07-08T10:00:10.081+0000] {standard_task_runner.py:84} INFO - Running: ['***', 'tasks', 'run', 'reports_workflow', 'id_task_send_emails', 'scheduled__2024-07-08T09:55:00+00:00', '--job-id', '3693', '--raw', '--subdir', 'DAGS_FOLDER/dag_email_robot.py', '--cfg-path', '/tmp/tmpsqdyxqjg']
[2024-07-08T10:00:10.087+0000] {standard_task_runner.py:85} INFO - Job 3693: Subtask id_task_send_emails
[2024-07-08T10:00:10.180+0000] {task_command.py:415} INFO - Running <TaskInstance: reports_workflow.id_task_send_emails scheduled__2024-07-08T09:55:00+00:00 [running]> on host 6f4ef5488251
[2024-07-08T10:00:10.318+0000] {taskinstance.py:1660} INFO - Exporting env vars: AIRFLOW_CTX_DAG_OWNER='FIRDAVS' AIRFLOW_CTX_DAG_ID='reports_workflow' AIRFLOW_CTX_TASK_ID='id_task_send_emails' AIRFLOW_CTX_EXECUTION_DATE='2024-07-08T09:55:00+00:00' AIRFLOW_CTX_TRY_NUMBER='1' AIRFLOW_CTX_DAG_RUN_ID='scheduled__2024-07-08T09:55:00+00:00'
[2024-07-08T10:00:10.319+0000] {logging_mixin.py:151} INFO - path of config file:  /opt/***
[2024-07-08T10:00:10.320+0000] {logging_mixin.py:151} INFO - #>2024-07-08 10:00:10.320460_User@StatDep: EmailRobot in screated.
[2024-07-08T10:00:10.320+0000] {logging_mixin.py:151} INFO - #>2024-07-08 10:00:10.320852_User@StatDep: send_validation_results is started...
[2024-07-08T10:00:10.333+0000] {logging_mixin.py:151} INFO -    #>2024-07-08 10:00:10.333072_conneciton to db is set.
[2024-07-08T10:00:10.336+0000] {logging_mixin.py:151} INFO -    #>2024-07-08 10:00:10.336304_cursor execution is successful.
[2024-07-08T10:00:10.336+0000] {logging_mixin.py:151} INFO -    There is no any new submissions found. The get_validation_results is over.
[2024-07-08T10:00:10.338+0000] {python.py:194} INFO - Done. Returned value was: True
[2024-07-08T10:00:10.361+0000] {taskinstance.py:1400} INFO - Marking task as SUCCESS. dag_id=reports_workflow, task_id=id_task_send_emails, execution_date=20240708T095500, start_date=20240708T100010, end_date=20240708T100010
[2024-07-08T10:00:10.411+0000] {local_task_job_runner.py:228} INFO - Task exited with return code 0
[2024-07-08T10:00:10.430+0000] {taskinstance.py:2784} INFO - 0 downstream tasks scheduled from follow-on schedule check
[2024-07-08T10:23:29.362+0000] {taskinstance.py:1159} INFO - Dependencies all met for dep_context=non-requeueable deps ti=<TaskInstance: reports_workflow.id_task_send_emails scheduled__2024-07-08T09:55:00+00:00 [queued]>
[2024-07-08T10:23:29.379+0000] {taskinstance.py:1159} INFO - Dependencies all met for dep_context=requeueable deps ti=<TaskInstance: reports_workflow.id_task_send_emails scheduled__2024-07-08T09:55:00+00:00 [queued]>
[2024-07-08T10:23:29.379+0000] {taskinstance.py:1361} INFO - Starting attempt 1 of 2
[2024-07-08T10:23:29.391+0000] {taskinstance.py:1382} INFO - Executing <Task(PythonOperator): id_task_send_emails> on 2024-07-08 09:55:00+00:00
[2024-07-08T10:23:29.400+0000] {standard_task_runner.py:57} INFO - Started process 8396 to run task
[2024-07-08T10:23:29.408+0000] {standard_task_runner.py:84} INFO - Running: ['***', 'tasks', 'run', 'reports_workflow', 'id_task_send_emails', 'scheduled__2024-07-08T09:55:00+00:00', '--job-id', '3913', '--raw', '--subdir', 'DAGS_FOLDER/dag_email_robot.py', '--cfg-path', '/tmp/tmpj8a2l12w']
[2024-07-08T10:23:29.412+0000] {standard_task_runner.py:85} INFO - Job 3913: Subtask id_task_send_emails
[2024-07-08T10:23:29.486+0000] {task_command.py:415} INFO - Running <TaskInstance: reports_workflow.id_task_send_emails scheduled__2024-07-08T09:55:00+00:00 [running]> on host 6f4ef5488251
[2024-07-08T10:23:29.609+0000] {taskinstance.py:1660} INFO - Exporting env vars: AIRFLOW_CTX_DAG_OWNER='FIRDAVS' AIRFLOW_CTX_DAG_ID='reports_workflow' AIRFLOW_CTX_TASK_ID='id_task_send_emails' AIRFLOW_CTX_EXECUTION_DATE='2024-07-08T09:55:00+00:00' AIRFLOW_CTX_TRY_NUMBER='1' AIRFLOW_CTX_DAG_RUN_ID='scheduled__2024-07-08T09:55:00+00:00'
[2024-07-08T10:23:29.610+0000] {logging_mixin.py:151} INFO - path of config file:  /opt/***
[2024-07-08T10:23:29.610+0000] {logging_mixin.py:151} INFO - #>2024-07-08 10:23:29.610962_User@StatDep: EmailRobot in screated.
[2024-07-08T10:23:29.611+0000] {logging_mixin.py:151} INFO - #>2024-07-08 10:23:29.611160_User@StatDep: send_validation_results is started...
[2024-07-08T10:23:29.626+0000] {logging_mixin.py:151} INFO -    #>2024-07-08 10:23:29.626510_conneciton to db is set.
[2024-07-08T10:23:29.628+0000] {logging_mixin.py:151} INFO -    #>2024-07-08 10:23:29.628427_cursor execution is successful.
[2024-07-08T10:23:29.628+0000] {logging_mixin.py:151} INFO -    There is no any new submissions found. The get_validation_results is over.
[2024-07-08T10:23:29.631+0000] {python.py:194} INFO - Done. Returned value was: True
[2024-07-08T10:23:29.670+0000] {taskinstance.py:1400} INFO - Marking task as SUCCESS. dag_id=reports_workflow, task_id=id_task_send_emails, execution_date=20240708T095500, start_date=20240708T102329, end_date=20240708T102329
[2024-07-08T10:23:29.717+0000] {local_task_job_runner.py:228} INFO - Task exited with return code 0
[2024-07-08T10:23:29.771+0000] {taskinstance.py:2784} INFO - 0 downstream tasks scheduled from follow-on schedule check
