[2024-07-03T10:00:09.163+0000] {taskinstance.py:1159} INFO - Dependencies all met for dep_context=non-requeueable deps ti=<TaskInstance: reports_workflow.id_task_get_emails scheduled__2024-07-03T09:55:00+00:00 [queued]>
[2024-07-03T10:00:09.171+0000] {taskinstance.py:1159} INFO - Dependencies all met for dep_context=requeueable deps ti=<TaskInstance: reports_workflow.id_task_get_emails scheduled__2024-07-03T09:55:00+00:00 [queued]>
[2024-07-03T10:00:09.171+0000] {taskinstance.py:1361} INFO - Starting attempt 1 of 1
[2024-07-03T10:00:09.182+0000] {taskinstance.py:1382} INFO - Executing <Task(PythonOperator): id_task_get_emails> on 2024-07-03 09:55:00+00:00
[2024-07-03T10:00:09.188+0000] {standard_task_runner.py:57} INFO - Started process 21187 to run task
[2024-07-03T10:00:09.191+0000] {standard_task_runner.py:84} INFO - Running: ['***', 'tasks', 'run', 'reports_workflow', 'id_task_get_emails', 'scheduled__2024-07-03T09:55:00+00:00', '--job-id', '654', '--raw', '--subdir', 'DAGS_FOLDER/dag_email_robot.py', '--cfg-path', '/tmp/tmpl8tgho72']
[2024-07-03T10:00:09.193+0000] {standard_task_runner.py:85} INFO - Job 654: Subtask id_task_get_emails
[2024-07-03T10:00:09.257+0000] {task_command.py:415} INFO - Running <TaskInstance: reports_workflow.id_task_get_emails scheduled__2024-07-03T09:55:00+00:00 [running]> on host 6f4ef5488251
[2024-07-03T10:00:09.353+0000] {taskinstance.py:1660} INFO - Exporting env vars: AIRFLOW_CTX_DAG_OWNER='FIRDAVS' AIRFLOW_CTX_DAG_ID='reports_workflow' AIRFLOW_CTX_TASK_ID='id_task_get_emails' AIRFLOW_CTX_EXECUTION_DATE='2024-07-03T09:55:00+00:00' AIRFLOW_CTX_TRY_NUMBER='1' AIRFLOW_CTX_DAG_RUN_ID='scheduled__2024-07-03T09:55:00+00:00'
[2024-07-03T10:00:09.354+0000] {logging_mixin.py:151} INFO - path of config file:  /opt/***
[2024-07-03T10:00:09.355+0000] {logging_mixin.py:151} INFO - #>2024-07-03 10:00:09.355062_User@StatDep: EmailRobot in screated.
[2024-07-03T10:00:09.355+0000] {logging_mixin.py:151} INFO - #>2024-07-03 10:00:09.355401_User@StatDep: get_for_recent_emails is started...
[2024-07-03T10:00:09.355+0000] {logging_mixin.py:151} INFO - #>2024-07-03 10:00:09.355698_User@StatDep: pop3_fetch_emails isstarted...
[2024-07-03T10:00:09.737+0000] {logging_mixin.py:151} INFO -    b'+OK'
[2024-07-03T10:00:10.109+0000] {logging_mixin.py:151} INFO -    mailbox have 0 emails and the robot can process 10
[2024-07-03T10:00:10.110+0000] {logging_mixin.py:151} INFO - #>2024-07-03 10:00:10.110356_User@StatDep: no emails to process, exiting pop3_fetch_emails()...
[2024-07-03T10:00:10.111+0000] {python.py:194} INFO - Done. Returned value was: True
[2024-07-03T10:00:10.145+0000] {taskinstance.py:1400} INFO - Marking task as SUCCESS. dag_id=reports_workflow, task_id=id_task_get_emails, execution_date=20240703T095500, start_date=20240703T100009, end_date=20240703T100010
[2024-07-03T10:00:10.167+0000] {local_task_job_runner.py:228} INFO - Task exited with return code 0
[2024-07-03T10:00:10.184+0000] {taskinstance.py:2784} INFO - 0 downstream tasks scheduled from follow-on schedule check
