[2024-07-03T09:56:51.442+0000] {taskinstance.py:1159} INFO - Dependencies all met for dep_context=non-requeueable deps ti=<TaskInstance: reports_workflow.id_task_get_emails scheduled__2024-07-02T03:05:00+00:00 [queued]>
[2024-07-03T09:56:51.459+0000] {taskinstance.py:1159} INFO - Dependencies all met for dep_context=requeueable deps ti=<TaskInstance: reports_workflow.id_task_get_emails scheduled__2024-07-02T03:05:00+00:00 [queued]>
[2024-07-03T09:56:51.459+0000] {taskinstance.py:1361} INFO - Starting attempt 1 of 1
[2024-07-03T09:56:51.476+0000] {taskinstance.py:1382} INFO - Executing <Task(PythonOperator): id_task_get_emails> on 2024-07-02 03:05:00+00:00
[2024-07-03T09:56:51.481+0000] {standard_task_runner.py:57} INFO - Started process 20395 to run task
[2024-07-03T09:56:51.489+0000] {standard_task_runner.py:84} INFO - Running: ['***', 'tasks', 'run', 'reports_workflow', 'id_task_get_emails', 'scheduled__2024-07-02T03:05:00+00:00', '--job-id', '280', '--raw', '--subdir', 'DAGS_FOLDER/dag_email_robot.py', '--cfg-path', '/tmp/tmpdwyzzd9n']
[2024-07-03T09:56:51.491+0000] {standard_task_runner.py:85} INFO - Job 280: Subtask id_task_get_emails
[2024-07-03T09:56:51.558+0000] {task_command.py:415} INFO - Running <TaskInstance: reports_workflow.id_task_get_emails scheduled__2024-07-02T03:05:00+00:00 [running]> on host 6f4ef5488251
[2024-07-03T09:56:51.647+0000] {taskinstance.py:1660} INFO - Exporting env vars: AIRFLOW_CTX_DAG_OWNER='FIRDAVS' AIRFLOW_CTX_DAG_ID='reports_workflow' AIRFLOW_CTX_TASK_ID='id_task_get_emails' AIRFLOW_CTX_EXECUTION_DATE='2024-07-02T03:05:00+00:00' AIRFLOW_CTX_TRY_NUMBER='1' AIRFLOW_CTX_DAG_RUN_ID='scheduled__2024-07-02T03:05:00+00:00'
[2024-07-03T09:56:51.648+0000] {logging_mixin.py:151} INFO - path of config file:  /opt/***
[2024-07-03T09:56:51.649+0000] {taskinstance.py:1943} ERROR - Task failed with exception
Traceback (most recent call last):
  File "/home/airflow/.local/lib/python3.8/site-packages/airflow/operators/python.py", line 192, in execute
    return_value = self.execute_callable()
  File "/home/airflow/.local/lib/python3.8/site-packages/airflow/operators/python.py", line 209, in execute_callable
    return self.python_callable(*self.op_args, **self.op_kwargs)
  File "/opt/airflow/dags/dag_email_robot.py", line 22, in get_emails
    email_conf = json.load (open(path / ("config/email_conf.json")))
NameError: name 'json' is not defined
[2024-07-03T09:56:51.657+0000] {taskinstance.py:1400} INFO - Marking task as FAILED. dag_id=reports_workflow, task_id=id_task_get_emails, execution_date=20240702T030500, start_date=20240703T095651, end_date=20240703T095651
[2024-07-03T09:56:51.670+0000] {standard_task_runner.py:104} ERROR - Failed to execute job 280 for task id_task_get_emails (name 'json' is not defined; 20395)
[2024-07-03T09:56:51.704+0000] {local_task_job_runner.py:228} INFO - Task exited with return code 1
[2024-07-03T09:56:51.726+0000] {taskinstance.py:2784} INFO - 0 downstream tasks scheduled from follow-on schedule check
[2024-07-03T12:04:31.908+0000] {taskinstance.py:1159} INFO - Dependencies all met for dep_context=non-requeueable deps ti=<TaskInstance: reports_workflow.id_task_get_emails scheduled__2024-07-02T03:05:00+00:00 [queued]>
[2024-07-03T12:04:31.916+0000] {taskinstance.py:1159} INFO - Dependencies all met for dep_context=requeueable deps ti=<TaskInstance: reports_workflow.id_task_get_emails scheduled__2024-07-02T03:05:00+00:00 [queued]>
[2024-07-03T12:04:31.917+0000] {taskinstance.py:1361} INFO - Starting attempt 1 of 1
[2024-07-03T12:04:31.955+0000] {taskinstance.py:1382} INFO - Executing <Task(PythonOperator): id_task_get_emails> on 2024-07-02 03:05:00+00:00
[2024-07-03T12:04:31.960+0000] {standard_task_runner.py:57} INFO - Started process 23217 to run task
[2024-07-03T12:04:31.990+0000] {standard_task_runner.py:84} INFO - Running: ['***', 'tasks', 'run', 'reports_workflow', 'id_task_get_emails', 'scheduled__2024-07-02T03:05:00+00:00', '--job-id', '722', '--raw', '--subdir', 'DAGS_FOLDER/dag_email_robot.py', '--cfg-path', '/tmp/tmpbe2zh21f']
[2024-07-03T12:04:31.993+0000] {standard_task_runner.py:85} INFO - Job 722: Subtask id_task_get_emails
[2024-07-03T12:04:32.086+0000] {task_command.py:415} INFO - Running <TaskInstance: reports_workflow.id_task_get_emails scheduled__2024-07-02T03:05:00+00:00 [running]> on host 6f4ef5488251
[2024-07-03T12:04:32.226+0000] {taskinstance.py:1660} INFO - Exporting env vars: AIRFLOW_CTX_DAG_OWNER='FIRDAVS' AIRFLOW_CTX_DAG_ID='reports_workflow' AIRFLOW_CTX_TASK_ID='id_task_get_emails' AIRFLOW_CTX_EXECUTION_DATE='2024-07-02T03:05:00+00:00' AIRFLOW_CTX_TRY_NUMBER='1' AIRFLOW_CTX_DAG_RUN_ID='scheduled__2024-07-02T03:05:00+00:00'
[2024-07-03T12:04:32.227+0000] {logging_mixin.py:151} INFO - path of config file:  /opt/***
[2024-07-03T12:04:32.228+0000] {logging_mixin.py:151} INFO - #>2024-07-03 12:04:32.228339_User@StatDep: EmailRobot in screated.
[2024-07-03T12:04:32.228+0000] {logging_mixin.py:151} INFO - #>2024-07-03 12:04:32.228516_User@StatDep: get_for_recent_emails is started...
[2024-07-03T12:04:32.228+0000] {logging_mixin.py:151} INFO - #>2024-07-03 12:04:32.228647_User@StatDep: pop3_fetch_emails isstarted...
[2024-07-03T12:04:32.597+0000] {logging_mixin.py:151} INFO -    b'+OK'
[2024-07-03T12:04:33.030+0000] {logging_mixin.py:151} INFO -    mailbox have 1 emails and the robot can process 10
[2024-07-03T12:04:33.507+0000] {logging_mixin.py:151} INFO -    #>2024-07-03 12:04:33.507606_conneciton to db is set.
[2024-07-03T12:04:33.521+0000] {taskinstance.py:1943} ERROR - Task failed with exception
Traceback (most recent call last):
  File "/home/airflow/.local/lib/python3.8/site-packages/airflow/operators/python.py", line 192, in execute
    return_value = self.execute_callable()
  File "/home/airflow/.local/lib/python3.8/site-packages/airflow/operators/python.py", line 209, in execute_callable
    return self.python_callable(*self.op_args, **self.op_kwargs)
  File "/opt/airflow/dags/dag_email_robot.py", line 25, in get_emails
    robot.fetch_emails()
  File "/opt/airflow/dags/emailRobot.py", line 62, in fetch_emails
    return self.pop3_fetch_emails()
  File "/opt/airflow/dags/emailRobot.py", line 156, in pop3_fetch_emails
    cursor.execute (query, insert_values)
psycopg2.errors.UndefinedTable: relation "sma_stat_dep.tbl_file_upload" does not exist
LINE 1: ...) AS (INSERT INTO                                 sma_stat_d...
                                                             ^

[2024-07-03T12:04:33.536+0000] {taskinstance.py:1400} INFO - Marking task as FAILED. dag_id=reports_workflow, task_id=id_task_get_emails, execution_date=20240702T030500, start_date=20240703T120431, end_date=20240703T120433
[2024-07-03T12:04:33.602+0000] {standard_task_runner.py:104} ERROR - Failed to execute job 722 for task id_task_get_emails (relation "sma_stat_dep.tbl_file_upload" does not exist
LINE 1: ...) AS (INSERT INTO                                 sma_stat_d...
                                                             ^
; 23217)
[2024-07-03T12:04:33.650+0000] {local_task_job_runner.py:228} INFO - Task exited with return code 1
[2024-07-03T12:04:33.689+0000] {taskinstance.py:2784} INFO - 0 downstream tasks scheduled from follow-on schedule check
[2024-07-03T12:21:27.822+0000] {taskinstance.py:1159} INFO - Dependencies all met for dep_context=non-requeueable deps ti=<TaskInstance: reports_workflow.id_task_get_emails scheduled__2024-07-02T03:05:00+00:00 [queued]>
[2024-07-03T12:21:27.938+0000] {taskinstance.py:1159} INFO - Dependencies all met for dep_context=requeueable deps ti=<TaskInstance: reports_workflow.id_task_get_emails scheduled__2024-07-02T03:05:00+00:00 [queued]>
[2024-07-03T12:21:27.938+0000] {taskinstance.py:1361} INFO - Starting attempt 1 of 1
[2024-07-03T12:21:27.976+0000] {taskinstance.py:1382} INFO - Executing <Task(PythonOperator): id_task_get_emails> on 2024-07-02 03:05:00+00:00
[2024-07-03T12:21:27.999+0000] {standard_task_runner.py:57} INFO - Started process 23958 to run task
[2024-07-03T12:21:28.011+0000] {standard_task_runner.py:84} INFO - Running: ['***', 'tasks', 'run', 'reports_workflow', 'id_task_get_emails', 'scheduled__2024-07-02T03:05:00+00:00', '--job-id', '966', '--raw', '--subdir', 'DAGS_FOLDER/dag_email_robot.py', '--cfg-path', '/tmp/tmp32_6612h']
[2024-07-03T12:21:28.052+0000] {standard_task_runner.py:85} INFO - Job 966: Subtask id_task_get_emails
[2024-07-03T12:21:28.186+0000] {task_command.py:415} INFO - Running <TaskInstance: reports_workflow.id_task_get_emails scheduled__2024-07-02T03:05:00+00:00 [running]> on host 6f4ef5488251
[2024-07-03T12:21:28.352+0000] {taskinstance.py:1660} INFO - Exporting env vars: AIRFLOW_CTX_DAG_OWNER='FIRDAVS' AIRFLOW_CTX_DAG_ID='reports_workflow' AIRFLOW_CTX_TASK_ID='id_task_get_emails' AIRFLOW_CTX_EXECUTION_DATE='2024-07-02T03:05:00+00:00' AIRFLOW_CTX_TRY_NUMBER='1' AIRFLOW_CTX_DAG_RUN_ID='scheduled__2024-07-02T03:05:00+00:00'
[2024-07-03T12:21:28.353+0000] {logging_mixin.py:151} INFO - path of config file:  /opt/***
[2024-07-03T12:21:28.353+0000] {logging_mixin.py:151} INFO - #>2024-07-03 12:21:28.353750_User@StatDep: EmailRobot in screated.
[2024-07-03T12:21:28.353+0000] {logging_mixin.py:151} INFO - #>2024-07-03 12:21:28.353934_User@StatDep: get_for_recent_emails is started...
[2024-07-03T12:21:28.354+0000] {logging_mixin.py:151} INFO - #>2024-07-03 12:21:28.354066_User@StatDep: pop3_fetch_emails isstarted...
[2024-07-03T12:21:28.745+0000] {logging_mixin.py:151} INFO -    b'+OK'
[2024-07-03T12:21:29.021+0000] {logging_mixin.py:151} INFO -    mailbox have 0 emails and the robot can process 10
[2024-07-03T12:21:29.021+0000] {logging_mixin.py:151} INFO - #>2024-07-03 12:21:29.021637_User@StatDep: no emails to process, exiting pop3_fetch_emails()...
[2024-07-03T12:21:29.022+0000] {python.py:194} INFO - Done. Returned value was: True
[2024-07-03T12:21:29.068+0000] {taskinstance.py:1400} INFO - Marking task as SUCCESS. dag_id=reports_workflow, task_id=id_task_get_emails, execution_date=20240702T030500, start_date=20240703T122127, end_date=20240703T122129
[2024-07-03T12:21:29.149+0000] {local_task_job_runner.py:228} INFO - Task exited with return code 0
[2024-07-03T12:21:29.179+0000] {taskinstance.py:2784} INFO - 1 downstream tasks scheduled from follow-on schedule check
