[2024-07-03T09:59:29.215+0000] {taskinstance.py:1159} INFO - Dependencies all met for dep_context=non-requeueable deps ti=<TaskInstance: reports_workflow.id_task_get_emails scheduled__2024-07-03T04:30:00+00:00 [queued]>
[2024-07-03T09:59:29.246+0000] {taskinstance.py:1159} INFO - Dependencies all met for dep_context=requeueable deps ti=<TaskInstance: reports_workflow.id_task_get_emails scheduled__2024-07-03T04:30:00+00:00 [queued]>
[2024-07-03T09:59:29.246+0000] {taskinstance.py:1361} INFO - Starting attempt 1 of 1
[2024-07-03T09:59:29.307+0000] {taskinstance.py:1382} INFO - Executing <Task(PythonOperator): id_task_get_emails> on 2024-07-03 04:30:00+00:00
[2024-07-03T09:59:29.312+0000] {standard_task_runner.py:57} INFO - Started process 21048 to run task
[2024-07-03T09:59:29.333+0000] {standard_task_runner.py:84} INFO - Running: ['***', 'tasks', 'run', 'reports_workflow', 'id_task_get_emails', 'scheduled__2024-07-03T04:30:00+00:00', '--job-id', '589', '--raw', '--subdir', 'DAGS_FOLDER/dag_email_robot.py', '--cfg-path', '/tmp/tmppsz17glc']
[2024-07-03T09:59:29.364+0000] {standard_task_runner.py:85} INFO - Job 589: Subtask id_task_get_emails
[2024-07-03T09:59:29.627+0000] {task_command.py:415} INFO - Running <TaskInstance: reports_workflow.id_task_get_emails scheduled__2024-07-03T04:30:00+00:00 [running]> on host 6f4ef5488251
[2024-07-03T09:59:30.002+0000] {taskinstance.py:1660} INFO - Exporting env vars: AIRFLOW_CTX_DAG_OWNER='FIRDAVS' AIRFLOW_CTX_DAG_ID='reports_workflow' AIRFLOW_CTX_TASK_ID='id_task_get_emails' AIRFLOW_CTX_EXECUTION_DATE='2024-07-03T04:30:00+00:00' AIRFLOW_CTX_TRY_NUMBER='1' AIRFLOW_CTX_DAG_RUN_ID='scheduled__2024-07-03T04:30:00+00:00'
[2024-07-03T09:59:30.003+0000] {logging_mixin.py:151} INFO - path of config file:  /opt/***
[2024-07-03T09:59:30.004+0000] {logging_mixin.py:151} INFO - #>2024-07-03 09:59:30.004228_User@StatDep: EmailRobot in screated.
[2024-07-03T09:59:30.004+0000] {logging_mixin.py:151} INFO - #>2024-07-03 09:59:30.004390_User@StatDep: get_for_recent_emails is started...
[2024-07-03T09:59:30.004+0000] {logging_mixin.py:151} INFO - #>2024-07-03 09:59:30.004513_User@StatDep: pop3_fetch_emails isstarted...
[2024-07-03T09:59:30.423+0000] {logging_mixin.py:151} INFO -    b'+OK'
[2024-07-03T09:59:30.822+0000] {logging_mixin.py:151} INFO -    mailbox have 0 emails and the robot can process 10
[2024-07-03T09:59:30.822+0000] {logging_mixin.py:151} INFO - #>2024-07-03 09:59:30.822734_User@StatDep: no emails to process, exiting pop3_fetch_emails()...
[2024-07-03T09:59:30.823+0000] {python.py:194} INFO - Done. Returned value was: True
[2024-07-03T09:59:30.853+0000] {taskinstance.py:1400} INFO - Marking task as SUCCESS. dag_id=reports_workflow, task_id=id_task_get_emails, execution_date=20240703T043000, start_date=20240703T095929, end_date=20240703T095930
[2024-07-03T09:59:30.907+0000] {local_task_job_runner.py:228} INFO - Task exited with return code 0
[2024-07-03T09:59:30.925+0000] {taskinstance.py:2784} INFO - 0 downstream tasks scheduled from follow-on schedule check
[2024-07-03T13:40:04.511+0000] {taskinstance.py:1159} INFO - Dependencies all met for dep_context=non-requeueable deps ti=<TaskInstance: reports_workflow.id_task_get_emails scheduled__2024-07-03T04:30:00+00:00 [queued]>
[2024-07-03T13:40:04.541+0000] {taskinstance.py:1159} INFO - Dependencies all met for dep_context=requeueable deps ti=<TaskInstance: reports_workflow.id_task_get_emails scheduled__2024-07-03T04:30:00+00:00 [queued]>
[2024-07-03T13:40:04.541+0000] {taskinstance.py:1361} INFO - Starting attempt 1 of 1
[2024-07-03T13:40:04.592+0000] {taskinstance.py:1382} INFO - Executing <Task(PythonOperator): id_task_get_emails> on 2024-07-03 04:30:00+00:00
[2024-07-03T13:40:04.610+0000] {standard_task_runner.py:57} INFO - Started process 26337 to run task
[2024-07-03T13:40:04.637+0000] {standard_task_runner.py:84} INFO - Running: ['***', 'tasks', 'run', 'reports_workflow', 'id_task_get_emails', 'scheduled__2024-07-03T04:30:00+00:00', '--job-id', '1559', '--raw', '--subdir', 'DAGS_FOLDER/dag_email_robot.py', '--cfg-path', '/tmp/tmp4ivwup9z']
[2024-07-03T13:40:04.643+0000] {standard_task_runner.py:85} INFO - Job 1559: Subtask id_task_get_emails
[2024-07-03T13:40:04.801+0000] {task_command.py:415} INFO - Running <TaskInstance: reports_workflow.id_task_get_emails scheduled__2024-07-03T04:30:00+00:00 [running]> on host 6f4ef5488251
[2024-07-03T13:40:04.996+0000] {taskinstance.py:1660} INFO - Exporting env vars: AIRFLOW_CTX_DAG_OWNER='FIRDAVS' AIRFLOW_CTX_DAG_ID='reports_workflow' AIRFLOW_CTX_TASK_ID='id_task_get_emails' AIRFLOW_CTX_EXECUTION_DATE='2024-07-03T04:30:00+00:00' AIRFLOW_CTX_TRY_NUMBER='1' AIRFLOW_CTX_DAG_RUN_ID='scheduled__2024-07-03T04:30:00+00:00'
[2024-07-03T13:40:04.997+0000] {logging_mixin.py:151} INFO - path of config file:  /opt/***
[2024-07-03T13:40:05.001+0000] {logging_mixin.py:151} INFO - #>2024-07-03 13:40:05.001619_User@StatDep: EmailRobot in screated.
[2024-07-03T13:40:05.001+0000] {logging_mixin.py:151} INFO - #>2024-07-03 13:40:05.001866_User@StatDep: get_for_recent_emails is started...
[2024-07-03T13:40:05.002+0000] {logging_mixin.py:151} INFO - #>2024-07-03 13:40:05.002020_User@StatDep: pop3_fetch_emails isstarted...
[2024-07-03T13:40:05.399+0000] {logging_mixin.py:151} INFO -    b'+OK'
[2024-07-03T13:40:05.670+0000] {logging_mixin.py:151} INFO -    mailbox have 0 emails and the robot can process 10
[2024-07-03T13:40:05.670+0000] {logging_mixin.py:151} INFO - #>2024-07-03 13:40:05.670893_User@StatDep: no emails to process, exiting pop3_fetch_emails()...
[2024-07-03T13:40:05.671+0000] {python.py:194} INFO - Done. Returned value was: True
[2024-07-03T13:40:05.704+0000] {taskinstance.py:1400} INFO - Marking task as SUCCESS. dag_id=reports_workflow, task_id=id_task_get_emails, execution_date=20240703T043000, start_date=20240703T134004, end_date=20240703T134005
[2024-07-03T13:40:05.725+0000] {local_task_job_runner.py:228} INFO - Task exited with return code 0
[2024-07-03T13:40:05.746+0000] {taskinstance.py:2784} INFO - 1 downstream tasks scheduled from follow-on schedule check
