[2024-07-04T11:30:02.730+0000] {taskinstance.py:1159} INFO - Dependencies all met for dep_context=non-requeueable deps ti=<TaskInstance: reports_workflow.id_task_send_emails scheduled__2024-07-04T11:25:00+00:00 [queued]>
[2024-07-04T11:30:02.739+0000] {taskinstance.py:1159} INFO - Dependencies all met for dep_context=requeueable deps ti=<TaskInstance: reports_workflow.id_task_send_emails scheduled__2024-07-04T11:25:00+00:00 [queued]>
[2024-07-04T11:30:02.739+0000] {taskinstance.py:1361} INFO - Starting attempt 1 of 2
[2024-07-04T11:30:02.751+0000] {taskinstance.py:1382} INFO - Executing <Task(PythonOperator): id_task_send_emails> on 2024-07-04 11:25:00+00:00
[2024-07-04T11:30:02.756+0000] {standard_task_runner.py:57} INFO - Started process 48557 to run task
[2024-07-04T11:30:02.763+0000] {standard_task_runner.py:84} INFO - Running: ['***', 'tasks', 'run', 'reports_workflow', 'id_task_send_emails', 'scheduled__2024-07-04T11:25:00+00:00', '--job-id', '2665', '--raw', '--subdir', 'DAGS_FOLDER/dag_email_robot.py', '--cfg-path', '/tmp/tmp4fnf421j']
[2024-07-04T11:30:02.765+0000] {standard_task_runner.py:85} INFO - Job 2665: Subtask id_task_send_emails
[2024-07-04T11:30:02.834+0000] {task_command.py:415} INFO - Running <TaskInstance: reports_workflow.id_task_send_emails scheduled__2024-07-04T11:25:00+00:00 [running]> on host 6f4ef5488251
[2024-07-04T11:30:02.921+0000] {taskinstance.py:1660} INFO - Exporting env vars: AIRFLOW_CTX_DAG_OWNER='FIRDAVS' AIRFLOW_CTX_DAG_ID='reports_workflow' AIRFLOW_CTX_TASK_ID='id_task_send_emails' AIRFLOW_CTX_EXECUTION_DATE='2024-07-04T11:25:00+00:00' AIRFLOW_CTX_TRY_NUMBER='1' AIRFLOW_CTX_DAG_RUN_ID='scheduled__2024-07-04T11:25:00+00:00'
[2024-07-04T11:30:02.922+0000] {logging_mixin.py:151} INFO - path of config file:  /opt/***
[2024-07-04T11:30:02.922+0000] {logging_mixin.py:151} INFO - #>2024-07-04 11:30:02.922943_User@StatDep: EmailRobot in screated.
[2024-07-04T11:30:02.923+0000] {logging_mixin.py:151} INFO - #>2024-07-04 11:30:02.923116_User@StatDep: send_validation_results is started...
[2024-07-04T11:30:02.936+0000] {logging_mixin.py:151} INFO -    #>2024-07-04 11:30:02.936398_conneciton to db is set.
[2024-07-04T11:30:02.939+0000] {logging_mixin.py:151} INFO -    #>2024-07-04 11:30:02.939562_cursor execution is successful.
[2024-07-04T11:30:02.939+0000] {logging_mixin.py:151} INFO -    There is no any new submissions found. The get_validation_results is over.
[2024-07-04T11:30:02.940+0000] {python.py:194} INFO - Done. Returned value was: True
[2024-07-04T11:30:02.969+0000] {taskinstance.py:1400} INFO - Marking task as SUCCESS. dag_id=reports_workflow, task_id=id_task_send_emails, execution_date=20240704T112500, start_date=20240704T113002, end_date=20240704T113002
[2024-07-04T11:30:03.012+0000] {local_task_job_runner.py:228} INFO - Task exited with return code 0
[2024-07-04T11:30:03.043+0000] {taskinstance.py:2784} INFO - 0 downstream tasks scheduled from follow-on schedule check
[2024-07-04T12:24:18.740+0000] {taskinstance.py:1159} INFO - Dependencies all met for dep_context=non-requeueable deps ti=<TaskInstance: reports_workflow.id_task_send_emails scheduled__2024-07-04T11:25:00+00:00 [queued]>
[2024-07-04T12:24:18.784+0000] {taskinstance.py:1159} INFO - Dependencies all met for dep_context=requeueable deps ti=<TaskInstance: reports_workflow.id_task_send_emails scheduled__2024-07-04T11:25:00+00:00 [queued]>
[2024-07-04T12:24:18.784+0000] {taskinstance.py:1361} INFO - Starting attempt 1 of 2
[2024-07-04T12:24:18.816+0000] {taskinstance.py:1382} INFO - Executing <Task(PythonOperator): id_task_send_emails> on 2024-07-04 11:25:00+00:00
[2024-07-04T12:24:18.822+0000] {standard_task_runner.py:57} INFO - Started process 49490 to run task
[2024-07-04T12:24:18.838+0000] {standard_task_runner.py:84} INFO - Running: ['***', 'tasks', 'run', 'reports_workflow', 'id_task_send_emails', 'scheduled__2024-07-04T11:25:00+00:00', '--job-id', '2699', '--raw', '--subdir', 'DAGS_FOLDER/dag_email_robot.py', '--cfg-path', '/tmp/tmp2q0c42yb']
[2024-07-04T12:24:18.851+0000] {standard_task_runner.py:85} INFO - Job 2699: Subtask id_task_send_emails
[2024-07-04T12:24:19.021+0000] {task_command.py:415} INFO - Running <TaskInstance: reports_workflow.id_task_send_emails scheduled__2024-07-04T11:25:00+00:00 [running]> on host 6f4ef5488251
[2024-07-04T12:24:19.391+0000] {taskinstance.py:1660} INFO - Exporting env vars: AIRFLOW_CTX_DAG_OWNER='FIRDAVS' AIRFLOW_CTX_DAG_ID='reports_workflow' AIRFLOW_CTX_TASK_ID='id_task_send_emails' AIRFLOW_CTX_EXECUTION_DATE='2024-07-04T11:25:00+00:00' AIRFLOW_CTX_TRY_NUMBER='1' AIRFLOW_CTX_DAG_RUN_ID='scheduled__2024-07-04T11:25:00+00:00'
[2024-07-04T12:24:19.395+0000] {logging_mixin.py:151} INFO - path of config file:  /opt/***
[2024-07-04T12:24:19.395+0000] {logging_mixin.py:151} INFO - #>2024-07-04 12:24:19.395829_User@StatDep: EmailRobot in screated.
[2024-07-04T12:24:19.396+0000] {logging_mixin.py:151} INFO - #>2024-07-04 12:24:19.396174_User@StatDep: send_validation_results is started...
[2024-07-04T12:24:20.261+0000] {logging_mixin.py:151} INFO -    #>2024-07-04 12:24:20.261292_conneciton to db is set.
[2024-07-04T12:24:20.741+0000] {logging_mixin.py:151} INFO -    #>2024-07-04 12:24:20.741003_cursor execution is successful.
[2024-07-04T12:24:20.741+0000] {logging_mixin.py:151} INFO -    There is no any new submissions found. The get_validation_results is over.
[2024-07-04T12:24:20.742+0000] {python.py:194} INFO - Done. Returned value was: True
[2024-07-04T12:24:20.876+0000] {taskinstance.py:1400} INFO - Marking task as SUCCESS. dag_id=reports_workflow, task_id=id_task_send_emails, execution_date=20240704T112500, start_date=20240704T122418, end_date=20240704T122420
[2024-07-04T12:24:20.928+0000] {local_task_job_runner.py:228} INFO - Task exited with return code 0
[2024-07-04T12:24:20.990+0000] {taskinstance.py:2784} INFO - 0 downstream tasks scheduled from follow-on schedule check
[2024-07-04T12:26:11.335+0000] {taskinstance.py:1159} INFO - Dependencies all met for dep_context=non-requeueable deps ti=<TaskInstance: reports_workflow.id_task_send_emails scheduled__2024-07-04T11:25:00+00:00 [queued]>
[2024-07-04T12:26:11.397+0000] {taskinstance.py:1159} INFO - Dependencies all met for dep_context=requeueable deps ti=<TaskInstance: reports_workflow.id_task_send_emails scheduled__2024-07-04T11:25:00+00:00 [queued]>
[2024-07-04T12:26:11.397+0000] {taskinstance.py:1361} INFO - Starting attempt 1 of 2
[2024-07-04T12:26:11.440+0000] {taskinstance.py:1382} INFO - Executing <Task(PythonOperator): id_task_send_emails> on 2024-07-04 11:25:00+00:00
[2024-07-04T12:26:11.462+0000] {standard_task_runner.py:57} INFO - Started process 49625 to run task
[2024-07-04T12:26:11.484+0000] {standard_task_runner.py:84} INFO - Running: ['***', 'tasks', 'run', 'reports_workflow', 'id_task_send_emails', 'scheduled__2024-07-04T11:25:00+00:00', '--job-id', '2740', '--raw', '--subdir', 'DAGS_FOLDER/dag_email_robot.py', '--cfg-path', '/tmp/tmps2_zdmlu']
[2024-07-04T12:26:11.500+0000] {standard_task_runner.py:85} INFO - Job 2740: Subtask id_task_send_emails
[2024-07-04T12:26:11.757+0000] {task_command.py:415} INFO - Running <TaskInstance: reports_workflow.id_task_send_emails scheduled__2024-07-04T11:25:00+00:00 [running]> on host 6f4ef5488251
[2024-07-04T12:26:12.120+0000] {taskinstance.py:1660} INFO - Exporting env vars: AIRFLOW_CTX_DAG_OWNER='FIRDAVS' AIRFLOW_CTX_DAG_ID='reports_workflow' AIRFLOW_CTX_TASK_ID='id_task_send_emails' AIRFLOW_CTX_EXECUTION_DATE='2024-07-04T11:25:00+00:00' AIRFLOW_CTX_TRY_NUMBER='1' AIRFLOW_CTX_DAG_RUN_ID='scheduled__2024-07-04T11:25:00+00:00'
[2024-07-04T12:26:12.137+0000] {logging_mixin.py:151} INFO - path of config file:  /opt/***
[2024-07-04T12:26:12.138+0000] {logging_mixin.py:151} INFO - #>2024-07-04 12:26:12.138718_User@StatDep: EmailRobot in screated.
[2024-07-04T12:26:12.147+0000] {logging_mixin.py:151} INFO - #>2024-07-04 12:26:12.147170_User@StatDep: send_validation_results is started...
[2024-07-04T12:26:12.198+0000] {logging_mixin.py:151} INFO -    #>2024-07-04 12:26:12.198359_conneciton to db is set.
[2024-07-04T12:26:12.206+0000] {logging_mixin.py:151} INFO -    #>2024-07-04 12:26:12.206297_cursor execution is successful.
[2024-07-04T12:26:12.206+0000] {logging_mixin.py:151} INFO -    There is no any new submissions found. The get_validation_results is over.
[2024-07-04T12:26:12.208+0000] {python.py:194} INFO - Done. Returned value was: True
[2024-07-04T12:26:12.303+0000] {taskinstance.py:1400} INFO - Marking task as SUCCESS. dag_id=reports_workflow, task_id=id_task_send_emails, execution_date=20240704T112500, start_date=20240704T122611, end_date=20240704T122612
[2024-07-04T12:26:12.425+0000] {local_task_job_runner.py:228} INFO - Task exited with return code 0
[2024-07-04T12:26:12.467+0000] {taskinstance.py:2784} INFO - 0 downstream tasks scheduled from follow-on schedule check
