[2024-07-04T05:08:08.061+0000] {taskinstance.py:1159} INFO - Dependencies all met for dep_context=non-requeueable deps ti=<TaskInstance: reports_workflow.id_task_get_emails scheduled__2024-07-04T03:30:00+00:00 [queued]>
[2024-07-04T05:08:08.077+0000] {taskinstance.py:1159} INFO - Dependencies all met for dep_context=requeueable deps ti=<TaskInstance: reports_workflow.id_task_get_emails scheduled__2024-07-04T03:30:00+00:00 [queued]>
[2024-07-04T05:08:08.078+0000] {taskinstance.py:1361} INFO - Starting attempt 1 of 2
[2024-07-04T05:08:08.163+0000] {taskinstance.py:1382} INFO - Executing <Task(PythonOperator): id_task_get_emails> on 2024-07-04 03:30:00+00:00
[2024-07-04T05:08:08.170+0000] {standard_task_runner.py:57} INFO - Started process 42155 to run task
[2024-07-04T05:08:08.191+0000] {standard_task_runner.py:84} INFO - Running: ['***', 'tasks', 'run', 'reports_workflow', 'id_task_get_emails', 'scheduled__2024-07-04T03:30:00+00:00', '--job-id', '2374', '--raw', '--subdir', 'DAGS_FOLDER/dag_email_robot.py', '--cfg-path', '/tmp/tmpwyttx3vi']
[2024-07-04T05:08:08.195+0000] {standard_task_runner.py:85} INFO - Job 2374: Subtask id_task_get_emails
[2024-07-04T05:08:08.290+0000] {task_command.py:415} INFO - Running <TaskInstance: reports_workflow.id_task_get_emails scheduled__2024-07-04T03:30:00+00:00 [running]> on host 6f4ef5488251
[2024-07-04T05:08:08.445+0000] {taskinstance.py:1660} INFO - Exporting env vars: AIRFLOW_CTX_DAG_OWNER='FIRDAVS' AIRFLOW_CTX_DAG_ID='reports_workflow' AIRFLOW_CTX_TASK_ID='id_task_get_emails' AIRFLOW_CTX_EXECUTION_DATE='2024-07-04T03:30:00+00:00' AIRFLOW_CTX_TRY_NUMBER='1' AIRFLOW_CTX_DAG_RUN_ID='scheduled__2024-07-04T03:30:00+00:00'
[2024-07-04T05:08:08.446+0000] {logging_mixin.py:151} INFO - path of config file:  /opt/***
[2024-07-04T05:08:08.446+0000] {logging_mixin.py:151} INFO - #>2024-07-04 05:08:08.446864_User@StatDep: EmailRobot in screated.
[2024-07-04T05:08:08.447+0000] {logging_mixin.py:151} INFO - #>2024-07-04 05:08:08.447053_User@StatDep: get_for_recent_emails is started...
[2024-07-04T05:08:08.447+0000] {logging_mixin.py:151} INFO - #>2024-07-04 05:08:08.447192_User@StatDep: pop3_fetch_emails isstarted...
[2024-07-04T05:08:08.843+0000] {logging_mixin.py:151} INFO -    b'+OK'
[2024-07-04T05:08:09.126+0000] {logging_mixin.py:151} INFO -    mailbox have 0 emails and the robot can process 10
[2024-07-04T05:08:09.126+0000] {logging_mixin.py:151} INFO - #>2024-07-04 05:08:09.126539_User@StatDep: no emails to process, exiting pop3_fetch_emails()...
[2024-07-04T05:08:09.126+0000] {python.py:194} INFO - Done. Returned value was: True
[2024-07-04T05:08:09.190+0000] {taskinstance.py:1400} INFO - Marking task as SUCCESS. dag_id=reports_workflow, task_id=id_task_get_emails, execution_date=20240704T033000, start_date=20240704T050808, end_date=20240704T050809
[2024-07-04T05:08:09.310+0000] {local_task_job_runner.py:228} INFO - Task exited with return code 0
[2024-07-04T05:08:09.345+0000] {taskinstance.py:2784} INFO - 1 downstream tasks scheduled from follow-on schedule check
[2024-07-04T05:31:37.000+0000] {taskinstance.py:1159} INFO - Dependencies all met for dep_context=non-requeueable deps ti=<TaskInstance: reports_workflow.id_task_get_emails scheduled__2024-07-04T03:30:00+00:00 [queued]>
[2024-07-04T05:31:37.025+0000] {taskinstance.py:1159} INFO - Dependencies all met for dep_context=requeueable deps ti=<TaskInstance: reports_workflow.id_task_get_emails scheduled__2024-07-04T03:30:00+00:00 [queued]>
[2024-07-04T05:31:37.025+0000] {taskinstance.py:1361} INFO - Starting attempt 1 of 2
[2024-07-04T05:31:37.049+0000] {taskinstance.py:1382} INFO - Executing <Task(PythonOperator): id_task_get_emails> on 2024-07-04 03:30:00+00:00
[2024-07-04T05:31:37.053+0000] {standard_task_runner.py:57} INFO - Started process 42614 to run task
[2024-07-04T05:31:37.070+0000] {standard_task_runner.py:84} INFO - Running: ['***', 'tasks', 'run', 'reports_workflow', 'id_task_get_emails', 'scheduled__2024-07-04T03:30:00+00:00', '--job-id', '2423', '--raw', '--subdir', 'DAGS_FOLDER/dag_email_robot.py', '--cfg-path', '/tmp/tmpr0s2i6vm']
[2024-07-04T05:31:37.075+0000] {standard_task_runner.py:85} INFO - Job 2423: Subtask id_task_get_emails
[2024-07-04T05:31:37.175+0000] {task_command.py:415} INFO - Running <TaskInstance: reports_workflow.id_task_get_emails scheduled__2024-07-04T03:30:00+00:00 [running]> on host 6f4ef5488251
[2024-07-04T05:31:37.343+0000] {taskinstance.py:1660} INFO - Exporting env vars: AIRFLOW_CTX_DAG_OWNER='FIRDAVS' AIRFLOW_CTX_DAG_ID='reports_workflow' AIRFLOW_CTX_TASK_ID='id_task_get_emails' AIRFLOW_CTX_EXECUTION_DATE='2024-07-04T03:30:00+00:00' AIRFLOW_CTX_TRY_NUMBER='1' AIRFLOW_CTX_DAG_RUN_ID='scheduled__2024-07-04T03:30:00+00:00'
[2024-07-04T05:31:37.345+0000] {logging_mixin.py:151} INFO - path of config file:  /opt/***
[2024-07-04T05:31:37.345+0000] {logging_mixin.py:151} INFO - #>2024-07-04 05:31:37.345703_User@StatDep: EmailRobot in screated.
[2024-07-04T05:31:37.346+0000] {logging_mixin.py:151} INFO - #>2024-07-04 05:31:37.346081_User@StatDep: get_for_recent_emails is started...
[2024-07-04T05:31:37.346+0000] {logging_mixin.py:151} INFO - #>2024-07-04 05:31:37.346467_User@StatDep: pop3_fetch_emails isstarted...
[2024-07-04T05:31:37.736+0000] {logging_mixin.py:151} INFO -    b'+OK'
[2024-07-04T05:31:38.084+0000] {logging_mixin.py:151} INFO -    mailbox have 0 emails and the robot can process 10
[2024-07-04T05:31:38.084+0000] {logging_mixin.py:151} INFO - #>2024-07-04 05:31:38.084301_User@StatDep: no emails to process, exiting pop3_fetch_emails()...
[2024-07-04T05:31:38.084+0000] {python.py:194} INFO - Done. Returned value was: True
[2024-07-04T05:31:38.133+0000] {taskinstance.py:1400} INFO - Marking task as SUCCESS. dag_id=reports_workflow, task_id=id_task_get_emails, execution_date=20240704T033000, start_date=20240704T053137, end_date=20240704T053138
[2024-07-04T05:31:38.172+0000] {local_task_job_runner.py:228} INFO - Task exited with return code 0
[2024-07-04T05:31:38.278+0000] {taskinstance.py:2784} INFO - 0 downstream tasks scheduled from follow-on schedule check
[2024-07-04T05:34:49.615+0000] {taskinstance.py:1159} INFO - Dependencies all met for dep_context=non-requeueable deps ti=<TaskInstance: reports_workflow.id_task_get_emails scheduled__2024-07-04T03:30:00+00:00 [queued]>
[2024-07-04T05:34:49.644+0000] {taskinstance.py:1159} INFO - Dependencies all met for dep_context=requeueable deps ti=<TaskInstance: reports_workflow.id_task_get_emails scheduled__2024-07-04T03:30:00+00:00 [queued]>
[2024-07-04T05:34:49.645+0000] {taskinstance.py:1361} INFO - Starting attempt 1 of 2
[2024-07-04T05:34:49.679+0000] {taskinstance.py:1382} INFO - Executing <Task(PythonOperator): id_task_get_emails> on 2024-07-04 03:30:00+00:00
[2024-07-04T05:34:49.689+0000] {standard_task_runner.py:57} INFO - Started process 42760 to run task
[2024-07-04T05:34:49.704+0000] {standard_task_runner.py:84} INFO - Running: ['***', 'tasks', 'run', 'reports_workflow', 'id_task_get_emails', 'scheduled__2024-07-04T03:30:00+00:00', '--job-id', '2473', '--raw', '--subdir', 'DAGS_FOLDER/dag_email_robot.py', '--cfg-path', '/tmp/tmplbzcvmi8']
[2024-07-04T05:34:49.717+0000] {standard_task_runner.py:85} INFO - Job 2473: Subtask id_task_get_emails
[2024-07-04T05:34:49.831+0000] {task_command.py:415} INFO - Running <TaskInstance: reports_workflow.id_task_get_emails scheduled__2024-07-04T03:30:00+00:00 [running]> on host 6f4ef5488251
[2024-07-04T05:34:49.998+0000] {taskinstance.py:1660} INFO - Exporting env vars: AIRFLOW_CTX_DAG_OWNER='FIRDAVS' AIRFLOW_CTX_DAG_ID='reports_workflow' AIRFLOW_CTX_TASK_ID='id_task_get_emails' AIRFLOW_CTX_EXECUTION_DATE='2024-07-04T03:30:00+00:00' AIRFLOW_CTX_TRY_NUMBER='1' AIRFLOW_CTX_DAG_RUN_ID='scheduled__2024-07-04T03:30:00+00:00'
[2024-07-04T05:34:49.999+0000] {logging_mixin.py:151} INFO - path of config file:  /opt/***
[2024-07-04T05:34:50.000+0000] {logging_mixin.py:151} INFO - #>2024-07-04 05:34:50.000541_User@StatDep: EmailRobot in screated.
[2024-07-04T05:34:50.000+0000] {logging_mixin.py:151} INFO - #>2024-07-04 05:34:50.000859_User@StatDep: get_for_recent_emails is started...
[2024-07-04T05:34:50.001+0000] {logging_mixin.py:151} INFO - #>2024-07-04 05:34:50.001155_User@StatDep: pop3_fetch_emails isstarted...
[2024-07-04T05:34:50.457+0000] {logging_mixin.py:151} INFO -    b'+OK'
[2024-07-04T05:34:50.776+0000] {logging_mixin.py:151} INFO -    mailbox have 0 emails and the robot can process 10
[2024-07-04T05:34:50.776+0000] {logging_mixin.py:151} INFO - #>2024-07-04 05:34:50.776321_User@StatDep: no emails to process, exiting pop3_fetch_emails()...
[2024-07-04T05:34:50.776+0000] {python.py:194} INFO - Done. Returned value was: True
[2024-07-04T05:34:50.806+0000] {taskinstance.py:1400} INFO - Marking task as SUCCESS. dag_id=reports_workflow, task_id=id_task_get_emails, execution_date=20240704T033000, start_date=20240704T053449, end_date=20240704T053450
[2024-07-04T05:34:50.892+0000] {local_task_job_runner.py:228} INFO - Task exited with return code 0
[2024-07-04T05:34:50.934+0000] {taskinstance.py:2784} INFO - 1 downstream tasks scheduled from follow-on schedule check
