[2024-07-03T09:59:17.727+0000] {taskinstance.py:1159} INFO - Dependencies all met for dep_context=non-requeueable deps ti=<TaskInstance: reports_workflow.id_task_get_emails scheduled__2024-07-03T02:50:00+00:00 [queued]>
[2024-07-03T09:59:17.755+0000] {taskinstance.py:1159} INFO - Dependencies all met for dep_context=requeueable deps ti=<TaskInstance: reports_workflow.id_task_get_emails scheduled__2024-07-03T02:50:00+00:00 [queued]>
[2024-07-03T09:59:17.756+0000] {taskinstance.py:1361} INFO - Starting attempt 1 of 1
[2024-07-03T09:59:17.785+0000] {taskinstance.py:1382} INFO - Executing <Task(PythonOperator): id_task_get_emails> on 2024-07-03 02:50:00+00:00
[2024-07-03T09:59:17.789+0000] {standard_task_runner.py:57} INFO - Started process 21004 to run task
[2024-07-03T09:59:17.799+0000] {standard_task_runner.py:84} INFO - Running: ['***', 'tasks', 'run', 'reports_workflow', 'id_task_get_emails', 'scheduled__2024-07-03T02:50:00+00:00', '--job-id', '569', '--raw', '--subdir', 'DAGS_FOLDER/dag_email_robot.py', '--cfg-path', '/tmp/tmp_cjjbh0c']
[2024-07-03T09:59:17.800+0000] {standard_task_runner.py:85} INFO - Job 569: Subtask id_task_get_emails
[2024-07-03T09:59:17.931+0000] {task_command.py:415} INFO - Running <TaskInstance: reports_workflow.id_task_get_emails scheduled__2024-07-03T02:50:00+00:00 [running]> on host 6f4ef5488251
[2024-07-03T09:59:18.064+0000] {taskinstance.py:1660} INFO - Exporting env vars: AIRFLOW_CTX_DAG_OWNER='FIRDAVS' AIRFLOW_CTX_DAG_ID='reports_workflow' AIRFLOW_CTX_TASK_ID='id_task_get_emails' AIRFLOW_CTX_EXECUTION_DATE='2024-07-03T02:50:00+00:00' AIRFLOW_CTX_TRY_NUMBER='1' AIRFLOW_CTX_DAG_RUN_ID='scheduled__2024-07-03T02:50:00+00:00'
[2024-07-03T09:59:18.065+0000] {logging_mixin.py:151} INFO - path of config file:  /opt/***
[2024-07-03T09:59:18.065+0000] {logging_mixin.py:151} INFO - #>2024-07-03 09:59:18.065880_User@StatDep: EmailRobot in screated.
[2024-07-03T09:59:18.066+0000] {logging_mixin.py:151} INFO - #>2024-07-03 09:59:18.066071_User@StatDep: get_for_recent_emails is started...
[2024-07-03T09:59:18.066+0000] {logging_mixin.py:151} INFO - #>2024-07-03 09:59:18.066204_User@StatDep: pop3_fetch_emails isstarted...
[2024-07-03T09:59:18.464+0000] {logging_mixin.py:151} INFO -    b'+OK'
[2024-07-03T09:59:18.774+0000] {logging_mixin.py:151} INFO -    mailbox have 0 emails and the robot can process 10
[2024-07-03T09:59:18.775+0000] {logging_mixin.py:151} INFO - #>2024-07-03 09:59:18.775181_User@StatDep: no emails to process, exiting pop3_fetch_emails()...
[2024-07-03T09:59:18.776+0000] {python.py:194} INFO - Done. Returned value was: True
[2024-07-03T09:59:18.810+0000] {taskinstance.py:1400} INFO - Marking task as SUCCESS. dag_id=reports_workflow, task_id=id_task_get_emails, execution_date=20240703T025000, start_date=20240703T095917, end_date=20240703T095918
[2024-07-03T09:59:18.858+0000] {local_task_job_runner.py:228} INFO - Task exited with return code 0
[2024-07-03T09:59:18.886+0000] {taskinstance.py:2784} INFO - 0 downstream tasks scheduled from follow-on schedule check
[2024-07-03T13:39:38.842+0000] {taskinstance.py:1159} INFO - Dependencies all met for dep_context=non-requeueable deps ti=<TaskInstance: reports_workflow.id_task_get_emails scheduled__2024-07-03T02:50:00+00:00 [queued]>
[2024-07-03T13:39:38.881+0000] {taskinstance.py:1159} INFO - Dependencies all met for dep_context=requeueable deps ti=<TaskInstance: reports_workflow.id_task_get_emails scheduled__2024-07-03T02:50:00+00:00 [queued]>
[2024-07-03T13:39:38.890+0000] {taskinstance.py:1361} INFO - Starting attempt 1 of 1
[2024-07-03T13:39:38.910+0000] {taskinstance.py:1382} INFO - Executing <Task(PythonOperator): id_task_get_emails> on 2024-07-03 02:50:00+00:00
[2024-07-03T13:39:38.915+0000] {standard_task_runner.py:57} INFO - Started process 26254 to run task
[2024-07-03T13:39:38.935+0000] {standard_task_runner.py:84} INFO - Running: ['***', 'tasks', 'run', 'reports_workflow', 'id_task_get_emails', 'scheduled__2024-07-03T02:50:00+00:00', '--job-id', '1522', '--raw', '--subdir', 'DAGS_FOLDER/dag_email_robot.py', '--cfg-path', '/tmp/tmpzetw2ypz']
[2024-07-03T13:39:38.936+0000] {standard_task_runner.py:85} INFO - Job 1522: Subtask id_task_get_emails
[2024-07-03T13:39:39.071+0000] {task_command.py:415} INFO - Running <TaskInstance: reports_workflow.id_task_get_emails scheduled__2024-07-03T02:50:00+00:00 [running]> on host 6f4ef5488251
[2024-07-03T13:39:39.334+0000] {taskinstance.py:1660} INFO - Exporting env vars: AIRFLOW_CTX_DAG_OWNER='FIRDAVS' AIRFLOW_CTX_DAG_ID='reports_workflow' AIRFLOW_CTX_TASK_ID='id_task_get_emails' AIRFLOW_CTX_EXECUTION_DATE='2024-07-03T02:50:00+00:00' AIRFLOW_CTX_TRY_NUMBER='1' AIRFLOW_CTX_DAG_RUN_ID='scheduled__2024-07-03T02:50:00+00:00'
[2024-07-03T13:39:39.337+0000] {logging_mixin.py:151} INFO - path of config file:  /opt/***
[2024-07-03T13:39:39.338+0000] {logging_mixin.py:151} INFO - #>2024-07-03 13:39:39.338356_User@StatDep: EmailRobot in screated.
[2024-07-03T13:39:39.338+0000] {logging_mixin.py:151} INFO - #>2024-07-03 13:39:39.338796_User@StatDep: get_for_recent_emails is started...
[2024-07-03T13:39:39.339+0000] {logging_mixin.py:151} INFO - #>2024-07-03 13:39:39.339180_User@StatDep: pop3_fetch_emails isstarted...
[2024-07-03T13:39:39.742+0000] {logging_mixin.py:151} INFO -    b'+OK'
[2024-07-03T13:39:40.059+0000] {logging_mixin.py:151} INFO -    mailbox have 0 emails and the robot can process 10
[2024-07-03T13:39:40.060+0000] {logging_mixin.py:151} INFO - #>2024-07-03 13:39:40.060703_User@StatDep: no emails to process, exiting pop3_fetch_emails()...
[2024-07-03T13:39:40.061+0000] {python.py:194} INFO - Done. Returned value was: True
[2024-07-03T13:39:40.123+0000] {taskinstance.py:1400} INFO - Marking task as SUCCESS. dag_id=reports_workflow, task_id=id_task_get_emails, execution_date=20240703T025000, start_date=20240703T133938, end_date=20240703T133940
[2024-07-03T13:39:40.203+0000] {local_task_job_runner.py:228} INFO - Task exited with return code 0
[2024-07-03T13:39:40.269+0000] {taskinstance.py:2784} INFO - 1 downstream tasks scheduled from follow-on schedule check
