[2024-07-04T12:15:03.344+0000] {taskinstance.py:1159} INFO - Dependencies all met for dep_context=non-requeueable deps ti=<TaskInstance: reports_workflow.id_task_send_emails scheduled__2024-07-04T12:10:00+00:00 [queued]>
[2024-07-04T12:15:03.354+0000] {taskinstance.py:1159} INFO - Dependencies all met for dep_context=requeueable deps ti=<TaskInstance: reports_workflow.id_task_send_emails scheduled__2024-07-04T12:10:00+00:00 [queued]>
[2024-07-04T12:15:03.354+0000] {taskinstance.py:1361} INFO - Starting attempt 1 of 2
[2024-07-04T12:15:03.368+0000] {taskinstance.py:1382} INFO - Executing <Task(PythonOperator): id_task_send_emails> on 2024-07-04 12:10:00+00:00
[2024-07-04T12:15:03.373+0000] {standard_task_runner.py:57} INFO - Started process 49267 to run task
[2024-07-04T12:15:03.382+0000] {standard_task_runner.py:84} INFO - Running: ['***', 'tasks', 'run', 'reports_workflow', 'id_task_send_emails', 'scheduled__2024-07-04T12:10:00+00:00', '--job-id', '2683', '--raw', '--subdir', 'DAGS_FOLDER/dag_email_robot.py', '--cfg-path', '/tmp/tmpik4i_rfp']
[2024-07-04T12:15:03.385+0000] {standard_task_runner.py:85} INFO - Job 2683: Subtask id_task_send_emails
[2024-07-04T12:15:03.456+0000] {task_command.py:415} INFO - Running <TaskInstance: reports_workflow.id_task_send_emails scheduled__2024-07-04T12:10:00+00:00 [running]> on host 6f4ef5488251
[2024-07-04T12:15:03.554+0000] {taskinstance.py:1660} INFO - Exporting env vars: AIRFLOW_CTX_DAG_OWNER='FIRDAVS' AIRFLOW_CTX_DAG_ID='reports_workflow' AIRFLOW_CTX_TASK_ID='id_task_send_emails' AIRFLOW_CTX_EXECUTION_DATE='2024-07-04T12:10:00+00:00' AIRFLOW_CTX_TRY_NUMBER='1' AIRFLOW_CTX_DAG_RUN_ID='scheduled__2024-07-04T12:10:00+00:00'
[2024-07-04T12:15:03.555+0000] {logging_mixin.py:151} INFO - path of config file:  /opt/***
[2024-07-04T12:15:03.556+0000] {logging_mixin.py:151} INFO - #>2024-07-04 12:15:03.556391_User@StatDep: EmailRobot in screated.
[2024-07-04T12:15:03.556+0000] {logging_mixin.py:151} INFO - #>2024-07-04 12:15:03.556581_User@StatDep: send_validation_results is started...
[2024-07-04T12:15:03.568+0000] {logging_mixin.py:151} INFO -    #>2024-07-04 12:15:03.568636_conneciton to db is set.
[2024-07-04T12:15:03.571+0000] {logging_mixin.py:151} INFO -    #>2024-07-04 12:15:03.571173_cursor execution is successful.
[2024-07-04T12:15:03.571+0000] {logging_mixin.py:151} INFO -    There is no any new submissions found. The get_validation_results is over.
[2024-07-04T12:15:03.571+0000] {python.py:194} INFO - Done. Returned value was: True
[2024-07-04T12:15:03.596+0000] {taskinstance.py:1400} INFO - Marking task as SUCCESS. dag_id=reports_workflow, task_id=id_task_send_emails, execution_date=20240704T121000, start_date=20240704T121503, end_date=20240704T121503
[2024-07-04T12:15:03.629+0000] {local_task_job_runner.py:228} INFO - Task exited with return code 0
[2024-07-04T12:15:03.658+0000] {taskinstance.py:2784} INFO - 0 downstream tasks scheduled from follow-on schedule check
[2024-07-04T12:24:28.701+0000] {taskinstance.py:1159} INFO - Dependencies all met for dep_context=non-requeueable deps ti=<TaskInstance: reports_workflow.id_task_send_emails scheduled__2024-07-04T12:10:00+00:00 [queued]>
[2024-07-04T12:24:28.720+0000] {taskinstance.py:1159} INFO - Dependencies all met for dep_context=requeueable deps ti=<TaskInstance: reports_workflow.id_task_send_emails scheduled__2024-07-04T12:10:00+00:00 [queued]>
[2024-07-04T12:24:28.720+0000] {taskinstance.py:1361} INFO - Starting attempt 1 of 2
[2024-07-04T12:24:28.732+0000] {taskinstance.py:1382} INFO - Executing <Task(PythonOperator): id_task_send_emails> on 2024-07-04 12:10:00+00:00
[2024-07-04T12:24:28.739+0000] {standard_task_runner.py:57} INFO - Started process 49516 to run task
[2024-07-04T12:24:28.749+0000] {standard_task_runner.py:84} INFO - Running: ['***', 'tasks', 'run', 'reports_workflow', 'id_task_send_emails', 'scheduled__2024-07-04T12:10:00+00:00', '--job-id', '2716', '--raw', '--subdir', 'DAGS_FOLDER/dag_email_robot.py', '--cfg-path', '/tmp/tmpk1od92r3']
[2024-07-04T12:24:28.753+0000] {standard_task_runner.py:85} INFO - Job 2716: Subtask id_task_send_emails
[2024-07-04T12:24:28.839+0000] {task_command.py:415} INFO - Running <TaskInstance: reports_workflow.id_task_send_emails scheduled__2024-07-04T12:10:00+00:00 [running]> on host 6f4ef5488251
[2024-07-04T12:24:28.986+0000] {taskinstance.py:1660} INFO - Exporting env vars: AIRFLOW_CTX_DAG_OWNER='FIRDAVS' AIRFLOW_CTX_DAG_ID='reports_workflow' AIRFLOW_CTX_TASK_ID='id_task_send_emails' AIRFLOW_CTX_EXECUTION_DATE='2024-07-04T12:10:00+00:00' AIRFLOW_CTX_TRY_NUMBER='1' AIRFLOW_CTX_DAG_RUN_ID='scheduled__2024-07-04T12:10:00+00:00'
[2024-07-04T12:24:28.988+0000] {logging_mixin.py:151} INFO - path of config file:  /opt/***
[2024-07-04T12:24:28.989+0000] {logging_mixin.py:151} INFO - #>2024-07-04 12:24:28.989176_User@StatDep: EmailRobot in screated.
[2024-07-04T12:24:28.990+0000] {logging_mixin.py:151} INFO - #>2024-07-04 12:24:28.989953_User@StatDep: send_validation_results is started...
[2024-07-04T12:24:29.016+0000] {logging_mixin.py:151} INFO -    #>2024-07-04 12:24:29.016383_conneciton to db is set.
[2024-07-04T12:24:29.019+0000] {logging_mixin.py:151} INFO -    #>2024-07-04 12:24:29.019761_cursor execution is successful.
[2024-07-04T12:24:29.020+0000] {logging_mixin.py:151} INFO -    There is no any new submissions found. The get_validation_results is over.
[2024-07-04T12:24:29.022+0000] {python.py:194} INFO - Done. Returned value was: True
[2024-07-04T12:24:29.046+0000] {taskinstance.py:1400} INFO - Marking task as SUCCESS. dag_id=reports_workflow, task_id=id_task_send_emails, execution_date=20240704T121000, start_date=20240704T122428, end_date=20240704T122429
[2024-07-04T12:24:29.087+0000] {local_task_job_runner.py:228} INFO - Task exited with return code 0
[2024-07-04T12:24:29.112+0000] {taskinstance.py:2784} INFO - 0 downstream tasks scheduled from follow-on schedule check
[2024-07-04T12:26:14.849+0000] {taskinstance.py:1159} INFO - Dependencies all met for dep_context=non-requeueable deps ti=<TaskInstance: reports_workflow.id_task_send_emails scheduled__2024-07-04T12:10:00+00:00 [queued]>
[2024-07-04T12:26:14.904+0000] {taskinstance.py:1159} INFO - Dependencies all met for dep_context=requeueable deps ti=<TaskInstance: reports_workflow.id_task_send_emails scheduled__2024-07-04T12:10:00+00:00 [queued]>
[2024-07-04T12:26:14.905+0000] {taskinstance.py:1361} INFO - Starting attempt 1 of 2
[2024-07-04T12:26:14.955+0000] {taskinstance.py:1382} INFO - Executing <Task(PythonOperator): id_task_send_emails> on 2024-07-04 12:10:00+00:00
[2024-07-04T12:26:14.990+0000] {standard_task_runner.py:57} INFO - Started process 49650 to run task
[2024-07-04T12:26:15.020+0000] {standard_task_runner.py:84} INFO - Running: ['***', 'tasks', 'run', 'reports_workflow', 'id_task_send_emails', 'scheduled__2024-07-04T12:10:00+00:00', '--job-id', '2753', '--raw', '--subdir', 'DAGS_FOLDER/dag_email_robot.py', '--cfg-path', '/tmp/tmpkfyselsv']
[2024-07-04T12:26:15.043+0000] {standard_task_runner.py:85} INFO - Job 2753: Subtask id_task_send_emails
[2024-07-04T12:26:15.171+0000] {task_command.py:415} INFO - Running <TaskInstance: reports_workflow.id_task_send_emails scheduled__2024-07-04T12:10:00+00:00 [running]> on host 6f4ef5488251
[2024-07-04T12:26:15.330+0000] {taskinstance.py:1660} INFO - Exporting env vars: AIRFLOW_CTX_DAG_OWNER='FIRDAVS' AIRFLOW_CTX_DAG_ID='reports_workflow' AIRFLOW_CTX_TASK_ID='id_task_send_emails' AIRFLOW_CTX_EXECUTION_DATE='2024-07-04T12:10:00+00:00' AIRFLOW_CTX_TRY_NUMBER='1' AIRFLOW_CTX_DAG_RUN_ID='scheduled__2024-07-04T12:10:00+00:00'
[2024-07-04T12:26:15.331+0000] {logging_mixin.py:151} INFO - path of config file:  /opt/***
[2024-07-04T12:26:15.332+0000] {logging_mixin.py:151} INFO - #>2024-07-04 12:26:15.332317_User@StatDep: EmailRobot in screated.
[2024-07-04T12:26:15.332+0000] {logging_mixin.py:151} INFO - #>2024-07-04 12:26:15.332506_User@StatDep: send_validation_results is started...
[2024-07-04T12:26:15.352+0000] {logging_mixin.py:151} INFO -    #>2024-07-04 12:26:15.352162_conneciton to db is set.
[2024-07-04T12:26:15.355+0000] {logging_mixin.py:151} INFO -    #>2024-07-04 12:26:15.355413_cursor execution is successful.
[2024-07-04T12:26:15.355+0000] {logging_mixin.py:151} INFO -    There is no any new submissions found. The get_validation_results is over.
[2024-07-04T12:26:15.358+0000] {python.py:194} INFO - Done. Returned value was: True
[2024-07-04T12:26:15.396+0000] {taskinstance.py:1400} INFO - Marking task as SUCCESS. dag_id=reports_workflow, task_id=id_task_send_emails, execution_date=20240704T121000, start_date=20240704T122614, end_date=20240704T122615
[2024-07-04T12:26:15.436+0000] {local_task_job_runner.py:228} INFO - Task exited with return code 0
[2024-07-04T12:26:15.500+0000] {taskinstance.py:2784} INFO - 0 downstream tasks scheduled from follow-on schedule check
