[2024-07-03T14:47:51.116+0000] {taskinstance.py:1159} INFO - Dependencies all met for dep_context=non-requeueable deps ti=<TaskInstance: reports_workflow.id_task_send_emails scheduled__2024-07-03T14:05:00+00:00 [queued]>
[2024-07-03T14:47:51.140+0000] {taskinstance.py:1159} INFO - Dependencies all met for dep_context=requeueable deps ti=<TaskInstance: reports_workflow.id_task_send_emails scheduled__2024-07-03T14:05:00+00:00 [queued]>
[2024-07-03T14:47:51.140+0000] {taskinstance.py:1361} INFO - Starting attempt 1 of 2
[2024-07-03T14:47:51.179+0000] {taskinstance.py:1382} INFO - Executing <Task(PythonOperator): id_task_send_emails> on 2024-07-03 14:05:00+00:00
[2024-07-03T14:47:51.184+0000] {standard_task_runner.py:57} INFO - Started process 28657 to run task
[2024-07-03T14:47:51.193+0000] {standard_task_runner.py:84} INFO - Running: ['***', 'tasks', 'run', 'reports_workflow', 'id_task_send_emails', 'scheduled__2024-07-03T14:05:00+00:00', '--job-id', '2203', '--raw', '--subdir', 'DAGS_FOLDER/dag_email_robot.py', '--cfg-path', '/tmp/tmp10fhplb3']
[2024-07-03T14:47:51.199+0000] {standard_task_runner.py:85} INFO - Job 2203: Subtask id_task_send_emails
[2024-07-03T14:47:51.303+0000] {task_command.py:415} INFO - Running <TaskInstance: reports_workflow.id_task_send_emails scheduled__2024-07-03T14:05:00+00:00 [running]> on host 6f4ef5488251
[2024-07-03T14:47:51.455+0000] {taskinstance.py:1660} INFO - Exporting env vars: AIRFLOW_CTX_DAG_OWNER='FIRDAVS' AIRFLOW_CTX_DAG_ID='reports_workflow' AIRFLOW_CTX_TASK_ID='id_task_send_emails' AIRFLOW_CTX_EXECUTION_DATE='2024-07-03T14:05:00+00:00' AIRFLOW_CTX_TRY_NUMBER='1' AIRFLOW_CTX_DAG_RUN_ID='scheduled__2024-07-03T14:05:00+00:00'
[2024-07-03T14:47:51.456+0000] {logging_mixin.py:151} INFO - path of config file:  /opt/***
[2024-07-03T14:47:51.456+0000] {logging_mixin.py:151} INFO - #>2024-07-03 14:47:51.456672_User@StatDep: EmailRobot in screated.
[2024-07-03T14:47:51.456+0000] {logging_mixin.py:151} INFO - #>2024-07-03 14:47:51.456860_User@StatDep: send_validation_results is started...
[2024-07-03T14:47:51.472+0000] {logging_mixin.py:151} INFO -    #>2024-07-03 14:47:51.472441_conneciton to db is set.
[2024-07-03T14:47:51.474+0000] {logging_mixin.py:151} INFO -    #>2024-07-03 14:47:51.474382_cursor execution is successful.
[2024-07-03T14:47:51.474+0000] {logging_mixin.py:151} INFO -    There is no any new submissions found. The get_validation_results is over.
[2024-07-03T14:47:51.475+0000] {python.py:194} INFO - Done. Returned value was: True
[2024-07-03T14:47:51.520+0000] {taskinstance.py:1400} INFO - Marking task as SUCCESS. dag_id=reports_workflow, task_id=id_task_send_emails, execution_date=20240703T140500, start_date=20240703T144751, end_date=20240703T144751
[2024-07-03T14:47:51.540+0000] {local_task_job_runner.py:228} INFO - Task exited with return code 0
[2024-07-03T14:47:51.568+0000] {taskinstance.py:2784} INFO - 0 downstream tasks scheduled from follow-on schedule check
[2024-07-03T14:48:27.016+0000] {taskinstance.py:1159} INFO - Dependencies all met for dep_context=non-requeueable deps ti=<TaskInstance: reports_workflow.id_task_send_emails scheduled__2024-07-03T14:05:00+00:00 [queued]>
[2024-07-03T14:48:27.025+0000] {taskinstance.py:1159} INFO - Dependencies all met for dep_context=requeueable deps ti=<TaskInstance: reports_workflow.id_task_send_emails scheduled__2024-07-03T14:05:00+00:00 [queued]>
[2024-07-03T14:48:27.025+0000] {taskinstance.py:1361} INFO - Starting attempt 1 of 2
[2024-07-03T14:48:27.038+0000] {taskinstance.py:1382} INFO - Executing <Task(PythonOperator): id_task_send_emails> on 2024-07-03 14:05:00+00:00
[2024-07-03T14:48:27.042+0000] {standard_task_runner.py:57} INFO - Started process 28802 to run task
[2024-07-03T14:48:27.047+0000] {standard_task_runner.py:84} INFO - Running: ['***', 'tasks', 'run', 'reports_workflow', 'id_task_send_emails', 'scheduled__2024-07-03T14:05:00+00:00', '--job-id', '2273', '--raw', '--subdir', 'DAGS_FOLDER/dag_email_robot.py', '--cfg-path', '/tmp/tmpt9i4t4yu']
[2024-07-03T14:48:27.049+0000] {standard_task_runner.py:85} INFO - Job 2273: Subtask id_task_send_emails
[2024-07-03T14:48:27.102+0000] {task_command.py:415} INFO - Running <TaskInstance: reports_workflow.id_task_send_emails scheduled__2024-07-03T14:05:00+00:00 [running]> on host 6f4ef5488251
[2024-07-03T14:48:27.202+0000] {taskinstance.py:1660} INFO - Exporting env vars: AIRFLOW_CTX_DAG_OWNER='FIRDAVS' AIRFLOW_CTX_DAG_ID='reports_workflow' AIRFLOW_CTX_TASK_ID='id_task_send_emails' AIRFLOW_CTX_EXECUTION_DATE='2024-07-03T14:05:00+00:00' AIRFLOW_CTX_TRY_NUMBER='1' AIRFLOW_CTX_DAG_RUN_ID='scheduled__2024-07-03T14:05:00+00:00'
[2024-07-03T14:48:27.203+0000] {logging_mixin.py:151} INFO - path of config file:  /opt/***
[2024-07-03T14:48:27.203+0000] {logging_mixin.py:151} INFO - #>2024-07-03 14:48:27.203809_User@StatDep: EmailRobot in screated.
[2024-07-03T14:48:27.204+0000] {logging_mixin.py:151} INFO - #>2024-07-03 14:48:27.204010_User@StatDep: send_validation_results is started...
[2024-07-03T14:48:27.213+0000] {logging_mixin.py:151} INFO -    #>2024-07-03 14:48:27.213228_conneciton to db is set.
[2024-07-03T14:48:27.215+0000] {logging_mixin.py:151} INFO -    #>2024-07-03 14:48:27.215158_cursor execution is successful.
[2024-07-03T14:48:27.215+0000] {logging_mixin.py:151} INFO -    There is no any new submissions found. The get_validation_results is over.
[2024-07-03T14:48:27.215+0000] {python.py:194} INFO - Done. Returned value was: True
[2024-07-03T14:48:27.240+0000] {taskinstance.py:1400} INFO - Marking task as SUCCESS. dag_id=reports_workflow, task_id=id_task_send_emails, execution_date=20240703T140500, start_date=20240703T144827, end_date=20240703T144827
[2024-07-03T14:48:27.262+0000] {local_task_job_runner.py:228} INFO - Task exited with return code 0
[2024-07-03T14:48:27.282+0000] {taskinstance.py:2784} INFO - 0 downstream tasks scheduled from follow-on schedule check
