[2024-07-16T12:05:01.486+0000] {taskinstance.py:1159} INFO - Dependencies all met for dep_context=non-requeueable deps ti=<TaskInstance: reports_workflow.id_task_get_emails scheduled__2024-07-16T12:00:00+00:00 [queued]>
[2024-07-16T12:05:01.493+0000] {taskinstance.py:1159} INFO - Dependencies all met for dep_context=requeueable deps ti=<TaskInstance: reports_workflow.id_task_get_emails scheduled__2024-07-16T12:00:00+00:00 [queued]>
[2024-07-16T12:05:01.493+0000] {taskinstance.py:1361} INFO - Starting attempt 1 of 2
[2024-07-16T12:05:01.506+0000] {taskinstance.py:1382} INFO - Executing <Task(PythonOperator): id_task_get_emails> on 2024-07-16 12:00:00+00:00
[2024-07-16T12:05:01.513+0000] {standard_task_runner.py:57} INFO - Started process 63509 to run task
[2024-07-16T12:05:01.517+0000] {standard_task_runner.py:84} INFO - Running: ['***', 'tasks', 'run', 'reports_workflow', 'id_task_get_emails', 'scheduled__2024-07-16T12:00:00+00:00', '--job-id', '6906', '--raw', '--subdir', 'DAGS_FOLDER/dag_email_robot.py', '--cfg-path', '/tmp/tmpk9vul4wi']
[2024-07-16T12:05:01.520+0000] {standard_task_runner.py:85} INFO - Job 6906: Subtask id_task_get_emails
[2024-07-16T12:05:01.664+0000] {task_command.py:415} INFO - Running <TaskInstance: reports_workflow.id_task_get_emails scheduled__2024-07-16T12:00:00+00:00 [running]> on host 6f4ef5488251
[2024-07-16T12:05:01.819+0000] {taskinstance.py:1660} INFO - Exporting env vars: AIRFLOW_CTX_DAG_OWNER='FIRDAVS' AIRFLOW_CTX_DAG_ID='reports_workflow' AIRFLOW_CTX_TASK_ID='id_task_get_emails' AIRFLOW_CTX_EXECUTION_DATE='2024-07-16T12:00:00+00:00' AIRFLOW_CTX_TRY_NUMBER='1' AIRFLOW_CTX_DAG_RUN_ID='scheduled__2024-07-16T12:00:00+00:00'
[2024-07-16T12:05:01.820+0000] {logging_mixin.py:151} INFO - path of config file:  /opt/***
[2024-07-16T12:05:01.821+0000] {logging_mixin.py:151} INFO - #>2024-07-16 12:05:01.821198_User@StatDep: EmailRobot in screated.
[2024-07-16T12:05:01.821+0000] {logging_mixin.py:151} INFO - #>2024-07-16 12:05:01.821383_User@StatDep: get_for_recent_emails is started...
[2024-07-16T12:05:01.821+0000] {logging_mixin.py:151} INFO - #>2024-07-16 12:05:01.821509_User@StatDep: pop3_fetch_emails isstarted...
[2024-07-16T12:05:02.423+0000] {logging_mixin.py:151} INFO -    b'+OK'
[2024-07-16T12:05:02.922+0000] {logging_mixin.py:151} INFO -    mailbox have 0 emails and the robot can process 10
[2024-07-16T12:05:02.923+0000] {logging_mixin.py:151} INFO - #>2024-07-16 12:05:02.923307_User@StatDep: no emails to process, exiting pop3_fetch_emails()...
[2024-07-16T12:05:02.924+0000] {python.py:194} INFO - Done. Returned value was: True
[2024-07-16T12:05:02.961+0000] {taskinstance.py:1400} INFO - Marking task as SUCCESS. dag_id=reports_workflow, task_id=id_task_get_emails, execution_date=20240716T120000, start_date=20240716T120501, end_date=20240716T120502
[2024-07-16T12:05:03.020+0000] {local_task_job_runner.py:228} INFO - Task exited with return code 0
[2024-07-16T12:05:03.056+0000] {taskinstance.py:2784} INFO - 1 downstream tasks scheduled from follow-on schedule check
