[2024-07-08T07:45:01.215+0000] {taskinstance.py:1159} INFO - Dependencies all met for dep_context=non-requeueable deps ti=<TaskInstance: reports_workflow.id_task_get_emails scheduled__2024-07-08T07:40:00+00:00 [queued]>
[2024-07-08T07:45:01.222+0000] {taskinstance.py:1159} INFO - Dependencies all met for dep_context=requeueable deps ti=<TaskInstance: reports_workflow.id_task_get_emails scheduled__2024-07-08T07:40:00+00:00 [queued]>
[2024-07-08T07:45:01.223+0000] {taskinstance.py:1361} INFO - Starting attempt 1 of 2
[2024-07-08T07:45:01.238+0000] {taskinstance.py:1382} INFO - Executing <Task(PythonOperator): id_task_get_emails> on 2024-07-08 07:40:00+00:00
[2024-07-08T07:45:01.245+0000] {standard_task_runner.py:57} INFO - Started process 5057 to run task
[2024-07-08T07:45:01.250+0000] {standard_task_runner.py:84} INFO - Running: ['***', 'tasks', 'run', 'reports_workflow', 'id_task_get_emails', 'scheduled__2024-07-08T07:40:00+00:00', '--job-id', '3610', '--raw', '--subdir', 'DAGS_FOLDER/dag_email_robot.py', '--cfg-path', '/tmp/tmpe3i077a2']
[2024-07-08T07:45:01.253+0000] {standard_task_runner.py:85} INFO - Job 3610: Subtask id_task_get_emails
[2024-07-08T07:45:01.335+0000] {task_command.py:415} INFO - Running <TaskInstance: reports_workflow.id_task_get_emails scheduled__2024-07-08T07:40:00+00:00 [running]> on host 6f4ef5488251
[2024-07-08T07:45:01.438+0000] {taskinstance.py:1660} INFO - Exporting env vars: AIRFLOW_CTX_DAG_OWNER='FIRDAVS' AIRFLOW_CTX_DAG_ID='reports_workflow' AIRFLOW_CTX_TASK_ID='id_task_get_emails' AIRFLOW_CTX_EXECUTION_DATE='2024-07-08T07:40:00+00:00' AIRFLOW_CTX_TRY_NUMBER='1' AIRFLOW_CTX_DAG_RUN_ID='scheduled__2024-07-08T07:40:00+00:00'
[2024-07-08T07:45:01.439+0000] {logging_mixin.py:151} INFO - path of config file:  /opt/***
[2024-07-08T07:45:01.439+0000] {logging_mixin.py:151} INFO - #>2024-07-08 07:45:01.439861_User@StatDep: EmailRobot in screated.
[2024-07-08T07:45:01.440+0000] {logging_mixin.py:151} INFO - #>2024-07-08 07:45:01.440014_User@StatDep: get_for_recent_emails is started...
[2024-07-08T07:45:01.440+0000] {logging_mixin.py:151} INFO - #>2024-07-08 07:45:01.440119_User@StatDep: pop3_fetch_emails isstarted...
[2024-07-08T07:45:01.952+0000] {logging_mixin.py:151} INFO -    b'+OK'
[2024-07-08T07:45:02.294+0000] {logging_mixin.py:151} INFO -    mailbox have 0 emails and the robot can process 10
[2024-07-08T07:45:02.295+0000] {logging_mixin.py:151} INFO - #>2024-07-08 07:45:02.295102_User@StatDep: no emails to process, exiting pop3_fetch_emails()...
[2024-07-08T07:45:02.296+0000] {python.py:194} INFO - Done. Returned value was: True
[2024-07-08T07:45:02.333+0000] {taskinstance.py:1400} INFO - Marking task as SUCCESS. dag_id=reports_workflow, task_id=id_task_get_emails, execution_date=20240708T074000, start_date=20240708T074501, end_date=20240708T074502
[2024-07-08T07:45:02.352+0000] {local_task_job_runner.py:228} INFO - Task exited with return code 0
[2024-07-08T07:45:02.381+0000] {taskinstance.py:2784} INFO - 1 downstream tasks scheduled from follow-on schedule check
[2024-07-08T10:22:19.238+0000] {taskinstance.py:1159} INFO - Dependencies all met for dep_context=non-requeueable deps ti=<TaskInstance: reports_workflow.id_task_get_emails scheduled__2024-07-08T07:40:00+00:00 [queued]>
[2024-07-08T10:22:19.786+0000] {taskinstance.py:1159} INFO - Dependencies all met for dep_context=requeueable deps ti=<TaskInstance: reports_workflow.id_task_get_emails scheduled__2024-07-08T07:40:00+00:00 [queued]>
[2024-07-08T10:22:19.786+0000] {taskinstance.py:1361} INFO - Starting attempt 1 of 2
[2024-07-08T10:22:19.803+0000] {taskinstance.py:1382} INFO - Executing <Task(PythonOperator): id_task_get_emails> on 2024-07-08 07:40:00+00:00
[2024-07-08T10:22:19.810+0000] {standard_task_runner.py:57} INFO - Started process 8054 to run task
[2024-07-08T10:22:19.817+0000] {standard_task_runner.py:84} INFO - Running: ['***', 'tasks', 'run', 'reports_workflow', 'id_task_get_emails', 'scheduled__2024-07-08T07:40:00+00:00', '--job-id', '3807', '--raw', '--subdir', 'DAGS_FOLDER/dag_email_robot.py', '--cfg-path', '/tmp/tmpz1mwvlep']
[2024-07-08T10:22:19.821+0000] {standard_task_runner.py:85} INFO - Job 3807: Subtask id_task_get_emails
[2024-07-08T10:22:20.237+0000] {task_command.py:415} INFO - Running <TaskInstance: reports_workflow.id_task_get_emails scheduled__2024-07-08T07:40:00+00:00 [running]> on host 6f4ef5488251
[2024-07-08T10:22:20.340+0000] {taskinstance.py:1660} INFO - Exporting env vars: AIRFLOW_CTX_DAG_OWNER='FIRDAVS' AIRFLOW_CTX_DAG_ID='reports_workflow' AIRFLOW_CTX_TASK_ID='id_task_get_emails' AIRFLOW_CTX_EXECUTION_DATE='2024-07-08T07:40:00+00:00' AIRFLOW_CTX_TRY_NUMBER='1' AIRFLOW_CTX_DAG_RUN_ID='scheduled__2024-07-08T07:40:00+00:00'
[2024-07-08T10:22:20.341+0000] {logging_mixin.py:151} INFO - path of config file:  /opt/***
[2024-07-08T10:22:20.342+0000] {logging_mixin.py:151} INFO - #>2024-07-08 10:22:20.342592_User@StatDep: EmailRobot in screated.
[2024-07-08T10:22:20.343+0000] {logging_mixin.py:151} INFO - #>2024-07-08 10:22:20.342963_User@StatDep: get_for_recent_emails is started...
[2024-07-08T10:22:20.343+0000] {logging_mixin.py:151} INFO - #>2024-07-08 10:22:20.343276_User@StatDep: pop3_fetch_emails isstarted...
[2024-07-08T10:22:20.736+0000] {logging_mixin.py:151} INFO -    b'+OK'
[2024-07-08T10:22:21.119+0000] {logging_mixin.py:151} INFO -    mailbox have 0 emails and the robot can process 10
[2024-07-08T10:22:21.119+0000] {logging_mixin.py:151} INFO - #>2024-07-08 10:22:21.119694_User@StatDep: no emails to process, exiting pop3_fetch_emails()...
[2024-07-08T10:22:21.120+0000] {python.py:194} INFO - Done. Returned value was: True
[2024-07-08T10:22:21.146+0000] {taskinstance.py:1400} INFO - Marking task as SUCCESS. dag_id=reports_workflow, task_id=id_task_get_emails, execution_date=20240708T074000, start_date=20240708T102219, end_date=20240708T102221
[2024-07-08T10:22:21.201+0000] {local_task_job_runner.py:228} INFO - Task exited with return code 0
[2024-07-08T10:22:21.230+0000] {taskinstance.py:2784} INFO - 1 downstream tasks scheduled from follow-on schedule check
[2024-07-08T10:27:30.499+0000] {taskinstance.py:1159} INFO - Dependencies all met for dep_context=non-requeueable deps ti=<TaskInstance: reports_workflow.id_task_get_emails scheduled__2024-07-08T07:40:00+00:00 [queued]>
[2024-07-08T10:27:30.507+0000] {taskinstance.py:1159} INFO - Dependencies all met for dep_context=requeueable deps ti=<TaskInstance: reports_workflow.id_task_get_emails scheduled__2024-07-08T07:40:00+00:00 [queued]>
[2024-07-08T10:27:30.508+0000] {taskinstance.py:1361} INFO - Starting attempt 1 of 2
[2024-07-08T10:27:30.519+0000] {taskinstance.py:1382} INFO - Executing <Task(PythonOperator): id_task_get_emails> on 2024-07-08 07:40:00+00:00
[2024-07-08T10:27:30.527+0000] {standard_task_runner.py:57} INFO - Started process 8849 to run task
[2024-07-08T10:27:30.535+0000] {standard_task_runner.py:84} INFO - Running: ['***', 'tasks', 'run', 'reports_workflow', 'id_task_get_emails', 'scheduled__2024-07-08T07:40:00+00:00', '--job-id', '4045', '--raw', '--subdir', 'DAGS_FOLDER/dag_email_robot.py', '--cfg-path', '/tmp/tmpyy7xisxp']
[2024-07-08T10:27:30.539+0000] {standard_task_runner.py:85} INFO - Job 4045: Subtask id_task_get_emails
[2024-07-08T10:27:30.596+0000] {task_command.py:415} INFO - Running <TaskInstance: reports_workflow.id_task_get_emails scheduled__2024-07-08T07:40:00+00:00 [running]> on host 6f4ef5488251
[2024-07-08T10:27:30.694+0000] {taskinstance.py:1660} INFO - Exporting env vars: AIRFLOW_CTX_DAG_OWNER='FIRDAVS' AIRFLOW_CTX_DAG_ID='reports_workflow' AIRFLOW_CTX_TASK_ID='id_task_get_emails' AIRFLOW_CTX_EXECUTION_DATE='2024-07-08T07:40:00+00:00' AIRFLOW_CTX_TRY_NUMBER='1' AIRFLOW_CTX_DAG_RUN_ID='scheduled__2024-07-08T07:40:00+00:00'
[2024-07-08T10:27:30.696+0000] {logging_mixin.py:151} INFO - path of config file:  /opt/***
[2024-07-08T10:27:30.696+0000] {logging_mixin.py:151} INFO - #>2024-07-08 10:27:30.696564_User@StatDep: EmailRobot in screated.
[2024-07-08T10:27:30.696+0000] {logging_mixin.py:151} INFO - #>2024-07-08 10:27:30.696753_User@StatDep: get_for_recent_emails is started...
[2024-07-08T10:27:30.696+0000] {logging_mixin.py:151} INFO - #>2024-07-08 10:27:30.696888_User@StatDep: pop3_fetch_emails isstarted...
[2024-07-08T10:27:31.065+0000] {logging_mixin.py:151} INFO -    b'+OK'
[2024-07-08T10:27:31.435+0000] {logging_mixin.py:151} INFO -    mailbox have 0 emails and the robot can process 10
[2024-07-08T10:27:31.436+0000] {logging_mixin.py:151} INFO - #>2024-07-08 10:27:31.436192_User@StatDep: no emails to process, exiting pop3_fetch_emails()...
[2024-07-08T10:27:31.436+0000] {python.py:194} INFO - Done. Returned value was: True
[2024-07-08T10:27:31.477+0000] {taskinstance.py:1400} INFO - Marking task as SUCCESS. dag_id=reports_workflow, task_id=id_task_get_emails, execution_date=20240708T074000, start_date=20240708T102730, end_date=20240708T102731
[2024-07-08T10:27:31.548+0000] {local_task_job_runner.py:228} INFO - Task exited with return code 0
[2024-07-08T10:27:31.584+0000] {taskinstance.py:2784} INFO - 1 downstream tasks scheduled from follow-on schedule check
