[2024-07-03T09:56:50.814+0000] {taskinstance.py:1159} INFO - Dependencies all met for dep_context=non-requeueable deps ti=<TaskInstance: reports_workflow.id_task_get_emails scheduled__2024-07-02T02:45:00+00:00 [queued]>
[2024-07-03T09:56:50.823+0000] {taskinstance.py:1159} INFO - Dependencies all met for dep_context=requeueable deps ti=<TaskInstance: reports_workflow.id_task_get_emails scheduled__2024-07-02T02:45:00+00:00 [queued]>
[2024-07-03T09:56:50.823+0000] {taskinstance.py:1361} INFO - Starting attempt 1 of 1
[2024-07-03T09:56:50.842+0000] {taskinstance.py:1382} INFO - Executing <Task(PythonOperator): id_task_get_emails> on 2024-07-02 02:45:00+00:00
[2024-07-03T09:56:50.847+0000] {standard_task_runner.py:57} INFO - Started process 20388 to run task
[2024-07-03T09:56:50.856+0000] {standard_task_runner.py:84} INFO - Running: ['***', 'tasks', 'run', 'reports_workflow', 'id_task_get_emails', 'scheduled__2024-07-02T02:45:00+00:00', '--job-id', '276', '--raw', '--subdir', 'DAGS_FOLDER/dag_email_robot.py', '--cfg-path', '/tmp/tmpn6dr7bjz']
[2024-07-03T09:56:50.857+0000] {standard_task_runner.py:85} INFO - Job 276: Subtask id_task_get_emails
[2024-07-03T09:56:50.922+0000] {task_command.py:415} INFO - Running <TaskInstance: reports_workflow.id_task_get_emails scheduled__2024-07-02T02:45:00+00:00 [running]> on host 6f4ef5488251
[2024-07-03T09:56:51.037+0000] {taskinstance.py:1660} INFO - Exporting env vars: AIRFLOW_CTX_DAG_OWNER='FIRDAVS' AIRFLOW_CTX_DAG_ID='reports_workflow' AIRFLOW_CTX_TASK_ID='id_task_get_emails' AIRFLOW_CTX_EXECUTION_DATE='2024-07-02T02:45:00+00:00' AIRFLOW_CTX_TRY_NUMBER='1' AIRFLOW_CTX_DAG_RUN_ID='scheduled__2024-07-02T02:45:00+00:00'
[2024-07-03T09:56:51.041+0000] {logging_mixin.py:151} INFO - path of config file:  /opt/***
[2024-07-03T09:56:51.041+0000] {taskinstance.py:1943} ERROR - Task failed with exception
Traceback (most recent call last):
  File "/home/airflow/.local/lib/python3.8/site-packages/airflow/operators/python.py", line 192, in execute
    return_value = self.execute_callable()
  File "/home/airflow/.local/lib/python3.8/site-packages/airflow/operators/python.py", line 209, in execute_callable
    return self.python_callable(*self.op_args, **self.op_kwargs)
  File "/opt/airflow/dags/dag_email_robot.py", line 22, in get_emails
    email_conf = json.load (open(path / ("config/email_conf.json")))
NameError: name 'json' is not defined
[2024-07-03T09:56:51.060+0000] {taskinstance.py:1400} INFO - Marking task as FAILED. dag_id=reports_workflow, task_id=id_task_get_emails, execution_date=20240702T024500, start_date=20240703T095650, end_date=20240703T095651
[2024-07-03T09:56:51.087+0000] {standard_task_runner.py:104} ERROR - Failed to execute job 276 for task id_task_get_emails (name 'json' is not defined; 20388)
[2024-07-03T09:56:51.105+0000] {local_task_job_runner.py:228} INFO - Task exited with return code 1
[2024-07-03T09:56:51.132+0000] {taskinstance.py:2784} INFO - 0 downstream tasks scheduled from follow-on schedule check
[2024-07-03T12:04:31.409+0000] {taskinstance.py:1159} INFO - Dependencies all met for dep_context=non-requeueable deps ti=<TaskInstance: reports_workflow.id_task_get_emails scheduled__2024-07-02T02:45:00+00:00 [queued]>
[2024-07-03T12:04:31.431+0000] {taskinstance.py:1159} INFO - Dependencies all met for dep_context=requeueable deps ti=<TaskInstance: reports_workflow.id_task_get_emails scheduled__2024-07-02T02:45:00+00:00 [queued]>
[2024-07-03T12:04:31.432+0000] {taskinstance.py:1361} INFO - Starting attempt 1 of 1
[2024-07-03T12:04:31.444+0000] {taskinstance.py:1382} INFO - Executing <Task(PythonOperator): id_task_get_emails> on 2024-07-02 02:45:00+00:00
[2024-07-03T12:04:31.451+0000] {standard_task_runner.py:57} INFO - Started process 23211 to run task
[2024-07-03T12:04:31.458+0000] {standard_task_runner.py:84} INFO - Running: ['***', 'tasks', 'run', 'reports_workflow', 'id_task_get_emails', 'scheduled__2024-07-02T02:45:00+00:00', '--job-id', '719', '--raw', '--subdir', 'DAGS_FOLDER/dag_email_robot.py', '--cfg-path', '/tmp/tmpiwl27uu9']
[2024-07-03T12:04:31.466+0000] {standard_task_runner.py:85} INFO - Job 719: Subtask id_task_get_emails
[2024-07-03T12:04:31.547+0000] {task_command.py:415} INFO - Running <TaskInstance: reports_workflow.id_task_get_emails scheduled__2024-07-02T02:45:00+00:00 [running]> on host 6f4ef5488251
[2024-07-03T12:04:31.691+0000] {taskinstance.py:1660} INFO - Exporting env vars: AIRFLOW_CTX_DAG_OWNER='FIRDAVS' AIRFLOW_CTX_DAG_ID='reports_workflow' AIRFLOW_CTX_TASK_ID='id_task_get_emails' AIRFLOW_CTX_EXECUTION_DATE='2024-07-02T02:45:00+00:00' AIRFLOW_CTX_TRY_NUMBER='1' AIRFLOW_CTX_DAG_RUN_ID='scheduled__2024-07-02T02:45:00+00:00'
[2024-07-03T12:04:31.692+0000] {logging_mixin.py:151} INFO - path of config file:  /opt/***
[2024-07-03T12:04:31.692+0000] {logging_mixin.py:151} INFO - #>2024-07-03 12:04:31.692951_User@StatDep: EmailRobot in screated.
[2024-07-03T12:04:31.693+0000] {logging_mixin.py:151} INFO - #>2024-07-03 12:04:31.693134_User@StatDep: get_for_recent_emails is started...
[2024-07-03T12:04:31.693+0000] {logging_mixin.py:151} INFO - #>2024-07-03 12:04:31.693259_User@StatDep: pop3_fetch_emails isstarted...
[2024-07-03T12:04:32.060+0000] {logging_mixin.py:151} INFO -    b'+OK'
[2024-07-03T12:04:32.488+0000] {logging_mixin.py:151} INFO -    mailbox have 1 emails and the robot can process 10
[2024-07-03T12:04:32.943+0000] {logging_mixin.py:151} INFO -    #>2024-07-03 12:04:32.943639_conneciton to db is set.
[2024-07-03T12:04:32.952+0000] {taskinstance.py:1943} ERROR - Task failed with exception
Traceback (most recent call last):
  File "/home/airflow/.local/lib/python3.8/site-packages/airflow/operators/python.py", line 192, in execute
    return_value = self.execute_callable()
  File "/home/airflow/.local/lib/python3.8/site-packages/airflow/operators/python.py", line 209, in execute_callable
    return self.python_callable(*self.op_args, **self.op_kwargs)
  File "/opt/airflow/dags/dag_email_robot.py", line 25, in get_emails
    robot.fetch_emails()
  File "/opt/airflow/dags/emailRobot.py", line 62, in fetch_emails
    return self.pop3_fetch_emails()
  File "/opt/airflow/dags/emailRobot.py", line 156, in pop3_fetch_emails
    cursor.execute (query, insert_values)
psycopg2.errors.UndefinedTable: relation "sma_stat_dep.tbl_file_upload" does not exist
LINE 1: ...) AS (INSERT INTO                                 sma_stat_d...
                                                             ^

[2024-07-03T12:04:32.974+0000] {taskinstance.py:1400} INFO - Marking task as FAILED. dag_id=reports_workflow, task_id=id_task_get_emails, execution_date=20240702T024500, start_date=20240703T120431, end_date=20240703T120432
[2024-07-03T12:04:32.991+0000] {standard_task_runner.py:104} ERROR - Failed to execute job 719 for task id_task_get_emails (relation "sma_stat_dep.tbl_file_upload" does not exist
LINE 1: ...) AS (INSERT INTO                                 sma_stat_d...
                                                             ^
; 23211)
[2024-07-03T12:04:33.046+0000] {local_task_job_runner.py:228} INFO - Task exited with return code 1
[2024-07-03T12:04:33.182+0000] {taskinstance.py:2784} INFO - 0 downstream tasks scheduled from follow-on schedule check
[2024-07-03T12:21:19.128+0000] {taskinstance.py:1159} INFO - Dependencies all met for dep_context=non-requeueable deps ti=<TaskInstance: reports_workflow.id_task_get_emails scheduled__2024-07-02T02:45:00+00:00 [queued]>
[2024-07-03T12:21:19.158+0000] {taskinstance.py:1159} INFO - Dependencies all met for dep_context=requeueable deps ti=<TaskInstance: reports_workflow.id_task_get_emails scheduled__2024-07-02T02:45:00+00:00 [queued]>
[2024-07-03T12:21:19.159+0000] {taskinstance.py:1361} INFO - Starting attempt 1 of 1
[2024-07-03T12:21:19.171+0000] {taskinstance.py:1382} INFO - Executing <Task(PythonOperator): id_task_get_emails> on 2024-07-02 02:45:00+00:00
[2024-07-03T12:21:19.176+0000] {standard_task_runner.py:57} INFO - Started process 23940 to run task
[2024-07-03T12:21:19.181+0000] {standard_task_runner.py:84} INFO - Running: ['***', 'tasks', 'run', 'reports_workflow', 'id_task_get_emails', 'scheduled__2024-07-02T02:45:00+00:00', '--job-id', '959', '--raw', '--subdir', 'DAGS_FOLDER/dag_email_robot.py', '--cfg-path', '/tmp/tmpdhn4oegz']
[2024-07-03T12:21:19.182+0000] {standard_task_runner.py:85} INFO - Job 959: Subtask id_task_get_emails
[2024-07-03T12:21:19.232+0000] {task_command.py:415} INFO - Running <TaskInstance: reports_workflow.id_task_get_emails scheduled__2024-07-02T02:45:00+00:00 [running]> on host 6f4ef5488251
[2024-07-03T12:21:19.317+0000] {taskinstance.py:1660} INFO - Exporting env vars: AIRFLOW_CTX_DAG_OWNER='FIRDAVS' AIRFLOW_CTX_DAG_ID='reports_workflow' AIRFLOW_CTX_TASK_ID='id_task_get_emails' AIRFLOW_CTX_EXECUTION_DATE='2024-07-02T02:45:00+00:00' AIRFLOW_CTX_TRY_NUMBER='1' AIRFLOW_CTX_DAG_RUN_ID='scheduled__2024-07-02T02:45:00+00:00'
[2024-07-03T12:21:19.318+0000] {logging_mixin.py:151} INFO - path of config file:  /opt/***
[2024-07-03T12:21:19.319+0000] {logging_mixin.py:151} INFO - #>2024-07-03 12:21:19.319482_User@StatDep: EmailRobot in screated.
[2024-07-03T12:21:19.319+0000] {logging_mixin.py:151} INFO - #>2024-07-03 12:21:19.319749_User@StatDep: get_for_recent_emails is started...
[2024-07-03T12:21:19.319+0000] {logging_mixin.py:151} INFO - #>2024-07-03 12:21:19.319934_User@StatDep: pop3_fetch_emails isstarted...
[2024-07-03T12:21:19.722+0000] {logging_mixin.py:151} INFO -    b'+OK'
[2024-07-03T12:21:20.065+0000] {logging_mixin.py:151} INFO -    mailbox have 0 emails and the robot can process 10
[2024-07-03T12:21:20.066+0000] {logging_mixin.py:151} INFO - #>2024-07-03 12:21:20.066163_User@StatDep: no emails to process, exiting pop3_fetch_emails()...
[2024-07-03T12:21:20.067+0000] {python.py:194} INFO - Done. Returned value was: True
[2024-07-03T12:21:20.108+0000] {taskinstance.py:1400} INFO - Marking task as SUCCESS. dag_id=reports_workflow, task_id=id_task_get_emails, execution_date=20240702T024500, start_date=20240703T122119, end_date=20240703T122120
[2024-07-03T12:21:20.156+0000] {local_task_job_runner.py:228} INFO - Task exited with return code 0
[2024-07-03T12:21:20.221+0000] {taskinstance.py:2784} INFO - 0 downstream tasks scheduled from follow-on schedule check
