[2024-07-03T09:57:38.543+0000] {taskinstance.py:1159} INFO - Dependencies all met for dep_context=non-requeueable deps ti=<TaskInstance: reports_workflow.id_task_get_emails scheduled__2024-07-02T10:30:00+00:00 [queued]>
[2024-07-03T09:57:38.554+0000] {taskinstance.py:1159} INFO - Dependencies all met for dep_context=requeueable deps ti=<TaskInstance: reports_workflow.id_task_get_emails scheduled__2024-07-02T10:30:00+00:00 [queued]>
[2024-07-03T09:57:38.554+0000] {taskinstance.py:1361} INFO - Starting attempt 1 of 1
[2024-07-03T09:57:38.565+0000] {taskinstance.py:1382} INFO - Executing <Task(PythonOperator): id_task_get_emails> on 2024-07-02 10:30:00+00:00
[2024-07-03T09:57:38.572+0000] {standard_task_runner.py:57} INFO - Started process 20583 to run task
[2024-07-03T09:57:38.580+0000] {standard_task_runner.py:84} INFO - Running: ['***', 'tasks', 'run', 'reports_workflow', 'id_task_get_emails', 'scheduled__2024-07-02T10:30:00+00:00', '--job-id', '371', '--raw', '--subdir', 'DAGS_FOLDER/dag_email_robot.py', '--cfg-path', '/tmp/tmp2r8s4sot']
[2024-07-03T09:57:38.581+0000] {standard_task_runner.py:85} INFO - Job 371: Subtask id_task_get_emails
[2024-07-03T09:57:38.642+0000] {task_command.py:415} INFO - Running <TaskInstance: reports_workflow.id_task_get_emails scheduled__2024-07-02T10:30:00+00:00 [running]> on host 6f4ef5488251
[2024-07-03T09:57:38.723+0000] {taskinstance.py:1660} INFO - Exporting env vars: AIRFLOW_CTX_DAG_OWNER='FIRDAVS' AIRFLOW_CTX_DAG_ID='reports_workflow' AIRFLOW_CTX_TASK_ID='id_task_get_emails' AIRFLOW_CTX_EXECUTION_DATE='2024-07-02T10:30:00+00:00' AIRFLOW_CTX_TRY_NUMBER='1' AIRFLOW_CTX_DAG_RUN_ID='scheduled__2024-07-02T10:30:00+00:00'
[2024-07-03T09:57:38.724+0000] {logging_mixin.py:151} INFO - path of config file:  /opt/***
[2024-07-03T09:57:38.725+0000] {taskinstance.py:1943} ERROR - Task failed with exception
Traceback (most recent call last):
  File "/home/airflow/.local/lib/python3.8/site-packages/airflow/operators/python.py", line 192, in execute
    return_value = self.execute_callable()
  File "/home/airflow/.local/lib/python3.8/site-packages/airflow/operators/python.py", line 209, in execute_callable
    return self.python_callable(*self.op_args, **self.op_kwargs)
  File "/opt/airflow/dags/dag_email_robot.py", line 22, in get_emails
    email_conf = json.load (open(path / ("config/email_conf.json")))
NameError: name 'json' is not defined
[2024-07-03T09:57:38.736+0000] {taskinstance.py:1400} INFO - Marking task as FAILED. dag_id=reports_workflow, task_id=id_task_get_emails, execution_date=20240702T103000, start_date=20240703T095738, end_date=20240703T095738
[2024-07-03T09:57:38.748+0000] {standard_task_runner.py:104} ERROR - Failed to execute job 371 for task id_task_get_emails (name 'json' is not defined; 20583)
[2024-07-03T09:57:38.790+0000] {local_task_job_runner.py:228} INFO - Task exited with return code 1
[2024-07-03T09:57:38.814+0000] {taskinstance.py:2784} INFO - 0 downstream tasks scheduled from follow-on schedule check
[2024-07-03T12:05:10.796+0000] {taskinstance.py:1159} INFO - Dependencies all met for dep_context=non-requeueable deps ti=<TaskInstance: reports_workflow.id_task_get_emails scheduled__2024-07-02T10:30:00+00:00 [queued]>
[2024-07-03T12:05:10.809+0000] {taskinstance.py:1159} INFO - Dependencies all met for dep_context=requeueable deps ti=<TaskInstance: reports_workflow.id_task_get_emails scheduled__2024-07-02T10:30:00+00:00 [queued]>
[2024-07-03T12:05:10.809+0000] {taskinstance.py:1361} INFO - Starting attempt 1 of 1
[2024-07-03T12:05:10.823+0000] {taskinstance.py:1382} INFO - Executing <Task(PythonOperator): id_task_get_emails> on 2024-07-02 10:30:00+00:00
[2024-07-03T12:05:10.835+0000] {standard_task_runner.py:57} INFO - Started process 23404 to run task
[2024-07-03T12:05:10.853+0000] {standard_task_runner.py:84} INFO - Running: ['***', 'tasks', 'run', 'reports_workflow', 'id_task_get_emails', 'scheduled__2024-07-02T10:30:00+00:00', '--job-id', '812', '--raw', '--subdir', 'DAGS_FOLDER/dag_email_robot.py', '--cfg-path', '/tmp/tmpqp651f2t']
[2024-07-03T12:05:10.854+0000] {standard_task_runner.py:85} INFO - Job 812: Subtask id_task_get_emails
[2024-07-03T12:05:10.975+0000] {task_command.py:415} INFO - Running <TaskInstance: reports_workflow.id_task_get_emails scheduled__2024-07-02T10:30:00+00:00 [running]> on host 6f4ef5488251
[2024-07-03T12:05:11.178+0000] {taskinstance.py:1660} INFO - Exporting env vars: AIRFLOW_CTX_DAG_OWNER='FIRDAVS' AIRFLOW_CTX_DAG_ID='reports_workflow' AIRFLOW_CTX_TASK_ID='id_task_get_emails' AIRFLOW_CTX_EXECUTION_DATE='2024-07-02T10:30:00+00:00' AIRFLOW_CTX_TRY_NUMBER='1' AIRFLOW_CTX_DAG_RUN_ID='scheduled__2024-07-02T10:30:00+00:00'
[2024-07-03T12:05:11.179+0000] {logging_mixin.py:151} INFO - path of config file:  /opt/***
[2024-07-03T12:05:11.183+0000] {logging_mixin.py:151} INFO - #>2024-07-03 12:05:11.183433_User@StatDep: EmailRobot in screated.
[2024-07-03T12:05:11.183+0000] {logging_mixin.py:151} INFO - #>2024-07-03 12:05:11.183663_User@StatDep: get_for_recent_emails is started...
[2024-07-03T12:05:11.183+0000] {logging_mixin.py:151} INFO - #>2024-07-03 12:05:11.183807_User@StatDep: pop3_fetch_emails isstarted...
[2024-07-03T12:05:11.595+0000] {logging_mixin.py:151} INFO -    b'+OK'
[2024-07-03T12:05:12.029+0000] {logging_mixin.py:151} INFO -    mailbox have 1 emails and the robot can process 10
[2024-07-03T12:05:12.455+0000] {logging_mixin.py:151} INFO -    #>2024-07-03 12:05:12.455395_conneciton to db is set.
[2024-07-03T12:05:12.463+0000] {taskinstance.py:1943} ERROR - Task failed with exception
Traceback (most recent call last):
  File "/home/airflow/.local/lib/python3.8/site-packages/airflow/operators/python.py", line 192, in execute
    return_value = self.execute_callable()
  File "/home/airflow/.local/lib/python3.8/site-packages/airflow/operators/python.py", line 209, in execute_callable
    return self.python_callable(*self.op_args, **self.op_kwargs)
  File "/opt/airflow/dags/dag_email_robot.py", line 25, in get_emails
    robot.fetch_emails()
  File "/opt/airflow/dags/emailRobot.py", line 62, in fetch_emails
    return self.pop3_fetch_emails()
  File "/opt/airflow/dags/emailRobot.py", line 156, in pop3_fetch_emails
    cursor.execute (query, insert_values)
psycopg2.errors.UndefinedTable: relation "sma_stat_dep.tbl_file_upload" does not exist
LINE 1: ...) AS (INSERT INTO                                 sma_stat_d...
                                                             ^

[2024-07-03T12:05:12.488+0000] {taskinstance.py:1400} INFO - Marking task as FAILED. dag_id=reports_workflow, task_id=id_task_get_emails, execution_date=20240702T103000, start_date=20240703T120510, end_date=20240703T120512
[2024-07-03T12:05:12.558+0000] {standard_task_runner.py:104} ERROR - Failed to execute job 812 for task id_task_get_emails (relation "sma_stat_dep.tbl_file_upload" does not exist
LINE 1: ...) AS (INSERT INTO                                 sma_stat_d...
                                                             ^
; 23404)
[2024-07-03T12:05:12.596+0000] {local_task_job_runner.py:228} INFO - Task exited with return code 1
[2024-07-03T12:05:12.620+0000] {taskinstance.py:2784} INFO - 0 downstream tasks scheduled from follow-on schedule check
[2024-07-03T12:23:47.689+0000] {taskinstance.py:1159} INFO - Dependencies all met for dep_context=non-requeueable deps ti=<TaskInstance: reports_workflow.id_task_get_emails scheduled__2024-07-02T10:30:00+00:00 [queued]>
[2024-07-03T12:23:47.698+0000] {taskinstance.py:1159} INFO - Dependencies all met for dep_context=requeueable deps ti=<TaskInstance: reports_workflow.id_task_get_emails scheduled__2024-07-02T10:30:00+00:00 [queued]>
[2024-07-03T12:23:47.698+0000] {taskinstance.py:1361} INFO - Starting attempt 1 of 1
[2024-07-03T12:23:47.709+0000] {taskinstance.py:1382} INFO - Executing <Task(PythonOperator): id_task_get_emails> on 2024-07-02 10:30:00+00:00
[2024-07-03T12:23:47.716+0000] {standard_task_runner.py:57} INFO - Started process 24327 to run task
[2024-07-03T12:23:47.720+0000] {standard_task_runner.py:84} INFO - Running: ['***', 'tasks', 'run', 'reports_workflow', 'id_task_get_emails', 'scheduled__2024-07-02T10:30:00+00:00', '--job-id', '1133', '--raw', '--subdir', 'DAGS_FOLDER/dag_email_robot.py', '--cfg-path', '/tmp/tmpy632hf3w']
[2024-07-03T12:23:47.721+0000] {standard_task_runner.py:85} INFO - Job 1133: Subtask id_task_get_emails
[2024-07-03T12:23:47.777+0000] {task_command.py:415} INFO - Running <TaskInstance: reports_workflow.id_task_get_emails scheduled__2024-07-02T10:30:00+00:00 [running]> on host 6f4ef5488251
[2024-07-03T12:23:47.866+0000] {taskinstance.py:1660} INFO - Exporting env vars: AIRFLOW_CTX_DAG_OWNER='FIRDAVS' AIRFLOW_CTX_DAG_ID='reports_workflow' AIRFLOW_CTX_TASK_ID='id_task_get_emails' AIRFLOW_CTX_EXECUTION_DATE='2024-07-02T10:30:00+00:00' AIRFLOW_CTX_TRY_NUMBER='1' AIRFLOW_CTX_DAG_RUN_ID='scheduled__2024-07-02T10:30:00+00:00'
[2024-07-03T12:23:47.869+0000] {logging_mixin.py:151} INFO - path of config file:  /opt/***
[2024-07-03T12:23:47.869+0000] {logging_mixin.py:151} INFO - #>2024-07-03 12:23:47.869687_User@StatDep: EmailRobot in screated.
[2024-07-03T12:23:47.869+0000] {logging_mixin.py:151} INFO - #>2024-07-03 12:23:47.869860_User@StatDep: get_for_recent_emails is started...
[2024-07-03T12:23:47.870+0000] {logging_mixin.py:151} INFO - #>2024-07-03 12:23:47.869995_User@StatDep: pop3_fetch_emails isstarted...
[2024-07-03T12:23:48.234+0000] {logging_mixin.py:151} INFO -    b'+OK'
[2024-07-03T12:23:48.517+0000] {logging_mixin.py:151} INFO -    mailbox have 0 emails and the robot can process 10
[2024-07-03T12:23:48.517+0000] {logging_mixin.py:151} INFO - #>2024-07-03 12:23:48.517749_User@StatDep: no emails to process, exiting pop3_fetch_emails()...
[2024-07-03T12:23:48.518+0000] {python.py:194} INFO - Done. Returned value was: True
[2024-07-03T12:23:48.553+0000] {taskinstance.py:1400} INFO - Marking task as SUCCESS. dag_id=reports_workflow, task_id=id_task_get_emails, execution_date=20240702T103000, start_date=20240703T122347, end_date=20240703T122348
[2024-07-03T12:23:48.578+0000] {local_task_job_runner.py:228} INFO - Task exited with return code 0
[2024-07-03T12:23:48.608+0000] {taskinstance.py:2784} INFO - 1 downstream tasks scheduled from follow-on schedule check
