[2024-07-02T11:34:22.781+0000] {taskinstance.py:1159} INFO - Dependencies all met for dep_context=non-requeueable deps ti=<TaskInstance: dag_with_python_dependencies_v05.get_hello scheduled__2024-07-01T11:05:00+00:00 [queued]>
[2024-07-02T11:34:22.801+0000] {taskinstance.py:1159} INFO - Dependencies all met for dep_context=requeueable deps ti=<TaskInstance: dag_with_python_dependencies_v05.get_hello scheduled__2024-07-01T11:05:00+00:00 [queued]>
[2024-07-02T11:34:22.802+0000] {taskinstance.py:1361} INFO - Starting attempt 1 of 1
[2024-07-02T11:34:22.845+0000] {taskinstance.py:1382} INFO - Executing <Task(PythonOperator): get_hello> on 2024-07-01 11:05:00+00:00
[2024-07-02T11:34:22.851+0000] {standard_task_runner.py:57} INFO - Started process 1057 to run task
[2024-07-02T11:34:22.877+0000] {standard_task_runner.py:84} INFO - Running: ['***', 'tasks', 'run', 'dag_with_python_dependencies_v05', 'get_hello', 'scheduled__2024-07-01T11:05:00+00:00', '--job-id', '134', '--raw', '--subdir', 'DAGS_FOLDER/a_dependancy_check.py', '--cfg-path', '/tmp/tmplxzjvdgh']
[2024-07-02T11:34:22.892+0000] {standard_task_runner.py:85} INFO - Job 134: Subtask get_hello
[2024-07-02T11:34:23.008+0000] {task_command.py:415} INFO - Running <TaskInstance: dag_with_python_dependencies_v05.get_hello scheduled__2024-07-01T11:05:00+00:00 [running]> on host cce0ef517559
[2024-07-02T11:34:23.207+0000] {taskinstance.py:1660} INFO - Exporting env vars: AIRFLOW_CTX_DAG_OWNER='coder2j' AIRFLOW_CTX_DAG_ID='dag_with_python_dependencies_v05' AIRFLOW_CTX_TASK_ID='get_hello' AIRFLOW_CTX_EXECUTION_DATE='2024-07-01T11:05:00+00:00' AIRFLOW_CTX_TRY_NUMBER='1' AIRFLOW_CTX_DAG_RUN_ID='scheduled__2024-07-01T11:05:00+00:00'
[2024-07-02T11:34:23.212+0000] {taskinstance.py:1943} ERROR - Task failed with exception
Traceback (most recent call last):
  File "/opt/airflow/dags/a_dependancy_check.py", line 23, in get_hello
    connection = psycopg2.connect(user="docker",
  File "/home/airflow/.local/lib/python3.8/site-packages/psycopg2/__init__.py", line 122, in connect
    conn = _connect(dsn, connection_factory=connection_factory, **kwasync)
psycopg2.OperationalError: could not translate host name "posql-postgres_omor-1" to address: Name or service not known


During handling of the above exception, another exception occurred:

Traceback (most recent call last):
  File "/home/airflow/.local/lib/python3.8/site-packages/airflow/operators/python.py", line 192, in execute
    return_value = self.execute_callable()
  File "/home/airflow/.local/lib/python3.8/site-packages/airflow/operators/python.py", line 209, in execute_callable
    return self.python_callable(*self.op_args, **self.op_kwargs)
  File "/opt/airflow/dags/a_dependancy_check.py", line 273, in get_hello
    if connection:
UnboundLocalError: local variable 'connection' referenced before assignment
[2024-07-02T11:34:23.241+0000] {taskinstance.py:1400} INFO - Marking task as FAILED. dag_id=dag_with_python_dependencies_v05, task_id=get_hello, execution_date=20240701T110500, start_date=20240702T113422, end_date=20240702T113423
[2024-07-02T11:34:23.267+0000] {standard_task_runner.py:104} ERROR - Failed to execute job 134 for task get_hello (local variable 'connection' referenced before assignment; 1057)
[2024-07-02T11:34:23.332+0000] {local_task_job_runner.py:228} INFO - Task exited with return code 1
[2024-07-02T11:34:23.438+0000] {taskinstance.py:2784} INFO - 0 downstream tasks scheduled from follow-on schedule check
