[2024-07-03T09:59:06.923+0000] {taskinstance.py:1159} INFO - Dependencies all met for dep_context=non-requeueable deps ti=<TaskInstance: reports_workflow.id_task_get_emails scheduled__2024-07-03T01:35:00+00:00 [queued]>
[2024-07-03T09:59:06.931+0000] {taskinstance.py:1159} INFO - Dependencies all met for dep_context=requeueable deps ti=<TaskInstance: reports_workflow.id_task_get_emails scheduled__2024-07-03T01:35:00+00:00 [queued]>
[2024-07-03T09:59:06.931+0000] {taskinstance.py:1361} INFO - Starting attempt 1 of 1
[2024-07-03T09:59:07.001+0000] {taskinstance.py:1382} INFO - Executing <Task(PythonOperator): id_task_get_emails> on 2024-07-03 01:35:00+00:00
[2024-07-03T09:59:07.009+0000] {standard_task_runner.py:57} INFO - Started process 20971 to run task
[2024-07-03T09:59:07.015+0000] {standard_task_runner.py:84} INFO - Running: ['***', 'tasks', 'run', 'reports_workflow', 'id_task_get_emails', 'scheduled__2024-07-03T01:35:00+00:00', '--job-id', '554', '--raw', '--subdir', 'DAGS_FOLDER/dag_email_robot.py', '--cfg-path', '/tmp/tmp73t1w9b8']
[2024-07-03T09:59:07.018+0000] {standard_task_runner.py:85} INFO - Job 554: Subtask id_task_get_emails
[2024-07-03T09:59:07.143+0000] {task_command.py:415} INFO - Running <TaskInstance: reports_workflow.id_task_get_emails scheduled__2024-07-03T01:35:00+00:00 [running]> on host 6f4ef5488251
[2024-07-03T09:59:07.354+0000] {taskinstance.py:1660} INFO - Exporting env vars: AIRFLOW_CTX_DAG_OWNER='FIRDAVS' AIRFLOW_CTX_DAG_ID='reports_workflow' AIRFLOW_CTX_TASK_ID='id_task_get_emails' AIRFLOW_CTX_EXECUTION_DATE='2024-07-03T01:35:00+00:00' AIRFLOW_CTX_TRY_NUMBER='1' AIRFLOW_CTX_DAG_RUN_ID='scheduled__2024-07-03T01:35:00+00:00'
[2024-07-03T09:59:07.355+0000] {logging_mixin.py:151} INFO - path of config file:  /opt/***
[2024-07-03T09:59:07.355+0000] {logging_mixin.py:151} INFO - #>2024-07-03 09:59:07.355651_User@StatDep: EmailRobot in screated.
[2024-07-03T09:59:07.355+0000] {logging_mixin.py:151} INFO - #>2024-07-03 09:59:07.355826_User@StatDep: get_for_recent_emails is started...
[2024-07-03T09:59:07.355+0000] {logging_mixin.py:151} INFO - #>2024-07-03 09:59:07.355957_User@StatDep: pop3_fetch_emails isstarted...
[2024-07-03T09:59:07.759+0000] {logging_mixin.py:151} INFO -    b'+OK'
[2024-07-03T09:59:08.154+0000] {logging_mixin.py:151} INFO -    mailbox have 0 emails and the robot can process 10
[2024-07-03T09:59:08.154+0000] {logging_mixin.py:151} INFO - #>2024-07-03 09:59:08.154869_User@StatDep: no emails to process, exiting pop3_fetch_emails()...
[2024-07-03T09:59:08.155+0000] {python.py:194} INFO - Done. Returned value was: True
[2024-07-03T09:59:08.304+0000] {taskinstance.py:1400} INFO - Marking task as SUCCESS. dag_id=reports_workflow, task_id=id_task_get_emails, execution_date=20240703T013500, start_date=20240703T095906, end_date=20240703T095908
[2024-07-03T09:59:08.360+0000] {local_task_job_runner.py:228} INFO - Task exited with return code 0
[2024-07-03T09:59:08.392+0000] {taskinstance.py:2784} INFO - 0 downstream tasks scheduled from follow-on schedule check
[2024-07-03T13:39:31.146+0000] {taskinstance.py:1159} INFO - Dependencies all met for dep_context=non-requeueable deps ti=<TaskInstance: reports_workflow.id_task_get_emails scheduled__2024-07-03T01:35:00+00:00 [queued]>
[2024-07-03T13:39:31.160+0000] {taskinstance.py:1159} INFO - Dependencies all met for dep_context=requeueable deps ti=<TaskInstance: reports_workflow.id_task_get_emails scheduled__2024-07-03T01:35:00+00:00 [queued]>
[2024-07-03T13:39:31.160+0000] {taskinstance.py:1361} INFO - Starting attempt 1 of 1
[2024-07-03T13:39:31.179+0000] {taskinstance.py:1382} INFO - Executing <Task(PythonOperator): id_task_get_emails> on 2024-07-03 01:35:00+00:00
[2024-07-03T13:39:31.190+0000] {standard_task_runner.py:57} INFO - Started process 26207 to run task
[2024-07-03T13:39:31.194+0000] {standard_task_runner.py:84} INFO - Running: ['***', 'tasks', 'run', 'reports_workflow', 'id_task_get_emails', 'scheduled__2024-07-03T01:35:00+00:00', '--job-id', '1499', '--raw', '--subdir', 'DAGS_FOLDER/dag_email_robot.py', '--cfg-path', '/tmp/tmpse3e12ht']
[2024-07-03T13:39:31.197+0000] {standard_task_runner.py:85} INFO - Job 1499: Subtask id_task_get_emails
[2024-07-03T13:39:31.295+0000] {task_command.py:415} INFO - Running <TaskInstance: reports_workflow.id_task_get_emails scheduled__2024-07-03T01:35:00+00:00 [running]> on host 6f4ef5488251
[2024-07-03T13:39:31.400+0000] {taskinstance.py:1660} INFO - Exporting env vars: AIRFLOW_CTX_DAG_OWNER='FIRDAVS' AIRFLOW_CTX_DAG_ID='reports_workflow' AIRFLOW_CTX_TASK_ID='id_task_get_emails' AIRFLOW_CTX_EXECUTION_DATE='2024-07-03T01:35:00+00:00' AIRFLOW_CTX_TRY_NUMBER='1' AIRFLOW_CTX_DAG_RUN_ID='scheduled__2024-07-03T01:35:00+00:00'
[2024-07-03T13:39:31.401+0000] {logging_mixin.py:151} INFO - path of config file:  /opt/***
[2024-07-03T13:39:31.402+0000] {logging_mixin.py:151} INFO - #>2024-07-03 13:39:31.402008_User@StatDep: EmailRobot in screated.
[2024-07-03T13:39:31.405+0000] {logging_mixin.py:151} INFO - #>2024-07-03 13:39:31.405753_User@StatDep: get_for_recent_emails is started...
[2024-07-03T13:39:31.405+0000] {logging_mixin.py:151} INFO - #>2024-07-03 13:39:31.405910_User@StatDep: pop3_fetch_emails isstarted...
[2024-07-03T13:39:31.815+0000] {logging_mixin.py:151} INFO -    b'+OK'
[2024-07-03T13:39:32.113+0000] {logging_mixin.py:151} INFO -    mailbox have 0 emails and the robot can process 10
[2024-07-03T13:39:32.113+0000] {logging_mixin.py:151} INFO - #>2024-07-03 13:39:32.113701_User@StatDep: no emails to process, exiting pop3_fetch_emails()...
[2024-07-03T13:39:32.114+0000] {python.py:194} INFO - Done. Returned value was: True
[2024-07-03T13:39:32.146+0000] {taskinstance.py:1400} INFO - Marking task as SUCCESS. dag_id=reports_workflow, task_id=id_task_get_emails, execution_date=20240703T013500, start_date=20240703T133931, end_date=20240703T133932
[2024-07-03T13:39:32.214+0000] {local_task_job_runner.py:228} INFO - Task exited with return code 0
[2024-07-03T13:39:32.238+0000] {taskinstance.py:2784} INFO - 1 downstream tasks scheduled from follow-on schedule check
