[2024-07-03T09:56:57.359+0000] {taskinstance.py:1159} INFO - Dependencies all met for dep_context=non-requeueable deps ti=<TaskInstance: reports_workflow.id_task_get_emails scheduled__2024-07-02T03:55:00+00:00 [queued]>
[2024-07-03T09:56:57.371+0000] {taskinstance.py:1159} INFO - Dependencies all met for dep_context=requeueable deps ti=<TaskInstance: reports_workflow.id_task_get_emails scheduled__2024-07-02T03:55:00+00:00 [queued]>
[2024-07-03T09:56:57.371+0000] {taskinstance.py:1361} INFO - Starting attempt 1 of 1
[2024-07-03T09:56:57.389+0000] {taskinstance.py:1382} INFO - Executing <Task(PythonOperator): id_task_get_emails> on 2024-07-02 03:55:00+00:00
[2024-07-03T09:56:57.405+0000] {standard_task_runner.py:57} INFO - Started process 20416 to run task
[2024-07-03T09:56:57.416+0000] {standard_task_runner.py:84} INFO - Running: ['***', 'tasks', 'run', 'reports_workflow', 'id_task_get_emails', 'scheduled__2024-07-02T03:55:00+00:00', '--job-id', '290', '--raw', '--subdir', 'DAGS_FOLDER/dag_email_robot.py', '--cfg-path', '/tmp/tmp563enief']
[2024-07-03T09:56:57.418+0000] {standard_task_runner.py:85} INFO - Job 290: Subtask id_task_get_emails
[2024-07-03T09:56:57.536+0000] {task_command.py:415} INFO - Running <TaskInstance: reports_workflow.id_task_get_emails scheduled__2024-07-02T03:55:00+00:00 [running]> on host 6f4ef5488251
[2024-07-03T09:56:57.693+0000] {taskinstance.py:1660} INFO - Exporting env vars: AIRFLOW_CTX_DAG_OWNER='FIRDAVS' AIRFLOW_CTX_DAG_ID='reports_workflow' AIRFLOW_CTX_TASK_ID='id_task_get_emails' AIRFLOW_CTX_EXECUTION_DATE='2024-07-02T03:55:00+00:00' AIRFLOW_CTX_TRY_NUMBER='1' AIRFLOW_CTX_DAG_RUN_ID='scheduled__2024-07-02T03:55:00+00:00'
[2024-07-03T09:56:57.694+0000] {logging_mixin.py:151} INFO - path of config file:  /opt/***
[2024-07-03T09:56:57.698+0000] {taskinstance.py:1943} ERROR - Task failed with exception
Traceback (most recent call last):
  File "/home/airflow/.local/lib/python3.8/site-packages/airflow/operators/python.py", line 192, in execute
    return_value = self.execute_callable()
  File "/home/airflow/.local/lib/python3.8/site-packages/airflow/operators/python.py", line 209, in execute_callable
    return self.python_callable(*self.op_args, **self.op_kwargs)
  File "/opt/airflow/dags/dag_email_robot.py", line 22, in get_emails
    email_conf = json.load (open(path / ("config/email_conf.json")))
NameError: name 'json' is not defined
[2024-07-03T09:56:57.721+0000] {taskinstance.py:1400} INFO - Marking task as FAILED. dag_id=reports_workflow, task_id=id_task_get_emails, execution_date=20240702T035500, start_date=20240703T095657, end_date=20240703T095657
[2024-07-03T09:56:57.753+0000] {standard_task_runner.py:104} ERROR - Failed to execute job 290 for task id_task_get_emails (name 'json' is not defined; 20416)
[2024-07-03T09:56:57.791+0000] {local_task_job_runner.py:228} INFO - Task exited with return code 1
[2024-07-03T09:56:57.842+0000] {taskinstance.py:2784} INFO - 0 downstream tasks scheduled from follow-on schedule check
[2024-07-03T12:04:33.874+0000] {taskinstance.py:1159} INFO - Dependencies all met for dep_context=non-requeueable deps ti=<TaskInstance: reports_workflow.id_task_get_emails scheduled__2024-07-02T03:55:00+00:00 [queued]>
[2024-07-03T12:04:33.890+0000] {taskinstance.py:1159} INFO - Dependencies all met for dep_context=requeueable deps ti=<TaskInstance: reports_workflow.id_task_get_emails scheduled__2024-07-02T03:55:00+00:00 [queued]>
[2024-07-03T12:04:33.891+0000] {taskinstance.py:1361} INFO - Starting attempt 1 of 1
[2024-07-03T12:04:33.903+0000] {taskinstance.py:1382} INFO - Executing <Task(PythonOperator): id_task_get_emails> on 2024-07-02 03:55:00+00:00
[2024-07-03T12:04:33.908+0000] {standard_task_runner.py:57} INFO - Started process 23236 to run task
[2024-07-03T12:04:33.912+0000] {standard_task_runner.py:84} INFO - Running: ['***', 'tasks', 'run', 'reports_workflow', 'id_task_get_emails', 'scheduled__2024-07-02T03:55:00+00:00', '--job-id', '733', '--raw', '--subdir', 'DAGS_FOLDER/dag_email_robot.py', '--cfg-path', '/tmp/tmpw4p7u9ir']
[2024-07-03T12:04:33.913+0000] {standard_task_runner.py:85} INFO - Job 733: Subtask id_task_get_emails
[2024-07-03T12:04:33.973+0000] {task_command.py:415} INFO - Running <TaskInstance: reports_workflow.id_task_get_emails scheduled__2024-07-02T03:55:00+00:00 [running]> on host 6f4ef5488251
[2024-07-03T12:04:34.059+0000] {taskinstance.py:1660} INFO - Exporting env vars: AIRFLOW_CTX_DAG_OWNER='FIRDAVS' AIRFLOW_CTX_DAG_ID='reports_workflow' AIRFLOW_CTX_TASK_ID='id_task_get_emails' AIRFLOW_CTX_EXECUTION_DATE='2024-07-02T03:55:00+00:00' AIRFLOW_CTX_TRY_NUMBER='1' AIRFLOW_CTX_DAG_RUN_ID='scheduled__2024-07-02T03:55:00+00:00'
[2024-07-03T12:04:34.061+0000] {logging_mixin.py:151} INFO - path of config file:  /opt/***
[2024-07-03T12:04:34.061+0000] {logging_mixin.py:151} INFO - #>2024-07-03 12:04:34.061785_User@StatDep: EmailRobot in screated.
[2024-07-03T12:04:34.062+0000] {logging_mixin.py:151} INFO - #>2024-07-03 12:04:34.062012_User@StatDep: get_for_recent_emails is started...
[2024-07-03T12:04:34.062+0000] {logging_mixin.py:151} INFO - #>2024-07-03 12:04:34.062147_User@StatDep: pop3_fetch_emails isstarted...
[2024-07-03T12:04:34.414+0000] {logging_mixin.py:151} INFO -    b'+OK'
[2024-07-03T12:04:34.806+0000] {logging_mixin.py:151} INFO -    mailbox have 1 emails and the robot can process 10
[2024-07-03T12:04:35.225+0000] {logging_mixin.py:151} INFO -    #>2024-07-03 12:04:35.225637_conneciton to db is set.
[2024-07-03T12:04:35.232+0000] {taskinstance.py:1943} ERROR - Task failed with exception
Traceback (most recent call last):
  File "/home/airflow/.local/lib/python3.8/site-packages/airflow/operators/python.py", line 192, in execute
    return_value = self.execute_callable()
  File "/home/airflow/.local/lib/python3.8/site-packages/airflow/operators/python.py", line 209, in execute_callable
    return self.python_callable(*self.op_args, **self.op_kwargs)
  File "/opt/airflow/dags/dag_email_robot.py", line 25, in get_emails
    robot.fetch_emails()
  File "/opt/airflow/dags/emailRobot.py", line 62, in fetch_emails
    return self.pop3_fetch_emails()
  File "/opt/airflow/dags/emailRobot.py", line 156, in pop3_fetch_emails
    cursor.execute (query, insert_values)
psycopg2.errors.UndefinedTable: relation "sma_stat_dep.tbl_file_upload" does not exist
LINE 1: ...) AS (INSERT INTO                                 sma_stat_d...
                                                             ^

[2024-07-03T12:04:35.248+0000] {taskinstance.py:1400} INFO - Marking task as FAILED. dag_id=reports_workflow, task_id=id_task_get_emails, execution_date=20240702T035500, start_date=20240703T120433, end_date=20240703T120435
[2024-07-03T12:04:35.263+0000] {standard_task_runner.py:104} ERROR - Failed to execute job 733 for task id_task_get_emails (relation "sma_stat_dep.tbl_file_upload" does not exist
LINE 1: ...) AS (INSERT INTO                                 sma_stat_d...
                                                             ^
; 23236)
[2024-07-03T12:04:35.303+0000] {local_task_job_runner.py:228} INFO - Task exited with return code 1
[2024-07-03T12:04:35.348+0000] {taskinstance.py:2784} INFO - 0 downstream tasks scheduled from follow-on schedule check
[2024-07-03T12:21:30.288+0000] {taskinstance.py:1159} INFO - Dependencies all met for dep_context=non-requeueable deps ti=<TaskInstance: reports_workflow.id_task_get_emails scheduled__2024-07-02T03:55:00+00:00 [queued]>
[2024-07-03T12:21:30.322+0000] {taskinstance.py:1159} INFO - Dependencies all met for dep_context=requeueable deps ti=<TaskInstance: reports_workflow.id_task_get_emails scheduled__2024-07-02T03:55:00+00:00 [queued]>
[2024-07-03T12:21:30.322+0000] {taskinstance.py:1361} INFO - Starting attempt 1 of 1
[2024-07-03T12:21:30.353+0000] {taskinstance.py:1382} INFO - Executing <Task(PythonOperator): id_task_get_emails> on 2024-07-02 03:55:00+00:00
[2024-07-03T12:21:30.358+0000] {standard_task_runner.py:57} INFO - Started process 23993 to run task
[2024-07-03T12:21:30.411+0000] {standard_task_runner.py:84} INFO - Running: ['***', 'tasks', 'run', 'reports_workflow', 'id_task_get_emails', 'scheduled__2024-07-02T03:55:00+00:00', '--job-id', '979', '--raw', '--subdir', 'DAGS_FOLDER/dag_email_robot.py', '--cfg-path', '/tmp/tmpmi75b9fa']
[2024-07-03T12:21:30.412+0000] {standard_task_runner.py:85} INFO - Job 979: Subtask id_task_get_emails
[2024-07-03T12:21:30.610+0000] {task_command.py:415} INFO - Running <TaskInstance: reports_workflow.id_task_get_emails scheduled__2024-07-02T03:55:00+00:00 [running]> on host 6f4ef5488251
[2024-07-03T12:21:30.896+0000] {taskinstance.py:1660} INFO - Exporting env vars: AIRFLOW_CTX_DAG_OWNER='FIRDAVS' AIRFLOW_CTX_DAG_ID='reports_workflow' AIRFLOW_CTX_TASK_ID='id_task_get_emails' AIRFLOW_CTX_EXECUTION_DATE='2024-07-02T03:55:00+00:00' AIRFLOW_CTX_TRY_NUMBER='1' AIRFLOW_CTX_DAG_RUN_ID='scheduled__2024-07-02T03:55:00+00:00'
[2024-07-03T12:21:30.897+0000] {logging_mixin.py:151} INFO - path of config file:  /opt/***
[2024-07-03T12:21:30.897+0000] {logging_mixin.py:151} INFO - #>2024-07-03 12:21:30.897627_User@StatDep: EmailRobot in screated.
[2024-07-03T12:21:30.897+0000] {logging_mixin.py:151} INFO - #>2024-07-03 12:21:30.897837_User@StatDep: get_for_recent_emails is started...
[2024-07-03T12:21:30.898+0000] {logging_mixin.py:151} INFO - #>2024-07-03 12:21:30.897980_User@StatDep: pop3_fetch_emails isstarted...
[2024-07-03T12:21:31.299+0000] {logging_mixin.py:151} INFO -    b'+OK'
[2024-07-03T12:21:31.654+0000] {logging_mixin.py:151} INFO -    mailbox have 0 emails and the robot can process 10
[2024-07-03T12:21:31.654+0000] {logging_mixin.py:151} INFO - #>2024-07-03 12:21:31.654597_User@StatDep: no emails to process, exiting pop3_fetch_emails()...
[2024-07-03T12:21:31.655+0000] {python.py:194} INFO - Done. Returned value was: True
[2024-07-03T12:21:31.706+0000] {taskinstance.py:1400} INFO - Marking task as SUCCESS. dag_id=reports_workflow, task_id=id_task_get_emails, execution_date=20240702T035500, start_date=20240703T122130, end_date=20240703T122131
[2024-07-03T12:21:31.768+0000] {local_task_job_runner.py:228} INFO - Task exited with return code 0
[2024-07-03T12:21:31.843+0000] {taskinstance.py:2784} INFO - 1 downstream tasks scheduled from follow-on schedule check
