[2024-07-03T09:59:36.436+0000] {taskinstance.py:1159} INFO - Dependencies all met for dep_context=non-requeueable deps ti=<TaskInstance: reports_workflow.id_task_get_emails scheduled__2024-07-03T05:15:00+00:00 [queued]>
[2024-07-03T09:59:36.444+0000] {taskinstance.py:1159} INFO - Dependencies all met for dep_context=requeueable deps ti=<TaskInstance: reports_workflow.id_task_get_emails scheduled__2024-07-03T05:15:00+00:00 [queued]>
[2024-07-03T09:59:36.444+0000] {taskinstance.py:1361} INFO - Starting attempt 1 of 1
[2024-07-03T09:59:36.522+0000] {taskinstance.py:1382} INFO - Executing <Task(PythonOperator): id_task_get_emails> on 2024-07-03 05:15:00+00:00
[2024-07-03T09:59:36.528+0000] {standard_task_runner.py:57} INFO - Started process 21067 to run task
[2024-07-03T09:59:36.534+0000] {standard_task_runner.py:84} INFO - Running: ['***', 'tasks', 'run', 'reports_workflow', 'id_task_get_emails', 'scheduled__2024-07-03T05:15:00+00:00', '--job-id', '598', '--raw', '--subdir', 'DAGS_FOLDER/dag_email_robot.py', '--cfg-path', '/tmp/tmpdgfyucwd']
[2024-07-03T09:59:36.535+0000] {standard_task_runner.py:85} INFO - Job 598: Subtask id_task_get_emails
[2024-07-03T09:59:36.770+0000] {task_command.py:415} INFO - Running <TaskInstance: reports_workflow.id_task_get_emails scheduled__2024-07-03T05:15:00+00:00 [running]> on host 6f4ef5488251
[2024-07-03T09:59:37.981+0000] {taskinstance.py:1660} INFO - Exporting env vars: AIRFLOW_CTX_DAG_OWNER='FIRDAVS' AIRFLOW_CTX_DAG_ID='reports_workflow' AIRFLOW_CTX_TASK_ID='id_task_get_emails' AIRFLOW_CTX_EXECUTION_DATE='2024-07-03T05:15:00+00:00' AIRFLOW_CTX_TRY_NUMBER='1' AIRFLOW_CTX_DAG_RUN_ID='scheduled__2024-07-03T05:15:00+00:00'
[2024-07-03T09:59:37.983+0000] {logging_mixin.py:151} INFO - path of config file:  /opt/***
[2024-07-03T09:59:37.985+0000] {logging_mixin.py:151} INFO - #>2024-07-03 09:59:37.985117_User@StatDep: EmailRobot in screated.
[2024-07-03T09:59:37.985+0000] {logging_mixin.py:151} INFO - #>2024-07-03 09:59:37.985621_User@StatDep: get_for_recent_emails is started...
[2024-07-03T09:59:37.986+0000] {logging_mixin.py:151} INFO - #>2024-07-03 09:59:37.985992_User@StatDep: pop3_fetch_emails isstarted...
[2024-07-03T09:59:38.379+0000] {logging_mixin.py:151} INFO -    b'+OK'
[2024-07-03T09:59:38.732+0000] {logging_mixin.py:151} INFO -    mailbox have 0 emails and the robot can process 10
[2024-07-03T09:59:38.733+0000] {logging_mixin.py:151} INFO - #>2024-07-03 09:59:38.733203_User@StatDep: no emails to process, exiting pop3_fetch_emails()...
[2024-07-03T09:59:38.734+0000] {python.py:194} INFO - Done. Returned value was: True
[2024-07-03T09:59:38.786+0000] {taskinstance.py:1400} INFO - Marking task as SUCCESS. dag_id=reports_workflow, task_id=id_task_get_emails, execution_date=20240703T051500, start_date=20240703T095936, end_date=20240703T095938
[2024-07-03T09:59:38.874+0000] {local_task_job_runner.py:228} INFO - Task exited with return code 0
[2024-07-03T09:59:38.904+0000] {taskinstance.py:2784} INFO - 0 downstream tasks scheduled from follow-on schedule check
[2024-07-03T13:40:10.522+0000] {taskinstance.py:1159} INFO - Dependencies all met for dep_context=non-requeueable deps ti=<TaskInstance: reports_workflow.id_task_get_emails scheduled__2024-07-03T05:15:00+00:00 [queued]>
[2024-07-03T13:40:10.535+0000] {taskinstance.py:1159} INFO - Dependencies all met for dep_context=requeueable deps ti=<TaskInstance: reports_workflow.id_task_get_emails scheduled__2024-07-03T05:15:00+00:00 [queued]>
[2024-07-03T13:40:10.535+0000] {taskinstance.py:1361} INFO - Starting attempt 1 of 1
[2024-07-03T13:40:10.565+0000] {taskinstance.py:1382} INFO - Executing <Task(PythonOperator): id_task_get_emails> on 2024-07-03 05:15:00+00:00
[2024-07-03T13:40:10.577+0000] {standard_task_runner.py:57} INFO - Started process 26369 to run task
[2024-07-03T13:40:10.585+0000] {standard_task_runner.py:84} INFO - Running: ['***', 'tasks', 'run', 'reports_workflow', 'id_task_get_emails', 'scheduled__2024-07-03T05:15:00+00:00', '--job-id', '1577', '--raw', '--subdir', 'DAGS_FOLDER/dag_email_robot.py', '--cfg-path', '/tmp/tmpimz_k3az']
[2024-07-03T13:40:10.587+0000] {standard_task_runner.py:85} INFO - Job 1577: Subtask id_task_get_emails
[2024-07-03T13:40:10.733+0000] {task_command.py:415} INFO - Running <TaskInstance: reports_workflow.id_task_get_emails scheduled__2024-07-03T05:15:00+00:00 [running]> on host 6f4ef5488251
[2024-07-03T13:40:10.990+0000] {taskinstance.py:1660} INFO - Exporting env vars: AIRFLOW_CTX_DAG_OWNER='FIRDAVS' AIRFLOW_CTX_DAG_ID='reports_workflow' AIRFLOW_CTX_TASK_ID='id_task_get_emails' AIRFLOW_CTX_EXECUTION_DATE='2024-07-03T05:15:00+00:00' AIRFLOW_CTX_TRY_NUMBER='1' AIRFLOW_CTX_DAG_RUN_ID='scheduled__2024-07-03T05:15:00+00:00'
[2024-07-03T13:40:10.991+0000] {logging_mixin.py:151} INFO - path of config file:  /opt/***
[2024-07-03T13:40:10.992+0000] {logging_mixin.py:151} INFO - #>2024-07-03 13:40:10.992387_User@StatDep: EmailRobot in screated.
[2024-07-03T13:40:10.992+0000] {logging_mixin.py:151} INFO - #>2024-07-03 13:40:10.992588_User@StatDep: get_for_recent_emails is started...
[2024-07-03T13:40:10.992+0000] {logging_mixin.py:151} INFO - #>2024-07-03 13:40:10.992721_User@StatDep: pop3_fetch_emails isstarted...
[2024-07-03T13:40:11.369+0000] {logging_mixin.py:151} INFO -    b'+OK'
[2024-07-03T13:40:11.720+0000] {logging_mixin.py:151} INFO -    mailbox have 0 emails and the robot can process 10
[2024-07-03T13:40:11.720+0000] {logging_mixin.py:151} INFO - #>2024-07-03 13:40:11.720605_User@StatDep: no emails to process, exiting pop3_fetch_emails()...
[2024-07-03T13:40:11.721+0000] {python.py:194} INFO - Done. Returned value was: True
[2024-07-03T13:40:11.773+0000] {taskinstance.py:1400} INFO - Marking task as SUCCESS. dag_id=reports_workflow, task_id=id_task_get_emails, execution_date=20240703T051500, start_date=20240703T134010, end_date=20240703T134011
[2024-07-03T13:40:11.830+0000] {local_task_job_runner.py:228} INFO - Task exited with return code 0
[2024-07-03T13:40:11.894+0000] {taskinstance.py:2784} INFO - 1 downstream tasks scheduled from follow-on schedule check
