[2024-07-03T09:59:29.148+0000] {taskinstance.py:1159} INFO - Dependencies all met for dep_context=non-requeueable deps ti=<TaskInstance: reports_workflow.id_task_get_emails scheduled__2024-07-03T04:35:00+00:00 [queued]>
[2024-07-03T09:59:29.171+0000] {taskinstance.py:1159} INFO - Dependencies all met for dep_context=requeueable deps ti=<TaskInstance: reports_workflow.id_task_get_emails scheduled__2024-07-03T04:35:00+00:00 [queued]>
[2024-07-03T09:59:29.171+0000] {taskinstance.py:1361} INFO - Starting attempt 1 of 1
[2024-07-03T09:59:29.196+0000] {taskinstance.py:1382} INFO - Executing <Task(PythonOperator): id_task_get_emails> on 2024-07-03 04:35:00+00:00
[2024-07-03T09:59:29.221+0000] {standard_task_runner.py:57} INFO - Started process 21047 to run task
[2024-07-03T09:59:29.264+0000] {standard_task_runner.py:84} INFO - Running: ['***', 'tasks', 'run', 'reports_workflow', 'id_task_get_emails', 'scheduled__2024-07-03T04:35:00+00:00', '--job-id', '590', '--raw', '--subdir', 'DAGS_FOLDER/dag_email_robot.py', '--cfg-path', '/tmp/tmpf60s9v6i']
[2024-07-03T09:59:29.265+0000] {standard_task_runner.py:85} INFO - Job 590: Subtask id_task_get_emails
[2024-07-03T09:59:29.541+0000] {task_command.py:415} INFO - Running <TaskInstance: reports_workflow.id_task_get_emails scheduled__2024-07-03T04:35:00+00:00 [running]> on host 6f4ef5488251
[2024-07-03T09:59:29.903+0000] {taskinstance.py:1660} INFO - Exporting env vars: AIRFLOW_CTX_DAG_OWNER='FIRDAVS' AIRFLOW_CTX_DAG_ID='reports_workflow' AIRFLOW_CTX_TASK_ID='id_task_get_emails' AIRFLOW_CTX_EXECUTION_DATE='2024-07-03T04:35:00+00:00' AIRFLOW_CTX_TRY_NUMBER='1' AIRFLOW_CTX_DAG_RUN_ID='scheduled__2024-07-03T04:35:00+00:00'
[2024-07-03T09:59:29.904+0000] {logging_mixin.py:151} INFO - path of config file:  /opt/***
[2024-07-03T09:59:29.904+0000] {logging_mixin.py:151} INFO - #>2024-07-03 09:59:29.904605_User@StatDep: EmailRobot in screated.
[2024-07-03T09:59:29.904+0000] {logging_mixin.py:151} INFO - #>2024-07-03 09:59:29.904787_User@StatDep: get_for_recent_emails is started...
[2024-07-03T09:59:29.904+0000] {logging_mixin.py:151} INFO - #>2024-07-03 09:59:29.904911_User@StatDep: pop3_fetch_emails isstarted...
[2024-07-03T09:59:30.286+0000] {logging_mixin.py:151} INFO -    b'+OK'
[2024-07-03T09:59:30.647+0000] {logging_mixin.py:151} INFO -    mailbox have 0 emails and the robot can process 10
[2024-07-03T09:59:30.647+0000] {logging_mixin.py:151} INFO - #>2024-07-03 09:59:30.647340_User@StatDep: no emails to process, exiting pop3_fetch_emails()...
[2024-07-03T09:59:30.647+0000] {python.py:194} INFO - Done. Returned value was: True
[2024-07-03T09:59:30.675+0000] {taskinstance.py:1400} INFO - Marking task as SUCCESS. dag_id=reports_workflow, task_id=id_task_get_emails, execution_date=20240703T043500, start_date=20240703T095929, end_date=20240703T095930
[2024-07-03T09:59:30.699+0000] {local_task_job_runner.py:228} INFO - Task exited with return code 0
[2024-07-03T09:59:30.716+0000] {taskinstance.py:2784} INFO - 0 downstream tasks scheduled from follow-on schedule check
[2024-07-03T13:40:08.988+0000] {taskinstance.py:1159} INFO - Dependencies all met for dep_context=non-requeueable deps ti=<TaskInstance: reports_workflow.id_task_get_emails scheduled__2024-07-03T04:35:00+00:00 [queued]>
[2024-07-03T13:40:09.000+0000] {taskinstance.py:1159} INFO - Dependencies all met for dep_context=requeueable deps ti=<TaskInstance: reports_workflow.id_task_get_emails scheduled__2024-07-03T04:35:00+00:00 [queued]>
[2024-07-03T13:40:09.000+0000] {taskinstance.py:1361} INFO - Starting attempt 1 of 1
[2024-07-03T13:40:09.029+0000] {taskinstance.py:1382} INFO - Executing <Task(PythonOperator): id_task_get_emails> on 2024-07-03 04:35:00+00:00
[2024-07-03T13:40:09.036+0000] {standard_task_runner.py:57} INFO - Started process 26353 to run task
[2024-07-03T13:40:09.045+0000] {standard_task_runner.py:84} INFO - Running: ['***', 'tasks', 'run', 'reports_workflow', 'id_task_get_emails', 'scheduled__2024-07-03T04:35:00+00:00', '--job-id', '1569', '--raw', '--subdir', 'DAGS_FOLDER/dag_email_robot.py', '--cfg-path', '/tmp/tmpffysl5ys']
[2024-07-03T13:40:09.046+0000] {standard_task_runner.py:85} INFO - Job 1569: Subtask id_task_get_emails
[2024-07-03T13:40:09.125+0000] {task_command.py:415} INFO - Running <TaskInstance: reports_workflow.id_task_get_emails scheduled__2024-07-03T04:35:00+00:00 [running]> on host 6f4ef5488251
[2024-07-03T13:40:09.221+0000] {taskinstance.py:1660} INFO - Exporting env vars: AIRFLOW_CTX_DAG_OWNER='FIRDAVS' AIRFLOW_CTX_DAG_ID='reports_workflow' AIRFLOW_CTX_TASK_ID='id_task_get_emails' AIRFLOW_CTX_EXECUTION_DATE='2024-07-03T04:35:00+00:00' AIRFLOW_CTX_TRY_NUMBER='1' AIRFLOW_CTX_DAG_RUN_ID='scheduled__2024-07-03T04:35:00+00:00'
[2024-07-03T13:40:09.222+0000] {logging_mixin.py:151} INFO - path of config file:  /opt/***
[2024-07-03T13:40:09.222+0000] {logging_mixin.py:151} INFO - #>2024-07-03 13:40:09.222659_User@StatDep: EmailRobot in screated.
[2024-07-03T13:40:09.222+0000] {logging_mixin.py:151} INFO - #>2024-07-03 13:40:09.222846_User@StatDep: get_for_recent_emails is started...
[2024-07-03T13:40:09.223+0000] {logging_mixin.py:151} INFO - #>2024-07-03 13:40:09.222979_User@StatDep: pop3_fetch_emails isstarted...
[2024-07-03T13:40:09.606+0000] {logging_mixin.py:151} INFO -    b'+OK'
[2024-07-03T13:40:09.932+0000] {logging_mixin.py:151} INFO -    mailbox have 0 emails and the robot can process 10
[2024-07-03T13:40:09.933+0000] {logging_mixin.py:151} INFO - #>2024-07-03 13:40:09.933124_User@StatDep: no emails to process, exiting pop3_fetch_emails()...
[2024-07-03T13:40:09.933+0000] {python.py:194} INFO - Done. Returned value was: True
[2024-07-03T13:40:09.974+0000] {taskinstance.py:1400} INFO - Marking task as SUCCESS. dag_id=reports_workflow, task_id=id_task_get_emails, execution_date=20240703T043500, start_date=20240703T134008, end_date=20240703T134009
[2024-07-03T13:40:10.036+0000] {local_task_job_runner.py:228} INFO - Task exited with return code 0
[2024-07-03T13:40:10.064+0000] {taskinstance.py:2784} INFO - 1 downstream tasks scheduled from follow-on schedule check
