[2024-07-03T10:20:05.925+0000] {taskinstance.py:1159} INFO - Dependencies all met for dep_context=non-requeueable deps ti=<TaskInstance: reports_workflow.id_task_send_emails scheduled__2024-07-03T10:15:00+00:00 [queued]>
[2024-07-03T10:20:05.933+0000] {taskinstance.py:1159} INFO - Dependencies all met for dep_context=requeueable deps ti=<TaskInstance: reports_workflow.id_task_send_emails scheduled__2024-07-03T10:15:00+00:00 [queued]>
[2024-07-03T10:20:05.933+0000] {taskinstance.py:1361} INFO - Starting attempt 1 of 1
[2024-07-03T10:20:05.945+0000] {taskinstance.py:1382} INFO - Executing <Task(PythonOperator): id_task_send_emails> on 2024-07-03 10:15:00+00:00
[2024-07-03T10:20:05.950+0000] {standard_task_runner.py:57} INFO - Started process 21511 to run task
[2024-07-03T10:20:05.959+0000] {standard_task_runner.py:84} INFO - Running: ['***', 'tasks', 'run', 'reports_workflow', 'id_task_send_emails', 'scheduled__2024-07-03T10:15:00+00:00', '--job-id', '665', '--raw', '--subdir', 'DAGS_FOLDER/dag_email_robot.py', '--cfg-path', '/tmp/tmpnvmta4lz']
[2024-07-03T10:20:05.961+0000] {standard_task_runner.py:85} INFO - Job 665: Subtask id_task_send_emails
[2024-07-03T10:20:06.089+0000] {task_command.py:415} INFO - Running <TaskInstance: reports_workflow.id_task_send_emails scheduled__2024-07-03T10:15:00+00:00 [running]> on host 6f4ef5488251
[2024-07-03T10:20:06.199+0000] {taskinstance.py:1660} INFO - Exporting env vars: AIRFLOW_CTX_DAG_OWNER='FIRDAVS' AIRFLOW_CTX_DAG_ID='reports_workflow' AIRFLOW_CTX_TASK_ID='id_task_send_emails' AIRFLOW_CTX_EXECUTION_DATE='2024-07-03T10:15:00+00:00' AIRFLOW_CTX_TRY_NUMBER='1' AIRFLOW_CTX_DAG_RUN_ID='scheduled__2024-07-03T10:15:00+00:00'
[2024-07-03T10:20:06.200+0000] {logging_mixin.py:151} INFO - path of config file:  /opt/***
[2024-07-03T10:20:06.200+0000] {logging_mixin.py:151} INFO - #>2024-07-03 10:20:06.200520_User@StatDep: EmailRobot in screated.
[2024-07-03T10:20:06.200+0000] {logging_mixin.py:151} INFO - #>2024-07-03 10:20:06.200729_User@StatDep: send_validation_results is started...
[2024-07-03T10:20:06.210+0000] {logging_mixin.py:151} INFO -    #>2024-07-03 10:20:06.210927_conneciton to db is set.
[2024-07-03T10:20:06.212+0000] {logging_mixin.py:151} INFO -    #>2024-07-03 10:20:06.212684_cursor execution is successful.
[2024-07-03T10:20:06.212+0000] {logging_mixin.py:151} INFO -    There is no any new submissions found. The get_validation_results is over.
[2024-07-03T10:20:06.213+0000] {python.py:194} INFO - Done. Returned value was: True
[2024-07-03T10:20:06.238+0000] {taskinstance.py:1400} INFO - Marking task as SUCCESS. dag_id=reports_workflow, task_id=id_task_send_emails, execution_date=20240703T101500, start_date=20240703T102005, end_date=20240703T102006
[2024-07-03T10:20:06.286+0000] {local_task_job_runner.py:228} INFO - Task exited with return code 0
[2024-07-03T10:20:06.315+0000] {taskinstance.py:2784} INFO - 0 downstream tasks scheduled from follow-on schedule check
[2024-07-03T14:44:30.660+0000] {taskinstance.py:1159} INFO - Dependencies all met for dep_context=non-requeueable deps ti=<TaskInstance: reports_workflow.id_task_send_emails scheduled__2024-07-03T10:15:00+00:00 [queued]>
[2024-07-03T14:44:30.670+0000] {taskinstance.py:1159} INFO - Dependencies all met for dep_context=requeueable deps ti=<TaskInstance: reports_workflow.id_task_send_emails scheduled__2024-07-03T10:15:00+00:00 [queued]>
[2024-07-03T14:44:30.670+0000] {taskinstance.py:1361} INFO - Starting attempt 1 of 2
[2024-07-03T14:44:30.683+0000] {taskinstance.py:1382} INFO - Executing <Task(PythonOperator): id_task_send_emails> on 2024-07-03 10:15:00+00:00
[2024-07-03T14:44:30.687+0000] {standard_task_runner.py:57} INFO - Started process 28104 to run task
[2024-07-03T14:44:30.697+0000] {standard_task_runner.py:84} INFO - Running: ['***', 'tasks', 'run', 'reports_workflow', 'id_task_send_emails', 'scheduled__2024-07-03T10:15:00+00:00', '--job-id', '1953', '--raw', '--subdir', 'DAGS_FOLDER/dag_email_robot.py', '--cfg-path', '/tmp/tmpdhn6s0x2']
[2024-07-03T14:44:30.700+0000] {standard_task_runner.py:85} INFO - Job 1953: Subtask id_task_send_emails
[2024-07-03T14:44:30.761+0000] {task_command.py:415} INFO - Running <TaskInstance: reports_workflow.id_task_send_emails scheduled__2024-07-03T10:15:00+00:00 [running]> on host 6f4ef5488251
[2024-07-03T14:44:30.858+0000] {taskinstance.py:1660} INFO - Exporting env vars: AIRFLOW_CTX_DAG_OWNER='FIRDAVS' AIRFLOW_CTX_DAG_ID='reports_workflow' AIRFLOW_CTX_TASK_ID='id_task_send_emails' AIRFLOW_CTX_EXECUTION_DATE='2024-07-03T10:15:00+00:00' AIRFLOW_CTX_TRY_NUMBER='1' AIRFLOW_CTX_DAG_RUN_ID='scheduled__2024-07-03T10:15:00+00:00'
[2024-07-03T14:44:30.859+0000] {logging_mixin.py:151} INFO - path of config file:  /opt/***
[2024-07-03T14:44:30.860+0000] {logging_mixin.py:151} INFO - #>2024-07-03 14:44:30.860537_User@StatDep: EmailRobot in screated.
[2024-07-03T14:44:30.860+0000] {logging_mixin.py:151} INFO - #>2024-07-03 14:44:30.860897_User@StatDep: send_validation_results is started...
[2024-07-03T14:44:30.870+0000] {logging_mixin.py:151} INFO -    #>2024-07-03 14:44:30.870737_conneciton to db is set.
[2024-07-03T14:44:30.872+0000] {logging_mixin.py:151} INFO -    #>2024-07-03 14:44:30.872729_cursor execution is successful.
[2024-07-03T14:44:30.873+0000] {logging_mixin.py:151} INFO -    There is no any new submissions found. The get_validation_results is over.
[2024-07-03T14:44:30.873+0000] {python.py:194} INFO - Done. Returned value was: True
[2024-07-03T14:44:30.909+0000] {taskinstance.py:1400} INFO - Marking task as SUCCESS. dag_id=reports_workflow, task_id=id_task_send_emails, execution_date=20240703T101500, start_date=20240703T144430, end_date=20240703T144430
[2024-07-03T14:44:30.943+0000] {local_task_job_runner.py:228} INFO - Task exited with return code 0
[2024-07-03T14:44:30.969+0000] {taskinstance.py:2784} INFO - 0 downstream tasks scheduled from follow-on schedule check
[2024-07-03T14:47:38.317+0000] {taskinstance.py:1159} INFO - Dependencies all met for dep_context=non-requeueable deps ti=<TaskInstance: reports_workflow.id_task_send_emails scheduled__2024-07-03T10:15:00+00:00 [queued]>
[2024-07-03T14:47:38.338+0000] {taskinstance.py:1159} INFO - Dependencies all met for dep_context=requeueable deps ti=<TaskInstance: reports_workflow.id_task_send_emails scheduled__2024-07-03T10:15:00+00:00 [queued]>
[2024-07-03T14:47:38.338+0000] {taskinstance.py:1361} INFO - Starting attempt 1 of 2
[2024-07-03T14:47:38.353+0000] {taskinstance.py:1382} INFO - Executing <Task(PythonOperator): id_task_send_emails> on 2024-07-03 10:15:00+00:00
[2024-07-03T14:47:38.358+0000] {standard_task_runner.py:57} INFO - Started process 28577 to run task
[2024-07-03T14:47:38.367+0000] {standard_task_runner.py:84} INFO - Running: ['***', 'tasks', 'run', 'reports_workflow', 'id_task_send_emails', 'scheduled__2024-07-03T10:15:00+00:00', '--job-id', '2168', '--raw', '--subdir', 'DAGS_FOLDER/dag_email_robot.py', '--cfg-path', '/tmp/tmp78gskoc0']
[2024-07-03T14:47:38.368+0000] {standard_task_runner.py:85} INFO - Job 2168: Subtask id_task_send_emails
[2024-07-03T14:47:38.435+0000] {task_command.py:415} INFO - Running <TaskInstance: reports_workflow.id_task_send_emails scheduled__2024-07-03T10:15:00+00:00 [running]> on host 6f4ef5488251
[2024-07-03T14:47:38.523+0000] {taskinstance.py:1660} INFO - Exporting env vars: AIRFLOW_CTX_DAG_OWNER='FIRDAVS' AIRFLOW_CTX_DAG_ID='reports_workflow' AIRFLOW_CTX_TASK_ID='id_task_send_emails' AIRFLOW_CTX_EXECUTION_DATE='2024-07-03T10:15:00+00:00' AIRFLOW_CTX_TRY_NUMBER='1' AIRFLOW_CTX_DAG_RUN_ID='scheduled__2024-07-03T10:15:00+00:00'
[2024-07-03T14:47:38.524+0000] {logging_mixin.py:151} INFO - path of config file:  /opt/***
[2024-07-03T14:47:38.526+0000] {logging_mixin.py:151} INFO - #>2024-07-03 14:47:38.526045_User@StatDep: EmailRobot in screated.
[2024-07-03T14:47:38.528+0000] {logging_mixin.py:151} INFO - #>2024-07-03 14:47:38.528913_User@StatDep: send_validation_results is started...
[2024-07-03T14:47:38.539+0000] {logging_mixin.py:151} INFO -    #>2024-07-03 14:47:38.539100_conneciton to db is set.
[2024-07-03T14:47:38.542+0000] {logging_mixin.py:151} INFO -    #>2024-07-03 14:47:38.542889_cursor execution is successful.
[2024-07-03T14:47:38.543+0000] {logging_mixin.py:151} INFO -    There is no any new submissions found. The get_validation_results is over.
[2024-07-03T14:47:38.544+0000] {python.py:194} INFO - Done. Returned value was: True
[2024-07-03T14:47:38.570+0000] {taskinstance.py:1400} INFO - Marking task as SUCCESS. dag_id=reports_workflow, task_id=id_task_send_emails, execution_date=20240703T101500, start_date=20240703T144738, end_date=20240703T144738
[2024-07-03T14:47:38.615+0000] {local_task_job_runner.py:228} INFO - Task exited with return code 0
[2024-07-03T14:47:38.637+0000] {taskinstance.py:2784} INFO - 0 downstream tasks scheduled from follow-on schedule check
[2024-07-03T14:48:13.496+0000] {taskinstance.py:1159} INFO - Dependencies all met for dep_context=non-requeueable deps ti=<TaskInstance: reports_workflow.id_task_send_emails scheduled__2024-07-03T10:15:00+00:00 [queued]>
[2024-07-03T14:48:13.506+0000] {taskinstance.py:1159} INFO - Dependencies all met for dep_context=requeueable deps ti=<TaskInstance: reports_workflow.id_task_send_emails scheduled__2024-07-03T10:15:00+00:00 [queued]>
[2024-07-03T14:48:13.506+0000] {taskinstance.py:1361} INFO - Starting attempt 1 of 2
[2024-07-03T14:48:13.518+0000] {taskinstance.py:1382} INFO - Executing <Task(PythonOperator): id_task_send_emails> on 2024-07-03 10:15:00+00:00
[2024-07-03T14:48:13.523+0000] {standard_task_runner.py:57} INFO - Started process 28720 to run task
[2024-07-03T14:48:13.530+0000] {standard_task_runner.py:84} INFO - Running: ['***', 'tasks', 'run', 'reports_workflow', 'id_task_send_emails', 'scheduled__2024-07-03T10:15:00+00:00', '--job-id', '2236', '--raw', '--subdir', 'DAGS_FOLDER/dag_email_robot.py', '--cfg-path', '/tmp/tmp_pvugcxy']
[2024-07-03T14:48:13.531+0000] {standard_task_runner.py:85} INFO - Job 2236: Subtask id_task_send_emails
[2024-07-03T14:48:13.582+0000] {task_command.py:415} INFO - Running <TaskInstance: reports_workflow.id_task_send_emails scheduled__2024-07-03T10:15:00+00:00 [running]> on host 6f4ef5488251
[2024-07-03T14:48:13.672+0000] {taskinstance.py:1660} INFO - Exporting env vars: AIRFLOW_CTX_DAG_OWNER='FIRDAVS' AIRFLOW_CTX_DAG_ID='reports_workflow' AIRFLOW_CTX_TASK_ID='id_task_send_emails' AIRFLOW_CTX_EXECUTION_DATE='2024-07-03T10:15:00+00:00' AIRFLOW_CTX_TRY_NUMBER='1' AIRFLOW_CTX_DAG_RUN_ID='scheduled__2024-07-03T10:15:00+00:00'
[2024-07-03T14:48:13.673+0000] {logging_mixin.py:151} INFO - path of config file:  /opt/***
[2024-07-03T14:48:13.673+0000] {logging_mixin.py:151} INFO - #>2024-07-03 14:48:13.673856_User@StatDep: EmailRobot in screated.
[2024-07-03T14:48:13.674+0000] {logging_mixin.py:151} INFO - #>2024-07-03 14:48:13.674058_User@StatDep: send_validation_results is started...
[2024-07-03T14:48:13.684+0000] {logging_mixin.py:151} INFO -    #>2024-07-03 14:48:13.684104_conneciton to db is set.
[2024-07-03T14:48:13.686+0000] {logging_mixin.py:151} INFO -    #>2024-07-03 14:48:13.685982_cursor execution is successful.
[2024-07-03T14:48:13.686+0000] {logging_mixin.py:151} INFO -    There is no any new submissions found. The get_validation_results is over.
[2024-07-03T14:48:13.688+0000] {python.py:194} INFO - Done. Returned value was: True
[2024-07-03T14:48:13.713+0000] {taskinstance.py:1400} INFO - Marking task as SUCCESS. dag_id=reports_workflow, task_id=id_task_send_emails, execution_date=20240703T101500, start_date=20240703T144813, end_date=20240703T144813
[2024-07-03T14:48:13.743+0000] {local_task_job_runner.py:228} INFO - Task exited with return code 0
[2024-07-03T14:48:13.784+0000] {taskinstance.py:2784} INFO - 0 downstream tasks scheduled from follow-on schedule check
[2024-07-03T14:55:28.466+0000] {taskinstance.py:1159} INFO - Dependencies all met for dep_context=non-requeueable deps ti=<TaskInstance: reports_workflow.id_task_send_emails scheduled__2024-07-03T10:15:00+00:00 [queued]>
[2024-07-03T14:55:28.476+0000] {taskinstance.py:1159} INFO - Dependencies all met for dep_context=requeueable deps ti=<TaskInstance: reports_workflow.id_task_send_emails scheduled__2024-07-03T10:15:00+00:00 [queued]>
[2024-07-03T14:55:28.476+0000] {taskinstance.py:1361} INFO - Starting attempt 1 of 2
[2024-07-03T14:55:28.491+0000] {taskinstance.py:1382} INFO - Executing <Task(PythonOperator): id_task_send_emails> on 2024-07-03 10:15:00+00:00
[2024-07-03T14:55:28.500+0000] {standard_task_runner.py:84} INFO - Running: ['***', 'tasks', 'run', 'reports_workflow', 'id_task_send_emails', 'scheduled__2024-07-03T10:15:00+00:00', '--job-id', '2306', '--raw', '--subdir', 'DAGS_FOLDER/dag_email_robot.py', '--cfg-path', '/tmp/tmpn_85p_yg']
[2024-07-03T14:55:28.496+0000] {standard_task_runner.py:57} INFO - Started process 28975 to run task
[2024-07-03T14:55:28.501+0000] {standard_task_runner.py:85} INFO - Job 2306: Subtask id_task_send_emails
[2024-07-03T14:55:28.560+0000] {task_command.py:415} INFO - Running <TaskInstance: reports_workflow.id_task_send_emails scheduled__2024-07-03T10:15:00+00:00 [running]> on host 6f4ef5488251
[2024-07-03T14:55:28.666+0000] {taskinstance.py:1660} INFO - Exporting env vars: AIRFLOW_CTX_DAG_OWNER='FIRDAVS' AIRFLOW_CTX_DAG_ID='reports_workflow' AIRFLOW_CTX_TASK_ID='id_task_send_emails' AIRFLOW_CTX_EXECUTION_DATE='2024-07-03T10:15:00+00:00' AIRFLOW_CTX_TRY_NUMBER='1' AIRFLOW_CTX_DAG_RUN_ID='scheduled__2024-07-03T10:15:00+00:00'
[2024-07-03T14:55:28.667+0000] {logging_mixin.py:151} INFO - path of config file:  /opt/***
[2024-07-03T14:55:28.668+0000] {logging_mixin.py:151} INFO - #>2024-07-03 14:55:28.668416_User@StatDep: EmailRobot in screated.
[2024-07-03T14:55:28.668+0000] {logging_mixin.py:151} INFO - #>2024-07-03 14:55:28.668778_User@StatDep: send_validation_results is started...
[2024-07-03T14:55:28.681+0000] {logging_mixin.py:151} INFO -    #>2024-07-03 14:55:28.681743_conneciton to db is set.
[2024-07-03T14:55:28.689+0000] {logging_mixin.py:151} INFO -    #>2024-07-03 14:55:28.689896_cursor execution is successful.
[2024-07-03T14:55:28.690+0000] {logging_mixin.py:151} INFO -    There is no any new submissions found. The get_validation_results is over.
[2024-07-03T14:55:28.690+0000] {python.py:194} INFO - Done. Returned value was: True
[2024-07-03T14:55:28.745+0000] {taskinstance.py:1400} INFO - Marking task as SUCCESS. dag_id=reports_workflow, task_id=id_task_send_emails, execution_date=20240703T101500, start_date=20240703T145528, end_date=20240703T145528
[2024-07-03T14:55:28.803+0000] {local_task_job_runner.py:228} INFO - Task exited with return code 0
[2024-07-03T14:55:28.825+0000] {taskinstance.py:2784} INFO - 0 downstream tasks scheduled from follow-on schedule check
