[2024-07-04T05:08:10.408+0000] {taskinstance.py:1159} INFO - Dependencies all met for dep_context=non-requeueable deps ti=<TaskInstance: reports_workflow.id_task_send_emails scheduled__2024-07-04T03:25:00+00:00 [queued]>
[2024-07-04T05:08:10.447+0000] {taskinstance.py:1159} INFO - Dependencies all met for dep_context=requeueable deps ti=<TaskInstance: reports_workflow.id_task_send_emails scheduled__2024-07-04T03:25:00+00:00 [queued]>
[2024-07-04T05:08:10.447+0000] {taskinstance.py:1361} INFO - Starting attempt 1 of 2
[2024-07-04T05:08:10.491+0000] {taskinstance.py:1382} INFO - Executing <Task(PythonOperator): id_task_send_emails> on 2024-07-04 03:25:00+00:00
[2024-07-04T05:08:10.529+0000] {standard_task_runner.py:57} INFO - Started process 42182 to run task
[2024-07-04T05:08:10.546+0000] {standard_task_runner.py:84} INFO - Running: ['***', 'tasks', 'run', 'reports_workflow', 'id_task_send_emails', 'scheduled__2024-07-04T03:25:00+00:00', '--job-id', '2385', '--raw', '--subdir', 'DAGS_FOLDER/dag_email_robot.py', '--cfg-path', '/tmp/tmpzh93s14q']
[2024-07-04T05:08:10.552+0000] {standard_task_runner.py:85} INFO - Job 2385: Subtask id_task_send_emails
[2024-07-04T05:08:10.724+0000] {task_command.py:415} INFO - Running <TaskInstance: reports_workflow.id_task_send_emails scheduled__2024-07-04T03:25:00+00:00 [running]> on host 6f4ef5488251
[2024-07-04T05:08:11.060+0000] {taskinstance.py:1660} INFO - Exporting env vars: AIRFLOW_CTX_DAG_OWNER='FIRDAVS' AIRFLOW_CTX_DAG_ID='reports_workflow' AIRFLOW_CTX_TASK_ID='id_task_send_emails' AIRFLOW_CTX_EXECUTION_DATE='2024-07-04T03:25:00+00:00' AIRFLOW_CTX_TRY_NUMBER='1' AIRFLOW_CTX_DAG_RUN_ID='scheduled__2024-07-04T03:25:00+00:00'
[2024-07-04T05:08:11.061+0000] {logging_mixin.py:151} INFO - path of config file:  /opt/***
[2024-07-04T05:08:11.062+0000] {logging_mixin.py:151} INFO - #>2024-07-04 05:08:11.062092_User@StatDep: EmailRobot in screated.
[2024-07-04T05:08:11.062+0000] {logging_mixin.py:151} INFO - #>2024-07-04 05:08:11.062333_User@StatDep: send_validation_results is started...
[2024-07-04T05:08:11.102+0000] {logging_mixin.py:151} INFO -    #>2024-07-04 05:08:11.102306_conneciton to db is set.
[2024-07-04T05:08:11.113+0000] {logging_mixin.py:151} INFO -    #>2024-07-04 05:08:11.113589_cursor execution is successful.
[2024-07-04T05:08:11.113+0000] {logging_mixin.py:151} INFO -    There is no any new submissions found. The get_validation_results is over.
[2024-07-04T05:08:11.117+0000] {python.py:194} INFO - Done. Returned value was: True
[2024-07-04T05:08:11.180+0000] {taskinstance.py:1400} INFO - Marking task as SUCCESS. dag_id=reports_workflow, task_id=id_task_send_emails, execution_date=20240704T032500, start_date=20240704T050810, end_date=20240704T050811
[2024-07-04T05:08:11.263+0000] {local_task_job_runner.py:228} INFO - Task exited with return code 0
[2024-07-04T05:08:11.292+0000] {taskinstance.py:2784} INFO - 0 downstream tasks scheduled from follow-on schedule check
[2024-07-04T05:31:39.112+0000] {taskinstance.py:1159} INFO - Dependencies all met for dep_context=non-requeueable deps ti=<TaskInstance: reports_workflow.id_task_send_emails scheduled__2024-07-04T03:25:00+00:00 [queued]>
[2024-07-04T05:31:39.159+0000] {taskinstance.py:1159} INFO - Dependencies all met for dep_context=requeueable deps ti=<TaskInstance: reports_workflow.id_task_send_emails scheduled__2024-07-04T03:25:00+00:00 [queued]>
[2024-07-04T05:31:39.160+0000] {taskinstance.py:1361} INFO - Starting attempt 1 of 2
[2024-07-04T05:31:39.194+0000] {taskinstance.py:1382} INFO - Executing <Task(PythonOperator): id_task_send_emails> on 2024-07-04 03:25:00+00:00
[2024-07-04T05:31:39.225+0000] {standard_task_runner.py:57} INFO - Started process 42640 to run task
[2024-07-04T05:31:39.234+0000] {standard_task_runner.py:84} INFO - Running: ['***', 'tasks', 'run', 'reports_workflow', 'id_task_send_emails', 'scheduled__2024-07-04T03:25:00+00:00', '--job-id', '2434', '--raw', '--subdir', 'DAGS_FOLDER/dag_email_robot.py', '--cfg-path', '/tmp/tmpv1qmj8h3']
[2024-07-04T05:31:39.249+0000] {standard_task_runner.py:85} INFO - Job 2434: Subtask id_task_send_emails
[2024-07-04T05:31:39.368+0000] {task_command.py:415} INFO - Running <TaskInstance: reports_workflow.id_task_send_emails scheduled__2024-07-04T03:25:00+00:00 [running]> on host 6f4ef5488251
[2024-07-04T05:31:39.581+0000] {taskinstance.py:1660} INFO - Exporting env vars: AIRFLOW_CTX_DAG_OWNER='FIRDAVS' AIRFLOW_CTX_DAG_ID='reports_workflow' AIRFLOW_CTX_TASK_ID='id_task_send_emails' AIRFLOW_CTX_EXECUTION_DATE='2024-07-04T03:25:00+00:00' AIRFLOW_CTX_TRY_NUMBER='1' AIRFLOW_CTX_DAG_RUN_ID='scheduled__2024-07-04T03:25:00+00:00'
[2024-07-04T05:31:39.588+0000] {logging_mixin.py:151} INFO - path of config file:  /opt/***
[2024-07-04T05:31:39.589+0000] {logging_mixin.py:151} INFO - #>2024-07-04 05:31:39.589577_User@StatDep: EmailRobot in screated.
[2024-07-04T05:31:39.591+0000] {logging_mixin.py:151} INFO - #>2024-07-04 05:31:39.590968_User@StatDep: send_validation_results is started...
[2024-07-04T05:31:39.607+0000] {logging_mixin.py:151} INFO -    #>2024-07-04 05:31:39.607131_conneciton to db is set.
[2024-07-04T05:31:39.609+0000] {logging_mixin.py:151} INFO -    #>2024-07-04 05:31:39.609414_cursor execution is successful.
[2024-07-04T05:31:39.610+0000] {logging_mixin.py:151} INFO -    There is no any new submissions found. The get_validation_results is over.
[2024-07-04T05:31:39.612+0000] {python.py:194} INFO - Done. Returned value was: True
[2024-07-04T05:31:39.670+0000] {taskinstance.py:1400} INFO - Marking task as SUCCESS. dag_id=reports_workflow, task_id=id_task_send_emails, execution_date=20240704T032500, start_date=20240704T053139, end_date=20240704T053139
[2024-07-04T05:31:39.759+0000] {local_task_job_runner.py:228} INFO - Task exited with return code 0
[2024-07-04T05:31:39.794+0000] {taskinstance.py:2784} INFO - 0 downstream tasks scheduled from follow-on schedule check
[2024-07-04T05:34:52.039+0000] {taskinstance.py:1159} INFO - Dependencies all met for dep_context=non-requeueable deps ti=<TaskInstance: reports_workflow.id_task_send_emails scheduled__2024-07-04T03:25:00+00:00 [queued]>
[2024-07-04T05:34:52.071+0000] {taskinstance.py:1159} INFO - Dependencies all met for dep_context=requeueable deps ti=<TaskInstance: reports_workflow.id_task_send_emails scheduled__2024-07-04T03:25:00+00:00 [queued]>
[2024-07-04T05:34:52.072+0000] {taskinstance.py:1361} INFO - Starting attempt 1 of 2
[2024-07-04T05:34:52.123+0000] {taskinstance.py:1382} INFO - Executing <Task(PythonOperator): id_task_send_emails> on 2024-07-04 03:25:00+00:00
[2024-07-04T05:34:52.159+0000] {standard_task_runner.py:57} INFO - Started process 42786 to run task
[2024-07-04T05:34:52.183+0000] {standard_task_runner.py:84} INFO - Running: ['***', 'tasks', 'run', 'reports_workflow', 'id_task_send_emails', 'scheduled__2024-07-04T03:25:00+00:00', '--job-id', '2483', '--raw', '--subdir', 'DAGS_FOLDER/dag_email_robot.py', '--cfg-path', '/tmp/tmprtta440i']
[2024-07-04T05:34:52.190+0000] {standard_task_runner.py:85} INFO - Job 2483: Subtask id_task_send_emails
[2024-07-04T05:34:52.352+0000] {task_command.py:415} INFO - Running <TaskInstance: reports_workflow.id_task_send_emails scheduled__2024-07-04T03:25:00+00:00 [running]> on host 6f4ef5488251
[2024-07-04T05:34:52.575+0000] {taskinstance.py:1660} INFO - Exporting env vars: AIRFLOW_CTX_DAG_OWNER='FIRDAVS' AIRFLOW_CTX_DAG_ID='reports_workflow' AIRFLOW_CTX_TASK_ID='id_task_send_emails' AIRFLOW_CTX_EXECUTION_DATE='2024-07-04T03:25:00+00:00' AIRFLOW_CTX_TRY_NUMBER='1' AIRFLOW_CTX_DAG_RUN_ID='scheduled__2024-07-04T03:25:00+00:00'
[2024-07-04T05:34:52.578+0000] {logging_mixin.py:151} INFO - path of config file:  /opt/***
[2024-07-04T05:34:52.579+0000] {logging_mixin.py:151} INFO - #>2024-07-04 05:34:52.579866_User@StatDep: EmailRobot in screated.
[2024-07-04T05:34:52.580+0000] {logging_mixin.py:151} INFO - #>2024-07-04 05:34:52.580251_User@StatDep: send_validation_results is started...
[2024-07-04T05:34:52.602+0000] {logging_mixin.py:151} INFO -    #>2024-07-04 05:34:52.602454_conneciton to db is set.
[2024-07-04T05:34:52.604+0000] {logging_mixin.py:151} INFO -    #>2024-07-04 05:34:52.604801_cursor execution is successful.
[2024-07-04T05:34:52.605+0000] {logging_mixin.py:151} INFO -    There is no any new submissions found. The get_validation_results is over.
[2024-07-04T05:34:52.608+0000] {python.py:194} INFO - Done. Returned value was: True
[2024-07-04T05:34:52.679+0000] {taskinstance.py:1400} INFO - Marking task as SUCCESS. dag_id=reports_workflow, task_id=id_task_send_emails, execution_date=20240704T032500, start_date=20240704T053452, end_date=20240704T053452
[2024-07-04T05:34:52.769+0000] {local_task_job_runner.py:228} INFO - Task exited with return code 0
[2024-07-04T05:34:52.888+0000] {taskinstance.py:2784} INFO - 0 downstream tasks scheduled from follow-on schedule check
