[2024-07-03T09:58:41.663+0000] {taskinstance.py:1159} INFO - Dependencies all met for dep_context=non-requeueable deps ti=<TaskInstance: reports_workflow.id_task_get_emails scheduled__2024-07-02T21:45:00+00:00 [queued]>
[2024-07-03T09:58:41.675+0000] {taskinstance.py:1159} INFO - Dependencies all met for dep_context=requeueable deps ti=<TaskInstance: reports_workflow.id_task_get_emails scheduled__2024-07-02T21:45:00+00:00 [queued]>
[2024-07-03T09:58:41.675+0000] {taskinstance.py:1361} INFO - Starting attempt 1 of 1
[2024-07-03T09:58:41.685+0000] {taskinstance.py:1382} INFO - Executing <Task(PythonOperator): id_task_get_emails> on 2024-07-02 21:45:00+00:00
[2024-07-03T09:58:41.690+0000] {standard_task_runner.py:57} INFO - Started process 20872 to run task
[2024-07-03T09:58:41.695+0000] {standard_task_runner.py:84} INFO - Running: ['***', 'tasks', 'run', 'reports_workflow', 'id_task_get_emails', 'scheduled__2024-07-02T21:45:00+00:00', '--job-id', '508', '--raw', '--subdir', 'DAGS_FOLDER/dag_email_robot.py', '--cfg-path', '/tmp/tmpaeqdbept']
[2024-07-03T09:58:41.696+0000] {standard_task_runner.py:85} INFO - Job 508: Subtask id_task_get_emails
[2024-07-03T09:58:41.754+0000] {task_command.py:415} INFO - Running <TaskInstance: reports_workflow.id_task_get_emails scheduled__2024-07-02T21:45:00+00:00 [running]> on host 6f4ef5488251
[2024-07-03T09:58:41.834+0000] {taskinstance.py:1660} INFO - Exporting env vars: AIRFLOW_CTX_DAG_OWNER='FIRDAVS' AIRFLOW_CTX_DAG_ID='reports_workflow' AIRFLOW_CTX_TASK_ID='id_task_get_emails' AIRFLOW_CTX_EXECUTION_DATE='2024-07-02T21:45:00+00:00' AIRFLOW_CTX_TRY_NUMBER='1' AIRFLOW_CTX_DAG_RUN_ID='scheduled__2024-07-02T21:45:00+00:00'
[2024-07-03T09:58:41.835+0000] {logging_mixin.py:151} INFO - path of config file:  /opt/***
[2024-07-03T09:58:41.836+0000] {logging_mixin.py:151} INFO - #>2024-07-03 09:58:41.836287_User@StatDep: EmailRobot in screated.
[2024-07-03T09:58:41.836+0000] {logging_mixin.py:151} INFO - #>2024-07-03 09:58:41.836490_User@StatDep: get_for_recent_emails is started...
[2024-07-03T09:58:41.836+0000] {logging_mixin.py:151} INFO - #>2024-07-03 09:58:41.836624_User@StatDep: pop3_fetch_emails isstarted...
[2024-07-03T09:58:42.250+0000] {logging_mixin.py:151} INFO -    b'+OK'
[2024-07-03T09:58:42.542+0000] {logging_mixin.py:151} INFO -    mailbox have 0 emails and the robot can process 10
[2024-07-03T09:58:42.543+0000] {logging_mixin.py:151} INFO - #>2024-07-03 09:58:42.543045_User@StatDep: no emails to process, exiting pop3_fetch_emails()...
[2024-07-03T09:58:42.543+0000] {python.py:194} INFO - Done. Returned value was: True
[2024-07-03T09:58:42.578+0000] {taskinstance.py:1400} INFO - Marking task as SUCCESS. dag_id=reports_workflow, task_id=id_task_get_emails, execution_date=20240702T214500, start_date=20240703T095841, end_date=20240703T095842
[2024-07-03T09:58:42.629+0000] {local_task_job_runner.py:228} INFO - Task exited with return code 0
[2024-07-03T09:58:42.656+0000] {taskinstance.py:2784} INFO - 0 downstream tasks scheduled from follow-on schedule check
[2024-07-03T12:30:21.392+0000] {taskinstance.py:1159} INFO - Dependencies all met for dep_context=non-requeueable deps ti=<TaskInstance: reports_workflow.id_task_get_emails scheduled__2024-07-02T21:45:00+00:00 [queued]>
[2024-07-03T12:30:21.418+0000] {taskinstance.py:1159} INFO - Dependencies all met for dep_context=requeueable deps ti=<TaskInstance: reports_workflow.id_task_get_emails scheduled__2024-07-02T21:45:00+00:00 [queued]>
[2024-07-03T12:30:21.418+0000] {taskinstance.py:1361} INFO - Starting attempt 1 of 1
[2024-07-03T12:30:21.476+0000] {taskinstance.py:1382} INFO - Executing <Task(PythonOperator): id_task_get_emails> on 2024-07-02 21:45:00+00:00
[2024-07-03T12:30:21.482+0000] {standard_task_runner.py:57} INFO - Started process 24968 to run task
[2024-07-03T12:30:21.490+0000] {standard_task_runner.py:84} INFO - Running: ['***', 'tasks', 'run', 'reports_workflow', 'id_task_get_emails', 'scheduled__2024-07-02T21:45:00+00:00', '--job-id', '1405', '--raw', '--subdir', 'DAGS_FOLDER/dag_email_robot.py', '--cfg-path', '/tmp/tmpnn2kozol']
[2024-07-03T12:30:21.492+0000] {standard_task_runner.py:85} INFO - Job 1405: Subtask id_task_get_emails
[2024-07-03T12:30:21.606+0000] {task_command.py:415} INFO - Running <TaskInstance: reports_workflow.id_task_get_emails scheduled__2024-07-02T21:45:00+00:00 [running]> on host 6f4ef5488251
[2024-07-03T12:30:21.734+0000] {taskinstance.py:1660} INFO - Exporting env vars: AIRFLOW_CTX_DAG_OWNER='FIRDAVS' AIRFLOW_CTX_DAG_ID='reports_workflow' AIRFLOW_CTX_TASK_ID='id_task_get_emails' AIRFLOW_CTX_EXECUTION_DATE='2024-07-02T21:45:00+00:00' AIRFLOW_CTX_TRY_NUMBER='1' AIRFLOW_CTX_DAG_RUN_ID='scheduled__2024-07-02T21:45:00+00:00'
[2024-07-03T12:30:21.735+0000] {logging_mixin.py:151} INFO - path of config file:  /opt/***
[2024-07-03T12:30:21.736+0000] {logging_mixin.py:151} INFO - #>2024-07-03 12:30:21.736206_User@StatDep: EmailRobot in screated.
[2024-07-03T12:30:21.736+0000] {logging_mixin.py:151} INFO - #>2024-07-03 12:30:21.736400_User@StatDep: get_for_recent_emails is started...
[2024-07-03T12:30:21.736+0000] {logging_mixin.py:151} INFO - #>2024-07-03 12:30:21.736533_User@StatDep: pop3_fetch_emails isstarted...
[2024-07-03T12:30:22.104+0000] {logging_mixin.py:151} INFO -    b'+OK'
[2024-07-03T12:30:22.494+0000] {logging_mixin.py:151} INFO -    mailbox have 0 emails and the robot can process 10
[2024-07-03T12:30:22.494+0000] {logging_mixin.py:151} INFO - #>2024-07-03 12:30:22.494520_User@StatDep: no emails to process, exiting pop3_fetch_emails()...
[2024-07-03T12:30:22.494+0000] {python.py:194} INFO - Done. Returned value was: True
[2024-07-03T12:30:22.520+0000] {taskinstance.py:1400} INFO - Marking task as SUCCESS. dag_id=reports_workflow, task_id=id_task_get_emails, execution_date=20240702T214500, start_date=20240703T123021, end_date=20240703T123022
[2024-07-03T12:30:22.549+0000] {local_task_job_runner.py:228} INFO - Task exited with return code 0
[2024-07-03T12:30:22.571+0000] {taskinstance.py:2784} INFO - 1 downstream tasks scheduled from follow-on schedule check
