[2024-07-03T09:58:10.041+0000] {taskinstance.py:1159} INFO - Dependencies all met for dep_context=non-requeueable deps ti=<TaskInstance: reports_workflow.id_task_get_emails scheduled__2024-07-02T15:55:00+00:00 [queued]>
[2024-07-03T09:58:10.049+0000] {taskinstance.py:1159} INFO - Dependencies all met for dep_context=requeueable deps ti=<TaskInstance: reports_workflow.id_task_get_emails scheduled__2024-07-02T15:55:00+00:00 [queued]>
[2024-07-03T09:58:10.049+0000] {taskinstance.py:1361} INFO - Starting attempt 1 of 1
[2024-07-03T09:58:10.060+0000] {taskinstance.py:1382} INFO - Executing <Task(PythonOperator): id_task_get_emails> on 2024-07-02 15:55:00+00:00
[2024-07-03T09:58:10.064+0000] {standard_task_runner.py:57} INFO - Started process 20723 to run task
[2024-07-03T09:58:10.072+0000] {standard_task_runner.py:84} INFO - Running: ['***', 'tasks', 'run', 'reports_workflow', 'id_task_get_emails', 'scheduled__2024-07-02T15:55:00+00:00', '--job-id', '436', '--raw', '--subdir', 'DAGS_FOLDER/dag_email_robot.py', '--cfg-path', '/tmp/tmps3mue37f']
[2024-07-03T09:58:10.073+0000] {standard_task_runner.py:85} INFO - Job 436: Subtask id_task_get_emails
[2024-07-03T09:58:10.118+0000] {task_command.py:415} INFO - Running <TaskInstance: reports_workflow.id_task_get_emails scheduled__2024-07-02T15:55:00+00:00 [running]> on host 6f4ef5488251
[2024-07-03T09:58:10.246+0000] {taskinstance.py:1660} INFO - Exporting env vars: AIRFLOW_CTX_DAG_OWNER='FIRDAVS' AIRFLOW_CTX_DAG_ID='reports_workflow' AIRFLOW_CTX_TASK_ID='id_task_get_emails' AIRFLOW_CTX_EXECUTION_DATE='2024-07-02T15:55:00+00:00' AIRFLOW_CTX_TRY_NUMBER='1' AIRFLOW_CTX_DAG_RUN_ID='scheduled__2024-07-02T15:55:00+00:00'
[2024-07-03T09:58:10.247+0000] {logging_mixin.py:151} INFO - path of config file:  /opt/***
[2024-07-03T09:58:10.247+0000] {logging_mixin.py:151} INFO - #>2024-07-03 09:58:10.247665_User@StatDep: EmailRobot in screated.
[2024-07-03T09:58:10.247+0000] {logging_mixin.py:151} INFO - #>2024-07-03 09:58:10.247844_User@StatDep: get_for_recent_emails is started...
[2024-07-03T09:58:10.248+0000] {logging_mixin.py:151} INFO - #>2024-07-03 09:58:10.247971_User@StatDep: pop3_fetch_emails isstarted...
[2024-07-03T09:58:10.634+0000] {logging_mixin.py:151} INFO -    b'+OK'
[2024-07-03T09:58:10.959+0000] {logging_mixin.py:151} INFO -    mailbox have 0 emails and the robot can process 10
[2024-07-03T09:58:10.959+0000] {logging_mixin.py:151} INFO - #>2024-07-03 09:58:10.959745_User@StatDep: no emails to process, exiting pop3_fetch_emails()...
[2024-07-03T09:58:10.960+0000] {python.py:194} INFO - Done. Returned value was: True
[2024-07-03T09:58:11.127+0000] {taskinstance.py:1400} INFO - Marking task as SUCCESS. dag_id=reports_workflow, task_id=id_task_get_emails, execution_date=20240702T155500, start_date=20240703T095810, end_date=20240703T095811
[2024-07-03T09:58:11.171+0000] {local_task_job_runner.py:228} INFO - Task exited with return code 0
[2024-07-03T09:58:11.232+0000] {taskinstance.py:2784} INFO - 0 downstream tasks scheduled from follow-on schedule check
[2024-07-03T12:05:35.047+0000] {taskinstance.py:1159} INFO - Dependencies all met for dep_context=non-requeueable deps ti=<TaskInstance: reports_workflow.id_task_get_emails scheduled__2024-07-02T15:55:00+00:00 [queued]>
[2024-07-03T12:05:35.083+0000] {taskinstance.py:1159} INFO - Dependencies all met for dep_context=requeueable deps ti=<TaskInstance: reports_workflow.id_task_get_emails scheduled__2024-07-02T15:55:00+00:00 [queued]>
[2024-07-03T12:05:35.084+0000] {taskinstance.py:1361} INFO - Starting attempt 1 of 1
[2024-07-03T12:05:35.181+0000] {taskinstance.py:1382} INFO - Executing <Task(PythonOperator): id_task_get_emails> on 2024-07-02 15:55:00+00:00
[2024-07-03T12:05:35.188+0000] {standard_task_runner.py:57} INFO - Started process 23541 to run task
[2024-07-03T12:05:35.192+0000] {standard_task_runner.py:84} INFO - Running: ['***', 'tasks', 'run', 'reports_workflow', 'id_task_get_emails', 'scheduled__2024-07-02T15:55:00+00:00', '--job-id', '877', '--raw', '--subdir', 'DAGS_FOLDER/dag_email_robot.py', '--cfg-path', '/tmp/tmp23vyby50']
[2024-07-03T12:05:35.194+0000] {standard_task_runner.py:85} INFO - Job 877: Subtask id_task_get_emails
[2024-07-03T12:05:35.318+0000] {task_command.py:415} INFO - Running <TaskInstance: reports_workflow.id_task_get_emails scheduled__2024-07-02T15:55:00+00:00 [running]> on host 6f4ef5488251
[2024-07-03T12:05:35.443+0000] {taskinstance.py:1660} INFO - Exporting env vars: AIRFLOW_CTX_DAG_OWNER='FIRDAVS' AIRFLOW_CTX_DAG_ID='reports_workflow' AIRFLOW_CTX_TASK_ID='id_task_get_emails' AIRFLOW_CTX_EXECUTION_DATE='2024-07-02T15:55:00+00:00' AIRFLOW_CTX_TRY_NUMBER='1' AIRFLOW_CTX_DAG_RUN_ID='scheduled__2024-07-02T15:55:00+00:00'
[2024-07-03T12:05:35.444+0000] {logging_mixin.py:151} INFO - path of config file:  /opt/***
[2024-07-03T12:05:35.445+0000] {logging_mixin.py:151} INFO - #>2024-07-03 12:05:35.445092_User@StatDep: EmailRobot in screated.
[2024-07-03T12:05:35.445+0000] {logging_mixin.py:151} INFO - #>2024-07-03 12:05:35.445270_User@StatDep: get_for_recent_emails is started...
[2024-07-03T12:05:35.445+0000] {logging_mixin.py:151} INFO - #>2024-07-03 12:05:35.445402_User@StatDep: pop3_fetch_emails isstarted...
[2024-07-03T12:05:35.830+0000] {logging_mixin.py:151} INFO -    b'+OK'
[2024-07-03T12:05:36.242+0000] {logging_mixin.py:151} INFO -    mailbox have 1 emails and the robot can process 10
[2024-07-03T12:05:36.657+0000] {logging_mixin.py:151} INFO -    #>2024-07-03 12:05:36.657372_conneciton to db is set.
[2024-07-03T12:05:36.666+0000] {taskinstance.py:1943} ERROR - Task failed with exception
Traceback (most recent call last):
  File "/home/airflow/.local/lib/python3.8/site-packages/airflow/operators/python.py", line 192, in execute
    return_value = self.execute_callable()
  File "/home/airflow/.local/lib/python3.8/site-packages/airflow/operators/python.py", line 209, in execute_callable
    return self.python_callable(*self.op_args, **self.op_kwargs)
  File "/opt/airflow/dags/dag_email_robot.py", line 25, in get_emails
    robot.fetch_emails()
  File "/opt/airflow/dags/emailRobot.py", line 62, in fetch_emails
    return self.pop3_fetch_emails()
  File "/opt/airflow/dags/emailRobot.py", line 156, in pop3_fetch_emails
    cursor.execute (query, insert_values)
psycopg2.errors.UndefinedTable: relation "sma_stat_dep.tbl_file_upload" does not exist
LINE 1: ...) AS (INSERT INTO                                 sma_stat_d...
                                                             ^

[2024-07-03T12:05:36.682+0000] {taskinstance.py:1400} INFO - Marking task as FAILED. dag_id=reports_workflow, task_id=id_task_get_emails, execution_date=20240702T155500, start_date=20240703T120535, end_date=20240703T120536
[2024-07-03T12:05:36.697+0000] {standard_task_runner.py:104} ERROR - Failed to execute job 877 for task id_task_get_emails (relation "sma_stat_dep.tbl_file_upload" does not exist
LINE 1: ...) AS (INSERT INTO                                 sma_stat_d...
                                                             ^
; 23541)
[2024-07-03T12:05:36.743+0000] {local_task_job_runner.py:228} INFO - Task exited with return code 1
[2024-07-03T12:05:36.785+0000] {taskinstance.py:2784} INFO - 0 downstream tasks scheduled from follow-on schedule check
[2024-07-03T12:27:54.902+0000] {taskinstance.py:1159} INFO - Dependencies all met for dep_context=non-requeueable deps ti=<TaskInstance: reports_workflow.id_task_get_emails scheduled__2024-07-02T15:55:00+00:00 [queued]>
[2024-07-03T12:27:54.925+0000] {taskinstance.py:1159} INFO - Dependencies all met for dep_context=requeueable deps ti=<TaskInstance: reports_workflow.id_task_get_emails scheduled__2024-07-02T15:55:00+00:00 [queued]>
[2024-07-03T12:27:54.926+0000] {taskinstance.py:1361} INFO - Starting attempt 1 of 1
[2024-07-03T12:27:54.939+0000] {taskinstance.py:1382} INFO - Executing <Task(PythonOperator): id_task_get_emails> on 2024-07-02 15:55:00+00:00
[2024-07-03T12:27:54.943+0000] {standard_task_runner.py:57} INFO - Started process 24647 to run task
[2024-07-03T12:27:54.952+0000] {standard_task_runner.py:84} INFO - Running: ['***', 'tasks', 'run', 'reports_workflow', 'id_task_get_emails', 'scheduled__2024-07-02T15:55:00+00:00', '--job-id', '1266', '--raw', '--subdir', 'DAGS_FOLDER/dag_email_robot.py', '--cfg-path', '/tmp/tmp5z64aq12']
[2024-07-03T12:27:54.955+0000] {standard_task_runner.py:85} INFO - Job 1266: Subtask id_task_get_emails
[2024-07-03T12:27:55.012+0000] {task_command.py:415} INFO - Running <TaskInstance: reports_workflow.id_task_get_emails scheduled__2024-07-02T15:55:00+00:00 [running]> on host 6f4ef5488251
[2024-07-03T12:27:55.096+0000] {taskinstance.py:1660} INFO - Exporting env vars: AIRFLOW_CTX_DAG_OWNER='FIRDAVS' AIRFLOW_CTX_DAG_ID='reports_workflow' AIRFLOW_CTX_TASK_ID='id_task_get_emails' AIRFLOW_CTX_EXECUTION_DATE='2024-07-02T15:55:00+00:00' AIRFLOW_CTX_TRY_NUMBER='1' AIRFLOW_CTX_DAG_RUN_ID='scheduled__2024-07-02T15:55:00+00:00'
[2024-07-03T12:27:55.097+0000] {logging_mixin.py:151} INFO - path of config file:  /opt/***
[2024-07-03T12:27:55.097+0000] {logging_mixin.py:151} INFO - #>2024-07-03 12:27:55.097593_User@StatDep: EmailRobot in screated.
[2024-07-03T12:27:55.097+0000] {logging_mixin.py:151} INFO - #>2024-07-03 12:27:55.097769_User@StatDep: get_for_recent_emails is started...
[2024-07-03T12:27:55.097+0000] {logging_mixin.py:151} INFO - #>2024-07-03 12:27:55.097892_User@StatDep: pop3_fetch_emails isstarted...
[2024-07-03T12:27:55.478+0000] {logging_mixin.py:151} INFO -    b'+OK'
[2024-07-03T12:27:55.835+0000] {logging_mixin.py:151} INFO -    mailbox have 0 emails and the robot can process 10
[2024-07-03T12:27:55.835+0000] {logging_mixin.py:151} INFO - #>2024-07-03 12:27:55.835373_User@StatDep: no emails to process, exiting pop3_fetch_emails()...
[2024-07-03T12:27:55.835+0000] {python.py:194} INFO - Done. Returned value was: True
[2024-07-03T12:27:55.883+0000] {taskinstance.py:1400} INFO - Marking task as SUCCESS. dag_id=reports_workflow, task_id=id_task_get_emails, execution_date=20240702T155500, start_date=20240703T122754, end_date=20240703T122755
[2024-07-03T12:27:55.924+0000] {local_task_job_runner.py:228} INFO - Task exited with return code 0
[2024-07-03T12:27:55.949+0000] {taskinstance.py:2784} INFO - 1 downstream tasks scheduled from follow-on schedule check
