[2024-07-17T04:55:02.333+0000] {taskinstance.py:1159} INFO - Dependencies all met for dep_context=non-requeueable deps ti=<TaskInstance: reports_workflow.id_task_get_emails scheduled__2024-07-17T04:50:00+00:00 [queued]>
[2024-07-17T04:55:02.341+0000] {taskinstance.py:1159} INFO - Dependencies all met for dep_context=requeueable deps ti=<TaskInstance: reports_workflow.id_task_get_emails scheduled__2024-07-17T04:50:00+00:00 [queued]>
[2024-07-17T04:55:02.341+0000] {taskinstance.py:1361} INFO - Starting attempt 1 of 2
[2024-07-17T04:55:02.354+0000] {taskinstance.py:1382} INFO - Executing <Task(PythonOperator): id_task_get_emails> on 2024-07-17 04:50:00+00:00
[2024-07-17T04:55:02.360+0000] {standard_task_runner.py:57} INFO - Started process 79662 to run task
[2024-07-17T04:55:02.365+0000] {standard_task_runner.py:84} INFO - Running: ['***', 'tasks', 'run', 'reports_workflow', 'id_task_get_emails', 'scheduled__2024-07-17T04:50:00+00:00', '--job-id', '7151', '--raw', '--subdir', 'DAGS_FOLDER/dag_email_robot.py', '--cfg-path', '/tmp/tmpon3afj6a']
[2024-07-17T04:55:02.369+0000] {standard_task_runner.py:85} INFO - Job 7151: Subtask id_task_get_emails
[2024-07-17T04:55:02.540+0000] {task_command.py:415} INFO - Running <TaskInstance: reports_workflow.id_task_get_emails scheduled__2024-07-17T04:50:00+00:00 [running]> on host 6f4ef5488251
[2024-07-17T04:55:02.735+0000] {taskinstance.py:1660} INFO - Exporting env vars: AIRFLOW_CTX_DAG_OWNER='FIRDAVS' AIRFLOW_CTX_DAG_ID='reports_workflow' AIRFLOW_CTX_TASK_ID='id_task_get_emails' AIRFLOW_CTX_EXECUTION_DATE='2024-07-17T04:50:00+00:00' AIRFLOW_CTX_TRY_NUMBER='1' AIRFLOW_CTX_DAG_RUN_ID='scheduled__2024-07-17T04:50:00+00:00'
[2024-07-17T04:55:02.736+0000] {logging_mixin.py:151} INFO - path of config file:  /opt/***
[2024-07-17T04:55:02.737+0000] {logging_mixin.py:151} INFO - #>2024-07-17 04:55:02.737429_User@StatDep: EmailRobot in screated.
[2024-07-17T04:55:02.737+0000] {logging_mixin.py:151} INFO - #>2024-07-17 04:55:02.737678_User@StatDep: get_for_recent_emails is started...
[2024-07-17T04:55:02.737+0000] {logging_mixin.py:151} INFO - #>2024-07-17 04:55:02.737813_User@StatDep: pop3_fetch_emails isstarted...
[2024-07-17T04:55:03.239+0000] {logging_mixin.py:151} INFO -    b'+OK'
[2024-07-17T04:55:03.626+0000] {logging_mixin.py:151} INFO -    mailbox have 0 emails and the robot can process 10
[2024-07-17T04:55:03.627+0000] {logging_mixin.py:151} INFO - #>2024-07-17 04:55:03.627143_User@StatDep: no emails to process, exiting pop3_fetch_emails()...
[2024-07-17T04:55:03.628+0000] {python.py:194} INFO - Done. Returned value was: True
[2024-07-17T04:55:03.667+0000] {taskinstance.py:1400} INFO - Marking task as SUCCESS. dag_id=reports_workflow, task_id=id_task_get_emails, execution_date=20240717T045000, start_date=20240717T045502, end_date=20240717T045503
[2024-07-17T04:55:03.702+0000] {local_task_job_runner.py:228} INFO - Task exited with return code 0
[2024-07-17T04:55:03.740+0000] {taskinstance.py:2784} INFO - 1 downstream tasks scheduled from follow-on schedule check
