[2024-07-03T09:58:05.987+0000] {taskinstance.py:1159} INFO - Dependencies all met for dep_context=non-requeueable deps ti=<TaskInstance: reports_workflow.id_task_get_emails scheduled__2024-07-02T15:05:00+00:00 [queued]>
[2024-07-03T09:58:05.995+0000] {taskinstance.py:1159} INFO - Dependencies all met for dep_context=requeueable deps ti=<TaskInstance: reports_workflow.id_task_get_emails scheduled__2024-07-02T15:05:00+00:00 [queued]>
[2024-07-03T09:58:05.995+0000] {taskinstance.py:1361} INFO - Starting attempt 1 of 1
[2024-07-03T09:58:06.008+0000] {taskinstance.py:1382} INFO - Executing <Task(PythonOperator): id_task_get_emails> on 2024-07-02 15:05:00+00:00
[2024-07-03T09:58:06.012+0000] {standard_task_runner.py:57} INFO - Started process 20700 to run task
[2024-07-03T09:58:06.018+0000] {standard_task_runner.py:84} INFO - Running: ['***', 'tasks', 'run', 'reports_workflow', 'id_task_get_emails', 'scheduled__2024-07-02T15:05:00+00:00', '--job-id', '426', '--raw', '--subdir', 'DAGS_FOLDER/dag_email_robot.py', '--cfg-path', '/tmp/tmp0bmvgy99']
[2024-07-03T09:58:06.020+0000] {standard_task_runner.py:85} INFO - Job 426: Subtask id_task_get_emails
[2024-07-03T09:58:06.069+0000] {task_command.py:415} INFO - Running <TaskInstance: reports_workflow.id_task_get_emails scheduled__2024-07-02T15:05:00+00:00 [running]> on host 6f4ef5488251
[2024-07-03T09:58:06.135+0000] {taskinstance.py:1660} INFO - Exporting env vars: AIRFLOW_CTX_DAG_OWNER='FIRDAVS' AIRFLOW_CTX_DAG_ID='reports_workflow' AIRFLOW_CTX_TASK_ID='id_task_get_emails' AIRFLOW_CTX_EXECUTION_DATE='2024-07-02T15:05:00+00:00' AIRFLOW_CTX_TRY_NUMBER='1' AIRFLOW_CTX_DAG_RUN_ID='scheduled__2024-07-02T15:05:00+00:00'
[2024-07-03T09:58:06.136+0000] {logging_mixin.py:151} INFO - path of config file:  /opt/***
[2024-07-03T09:58:06.136+0000] {logging_mixin.py:151} INFO - #>2024-07-03 09:58:06.136708_User@StatDep: EmailRobot in screated.
[2024-07-03T09:58:06.136+0000] {logging_mixin.py:151} INFO - #>2024-07-03 09:58:06.136893_User@StatDep: get_for_recent_emails is started...
[2024-07-03T09:58:06.137+0000] {logging_mixin.py:151} INFO - #>2024-07-03 09:58:06.137040_User@StatDep: pop3_fetch_emails isstarted...
[2024-07-03T09:58:06.537+0000] {logging_mixin.py:151} INFO -    b'+OK'
[2024-07-03T09:58:06.881+0000] {logging_mixin.py:151} INFO -    mailbox have 0 emails and the robot can process 10
[2024-07-03T09:58:06.881+0000] {logging_mixin.py:151} INFO - #>2024-07-03 09:58:06.881563_User@StatDep: no emails to process, exiting pop3_fetch_emails()...
[2024-07-03T09:58:06.882+0000] {python.py:194} INFO - Done. Returned value was: True
[2024-07-03T09:58:06.915+0000] {taskinstance.py:1400} INFO - Marking task as SUCCESS. dag_id=reports_workflow, task_id=id_task_get_emails, execution_date=20240702T150500, start_date=20240703T095805, end_date=20240703T095806
[2024-07-03T09:58:06.950+0000] {local_task_job_runner.py:228} INFO - Task exited with return code 0
[2024-07-03T09:58:06.969+0000] {taskinstance.py:2784} INFO - 0 downstream tasks scheduled from follow-on schedule check
[2024-07-03T12:05:30.109+0000] {taskinstance.py:1159} INFO - Dependencies all met for dep_context=non-requeueable deps ti=<TaskInstance: reports_workflow.id_task_get_emails scheduled__2024-07-02T15:05:00+00:00 [queued]>
[2024-07-03T12:05:30.119+0000] {taskinstance.py:1159} INFO - Dependencies all met for dep_context=requeueable deps ti=<TaskInstance: reports_workflow.id_task_get_emails scheduled__2024-07-02T15:05:00+00:00 [queued]>
[2024-07-03T12:05:30.119+0000] {taskinstance.py:1361} INFO - Starting attempt 1 of 1
[2024-07-03T12:05:30.140+0000] {taskinstance.py:1382} INFO - Executing <Task(PythonOperator): id_task_get_emails> on 2024-07-02 15:05:00+00:00
[2024-07-03T12:05:30.145+0000] {standard_task_runner.py:57} INFO - Started process 23519 to run task
[2024-07-03T12:05:30.153+0000] {standard_task_runner.py:84} INFO - Running: ['***', 'tasks', 'run', 'reports_workflow', 'id_task_get_emails', 'scheduled__2024-07-02T15:05:00+00:00', '--job-id', '867', '--raw', '--subdir', 'DAGS_FOLDER/dag_email_robot.py', '--cfg-path', '/tmp/tmpz5i_lqr2']
[2024-07-03T12:05:30.155+0000] {standard_task_runner.py:85} INFO - Job 867: Subtask id_task_get_emails
[2024-07-03T12:05:30.213+0000] {task_command.py:415} INFO - Running <TaskInstance: reports_workflow.id_task_get_emails scheduled__2024-07-02T15:05:00+00:00 [running]> on host 6f4ef5488251
[2024-07-03T12:05:30.287+0000] {taskinstance.py:1660} INFO - Exporting env vars: AIRFLOW_CTX_DAG_OWNER='FIRDAVS' AIRFLOW_CTX_DAG_ID='reports_workflow' AIRFLOW_CTX_TASK_ID='id_task_get_emails' AIRFLOW_CTX_EXECUTION_DATE='2024-07-02T15:05:00+00:00' AIRFLOW_CTX_TRY_NUMBER='1' AIRFLOW_CTX_DAG_RUN_ID='scheduled__2024-07-02T15:05:00+00:00'
[2024-07-03T12:05:30.288+0000] {logging_mixin.py:151} INFO - path of config file:  /opt/***
[2024-07-03T12:05:30.289+0000] {logging_mixin.py:151} INFO - #>2024-07-03 12:05:30.289135_User@StatDep: EmailRobot in screated.
[2024-07-03T12:05:30.289+0000] {logging_mixin.py:151} INFO - #>2024-07-03 12:05:30.289318_User@StatDep: get_for_recent_emails is started...
[2024-07-03T12:05:30.289+0000] {logging_mixin.py:151} INFO - #>2024-07-03 12:05:30.289444_User@StatDep: pop3_fetch_emails isstarted...
[2024-07-03T12:05:30.645+0000] {logging_mixin.py:151} INFO -    b'+OK'
[2024-07-03T12:05:31.036+0000] {logging_mixin.py:151} INFO -    mailbox have 1 emails and the robot can process 10
[2024-07-03T12:05:31.425+0000] {logging_mixin.py:151} INFO -    #>2024-07-03 12:05:31.425128_conneciton to db is set.
[2024-07-03T12:05:31.429+0000] {taskinstance.py:1943} ERROR - Task failed with exception
Traceback (most recent call last):
  File "/home/airflow/.local/lib/python3.8/site-packages/airflow/operators/python.py", line 192, in execute
    return_value = self.execute_callable()
  File "/home/airflow/.local/lib/python3.8/site-packages/airflow/operators/python.py", line 209, in execute_callable
    return self.python_callable(*self.op_args, **self.op_kwargs)
  File "/opt/airflow/dags/dag_email_robot.py", line 25, in get_emails
    robot.fetch_emails()
  File "/opt/airflow/dags/emailRobot.py", line 62, in fetch_emails
    return self.pop3_fetch_emails()
  File "/opt/airflow/dags/emailRobot.py", line 156, in pop3_fetch_emails
    cursor.execute (query, insert_values)
psycopg2.errors.UndefinedTable: relation "sma_stat_dep.tbl_file_upload" does not exist
LINE 1: ...) AS (INSERT INTO                                 sma_stat_d...
                                                             ^

[2024-07-03T12:05:31.440+0000] {taskinstance.py:1400} INFO - Marking task as FAILED. dag_id=reports_workflow, task_id=id_task_get_emails, execution_date=20240702T150500, start_date=20240703T120530, end_date=20240703T120531
[2024-07-03T12:05:31.451+0000] {standard_task_runner.py:104} ERROR - Failed to execute job 867 for task id_task_get_emails (relation "sma_stat_dep.tbl_file_upload" does not exist
LINE 1: ...) AS (INSERT INTO                                 sma_stat_d...
                                                             ^
; 23519)
[2024-07-03T12:05:31.489+0000] {local_task_job_runner.py:228} INFO - Task exited with return code 1
[2024-07-03T12:05:31.516+0000] {taskinstance.py:2784} INFO - 0 downstream tasks scheduled from follow-on schedule check
[2024-07-03T12:25:21.110+0000] {taskinstance.py:1159} INFO - Dependencies all met for dep_context=non-requeueable deps ti=<TaskInstance: reports_workflow.id_task_get_emails scheduled__2024-07-02T15:05:00+00:00 [queued]>
[2024-07-03T12:25:21.119+0000] {taskinstance.py:1159} INFO - Dependencies all met for dep_context=requeueable deps ti=<TaskInstance: reports_workflow.id_task_get_emails scheduled__2024-07-02T15:05:00+00:00 [queued]>
[2024-07-03T12:25:21.119+0000] {taskinstance.py:1361} INFO - Starting attempt 1 of 1
[2024-07-03T12:25:21.133+0000] {taskinstance.py:1382} INFO - Executing <Task(PythonOperator): id_task_get_emails> on 2024-07-02 15:05:00+00:00
[2024-07-03T12:25:21.138+0000] {standard_task_runner.py:57} INFO - Started process 24566 to run task
[2024-07-03T12:25:21.145+0000] {standard_task_runner.py:84} INFO - Running: ['***', 'tasks', 'run', 'reports_workflow', 'id_task_get_emails', 'scheduled__2024-07-02T15:05:00+00:00', '--job-id', '1240', '--raw', '--subdir', 'DAGS_FOLDER/dag_email_robot.py', '--cfg-path', '/tmp/tmp3ec1yf__']
[2024-07-03T12:25:21.147+0000] {standard_task_runner.py:85} INFO - Job 1240: Subtask id_task_get_emails
[2024-07-03T12:25:21.195+0000] {task_command.py:415} INFO - Running <TaskInstance: reports_workflow.id_task_get_emails scheduled__2024-07-02T15:05:00+00:00 [running]> on host 6f4ef5488251
[2024-07-03T12:25:21.299+0000] {taskinstance.py:1660} INFO - Exporting env vars: AIRFLOW_CTX_DAG_OWNER='FIRDAVS' AIRFLOW_CTX_DAG_ID='reports_workflow' AIRFLOW_CTX_TASK_ID='id_task_get_emails' AIRFLOW_CTX_EXECUTION_DATE='2024-07-02T15:05:00+00:00' AIRFLOW_CTX_TRY_NUMBER='1' AIRFLOW_CTX_DAG_RUN_ID='scheduled__2024-07-02T15:05:00+00:00'
[2024-07-03T12:25:21.300+0000] {logging_mixin.py:151} INFO - path of config file:  /opt/***
[2024-07-03T12:25:21.300+0000] {logging_mixin.py:151} INFO - #>2024-07-03 12:25:21.300489_User@StatDep: EmailRobot in screated.
[2024-07-03T12:25:21.300+0000] {logging_mixin.py:151} INFO - #>2024-07-03 12:25:21.300675_User@StatDep: get_for_recent_emails is started...
[2024-07-03T12:25:21.300+0000] {logging_mixin.py:151} INFO - #>2024-07-03 12:25:21.300838_User@StatDep: pop3_fetch_emails isstarted...
[2024-07-03T12:25:21.665+0000] {logging_mixin.py:151} INFO -    b'+OK'
[2024-07-03T12:25:21.951+0000] {logging_mixin.py:151} INFO -    mailbox have 0 emails and the robot can process 10
[2024-07-03T12:25:22.414+0000] {logging_mixin.py:151} INFO - #>2024-07-03 12:25:22.414758_User@StatDep: no emails to process, exiting pop3_fetch_emails()...
[2024-07-03T12:25:22.416+0000] {python.py:194} INFO - Done. Returned value was: True
[2024-07-03T12:25:22.495+0000] {taskinstance.py:1400} INFO - Marking task as SUCCESS. dag_id=reports_workflow, task_id=id_task_get_emails, execution_date=20240702T150500, start_date=20240703T122521, end_date=20240703T122522
[2024-07-03T12:25:22.610+0000] {local_task_job_runner.py:228} INFO - Task exited with return code 0
[2024-07-03T12:25:22.675+0000] {taskinstance.py:2784} INFO - 1 downstream tasks scheduled from follow-on schedule check
