[2024-07-03T09:59:10.991+0000] {taskinstance.py:1159} INFO - Dependencies all met for dep_context=non-requeueable deps ti=<TaskInstance: reports_workflow.id_task_get_emails scheduled__2024-07-03T01:50:00+00:00 [queued]>
[2024-07-03T09:59:10.999+0000] {taskinstance.py:1159} INFO - Dependencies all met for dep_context=requeueable deps ti=<TaskInstance: reports_workflow.id_task_get_emails scheduled__2024-07-03T01:50:00+00:00 [queued]>
[2024-07-03T09:59:10.999+0000] {taskinstance.py:1361} INFO - Starting attempt 1 of 1
[2024-07-03T09:59:11.028+0000] {taskinstance.py:1382} INFO - Executing <Task(PythonOperator): id_task_get_emails> on 2024-07-03 01:50:00+00:00
[2024-07-03T09:59:11.032+0000] {standard_task_runner.py:57} INFO - Started process 20980 to run task
[2024-07-03T09:59:11.040+0000] {standard_task_runner.py:84} INFO - Running: ['***', 'tasks', 'run', 'reports_workflow', 'id_task_get_emails', 'scheduled__2024-07-03T01:50:00+00:00', '--job-id', '557', '--raw', '--subdir', 'DAGS_FOLDER/dag_email_robot.py', '--cfg-path', '/tmp/tmpr96sudx2']
[2024-07-03T09:59:11.043+0000] {standard_task_runner.py:85} INFO - Job 557: Subtask id_task_get_emails
[2024-07-03T09:59:11.134+0000] {task_command.py:415} INFO - Running <TaskInstance: reports_workflow.id_task_get_emails scheduled__2024-07-03T01:50:00+00:00 [running]> on host 6f4ef5488251
[2024-07-03T09:59:11.311+0000] {taskinstance.py:1660} INFO - Exporting env vars: AIRFLOW_CTX_DAG_OWNER='FIRDAVS' AIRFLOW_CTX_DAG_ID='reports_workflow' AIRFLOW_CTX_TASK_ID='id_task_get_emails' AIRFLOW_CTX_EXECUTION_DATE='2024-07-03T01:50:00+00:00' AIRFLOW_CTX_TRY_NUMBER='1' AIRFLOW_CTX_DAG_RUN_ID='scheduled__2024-07-03T01:50:00+00:00'
[2024-07-03T09:59:11.312+0000] {logging_mixin.py:151} INFO - path of config file:  /opt/***
[2024-07-03T09:59:11.313+0000] {logging_mixin.py:151} INFO - #>2024-07-03 09:59:11.313069_User@StatDep: EmailRobot in screated.
[2024-07-03T09:59:11.313+0000] {logging_mixin.py:151} INFO - #>2024-07-03 09:59:11.313229_User@StatDep: get_for_recent_emails is started...
[2024-07-03T09:59:11.313+0000] {logging_mixin.py:151} INFO - #>2024-07-03 09:59:11.313350_User@StatDep: pop3_fetch_emails isstarted...
[2024-07-03T09:59:11.719+0000] {logging_mixin.py:151} INFO -    b'+OK'
[2024-07-03T09:59:12.128+0000] {logging_mixin.py:151} INFO -    mailbox have 0 emails and the robot can process 10
[2024-07-03T09:59:12.128+0000] {logging_mixin.py:151} INFO - #>2024-07-03 09:59:12.128786_User@StatDep: no emails to process, exiting pop3_fetch_emails()...
[2024-07-03T09:59:12.129+0000] {python.py:194} INFO - Done. Returned value was: True
[2024-07-03T09:59:12.174+0000] {taskinstance.py:1400} INFO - Marking task as SUCCESS. dag_id=reports_workflow, task_id=id_task_get_emails, execution_date=20240703T015000, start_date=20240703T095910, end_date=20240703T095912
[2024-07-03T09:59:12.231+0000] {local_task_job_runner.py:228} INFO - Task exited with return code 0
[2024-07-03T09:59:12.257+0000] {taskinstance.py:2784} INFO - 0 downstream tasks scheduled from follow-on schedule check
[2024-07-03T13:39:31.710+0000] {taskinstance.py:1159} INFO - Dependencies all met for dep_context=non-requeueable deps ti=<TaskInstance: reports_workflow.id_task_get_emails scheduled__2024-07-03T01:50:00+00:00 [queued]>
[2024-07-03T13:39:31.722+0000] {taskinstance.py:1159} INFO - Dependencies all met for dep_context=requeueable deps ti=<TaskInstance: reports_workflow.id_task_get_emails scheduled__2024-07-03T01:50:00+00:00 [queued]>
[2024-07-03T13:39:31.722+0000] {taskinstance.py:1361} INFO - Starting attempt 1 of 1
[2024-07-03T13:39:31.747+0000] {taskinstance.py:1382} INFO - Executing <Task(PythonOperator): id_task_get_emails> on 2024-07-03 01:50:00+00:00
[2024-07-03T13:39:31.751+0000] {standard_task_runner.py:57} INFO - Started process 26213 to run task
[2024-07-03T13:39:31.757+0000] {standard_task_runner.py:84} INFO - Running: ['***', 'tasks', 'run', 'reports_workflow', 'id_task_get_emails', 'scheduled__2024-07-03T01:50:00+00:00', '--job-id', '1502', '--raw', '--subdir', 'DAGS_FOLDER/dag_email_robot.py', '--cfg-path', '/tmp/tmpfxklr9ob']
[2024-07-03T13:39:31.758+0000] {standard_task_runner.py:85} INFO - Job 1502: Subtask id_task_get_emails
[2024-07-03T13:39:31.841+0000] {task_command.py:415} INFO - Running <TaskInstance: reports_workflow.id_task_get_emails scheduled__2024-07-03T01:50:00+00:00 [running]> on host 6f4ef5488251
[2024-07-03T13:39:31.932+0000] {taskinstance.py:1660} INFO - Exporting env vars: AIRFLOW_CTX_DAG_OWNER='FIRDAVS' AIRFLOW_CTX_DAG_ID='reports_workflow' AIRFLOW_CTX_TASK_ID='id_task_get_emails' AIRFLOW_CTX_EXECUTION_DATE='2024-07-03T01:50:00+00:00' AIRFLOW_CTX_TRY_NUMBER='1' AIRFLOW_CTX_DAG_RUN_ID='scheduled__2024-07-03T01:50:00+00:00'
[2024-07-03T13:39:31.933+0000] {logging_mixin.py:151} INFO - path of config file:  /opt/***
[2024-07-03T13:39:31.933+0000] {logging_mixin.py:151} INFO - #>2024-07-03 13:39:31.933757_User@StatDep: EmailRobot in screated.
[2024-07-03T13:39:31.934+0000] {logging_mixin.py:151} INFO - #>2024-07-03 13:39:31.933968_User@StatDep: get_for_recent_emails is started...
[2024-07-03T13:39:31.934+0000] {logging_mixin.py:151} INFO - #>2024-07-03 13:39:31.934122_User@StatDep: pop3_fetch_emails isstarted...
[2024-07-03T13:39:32.323+0000] {logging_mixin.py:151} INFO -    b'+OK'
[2024-07-03T13:39:32.637+0000] {logging_mixin.py:151} INFO -    mailbox have 0 emails and the robot can process 10
[2024-07-03T13:39:32.638+0000] {logging_mixin.py:151} INFO - #>2024-07-03 13:39:32.638385_User@StatDep: no emails to process, exiting pop3_fetch_emails()...
[2024-07-03T13:39:32.639+0000] {python.py:194} INFO - Done. Returned value was: True
[2024-07-03T13:39:32.679+0000] {taskinstance.py:1400} INFO - Marking task as SUCCESS. dag_id=reports_workflow, task_id=id_task_get_emails, execution_date=20240703T015000, start_date=20240703T133931, end_date=20240703T133932
[2024-07-03T13:39:32.736+0000] {local_task_job_runner.py:228} INFO - Task exited with return code 0
[2024-07-03T13:39:32.770+0000] {taskinstance.py:2784} INFO - 1 downstream tasks scheduled from follow-on schedule check
