[2024-07-29T12:20:42.104+0000] {taskinstance.py:1159} INFO - Dependencies all met for dep_context=non-requeueable deps ti=<TaskInstance: reports_workflow.id_task_send_emails manual__2024-07-29T12:20:38.034111+00:00 [queued]>
[2024-07-29T12:20:42.113+0000] {taskinstance.py:1159} INFO - Dependencies all met for dep_context=requeueable deps ti=<TaskInstance: reports_workflow.id_task_send_emails manual__2024-07-29T12:20:38.034111+00:00 [queued]>
[2024-07-29T12:20:42.113+0000] {taskinstance.py:1361} INFO - Starting attempt 1 of 2
[2024-07-29T12:20:42.126+0000] {taskinstance.py:1382} INFO - Executing <Task(PythonOperator): id_task_send_emails> on 2024-07-29 12:20:38.034111+00:00
[2024-07-29T12:20:42.132+0000] {standard_task_runner.py:57} INFO - Started process 8114 to run task
[2024-07-29T12:20:42.142+0000] {standard_task_runner.py:84} INFO - Running: ['***', 'tasks', 'run', 'reports_workflow', 'id_task_send_emails', 'manual__2024-07-29T12:20:38.034111+00:00', '--job-id', '292', '--raw', '--subdir', 'DAGS_FOLDER/dag_stat_report.py', '--cfg-path', '/tmp/tmp2bxf5iha']
[2024-07-29T12:20:42.147+0000] {standard_task_runner.py:85} INFO - Job 292: Subtask id_task_send_emails
[2024-07-29T12:20:42.227+0000] {task_command.py:415} INFO - Running <TaskInstance: reports_workflow.id_task_send_emails manual__2024-07-29T12:20:38.034111+00:00 [running]> on host 3fb5581aee62
[2024-07-29T12:20:42.339+0000] {taskinstance.py:1660} INFO - Exporting env vars: AIRFLOW_CTX_DAG_OWNER='FIRDAVS' AIRFLOW_CTX_DAG_ID='reports_workflow' AIRFLOW_CTX_TASK_ID='id_task_send_emails' AIRFLOW_CTX_EXECUTION_DATE='2024-07-29T12:20:38.034111+00:00' AIRFLOW_CTX_TRY_NUMBER='1' AIRFLOW_CTX_DAG_RUN_ID='manual__2024-07-29T12:20:38.034111+00:00'
[2024-07-29T12:20:42.340+0000] {logging_mixin.py:151} INFO - path of config file:  /opt/***
[2024-07-29T12:20:42.341+0000] {logging_mixin.py:151} INFO - #>2024-07-29 12:20:42.341629_User@StatDep: EmailRobot in screated.
[2024-07-29T12:20:42.342+0000] {logging_mixin.py:151} INFO - #>2024-07-29 12:20:42.341998_User@StatDep: send_validation_results is started...
[2024-07-29T12:20:42.351+0000] {logging_mixin.py:151} INFO -    #>2024-07-29 12:20:42.351741_conneciton to db is set.
[2024-07-29T12:20:42.353+0000] {logging_mixin.py:151} INFO -    #>2024-07-29 12:20:42.353734_cursor execution is successful.
[2024-07-29T12:20:42.354+0000] {logging_mixin.py:151} INFO -    extracted information for about report sumbissions found...
[2024-07-29T12:20:42.356+0000] {logging_mixin.py:151} INFO - #>2024-07-29 12:20:42.356213_User@StatDep: email object ready to be sent:
[2024-07-29T12:20:42.809+0000] {logging_mixin.py:151} WARNING - send: 'ehlo [172.20.0.4]\r\n'
[2024-07-29T12:20:42.872+0000] {logging_mixin.py:151} WARNING - reply: b'250-smtp45.i.mail.ru\r\n'
[2024-07-29T12:20:42.872+0000] {logging_mixin.py:151} WARNING - reply: b'250-SIZE 73400320\r\n'
[2024-07-29T12:20:42.873+0000] {logging_mixin.py:151} WARNING - reply: b'250-8BITMIME\r\n'
[2024-07-29T12:20:42.873+0000] {logging_mixin.py:151} WARNING - reply: b'250-PIPELINING\r\n'
[2024-07-29T12:20:42.873+0000] {logging_mixin.py:151} WARNING - reply: b'250-DSN\r\n'
[2024-07-29T12:20:42.873+0000] {logging_mixin.py:151} WARNING - reply: b'250-SMTPUTF8\r\n'
[2024-07-29T12:20:42.874+0000] {logging_mixin.py:151} WARNING - reply: b'250 AUTH PLAIN LOGIN XOAUTH2\r\n'
[2024-07-29T12:20:42.874+0000] {logging_mixin.py:151} WARNING - reply: retcode (250); Msg: b'smtp45.i.mail.ru\nSIZE 73400320\n8BITMIME\nPIPELINING\nDSN\nSMTPUTF8\nAUTH PLAIN LOGIN XOAUTH2'
[2024-07-29T12:20:42.875+0000] {logging_mixin.py:151} WARNING - send: 'AUTH PLAIN AGtoYWxpbXpvZEBsaXN0LnJ1AEdSWFFSakMyYms0cVpIQjI2VXFk\r\n'
[2024-07-29T12:20:43.078+0000] {logging_mixin.py:151} WARNING - reply: b'235 Authentication succeeded\r\n'
[2024-07-29T12:20:43.079+0000] {logging_mixin.py:151} WARNING - reply: retcode (235); Msg: b'Authentication succeeded'
[2024-07-29T12:20:43.083+0000] {logging_mixin.py:151} WARNING - send: 'mail FROM:<khalimzod@list.ru> size=1991\r\n'
[2024-07-29T12:20:43.149+0000] {logging_mixin.py:151} WARNING - reply: b'250 OK\r\n'
[2024-07-29T12:20:43.149+0000] {logging_mixin.py:151} WARNING - reply: retcode (250); Msg: b'OK'
[2024-07-29T12:20:43.150+0000] {logging_mixin.py:151} WARNING - send: 'rcpt TO:<firdavskhushkadamov@gmail.com>\r\n'
[2024-07-29T12:20:43.232+0000] {logging_mixin.py:151} WARNING - reply: b'250 Accepted\r\n'
[2024-07-29T12:20:43.233+0000] {logging_mixin.py:151} WARNING - reply: retcode (250); Msg: b'Accepted'
[2024-07-29T12:20:43.233+0000] {logging_mixin.py:151} WARNING - send: 'data\r\n'
[2024-07-29T12:20:43.295+0000] {logging_mixin.py:151} WARNING - reply: b'354 Enter message, ending with "." on a line by itself\r\n'
[2024-07-29T12:20:43.295+0000] {logging_mixin.py:151} WARNING - reply: retcode (354); Msg: b'Enter message, ending with "." on a line by itself'
[2024-07-29T12:20:43.295+0000] {logging_mixin.py:151} WARNING - data: (354, b'Enter message, ending with "." on a line by itself')
[2024-07-29T12:20:43.296+0000] {logging_mixin.py:151} WARNING - send: b'Content-Type: multipart/mixed; boundary="===============3400450282800348652=="\r\nMIME-Version: 1.0\r\nSubject: =?utf-8?b?b21vckBuYnQudGo6INGE0LDQudC7ICIxSEsudjAuNTcwNy4zMDA2MjAyNC54bHN4IiDQt9Cw0LPRgNGD0LbQtdC90L3Ri9C5INCyIDIwMjQtMDctMjkgMTA6MjE6MDkrMDA6MDAg0J3QlSDQn9Cg0JjQndCv0KI=?=\r\nFrom: khalimzod@list.ru\r\nTo: <firdavskhushkadamov@gmail.com>\r\n\r\n--===============3400450282800348652==\r\nContent-Type: text/plain; charset="utf-8"\r\nMIME-Version: 1.0\r\nContent-Transfer-Encoding: base64\r\n\r\n0JfQtNGA0LDQstGB0YLQstGD0LnRgtC1LCAKINCaINGB0L7QttCw0LvQtdC90LjRjiDRhNCw0LnQ\r\nuyDRgSDQuNC80LXQvdC10LwgMUhLLnYwLjU3MDcuMzAwNjIwMjQueGxzeCwg0LfQsNCz0YDRg9C2\r\n0LXQvdC90YvQuSDQsiAyMDI0LTA3LTI5IDEwOjIxOjA5KzAwOjAwINC90LUg0LHRi9C7INC/0YDQ\r\nuNC90Y/RgiDRgdC40YHRgtC10LzQvtC5INCw0LLRgtC+0LzQsNGC0LjRh9C10YHQutC+0Lkg0L7Q\r\nsdGA0LDQsdC+0YLQutC4LiDQn9C+0LbQsNC70YPQudGB0YLQsCwg0L/RgNC+0LLQtdGA0YzRgtC1\r\nINC30LDQv9C+0LvQvdC10L3QuNC1INGE0LDQudC70LAuIAog0JTQvtC/0L7Qu9C90LjRgtC10LvR\r\njNC90YvQtSDRgdCy0LXQtNC10L3RjNGPINC/0L4g0L7QsdC90LDRgNGD0LbQtdC90L3Ri9C8INC+\r\n0YjQuNCx0LrQsNC8INC/0YDQuNC70L7QttC10L3QvdGLINC6INC/0LjRgdGM0LzRgy4KIEMg0YPQ\r\nstCw0LbQtdC90LjQtdC8LCAKINCU0LXQv9Cw0YDRgtCw0LzQtdC90YIg0YHRgtCw0YLQuNGB0YLQ\r\nuNC60Lgg0Lgg0L/Qu9Cw0YLQtdC20L3QvtCz0L4g0LHQsNC70LDQvdGB0LAg\r\n\r\n--===============3400450282800348652==\r\nMIME-Version: 1.0\r\nContent-Type: application/text/csv; charset="utf-8"\r\nContent-Transfer-Encoding: base64\r\nContent-Transfer-Encoding: base64\r\ncontent-disposition: attachment; filename="1HK.v0.5707.30062024.xlsx_protocol.txt"\r\n\r\n0JTQsNGC0LAg0Lgg0LLRgNC10LzRjyDQv9C+0LvRg9GH0LXQvdC40Y8g0YTQsNC50LvQsCAtLS0t\r\nLS0tLS0tLS0tLS0tLS0tLSAyMDI0LTA3LTI5IDEyOjIwOjM5Cgog0KHRgNC+0Log0YHQtNCw0YfQ\r\nuCDQvtGC0YfQtdGC0LAg0LjRgdGC0LXQuiwg0L7QsdGA0LDRgtC40YLQtdGB0Ywg0Log0LrQvtC9\r\n0YLQsNC60YLQvdC+0LzRgyDQu9C40YbRgyDQndCR0KIg0L/QviDQtNCw0L3QvdC+0LzRgyDQvtGC\r\n0YfQtdGC0YMKINC60L7Qu9C40YfQtdGB0YLQstC+INC90LDQudC00LXQvdC90YvRhSDQvtGI0LjQ\r\nsdC+0LogLS0tLS0tLS0tLS0tLS0tLS0tLS0x\r\n\r\n--===============3400450282800348652==--\r\n.\r\n'
[2024-07-29T12:20:43.828+0000] {logging_mixin.py:151} WARNING - reply: b'250 OK id=1sYPMp-00000000Dys-169f\r\n'
[2024-07-29T12:20:43.828+0000] {logging_mixin.py:151} WARNING - reply: retcode (250); Msg: b'OK id=1sYPMp-00000000Dys-169f'
[2024-07-29T12:20:43.829+0000] {logging_mixin.py:151} WARNING - data: (250, b'OK id=1sYPMp-00000000Dys-169f')
[2024-07-29T12:20:43.829+0000] {logging_mixin.py:151} INFO - #>2024-07-29 12:20:43.829435_User@StatDep: email successfuly sent
[2024-07-29T12:20:43.829+0000] {logging_mixin.py:151} WARNING - send: 'QUIT\r\n'
[2024-07-29T12:20:44.093+0000] {logging_mixin.py:151} WARNING - reply: b'221 exim-smtp-868bf69f6c-hlvln closing connection\r\n'
[2024-07-29T12:20:44.094+0000] {logging_mixin.py:151} WARNING - reply: retcode (221); Msg: b'exim-smtp-868bf69f6c-hlvln closing connection'
[2024-07-29T12:20:44.095+0000] {logging_mixin.py:151} INFO -    finilizing processing for the reserved file uploads...
[2024-07-29T12:20:44.102+0000] {python.py:194} INFO - Done. Returned value was: True
[2024-07-29T12:20:44.136+0000] {taskinstance.py:1400} INFO - Marking task as SUCCESS. dag_id=reports_workflow, task_id=id_task_send_emails, execution_date=20240729T122038, start_date=20240729T122042, end_date=20240729T122044
[2024-07-29T12:20:44.157+0000] {local_task_job_runner.py:228} INFO - Task exited with return code 0
[2024-07-29T12:20:44.189+0000] {taskinstance.py:2784} INFO - 0 downstream tasks scheduled from follow-on schedule check
