[2024-07-03T09:58:04.746+0000] {taskinstance.py:1159} INFO - Dependencies all met for dep_context=non-requeueable deps ti=<TaskInstance: reports_workflow.id_task_get_emails scheduled__2024-07-02T14:55:00+00:00 [queued]>
[2024-07-03T09:58:04.753+0000] {taskinstance.py:1159} INFO - Dependencies all met for dep_context=requeueable deps ti=<TaskInstance: reports_workflow.id_task_get_emails scheduled__2024-07-02T14:55:00+00:00 [queued]>
[2024-07-03T09:58:04.754+0000] {taskinstance.py:1361} INFO - Starting attempt 1 of 1
[2024-07-03T09:58:04.764+0000] {taskinstance.py:1382} INFO - Executing <Task(PythonOperator): id_task_get_emails> on 2024-07-02 14:55:00+00:00
[2024-07-03T09:58:04.771+0000] {standard_task_runner.py:57} INFO - Started process 20696 to run task
[2024-07-03T09:58:04.775+0000] {standard_task_runner.py:84} INFO - Running: ['***', 'tasks', 'run', 'reports_workflow', 'id_task_get_emails', 'scheduled__2024-07-02T14:55:00+00:00', '--job-id', '424', '--raw', '--subdir', 'DAGS_FOLDER/dag_email_robot.py', '--cfg-path', '/tmp/tmp6db4u5on']
[2024-07-03T09:58:04.776+0000] {standard_task_runner.py:85} INFO - Job 424: Subtask id_task_get_emails
[2024-07-03T09:58:04.815+0000] {task_command.py:415} INFO - Running <TaskInstance: reports_workflow.id_task_get_emails scheduled__2024-07-02T14:55:00+00:00 [running]> on host 6f4ef5488251
[2024-07-03T09:58:04.894+0000] {taskinstance.py:1660} INFO - Exporting env vars: AIRFLOW_CTX_DAG_OWNER='FIRDAVS' AIRFLOW_CTX_DAG_ID='reports_workflow' AIRFLOW_CTX_TASK_ID='id_task_get_emails' AIRFLOW_CTX_EXECUTION_DATE='2024-07-02T14:55:00+00:00' AIRFLOW_CTX_TRY_NUMBER='1' AIRFLOW_CTX_DAG_RUN_ID='scheduled__2024-07-02T14:55:00+00:00'
[2024-07-03T09:58:04.895+0000] {logging_mixin.py:151} INFO - path of config file:  /opt/***
[2024-07-03T09:58:04.896+0000] {logging_mixin.py:151} INFO - #>2024-07-03 09:58:04.896390_User@StatDep: EmailRobot in screated.
[2024-07-03T09:58:04.896+0000] {logging_mixin.py:151} INFO - #>2024-07-03 09:58:04.896639_User@StatDep: get_for_recent_emails is started...
[2024-07-03T09:58:04.896+0000] {logging_mixin.py:151} INFO - #>2024-07-03 09:58:04.896824_User@StatDep: pop3_fetch_emails isstarted...
[2024-07-03T09:58:05.298+0000] {logging_mixin.py:151} INFO -    b'+OK'
[2024-07-03T09:58:05.739+0000] {logging_mixin.py:151} INFO -    mailbox have 3 emails and the robot can process 10
[2024-07-03T09:58:05.997+0000] {logging_mixin.py:151} INFO -    deletion of email after inserting into database +OK message 1 deleted
[2024-07-03T09:58:06.274+0000] {logging_mixin.py:151} INFO -    deletion of email after inserting into database +OK message 2 deleted
[2024-07-03T09:58:06.481+0000] {logging_mixin.py:151} INFO -    deletion of email after inserting into database +OK message 3 deleted
[2024-07-03T09:58:06.554+0000] {logging_mixin.py:151} INFO - #>2024-07-03 09:58:06.554474_User@StatDep: pop3_fetch_emails is successful.
[2024-07-03T09:58:06.555+0000] {python.py:194} INFO - Done. Returned value was: True
[2024-07-03T09:58:06.587+0000] {taskinstance.py:1400} INFO - Marking task as SUCCESS. dag_id=reports_workflow, task_id=id_task_get_emails, execution_date=20240702T145500, start_date=20240703T095804, end_date=20240703T095806
[2024-07-03T09:58:06.634+0000] {local_task_job_runner.py:228} INFO - Task exited with return code 0
[2024-07-03T09:58:06.659+0000] {taskinstance.py:2784} INFO - 0 downstream tasks scheduled from follow-on schedule check
[2024-07-03T12:05:29.748+0000] {taskinstance.py:1159} INFO - Dependencies all met for dep_context=non-requeueable deps ti=<TaskInstance: reports_workflow.id_task_get_emails scheduled__2024-07-02T14:55:00+00:00 [queued]>
[2024-07-03T12:05:29.757+0000] {taskinstance.py:1159} INFO - Dependencies all met for dep_context=requeueable deps ti=<TaskInstance: reports_workflow.id_task_get_emails scheduled__2024-07-02T14:55:00+00:00 [queued]>
[2024-07-03T12:05:29.758+0000] {taskinstance.py:1361} INFO - Starting attempt 1 of 1
[2024-07-03T12:05:29.875+0000] {taskinstance.py:1382} INFO - Executing <Task(PythonOperator): id_task_get_emails> on 2024-07-02 14:55:00+00:00
[2024-07-03T12:05:29.884+0000] {standard_task_runner.py:57} INFO - Started process 23517 to run task
[2024-07-03T12:05:29.894+0000] {standard_task_runner.py:84} INFO - Running: ['***', 'tasks', 'run', 'reports_workflow', 'id_task_get_emails', 'scheduled__2024-07-02T14:55:00+00:00', '--job-id', '865', '--raw', '--subdir', 'DAGS_FOLDER/dag_email_robot.py', '--cfg-path', '/tmp/tmpt8cqzos5']
[2024-07-03T12:05:29.896+0000] {standard_task_runner.py:85} INFO - Job 865: Subtask id_task_get_emails
[2024-07-03T12:05:29.958+0000] {task_command.py:415} INFO - Running <TaskInstance: reports_workflow.id_task_get_emails scheduled__2024-07-02T14:55:00+00:00 [running]> on host 6f4ef5488251
[2024-07-03T12:05:30.077+0000] {taskinstance.py:1660} INFO - Exporting env vars: AIRFLOW_CTX_DAG_OWNER='FIRDAVS' AIRFLOW_CTX_DAG_ID='reports_workflow' AIRFLOW_CTX_TASK_ID='id_task_get_emails' AIRFLOW_CTX_EXECUTION_DATE='2024-07-02T14:55:00+00:00' AIRFLOW_CTX_TRY_NUMBER='1' AIRFLOW_CTX_DAG_RUN_ID='scheduled__2024-07-02T14:55:00+00:00'
[2024-07-03T12:05:30.078+0000] {logging_mixin.py:151} INFO - path of config file:  /opt/***
[2024-07-03T12:05:30.079+0000] {logging_mixin.py:151} INFO - #>2024-07-03 12:05:30.079221_User@StatDep: EmailRobot in screated.
[2024-07-03T12:05:30.079+0000] {logging_mixin.py:151} INFO - #>2024-07-03 12:05:30.079404_User@StatDep: get_for_recent_emails is started...
[2024-07-03T12:05:30.079+0000] {logging_mixin.py:151} INFO - #>2024-07-03 12:05:30.079537_User@StatDep: pop3_fetch_emails isstarted...
[2024-07-03T12:05:30.470+0000] {logging_mixin.py:151} INFO -    b'+OK'
[2024-07-03T12:05:30.917+0000] {logging_mixin.py:151} INFO -    mailbox have 1 emails and the robot can process 10
[2024-07-03T12:05:31.360+0000] {logging_mixin.py:151} INFO -    #>2024-07-03 12:05:31.360754_conneciton to db is set.
[2024-07-03T12:05:31.366+0000] {taskinstance.py:1943} ERROR - Task failed with exception
Traceback (most recent call last):
  File "/home/airflow/.local/lib/python3.8/site-packages/airflow/operators/python.py", line 192, in execute
    return_value = self.execute_callable()
  File "/home/airflow/.local/lib/python3.8/site-packages/airflow/operators/python.py", line 209, in execute_callable
    return self.python_callable(*self.op_args, **self.op_kwargs)
  File "/opt/airflow/dags/dag_email_robot.py", line 25, in get_emails
    robot.fetch_emails()
  File "/opt/airflow/dags/emailRobot.py", line 62, in fetch_emails
    return self.pop3_fetch_emails()
  File "/opt/airflow/dags/emailRobot.py", line 156, in pop3_fetch_emails
    cursor.execute (query, insert_values)
psycopg2.errors.UndefinedTable: relation "sma_stat_dep.tbl_file_upload" does not exist
LINE 1: ...) AS (INSERT INTO                                 sma_stat_d...
                                                             ^

[2024-07-03T12:05:31.379+0000] {taskinstance.py:1400} INFO - Marking task as FAILED. dag_id=reports_workflow, task_id=id_task_get_emails, execution_date=20240702T145500, start_date=20240703T120529, end_date=20240703T120531
[2024-07-03T12:05:31.395+0000] {standard_task_runner.py:104} ERROR - Failed to execute job 865 for task id_task_get_emails (relation "sma_stat_dep.tbl_file_upload" does not exist
LINE 1: ...) AS (INSERT INTO                                 sma_stat_d...
                                                             ^
; 23517)
[2024-07-03T12:05:31.407+0000] {local_task_job_runner.py:228} INFO - Task exited with return code 1
[2024-07-03T12:05:31.435+0000] {taskinstance.py:2784} INFO - 0 downstream tasks scheduled from follow-on schedule check
[2024-07-03T12:25:20.788+0000] {taskinstance.py:1159} INFO - Dependencies all met for dep_context=non-requeueable deps ti=<TaskInstance: reports_workflow.id_task_get_emails scheduled__2024-07-02T14:55:00+00:00 [queued]>
[2024-07-03T12:25:20.824+0000] {taskinstance.py:1159} INFO - Dependencies all met for dep_context=requeueable deps ti=<TaskInstance: reports_workflow.id_task_get_emails scheduled__2024-07-02T14:55:00+00:00 [queued]>
[2024-07-03T12:25:20.824+0000] {taskinstance.py:1361} INFO - Starting attempt 1 of 1
[2024-07-03T12:25:20.854+0000] {taskinstance.py:1382} INFO - Executing <Task(PythonOperator): id_task_get_emails> on 2024-07-02 14:55:00+00:00
[2024-07-03T12:25:20.864+0000] {standard_task_runner.py:57} INFO - Started process 24562 to run task
[2024-07-03T12:25:20.872+0000] {standard_task_runner.py:84} INFO - Running: ['***', 'tasks', 'run', 'reports_workflow', 'id_task_get_emails', 'scheduled__2024-07-02T14:55:00+00:00', '--job-id', '1238', '--raw', '--subdir', 'DAGS_FOLDER/dag_email_robot.py', '--cfg-path', '/tmp/tmpl5g53tms']
[2024-07-03T12:25:20.874+0000] {standard_task_runner.py:85} INFO - Job 1238: Subtask id_task_get_emails
[2024-07-03T12:25:20.957+0000] {task_command.py:415} INFO - Running <TaskInstance: reports_workflow.id_task_get_emails scheduled__2024-07-02T14:55:00+00:00 [running]> on host 6f4ef5488251
[2024-07-03T12:25:21.054+0000] {taskinstance.py:1660} INFO - Exporting env vars: AIRFLOW_CTX_DAG_OWNER='FIRDAVS' AIRFLOW_CTX_DAG_ID='reports_workflow' AIRFLOW_CTX_TASK_ID='id_task_get_emails' AIRFLOW_CTX_EXECUTION_DATE='2024-07-02T14:55:00+00:00' AIRFLOW_CTX_TRY_NUMBER='1' AIRFLOW_CTX_DAG_RUN_ID='scheduled__2024-07-02T14:55:00+00:00'
[2024-07-03T12:25:21.055+0000] {logging_mixin.py:151} INFO - path of config file:  /opt/***
[2024-07-03T12:25:21.056+0000] {logging_mixin.py:151} INFO - #>2024-07-03 12:25:21.056153_User@StatDep: EmailRobot in screated.
[2024-07-03T12:25:21.056+0000] {logging_mixin.py:151} INFO - #>2024-07-03 12:25:21.056311_User@StatDep: get_for_recent_emails is started...
[2024-07-03T12:25:21.056+0000] {logging_mixin.py:151} INFO - #>2024-07-03 12:25:21.056437_User@StatDep: pop3_fetch_emails isstarted...
[2024-07-03T12:25:21.468+0000] {logging_mixin.py:151} INFO -    b'+OK'
[2024-07-03T12:25:21.791+0000] {logging_mixin.py:151} INFO -    mailbox have 0 emails and the robot can process 10
[2024-07-03T12:25:21.791+0000] {logging_mixin.py:151} INFO - #>2024-07-03 12:25:21.791326_User@StatDep: no emails to process, exiting pop3_fetch_emails()...
[2024-07-03T12:25:21.791+0000] {python.py:194} INFO - Done. Returned value was: True
[2024-07-03T12:25:21.843+0000] {taskinstance.py:1400} INFO - Marking task as SUCCESS. dag_id=reports_workflow, task_id=id_task_get_emails, execution_date=20240702T145500, start_date=20240703T122520, end_date=20240703T122521
[2024-07-03T12:25:22.468+0000] {local_task_job_runner.py:228} INFO - Task exited with return code 0
[2024-07-03T12:25:22.582+0000] {taskinstance.py:2784} INFO - 0 downstream tasks scheduled from follow-on schedule check
