[2024-07-09T10:15:04.535+0000] {taskinstance.py:1159} INFO - Dependencies all met for dep_context=non-requeueable deps ti=<TaskInstance: reports_workflow.id_task_send_emails scheduled__2024-07-09T10:10:00+00:00 [queued]>
[2024-07-09T10:15:04.545+0000] {taskinstance.py:1159} INFO - Dependencies all met for dep_context=requeueable deps ti=<TaskInstance: reports_workflow.id_task_send_emails scheduled__2024-07-09T10:10:00+00:00 [queued]>
[2024-07-09T10:15:04.545+0000] {taskinstance.py:1361} INFO - Starting attempt 1 of 2
[2024-07-09T10:15:04.556+0000] {taskinstance.py:1382} INFO - Executing <Task(PythonOperator): id_task_send_emails> on 2024-07-09 10:10:00+00:00
[2024-07-09T10:15:04.562+0000] {standard_task_runner.py:57} INFO - Started process 31436 to run task
[2024-07-09T10:15:04.572+0000] {standard_task_runner.py:84} INFO - Running: ['***', 'tasks', 'run', 'reports_workflow', 'id_task_send_emails', 'scheduled__2024-07-09T10:10:00+00:00', '--job-id', '4284', '--raw', '--subdir', 'DAGS_FOLDER/dag_email_robot.py', '--cfg-path', '/tmp/tmpra9ddhc5']
[2024-07-09T10:15:04.576+0000] {standard_task_runner.py:85} INFO - Job 4284: Subtask id_task_send_emails
[2024-07-09T10:15:04.641+0000] {task_command.py:415} INFO - Running <TaskInstance: reports_workflow.id_task_send_emails scheduled__2024-07-09T10:10:00+00:00 [running]> on host 6f4ef5488251
[2024-07-09T10:15:04.735+0000] {taskinstance.py:1660} INFO - Exporting env vars: AIRFLOW_CTX_DAG_OWNER='FIRDAVS' AIRFLOW_CTX_DAG_ID='reports_workflow' AIRFLOW_CTX_TASK_ID='id_task_send_emails' AIRFLOW_CTX_EXECUTION_DATE='2024-07-09T10:10:00+00:00' AIRFLOW_CTX_TRY_NUMBER='1' AIRFLOW_CTX_DAG_RUN_ID='scheduled__2024-07-09T10:10:00+00:00'
[2024-07-09T10:15:04.737+0000] {logging_mixin.py:151} INFO - path of config file:  /opt/***
[2024-07-09T10:15:04.737+0000] {logging_mixin.py:151} INFO - #>2024-07-09 10:15:04.737884_User@StatDep: EmailRobot in screated.
[2024-07-09T10:15:04.738+0000] {logging_mixin.py:151} INFO - #>2024-07-09 10:15:04.738128_User@StatDep: send_validation_results is started...
[2024-07-09T10:15:04.750+0000] {logging_mixin.py:151} INFO -    #>2024-07-09 10:15:04.750401_conneciton to db is set.
[2024-07-09T10:15:04.753+0000] {logging_mixin.py:151} INFO -    #>2024-07-09 10:15:04.753638_cursor execution is successful.
[2024-07-09T10:15:04.753+0000] {logging_mixin.py:151} INFO -    extracted information for about report sumbissions found...
[2024-07-09T10:15:04.756+0000] {logging_mixin.py:151} INFO - #>2024-07-09 10:15:04.756325_User@StatDep: email object ready to be sent:
[2024-07-09T10:15:05.262+0000] {logging_mixin.py:151} WARNING - send: 'ehlo [172.20.0.6]\r\n'
[2024-07-09T10:15:05.345+0000] {logging_mixin.py:151} WARNING - reply: b'250-smtp51.i.mail.ru\r\n'
[2024-07-09T10:15:05.346+0000] {logging_mixin.py:151} WARNING - reply: b'250-SIZE 73400320\r\n'
[2024-07-09T10:15:05.347+0000] {logging_mixin.py:151} WARNING - reply: b'250-8BITMIME\r\n'
[2024-07-09T10:15:05.347+0000] {logging_mixin.py:151} WARNING - reply: b'250-PIPELINING\r\n'
[2024-07-09T10:15:05.347+0000] {logging_mixin.py:151} WARNING - reply: b'250-DSN\r\n'
[2024-07-09T10:15:05.348+0000] {logging_mixin.py:151} WARNING - reply: b'250-SMTPUTF8\r\n'
[2024-07-09T10:15:05.348+0000] {logging_mixin.py:151} WARNING - reply: b'250 AUTH PLAIN LOGIN XOAUTH2\r\n'
[2024-07-09T10:15:05.348+0000] {logging_mixin.py:151} WARNING - reply: retcode (250); Msg: b'smtp51.i.mail.ru\nSIZE 73400320\n8BITMIME\nPIPELINING\nDSN\nSMTPUTF8\nAUTH PLAIN LOGIN XOAUTH2'
[2024-07-09T10:15:05.349+0000] {logging_mixin.py:151} WARNING - send: 'AUTH PLAIN AGtoYWxpbXpvZEBsaXN0LnJ1AEdSWFFSakMyYms0cVpIQjI2VXFk\r\n'
[2024-07-09T10:15:05.559+0000] {logging_mixin.py:151} WARNING - reply: b'235 Authentication succeeded\r\n'
[2024-07-09T10:15:05.560+0000] {logging_mixin.py:151} WARNING - reply: retcode (235); Msg: b'Authentication succeeded'
[2024-07-09T10:15:05.564+0000] {logging_mixin.py:151} WARNING - send: 'mail FROM:<khalimzod@list.ru> size=1959\r\n'
[2024-07-09T10:15:05.631+0000] {logging_mixin.py:151} WARNING - reply: b'250 OK\r\n'
[2024-07-09T10:15:05.631+0000] {logging_mixin.py:151} WARNING - reply: retcode (250); Msg: b'OK'
[2024-07-09T10:15:05.632+0000] {logging_mixin.py:151} WARNING - send: 'rcpt TO:<firdavskhushkadamov@gmail.com>\r\n'
[2024-07-09T10:15:05.735+0000] {logging_mixin.py:151} WARNING - reply: b'250 Accepted\r\n'
[2024-07-09T10:15:05.735+0000] {logging_mixin.py:151} WARNING - reply: retcode (250); Msg: b'Accepted'
[2024-07-09T10:15:05.736+0000] {logging_mixin.py:151} WARNING - send: 'data\r\n'
[2024-07-09T10:15:05.801+0000] {logging_mixin.py:151} WARNING - reply: b'354 Enter message, ending with "." on a line by itself\r\n'
[2024-07-09T10:15:05.802+0000] {logging_mixin.py:151} WARNING - reply: retcode (354); Msg: b'Enter message, ending with "." on a line by itself'
[2024-07-09T10:15:05.802+0000] {logging_mixin.py:151} WARNING - data: (354, b'Enter message, ending with "." on a line by itself')
[2024-07-09T10:15:05.803+0000] {logging_mixin.py:151} WARNING - send: b'Content-Type: multipart/mixed; boundary="===============0520437498320743872=="\r\nMIME-Version: 1.0\r\nSubject: =?utf-8?b?b21vckBuYnQudGo6INGE0LDQudC7ICJISy52MC41NzA3LjMxMTIyMDI0IC0gQ29weS54bHN4IiDQt9Cw0LPRgNGD0LbQtdC90L3Ri9C1INCyIDIwMjQtMDctMDMgMTg6MzU6NDErMDA6MDAg0J3QlSDQn9Cg0JjQndCv0KI=?=\r\nFrom: khalimzod@list.ru\r\nTo: <firdavskhushkadamov@gmail.com>\r\n\r\n--===============0520437498320743872==\r\nContent-Type: text/plain; charset="utf-8"\r\nMIME-Version: 1.0\r\nContent-Transfer-Encoding: base64\r\n\r\n0JfQtNGA0LDQstGB0YLQstGD0LnRgtC1LCAKINCaINGB0L7QttCw0LvQtdC90LjRjiDRhNCw0LnQ\r\nuyDRgSDQuNC80LXQvdC10LwgSEsudjAuNTcwNy4zMTEyMjAyNCAtIENvcHkueGxzeCwg0LfQsNCz\r\n0YDRg9C20LXQvdC90YvQuSDQsiAyMDI0LTA3LTAzIDE4OjM1OjQxKzAwOjAwINC90LUg0LHRi9C7\r\nINC/0YDQuNC90Y/RgiDRgdC40YHRgtC10LzQvtC5INCw0LLRgtC+0LzQsNGC0LjRh9C10YHQutC+\r\n0Lkg0L7QsdGA0LDQsdC+0YLQutC4LiDQn9C+0LbQsNC70YPQudGB0YLQsCwg0L/RgNC+0LLQtdGA\r\n0YzRgtC1INC30LDQv9C+0LvQvdC10L3QuNC1INGE0LDQudC70LAuIAog0JTQvtC/0L7Qu9C90LjR\r\ngtC10LvRjNC90YvQtSDRgdCy0LXQtNC10L3RjNGPINC/0L4g0L7QsdC90LDRgNGD0LbQtdC90L3R\r\ni9C8INC+0YjQuNCx0LrQsNC8INC/0YDQuNC70L7QttC10L3QvdGLINC6INC/0LjRgdGM0LzRgy4K\r\nIEMg0YPQstCw0LbQtdC90LjQtdC8LCAKINCU0LXQv9Cw0YDRgtCw0LzQtdC90YIg0YHRgtCw0YLQ\r\nuNGB0YLQuNC60Lgg0Lgg0L/Qu9Cw0YLQtdC20L3QvtCz0L4g0LHQsNC70LDQvdGB0LAg\r\n\r\n--===============0520437498320743872==\r\nMIME-Version: 1.0\r\nContent-Type: application/text/csv; charset="utf-8"\r\nContent-Transfer-Encoding: base64\r\nContent-Transfer-Encoding: base64\r\ncontent-disposition: attachment; filename="HK.v0.5707.31122024 - Copy.xlsx_protocol.txt"\r\n\r\n0JTQsNGC0LAg0Lgg0LLRgNC10LzRjyDQv9C+0LvRg9GH0LXQvdC40Y8g0YTQsNC50LvQsCAtLS0t\r\nLS0tLS0tLS0tLS0tLS0tLSAyMDI0LTA3LTA5IDEwOjE1OjAyCgog0JTQu9GPINC/0L7Qu9GD0YfQ\r\ntdC90LjRjyDQtNCw0L3QvdC+0LPQviDQvtGC0YfQtdGC0LAg0L3QtSDRgdGD0YnQtdGB0YLQstGD\r\n0LXRgiDRgNCw0YHQv9C40YHQsNC90LjQtQog0LrQvtC70LjRh9C10YHRgtCy0L4g0L3QsNC50LTQ\r\ntdC90L3Ri9GFINC+0YjQuNCx0L7QuiAtLS0tLS0tLS0tLS0tLS0tLS0tLTE=\r\n\r\n--===============0520437498320743872==--\r\n.\r\n'
[2024-07-09T10:15:06.987+0000] {logging_mixin.py:151} WARNING - reply: b'250 OK id=1sR7sH-0000000GYh2-3El3\r\n'
[2024-07-09T10:15:06.988+0000] {logging_mixin.py:151} WARNING - reply: retcode (250); Msg: b'OK id=1sR7sH-0000000GYh2-3El3'
[2024-07-09T10:15:06.988+0000] {logging_mixin.py:151} WARNING - data: (250, b'OK id=1sR7sH-0000000GYh2-3El3')
[2024-07-09T10:15:06.988+0000] {logging_mixin.py:151} INFO - #>2024-07-09 10:15:06.988722_User@StatDep: email successfuly sent
[2024-07-09T10:15:06.989+0000] {logging_mixin.py:151} WARNING - send: 'QUIT\r\n'
[2024-07-09T10:15:07.272+0000] {logging_mixin.py:151} WARNING - reply: b'221 smtp51.i.mail.ru closing connection\r\n'
[2024-07-09T10:15:07.273+0000] {logging_mixin.py:151} WARNING - reply: retcode (221); Msg: b'smtp51.i.mail.ru closing connection'
[2024-07-09T10:15:07.273+0000] {logging_mixin.py:151} INFO -    finilizing processing for the reserved file uploads...
[2024-07-09T10:15:07.276+0000] {python.py:194} INFO - Done. Returned value was: True
[2024-07-09T10:15:07.316+0000] {taskinstance.py:1400} INFO - Marking task as SUCCESS. dag_id=reports_workflow, task_id=id_task_send_emails, execution_date=20240709T101000, start_date=20240709T101504, end_date=20240709T101507
[2024-07-09T10:15:07.347+0000] {local_task_job_runner.py:228} INFO - Task exited with return code 0
[2024-07-09T10:15:07.379+0000] {taskinstance.py:2784} INFO - 0 downstream tasks scheduled from follow-on schedule check
