[2024-07-08T06:05:04.739+0000] {taskinstance.py:1159} INFO - Dependencies all met for dep_context=non-requeueable deps ti=<TaskInstance: reports_workflow.id_task_send_emails scheduled__2024-07-08T06:00:00+00:00 [queued]>
[2024-07-08T06:05:04.748+0000] {taskinstance.py:1159} INFO - Dependencies all met for dep_context=requeueable deps ti=<TaskInstance: reports_workflow.id_task_send_emails scheduled__2024-07-08T06:00:00+00:00 [queued]>
[2024-07-08T06:05:04.749+0000] {taskinstance.py:1361} INFO - Starting attempt 1 of 2
[2024-07-08T06:05:04.761+0000] {taskinstance.py:1382} INFO - Executing <Task(PythonOperator): id_task_send_emails> on 2024-07-08 06:00:00+00:00
[2024-07-08T06:05:04.766+0000] {standard_task_runner.py:57} INFO - Started process 3340 to run task
[2024-07-08T06:05:04.776+0000] {standard_task_runner.py:84} INFO - Running: ['***', 'tasks', 'run', 'reports_workflow', 'id_task_send_emails', 'scheduled__2024-07-08T06:00:00+00:00', '--job-id', '3552', '--raw', '--subdir', 'DAGS_FOLDER/dag_email_robot.py', '--cfg-path', '/tmp/tmp_68yafpa']
[2024-07-08T06:05:04.781+0000] {standard_task_runner.py:85} INFO - Job 3552: Subtask id_task_send_emails
[2024-07-08T06:05:04.873+0000] {task_command.py:415} INFO - Running <TaskInstance: reports_workflow.id_task_send_emails scheduled__2024-07-08T06:00:00+00:00 [running]> on host 6f4ef5488251
[2024-07-08T06:05:04.980+0000] {taskinstance.py:1660} INFO - Exporting env vars: AIRFLOW_CTX_DAG_OWNER='FIRDAVS' AIRFLOW_CTX_DAG_ID='reports_workflow' AIRFLOW_CTX_TASK_ID='id_task_send_emails' AIRFLOW_CTX_EXECUTION_DATE='2024-07-08T06:00:00+00:00' AIRFLOW_CTX_TRY_NUMBER='1' AIRFLOW_CTX_DAG_RUN_ID='scheduled__2024-07-08T06:00:00+00:00'
[2024-07-08T06:05:04.982+0000] {logging_mixin.py:151} INFO - path of config file:  /opt/***
[2024-07-08T06:05:04.983+0000] {logging_mixin.py:151} INFO - #>2024-07-08 06:05:04.983292_User@StatDep: EmailRobot in screated.
[2024-07-08T06:05:04.983+0000] {logging_mixin.py:151} INFO - #>2024-07-08 06:05:04.983530_User@StatDep: send_validation_results is started...
[2024-07-08T06:05:04.994+0000] {logging_mixin.py:151} INFO -    #>2024-07-08 06:05:04.994036_conneciton to db is set.
[2024-07-08T06:05:04.995+0000] {logging_mixin.py:151} INFO -    #>2024-07-08 06:05:04.995715_cursor execution is successful.
[2024-07-08T06:05:04.995+0000] {logging_mixin.py:151} INFO -    There is no any new submissions found. The get_validation_results is over.
[2024-07-08T06:05:04.998+0000] {python.py:194} INFO - Done. Returned value was: True
[2024-07-08T06:05:05.019+0000] {taskinstance.py:1400} INFO - Marking task as SUCCESS. dag_id=reports_workflow, task_id=id_task_send_emails, execution_date=20240708T060000, start_date=20240708T060504, end_date=20240708T060505
[2024-07-08T06:05:05.063+0000] {local_task_job_runner.py:228} INFO - Task exited with return code 0
[2024-07-08T06:05:05.092+0000] {taskinstance.py:2784} INFO - 0 downstream tasks scheduled from follow-on schedule check
[2024-07-08T10:13:30.562+0000] {taskinstance.py:1159} INFO - Dependencies all met for dep_context=non-requeueable deps ti=<TaskInstance: reports_workflow.id_task_send_emails scheduled__2024-07-08T06:00:00+00:00 [queued]>
[2024-07-08T10:13:30.607+0000] {taskinstance.py:1159} INFO - Dependencies all met for dep_context=requeueable deps ti=<TaskInstance: reports_workflow.id_task_send_emails scheduled__2024-07-08T06:00:00+00:00 [queued]>
[2024-07-08T10:13:30.607+0000] {taskinstance.py:1361} INFO - Starting attempt 1 of 2
[2024-07-08T10:13:30.659+0000] {taskinstance.py:1382} INFO - Executing <Task(PythonOperator): id_task_send_emails> on 2024-07-08 06:00:00+00:00
[2024-07-08T10:13:30.684+0000] {standard_task_runner.py:57} INFO - Started process 7689 to run task
[2024-07-08T10:13:30.711+0000] {standard_task_runner.py:84} INFO - Running: ['***', 'tasks', 'run', 'reports_workflow', 'id_task_send_emails', 'scheduled__2024-07-08T06:00:00+00:00', '--job-id', '3723', '--raw', '--subdir', 'DAGS_FOLDER/dag_email_robot.py', '--cfg-path', '/tmp/tmpcmczlc3r']
[2024-07-08T10:13:30.732+0000] {standard_task_runner.py:85} INFO - Job 3723: Subtask id_task_send_emails
[2024-07-08T10:13:30.932+0000] {task_command.py:415} INFO - Running <TaskInstance: reports_workflow.id_task_send_emails scheduled__2024-07-08T06:00:00+00:00 [running]> on host 6f4ef5488251
[2024-07-08T10:13:31.165+0000] {taskinstance.py:1660} INFO - Exporting env vars: AIRFLOW_CTX_DAG_OWNER='FIRDAVS' AIRFLOW_CTX_DAG_ID='reports_workflow' AIRFLOW_CTX_TASK_ID='id_task_send_emails' AIRFLOW_CTX_EXECUTION_DATE='2024-07-08T06:00:00+00:00' AIRFLOW_CTX_TRY_NUMBER='1' AIRFLOW_CTX_DAG_RUN_ID='scheduled__2024-07-08T06:00:00+00:00'
[2024-07-08T10:13:31.167+0000] {logging_mixin.py:151} INFO - path of config file:  /opt/***
[2024-07-08T10:13:31.168+0000] {logging_mixin.py:151} INFO - #>2024-07-08 10:13:31.168308_User@StatDep: EmailRobot in screated.
[2024-07-08T10:13:31.168+0000] {logging_mixin.py:151} INFO - #>2024-07-08 10:13:31.168496_User@StatDep: send_validation_results is started...
[2024-07-08T10:13:32.719+0000] {logging_mixin.py:151} INFO -    #>2024-07-08 10:13:32.718967_conneciton to db is set.
[2024-07-08T10:13:32.915+0000] {logging_mixin.py:151} INFO -    #>2024-07-08 10:13:32.915222_cursor execution is successful.
[2024-07-08T10:13:32.915+0000] {logging_mixin.py:151} INFO -    There is no any new submissions found. The get_validation_results is over.
[2024-07-08T10:13:32.916+0000] {python.py:194} INFO - Done. Returned value was: True
[2024-07-08T10:13:33.029+0000] {taskinstance.py:1400} INFO - Marking task as SUCCESS. dag_id=reports_workflow, task_id=id_task_send_emails, execution_date=20240708T060000, start_date=20240708T101330, end_date=20240708T101333
[2024-07-08T10:13:33.067+0000] {local_task_job_runner.py:228} INFO - Task exited with return code 0
[2024-07-08T10:13:33.121+0000] {taskinstance.py:2784} INFO - 0 downstream tasks scheduled from follow-on schedule check
[2024-07-08T10:21:57.804+0000] {taskinstance.py:1159} INFO - Dependencies all met for dep_context=non-requeueable deps ti=<TaskInstance: reports_workflow.id_task_send_emails scheduled__2024-07-08T06:00:00+00:00 [queued]>
[2024-07-08T10:21:57.841+0000] {taskinstance.py:1159} INFO - Dependencies all met for dep_context=requeueable deps ti=<TaskInstance: reports_workflow.id_task_send_emails scheduled__2024-07-08T06:00:00+00:00 [queued]>
[2024-07-08T10:21:57.842+0000] {taskinstance.py:1361} INFO - Starting attempt 1 of 2
[2024-07-08T10:21:57.863+0000] {taskinstance.py:1382} INFO - Executing <Task(PythonOperator): id_task_send_emails> on 2024-07-08 06:00:00+00:00
[2024-07-08T10:21:57.871+0000] {standard_task_runner.py:57} INFO - Started process 7962 to run task
[2024-07-08T10:21:57.879+0000] {standard_task_runner.py:84} INFO - Running: ['***', 'tasks', 'run', 'reports_workflow', 'id_task_send_emails', 'scheduled__2024-07-08T06:00:00+00:00', '--job-id', '3776', '--raw', '--subdir', 'DAGS_FOLDER/dag_email_robot.py', '--cfg-path', '/tmp/tmpbyatcsd8']
[2024-07-08T10:21:57.883+0000] {standard_task_runner.py:85} INFO - Job 3776: Subtask id_task_send_emails
[2024-07-08T10:21:57.948+0000] {task_command.py:415} INFO - Running <TaskInstance: reports_workflow.id_task_send_emails scheduled__2024-07-08T06:00:00+00:00 [running]> on host 6f4ef5488251
[2024-07-08T10:21:58.034+0000] {taskinstance.py:1660} INFO - Exporting env vars: AIRFLOW_CTX_DAG_OWNER='FIRDAVS' AIRFLOW_CTX_DAG_ID='reports_workflow' AIRFLOW_CTX_TASK_ID='id_task_send_emails' AIRFLOW_CTX_EXECUTION_DATE='2024-07-08T06:00:00+00:00' AIRFLOW_CTX_TRY_NUMBER='1' AIRFLOW_CTX_DAG_RUN_ID='scheduled__2024-07-08T06:00:00+00:00'
[2024-07-08T10:21:58.037+0000] {logging_mixin.py:151} INFO - path of config file:  /opt/***
[2024-07-08T10:21:58.038+0000] {logging_mixin.py:151} INFO - #>2024-07-08 10:21:58.038227_User@StatDep: EmailRobot in screated.
[2024-07-08T10:21:58.038+0000] {logging_mixin.py:151} INFO - #>2024-07-08 10:21:58.038468_User@StatDep: send_validation_results is started...
[2024-07-08T10:21:58.048+0000] {logging_mixin.py:151} INFO -    #>2024-07-08 10:21:58.048076_conneciton to db is set.
[2024-07-08T10:21:58.051+0000] {logging_mixin.py:151} INFO -    #>2024-07-08 10:21:58.051193_cursor execution is successful.
[2024-07-08T10:21:58.051+0000] {logging_mixin.py:151} INFO -    There is no any new submissions found. The get_validation_results is over.
[2024-07-08T10:21:58.052+0000] {python.py:194} INFO - Done. Returned value was: True
[2024-07-08T10:21:58.089+0000] {taskinstance.py:1400} INFO - Marking task as SUCCESS. dag_id=reports_workflow, task_id=id_task_send_emails, execution_date=20240708T060000, start_date=20240708T102157, end_date=20240708T102158
[2024-07-08T10:21:58.133+0000] {local_task_job_runner.py:228} INFO - Task exited with return code 0
[2024-07-08T10:21:58.172+0000] {taskinstance.py:2784} INFO - 0 downstream tasks scheduled from follow-on schedule check
[2024-07-08T10:25:51.798+0000] {taskinstance.py:1159} INFO - Dependencies all met for dep_context=non-requeueable deps ti=<TaskInstance: reports_workflow.id_task_send_emails scheduled__2024-07-08T06:00:00+00:00 [queued]>
[2024-07-08T10:25:51.809+0000] {taskinstance.py:1159} INFO - Dependencies all met for dep_context=requeueable deps ti=<TaskInstance: reports_workflow.id_task_send_emails scheduled__2024-07-08T06:00:00+00:00 [queued]>
[2024-07-08T10:25:51.809+0000] {taskinstance.py:1361} INFO - Starting attempt 1 of 2
[2024-07-08T10:25:51.828+0000] {taskinstance.py:1382} INFO - Executing <Task(PythonOperator): id_task_send_emails> on 2024-07-08 06:00:00+00:00
[2024-07-08T10:25:51.834+0000] {standard_task_runner.py:57} INFO - Started process 8576 to run task
[2024-07-08T10:25:51.844+0000] {standard_task_runner.py:84} INFO - Running: ['***', 'tasks', 'run', 'reports_workflow', 'id_task_send_emails', 'scheduled__2024-07-08T06:00:00+00:00', '--job-id', '3963', '--raw', '--subdir', 'DAGS_FOLDER/dag_email_robot.py', '--cfg-path', '/tmp/tmpip5it9z2']
[2024-07-08T10:25:51.850+0000] {standard_task_runner.py:85} INFO - Job 3963: Subtask id_task_send_emails
[2024-07-08T10:25:51.940+0000] {task_command.py:415} INFO - Running <TaskInstance: reports_workflow.id_task_send_emails scheduled__2024-07-08T06:00:00+00:00 [running]> on host 6f4ef5488251
[2024-07-08T10:25:52.047+0000] {taskinstance.py:1660} INFO - Exporting env vars: AIRFLOW_CTX_DAG_OWNER='FIRDAVS' AIRFLOW_CTX_DAG_ID='reports_workflow' AIRFLOW_CTX_TASK_ID='id_task_send_emails' AIRFLOW_CTX_EXECUTION_DATE='2024-07-08T06:00:00+00:00' AIRFLOW_CTX_TRY_NUMBER='1' AIRFLOW_CTX_DAG_RUN_ID='scheduled__2024-07-08T06:00:00+00:00'
[2024-07-08T10:25:52.049+0000] {logging_mixin.py:151} INFO - path of config file:  /opt/***
[2024-07-08T10:25:52.050+0000] {logging_mixin.py:151} INFO - #>2024-07-08 10:25:52.050778_User@StatDep: EmailRobot in screated.
[2024-07-08T10:25:52.051+0000] {logging_mixin.py:151} INFO - #>2024-07-08 10:25:52.051010_User@StatDep: send_validation_results is started...
[2024-07-08T10:25:52.065+0000] {logging_mixin.py:151} INFO -    #>2024-07-08 10:25:52.065543_conneciton to db is set.
[2024-07-08T10:25:52.067+0000] {logging_mixin.py:151} INFO -    #>2024-07-08 10:25:52.067860_cursor execution is successful.
[2024-07-08T10:25:52.068+0000] {logging_mixin.py:151} INFO -    There is no any new submissions found. The get_validation_results is over.
[2024-07-08T10:25:52.069+0000] {python.py:194} INFO - Done. Returned value was: True
[2024-07-08T10:25:52.090+0000] {taskinstance.py:1400} INFO - Marking task as SUCCESS. dag_id=reports_workflow, task_id=id_task_send_emails, execution_date=20240708T060000, start_date=20240708T102551, end_date=20240708T102552
[2024-07-08T10:25:52.133+0000] {local_task_job_runner.py:228} INFO - Task exited with return code 0
[2024-07-08T10:25:52.165+0000] {taskinstance.py:2784} INFO - 0 downstream tasks scheduled from follow-on schedule check
[2024-07-08T10:26:42.554+0000] {taskinstance.py:1159} INFO - Dependencies all met for dep_context=non-requeueable deps ti=<TaskInstance: reports_workflow.id_task_send_emails scheduled__2024-07-08T06:00:00+00:00 [queued]>
[2024-07-08T10:26:42.569+0000] {taskinstance.py:1159} INFO - Dependencies all met for dep_context=requeueable deps ti=<TaskInstance: reports_workflow.id_task_send_emails scheduled__2024-07-08T06:00:00+00:00 [queued]>
[2024-07-08T10:26:42.569+0000] {taskinstance.py:1361} INFO - Starting attempt 1 of 2
[2024-07-08T10:26:42.585+0000] {taskinstance.py:1382} INFO - Executing <Task(PythonOperator): id_task_send_emails> on 2024-07-08 06:00:00+00:00
[2024-07-08T10:26:42.591+0000] {standard_task_runner.py:57} INFO - Started process 8654 to run task
[2024-07-08T10:26:42.597+0000] {standard_task_runner.py:84} INFO - Running: ['***', 'tasks', 'run', 'reports_workflow', 'id_task_send_emails', 'scheduled__2024-07-08T06:00:00+00:00', '--job-id', '3986', '--raw', '--subdir', 'DAGS_FOLDER/dag_email_robot.py', '--cfg-path', '/tmp/tmpapy14xky']
[2024-07-08T10:26:42.600+0000] {standard_task_runner.py:85} INFO - Job 3986: Subtask id_task_send_emails
[2024-07-08T10:26:42.660+0000] {task_command.py:415} INFO - Running <TaskInstance: reports_workflow.id_task_send_emails scheduled__2024-07-08T06:00:00+00:00 [running]> on host 6f4ef5488251
[2024-07-08T10:26:42.763+0000] {taskinstance.py:1660} INFO - Exporting env vars: AIRFLOW_CTX_DAG_OWNER='FIRDAVS' AIRFLOW_CTX_DAG_ID='reports_workflow' AIRFLOW_CTX_TASK_ID='id_task_send_emails' AIRFLOW_CTX_EXECUTION_DATE='2024-07-08T06:00:00+00:00' AIRFLOW_CTX_TRY_NUMBER='1' AIRFLOW_CTX_DAG_RUN_ID='scheduled__2024-07-08T06:00:00+00:00'
[2024-07-08T10:26:42.765+0000] {logging_mixin.py:151} INFO - path of config file:  /opt/***
[2024-07-08T10:26:42.765+0000] {logging_mixin.py:151} INFO - #>2024-07-08 10:26:42.765670_User@StatDep: EmailRobot in screated.
[2024-07-08T10:26:42.765+0000] {logging_mixin.py:151} INFO - #>2024-07-08 10:26:42.765893_User@StatDep: send_validation_results is started...
[2024-07-08T10:26:42.777+0000] {logging_mixin.py:151} INFO -    #>2024-07-08 10:26:42.777366_conneciton to db is set.
[2024-07-08T10:26:42.779+0000] {logging_mixin.py:151} INFO -    #>2024-07-08 10:26:42.779247_cursor execution is successful.
[2024-07-08T10:26:42.779+0000] {logging_mixin.py:151} INFO -    There is no any new submissions found. The get_validation_results is over.
[2024-07-08T10:26:42.782+0000] {python.py:194} INFO - Done. Returned value was: True
[2024-07-08T10:26:42.817+0000] {taskinstance.py:1400} INFO - Marking task as SUCCESS. dag_id=reports_workflow, task_id=id_task_send_emails, execution_date=20240708T060000, start_date=20240708T102642, end_date=20240708T102642
[2024-07-08T10:26:42.850+0000] {local_task_job_runner.py:228} INFO - Task exited with return code 0
[2024-07-08T10:26:42.886+0000] {taskinstance.py:2784} INFO - 0 downstream tasks scheduled from follow-on schedule check
