[2024-07-23T10:36:50.382+0000] {taskinstance.py:1159} INFO - Dependencies all met for dep_context=non-requeueable deps ti=<TaskInstance: reports_workflow.id_task_send_emails scheduled__2024-07-23T10:30:00+00:00 [queued]>
[2024-07-23T10:36:50.390+0000] {taskinstance.py:1159} INFO - Dependencies all met for dep_context=requeueable deps ti=<TaskInstance: reports_workflow.id_task_send_emails scheduled__2024-07-23T10:30:00+00:00 [queued]>
[2024-07-23T10:36:50.391+0000] {taskinstance.py:1361} INFO - Starting attempt 1 of 2
[2024-07-23T10:36:50.403+0000] {taskinstance.py:1382} INFO - Executing <Task(PythonOperator): id_task_send_emails> on 2024-07-23 10:30:00+00:00
[2024-07-23T10:36:50.409+0000] {standard_task_runner.py:57} INFO - Started process 85556 to run task
[2024-07-23T10:36:50.418+0000] {standard_task_runner.py:84} INFO - Running: ['***', 'tasks', 'run', 'reports_workflow', 'id_task_send_emails', 'scheduled__2024-07-23T10:30:00+00:00', '--job-id', '7231', '--raw', '--subdir', 'DAGS_FOLDER/dag_email_robot.py', '--cfg-path', '/tmp/tmpcq191wiw']
[2024-07-23T10:36:50.423+0000] {standard_task_runner.py:85} INFO - Job 7231: Subtask id_task_send_emails
[2024-07-23T10:36:50.618+0000] {task_command.py:415} INFO - Running <TaskInstance: reports_workflow.id_task_send_emails scheduled__2024-07-23T10:30:00+00:00 [running]> on host 6f4ef5488251
[2024-07-23T10:36:50.831+0000] {taskinstance.py:1660} INFO - Exporting env vars: AIRFLOW_CTX_DAG_OWNER='FIRDAVS' AIRFLOW_CTX_DAG_ID='reports_workflow' AIRFLOW_CTX_TASK_ID='id_task_send_emails' AIRFLOW_CTX_EXECUTION_DATE='2024-07-23T10:30:00+00:00' AIRFLOW_CTX_TRY_NUMBER='1' AIRFLOW_CTX_DAG_RUN_ID='scheduled__2024-07-23T10:30:00+00:00'
[2024-07-23T10:36:50.833+0000] {logging_mixin.py:151} INFO - path of config file:  /opt/***
[2024-07-23T10:36:50.834+0000] {logging_mixin.py:151} INFO - #>2024-07-23 10:36:50.834158_User@StatDep: EmailRobot in screated.
[2024-07-23T10:36:50.834+0000] {logging_mixin.py:151} INFO - #>2024-07-23 10:36:50.834392_User@StatDep: send_validation_results is started...
[2024-07-23T10:36:50.846+0000] {logging_mixin.py:151} INFO -    #>2024-07-23 10:36:50.846815_conneciton to db is set.
[2024-07-23T10:36:50.850+0000] {logging_mixin.py:151} INFO -    #>2024-07-23 10:36:50.850316_cursor execution is successful.
[2024-07-23T10:36:50.850+0000] {logging_mixin.py:151} INFO -    extracted information for about report sumbissions found...
[2024-07-23T10:36:50.854+0000] {logging_mixin.py:151} INFO - #>2024-07-23 10:36:50.854554_User@StatDep: email object ready to be sent:
[2024-07-23T10:36:51.343+0000] {logging_mixin.py:151} WARNING - send: 'ehlo [172.20.0.6]\r\n'
[2024-07-23T10:36:51.412+0000] {logging_mixin.py:151} WARNING - reply: b'250-smtp46.i.mail.ru\r\n'
[2024-07-23T10:36:51.413+0000] {logging_mixin.py:151} WARNING - reply: b'250-SIZE 73400320\r\n'
[2024-07-23T10:36:51.414+0000] {logging_mixin.py:151} WARNING - reply: b'250-8BITMIME\r\n'
[2024-07-23T10:36:51.415+0000] {logging_mixin.py:151} WARNING - reply: b'250-PIPELINING\r\n'
[2024-07-23T10:36:51.416+0000] {logging_mixin.py:151} WARNING - reply: b'250-DSN\r\n'
[2024-07-23T10:36:51.416+0000] {logging_mixin.py:151} WARNING - reply: b'250-SMTPUTF8\r\n'
[2024-07-23T10:36:51.417+0000] {logging_mixin.py:151} WARNING - reply: b'250 AUTH PLAIN LOGIN XOAUTH2\r\n'
[2024-07-23T10:36:51.418+0000] {logging_mixin.py:151} WARNING - reply: retcode (250); Msg: b'smtp46.i.mail.ru\nSIZE 73400320\n8BITMIME\nPIPELINING\nDSN\nSMTPUTF8\nAUTH PLAIN LOGIN XOAUTH2'
[2024-07-23T10:36:51.419+0000] {logging_mixin.py:151} WARNING - send: 'AUTH PLAIN AGtoYWxpbXpvZEBsaXN0LnJ1AEdSWFFSakMyYms0cVpIQjI2VXFk\r\n'
[2024-07-23T10:36:51.756+0000] {logging_mixin.py:151} WARNING - reply: b'235 Authentication succeeded\r\n'
[2024-07-23T10:36:51.757+0000] {logging_mixin.py:151} WARNING - reply: retcode (235); Msg: b'Authentication succeeded'
[2024-07-23T10:36:51.762+0000] {logging_mixin.py:151} WARNING - send: 'mail FROM:<khalimzod@list.ru> size=1936\r\n'
[2024-07-23T10:36:51.832+0000] {logging_mixin.py:151} WARNING - reply: b'250 OK\r\n'
[2024-07-23T10:36:51.833+0000] {logging_mixin.py:151} WARNING - reply: retcode (250); Msg: b'OK'
[2024-07-23T10:36:51.834+0000] {logging_mixin.py:151} WARNING - send: 'rcpt TO:<firdavskhushkadamov@gmail.com>\r\n'
[2024-07-23T10:36:51.914+0000] {logging_mixin.py:151} WARNING - reply: b'250 Accepted\r\n'
[2024-07-23T10:36:51.915+0000] {logging_mixin.py:151} WARNING - reply: retcode (250); Msg: b'Accepted'
[2024-07-23T10:36:51.916+0000] {logging_mixin.py:151} WARNING - send: 'data\r\n'
[2024-07-23T10:36:51.987+0000] {logging_mixin.py:151} WARNING - reply: b'354 Enter message, ending with "." on a line by itself\r\n'
[2024-07-23T10:36:51.988+0000] {logging_mixin.py:151} WARNING - reply: retcode (354); Msg: b'Enter message, ending with "." on a line by itself'
[2024-07-23T10:36:51.989+0000] {logging_mixin.py:151} WARNING - data: (354, b'Enter message, ending with "." on a line by itself')
[2024-07-23T10:36:51.991+0000] {logging_mixin.py:151} WARNING - send: b'Content-Type: multipart/mixed; boundary="===============1795081454455066575=="\r\nMIME-Version: 1.0\r\nSubject: =?utf-8?b?b21vckBuYnQudGo6INGE0LDQudC7ICJISy52MC41NzA3LjMxMTIyMDI0Lnhsc3giINC30LDQs9GA0YPQttC10L3QvdGL0LUg0LIgMjAyNC0wNy0wOCAxNTozMjo1MCswMDowMCDQndCVINCf0KDQmNCd0K/Qog==?=\r\nFrom: khalimzod@list.ru\r\nTo: <firdavskhushkadamov@gmail.com>\r\n\r\n--===============1795081454455066575==\r\nContent-Type: text/plain; charset="utf-8"\r\nMIME-Version: 1.0\r\nContent-Transfer-Encoding: base64\r\n\r\n0JfQtNGA0LDQstGB0YLQstGD0LnRgtC1LCAKINCaINGB0L7QttCw0LvQtdC90LjRjiDRhNCw0LnQ\r\nuyDRgSDQuNC80LXQvdC10LwgSEsudjAuNTcwNy4zMTEyMjAyNC54bHN4LCDQt9Cw0LPRgNGD0LbQ\r\ntdC90L3Ri9C5INCyIDIwMjQtMDctMDggMTU6MzI6NTArMDA6MDAg0L3QtSDQsdGL0Lsg0L/RgNC4\r\n0L3Rj9GCINGB0LjRgdGC0LXQvNC+0Lkg0LDQstGC0L7QvNCw0YLQuNGH0LXRgdC60L7QuSDQvtCx\r\n0YDQsNCx0L7RgtC60LguINCf0L7QttCw0LvRg9C50YHRgtCwLCDQv9GA0L7QstC10YDRjNGC0LUg\r\n0LfQsNC/0L7Qu9C90LXQvdC40LUg0YTQsNC50LvQsC4gCiDQlNC+0L/QvtC70L3QuNGC0LXQu9GM\r\n0L3Ri9C1INGB0LLQtdC00LXQvdGM0Y8g0L/QviDQvtCx0L3QsNGA0YPQttC10L3QvdGL0Lwg0L7R\r\niNC40LHQutCw0Lwg0L/RgNC40LvQvtC20LXQvdC90Ysg0Log0L/QuNGB0YzQvNGDLgogQyDRg9Cy\r\n0LDQttC10L3QuNC10LwsIAog0JTQtdC/0LDRgNGC0LDQvNC10L3RgiDRgdGC0LDRgtC40YHRgtC4\r\n0LrQuCDQuCDQv9C70LDRgtC10LbQvdC+0LPQviDQsdCw0LvQsNC90YHQsCA=\r\n\r\n--===============1795081454455066575==\r\nMIME-Version: 1.0\r\nContent-Type: application/text/csv; charset="utf-8"\r\nContent-Transfer-Encoding: base64\r\nContent-Transfer-Encoding: base64\r\ncontent-disposition: attachment; filename="HK.v0.5707.31122024.xlsx_protocol.txt"\r\n\r\n0JTQsNGC0LAg0Lgg0LLRgNC10LzRjyDQv9C+0LvRg9GH0LXQvdC40Y8g0YTQsNC50LvQsCAtLS0t\r\nLS0tLS0tLS0tLS0tLS0tLSAyMDI0LTA3LTIzIDA5OjIyOjUxCgog0JTQu9GPINC/0L7Qu9GD0YfQ\r\ntdC90LjRjyDQtNCw0L3QvdC+0LPQviDQvtGC0YfQtdGC0LAg0L3QtSDRgdGD0YnQtdGB0YLQstGD\r\n0LXRgiDRgNCw0YHQv9C40YHQsNC90LjQtQog0LrQvtC70LjRh9C10YHRgtCy0L4g0L3QsNC50LTQ\r\ntdC90L3Ri9GFINC+0YjQuNCx0L7QuiAtLS0tLS0tLS0tLS0tLS0tLS0tLTE=\r\n\r\n--===============1795081454455066575==--\r\n.\r\n'
[2024-07-23T10:36:53.634+0000] {logging_mixin.py:151} WARNING - reply: b'250 OK id=1sWCt1-000000000v8-3z2A\r\n'
[2024-07-23T10:36:53.635+0000] {logging_mixin.py:151} WARNING - reply: retcode (250); Msg: b'OK id=1sWCt1-000000000v8-3z2A'
[2024-07-23T10:36:53.637+0000] {logging_mixin.py:151} WARNING - data: (250, b'OK id=1sWCt1-000000000v8-3z2A')
[2024-07-23T10:36:53.638+0000] {logging_mixin.py:151} INFO - #>2024-07-23 10:36:53.638442_User@StatDep: email successfuly sent
[2024-07-23T10:36:53.639+0000] {logging_mixin.py:151} WARNING - send: 'QUIT\r\n'
[2024-07-23T10:36:53.908+0000] {logging_mixin.py:151} WARNING - reply: b'221 exim-smtp-65fb4546d8-dzzhc closing connection\r\n'
[2024-07-23T10:36:53.909+0000] {logging_mixin.py:151} WARNING - reply: retcode (221); Msg: b'exim-smtp-65fb4546d8-dzzhc closing connection'
[2024-07-23T10:36:53.911+0000] {logging_mixin.py:151} INFO - #>2024-07-23 10:36:53.911791_User@StatDep: email object ready to be sent:
[2024-07-23T10:36:54.516+0000] {logging_mixin.py:151} WARNING - send: 'ehlo [172.20.0.6]\r\n'
[2024-07-23T10:36:54.578+0000] {logging_mixin.py:151} WARNING - reply: b'250-smtp17.i.mail.ru\r\n'
[2024-07-23T10:36:54.579+0000] {logging_mixin.py:151} WARNING - reply: b'250-SIZE 73400320\r\n'
[2024-07-23T10:36:54.580+0000] {logging_mixin.py:151} WARNING - reply: b'250-8BITMIME\r\n'
[2024-07-23T10:36:54.581+0000] {logging_mixin.py:151} WARNING - reply: b'250-PIPELINING\r\n'
[2024-07-23T10:36:54.581+0000] {logging_mixin.py:151} WARNING - reply: b'250-DSN\r\n'
[2024-07-23T10:36:54.582+0000] {logging_mixin.py:151} WARNING - reply: b'250-SMTPUTF8\r\n'
[2024-07-23T10:36:54.583+0000] {logging_mixin.py:151} WARNING - reply: b'250 AUTH PLAIN LOGIN XOAUTH2\r\n'
[2024-07-23T10:36:54.584+0000] {logging_mixin.py:151} WARNING - reply: retcode (250); Msg: b'smtp17.i.mail.ru\nSIZE 73400320\n8BITMIME\nPIPELINING\nDSN\nSMTPUTF8\nAUTH PLAIN LOGIN XOAUTH2'
[2024-07-23T10:36:54.585+0000] {logging_mixin.py:151} WARNING - send: 'AUTH PLAIN AGtoYWxpbXpvZEBsaXN0LnJ1AEdSWFFSakMyYms0cVpIQjI2VXFk\r\n'
[2024-07-23T10:36:54.794+0000] {logging_mixin.py:151} WARNING - reply: b'235 Authentication succeeded\r\n'
[2024-07-23T10:36:54.794+0000] {logging_mixin.py:151} WARNING - reply: retcode (235); Msg: b'Authentication succeeded'
[2024-07-23T10:36:54.796+0000] {logging_mixin.py:151} WARNING - send: 'mail FROM:<khalimzod@list.ru> size=1516\r\n'
[2024-07-23T10:36:54.870+0000] {logging_mixin.py:151} WARNING - reply: b'250 OK\r\n'
[2024-07-23T10:36:54.871+0000] {logging_mixin.py:151} WARNING - reply: retcode (250); Msg: b'OK'
[2024-07-23T10:36:54.871+0000] {logging_mixin.py:151} WARNING - send: 'rcpt TO:<ihalimzod@nbt.tj>\r\n'
[2024-07-23T10:36:54.941+0000] {logging_mixin.py:151} WARNING - reply: b'250 Accepted\r\n'
[2024-07-23T10:36:54.941+0000] {logging_mixin.py:151} WARNING - reply: retcode (250); Msg: b'Accepted'
[2024-07-23T10:36:54.942+0000] {logging_mixin.py:151} WARNING - send: 'data\r\n'
[2024-07-23T10:36:55.009+0000] {logging_mixin.py:151} WARNING - reply: b'354 Enter message, ending with "." on a line by itself\r\n'
[2024-07-23T10:36:55.009+0000] {logging_mixin.py:151} WARNING - reply: retcode (354); Msg: b'Enter message, ending with "." on a line by itself'
[2024-07-23T10:36:55.010+0000] {logging_mixin.py:151} WARNING - data: (354, b'Enter message, ending with "." on a line by itself')
[2024-07-23T10:36:55.011+0000] {logging_mixin.py:151} WARNING - send: b'Content-Type: multipart/mixed; boundary="===============5654341516674314025=="\r\nMIME-Version: 1.0\r\nSubject: =?utf-8?b?b21vckBuYnQudGo6INGE0LDQudC7ICIxSEsudjAuMTM2OS4zMTAxMjAyNC54bHN4Iiwg0LfQsNCz0YDRg9C20LXQvdC90YvQtSDQsiAyMDI0LTA3LTAzIDE1OjMzOjUyKzAwOjAwLCDQn9Cg0JjQndCv0KIg0KPQodCf0JXQqNCd0J4=?=\r\nFrom: khalimzod@list.ru\r\nTo: <ihalimzod@nbt.tj>\r\n\r\n--===============5654341516674314025==\r\nContent-Type: text/plain; charset="utf-8"\r\nMIME-Version: 1.0\r\nContent-Transfer-Encoding: base64\r\n\r\n0JfQtNGA0LDQstGB0YLQstGD0LnRgtC1LCAKINGE0LDQudC7IDFISy52MC4xMzY5LjMxMDEyMDI0\r\nLnhsc3gsINC30LDQs9GA0YPQttC10L3QvdGL0Lkg0LIgMjAyNC0wNy0wMyAxNTozMzo1MiswMDow\r\nMCwg0LHRi9C7INGD0YHQv9C10YjQvdC+INC/0YDQvtCy0LXRgNC10L0g0Lgg0L/RgNC40L3Rj9GC\r\nINGB0LjRgdGC0LXQvNC+0Lkg0LDQstGC0L7QvNCw0YLQuNGH0LXRgdC60L7QuSDQvtCx0YDQsNCx\r\n0L7RgtC60LguCiBDINGD0LLQsNC20LXQvdC40LXQvCwgCiDQlNC10L/QsNGA0YLQsNC80LXQvdGC\r\nINGB0YLQsNGC0LjRgdGC0LjQutC4INC4INC/0LvQsNGC0LXQttC90L7Qs9C+INCx0LDQu9Cw0L3R\r\ngdCw\r\n\r\n--===============5654341516674314025==\r\nMIME-Version: 1.0\r\nContent-Type: application/text/csv; charset="utf-8"\r\nContent-Transfer-Encoding: base64\r\nContent-Transfer-Encoding: base64\r\ncontent-disposition: attachment; filename="1HK.v0.1369.31012024.xlsx_protocol.txt"\r\n\r\n0JTQsNGC0LAg0Lgg0LLRgNC10LzRjyDQv9C+0LvRg9GH0LXQvdC40Y8g0YTQsNC50LvQsCAtLS0t\r\nLS0tLS0tLS0tLS0tLS0tLSAyMDI0LTA3LTIzIDExOjM0OjU0CgogCgog0LrQvtC70LjRh9C10YHR\r\ngtCy0L4g0L3QsNC50LTQtdC90L3Ri9GFINC+0YjQuNCx0L7QuiAtLS0tLS0tLS0tLS0tLS0tLS0t\r\nLTA=\r\n\r\n--===============5654341516674314025==--\r\n.\r\n'
[2024-07-23T10:36:57.114+0000] {logging_mixin.py:151} WARNING - reply: b'250 OK id=1sWCt4-00000000Goa-45ZV\r\n'
[2024-07-23T10:36:57.115+0000] {logging_mixin.py:151} WARNING - reply: retcode (250); Msg: b'OK id=1sWCt4-00000000Goa-45ZV'
[2024-07-23T10:36:57.115+0000] {logging_mixin.py:151} WARNING - data: (250, b'OK id=1sWCt4-00000000Goa-45ZV')
[2024-07-23T10:36:57.115+0000] {logging_mixin.py:151} INFO - #>2024-07-23 10:36:57.115721_User@StatDep: email successfuly sent
[2024-07-23T10:36:57.116+0000] {logging_mixin.py:151} WARNING - send: 'QUIT\r\n'
[2024-07-23T10:36:57.381+0000] {logging_mixin.py:151} WARNING - reply: b'221 exim-smtp-65fb4546d8-92wpt closing connection\r\n'
[2024-07-23T10:36:57.381+0000] {logging_mixin.py:151} WARNING - reply: retcode (221); Msg: b'exim-smtp-65fb4546d8-92wpt closing connection'
[2024-07-23T10:36:57.382+0000] {logging_mixin.py:151} INFO - #>2024-07-23 10:36:57.382548_User@StatDep: email object ready to be sent:
[2024-07-23T10:36:57.953+0000] {logging_mixin.py:151} WARNING - send: 'ehlo [172.20.0.6]\r\n'
[2024-07-23T10:36:58.030+0000] {logging_mixin.py:151} WARNING - reply: b'250-smtp50.i.mail.ru\r\n'
[2024-07-23T10:36:58.031+0000] {logging_mixin.py:151} WARNING - reply: b'250-SIZE 73400320\r\n'
[2024-07-23T10:36:58.032+0000] {logging_mixin.py:151} WARNING - reply: b'250-8BITMIME\r\n'
[2024-07-23T10:36:58.032+0000] {logging_mixin.py:151} WARNING - reply: b'250-PIPELINING\r\n'
[2024-07-23T10:36:58.033+0000] {logging_mixin.py:151} WARNING - reply: b'250-DSN\r\n'
[2024-07-23T10:36:58.033+0000] {logging_mixin.py:151} WARNING - reply: b'250-SMTPUTF8\r\n'
[2024-07-23T10:36:58.034+0000] {logging_mixin.py:151} WARNING - reply: b'250 AUTH PLAIN LOGIN XOAUTH2\r\n'
[2024-07-23T10:36:58.034+0000] {logging_mixin.py:151} WARNING - reply: retcode (250); Msg: b'smtp50.i.mail.ru\nSIZE 73400320\n8BITMIME\nPIPELINING\nDSN\nSMTPUTF8\nAUTH PLAIN LOGIN XOAUTH2'
[2024-07-23T10:36:58.034+0000] {logging_mixin.py:151} WARNING - send: 'AUTH PLAIN AGtoYWxpbXpvZEBsaXN0LnJ1AEdSWFFSakMyYms0cVpIQjI2VXFk\r\n'
[2024-07-23T10:36:58.175+0000] {logging_mixin.py:151} WARNING - reply: b'235 Authentication succeeded\r\n'
[2024-07-23T10:36:58.176+0000] {logging_mixin.py:151} WARNING - reply: retcode (235); Msg: b'Authentication succeeded'
[2024-07-23T10:36:58.180+0000] {logging_mixin.py:151} WARNING - send: 'mail FROM:<khalimzod@list.ru> size=1936\r\n'
[2024-07-23T10:36:58.247+0000] {logging_mixin.py:151} WARNING - reply: b'250 OK\r\n'
[2024-07-23T10:36:58.248+0000] {logging_mixin.py:151} WARNING - reply: retcode (250); Msg: b'OK'
[2024-07-23T10:36:58.249+0000] {logging_mixin.py:151} WARNING - send: 'rcpt TO:<firdavskhushkadamov@gmail.com>\r\n'
[2024-07-23T10:36:58.323+0000] {logging_mixin.py:151} WARNING - reply: b'250 Accepted\r\n'
[2024-07-23T10:36:58.325+0000] {logging_mixin.py:151} WARNING - reply: retcode (250); Msg: b'Accepted'
[2024-07-23T10:36:58.325+0000] {logging_mixin.py:151} WARNING - send: 'data\r\n'
[2024-07-23T10:36:58.388+0000] {logging_mixin.py:151} WARNING - reply: b'354 Enter message, ending with "." on a line by itself\r\n'
[2024-07-23T10:36:58.389+0000] {logging_mixin.py:151} WARNING - reply: retcode (354); Msg: b'Enter message, ending with "." on a line by itself'
[2024-07-23T10:36:58.390+0000] {logging_mixin.py:151} WARNING - data: (354, b'Enter message, ending with "." on a line by itself')
[2024-07-23T10:36:58.391+0000] {logging_mixin.py:151} WARNING - send: b'Content-Type: multipart/mixed; boundary="===============3177826140403241195=="\r\nMIME-Version: 1.0\r\nSubject: =?utf-8?b?b21vckBuYnQudGo6INGE0LDQudC7ICJISy52MC41NzA3LjMxMTIyMDI0Lnhsc3giINC30LDQs9GA0YPQttC10L3QvdGL0LUg0LIgMjAyNC0wNy0wMyAxODozNTo0MSswMDowMCDQndCVINCf0KDQmNCd0K/Qog==?=\r\nFrom: khalimzod@list.ru\r\nTo: <firdavskhushkadamov@gmail.com>\r\n\r\n--===============3177826140403241195==\r\nContent-Type: text/plain; charset="utf-8"\r\nMIME-Version: 1.0\r\nContent-Transfer-Encoding: base64\r\n\r\n0JfQtNGA0LDQstGB0YLQstGD0LnRgtC1LCAKINCaINGB0L7QttCw0LvQtdC90LjRjiDRhNCw0LnQ\r\nuyDRgSDQuNC80LXQvdC10LwgSEsudjAuNTcwNy4zMTEyMjAyNC54bHN4LCDQt9Cw0LPRgNGD0LbQ\r\ntdC90L3Ri9C5INCyIDIwMjQtMDctMDMgMTg6MzU6NDErMDA6MDAg0L3QtSDQsdGL0Lsg0L/RgNC4\r\n0L3Rj9GCINGB0LjRgdGC0LXQvNC+0Lkg0LDQstGC0L7QvNCw0YLQuNGH0LXRgdC60L7QuSDQvtCx\r\n0YDQsNCx0L7RgtC60LguINCf0L7QttCw0LvRg9C50YHRgtCwLCDQv9GA0L7QstC10YDRjNGC0LUg\r\n0LfQsNC/0L7Qu9C90LXQvdC40LUg0YTQsNC50LvQsC4gCiDQlNC+0L/QvtC70L3QuNGC0LXQu9GM\r\n0L3Ri9C1INGB0LLQtdC00LXQvdGM0Y8g0L/QviDQvtCx0L3QsNGA0YPQttC10L3QvdGL0Lwg0L7R\r\niNC40LHQutCw0Lwg0L/RgNC40LvQvtC20LXQvdC90Ysg0Log0L/QuNGB0YzQvNGDLgogQyDRg9Cy\r\n0LDQttC10L3QuNC10LwsIAog0JTQtdC/0LDRgNGC0LDQvNC10L3RgiDRgdGC0LDRgtC40YHRgtC4\r\n0LrQuCDQuCDQv9C70LDRgtC10LbQvdC+0LPQviDQsdCw0LvQsNC90YHQsCA=\r\n\r\n--===============3177826140403241195==\r\nMIME-Version: 1.0\r\nContent-Type: application/text/csv; charset="utf-8"\r\nContent-Transfer-Encoding: base64\r\nContent-Transfer-Encoding: base64\r\ncontent-disposition: attachment; filename="HK.v0.5707.31122024.xlsx_protocol.txt"\r\n\r\n0JTQsNGC0LAg0Lgg0LLRgNC10LzRjyDQv9C+0LvRg9GH0LXQvdC40Y8g0YTQsNC50LvQsCAtLS0t\r\nLS0tLS0tLS0tLS0tLS0tLSAyMDI0LTA3LTIzIDEzOjE0OjU2Cgog0JTQu9GPINC/0L7Qu9GD0YfQ\r\ntdC90LjRjyDQtNCw0L3QvdC+0LPQviDQvtGC0YfQtdGC0LAg0L3QtSDRgdGD0YnQtdGB0YLQstGD\r\n0LXRgiDRgNCw0YHQv9C40YHQsNC90LjQtQog0LrQvtC70LjRh9C10YHRgtCy0L4g0L3QsNC50LTQ\r\ntdC90L3Ri9GFINC+0YjQuNCx0L7QuiAtLS0tLS0tLS0tLS0tLS0tLS0tLTE=\r\n\r\n--===============3177826140403241195==--\r\n.\r\n'
[2024-07-23T10:36:58.923+0000] {logging_mixin.py:151} WARNING - reply: b'250 OK id=1sWCt8-000000001L2-1UnC\r\n'
[2024-07-23T10:36:58.924+0000] {logging_mixin.py:151} WARNING - reply: retcode (250); Msg: b'OK id=1sWCt8-000000001L2-1UnC'
[2024-07-23T10:36:58.925+0000] {logging_mixin.py:151} WARNING - data: (250, b'OK id=1sWCt8-000000001L2-1UnC')
[2024-07-23T10:36:58.926+0000] {logging_mixin.py:151} INFO - #>2024-07-23 10:36:58.926457_User@StatDep: email successfuly sent
[2024-07-23T10:36:58.927+0000] {logging_mixin.py:151} WARNING - send: 'QUIT\r\n'
[2024-07-23T10:36:59.193+0000] {logging_mixin.py:151} WARNING - reply: b'221 exim-smtp-65fb4546d8-z8mxd closing connection\r\n'
[2024-07-23T10:36:59.194+0000] {logging_mixin.py:151} WARNING - reply: retcode (221); Msg: b'exim-smtp-65fb4546d8-z8mxd closing connection'
[2024-07-23T10:36:59.195+0000] {logging_mixin.py:151} INFO - #>2024-07-23 10:36:59.195903_User@StatDep: email object ready to be sent:
[2024-07-23T10:36:59.683+0000] {logging_mixin.py:151} WARNING - send: 'ehlo [172.20.0.6]\r\n'
[2024-07-23T10:36:59.758+0000] {logging_mixin.py:151} WARNING - reply: b'250-smtp49.i.mail.ru\r\n'
[2024-07-23T10:36:59.760+0000] {logging_mixin.py:151} WARNING - reply: b'250-SIZE 73400320\r\n'
[2024-07-23T10:36:59.761+0000] {logging_mixin.py:151} WARNING - reply: b'250-8BITMIME\r\n'
[2024-07-23T10:36:59.762+0000] {logging_mixin.py:151} WARNING - reply: b'250-PIPELINING\r\n'
[2024-07-23T10:36:59.763+0000] {logging_mixin.py:151} WARNING - reply: b'250-DSN\r\n'
[2024-07-23T10:36:59.764+0000] {logging_mixin.py:151} WARNING - reply: b'250-SMTPUTF8\r\n'
[2024-07-23T10:36:59.764+0000] {logging_mixin.py:151} WARNING - reply: b'250 AUTH PLAIN LOGIN XOAUTH2\r\n'
[2024-07-23T10:36:59.765+0000] {logging_mixin.py:151} WARNING - reply: retcode (250); Msg: b'smtp49.i.mail.ru\nSIZE 73400320\n8BITMIME\nPIPELINING\nDSN\nSMTPUTF8\nAUTH PLAIN LOGIN XOAUTH2'
[2024-07-23T10:36:59.767+0000] {logging_mixin.py:151} WARNING - send: 'AUTH PLAIN AGtoYWxpbXpvZEBsaXN0LnJ1AEdSWFFSakMyYms0cVpIQjI2VXFk\r\n'
[2024-07-23T10:36:59.965+0000] {logging_mixin.py:151} WARNING - reply: b'235 Authentication succeeded\r\n'
[2024-07-23T10:36:59.967+0000] {logging_mixin.py:151} WARNING - reply: retcode (235); Msg: b'Authentication succeeded'
[2024-07-23T10:36:59.971+0000] {logging_mixin.py:151} WARNING - send: 'mail FROM:<khalimzod@list.ru> size=1515\r\n'
[2024-07-23T10:37:00.057+0000] {logging_mixin.py:151} WARNING - reply: b'250 OK\r\n'
[2024-07-23T10:37:00.058+0000] {logging_mixin.py:151} WARNING - reply: retcode (250); Msg: b'OK'
[2024-07-23T10:37:00.058+0000] {logging_mixin.py:151} WARNING - send: 'rcpt TO:<3d_0001@mail.ru>\r\n'
[2024-07-23T10:37:00.123+0000] {logging_mixin.py:151} WARNING - reply: b'250 Accepted\r\n'
[2024-07-23T10:37:00.124+0000] {logging_mixin.py:151} WARNING - reply: retcode (250); Msg: b'Accepted'
[2024-07-23T10:37:00.124+0000] {logging_mixin.py:151} WARNING - send: 'data\r\n'
[2024-07-23T10:37:00.202+0000] {logging_mixin.py:151} WARNING - reply: b'354 Enter message, ending with "." on a line by itself\r\n'
[2024-07-23T10:37:00.203+0000] {logging_mixin.py:151} WARNING - reply: retcode (354); Msg: b'Enter message, ending with "." on a line by itself'
[2024-07-23T10:37:00.203+0000] {logging_mixin.py:151} WARNING - data: (354, b'Enter message, ending with "." on a line by itself')
[2024-07-23T10:37:00.204+0000] {logging_mixin.py:151} WARNING - send: b'Content-Type: multipart/mixed; boundary="===============1246057692245816155=="\r\nMIME-Version: 1.0\r\nSubject: =?utf-8?b?b21vckBuYnQudGo6INGE0LDQudC7ICIxSEsudjAuMTYyNi4zMTAxMjAyNC54bHN4Iiwg0LfQsNCz0YDRg9C20LXQvdC90YvQtSDQsiAyMDI0LTA3LTIzIDEzOjAxOjAxKzAwOjAwLCDQn9Cg0JjQndCv0KIg0KPQodCf0JXQqNCd0J4=?=\r\nFrom: khalimzod@list.ru\r\nTo: <3d_0001@mail.ru>\r\n\r\n--===============1246057692245816155==\r\nContent-Type: text/plain; charset="utf-8"\r\nMIME-Version: 1.0\r\nContent-Transfer-Encoding: base64\r\n\r\n0JfQtNGA0LDQstGB0YLQstGD0LnRgtC1LCAKINGE0LDQudC7IDFISy52MC4xNjI2LjMxMDEyMDI0\r\nLnhsc3gsINC30LDQs9GA0YPQttC10L3QvdGL0Lkg0LIgMjAyNC0wNy0yMyAxMzowMTowMSswMDow\r\nMCwg0LHRi9C7INGD0YHQv9C10YjQvdC+INC/0YDQvtCy0LXRgNC10L0g0Lgg0L/RgNC40L3Rj9GC\r\nINGB0LjRgdGC0LXQvNC+0Lkg0LDQstGC0L7QvNCw0YLQuNGH0LXRgdC60L7QuSDQvtCx0YDQsNCx\r\n0L7RgtC60LguCiBDINGD0LLQsNC20LXQvdC40LXQvCwgCiDQlNC10L/QsNGA0YLQsNC80LXQvdGC\r\nINGB0YLQsNGC0LjRgdGC0LjQutC4INC4INC/0LvQsNGC0LXQttC90L7Qs9C+INCx0LDQu9Cw0L3R\r\ngdCw\r\n\r\n--===============1246057692245816155==\r\nMIME-Version: 1.0\r\nContent-Type: application/text/csv; charset="utf-8"\r\nContent-Transfer-Encoding: base64\r\nContent-Transfer-Encoding: base64\r\ncontent-disposition: attachment; filename="1HK.v0.1626.31012024.xlsx_protocol.txt"\r\n\r\n0JTQsNGC0LAg0Lgg0LLRgNC10LzRjyDQv9C+0LvRg9GH0LXQvdC40Y8g0YTQsNC50LvQsCAtLS0t\r\nLS0tLS0tLS0tLS0tLS0tLSAyMDI0LTA3LTIzIDE1OjE3OjE0CgogCgog0LrQvtC70LjRh9C10YHR\r\ngtCy0L4g0L3QsNC50LTQtdC90L3Ri9GFINC+0YjQuNCx0L7QuiAtLS0tLS0tLS0tLS0tLS0tLS0t\r\nLTA=\r\n\r\n--===============1246057692245816155==--\r\n.\r\n'
[2024-07-23T10:37:02.694+0000] {logging_mixin.py:151} WARNING - reply: b'250 OK id=1sWCtA-00000000VbA-0iDi\r\n'
[2024-07-23T10:37:02.695+0000] {logging_mixin.py:151} WARNING - reply: retcode (250); Msg: b'OK id=1sWCtA-00000000VbA-0iDi'
[2024-07-23T10:37:02.696+0000] {logging_mixin.py:151} WARNING - data: (250, b'OK id=1sWCtA-00000000VbA-0iDi')
[2024-07-23T10:37:02.696+0000] {logging_mixin.py:151} INFO - #>2024-07-23 10:37:02.696862_User@StatDep: email successfuly sent
[2024-07-23T10:37:02.697+0000] {logging_mixin.py:151} WARNING - send: 'QUIT\r\n'
[2024-07-23T10:37:02.966+0000] {logging_mixin.py:151} WARNING - reply: b'221 exim-smtp-65fb4546d8-mng2f closing connection\r\n'
[2024-07-23T10:37:02.966+0000] {logging_mixin.py:151} WARNING - reply: retcode (221); Msg: b'exim-smtp-65fb4546d8-mng2f closing connection'
[2024-07-23T10:37:02.967+0000] {logging_mixin.py:151} INFO -    finilizing processing for the reserved file uploads...
[2024-07-23T10:37:02.971+0000] {python.py:194} INFO - Done. Returned value was: True
[2024-07-23T10:37:03.359+0000] {taskinstance.py:1400} INFO - Marking task as SUCCESS. dag_id=reports_workflow, task_id=id_task_send_emails, execution_date=20240723T103000, start_date=20240723T103650, end_date=20240723T103703
[2024-07-23T10:37:03.393+0000] {local_task_job_runner.py:228} INFO - Task exited with return code 0
[2024-07-23T10:37:03.413+0000] {taskinstance.py:2784} INFO - 0 downstream tasks scheduled from follow-on schedule check
