[2024-07-08T10:05:02.016+0000] {taskinstance.py:1159} INFO - Dependencies all met for dep_context=non-requeueable deps ti=<TaskInstance: reports_workflow.id_task_get_emails scheduled__2024-07-08T10:00:00+00:00 [queued]>
[2024-07-08T10:05:02.023+0000] {taskinstance.py:1159} INFO - Dependencies all met for dep_context=requeueable deps ti=<TaskInstance: reports_workflow.id_task_get_emails scheduled__2024-07-08T10:00:00+00:00 [queued]>
[2024-07-08T10:05:02.024+0000] {taskinstance.py:1361} INFO - Starting attempt 1 of 2
[2024-07-08T10:05:02.038+0000] {taskinstance.py:1382} INFO - Executing <Task(PythonOperator): id_task_get_emails> on 2024-07-08 10:00:00+00:00
[2024-07-08T10:05:02.043+0000] {standard_task_runner.py:57} INFO - Started process 7472 to run task
[2024-07-08T10:05:02.047+0000] {standard_task_runner.py:84} INFO - Running: ['***', 'tasks', 'run', 'reports_workflow', 'id_task_get_emails', 'scheduled__2024-07-08T10:00:00+00:00', '--job-id', '3695', '--raw', '--subdir', 'DAGS_FOLDER/dag_email_robot.py', '--cfg-path', '/tmp/tmpe02h1y8x']
[2024-07-08T10:05:02.052+0000] {standard_task_runner.py:85} INFO - Job 3695: Subtask id_task_get_emails
[2024-07-08T10:05:02.135+0000] {task_command.py:415} INFO - Running <TaskInstance: reports_workflow.id_task_get_emails scheduled__2024-07-08T10:00:00+00:00 [running]> on host 6f4ef5488251
[2024-07-08T10:05:02.253+0000] {taskinstance.py:1660} INFO - Exporting env vars: AIRFLOW_CTX_DAG_OWNER='FIRDAVS' AIRFLOW_CTX_DAG_ID='reports_workflow' AIRFLOW_CTX_TASK_ID='id_task_get_emails' AIRFLOW_CTX_EXECUTION_DATE='2024-07-08T10:00:00+00:00' AIRFLOW_CTX_TRY_NUMBER='1' AIRFLOW_CTX_DAG_RUN_ID='scheduled__2024-07-08T10:00:00+00:00'
[2024-07-08T10:05:02.254+0000] {logging_mixin.py:151} INFO - path of config file:  /opt/***
[2024-07-08T10:05:02.255+0000] {logging_mixin.py:151} INFO - #>2024-07-08 10:05:02.255134_User@StatDep: EmailRobot in screated.
[2024-07-08T10:05:02.255+0000] {logging_mixin.py:151} INFO - #>2024-07-08 10:05:02.255316_User@StatDep: get_for_recent_emails is started...
[2024-07-08T10:05:02.255+0000] {logging_mixin.py:151} INFO - #>2024-07-08 10:05:02.255453_User@StatDep: pop3_fetch_emails isstarted...
[2024-07-08T10:05:02.861+0000] {logging_mixin.py:151} INFO -    b'+OK'
[2024-07-08T10:05:03.476+0000] {logging_mixin.py:151} INFO -    mailbox have 0 emails and the robot can process 10
[2024-07-08T10:05:03.478+0000] {logging_mixin.py:151} INFO - #>2024-07-08 10:05:03.477859_User@StatDep: no emails to process, exiting pop3_fetch_emails()...
[2024-07-08T10:05:03.479+0000] {python.py:194} INFO - Done. Returned value was: True
[2024-07-08T10:05:03.511+0000] {taskinstance.py:1400} INFO - Marking task as SUCCESS. dag_id=reports_workflow, task_id=id_task_get_emails, execution_date=20240708T100000, start_date=20240708T100502, end_date=20240708T100503
[2024-07-08T10:05:03.545+0000] {local_task_job_runner.py:228} INFO - Task exited with return code 0
[2024-07-08T10:05:03.576+0000] {taskinstance.py:2784} INFO - 1 downstream tasks scheduled from follow-on schedule check
[2024-07-08T10:23:29.437+0000] {taskinstance.py:1159} INFO - Dependencies all met for dep_context=non-requeueable deps ti=<TaskInstance: reports_workflow.id_task_get_emails scheduled__2024-07-08T10:00:00+00:00 [queued]>
[2024-07-08T10:23:29.469+0000] {taskinstance.py:1159} INFO - Dependencies all met for dep_context=requeueable deps ti=<TaskInstance: reports_workflow.id_task_get_emails scheduled__2024-07-08T10:00:00+00:00 [queued]>
[2024-07-08T10:23:29.469+0000] {taskinstance.py:1361} INFO - Starting attempt 1 of 2
[2024-07-08T10:23:29.489+0000] {taskinstance.py:1382} INFO - Executing <Task(PythonOperator): id_task_get_emails> on 2024-07-08 10:00:00+00:00
[2024-07-08T10:23:29.499+0000] {standard_task_runner.py:57} INFO - Started process 8397 to run task
[2024-07-08T10:23:29.503+0000] {standard_task_runner.py:84} INFO - Running: ['***', 'tasks', 'run', 'reports_workflow', 'id_task_get_emails', 'scheduled__2024-07-08T10:00:00+00:00', '--job-id', '3914', '--raw', '--subdir', 'DAGS_FOLDER/dag_email_robot.py', '--cfg-path', '/tmp/tmp72gd7_6u']
[2024-07-08T10:23:29.509+0000] {standard_task_runner.py:85} INFO - Job 3914: Subtask id_task_get_emails
[2024-07-08T10:23:29.580+0000] {task_command.py:415} INFO - Running <TaskInstance: reports_workflow.id_task_get_emails scheduled__2024-07-08T10:00:00+00:00 [running]> on host 6f4ef5488251
[2024-07-08T10:23:29.762+0000] {taskinstance.py:1660} INFO - Exporting env vars: AIRFLOW_CTX_DAG_OWNER='FIRDAVS' AIRFLOW_CTX_DAG_ID='reports_workflow' AIRFLOW_CTX_TASK_ID='id_task_get_emails' AIRFLOW_CTX_EXECUTION_DATE='2024-07-08T10:00:00+00:00' AIRFLOW_CTX_TRY_NUMBER='1' AIRFLOW_CTX_DAG_RUN_ID='scheduled__2024-07-08T10:00:00+00:00'
[2024-07-08T10:23:29.763+0000] {logging_mixin.py:151} INFO - path of config file:  /opt/***
[2024-07-08T10:23:29.764+0000] {logging_mixin.py:151} INFO - #>2024-07-08 10:23:29.764112_User@StatDep: EmailRobot in screated.
[2024-07-08T10:23:29.764+0000] {logging_mixin.py:151} INFO - #>2024-07-08 10:23:29.764302_User@StatDep: get_for_recent_emails is started...
[2024-07-08T10:23:29.764+0000] {logging_mixin.py:151} INFO - #>2024-07-08 10:23:29.764432_User@StatDep: pop3_fetch_emails isstarted...
[2024-07-08T10:23:30.138+0000] {logging_mixin.py:151} INFO -    b'+OK'
[2024-07-08T10:23:30.425+0000] {logging_mixin.py:151} INFO -    mailbox have 0 emails and the robot can process 10
[2024-07-08T10:23:30.426+0000] {logging_mixin.py:151} INFO - #>2024-07-08 10:23:30.426860_User@StatDep: no emails to process, exiting pop3_fetch_emails()...
[2024-07-08T10:23:30.428+0000] {python.py:194} INFO - Done. Returned value was: True
[2024-07-08T10:23:30.460+0000] {taskinstance.py:1400} INFO - Marking task as SUCCESS. dag_id=reports_workflow, task_id=id_task_get_emails, execution_date=20240708T100000, start_date=20240708T102329, end_date=20240708T102330
[2024-07-08T10:23:30.498+0000] {local_task_job_runner.py:228} INFO - Task exited with return code 0
[2024-07-08T10:23:30.528+0000] {taskinstance.py:2784} INFO - 1 downstream tasks scheduled from follow-on schedule check
