[2024-07-03T09:58:08.576+0000] {taskinstance.py:1159} INFO - Dependencies all met for dep_context=non-requeueable deps ti=<TaskInstance: reports_workflow.id_task_get_emails scheduled__2024-07-02T15:15:00+00:00 [queued]>
[2024-07-03T09:58:08.595+0000] {taskinstance.py:1159} INFO - Dependencies all met for dep_context=requeueable deps ti=<TaskInstance: reports_workflow.id_task_get_emails scheduled__2024-07-02T15:15:00+00:00 [queued]>
[2024-07-03T09:58:08.595+0000] {taskinstance.py:1361} INFO - Starting attempt 1 of 1
[2024-07-03T09:58:08.650+0000] {taskinstance.py:1382} INFO - Executing <Task(PythonOperator): id_task_get_emails> on 2024-07-02 15:15:00+00:00
[2024-07-03T09:58:08.655+0000] {standard_task_runner.py:57} INFO - Started process 20707 to run task
[2024-07-03T09:58:08.669+0000] {standard_task_runner.py:84} INFO - Running: ['***', 'tasks', 'run', 'reports_workflow', 'id_task_get_emails', 'scheduled__2024-07-02T15:15:00+00:00', '--job-id', '428', '--raw', '--subdir', 'DAGS_FOLDER/dag_email_robot.py', '--cfg-path', '/tmp/tmpaeckmd7y']
[2024-07-03T09:58:08.671+0000] {standard_task_runner.py:85} INFO - Job 428: Subtask id_task_get_emails
[2024-07-03T09:58:08.751+0000] {task_command.py:415} INFO - Running <TaskInstance: reports_workflow.id_task_get_emails scheduled__2024-07-02T15:15:00+00:00 [running]> on host 6f4ef5488251
[2024-07-03T09:58:08.883+0000] {taskinstance.py:1660} INFO - Exporting env vars: AIRFLOW_CTX_DAG_OWNER='FIRDAVS' AIRFLOW_CTX_DAG_ID='reports_workflow' AIRFLOW_CTX_TASK_ID='id_task_get_emails' AIRFLOW_CTX_EXECUTION_DATE='2024-07-02T15:15:00+00:00' AIRFLOW_CTX_TRY_NUMBER='1' AIRFLOW_CTX_DAG_RUN_ID='scheduled__2024-07-02T15:15:00+00:00'
[2024-07-03T09:58:08.885+0000] {logging_mixin.py:151} INFO - path of config file:  /opt/***
[2024-07-03T09:58:08.886+0000] {logging_mixin.py:151} INFO - #>2024-07-03 09:58:08.886515_User@StatDep: EmailRobot in screated.
[2024-07-03T09:58:08.888+0000] {logging_mixin.py:151} INFO - #>2024-07-03 09:58:08.888092_User@StatDep: get_for_recent_emails is started...
[2024-07-03T09:58:08.888+0000] {logging_mixin.py:151} INFO - #>2024-07-03 09:58:08.888298_User@StatDep: pop3_fetch_emails isstarted...
[2024-07-03T09:58:09.280+0000] {logging_mixin.py:151} INFO -    b'+OK'
[2024-07-03T09:58:09.613+0000] {logging_mixin.py:151} INFO -    mailbox have 0 emails and the robot can process 10
[2024-07-03T09:58:09.613+0000] {logging_mixin.py:151} INFO - #>2024-07-03 09:58:09.613489_User@StatDep: no emails to process, exiting pop3_fetch_emails()...
[2024-07-03T09:58:09.613+0000] {python.py:194} INFO - Done. Returned value was: True
[2024-07-03T09:58:09.657+0000] {taskinstance.py:1400} INFO - Marking task as SUCCESS. dag_id=reports_workflow, task_id=id_task_get_emails, execution_date=20240702T151500, start_date=20240703T095808, end_date=20240703T095809
[2024-07-03T09:58:09.734+0000] {local_task_job_runner.py:228} INFO - Task exited with return code 0
[2024-07-03T09:58:09.812+0000] {taskinstance.py:2784} INFO - 0 downstream tasks scheduled from follow-on schedule check
[2024-07-03T12:05:33.748+0000] {taskinstance.py:1159} INFO - Dependencies all met for dep_context=non-requeueable deps ti=<TaskInstance: reports_workflow.id_task_get_emails scheduled__2024-07-02T15:15:00+00:00 [queued]>
[2024-07-03T12:05:33.768+0000] {taskinstance.py:1159} INFO - Dependencies all met for dep_context=requeueable deps ti=<TaskInstance: reports_workflow.id_task_get_emails scheduled__2024-07-02T15:15:00+00:00 [queued]>
[2024-07-03T12:05:33.768+0000] {taskinstance.py:1361} INFO - Starting attempt 1 of 1
[2024-07-03T12:05:33.792+0000] {taskinstance.py:1382} INFO - Executing <Task(PythonOperator): id_task_get_emails> on 2024-07-02 15:15:00+00:00
[2024-07-03T12:05:33.798+0000] {standard_task_runner.py:57} INFO - Started process 23526 to run task
[2024-07-03T12:05:33.815+0000] {standard_task_runner.py:84} INFO - Running: ['***', 'tasks', 'run', 'reports_workflow', 'id_task_get_emails', 'scheduled__2024-07-02T15:15:00+00:00', '--job-id', '869', '--raw', '--subdir', 'DAGS_FOLDER/dag_email_robot.py', '--cfg-path', '/tmp/tmpe4pde8rd']
[2024-07-03T12:05:33.816+0000] {standard_task_runner.py:85} INFO - Job 869: Subtask id_task_get_emails
[2024-07-03T12:05:33.909+0000] {task_command.py:415} INFO - Running <TaskInstance: reports_workflow.id_task_get_emails scheduled__2024-07-02T15:15:00+00:00 [running]> on host 6f4ef5488251
[2024-07-03T12:05:34.087+0000] {taskinstance.py:1660} INFO - Exporting env vars: AIRFLOW_CTX_DAG_OWNER='FIRDAVS' AIRFLOW_CTX_DAG_ID='reports_workflow' AIRFLOW_CTX_TASK_ID='id_task_get_emails' AIRFLOW_CTX_EXECUTION_DATE='2024-07-02T15:15:00+00:00' AIRFLOW_CTX_TRY_NUMBER='1' AIRFLOW_CTX_DAG_RUN_ID='scheduled__2024-07-02T15:15:00+00:00'
[2024-07-03T12:05:34.088+0000] {logging_mixin.py:151} INFO - path of config file:  /opt/***
[2024-07-03T12:05:34.089+0000] {logging_mixin.py:151} INFO - #>2024-07-03 12:05:34.089062_User@StatDep: EmailRobot in screated.
[2024-07-03T12:05:34.089+0000] {logging_mixin.py:151} INFO - #>2024-07-03 12:05:34.089248_User@StatDep: get_for_recent_emails is started...
[2024-07-03T12:05:34.089+0000] {logging_mixin.py:151} INFO - #>2024-07-03 12:05:34.089384_User@StatDep: pop3_fetch_emails isstarted...
[2024-07-03T12:05:34.509+0000] {logging_mixin.py:151} INFO -    b'+OK'
[2024-07-03T12:05:34.952+0000] {logging_mixin.py:151} INFO -    mailbox have 1 emails and the robot can process 10
[2024-07-03T12:05:35.465+0000] {logging_mixin.py:151} INFO -    #>2024-07-03 12:05:35.464121_conneciton to db is set.
[2024-07-03T12:05:35.476+0000] {taskinstance.py:1943} ERROR - Task failed with exception
Traceback (most recent call last):
  File "/home/airflow/.local/lib/python3.8/site-packages/airflow/operators/python.py", line 192, in execute
    return_value = self.execute_callable()
  File "/home/airflow/.local/lib/python3.8/site-packages/airflow/operators/python.py", line 209, in execute_callable
    return self.python_callable(*self.op_args, **self.op_kwargs)
  File "/opt/airflow/dags/dag_email_robot.py", line 25, in get_emails
    robot.fetch_emails()
  File "/opt/airflow/dags/emailRobot.py", line 62, in fetch_emails
    return self.pop3_fetch_emails()
  File "/opt/airflow/dags/emailRobot.py", line 156, in pop3_fetch_emails
    cursor.execute (query, insert_values)
psycopg2.errors.UndefinedTable: relation "sma_stat_dep.tbl_file_upload" does not exist
LINE 1: ...) AS (INSERT INTO                                 sma_stat_d...
                                                             ^

[2024-07-03T12:05:35.497+0000] {taskinstance.py:1400} INFO - Marking task as FAILED. dag_id=reports_workflow, task_id=id_task_get_emails, execution_date=20240702T151500, start_date=20240703T120533, end_date=20240703T120535
[2024-07-03T12:05:35.545+0000] {standard_task_runner.py:104} ERROR - Failed to execute job 869 for task id_task_get_emails (relation "sma_stat_dep.tbl_file_upload" does not exist
LINE 1: ...) AS (INSERT INTO                                 sma_stat_d...
                                                             ^
; 23526)
[2024-07-03T12:05:35.568+0000] {local_task_job_runner.py:228} INFO - Task exited with return code 1
[2024-07-03T12:05:35.712+0000] {taskinstance.py:2784} INFO - 0 downstream tasks scheduled from follow-on schedule check
[2024-07-03T12:25:21.439+0000] {taskinstance.py:1159} INFO - Dependencies all met for dep_context=non-requeueable deps ti=<TaskInstance: reports_workflow.id_task_get_emails scheduled__2024-07-02T15:15:00+00:00 [queued]>
[2024-07-03T12:25:21.468+0000] {taskinstance.py:1159} INFO - Dependencies all met for dep_context=requeueable deps ti=<TaskInstance: reports_workflow.id_task_get_emails scheduled__2024-07-02T15:15:00+00:00 [queued]>
[2024-07-03T12:25:21.470+0000] {taskinstance.py:1361} INFO - Starting attempt 1 of 1
[2024-07-03T12:25:21.485+0000] {taskinstance.py:1382} INFO - Executing <Task(PythonOperator): id_task_get_emails> on 2024-07-02 15:15:00+00:00
[2024-07-03T12:25:21.489+0000] {standard_task_runner.py:57} INFO - Started process 24569 to run task
[2024-07-03T12:25:21.497+0000] {standard_task_runner.py:84} INFO - Running: ['***', 'tasks', 'run', 'reports_workflow', 'id_task_get_emails', 'scheduled__2024-07-02T15:15:00+00:00', '--job-id', '1242', '--raw', '--subdir', 'DAGS_FOLDER/dag_email_robot.py', '--cfg-path', '/tmp/tmpeerupjii']
[2024-07-03T12:25:21.499+0000] {standard_task_runner.py:85} INFO - Job 1242: Subtask id_task_get_emails
[2024-07-03T12:25:21.612+0000] {task_command.py:415} INFO - Running <TaskInstance: reports_workflow.id_task_get_emails scheduled__2024-07-02T15:15:00+00:00 [running]> on host 6f4ef5488251
[2024-07-03T12:25:21.763+0000] {taskinstance.py:1660} INFO - Exporting env vars: AIRFLOW_CTX_DAG_OWNER='FIRDAVS' AIRFLOW_CTX_DAG_ID='reports_workflow' AIRFLOW_CTX_TASK_ID='id_task_get_emails' AIRFLOW_CTX_EXECUTION_DATE='2024-07-02T15:15:00+00:00' AIRFLOW_CTX_TRY_NUMBER='1' AIRFLOW_CTX_DAG_RUN_ID='scheduled__2024-07-02T15:15:00+00:00'
[2024-07-03T12:25:21.764+0000] {logging_mixin.py:151} INFO - path of config file:  /opt/***
[2024-07-03T12:25:21.765+0000] {logging_mixin.py:151} INFO - #>2024-07-03 12:25:21.765028_User@StatDep: EmailRobot in screated.
[2024-07-03T12:25:21.765+0000] {logging_mixin.py:151} INFO - #>2024-07-03 12:25:21.765229_User@StatDep: get_for_recent_emails is started...
[2024-07-03T12:25:21.765+0000] {logging_mixin.py:151} INFO - #>2024-07-03 12:25:21.765370_User@StatDep: pop3_fetch_emails isstarted...
[2024-07-03T12:25:22.137+0000] {logging_mixin.py:151} INFO -    b'+OK'
[2024-07-03T12:25:22.793+0000] {logging_mixin.py:151} INFO -    mailbox have 0 emails and the robot can process 10
[2024-07-03T12:25:22.793+0000] {logging_mixin.py:151} INFO - #>2024-07-03 12:25:22.793649_User@StatDep: no emails to process, exiting pop3_fetch_emails()...
[2024-07-03T12:25:22.794+0000] {python.py:194} INFO - Done. Returned value was: True
[2024-07-03T12:25:22.841+0000] {taskinstance.py:1400} INFO - Marking task as SUCCESS. dag_id=reports_workflow, task_id=id_task_get_emails, execution_date=20240702T151500, start_date=20240703T122521, end_date=20240703T122522
[2024-07-03T12:25:22.966+0000] {local_task_job_runner.py:228} INFO - Task exited with return code 0
[2024-07-03T12:25:23.051+0000] {taskinstance.py:2784} INFO - 1 downstream tasks scheduled from follow-on schedule check
