[2024-07-08T09:55:04.809+0000] {taskinstance.py:1159} INFO - Dependencies all met for dep_context=non-requeueable deps ti=<TaskInstance: reports_workflow.id_task_send_emails scheduled__2024-07-08T09:50:00+00:00 [queued]>
[2024-07-08T09:55:04.818+0000] {taskinstance.py:1159} INFO - Dependencies all met for dep_context=requeueable deps ti=<TaskInstance: reports_workflow.id_task_send_emails scheduled__2024-07-08T09:50:00+00:00 [queued]>
[2024-07-08T09:55:04.818+0000] {taskinstance.py:1361} INFO - Starting attempt 1 of 2
[2024-07-08T09:55:04.831+0000] {taskinstance.py:1382} INFO - Executing <Task(PythonOperator): id_task_send_emails> on 2024-07-08 09:50:00+00:00
[2024-07-08T09:55:04.838+0000] {standard_task_runner.py:57} INFO - Started process 7303 to run task
[2024-07-08T09:55:04.842+0000] {standard_task_runner.py:84} INFO - Running: ['***', 'tasks', 'run', 'reports_workflow', 'id_task_send_emails', 'scheduled__2024-07-08T09:50:00+00:00', '--job-id', '3690', '--raw', '--subdir', 'DAGS_FOLDER/dag_email_robot.py', '--cfg-path', '/tmp/tmpkyileeid']
[2024-07-08T09:55:04.848+0000] {standard_task_runner.py:85} INFO - Job 3690: Subtask id_task_send_emails
[2024-07-08T09:55:04.956+0000] {task_command.py:415} INFO - Running <TaskInstance: reports_workflow.id_task_send_emails scheduled__2024-07-08T09:50:00+00:00 [running]> on host 6f4ef5488251
[2024-07-08T09:55:05.092+0000] {taskinstance.py:1660} INFO - Exporting env vars: AIRFLOW_CTX_DAG_OWNER='FIRDAVS' AIRFLOW_CTX_DAG_ID='reports_workflow' AIRFLOW_CTX_TASK_ID='id_task_send_emails' AIRFLOW_CTX_EXECUTION_DATE='2024-07-08T09:50:00+00:00' AIRFLOW_CTX_TRY_NUMBER='1' AIRFLOW_CTX_DAG_RUN_ID='scheduled__2024-07-08T09:50:00+00:00'
[2024-07-08T09:55:05.093+0000] {logging_mixin.py:151} INFO - path of config file:  /opt/***
[2024-07-08T09:55:05.094+0000] {logging_mixin.py:151} INFO - #>2024-07-08 09:55:05.094258_User@StatDep: EmailRobot in screated.
[2024-07-08T09:55:05.094+0000] {logging_mixin.py:151} INFO - #>2024-07-08 09:55:05.094471_User@StatDep: send_validation_results is started...
[2024-07-08T09:55:05.108+0000] {logging_mixin.py:151} INFO -    #>2024-07-08 09:55:05.108561_conneciton to db is set.
[2024-07-08T09:55:05.112+0000] {logging_mixin.py:151} INFO -    #>2024-07-08 09:55:05.112224_cursor execution is successful.
[2024-07-08T09:55:05.112+0000] {logging_mixin.py:151} INFO -    There is no any new submissions found. The get_validation_results is over.
[2024-07-08T09:55:05.112+0000] {python.py:194} INFO - Done. Returned value was: True
[2024-07-08T09:55:05.148+0000] {taskinstance.py:1400} INFO - Marking task as SUCCESS. dag_id=reports_workflow, task_id=id_task_send_emails, execution_date=20240708T095000, start_date=20240708T095504, end_date=20240708T095505
[2024-07-08T09:55:05.175+0000] {local_task_job_runner.py:228} INFO - Task exited with return code 0
[2024-07-08T09:55:05.200+0000] {taskinstance.py:2784} INFO - 0 downstream tasks scheduled from follow-on schedule check
[2024-07-08T10:23:29.276+0000] {taskinstance.py:1159} INFO - Dependencies all met for dep_context=non-requeueable deps ti=<TaskInstance: reports_workflow.id_task_send_emails scheduled__2024-07-08T09:50:00+00:00 [queued]>
[2024-07-08T10:23:29.288+0000] {taskinstance.py:1159} INFO - Dependencies all met for dep_context=requeueable deps ti=<TaskInstance: reports_workflow.id_task_send_emails scheduled__2024-07-08T09:50:00+00:00 [queued]>
[2024-07-08T10:23:29.288+0000] {taskinstance.py:1361} INFO - Starting attempt 1 of 2
[2024-07-08T10:23:29.303+0000] {taskinstance.py:1382} INFO - Executing <Task(PythonOperator): id_task_send_emails> on 2024-07-08 09:50:00+00:00
[2024-07-08T10:23:29.311+0000] {standard_task_runner.py:57} INFO - Started process 8394 to run task
[2024-07-08T10:23:29.325+0000] {standard_task_runner.py:84} INFO - Running: ['***', 'tasks', 'run', 'reports_workflow', 'id_task_send_emails', 'scheduled__2024-07-08T09:50:00+00:00', '--job-id', '3911', '--raw', '--subdir', 'DAGS_FOLDER/dag_email_robot.py', '--cfg-path', '/tmp/tmpvwv7pn8m']
[2024-07-08T10:23:29.332+0000] {standard_task_runner.py:85} INFO - Job 3911: Subtask id_task_send_emails
[2024-07-08T10:23:29.417+0000] {task_command.py:415} INFO - Running <TaskInstance: reports_workflow.id_task_send_emails scheduled__2024-07-08T09:50:00+00:00 [running]> on host 6f4ef5488251
[2024-07-08T10:23:29.533+0000] {taskinstance.py:1660} INFO - Exporting env vars: AIRFLOW_CTX_DAG_OWNER='FIRDAVS' AIRFLOW_CTX_DAG_ID='reports_workflow' AIRFLOW_CTX_TASK_ID='id_task_send_emails' AIRFLOW_CTX_EXECUTION_DATE='2024-07-08T09:50:00+00:00' AIRFLOW_CTX_TRY_NUMBER='1' AIRFLOW_CTX_DAG_RUN_ID='scheduled__2024-07-08T09:50:00+00:00'
[2024-07-08T10:23:29.535+0000] {logging_mixin.py:151} INFO - path of config file:  /opt/***
[2024-07-08T10:23:29.536+0000] {logging_mixin.py:151} INFO - #>2024-07-08 10:23:29.536053_User@StatDep: EmailRobot in screated.
[2024-07-08T10:23:29.536+0000] {logging_mixin.py:151} INFO - #>2024-07-08 10:23:29.536251_User@StatDep: send_validation_results is started...
[2024-07-08T10:23:29.555+0000] {logging_mixin.py:151} INFO -    #>2024-07-08 10:23:29.554619_conneciton to db is set.
[2024-07-08T10:23:29.557+0000] {logging_mixin.py:151} INFO -    #>2024-07-08 10:23:29.557007_cursor execution is successful.
[2024-07-08T10:23:29.557+0000] {logging_mixin.py:151} INFO -    There is no any new submissions found. The get_validation_results is over.
[2024-07-08T10:23:29.557+0000] {python.py:194} INFO - Done. Returned value was: True
[2024-07-08T10:23:29.592+0000] {taskinstance.py:1400} INFO - Marking task as SUCCESS. dag_id=reports_workflow, task_id=id_task_send_emails, execution_date=20240708T095000, start_date=20240708T102329, end_date=20240708T102329
[2024-07-08T10:23:29.654+0000] {local_task_job_runner.py:228} INFO - Task exited with return code 0
[2024-07-08T10:23:29.683+0000] {taskinstance.py:2784} INFO - 0 downstream tasks scheduled from follow-on schedule check
