[2024-07-03T09:59:43.933+0000] {taskinstance.py:1159} INFO - Dependencies all met for dep_context=non-requeueable deps ti=<TaskInstance: reports_workflow.id_task_get_emails scheduled__2024-07-03T05:50:00+00:00 [queued]>
[2024-07-03T09:59:43.944+0000] {taskinstance.py:1159} INFO - Dependencies all met for dep_context=requeueable deps ti=<TaskInstance: reports_workflow.id_task_get_emails scheduled__2024-07-03T05:50:00+00:00 [queued]>
[2024-07-03T09:59:43.944+0000] {taskinstance.py:1361} INFO - Starting attempt 1 of 1
[2024-07-03T09:59:43.989+0000] {taskinstance.py:1382} INFO - Executing <Task(PythonOperator): id_task_get_emails> on 2024-07-03 05:50:00+00:00
[2024-07-03T09:59:43.994+0000] {standard_task_runner.py:57} INFO - Started process 21084 to run task
[2024-07-03T09:59:44.014+0000] {standard_task_runner.py:84} INFO - Running: ['***', 'tasks', 'run', 'reports_workflow', 'id_task_get_emails', 'scheduled__2024-07-03T05:50:00+00:00', '--job-id', '605', '--raw', '--subdir', 'DAGS_FOLDER/dag_email_robot.py', '--cfg-path', '/tmp/tmpnjhis_l9']
[2024-07-03T09:59:44.015+0000] {standard_task_runner.py:85} INFO - Job 605: Subtask id_task_get_emails
[2024-07-03T09:59:44.142+0000] {task_command.py:415} INFO - Running <TaskInstance: reports_workflow.id_task_get_emails scheduled__2024-07-03T05:50:00+00:00 [running]> on host 6f4ef5488251
[2024-07-03T09:59:44.388+0000] {taskinstance.py:1660} INFO - Exporting env vars: AIRFLOW_CTX_DAG_OWNER='FIRDAVS' AIRFLOW_CTX_DAG_ID='reports_workflow' AIRFLOW_CTX_TASK_ID='id_task_get_emails' AIRFLOW_CTX_EXECUTION_DATE='2024-07-03T05:50:00+00:00' AIRFLOW_CTX_TRY_NUMBER='1' AIRFLOW_CTX_DAG_RUN_ID='scheduled__2024-07-03T05:50:00+00:00'
[2024-07-03T09:59:44.389+0000] {logging_mixin.py:151} INFO - path of config file:  /opt/***
[2024-07-03T09:59:44.389+0000] {logging_mixin.py:151} INFO - #>2024-07-03 09:59:44.389745_User@StatDep: EmailRobot in screated.
[2024-07-03T09:59:44.389+0000] {logging_mixin.py:151} INFO - #>2024-07-03 09:59:44.389944_User@StatDep: get_for_recent_emails is started...
[2024-07-03T09:59:44.390+0000] {logging_mixin.py:151} INFO - #>2024-07-03 09:59:44.390071_User@StatDep: pop3_fetch_emails isstarted...
[2024-07-03T09:59:44.810+0000] {logging_mixin.py:151} INFO -    b'+OK'
[2024-07-03T09:59:45.126+0000] {logging_mixin.py:151} INFO -    mailbox have 0 emails and the robot can process 10
[2024-07-03T09:59:45.127+0000] {logging_mixin.py:151} INFO - #>2024-07-03 09:59:45.127072_User@StatDep: no emails to process, exiting pop3_fetch_emails()...
[2024-07-03T09:59:45.127+0000] {python.py:194} INFO - Done. Returned value was: True
[2024-07-03T09:59:45.178+0000] {taskinstance.py:1400} INFO - Marking task as SUCCESS. dag_id=reports_workflow, task_id=id_task_get_emails, execution_date=20240703T055000, start_date=20240703T095943, end_date=20240703T095945
[2024-07-03T09:59:45.225+0000] {local_task_job_runner.py:228} INFO - Task exited with return code 0
[2024-07-03T09:59:45.246+0000] {taskinstance.py:2784} INFO - 0 downstream tasks scheduled from follow-on schedule check
[2024-07-03T13:40:17.031+0000] {taskinstance.py:1159} INFO - Dependencies all met for dep_context=non-requeueable deps ti=<TaskInstance: reports_workflow.id_task_get_emails scheduled__2024-07-03T05:50:00+00:00 [queued]>
[2024-07-03T13:40:17.042+0000] {taskinstance.py:1159} INFO - Dependencies all met for dep_context=requeueable deps ti=<TaskInstance: reports_workflow.id_task_get_emails scheduled__2024-07-03T05:50:00+00:00 [queued]>
[2024-07-03T13:40:17.042+0000] {taskinstance.py:1361} INFO - Starting attempt 1 of 1
[2024-07-03T13:40:17.061+0000] {taskinstance.py:1382} INFO - Executing <Task(PythonOperator): id_task_get_emails> on 2024-07-03 05:50:00+00:00
[2024-07-03T13:40:17.065+0000] {standard_task_runner.py:57} INFO - Started process 26414 to run task
[2024-07-03T13:40:17.074+0000] {standard_task_runner.py:84} INFO - Running: ['***', 'tasks', 'run', 'reports_workflow', 'id_task_get_emails', 'scheduled__2024-07-03T05:50:00+00:00', '--job-id', '1596', '--raw', '--subdir', 'DAGS_FOLDER/dag_email_robot.py', '--cfg-path', '/tmp/tmp9rb2ca06']
[2024-07-03T13:40:17.076+0000] {standard_task_runner.py:85} INFO - Job 1596: Subtask id_task_get_emails
[2024-07-03T13:40:17.141+0000] {task_command.py:415} INFO - Running <TaskInstance: reports_workflow.id_task_get_emails scheduled__2024-07-03T05:50:00+00:00 [running]> on host 6f4ef5488251
[2024-07-03T13:40:17.278+0000] {taskinstance.py:1660} INFO - Exporting env vars: AIRFLOW_CTX_DAG_OWNER='FIRDAVS' AIRFLOW_CTX_DAG_ID='reports_workflow' AIRFLOW_CTX_TASK_ID='id_task_get_emails' AIRFLOW_CTX_EXECUTION_DATE='2024-07-03T05:50:00+00:00' AIRFLOW_CTX_TRY_NUMBER='1' AIRFLOW_CTX_DAG_RUN_ID='scheduled__2024-07-03T05:50:00+00:00'
[2024-07-03T13:40:17.279+0000] {logging_mixin.py:151} INFO - path of config file:  /opt/***
[2024-07-03T13:40:17.280+0000] {logging_mixin.py:151} INFO - #>2024-07-03 13:40:17.280008_User@StatDep: EmailRobot in screated.
[2024-07-03T13:40:17.280+0000] {logging_mixin.py:151} INFO - #>2024-07-03 13:40:17.280194_User@StatDep: get_for_recent_emails is started...
[2024-07-03T13:40:17.280+0000] {logging_mixin.py:151} INFO - #>2024-07-03 13:40:17.280334_User@StatDep: pop3_fetch_emails isstarted...
[2024-07-03T13:40:17.697+0000] {logging_mixin.py:151} INFO -    b'+OK'
[2024-07-03T13:40:18.019+0000] {logging_mixin.py:151} INFO -    mailbox have 0 emails and the robot can process 10
[2024-07-03T13:40:18.020+0000] {logging_mixin.py:151} INFO - #>2024-07-03 13:40:18.020058_User@StatDep: no emails to process, exiting pop3_fetch_emails()...
[2024-07-03T13:40:18.026+0000] {python.py:194} INFO - Done. Returned value was: True
[2024-07-03T13:40:18.080+0000] {taskinstance.py:1400} INFO - Marking task as SUCCESS. dag_id=reports_workflow, task_id=id_task_get_emails, execution_date=20240703T055000, start_date=20240703T134017, end_date=20240703T134018
[2024-07-03T13:40:18.156+0000] {local_task_job_runner.py:228} INFO - Task exited with return code 0
[2024-07-03T13:40:18.192+0000] {taskinstance.py:2784} INFO - 1 downstream tasks scheduled from follow-on schedule check
