[2024-07-03T09:58:56.582+0000] {taskinstance.py:1159} INFO - Dependencies all met for dep_context=non-requeueable deps ti=<TaskInstance: reports_workflow.id_task_get_emails scheduled__2024-07-02T23:50:00+00:00 [queued]>
[2024-07-03T09:58:56.606+0000] {taskinstance.py:1159} INFO - Dependencies all met for dep_context=requeueable deps ti=<TaskInstance: reports_workflow.id_task_get_emails scheduled__2024-07-02T23:50:00+00:00 [queued]>
[2024-07-03T09:58:56.607+0000] {taskinstance.py:1361} INFO - Starting attempt 1 of 1
[2024-07-03T09:58:56.642+0000] {taskinstance.py:1382} INFO - Executing <Task(PythonOperator): id_task_get_emails> on 2024-07-02 23:50:00+00:00
[2024-07-03T09:58:56.649+0000] {standard_task_runner.py:57} INFO - Started process 20925 to run task
[2024-07-03T09:58:56.655+0000] {standard_task_runner.py:84} INFO - Running: ['***', 'tasks', 'run', 'reports_workflow', 'id_task_get_emails', 'scheduled__2024-07-02T23:50:00+00:00', '--job-id', '533', '--raw', '--subdir', 'DAGS_FOLDER/dag_email_robot.py', '--cfg-path', '/tmp/tmprmkaepir']
[2024-07-03T09:58:56.657+0000] {standard_task_runner.py:85} INFO - Job 533: Subtask id_task_get_emails
[2024-07-03T09:58:56.795+0000] {task_command.py:415} INFO - Running <TaskInstance: reports_workflow.id_task_get_emails scheduled__2024-07-02T23:50:00+00:00 [running]> on host 6f4ef5488251
[2024-07-03T09:58:56.981+0000] {taskinstance.py:1660} INFO - Exporting env vars: AIRFLOW_CTX_DAG_OWNER='FIRDAVS' AIRFLOW_CTX_DAG_ID='reports_workflow' AIRFLOW_CTX_TASK_ID='id_task_get_emails' AIRFLOW_CTX_EXECUTION_DATE='2024-07-02T23:50:00+00:00' AIRFLOW_CTX_TRY_NUMBER='1' AIRFLOW_CTX_DAG_RUN_ID='scheduled__2024-07-02T23:50:00+00:00'
[2024-07-03T09:58:56.983+0000] {logging_mixin.py:151} INFO - path of config file:  /opt/***
[2024-07-03T09:58:56.983+0000] {logging_mixin.py:151} INFO - #>2024-07-03 09:58:56.983780_User@StatDep: EmailRobot in screated.
[2024-07-03T09:58:56.984+0000] {logging_mixin.py:151} INFO - #>2024-07-03 09:58:56.983981_User@StatDep: get_for_recent_emails is started...
[2024-07-03T09:58:56.984+0000] {logging_mixin.py:151} INFO - #>2024-07-03 09:58:56.984111_User@StatDep: pop3_fetch_emails isstarted...
[2024-07-03T09:58:57.361+0000] {logging_mixin.py:151} INFO -    b'+OK'
[2024-07-03T09:58:57.641+0000] {logging_mixin.py:151} INFO -    mailbox have 0 emails and the robot can process 10
[2024-07-03T09:58:57.644+0000] {logging_mixin.py:151} INFO - #>2024-07-03 09:58:57.644012_User@StatDep: no emails to process, exiting pop3_fetch_emails()...
[2024-07-03T09:58:57.644+0000] {python.py:194} INFO - Done. Returned value was: True
[2024-07-03T09:58:57.694+0000] {taskinstance.py:1400} INFO - Marking task as SUCCESS. dag_id=reports_workflow, task_id=id_task_get_emails, execution_date=20240702T235000, start_date=20240703T095856, end_date=20240703T095857
[2024-07-03T09:58:57.859+0000] {local_task_job_runner.py:228} INFO - Task exited with return code 0
[2024-07-03T09:58:57.889+0000] {taskinstance.py:2784} INFO - 0 downstream tasks scheduled from follow-on schedule check
[2024-07-03T13:39:14.547+0000] {taskinstance.py:1159} INFO - Dependencies all met for dep_context=non-requeueable deps ti=<TaskInstance: reports_workflow.id_task_get_emails scheduled__2024-07-02T23:50:00+00:00 [queued]>
[2024-07-03T13:39:14.749+0000] {taskinstance.py:1159} INFO - Dependencies all met for dep_context=requeueable deps ti=<TaskInstance: reports_workflow.id_task_get_emails scheduled__2024-07-02T23:50:00+00:00 [queued]>
[2024-07-03T13:39:14.749+0000] {taskinstance.py:1361} INFO - Starting attempt 1 of 1
[2024-07-03T13:39:14.848+0000] {taskinstance.py:1382} INFO - Executing <Task(PythonOperator): id_task_get_emails> on 2024-07-02 23:50:00+00:00
[2024-07-03T13:39:14.858+0000] {standard_task_runner.py:57} INFO - Started process 26118 to run task
[2024-07-03T13:39:14.865+0000] {standard_task_runner.py:84} INFO - Running: ['***', 'tasks', 'run', 'reports_workflow', 'id_task_get_emails', 'scheduled__2024-07-02T23:50:00+00:00', '--job-id', '1456', '--raw', '--subdir', 'DAGS_FOLDER/dag_email_robot.py', '--cfg-path', '/tmp/tmpzv3wa1xj']
[2024-07-03T13:39:14.867+0000] {standard_task_runner.py:85} INFO - Job 1456: Subtask id_task_get_emails
[2024-07-03T13:39:14.959+0000] {task_command.py:415} INFO - Running <TaskInstance: reports_workflow.id_task_get_emails scheduled__2024-07-02T23:50:00+00:00 [running]> on host 6f4ef5488251
[2024-07-03T13:39:15.347+0000] {taskinstance.py:1660} INFO - Exporting env vars: AIRFLOW_CTX_DAG_OWNER='FIRDAVS' AIRFLOW_CTX_DAG_ID='reports_workflow' AIRFLOW_CTX_TASK_ID='id_task_get_emails' AIRFLOW_CTX_EXECUTION_DATE='2024-07-02T23:50:00+00:00' AIRFLOW_CTX_TRY_NUMBER='1' AIRFLOW_CTX_DAG_RUN_ID='scheduled__2024-07-02T23:50:00+00:00'
[2024-07-03T13:39:15.349+0000] {logging_mixin.py:151} INFO - path of config file:  /opt/***
[2024-07-03T13:39:15.350+0000] {logging_mixin.py:151} INFO - #>2024-07-03 13:39:15.350144_User@StatDep: EmailRobot in screated.
[2024-07-03T13:39:15.350+0000] {logging_mixin.py:151} INFO - #>2024-07-03 13:39:15.350452_User@StatDep: get_for_recent_emails is started...
[2024-07-03T13:39:15.350+0000] {logging_mixin.py:151} INFO - #>2024-07-03 13:39:15.350595_User@StatDep: pop3_fetch_emails isstarted...
[2024-07-03T13:39:15.734+0000] {logging_mixin.py:151} INFO -    b'+OK'
[2024-07-03T13:39:16.045+0000] {logging_mixin.py:151} INFO -    mailbox have 0 emails and the robot can process 10
[2024-07-03T13:39:16.046+0000] {logging_mixin.py:151} INFO - #>2024-07-03 13:39:16.046221_User@StatDep: no emails to process, exiting pop3_fetch_emails()...
[2024-07-03T13:39:16.046+0000] {python.py:194} INFO - Done. Returned value was: True
[2024-07-03T13:39:16.113+0000] {taskinstance.py:1400} INFO - Marking task as SUCCESS. dag_id=reports_workflow, task_id=id_task_get_emails, execution_date=20240702T235000, start_date=20240703T133914, end_date=20240703T133916
[2024-07-03T13:39:16.158+0000] {local_task_job_runner.py:228} INFO - Task exited with return code 0
[2024-07-03T13:39:16.289+0000] {taskinstance.py:2784} INFO - 0 downstream tasks scheduled from follow-on schedule check
