[2024-07-03T10:06:42.463+0000] {taskinstance.py:1159} INFO - Dependencies all met for dep_context=non-requeueable deps ti=<TaskInstance: reports_workflow.id_task_send_emails manual__2024-07-03T10:06:39.906791+00:00 [queued]>
[2024-07-03T10:06:42.472+0000] {taskinstance.py:1159} INFO - Dependencies all met for dep_context=requeueable deps ti=<TaskInstance: reports_workflow.id_task_send_emails manual__2024-07-03T10:06:39.906791+00:00 [queued]>
[2024-07-03T10:06:42.472+0000] {taskinstance.py:1361} INFO - Starting attempt 1 of 1
[2024-07-03T10:06:42.483+0000] {taskinstance.py:1382} INFO - Executing <Task(PythonOperator): id_task_send_emails> on 2024-07-03 10:06:39.906791+00:00
[2024-07-03T10:06:42.487+0000] {standard_task_runner.py:57} INFO - Started process 21292 to run task
[2024-07-03T10:06:42.496+0000] {standard_task_runner.py:84} INFO - Running: ['***', 'tasks', 'run', 'reports_workflow', 'id_task_send_emails', 'manual__2024-07-03T10:06:39.906791+00:00', '--job-id', '657', '--raw', '--subdir', 'DAGS_FOLDER/dag_email_robot.py', '--cfg-path', '/tmp/tmpix9fuh98']
[2024-07-03T10:06:42.498+0000] {standard_task_runner.py:85} INFO - Job 657: Subtask id_task_send_emails
[2024-07-03T10:06:42.574+0000] {task_command.py:415} INFO - Running <TaskInstance: reports_workflow.id_task_send_emails manual__2024-07-03T10:06:39.906791+00:00 [running]> on host 6f4ef5488251
[2024-07-03T10:06:42.688+0000] {taskinstance.py:1660} INFO - Exporting env vars: AIRFLOW_CTX_DAG_OWNER='FIRDAVS' AIRFLOW_CTX_DAG_ID='reports_workflow' AIRFLOW_CTX_TASK_ID='id_task_send_emails' AIRFLOW_CTX_EXECUTION_DATE='2024-07-03T10:06:39.906791+00:00' AIRFLOW_CTX_TRY_NUMBER='1' AIRFLOW_CTX_DAG_RUN_ID='manual__2024-07-03T10:06:39.906791+00:00'
[2024-07-03T10:06:42.689+0000] {logging_mixin.py:151} INFO - path of config file:  /opt/***
[2024-07-03T10:06:42.689+0000] {logging_mixin.py:151} INFO - #>2024-07-03 10:06:42.689558_User@StatDep: EmailRobot in screated.
[2024-07-03T10:06:42.689+0000] {logging_mixin.py:151} INFO - #>2024-07-03 10:06:42.689745_User@StatDep: send_validation_results is started...
[2024-07-03T10:06:42.690+0000] {taskinstance.py:1943} ERROR - Task failed with exception
Traceback (most recent call last):
  File "/home/airflow/.local/lib/python3.8/site-packages/airflow/operators/python.py", line 192, in execute
    return_value = self.execute_callable()
  File "/home/airflow/.local/lib/python3.8/site-packages/airflow/operators/python.py", line 209, in execute_callable
    return self.python_callable(*self.op_args, **self.op_kwargs)
  File "/opt/airflow/dags/dag_email_robot.py", line 37, in send_emails
    robot.send_validation_results()
  File "/opt/airflow/dags/emailRobot.py", line 215, in send_validation_results
    with psycopg2.connect(dbname=self.db_name, user=self.db_user,
  File "/home/airflow/.local/lib/python3.8/site-packages/psycopg2/__init__.py", line 122, in connect
    conn = _connect(dsn, connection_factory=connection_factory, **kwasync)
psycopg2.OperationalError: connection to server at "localhost" (::1), port 5432 failed: Connection refused
	Is the server running on that host and accepting TCP/IP connections?
connection to server at "localhost" (127.0.0.1), port 5432 failed: Connection refused
	Is the server running on that host and accepting TCP/IP connections?

[2024-07-03T10:06:42.704+0000] {taskinstance.py:1400} INFO - Marking task as FAILED. dag_id=reports_workflow, task_id=id_task_send_emails, execution_date=20240703T100639, start_date=20240703T100642, end_date=20240703T100642
[2024-07-03T10:06:42.719+0000] {standard_task_runner.py:104} ERROR - Failed to execute job 657 for task id_task_send_emails (connection to server at "localhost" (::1), port 5432 failed: Connection refused
	Is the server running on that host and accepting TCP/IP connections?
connection to server at "localhost" (127.0.0.1), port 5432 failed: Connection refused
	Is the server running on that host and accepting TCP/IP connections?
; 21292)
[2024-07-03T10:06:42.744+0000] {local_task_job_runner.py:228} INFO - Task exited with return code 1
[2024-07-03T10:06:42.771+0000] {taskinstance.py:2784} INFO - 0 downstream tasks scheduled from follow-on schedule check
