[2024-07-03T09:58:26.255+0000] {taskinstance.py:1159} INFO - Dependencies all met for dep_context=non-requeueable deps ti=<TaskInstance: reports_workflow.id_task_get_emails scheduled__2024-07-02T19:05:00+00:00 [queued]>
[2024-07-03T09:58:26.265+0000] {taskinstance.py:1159} INFO - Dependencies all met for dep_context=requeueable deps ti=<TaskInstance: reports_workflow.id_task_get_emails scheduled__2024-07-02T19:05:00+00:00 [queued]>
[2024-07-03T09:58:26.265+0000] {taskinstance.py:1361} INFO - Starting attempt 1 of 1
[2024-07-03T09:58:26.281+0000] {taskinstance.py:1382} INFO - Executing <Task(PythonOperator): id_task_get_emails> on 2024-07-02 19:05:00+00:00
[2024-07-03T09:58:26.291+0000] {standard_task_runner.py:57} INFO - Started process 20808 to run task
[2024-07-03T09:58:26.301+0000] {standard_task_runner.py:84} INFO - Running: ['***', 'tasks', 'run', 'reports_workflow', 'id_task_get_emails', 'scheduled__2024-07-02T19:05:00+00:00', '--job-id', '475', '--raw', '--subdir', 'DAGS_FOLDER/dag_email_robot.py', '--cfg-path', '/tmp/tmpnvaaf37l']
[2024-07-03T09:58:26.302+0000] {standard_task_runner.py:85} INFO - Job 475: Subtask id_task_get_emails
[2024-07-03T09:58:26.371+0000] {task_command.py:415} INFO - Running <TaskInstance: reports_workflow.id_task_get_emails scheduled__2024-07-02T19:05:00+00:00 [running]> on host 6f4ef5488251
[2024-07-03T09:58:26.485+0000] {taskinstance.py:1660} INFO - Exporting env vars: AIRFLOW_CTX_DAG_OWNER='FIRDAVS' AIRFLOW_CTX_DAG_ID='reports_workflow' AIRFLOW_CTX_TASK_ID='id_task_get_emails' AIRFLOW_CTX_EXECUTION_DATE='2024-07-02T19:05:00+00:00' AIRFLOW_CTX_TRY_NUMBER='1' AIRFLOW_CTX_DAG_RUN_ID='scheduled__2024-07-02T19:05:00+00:00'
[2024-07-03T09:58:26.488+0000] {logging_mixin.py:151} INFO - path of config file:  /opt/***
[2024-07-03T09:58:26.489+0000] {logging_mixin.py:151} INFO - #>2024-07-03 09:58:26.489030_User@StatDep: EmailRobot in screated.
[2024-07-03T09:58:26.489+0000] {logging_mixin.py:151} INFO - #>2024-07-03 09:58:26.489202_User@StatDep: get_for_recent_emails is started...
[2024-07-03T09:58:26.489+0000] {logging_mixin.py:151} INFO - #>2024-07-03 09:58:26.489326_User@StatDep: pop3_fetch_emails isstarted...
[2024-07-03T09:58:26.879+0000] {logging_mixin.py:151} INFO -    b'+OK'
[2024-07-03T09:58:27.163+0000] {logging_mixin.py:151} INFO -    mailbox have 0 emails and the robot can process 10
[2024-07-03T09:58:27.164+0000] {logging_mixin.py:151} INFO - #>2024-07-03 09:58:27.164183_User@StatDep: no emails to process, exiting pop3_fetch_emails()...
[2024-07-03T09:58:27.164+0000] {python.py:194} INFO - Done. Returned value was: True
[2024-07-03T09:58:27.211+0000] {taskinstance.py:1400} INFO - Marking task as SUCCESS. dag_id=reports_workflow, task_id=id_task_get_emails, execution_date=20240702T190500, start_date=20240703T095826, end_date=20240703T095827
[2024-07-03T09:58:27.242+0000] {local_task_job_runner.py:228} INFO - Task exited with return code 0
[2024-07-03T09:58:27.297+0000] {taskinstance.py:2784} INFO - 0 downstream tasks scheduled from follow-on schedule check
[2024-07-03T12:28:53.985+0000] {taskinstance.py:1159} INFO - Dependencies all met for dep_context=non-requeueable deps ti=<TaskInstance: reports_workflow.id_task_get_emails scheduled__2024-07-02T19:05:00+00:00 [queued]>
[2024-07-03T12:28:54.017+0000] {taskinstance.py:1159} INFO - Dependencies all met for dep_context=requeueable deps ti=<TaskInstance: reports_workflow.id_task_get_emails scheduled__2024-07-02T19:05:00+00:00 [queued]>
[2024-07-03T12:28:54.018+0000] {taskinstance.py:1361} INFO - Starting attempt 1 of 1
[2024-07-03T12:28:54.031+0000] {taskinstance.py:1382} INFO - Executing <Task(PythonOperator): id_task_get_emails> on 2024-07-02 19:05:00+00:00
[2024-07-03T12:28:54.038+0000] {standard_task_runner.py:57} INFO - Started process 24812 to run task
[2024-07-03T12:28:54.044+0000] {standard_task_runner.py:84} INFO - Running: ['***', 'tasks', 'run', 'reports_workflow', 'id_task_get_emails', 'scheduled__2024-07-02T19:05:00+00:00', '--job-id', '1339', '--raw', '--subdir', 'DAGS_FOLDER/dag_email_robot.py', '--cfg-path', '/tmp/tmpcbm8e_3s']
[2024-07-03T12:28:54.045+0000] {standard_task_runner.py:85} INFO - Job 1339: Subtask id_task_get_emails
[2024-07-03T12:28:54.105+0000] {task_command.py:415} INFO - Running <TaskInstance: reports_workflow.id_task_get_emails scheduled__2024-07-02T19:05:00+00:00 [running]> on host 6f4ef5488251
[2024-07-03T12:28:54.221+0000] {taskinstance.py:1660} INFO - Exporting env vars: AIRFLOW_CTX_DAG_OWNER='FIRDAVS' AIRFLOW_CTX_DAG_ID='reports_workflow' AIRFLOW_CTX_TASK_ID='id_task_get_emails' AIRFLOW_CTX_EXECUTION_DATE='2024-07-02T19:05:00+00:00' AIRFLOW_CTX_TRY_NUMBER='1' AIRFLOW_CTX_DAG_RUN_ID='scheduled__2024-07-02T19:05:00+00:00'
[2024-07-03T12:28:54.222+0000] {logging_mixin.py:151} INFO - path of config file:  /opt/***
[2024-07-03T12:28:54.222+0000] {logging_mixin.py:151} INFO - #>2024-07-03 12:28:54.222831_User@StatDep: EmailRobot in screated.
[2024-07-03T12:28:54.223+0000] {logging_mixin.py:151} INFO - #>2024-07-03 12:28:54.223024_User@StatDep: get_for_recent_emails is started...
[2024-07-03T12:28:54.223+0000] {logging_mixin.py:151} INFO - #>2024-07-03 12:28:54.223156_User@StatDep: pop3_fetch_emails isstarted...
[2024-07-03T12:28:54.625+0000] {logging_mixin.py:151} INFO -    b'+OK'
[2024-07-03T12:28:54.925+0000] {logging_mixin.py:151} INFO -    mailbox have 0 emails and the robot can process 10
[2024-07-03T12:28:54.926+0000] {logging_mixin.py:151} INFO - #>2024-07-03 12:28:54.926047_User@StatDep: no emails to process, exiting pop3_fetch_emails()...
[2024-07-03T12:28:54.926+0000] {python.py:194} INFO - Done. Returned value was: True
[2024-07-03T12:28:54.983+0000] {taskinstance.py:1400} INFO - Marking task as SUCCESS. dag_id=reports_workflow, task_id=id_task_get_emails, execution_date=20240702T190500, start_date=20240703T122853, end_date=20240703T122854
[2024-07-03T12:28:55.109+0000] {local_task_job_runner.py:228} INFO - Task exited with return code 0
[2024-07-03T12:28:55.134+0000] {taskinstance.py:2784} INFO - 1 downstream tasks scheduled from follow-on schedule check
