[2024-07-08T08:15:01.170+0000] {taskinstance.py:1159} INFO - Dependencies all met for dep_context=non-requeueable deps ti=<TaskInstance: reports_workflow.id_task_get_emails scheduled__2024-07-08T08:10:00+00:00 [queued]>
[2024-07-08T08:15:01.177+0000] {taskinstance.py:1159} INFO - Dependencies all met for dep_context=requeueable deps ti=<TaskInstance: reports_workflow.id_task_get_emails scheduled__2024-07-08T08:10:00+00:00 [queued]>
[2024-07-08T08:15:01.177+0000] {taskinstance.py:1361} INFO - Starting attempt 1 of 2
[2024-07-08T08:15:01.188+0000] {taskinstance.py:1382} INFO - Executing <Task(PythonOperator): id_task_get_emails> on 2024-07-08 08:10:00+00:00
[2024-07-08T08:15:01.194+0000] {standard_task_runner.py:57} INFO - Started process 5574 to run task
[2024-07-08T08:15:01.201+0000] {standard_task_runner.py:84} INFO - Running: ['***', 'tasks', 'run', 'reports_workflow', 'id_task_get_emails', 'scheduled__2024-07-08T08:10:00+00:00', '--job-id', '3628', '--raw', '--subdir', 'DAGS_FOLDER/dag_email_robot.py', '--cfg-path', '/tmp/tmpk2vdy5yk']
[2024-07-08T08:15:01.207+0000] {standard_task_runner.py:85} INFO - Job 3628: Subtask id_task_get_emails
[2024-07-08T08:15:01.301+0000] {task_command.py:415} INFO - Running <TaskInstance: reports_workflow.id_task_get_emails scheduled__2024-07-08T08:10:00+00:00 [running]> on host 6f4ef5488251
[2024-07-08T08:15:01.417+0000] {taskinstance.py:1660} INFO - Exporting env vars: AIRFLOW_CTX_DAG_OWNER='FIRDAVS' AIRFLOW_CTX_DAG_ID='reports_workflow' AIRFLOW_CTX_TASK_ID='id_task_get_emails' AIRFLOW_CTX_EXECUTION_DATE='2024-07-08T08:10:00+00:00' AIRFLOW_CTX_TRY_NUMBER='1' AIRFLOW_CTX_DAG_RUN_ID='scheduled__2024-07-08T08:10:00+00:00'
[2024-07-08T08:15:01.419+0000] {logging_mixin.py:151} INFO - path of config file:  /opt/***
[2024-07-08T08:15:01.420+0000] {logging_mixin.py:151} INFO - #>2024-07-08 08:15:01.420298_User@StatDep: EmailRobot in screated.
[2024-07-08T08:15:01.420+0000] {logging_mixin.py:151} INFO - #>2024-07-08 08:15:01.420478_User@StatDep: get_for_recent_emails is started...
[2024-07-08T08:15:01.420+0000] {logging_mixin.py:151} INFO - #>2024-07-08 08:15:01.420607_User@StatDep: pop3_fetch_emails isstarted...
[2024-07-08T08:15:01.883+0000] {logging_mixin.py:151} INFO -    b'+OK'
[2024-07-08T08:15:02.183+0000] {logging_mixin.py:151} INFO -    mailbox have 0 emails and the robot can process 10
[2024-07-08T08:15:02.184+0000] {logging_mixin.py:151} INFO - #>2024-07-08 08:15:02.184401_User@StatDep: no emails to process, exiting pop3_fetch_emails()...
[2024-07-08T08:15:02.185+0000] {python.py:194} INFO - Done. Returned value was: True
[2024-07-08T08:15:02.226+0000] {taskinstance.py:1400} INFO - Marking task as SUCCESS. dag_id=reports_workflow, task_id=id_task_get_emails, execution_date=20240708T081000, start_date=20240708T081501, end_date=20240708T081502
[2024-07-08T08:15:02.254+0000] {local_task_job_runner.py:228} INFO - Task exited with return code 0
[2024-07-08T08:15:02.285+0000] {taskinstance.py:2784} INFO - 1 downstream tasks scheduled from follow-on schedule check
[2024-07-08T10:22:44.844+0000] {taskinstance.py:1159} INFO - Dependencies all met for dep_context=non-requeueable deps ti=<TaskInstance: reports_workflow.id_task_get_emails scheduled__2024-07-08T08:10:00+00:00 [queued]>
[2024-07-08T10:22:44.853+0000] {taskinstance.py:1159} INFO - Dependencies all met for dep_context=requeueable deps ti=<TaskInstance: reports_workflow.id_task_get_emails scheduled__2024-07-08T08:10:00+00:00 [queued]>
[2024-07-08T10:22:44.853+0000] {taskinstance.py:1361} INFO - Starting attempt 1 of 2
[2024-07-08T10:22:44.869+0000] {taskinstance.py:1382} INFO - Executing <Task(PythonOperator): id_task_get_emails> on 2024-07-08 08:10:00+00:00
[2024-07-08T10:22:44.875+0000] {standard_task_runner.py:57} INFO - Started process 8173 to run task
[2024-07-08T10:22:44.880+0000] {standard_task_runner.py:84} INFO - Running: ['***', 'tasks', 'run', 'reports_workflow', 'id_task_get_emails', 'scheduled__2024-07-08T08:10:00+00:00', '--job-id', '3844', '--raw', '--subdir', 'DAGS_FOLDER/dag_email_robot.py', '--cfg-path', '/tmp/tmprgsjdj9q']
[2024-07-08T10:22:44.885+0000] {standard_task_runner.py:85} INFO - Job 3844: Subtask id_task_get_emails
[2024-07-08T10:22:44.973+0000] {task_command.py:415} INFO - Running <TaskInstance: reports_workflow.id_task_get_emails scheduled__2024-07-08T08:10:00+00:00 [running]> on host 6f4ef5488251
[2024-07-08T10:22:45.086+0000] {taskinstance.py:1660} INFO - Exporting env vars: AIRFLOW_CTX_DAG_OWNER='FIRDAVS' AIRFLOW_CTX_DAG_ID='reports_workflow' AIRFLOW_CTX_TASK_ID='id_task_get_emails' AIRFLOW_CTX_EXECUTION_DATE='2024-07-08T08:10:00+00:00' AIRFLOW_CTX_TRY_NUMBER='1' AIRFLOW_CTX_DAG_RUN_ID='scheduled__2024-07-08T08:10:00+00:00'
[2024-07-08T10:22:45.090+0000] {logging_mixin.py:151} INFO - path of config file:  /opt/***
[2024-07-08T10:22:45.091+0000] {logging_mixin.py:151} INFO - #>2024-07-08 10:22:45.091083_User@StatDep: EmailRobot in screated.
[2024-07-08T10:22:45.091+0000] {logging_mixin.py:151} INFO - #>2024-07-08 10:22:45.091496_User@StatDep: get_for_recent_emails is started...
[2024-07-08T10:22:45.091+0000] {logging_mixin.py:151} INFO - #>2024-07-08 10:22:45.091828_User@StatDep: pop3_fetch_emails isstarted...
[2024-07-08T10:22:45.482+0000] {logging_mixin.py:151} INFO -    b'+OK'
[2024-07-08T10:22:45.834+0000] {logging_mixin.py:151} INFO -    mailbox have 0 emails and the robot can process 10
[2024-07-08T10:22:45.836+0000] {logging_mixin.py:151} INFO - #>2024-07-08 10:22:45.835967_User@StatDep: no emails to process, exiting pop3_fetch_emails()...
[2024-07-08T10:22:45.837+0000] {python.py:194} INFO - Done. Returned value was: True
[2024-07-08T10:22:45.868+0000] {taskinstance.py:1400} INFO - Marking task as SUCCESS. dag_id=reports_workflow, task_id=id_task_get_emails, execution_date=20240708T081000, start_date=20240708T102244, end_date=20240708T102245
[2024-07-08T10:22:45.895+0000] {local_task_job_runner.py:228} INFO - Task exited with return code 0
[2024-07-08T10:22:45.918+0000] {taskinstance.py:2784} INFO - 1 downstream tasks scheduled from follow-on schedule check
