[2024-07-03T09:58:01.392+0000] {taskinstance.py:1159} INFO - Dependencies all met for dep_context=non-requeueable deps ti=<TaskInstance: reports_workflow.id_task_get_emails scheduled__2024-07-02T14:05:00+00:00 [queued]>
[2024-07-03T09:58:01.401+0000] {taskinstance.py:1159} INFO - Dependencies all met for dep_context=requeueable deps ti=<TaskInstance: reports_workflow.id_task_get_emails scheduled__2024-07-02T14:05:00+00:00 [queued]>
[2024-07-03T09:58:01.402+0000] {taskinstance.py:1361} INFO - Starting attempt 1 of 1
[2024-07-03T09:58:01.416+0000] {taskinstance.py:1382} INFO - Executing <Task(PythonOperator): id_task_get_emails> on 2024-07-02 14:05:00+00:00
[2024-07-03T09:58:01.421+0000] {standard_task_runner.py:57} INFO - Started process 20678 to run task
[2024-07-03T09:58:01.424+0000] {standard_task_runner.py:84} INFO - Running: ['***', 'tasks', 'run', 'reports_workflow', 'id_task_get_emails', 'scheduled__2024-07-02T14:05:00+00:00', '--job-id', '414', '--raw', '--subdir', 'DAGS_FOLDER/dag_email_robot.py', '--cfg-path', '/tmp/tmpex39p7k1']
[2024-07-03T09:58:01.425+0000] {standard_task_runner.py:85} INFO - Job 414: Subtask id_task_get_emails
[2024-07-03T09:58:01.501+0000] {task_command.py:415} INFO - Running <TaskInstance: reports_workflow.id_task_get_emails scheduled__2024-07-02T14:05:00+00:00 [running]> on host 6f4ef5488251
[2024-07-03T09:58:01.619+0000] {taskinstance.py:1660} INFO - Exporting env vars: AIRFLOW_CTX_DAG_OWNER='FIRDAVS' AIRFLOW_CTX_DAG_ID='reports_workflow' AIRFLOW_CTX_TASK_ID='id_task_get_emails' AIRFLOW_CTX_EXECUTION_DATE='2024-07-02T14:05:00+00:00' AIRFLOW_CTX_TRY_NUMBER='1' AIRFLOW_CTX_DAG_RUN_ID='scheduled__2024-07-02T14:05:00+00:00'
[2024-07-03T09:58:01.620+0000] {logging_mixin.py:151} INFO - path of config file:  /opt/***
[2024-07-03T09:58:01.620+0000] {taskinstance.py:1943} ERROR - Task failed with exception
Traceback (most recent call last):
  File "/home/airflow/.local/lib/python3.8/site-packages/airflow/operators/python.py", line 192, in execute
    return_value = self.execute_callable()
  File "/home/airflow/.local/lib/python3.8/site-packages/airflow/operators/python.py", line 209, in execute_callable
    return self.python_callable(*self.op_args, **self.op_kwargs)
  File "/opt/airflow/dags/dag_email_robot.py", line 22, in get_emails
    email_conf = json.load (open(path / ("config/email_conf.json")))
NameError: name 'json' is not defined
[2024-07-03T09:58:01.633+0000] {taskinstance.py:1400} INFO - Marking task as FAILED. dag_id=reports_workflow, task_id=id_task_get_emails, execution_date=20240702T140500, start_date=20240703T095801, end_date=20240703T095801
[2024-07-03T09:58:01.653+0000] {standard_task_runner.py:104} ERROR - Failed to execute job 414 for task id_task_get_emails (name 'json' is not defined; 20678)
[2024-07-03T09:58:01.678+0000] {local_task_job_runner.py:228} INFO - Task exited with return code 1
[2024-07-03T09:58:01.711+0000] {taskinstance.py:2784} INFO - 0 downstream tasks scheduled from follow-on schedule check
[2024-07-03T12:05:27.892+0000] {taskinstance.py:1159} INFO - Dependencies all met for dep_context=non-requeueable deps ti=<TaskInstance: reports_workflow.id_task_get_emails scheduled__2024-07-02T14:05:00+00:00 [queued]>
[2024-07-03T12:05:27.914+0000] {taskinstance.py:1159} INFO - Dependencies all met for dep_context=requeueable deps ti=<TaskInstance: reports_workflow.id_task_get_emails scheduled__2024-07-02T14:05:00+00:00 [queued]>
[2024-07-03T12:05:27.914+0000] {taskinstance.py:1361} INFO - Starting attempt 1 of 1
[2024-07-03T12:05:27.941+0000] {taskinstance.py:1382} INFO - Executing <Task(PythonOperator): id_task_get_emails> on 2024-07-02 14:05:00+00:00
[2024-07-03T12:05:27.947+0000] {standard_task_runner.py:57} INFO - Started process 23499 to run task
[2024-07-03T12:05:27.973+0000] {standard_task_runner.py:84} INFO - Running: ['***', 'tasks', 'run', 'reports_workflow', 'id_task_get_emails', 'scheduled__2024-07-02T14:05:00+00:00', '--job-id', '855', '--raw', '--subdir', 'DAGS_FOLDER/dag_email_robot.py', '--cfg-path', '/tmp/tmpzrmtfq67']
[2024-07-03T12:05:27.987+0000] {standard_task_runner.py:85} INFO - Job 855: Subtask id_task_get_emails
[2024-07-03T12:05:28.140+0000] {task_command.py:415} INFO - Running <TaskInstance: reports_workflow.id_task_get_emails scheduled__2024-07-02T14:05:00+00:00 [running]> on host 6f4ef5488251
[2024-07-03T12:05:28.325+0000] {taskinstance.py:1660} INFO - Exporting env vars: AIRFLOW_CTX_DAG_OWNER='FIRDAVS' AIRFLOW_CTX_DAG_ID='reports_workflow' AIRFLOW_CTX_TASK_ID='id_task_get_emails' AIRFLOW_CTX_EXECUTION_DATE='2024-07-02T14:05:00+00:00' AIRFLOW_CTX_TRY_NUMBER='1' AIRFLOW_CTX_DAG_RUN_ID='scheduled__2024-07-02T14:05:00+00:00'
[2024-07-03T12:05:28.326+0000] {logging_mixin.py:151} INFO - path of config file:  /opt/***
[2024-07-03T12:05:28.327+0000] {logging_mixin.py:151} INFO - #>2024-07-03 12:05:28.327304_User@StatDep: EmailRobot in screated.
[2024-07-03T12:05:28.327+0000] {logging_mixin.py:151} INFO - #>2024-07-03 12:05:28.327579_User@StatDep: get_for_recent_emails is started...
[2024-07-03T12:05:28.327+0000] {logging_mixin.py:151} INFO - #>2024-07-03 12:05:28.327733_User@StatDep: pop3_fetch_emails isstarted...
[2024-07-03T12:05:28.729+0000] {logging_mixin.py:151} INFO -    b'+OK'
[2024-07-03T12:05:29.252+0000] {logging_mixin.py:151} INFO -    mailbox have 1 emails and the robot can process 10
[2024-07-03T12:05:29.780+0000] {logging_mixin.py:151} INFO -    #>2024-07-03 12:05:29.779955_conneciton to db is set.
[2024-07-03T12:05:29.797+0000] {taskinstance.py:1943} ERROR - Task failed with exception
Traceback (most recent call last):
  File "/home/airflow/.local/lib/python3.8/site-packages/airflow/operators/python.py", line 192, in execute
    return_value = self.execute_callable()
  File "/home/airflow/.local/lib/python3.8/site-packages/airflow/operators/python.py", line 209, in execute_callable
    return self.python_callable(*self.op_args, **self.op_kwargs)
  File "/opt/airflow/dags/dag_email_robot.py", line 25, in get_emails
    robot.fetch_emails()
  File "/opt/airflow/dags/emailRobot.py", line 62, in fetch_emails
    return self.pop3_fetch_emails()
  File "/opt/airflow/dags/emailRobot.py", line 156, in pop3_fetch_emails
    cursor.execute (query, insert_values)
psycopg2.errors.UndefinedTable: relation "sma_stat_dep.tbl_file_upload" does not exist
LINE 1: ...) AS (INSERT INTO                                 sma_stat_d...
                                                             ^

[2024-07-03T12:05:29.811+0000] {taskinstance.py:1400} INFO - Marking task as FAILED. dag_id=reports_workflow, task_id=id_task_get_emails, execution_date=20240702T140500, start_date=20240703T120527, end_date=20240703T120529
[2024-07-03T12:05:29.875+0000] {standard_task_runner.py:104} ERROR - Failed to execute job 855 for task id_task_get_emails (relation "sma_stat_dep.tbl_file_upload" does not exist
LINE 1: ...) AS (INSERT INTO                                 sma_stat_d...
                                                             ^
; 23499)
[2024-07-03T12:05:29.912+0000] {local_task_job_runner.py:228} INFO - Task exited with return code 1
[2024-07-03T12:05:29.942+0000] {taskinstance.py:2784} INFO - 0 downstream tasks scheduled from follow-on schedule check
[2024-07-03T12:24:59.803+0000] {taskinstance.py:1159} INFO - Dependencies all met for dep_context=non-requeueable deps ti=<TaskInstance: reports_workflow.id_task_get_emails scheduled__2024-07-02T14:05:00+00:00 [queued]>
[2024-07-03T12:24:59.882+0000] {taskinstance.py:1159} INFO - Dependencies all met for dep_context=requeueable deps ti=<TaskInstance: reports_workflow.id_task_get_emails scheduled__2024-07-02T14:05:00+00:00 [queued]>
[2024-07-03T12:24:59.883+0000] {taskinstance.py:1361} INFO - Starting attempt 1 of 1
[2024-07-03T12:25:00.007+0000] {taskinstance.py:1382} INFO - Executing <Task(PythonOperator): id_task_get_emails> on 2024-07-02 14:05:00+00:00
[2024-07-03T12:25:00.013+0000] {standard_task_runner.py:57} INFO - Started process 24507 to run task
[2024-07-03T12:25:00.022+0000] {standard_task_runner.py:84} INFO - Running: ['***', 'tasks', 'run', 'reports_workflow', 'id_task_get_emails', 'scheduled__2024-07-02T14:05:00+00:00', '--job-id', '1214', '--raw', '--subdir', 'DAGS_FOLDER/dag_email_robot.py', '--cfg-path', '/tmp/tmp4h5cia3x']
[2024-07-03T12:25:00.024+0000] {standard_task_runner.py:85} INFO - Job 1214: Subtask id_task_get_emails
[2024-07-03T12:25:00.141+0000] {task_command.py:415} INFO - Running <TaskInstance: reports_workflow.id_task_get_emails scheduled__2024-07-02T14:05:00+00:00 [running]> on host 6f4ef5488251
[2024-07-03T12:25:00.416+0000] {taskinstance.py:1660} INFO - Exporting env vars: AIRFLOW_CTX_DAG_OWNER='FIRDAVS' AIRFLOW_CTX_DAG_ID='reports_workflow' AIRFLOW_CTX_TASK_ID='id_task_get_emails' AIRFLOW_CTX_EXECUTION_DATE='2024-07-02T14:05:00+00:00' AIRFLOW_CTX_TRY_NUMBER='1' AIRFLOW_CTX_DAG_RUN_ID='scheduled__2024-07-02T14:05:00+00:00'
[2024-07-03T12:25:00.418+0000] {logging_mixin.py:151} INFO - path of config file:  /opt/***
[2024-07-03T12:25:00.418+0000] {logging_mixin.py:151} INFO - #>2024-07-03 12:25:00.418594_User@StatDep: EmailRobot in screated.
[2024-07-03T12:25:00.418+0000] {logging_mixin.py:151} INFO - #>2024-07-03 12:25:00.418795_User@StatDep: get_for_recent_emails is started...
[2024-07-03T12:25:00.418+0000] {logging_mixin.py:151} INFO - #>2024-07-03 12:25:00.418953_User@StatDep: pop3_fetch_emails isstarted...
[2024-07-03T12:25:00.797+0000] {logging_mixin.py:151} INFO -    b'+OK'
[2024-07-03T12:25:01.088+0000] {logging_mixin.py:151} INFO -    mailbox have 0 emails and the robot can process 10
[2024-07-03T12:25:01.089+0000] {logging_mixin.py:151} INFO - #>2024-07-03 12:25:01.089070_User@StatDep: no emails to process, exiting pop3_fetch_emails()...
[2024-07-03T12:25:01.089+0000] {python.py:194} INFO - Done. Returned value was: True
[2024-07-03T12:25:01.255+0000] {taskinstance.py:1400} INFO - Marking task as SUCCESS. dag_id=reports_workflow, task_id=id_task_get_emails, execution_date=20240702T140500, start_date=20240703T122459, end_date=20240703T122501
[2024-07-03T12:25:01.295+0000] {local_task_job_runner.py:228} INFO - Task exited with return code 0
[2024-07-03T12:25:01.339+0000] {taskinstance.py:2784} INFO - 1 downstream tasks scheduled from follow-on schedule check
