[2024-07-08T09:15:04.314+0000] {taskinstance.py:1159} INFO - Dependencies all met for dep_context=non-requeueable deps ti=<TaskInstance: reports_workflow.id_task_send_emails scheduled__2024-07-08T09:10:00+00:00 [queued]>
[2024-07-08T09:15:04.324+0000] {taskinstance.py:1159} INFO - Dependencies all met for dep_context=requeueable deps ti=<TaskInstance: reports_workflow.id_task_send_emails scheduled__2024-07-08T09:10:00+00:00 [queued]>
[2024-07-08T09:15:04.324+0000] {taskinstance.py:1361} INFO - Starting attempt 1 of 2
[2024-07-08T09:15:04.341+0000] {taskinstance.py:1382} INFO - Executing <Task(PythonOperator): id_task_send_emails> on 2024-07-08 09:10:00+00:00
[2024-07-08T09:15:04.349+0000] {standard_task_runner.py:57} INFO - Started process 6614 to run task
[2024-07-08T09:15:04.356+0000] {standard_task_runner.py:84} INFO - Running: ['***', 'tasks', 'run', 'reports_workflow', 'id_task_send_emails', 'scheduled__2024-07-08T09:10:00+00:00', '--job-id', '3666', '--raw', '--subdir', 'DAGS_FOLDER/dag_email_robot.py', '--cfg-path', '/tmp/tmpqtev6tga']
[2024-07-08T09:15:04.364+0000] {standard_task_runner.py:85} INFO - Job 3666: Subtask id_task_send_emails
[2024-07-08T09:15:04.447+0000] {task_command.py:415} INFO - Running <TaskInstance: reports_workflow.id_task_send_emails scheduled__2024-07-08T09:10:00+00:00 [running]> on host 6f4ef5488251
[2024-07-08T09:15:04.574+0000] {taskinstance.py:1660} INFO - Exporting env vars: AIRFLOW_CTX_DAG_OWNER='FIRDAVS' AIRFLOW_CTX_DAG_ID='reports_workflow' AIRFLOW_CTX_TASK_ID='id_task_send_emails' AIRFLOW_CTX_EXECUTION_DATE='2024-07-08T09:10:00+00:00' AIRFLOW_CTX_TRY_NUMBER='1' AIRFLOW_CTX_DAG_RUN_ID='scheduled__2024-07-08T09:10:00+00:00'
[2024-07-08T09:15:04.576+0000] {logging_mixin.py:151} INFO - path of config file:  /opt/***
[2024-07-08T09:15:04.576+0000] {logging_mixin.py:151} INFO - #>2024-07-08 09:15:04.576762_User@StatDep: EmailRobot in screated.
[2024-07-08T09:15:04.577+0000] {logging_mixin.py:151} INFO - #>2024-07-08 09:15:04.576985_User@StatDep: send_validation_results is started...
[2024-07-08T09:15:04.589+0000] {logging_mixin.py:151} INFO -    #>2024-07-08 09:15:04.589208_conneciton to db is set.
[2024-07-08T09:15:04.592+0000] {logging_mixin.py:151} INFO -    #>2024-07-08 09:15:04.592110_cursor execution is successful.
[2024-07-08T09:15:04.592+0000] {logging_mixin.py:151} INFO -    There is no any new submissions found. The get_validation_results is over.
[2024-07-08T09:15:04.592+0000] {python.py:194} INFO - Done. Returned value was: True
[2024-07-08T09:15:04.614+0000] {taskinstance.py:1400} INFO - Marking task as SUCCESS. dag_id=reports_workflow, task_id=id_task_send_emails, execution_date=20240708T091000, start_date=20240708T091504, end_date=20240708T091504
[2024-07-08T09:15:04.645+0000] {local_task_job_runner.py:228} INFO - Task exited with return code 0
[2024-07-08T09:15:04.677+0000] {taskinstance.py:2784} INFO - 0 downstream tasks scheduled from follow-on schedule check
[2024-07-08T10:23:14.472+0000] {taskinstance.py:1159} INFO - Dependencies all met for dep_context=non-requeueable deps ti=<TaskInstance: reports_workflow.id_task_send_emails scheduled__2024-07-08T09:10:00+00:00 [queued]>
[2024-07-08T10:23:14.550+0000] {taskinstance.py:1159} INFO - Dependencies all met for dep_context=requeueable deps ti=<TaskInstance: reports_workflow.id_task_send_emails scheduled__2024-07-08T09:10:00+00:00 [queued]>
[2024-07-08T10:23:14.551+0000] {taskinstance.py:1361} INFO - Starting attempt 1 of 2
[2024-07-08T10:23:14.565+0000] {taskinstance.py:1382} INFO - Executing <Task(PythonOperator): id_task_send_emails> on 2024-07-08 09:10:00+00:00
[2024-07-08T10:23:14.572+0000] {standard_task_runner.py:57} INFO - Started process 8311 to run task
[2024-07-08T10:23:14.583+0000] {standard_task_runner.py:84} INFO - Running: ['***', 'tasks', 'run', 'reports_workflow', 'id_task_send_emails', 'scheduled__2024-07-08T09:10:00+00:00', '--job-id', '3888', '--raw', '--subdir', 'DAGS_FOLDER/dag_email_robot.py', '--cfg-path', '/tmp/tmppjy8y0_j']
[2024-07-08T10:23:14.588+0000] {standard_task_runner.py:85} INFO - Job 3888: Subtask id_task_send_emails
[2024-07-08T10:23:14.656+0000] {task_command.py:415} INFO - Running <TaskInstance: reports_workflow.id_task_send_emails scheduled__2024-07-08T09:10:00+00:00 [running]> on host 6f4ef5488251
[2024-07-08T10:23:14.771+0000] {taskinstance.py:1660} INFO - Exporting env vars: AIRFLOW_CTX_DAG_OWNER='FIRDAVS' AIRFLOW_CTX_DAG_ID='reports_workflow' AIRFLOW_CTX_TASK_ID='id_task_send_emails' AIRFLOW_CTX_EXECUTION_DATE='2024-07-08T09:10:00+00:00' AIRFLOW_CTX_TRY_NUMBER='1' AIRFLOW_CTX_DAG_RUN_ID='scheduled__2024-07-08T09:10:00+00:00'
[2024-07-08T10:23:14.773+0000] {logging_mixin.py:151} INFO - path of config file:  /opt/***
[2024-07-08T10:23:14.773+0000] {logging_mixin.py:151} INFO - #>2024-07-08 10:23:14.773921_User@StatDep: EmailRobot in screated.
[2024-07-08T10:23:14.774+0000] {logging_mixin.py:151} INFO - #>2024-07-08 10:23:14.774125_User@StatDep: send_validation_results is started...
[2024-07-08T10:23:14.783+0000] {logging_mixin.py:151} INFO -    #>2024-07-08 10:23:14.783334_conneciton to db is set.
[2024-07-08T10:23:14.787+0000] {logging_mixin.py:151} INFO -    #>2024-07-08 10:23:14.787390_cursor execution is successful.
[2024-07-08T10:23:14.787+0000] {logging_mixin.py:151} INFO -    There is no any new submissions found. The get_validation_results is over.
[2024-07-08T10:23:14.788+0000] {python.py:194} INFO - Done. Returned value was: True
[2024-07-08T10:23:14.826+0000] {taskinstance.py:1400} INFO - Marking task as SUCCESS. dag_id=reports_workflow, task_id=id_task_send_emails, execution_date=20240708T091000, start_date=20240708T102314, end_date=20240708T102314
[2024-07-08T10:23:14.872+0000] {local_task_job_runner.py:228} INFO - Task exited with return code 0
[2024-07-08T10:23:14.902+0000] {taskinstance.py:2784} INFO - 0 downstream tasks scheduled from follow-on schedule check
