[2024-07-03T09:57:13.794+0000] {taskinstance.py:1159} INFO - Dependencies all met for dep_context=non-requeueable deps ti=<TaskInstance: reports_workflow.id_task_get_emails scheduled__2024-07-02T07:00:00+00:00 [queued]>
[2024-07-03T09:57:13.821+0000] {taskinstance.py:1159} INFO - Dependencies all met for dep_context=requeueable deps ti=<TaskInstance: reports_workflow.id_task_get_emails scheduled__2024-07-02T07:00:00+00:00 [queued]>
[2024-07-03T09:57:13.822+0000] {taskinstance.py:1361} INFO - Starting attempt 1 of 1
[2024-07-03T09:57:13.867+0000] {taskinstance.py:1382} INFO - Executing <Task(PythonOperator): id_task_get_emails> on 2024-07-02 07:00:00+00:00
[2024-07-03T09:57:13.872+0000] {standard_task_runner.py:57} INFO - Started process 20492 to run task
[2024-07-03T09:57:13.876+0000] {standard_task_runner.py:84} INFO - Running: ['***', 'tasks', 'run', 'reports_workflow', 'id_task_get_emails', 'scheduled__2024-07-02T07:00:00+00:00', '--job-id', '328', '--raw', '--subdir', 'DAGS_FOLDER/dag_email_robot.py', '--cfg-path', '/tmp/tmpow6cd60a']
[2024-07-03T09:57:13.877+0000] {standard_task_runner.py:85} INFO - Job 328: Subtask id_task_get_emails
[2024-07-03T09:57:13.990+0000] {task_command.py:415} INFO - Running <TaskInstance: reports_workflow.id_task_get_emails scheduled__2024-07-02T07:00:00+00:00 [running]> on host 6f4ef5488251
[2024-07-03T09:57:14.129+0000] {taskinstance.py:1660} INFO - Exporting env vars: AIRFLOW_CTX_DAG_OWNER='FIRDAVS' AIRFLOW_CTX_DAG_ID='reports_workflow' AIRFLOW_CTX_TASK_ID='id_task_get_emails' AIRFLOW_CTX_EXECUTION_DATE='2024-07-02T07:00:00+00:00' AIRFLOW_CTX_TRY_NUMBER='1' AIRFLOW_CTX_DAG_RUN_ID='scheduled__2024-07-02T07:00:00+00:00'
[2024-07-03T09:57:14.130+0000] {logging_mixin.py:151} INFO - path of config file:  /opt/***
[2024-07-03T09:57:14.131+0000] {taskinstance.py:1943} ERROR - Task failed with exception
Traceback (most recent call last):
  File "/home/airflow/.local/lib/python3.8/site-packages/airflow/operators/python.py", line 192, in execute
    return_value = self.execute_callable()
  File "/home/airflow/.local/lib/python3.8/site-packages/airflow/operators/python.py", line 209, in execute_callable
    return self.python_callable(*self.op_args, **self.op_kwargs)
  File "/opt/airflow/dags/dag_email_robot.py", line 22, in get_emails
    email_conf = json.load (open(path / ("config/email_conf.json")))
NameError: name 'json' is not defined
[2024-07-03T09:57:14.150+0000] {taskinstance.py:1400} INFO - Marking task as FAILED. dag_id=reports_workflow, task_id=id_task_get_emails, execution_date=20240702T070000, start_date=20240703T095713, end_date=20240703T095714
[2024-07-03T09:57:14.174+0000] {standard_task_runner.py:104} ERROR - Failed to execute job 328 for task id_task_get_emails (name 'json' is not defined; 20492)
[2024-07-03T09:57:14.185+0000] {local_task_job_runner.py:228} INFO - Task exited with return code 1
[2024-07-03T09:57:14.209+0000] {taskinstance.py:2784} INFO - 0 downstream tasks scheduled from follow-on schedule check
[2024-07-03T12:04:51.408+0000] {taskinstance.py:1159} INFO - Dependencies all met for dep_context=non-requeueable deps ti=<TaskInstance: reports_workflow.id_task_get_emails scheduled__2024-07-02T07:00:00+00:00 [queued]>
[2024-07-03T12:04:51.425+0000] {taskinstance.py:1159} INFO - Dependencies all met for dep_context=requeueable deps ti=<TaskInstance: reports_workflow.id_task_get_emails scheduled__2024-07-02T07:00:00+00:00 [queued]>
[2024-07-03T12:04:51.425+0000] {taskinstance.py:1361} INFO - Starting attempt 1 of 1
[2024-07-03T12:04:51.458+0000] {taskinstance.py:1382} INFO - Executing <Task(PythonOperator): id_task_get_emails> on 2024-07-02 07:00:00+00:00
[2024-07-03T12:04:51.464+0000] {standard_task_runner.py:57} INFO - Started process 23313 to run task
[2024-07-03T12:04:51.476+0000] {standard_task_runner.py:84} INFO - Running: ['***', 'tasks', 'run', 'reports_workflow', 'id_task_get_emails', 'scheduled__2024-07-02T07:00:00+00:00', '--job-id', '770', '--raw', '--subdir', 'DAGS_FOLDER/dag_email_robot.py', '--cfg-path', '/tmp/tmpwa3v9ogb']
[2024-07-03T12:04:51.477+0000] {standard_task_runner.py:85} INFO - Job 770: Subtask id_task_get_emails
[2024-07-03T12:04:51.545+0000] {task_command.py:415} INFO - Running <TaskInstance: reports_workflow.id_task_get_emails scheduled__2024-07-02T07:00:00+00:00 [running]> on host 6f4ef5488251
[2024-07-03T12:04:51.672+0000] {taskinstance.py:1660} INFO - Exporting env vars: AIRFLOW_CTX_DAG_OWNER='FIRDAVS' AIRFLOW_CTX_DAG_ID='reports_workflow' AIRFLOW_CTX_TASK_ID='id_task_get_emails' AIRFLOW_CTX_EXECUTION_DATE='2024-07-02T07:00:00+00:00' AIRFLOW_CTX_TRY_NUMBER='1' AIRFLOW_CTX_DAG_RUN_ID='scheduled__2024-07-02T07:00:00+00:00'
[2024-07-03T12:04:51.673+0000] {logging_mixin.py:151} INFO - path of config file:  /opt/***
[2024-07-03T12:04:51.673+0000] {logging_mixin.py:151} INFO - #>2024-07-03 12:04:51.673859_User@StatDep: EmailRobot in screated.
[2024-07-03T12:04:51.677+0000] {logging_mixin.py:151} INFO - #>2024-07-03 12:04:51.677034_User@StatDep: get_for_recent_emails is started...
[2024-07-03T12:04:51.677+0000] {logging_mixin.py:151} INFO - #>2024-07-03 12:04:51.677241_User@StatDep: pop3_fetch_emails isstarted...
[2024-07-03T12:04:52.106+0000] {logging_mixin.py:151} INFO -    b'+OK'
[2024-07-03T12:04:52.592+0000] {logging_mixin.py:151} INFO -    mailbox have 1 emails and the robot can process 10
[2024-07-03T12:04:53.118+0000] {logging_mixin.py:151} INFO -    #>2024-07-03 12:04:53.118073_conneciton to db is set.
[2024-07-03T12:04:53.126+0000] {taskinstance.py:1943} ERROR - Task failed with exception
Traceback (most recent call last):
  File "/home/airflow/.local/lib/python3.8/site-packages/airflow/operators/python.py", line 192, in execute
    return_value = self.execute_callable()
  File "/home/airflow/.local/lib/python3.8/site-packages/airflow/operators/python.py", line 209, in execute_callable
    return self.python_callable(*self.op_args, **self.op_kwargs)
  File "/opt/airflow/dags/dag_email_robot.py", line 25, in get_emails
    robot.fetch_emails()
  File "/opt/airflow/dags/emailRobot.py", line 62, in fetch_emails
    return self.pop3_fetch_emails()
  File "/opt/airflow/dags/emailRobot.py", line 156, in pop3_fetch_emails
    cursor.execute (query, insert_values)
psycopg2.errors.UndefinedTable: relation "sma_stat_dep.tbl_file_upload" does not exist
LINE 1: ...) AS (INSERT INTO                                 sma_stat_d...
                                                             ^

[2024-07-03T12:04:53.157+0000] {taskinstance.py:1400} INFO - Marking task as FAILED. dag_id=reports_workflow, task_id=id_task_get_emails, execution_date=20240702T070000, start_date=20240703T120451, end_date=20240703T120453
[2024-07-03T12:04:53.326+0000] {standard_task_runner.py:104} ERROR - Failed to execute job 770 for task id_task_get_emails (relation "sma_stat_dep.tbl_file_upload" does not exist
LINE 1: ...) AS (INSERT INTO                                 sma_stat_d...
                                                             ^
; 23313)
[2024-07-03T12:04:53.348+0000] {local_task_job_runner.py:228} INFO - Task exited with return code 1
[2024-07-03T12:04:53.381+0000] {taskinstance.py:2784} INFO - 0 downstream tasks scheduled from follow-on schedule check
[2024-07-03T12:22:26.899+0000] {taskinstance.py:1159} INFO - Dependencies all met for dep_context=non-requeueable deps ti=<TaskInstance: reports_workflow.id_task_get_emails scheduled__2024-07-02T07:00:00+00:00 [queued]>
[2024-07-03T12:22:26.908+0000] {taskinstance.py:1159} INFO - Dependencies all met for dep_context=requeueable deps ti=<TaskInstance: reports_workflow.id_task_get_emails scheduled__2024-07-02T07:00:00+00:00 [queued]>
[2024-07-03T12:22:26.908+0000] {taskinstance.py:1361} INFO - Starting attempt 1 of 1
[2024-07-03T12:22:26.920+0000] {taskinstance.py:1382} INFO - Executing <Task(PythonOperator): id_task_get_emails> on 2024-07-02 07:00:00+00:00
[2024-07-03T12:22:26.925+0000] {standard_task_runner.py:57} INFO - Started process 24151 to run task
[2024-07-03T12:22:26.930+0000] {standard_task_runner.py:84} INFO - Running: ['***', 'tasks', 'run', 'reports_workflow', 'id_task_get_emails', 'scheduled__2024-07-02T07:00:00+00:00', '--job-id', '1057', '--raw', '--subdir', 'DAGS_FOLDER/dag_email_robot.py', '--cfg-path', '/tmp/tmpp21kvl0y']
[2024-07-03T12:22:26.932+0000] {standard_task_runner.py:85} INFO - Job 1057: Subtask id_task_get_emails
[2024-07-03T12:22:26.987+0000] {task_command.py:415} INFO - Running <TaskInstance: reports_workflow.id_task_get_emails scheduled__2024-07-02T07:00:00+00:00 [running]> on host 6f4ef5488251
[2024-07-03T12:22:27.084+0000] {taskinstance.py:1660} INFO - Exporting env vars: AIRFLOW_CTX_DAG_OWNER='FIRDAVS' AIRFLOW_CTX_DAG_ID='reports_workflow' AIRFLOW_CTX_TASK_ID='id_task_get_emails' AIRFLOW_CTX_EXECUTION_DATE='2024-07-02T07:00:00+00:00' AIRFLOW_CTX_TRY_NUMBER='1' AIRFLOW_CTX_DAG_RUN_ID='scheduled__2024-07-02T07:00:00+00:00'
[2024-07-03T12:22:27.085+0000] {logging_mixin.py:151} INFO - path of config file:  /opt/***
[2024-07-03T12:22:27.085+0000] {logging_mixin.py:151} INFO - #>2024-07-03 12:22:27.085669_User@StatDep: EmailRobot in screated.
[2024-07-03T12:22:27.085+0000] {logging_mixin.py:151} INFO - #>2024-07-03 12:22:27.085884_User@StatDep: get_for_recent_emails is started...
[2024-07-03T12:22:27.086+0000] {logging_mixin.py:151} INFO - #>2024-07-03 12:22:27.086052_User@StatDep: pop3_fetch_emails isstarted...
[2024-07-03T12:22:27.483+0000] {logging_mixin.py:151} INFO -    b'+OK'
[2024-07-03T12:22:27.891+0000] {logging_mixin.py:151} INFO -    mailbox have 0 emails and the robot can process 10
[2024-07-03T12:22:27.891+0000] {logging_mixin.py:151} INFO - #>2024-07-03 12:22:27.891270_User@StatDep: no emails to process, exiting pop3_fetch_emails()...
[2024-07-03T12:22:27.891+0000] {python.py:194} INFO - Done. Returned value was: True
[2024-07-03T12:22:27.915+0000] {taskinstance.py:1400} INFO - Marking task as SUCCESS. dag_id=reports_workflow, task_id=id_task_get_emails, execution_date=20240702T070000, start_date=20240703T122226, end_date=20240703T122227
[2024-07-03T12:22:27.945+0000] {local_task_job_runner.py:228} INFO - Task exited with return code 0
[2024-07-03T12:22:27.975+0000] {taskinstance.py:2784} INFO - 1 downstream tasks scheduled from follow-on schedule check
[2024-07-03T14:41:58.988+0000] {taskinstance.py:1159} INFO - Dependencies all met for dep_context=non-requeueable deps ti=<TaskInstance: reports_workflow.id_task_get_emails scheduled__2024-07-02T07:00:00+00:00 [queued]>
[2024-07-03T14:41:59.015+0000] {taskinstance.py:1159} INFO - Dependencies all met for dep_context=requeueable deps ti=<TaskInstance: reports_workflow.id_task_get_emails scheduled__2024-07-02T07:00:00+00:00 [queued]>
[2024-07-03T14:41:59.016+0000] {taskinstance.py:1361} INFO - Starting attempt 1 of 2
[2024-07-03T14:41:59.037+0000] {taskinstance.py:1382} INFO - Executing <Task(PythonOperator): id_task_get_emails> on 2024-07-02 07:00:00+00:00
[2024-07-03T14:41:59.043+0000] {standard_task_runner.py:57} INFO - Started process 27912 to run task
[2024-07-03T14:41:59.070+0000] {standard_task_runner.py:84} INFO - Running: ['***', 'tasks', 'run', 'reports_workflow', 'id_task_get_emails', 'scheduled__2024-07-02T07:00:00+00:00', '--job-id', '1875', '--raw', '--subdir', 'DAGS_FOLDER/dag_email_robot.py', '--cfg-path', '/tmp/tmprhmf5jbt']
[2024-07-03T14:41:59.071+0000] {standard_task_runner.py:85} INFO - Job 1875: Subtask id_task_get_emails
[2024-07-03T14:41:59.173+0000] {task_command.py:415} INFO - Running <TaskInstance: reports_workflow.id_task_get_emails scheduled__2024-07-02T07:00:00+00:00 [running]> on host 6f4ef5488251
[2024-07-03T14:41:59.354+0000] {taskinstance.py:1660} INFO - Exporting env vars: AIRFLOW_CTX_DAG_OWNER='FIRDAVS' AIRFLOW_CTX_DAG_ID='reports_workflow' AIRFLOW_CTX_TASK_ID='id_task_get_emails' AIRFLOW_CTX_EXECUTION_DATE='2024-07-02T07:00:00+00:00' AIRFLOW_CTX_TRY_NUMBER='1' AIRFLOW_CTX_DAG_RUN_ID='scheduled__2024-07-02T07:00:00+00:00'
[2024-07-03T14:41:59.355+0000] {logging_mixin.py:151} INFO - path of config file:  /opt/***
[2024-07-03T14:41:59.355+0000] {logging_mixin.py:151} INFO - #>2024-07-03 14:41:59.355596_User@StatDep: EmailRobot in screated.
[2024-07-03T14:41:59.355+0000] {logging_mixin.py:151} INFO - #>2024-07-03 14:41:59.355772_User@StatDep: get_for_recent_emails is started...
[2024-07-03T14:41:59.355+0000] {logging_mixin.py:151} INFO - #>2024-07-03 14:41:59.355924_User@StatDep: pop3_fetch_emails isstarted...
[2024-07-03T14:41:59.737+0000] {logging_mixin.py:151} INFO -    b'+OK'
[2024-07-03T14:42:00.111+0000] {logging_mixin.py:151} INFO -    mailbox have 0 emails and the robot can process 10
[2024-07-03T14:42:00.112+0000] {logging_mixin.py:151} INFO - #>2024-07-03 14:42:00.112249_User@StatDep: no emails to process, exiting pop3_fetch_emails()...
[2024-07-03T14:42:00.112+0000] {python.py:194} INFO - Done. Returned value was: True
[2024-07-03T14:42:00.178+0000] {taskinstance.py:1400} INFO - Marking task as SUCCESS. dag_id=reports_workflow, task_id=id_task_get_emails, execution_date=20240702T070000, start_date=20240703T144159, end_date=20240703T144200
[2024-07-03T14:42:00.253+0000] {local_task_job_runner.py:228} INFO - Task exited with return code 0
[2024-07-03T14:42:00.378+0000] {taskinstance.py:2784} INFO - 0 downstream tasks scheduled from follow-on schedule check
[2024-07-03T14:42:44.377+0000] {taskinstance.py:1159} INFO - Dependencies all met for dep_context=non-requeueable deps ti=<TaskInstance: reports_workflow.id_task_get_emails scheduled__2024-07-02T07:00:00+00:00 [queued]>
[2024-07-03T14:42:44.392+0000] {taskinstance.py:1159} INFO - Dependencies all met for dep_context=requeueable deps ti=<TaskInstance: reports_workflow.id_task_get_emails scheduled__2024-07-02T07:00:00+00:00 [queued]>
[2024-07-03T14:42:44.393+0000] {taskinstance.py:1361} INFO - Starting attempt 1 of 2
[2024-07-03T14:42:44.405+0000] {taskinstance.py:1382} INFO - Executing <Task(PythonOperator): id_task_get_emails> on 2024-07-02 07:00:00+00:00
[2024-07-03T14:42:44.413+0000] {standard_task_runner.py:57} INFO - Started process 27975 to run task
[2024-07-03T14:42:44.420+0000] {standard_task_runner.py:84} INFO - Running: ['***', 'tasks', 'run', 'reports_workflow', 'id_task_get_emails', 'scheduled__2024-07-02T07:00:00+00:00', '--job-id', '1903', '--raw', '--subdir', 'DAGS_FOLDER/dag_email_robot.py', '--cfg-path', '/tmp/tmp9f57wci3']
[2024-07-03T14:42:44.421+0000] {standard_task_runner.py:85} INFO - Job 1903: Subtask id_task_get_emails
[2024-07-03T14:42:44.509+0000] {task_command.py:415} INFO - Running <TaskInstance: reports_workflow.id_task_get_emails scheduled__2024-07-02T07:00:00+00:00 [running]> on host 6f4ef5488251
[2024-07-03T14:42:44.658+0000] {taskinstance.py:1660} INFO - Exporting env vars: AIRFLOW_CTX_DAG_OWNER='FIRDAVS' AIRFLOW_CTX_DAG_ID='reports_workflow' AIRFLOW_CTX_TASK_ID='id_task_get_emails' AIRFLOW_CTX_EXECUTION_DATE='2024-07-02T07:00:00+00:00' AIRFLOW_CTX_TRY_NUMBER='1' AIRFLOW_CTX_DAG_RUN_ID='scheduled__2024-07-02T07:00:00+00:00'
[2024-07-03T14:42:44.659+0000] {logging_mixin.py:151} INFO - path of config file:  /opt/***
[2024-07-03T14:42:44.660+0000] {logging_mixin.py:151} INFO - #>2024-07-03 14:42:44.660330_User@StatDep: EmailRobot in screated.
[2024-07-03T14:42:44.660+0000] {logging_mixin.py:151} INFO - #>2024-07-03 14:42:44.660521_User@StatDep: get_for_recent_emails is started...
[2024-07-03T14:42:44.660+0000] {logging_mixin.py:151} INFO - #>2024-07-03 14:42:44.660662_User@StatDep: pop3_fetch_emails isstarted...
[2024-07-03T14:42:45.049+0000] {logging_mixin.py:151} INFO -    b'+OK'
[2024-07-03T14:42:45.373+0000] {logging_mixin.py:151} INFO -    mailbox have 0 emails and the robot can process 10
[2024-07-03T14:42:45.373+0000] {logging_mixin.py:151} INFO - #>2024-07-03 14:42:45.373462_User@StatDep: no emails to process, exiting pop3_fetch_emails()...
[2024-07-03T14:42:45.373+0000] {python.py:194} INFO - Done. Returned value was: True
[2024-07-03T14:42:45.446+0000] {taskinstance.py:1400} INFO - Marking task as SUCCESS. dag_id=reports_workflow, task_id=id_task_get_emails, execution_date=20240702T070000, start_date=20240703T144244, end_date=20240703T144245
[2024-07-03T14:42:45.485+0000] {local_task_job_runner.py:228} INFO - Task exited with return code 0
[2024-07-03T14:42:45.526+0000] {taskinstance.py:2784} INFO - 1 downstream tasks scheduled from follow-on schedule check
