[2024-07-03T09:58:46.150+0000] {taskinstance.py:1159} INFO - Dependencies all met for dep_context=non-requeueable deps ti=<TaskInstance: reports_workflow.id_task_get_emails scheduled__2024-07-02T22:15:00+00:00 [queued]>
[2024-07-03T09:58:46.157+0000] {taskinstance.py:1159} INFO - Dependencies all met for dep_context=requeueable deps ti=<TaskInstance: reports_workflow.id_task_get_emails scheduled__2024-07-02T22:15:00+00:00 [queued]>
[2024-07-03T09:58:46.157+0000] {taskinstance.py:1361} INFO - Starting attempt 1 of 1
[2024-07-03T09:58:46.253+0000] {taskinstance.py:1382} INFO - Executing <Task(PythonOperator): id_task_get_emails> on 2024-07-02 22:15:00+00:00
[2024-07-03T09:58:46.260+0000] {standard_task_runner.py:57} INFO - Started process 20886 to run task
[2024-07-03T09:58:46.264+0000] {standard_task_runner.py:84} INFO - Running: ['***', 'tasks', 'run', 'reports_workflow', 'id_task_get_emails', 'scheduled__2024-07-02T22:15:00+00:00', '--job-id', '514', '--raw', '--subdir', 'DAGS_FOLDER/dag_email_robot.py', '--cfg-path', '/tmp/tmp5ua0r4fd']
[2024-07-03T09:58:46.265+0000] {standard_task_runner.py:85} INFO - Job 514: Subtask id_task_get_emails
[2024-07-03T09:58:46.371+0000] {task_command.py:415} INFO - Running <TaskInstance: reports_workflow.id_task_get_emails scheduled__2024-07-02T22:15:00+00:00 [running]> on host 6f4ef5488251
[2024-07-03T09:58:46.590+0000] {taskinstance.py:1660} INFO - Exporting env vars: AIRFLOW_CTX_DAG_OWNER='FIRDAVS' AIRFLOW_CTX_DAG_ID='reports_workflow' AIRFLOW_CTX_TASK_ID='id_task_get_emails' AIRFLOW_CTX_EXECUTION_DATE='2024-07-02T22:15:00+00:00' AIRFLOW_CTX_TRY_NUMBER='1' AIRFLOW_CTX_DAG_RUN_ID='scheduled__2024-07-02T22:15:00+00:00'
[2024-07-03T09:58:46.591+0000] {logging_mixin.py:151} INFO - path of config file:  /opt/***
[2024-07-03T09:58:46.592+0000] {logging_mixin.py:151} INFO - #>2024-07-03 09:58:46.592328_User@StatDep: EmailRobot in screated.
[2024-07-03T09:58:46.592+0000] {logging_mixin.py:151} INFO - #>2024-07-03 09:58:46.592564_User@StatDep: get_for_recent_emails is started...
[2024-07-03T09:58:46.592+0000] {logging_mixin.py:151} INFO - #>2024-07-03 09:58:46.592695_User@StatDep: pop3_fetch_emails isstarted...
[2024-07-03T09:58:47.023+0000] {logging_mixin.py:151} INFO -    b'+OK'
[2024-07-03T09:58:47.410+0000] {logging_mixin.py:151} INFO -    mailbox have 0 emails and the robot can process 10
[2024-07-03T09:58:47.410+0000] {logging_mixin.py:151} INFO - #>2024-07-03 09:58:47.410456_User@StatDep: no emails to process, exiting pop3_fetch_emails()...
[2024-07-03T09:58:47.411+0000] {python.py:194} INFO - Done. Returned value was: True
[2024-07-03T09:58:47.438+0000] {taskinstance.py:1400} INFO - Marking task as SUCCESS. dag_id=reports_workflow, task_id=id_task_get_emails, execution_date=20240702T221500, start_date=20240703T095846, end_date=20240703T095847
[2024-07-03T09:58:47.452+0000] {local_task_job_runner.py:228} INFO - Task exited with return code 0
[2024-07-03T09:58:47.470+0000] {taskinstance.py:2784} INFO - 0 downstream tasks scheduled from follow-on schedule check
[2024-07-03T12:30:22.453+0000] {taskinstance.py:1159} INFO - Dependencies all met for dep_context=non-requeueable deps ti=<TaskInstance: reports_workflow.id_task_get_emails scheduled__2024-07-02T22:15:00+00:00 [queued]>
[2024-07-03T12:30:22.461+0000] {taskinstance.py:1159} INFO - Dependencies all met for dep_context=requeueable deps ti=<TaskInstance: reports_workflow.id_task_get_emails scheduled__2024-07-02T22:15:00+00:00 [queued]>
[2024-07-03T12:30:22.461+0000] {taskinstance.py:1361} INFO - Starting attempt 1 of 1
[2024-07-03T12:30:22.473+0000] {taskinstance.py:1382} INFO - Executing <Task(PythonOperator): id_task_get_emails> on 2024-07-02 22:15:00+00:00
[2024-07-03T12:30:22.478+0000] {standard_task_runner.py:57} INFO - Started process 24980 to run task
[2024-07-03T12:30:22.484+0000] {standard_task_runner.py:84} INFO - Running: ['***', 'tasks', 'run', 'reports_workflow', 'id_task_get_emails', 'scheduled__2024-07-02T22:15:00+00:00', '--job-id', '1412', '--raw', '--subdir', 'DAGS_FOLDER/dag_email_robot.py', '--cfg-path', '/tmp/tmp2njq55ny']
[2024-07-03T12:30:22.485+0000] {standard_task_runner.py:85} INFO - Job 1412: Subtask id_task_get_emails
[2024-07-03T12:30:22.549+0000] {task_command.py:415} INFO - Running <TaskInstance: reports_workflow.id_task_get_emails scheduled__2024-07-02T22:15:00+00:00 [running]> on host 6f4ef5488251
[2024-07-03T12:30:22.629+0000] {taskinstance.py:1660} INFO - Exporting env vars: AIRFLOW_CTX_DAG_OWNER='FIRDAVS' AIRFLOW_CTX_DAG_ID='reports_workflow' AIRFLOW_CTX_TASK_ID='id_task_get_emails' AIRFLOW_CTX_EXECUTION_DATE='2024-07-02T22:15:00+00:00' AIRFLOW_CTX_TRY_NUMBER='1' AIRFLOW_CTX_DAG_RUN_ID='scheduled__2024-07-02T22:15:00+00:00'
[2024-07-03T12:30:22.630+0000] {logging_mixin.py:151} INFO - path of config file:  /opt/***
[2024-07-03T12:30:22.631+0000] {logging_mixin.py:151} INFO - #>2024-07-03 12:30:22.630971_User@StatDep: EmailRobot in screated.
[2024-07-03T12:30:22.631+0000] {logging_mixin.py:151} INFO - #>2024-07-03 12:30:22.631151_User@StatDep: get_for_recent_emails is started...
[2024-07-03T12:30:22.631+0000] {logging_mixin.py:151} INFO - #>2024-07-03 12:30:22.631281_User@StatDep: pop3_fetch_emails isstarted...
[2024-07-03T12:30:23.011+0000] {logging_mixin.py:151} INFO -    b'+OK'
[2024-07-03T12:30:23.362+0000] {logging_mixin.py:151} INFO -    mailbox have 0 emails and the robot can process 10
[2024-07-03T12:30:23.363+0000] {logging_mixin.py:151} INFO - #>2024-07-03 12:30:23.362989_User@StatDep: no emails to process, exiting pop3_fetch_emails()...
[2024-07-03T12:30:23.363+0000] {python.py:194} INFO - Done. Returned value was: True
[2024-07-03T12:30:23.399+0000] {taskinstance.py:1400} INFO - Marking task as SUCCESS. dag_id=reports_workflow, task_id=id_task_get_emails, execution_date=20240702T221500, start_date=20240703T123022, end_date=20240703T123023
[2024-07-03T12:30:23.422+0000] {local_task_job_runner.py:228} INFO - Task exited with return code 0
[2024-07-03T12:30:23.446+0000] {taskinstance.py:2784} INFO - 1 downstream tasks scheduled from follow-on schedule check
