[2024-07-03T14:47:36.184+0000] {taskinstance.py:1159} INFO - Dependencies all met for dep_context=non-requeueable deps ti=<TaskInstance: reports_workflow.id_task_send_emails scheduled__2024-07-03T09:00:00+00:00 [queued]>
[2024-07-03T14:47:36.200+0000] {taskinstance.py:1159} INFO - Dependencies all met for dep_context=requeueable deps ti=<TaskInstance: reports_workflow.id_task_send_emails scheduled__2024-07-03T09:00:00+00:00 [queued]>
[2024-07-03T14:47:36.200+0000] {taskinstance.py:1361} INFO - Starting attempt 1 of 2
[2024-07-03T14:47:36.233+0000] {taskinstance.py:1382} INFO - Executing <Task(PythonOperator): id_task_send_emails> on 2024-07-03 09:00:00+00:00
[2024-07-03T14:47:36.243+0000] {standard_task_runner.py:57} INFO - Started process 28561 to run task
[2024-07-03T14:47:36.283+0000] {standard_task_runner.py:84} INFO - Running: ['***', 'tasks', 'run', 'reports_workflow', 'id_task_send_emails', 'scheduled__2024-07-03T09:00:00+00:00', '--job-id', '2158', '--raw', '--subdir', 'DAGS_FOLDER/dag_email_robot.py', '--cfg-path', '/tmp/tmpw12mzk0k']
[2024-07-03T14:47:36.288+0000] {standard_task_runner.py:85} INFO - Job 2158: Subtask id_task_send_emails
[2024-07-03T14:47:36.489+0000] {task_command.py:415} INFO - Running <TaskInstance: reports_workflow.id_task_send_emails scheduled__2024-07-03T09:00:00+00:00 [running]> on host 6f4ef5488251
[2024-07-03T14:47:36.793+0000] {taskinstance.py:1660} INFO - Exporting env vars: AIRFLOW_CTX_DAG_OWNER='FIRDAVS' AIRFLOW_CTX_DAG_ID='reports_workflow' AIRFLOW_CTX_TASK_ID='id_task_send_emails' AIRFLOW_CTX_EXECUTION_DATE='2024-07-03T09:00:00+00:00' AIRFLOW_CTX_TRY_NUMBER='1' AIRFLOW_CTX_DAG_RUN_ID='scheduled__2024-07-03T09:00:00+00:00'
[2024-07-03T14:47:36.794+0000] {logging_mixin.py:151} INFO - path of config file:  /opt/***
[2024-07-03T14:47:36.794+0000] {logging_mixin.py:151} INFO - #>2024-07-03 14:47:36.794690_User@StatDep: EmailRobot in screated.
[2024-07-03T14:47:36.794+0000] {logging_mixin.py:151} INFO - #>2024-07-03 14:47:36.794899_User@StatDep: send_validation_results is started...
[2024-07-03T14:47:36.804+0000] {logging_mixin.py:151} INFO -    #>2024-07-03 14:47:36.804076_conneciton to db is set.
[2024-07-03T14:47:36.807+0000] {logging_mixin.py:151} INFO -    #>2024-07-03 14:47:36.807133_cursor execution is successful.
[2024-07-03T14:47:36.807+0000] {logging_mixin.py:151} INFO -    There is no any new submissions found. The get_validation_results is over.
[2024-07-03T14:47:36.807+0000] {python.py:194} INFO - Done. Returned value was: True
[2024-07-03T14:47:36.855+0000] {taskinstance.py:1400} INFO - Marking task as SUCCESS. dag_id=reports_workflow, task_id=id_task_send_emails, execution_date=20240703T090000, start_date=20240703T144736, end_date=20240703T144736
[2024-07-03T14:47:36.889+0000] {local_task_job_runner.py:228} INFO - Task exited with return code 0
[2024-07-03T14:47:36.920+0000] {taskinstance.py:2784} INFO - 0 downstream tasks scheduled from follow-on schedule check
[2024-07-03T14:48:10.893+0000] {taskinstance.py:1159} INFO - Dependencies all met for dep_context=non-requeueable deps ti=<TaskInstance: reports_workflow.id_task_send_emails scheduled__2024-07-03T09:00:00+00:00 [queued]>
[2024-07-03T14:48:10.923+0000] {taskinstance.py:1159} INFO - Dependencies all met for dep_context=requeueable deps ti=<TaskInstance: reports_workflow.id_task_send_emails scheduled__2024-07-03T09:00:00+00:00 [queued]>
[2024-07-03T14:48:10.923+0000] {taskinstance.py:1361} INFO - Starting attempt 1 of 2
[2024-07-03T14:48:10.958+0000] {taskinstance.py:1382} INFO - Executing <Task(PythonOperator): id_task_send_emails> on 2024-07-03 09:00:00+00:00
[2024-07-03T14:48:10.981+0000] {standard_task_runner.py:57} INFO - Started process 28706 to run task
[2024-07-03T14:48:10.998+0000] {standard_task_runner.py:84} INFO - Running: ['***', 'tasks', 'run', 'reports_workflow', 'id_task_send_emails', 'scheduled__2024-07-03T09:00:00+00:00', '--job-id', '2227', '--raw', '--subdir', 'DAGS_FOLDER/dag_email_robot.py', '--cfg-path', '/tmp/tmp_lrvkymp']
[2024-07-03T14:48:11.015+0000] {standard_task_runner.py:85} INFO - Job 2227: Subtask id_task_send_emails
[2024-07-03T14:48:11.179+0000] {task_command.py:415} INFO - Running <TaskInstance: reports_workflow.id_task_send_emails scheduled__2024-07-03T09:00:00+00:00 [running]> on host 6f4ef5488251
[2024-07-03T14:48:11.346+0000] {taskinstance.py:1660} INFO - Exporting env vars: AIRFLOW_CTX_DAG_OWNER='FIRDAVS' AIRFLOW_CTX_DAG_ID='reports_workflow' AIRFLOW_CTX_TASK_ID='id_task_send_emails' AIRFLOW_CTX_EXECUTION_DATE='2024-07-03T09:00:00+00:00' AIRFLOW_CTX_TRY_NUMBER='1' AIRFLOW_CTX_DAG_RUN_ID='scheduled__2024-07-03T09:00:00+00:00'
[2024-07-03T14:48:11.347+0000] {logging_mixin.py:151} INFO - path of config file:  /opt/***
[2024-07-03T14:48:11.347+0000] {logging_mixin.py:151} INFO - #>2024-07-03 14:48:11.347785_User@StatDep: EmailRobot in screated.
[2024-07-03T14:48:11.348+0000] {logging_mixin.py:151} INFO - #>2024-07-03 14:48:11.347994_User@StatDep: send_validation_results is started...
[2024-07-03T14:48:11.364+0000] {logging_mixin.py:151} INFO -    #>2024-07-03 14:48:11.364030_conneciton to db is set.
[2024-07-03T14:48:11.372+0000] {logging_mixin.py:151} INFO -    #>2024-07-03 14:48:11.372395_cursor execution is successful.
[2024-07-03T14:48:11.372+0000] {logging_mixin.py:151} INFO -    There is no any new submissions found. The get_validation_results is over.
[2024-07-03T14:48:11.374+0000] {python.py:194} INFO - Done. Returned value was: True
[2024-07-03T14:48:11.425+0000] {taskinstance.py:1400} INFO - Marking task as SUCCESS. dag_id=reports_workflow, task_id=id_task_send_emails, execution_date=20240703T090000, start_date=20240703T144810, end_date=20240703T144811
[2024-07-03T14:48:11.466+0000] {local_task_job_runner.py:228} INFO - Task exited with return code 0
[2024-07-03T14:48:11.494+0000] {taskinstance.py:2784} INFO - 0 downstream tasks scheduled from follow-on schedule check
[2024-07-03T14:55:26.777+0000] {taskinstance.py:1159} INFO - Dependencies all met for dep_context=non-requeueable deps ti=<TaskInstance: reports_workflow.id_task_send_emails scheduled__2024-07-03T09:00:00+00:00 [queued]>
[2024-07-03T14:55:26.828+0000] {taskinstance.py:1159} INFO - Dependencies all met for dep_context=requeueable deps ti=<TaskInstance: reports_workflow.id_task_send_emails scheduled__2024-07-03T09:00:00+00:00 [queued]>
[2024-07-03T14:55:26.828+0000] {taskinstance.py:1361} INFO - Starting attempt 1 of 2
[2024-07-03T14:55:26.926+0000] {taskinstance.py:1382} INFO - Executing <Task(PythonOperator): id_task_send_emails> on 2024-07-03 09:00:00+00:00
[2024-07-03T14:55:26.943+0000] {standard_task_runner.py:57} INFO - Started process 28963 to run task
[2024-07-03T14:55:26.960+0000] {standard_task_runner.py:84} INFO - Running: ['***', 'tasks', 'run', 'reports_workflow', 'id_task_send_emails', 'scheduled__2024-07-03T09:00:00+00:00', '--job-id', '2297', '--raw', '--subdir', 'DAGS_FOLDER/dag_email_robot.py', '--cfg-path', '/tmp/tmpmzqx3bd_']
[2024-07-03T14:55:26.969+0000] {standard_task_runner.py:85} INFO - Job 2297: Subtask id_task_send_emails
[2024-07-03T14:55:27.096+0000] {task_command.py:415} INFO - Running <TaskInstance: reports_workflow.id_task_send_emails scheduled__2024-07-03T09:00:00+00:00 [running]> on host 6f4ef5488251
[2024-07-03T14:55:27.316+0000] {taskinstance.py:1660} INFO - Exporting env vars: AIRFLOW_CTX_DAG_OWNER='FIRDAVS' AIRFLOW_CTX_DAG_ID='reports_workflow' AIRFLOW_CTX_TASK_ID='id_task_send_emails' AIRFLOW_CTX_EXECUTION_DATE='2024-07-03T09:00:00+00:00' AIRFLOW_CTX_TRY_NUMBER='1' AIRFLOW_CTX_DAG_RUN_ID='scheduled__2024-07-03T09:00:00+00:00'
[2024-07-03T14:55:27.317+0000] {logging_mixin.py:151} INFO - path of config file:  /opt/***
[2024-07-03T14:55:27.323+0000] {logging_mixin.py:151} INFO - #>2024-07-03 14:55:27.323712_User@StatDep: EmailRobot in screated.
[2024-07-03T14:55:27.323+0000] {logging_mixin.py:151} INFO - #>2024-07-03 14:55:27.323928_User@StatDep: send_validation_results is started...
[2024-07-03T14:55:27.341+0000] {logging_mixin.py:151} INFO -    #>2024-07-03 14:55:27.341631_conneciton to db is set.
[2024-07-03T14:55:27.345+0000] {logging_mixin.py:151} INFO -    #>2024-07-03 14:55:27.345354_cursor execution is successful.
[2024-07-03T14:55:27.345+0000] {logging_mixin.py:151} INFO -    There is no any new submissions found. The get_validation_results is over.
[2024-07-03T14:55:27.347+0000] {python.py:194} INFO - Done. Returned value was: True
[2024-07-03T14:55:27.421+0000] {taskinstance.py:1400} INFO - Marking task as SUCCESS. dag_id=reports_workflow, task_id=id_task_send_emails, execution_date=20240703T090000, start_date=20240703T145526, end_date=20240703T145527
[2024-07-03T14:55:27.481+0000] {local_task_job_runner.py:228} INFO - Task exited with return code 0
[2024-07-03T14:55:27.512+0000] {taskinstance.py:2784} INFO - 0 downstream tasks scheduled from follow-on schedule check
