[2024-07-03T09:57:13.675+0000] {taskinstance.py:1159} INFO - Dependencies all met for dep_context=non-requeueable deps ti=<TaskInstance: reports_workflow.id_task_get_emails scheduled__2024-07-02T06:55:00+00:00 [queued]>
[2024-07-03T09:57:13.687+0000] {taskinstance.py:1159} INFO - Dependencies all met for dep_context=requeueable deps ti=<TaskInstance: reports_workflow.id_task_get_emails scheduled__2024-07-02T06:55:00+00:00 [queued]>
[2024-07-03T09:57:13.687+0000] {taskinstance.py:1361} INFO - Starting attempt 1 of 1
[2024-07-03T09:57:13.704+0000] {taskinstance.py:1382} INFO - Executing <Task(PythonOperator): id_task_get_emails> on 2024-07-02 06:55:00+00:00
[2024-07-03T09:57:13.713+0000] {standard_task_runner.py:57} INFO - Started process 20490 to run task
[2024-07-03T09:57:13.724+0000] {standard_task_runner.py:84} INFO - Running: ['***', 'tasks', 'run', 'reports_workflow', 'id_task_get_emails', 'scheduled__2024-07-02T06:55:00+00:00', '--job-id', '327', '--raw', '--subdir', 'DAGS_FOLDER/dag_email_robot.py', '--cfg-path', '/tmp/tmpiazkuu_b']
[2024-07-03T09:57:13.729+0000] {standard_task_runner.py:85} INFO - Job 327: Subtask id_task_get_emails
[2024-07-03T09:57:13.810+0000] {task_command.py:415} INFO - Running <TaskInstance: reports_workflow.id_task_get_emails scheduled__2024-07-02T06:55:00+00:00 [running]> on host 6f4ef5488251
[2024-07-03T09:57:13.953+0000] {taskinstance.py:1660} INFO - Exporting env vars: AIRFLOW_CTX_DAG_OWNER='FIRDAVS' AIRFLOW_CTX_DAG_ID='reports_workflow' AIRFLOW_CTX_TASK_ID='id_task_get_emails' AIRFLOW_CTX_EXECUTION_DATE='2024-07-02T06:55:00+00:00' AIRFLOW_CTX_TRY_NUMBER='1' AIRFLOW_CTX_DAG_RUN_ID='scheduled__2024-07-02T06:55:00+00:00'
[2024-07-03T09:57:13.955+0000] {logging_mixin.py:151} INFO - path of config file:  /opt/***
[2024-07-03T09:57:13.956+0000] {taskinstance.py:1943} ERROR - Task failed with exception
Traceback (most recent call last):
  File "/home/airflow/.local/lib/python3.8/site-packages/airflow/operators/python.py", line 192, in execute
    return_value = self.execute_callable()
  File "/home/airflow/.local/lib/python3.8/site-packages/airflow/operators/python.py", line 209, in execute_callable
    return self.python_callable(*self.op_args, **self.op_kwargs)
  File "/opt/airflow/dags/dag_email_robot.py", line 22, in get_emails
    email_conf = json.load (open(path / ("config/email_conf.json")))
NameError: name 'json' is not defined
[2024-07-03T09:57:13.977+0000] {taskinstance.py:1400} INFO - Marking task as FAILED. dag_id=reports_workflow, task_id=id_task_get_emails, execution_date=20240702T065500, start_date=20240703T095713, end_date=20240703T095713
[2024-07-03T09:57:14.007+0000] {standard_task_runner.py:104} ERROR - Failed to execute job 327 for task id_task_get_emails (name 'json' is not defined; 20490)
[2024-07-03T09:57:14.026+0000] {local_task_job_runner.py:228} INFO - Task exited with return code 1
[2024-07-03T09:57:14.053+0000] {taskinstance.py:2784} INFO - 0 downstream tasks scheduled from follow-on schedule check
[2024-07-03T12:04:51.219+0000] {taskinstance.py:1159} INFO - Dependencies all met for dep_context=non-requeueable deps ti=<TaskInstance: reports_workflow.id_task_get_emails scheduled__2024-07-02T06:55:00+00:00 [queued]>
[2024-07-03T12:04:51.227+0000] {taskinstance.py:1159} INFO - Dependencies all met for dep_context=requeueable deps ti=<TaskInstance: reports_workflow.id_task_get_emails scheduled__2024-07-02T06:55:00+00:00 [queued]>
[2024-07-03T12:04:51.227+0000] {taskinstance.py:1361} INFO - Starting attempt 1 of 1
[2024-07-03T12:04:51.242+0000] {taskinstance.py:1382} INFO - Executing <Task(PythonOperator): id_task_get_emails> on 2024-07-02 06:55:00+00:00
[2024-07-03T12:04:51.249+0000] {standard_task_runner.py:57} INFO - Started process 23311 to run task
[2024-07-03T12:04:51.255+0000] {standard_task_runner.py:84} INFO - Running: ['***', 'tasks', 'run', 'reports_workflow', 'id_task_get_emails', 'scheduled__2024-07-02T06:55:00+00:00', '--job-id', '769', '--raw', '--subdir', 'DAGS_FOLDER/dag_email_robot.py', '--cfg-path', '/tmp/tmpujd_p09h']
[2024-07-03T12:04:51.257+0000] {standard_task_runner.py:85} INFO - Job 769: Subtask id_task_get_emails
[2024-07-03T12:04:51.322+0000] {task_command.py:415} INFO - Running <TaskInstance: reports_workflow.id_task_get_emails scheduled__2024-07-02T06:55:00+00:00 [running]> on host 6f4ef5488251
[2024-07-03T12:04:51.439+0000] {taskinstance.py:1660} INFO - Exporting env vars: AIRFLOW_CTX_DAG_OWNER='FIRDAVS' AIRFLOW_CTX_DAG_ID='reports_workflow' AIRFLOW_CTX_TASK_ID='id_task_get_emails' AIRFLOW_CTX_EXECUTION_DATE='2024-07-02T06:55:00+00:00' AIRFLOW_CTX_TRY_NUMBER='1' AIRFLOW_CTX_DAG_RUN_ID='scheduled__2024-07-02T06:55:00+00:00'
[2024-07-03T12:04:51.440+0000] {logging_mixin.py:151} INFO - path of config file:  /opt/***
[2024-07-03T12:04:51.441+0000] {logging_mixin.py:151} INFO - #>2024-07-03 12:04:51.441070_User@StatDep: EmailRobot in screated.
[2024-07-03T12:04:51.441+0000] {logging_mixin.py:151} INFO - #>2024-07-03 12:04:51.441275_User@StatDep: get_for_recent_emails is started...
[2024-07-03T12:04:51.441+0000] {logging_mixin.py:151} INFO - #>2024-07-03 12:04:51.441412_User@StatDep: pop3_fetch_emails isstarted...
[2024-07-03T12:04:51.814+0000] {logging_mixin.py:151} INFO -    b'+OK'
[2024-07-03T12:04:52.238+0000] {logging_mixin.py:151} INFO -    mailbox have 1 emails and the robot can process 10
[2024-07-03T12:04:52.626+0000] {logging_mixin.py:151} INFO -    #>2024-07-03 12:04:52.626833_conneciton to db is set.
[2024-07-03T12:04:52.660+0000] {taskinstance.py:1943} ERROR - Task failed with exception
Traceback (most recent call last):
  File "/home/airflow/.local/lib/python3.8/site-packages/airflow/operators/python.py", line 192, in execute
    return_value = self.execute_callable()
  File "/home/airflow/.local/lib/python3.8/site-packages/airflow/operators/python.py", line 209, in execute_callable
    return self.python_callable(*self.op_args, **self.op_kwargs)
  File "/opt/airflow/dags/dag_email_robot.py", line 25, in get_emails
    robot.fetch_emails()
  File "/opt/airflow/dags/emailRobot.py", line 62, in fetch_emails
    return self.pop3_fetch_emails()
  File "/opt/airflow/dags/emailRobot.py", line 156, in pop3_fetch_emails
    cursor.execute (query, insert_values)
psycopg2.errors.UndefinedTable: relation "sma_stat_dep.tbl_file_upload" does not exist
LINE 1: ...) AS (INSERT INTO                                 sma_stat_d...
                                                             ^

[2024-07-03T12:04:52.692+0000] {taskinstance.py:1400} INFO - Marking task as FAILED. dag_id=reports_workflow, task_id=id_task_get_emails, execution_date=20240702T065500, start_date=20240703T120451, end_date=20240703T120452
[2024-07-03T12:04:52.760+0000] {standard_task_runner.py:104} ERROR - Failed to execute job 769 for task id_task_get_emails (relation "sma_stat_dep.tbl_file_upload" does not exist
LINE 1: ...) AS (INSERT INTO                                 sma_stat_d...
                                                             ^
; 23311)
[2024-07-03T12:04:52.776+0000] {local_task_job_runner.py:228} INFO - Task exited with return code 1
[2024-07-03T12:04:53.008+0000] {taskinstance.py:2784} INFO - 0 downstream tasks scheduled from follow-on schedule check
[2024-07-03T12:22:22.547+0000] {taskinstance.py:1159} INFO - Dependencies all met for dep_context=non-requeueable deps ti=<TaskInstance: reports_workflow.id_task_get_emails scheduled__2024-07-02T06:55:00+00:00 [queued]>
[2024-07-03T12:22:22.558+0000] {taskinstance.py:1159} INFO - Dependencies all met for dep_context=requeueable deps ti=<TaskInstance: reports_workflow.id_task_get_emails scheduled__2024-07-02T06:55:00+00:00 [queued]>
[2024-07-03T12:22:22.558+0000] {taskinstance.py:1361} INFO - Starting attempt 1 of 1
[2024-07-03T12:22:22.570+0000] {taskinstance.py:1382} INFO - Executing <Task(PythonOperator): id_task_get_emails> on 2024-07-02 06:55:00+00:00
[2024-07-03T12:22:22.588+0000] {standard_task_runner.py:84} INFO - Running: ['***', 'tasks', 'run', 'reports_workflow', 'id_task_get_emails', 'scheduled__2024-07-02T06:55:00+00:00', '--job-id', '1048', '--raw', '--subdir', 'DAGS_FOLDER/dag_email_robot.py', '--cfg-path', '/tmp/tmpgfdm98cv']
[2024-07-03T12:22:22.589+0000] {standard_task_runner.py:85} INFO - Job 1048: Subtask id_task_get_emails
[2024-07-03T12:22:22.580+0000] {standard_task_runner.py:57} INFO - Started process 24135 to run task
[2024-07-03T12:22:22.673+0000] {task_command.py:415} INFO - Running <TaskInstance: reports_workflow.id_task_get_emails scheduled__2024-07-02T06:55:00+00:00 [running]> on host 6f4ef5488251
[2024-07-03T12:22:22.761+0000] {taskinstance.py:1660} INFO - Exporting env vars: AIRFLOW_CTX_DAG_OWNER='FIRDAVS' AIRFLOW_CTX_DAG_ID='reports_workflow' AIRFLOW_CTX_TASK_ID='id_task_get_emails' AIRFLOW_CTX_EXECUTION_DATE='2024-07-02T06:55:00+00:00' AIRFLOW_CTX_TRY_NUMBER='1' AIRFLOW_CTX_DAG_RUN_ID='scheduled__2024-07-02T06:55:00+00:00'
[2024-07-03T12:22:22.762+0000] {logging_mixin.py:151} INFO - path of config file:  /opt/***
[2024-07-03T12:22:22.762+0000] {logging_mixin.py:151} INFO - #>2024-07-03 12:22:22.762527_User@StatDep: EmailRobot in screated.
[2024-07-03T12:22:22.763+0000] {logging_mixin.py:151} INFO - #>2024-07-03 12:22:22.763041_User@StatDep: get_for_recent_emails is started...
[2024-07-03T12:22:22.763+0000] {logging_mixin.py:151} INFO - #>2024-07-03 12:22:22.763235_User@StatDep: pop3_fetch_emails isstarted...
[2024-07-03T12:22:23.130+0000] {logging_mixin.py:151} INFO -    b'+OK'
[2024-07-03T12:22:23.460+0000] {logging_mixin.py:151} INFO -    mailbox have 0 emails and the robot can process 10
[2024-07-03T12:22:23.460+0000] {logging_mixin.py:151} INFO - #>2024-07-03 12:22:23.460335_User@StatDep: no emails to process, exiting pop3_fetch_emails()...
[2024-07-03T12:22:23.460+0000] {python.py:194} INFO - Done. Returned value was: True
[2024-07-03T12:22:23.495+0000] {taskinstance.py:1400} INFO - Marking task as SUCCESS. dag_id=reports_workflow, task_id=id_task_get_emails, execution_date=20240702T065500, start_date=20240703T122222, end_date=20240703T122223
[2024-07-03T12:22:23.537+0000] {local_task_job_runner.py:228} INFO - Task exited with return code 0
[2024-07-03T12:22:23.573+0000] {taskinstance.py:2784} INFO - 1 downstream tasks scheduled from follow-on schedule check
