[2024-07-03T13:59:14.735+0000] {taskinstance.py:1159} INFO - Dependencies all met for dep_context=non-requeueable deps ti=<TaskInstance: reports_workflow.id_task_get_emails scheduled__2024-07-02T00:00:00+00:00 [queued]>
[2024-07-03T13:59:14.744+0000] {taskinstance.py:1159} INFO - Dependencies all met for dep_context=requeueable deps ti=<TaskInstance: reports_workflow.id_task_get_emails scheduled__2024-07-02T00:00:00+00:00 [queued]>
[2024-07-03T13:59:14.744+0000] {taskinstance.py:1361} INFO - Starting attempt 1 of 2
[2024-07-03T13:59:14.757+0000] {taskinstance.py:1382} INFO - Executing <Task(PythonOperator): id_task_get_emails> on 2024-07-02 00:00:00+00:00
[2024-07-03T13:59:14.762+0000] {standard_task_runner.py:57} INFO - Started process 26939 to run task
[2024-07-03T13:59:14.765+0000] {standard_task_runner.py:84} INFO - Running: ['***', 'tasks', 'run', 'reports_workflow', 'id_task_get_emails', 'scheduled__2024-07-02T00:00:00+00:00', '--job-id', '1716', '--raw', '--subdir', 'DAGS_FOLDER/dag_email_robot.py', '--cfg-path', '/tmp/tmpt2e7zyg9']
[2024-07-03T13:59:14.767+0000] {standard_task_runner.py:85} INFO - Job 1716: Subtask id_task_get_emails
[2024-07-03T13:59:14.814+0000] {task_command.py:415} INFO - Running <TaskInstance: reports_workflow.id_task_get_emails scheduled__2024-07-02T00:00:00+00:00 [running]> on host 6f4ef5488251
[2024-07-03T13:59:14.908+0000] {taskinstance.py:1660} INFO - Exporting env vars: AIRFLOW_CTX_DAG_OWNER='FIRDAVS' AIRFLOW_CTX_DAG_ID='reports_workflow' AIRFLOW_CTX_TASK_ID='id_task_get_emails' AIRFLOW_CTX_EXECUTION_DATE='2024-07-02T00:00:00+00:00' AIRFLOW_CTX_TRY_NUMBER='1' AIRFLOW_CTX_DAG_RUN_ID='scheduled__2024-07-02T00:00:00+00:00'
[2024-07-03T13:59:14.909+0000] {logging_mixin.py:151} INFO - path of config file:  /opt/***
[2024-07-03T13:59:14.909+0000] {logging_mixin.py:151} INFO - #>2024-07-03 13:59:14.909784_User@StatDep: EmailRobot in screated.
[2024-07-03T13:59:14.910+0000] {logging_mixin.py:151} INFO - #>2024-07-03 13:59:14.910015_User@StatDep: get_for_recent_emails is started...
[2024-07-03T13:59:14.910+0000] {logging_mixin.py:151} INFO - #>2024-07-03 13:59:14.910185_User@StatDep: pop3_fetch_emails isstarted...
[2024-07-03T13:59:15.323+0000] {logging_mixin.py:151} INFO -    b'+OK'
[2024-07-03T13:59:15.652+0000] {logging_mixin.py:151} INFO -    mailbox have 0 emails and the robot can process 10
[2024-07-03T13:59:15.652+0000] {logging_mixin.py:151} INFO - #>2024-07-03 13:59:15.652611_User@StatDep: no emails to process, exiting pop3_fetch_emails()...
[2024-07-03T13:59:15.653+0000] {python.py:194} INFO - Done. Returned value was: True
[2024-07-03T13:59:15.695+0000] {taskinstance.py:1400} INFO - Marking task as SUCCESS. dag_id=reports_workflow, task_id=id_task_get_emails, execution_date=20240702T000000, start_date=20240703T135914, end_date=20240703T135915
[2024-07-03T13:59:15.740+0000] {local_task_job_runner.py:228} INFO - Task exited with return code 0
[2024-07-03T13:59:15.769+0000] {taskinstance.py:2784} INFO - 1 downstream tasks scheduled from follow-on schedule check
[2024-07-03T14:06:53.718+0000] {taskinstance.py:1159} INFO - Dependencies all met for dep_context=non-requeueable deps ti=<TaskInstance: reports_workflow.id_task_get_emails scheduled__2024-07-02T00:00:00+00:00 [queued]>
[2024-07-03T14:06:53.727+0000] {taskinstance.py:1159} INFO - Dependencies all met for dep_context=requeueable deps ti=<TaskInstance: reports_workflow.id_task_get_emails scheduled__2024-07-02T00:00:00+00:00 [queued]>
[2024-07-03T14:06:53.727+0000] {taskinstance.py:1361} INFO - Starting attempt 1 of 2
[2024-07-03T14:06:53.742+0000] {taskinstance.py:1382} INFO - Executing <Task(PythonOperator): id_task_get_emails> on 2024-07-02 00:00:00+00:00
[2024-07-03T14:06:53.747+0000] {standard_task_runner.py:57} INFO - Started process 27187 to run task
[2024-07-03T14:06:53.752+0000] {standard_task_runner.py:84} INFO - Running: ['***', 'tasks', 'run', 'reports_workflow', 'id_task_get_emails', 'scheduled__2024-07-02T00:00:00+00:00', '--job-id', '1782', '--raw', '--subdir', 'DAGS_FOLDER/dag_email_robot.py', '--cfg-path', '/tmp/tmpt0i_thzy']
[2024-07-03T14:06:53.753+0000] {standard_task_runner.py:85} INFO - Job 1782: Subtask id_task_get_emails
[2024-07-03T14:06:53.803+0000] {task_command.py:415} INFO - Running <TaskInstance: reports_workflow.id_task_get_emails scheduled__2024-07-02T00:00:00+00:00 [running]> on host 6f4ef5488251
[2024-07-03T14:06:53.885+0000] {taskinstance.py:1660} INFO - Exporting env vars: AIRFLOW_CTX_DAG_OWNER='FIRDAVS' AIRFLOW_CTX_DAG_ID='reports_workflow' AIRFLOW_CTX_TASK_ID='id_task_get_emails' AIRFLOW_CTX_EXECUTION_DATE='2024-07-02T00:00:00+00:00' AIRFLOW_CTX_TRY_NUMBER='1' AIRFLOW_CTX_DAG_RUN_ID='scheduled__2024-07-02T00:00:00+00:00'
[2024-07-03T14:06:53.886+0000] {logging_mixin.py:151} INFO - path of config file:  /opt/***
[2024-07-03T14:06:53.886+0000] {logging_mixin.py:151} INFO - #>2024-07-03 14:06:53.886781_User@StatDep: EmailRobot in screated.
[2024-07-03T14:06:53.887+0000] {logging_mixin.py:151} INFO - #>2024-07-03 14:06:53.886973_User@StatDep: get_for_recent_emails is started...
[2024-07-03T14:06:53.887+0000] {logging_mixin.py:151} INFO - #>2024-07-03 14:06:53.887139_User@StatDep: pop3_fetch_emails isstarted...
[2024-07-03T14:06:54.249+0000] {logging_mixin.py:151} INFO -    b'+OK'
[2024-07-03T14:06:54.525+0000] {logging_mixin.py:151} INFO -    mailbox have 0 emails and the robot can process 10
[2024-07-03T14:06:54.525+0000] {logging_mixin.py:151} INFO - #>2024-07-03 14:06:54.525808_User@StatDep: no emails to process, exiting pop3_fetch_emails()...
[2024-07-03T14:06:54.526+0000] {python.py:194} INFO - Done. Returned value was: True
[2024-07-03T14:06:54.558+0000] {taskinstance.py:1400} INFO - Marking task as SUCCESS. dag_id=reports_workflow, task_id=id_task_get_emails, execution_date=20240702T000000, start_date=20240703T140653, end_date=20240703T140654
[2024-07-03T14:06:54.611+0000] {local_task_job_runner.py:228} INFO - Task exited with return code 0
[2024-07-03T14:06:54.648+0000] {taskinstance.py:2784} INFO - 1 downstream tasks scheduled from follow-on schedule check
[2024-07-03T14:10:42.999+0000] {taskinstance.py:1159} INFO - Dependencies all met for dep_context=non-requeueable deps ti=<TaskInstance: reports_workflow.id_task_get_emails scheduled__2024-07-02T00:00:00+00:00 [queued]>
[2024-07-03T14:10:43.025+0000] {taskinstance.py:1159} INFO - Dependencies all met for dep_context=requeueable deps ti=<TaskInstance: reports_workflow.id_task_get_emails scheduled__2024-07-02T00:00:00+00:00 [queued]>
[2024-07-03T14:10:43.025+0000] {taskinstance.py:1361} INFO - Starting attempt 1 of 2
[2024-07-03T14:10:43.039+0000] {taskinstance.py:1382} INFO - Executing <Task(PythonOperator): id_task_get_emails> on 2024-07-02 00:00:00+00:00
[2024-07-03T14:10:43.044+0000] {standard_task_runner.py:57} INFO - Started process 27249 to run task
[2024-07-03T14:10:43.052+0000] {standard_task_runner.py:84} INFO - Running: ['***', 'tasks', 'run', 'reports_workflow', 'id_task_get_emails', 'scheduled__2024-07-02T00:00:00+00:00', '--job-id', '1785', '--raw', '--subdir', 'DAGS_FOLDER/dag_email_robot.py', '--cfg-path', '/tmp/tmpjpqqlh5q']
[2024-07-03T14:10:43.054+0000] {standard_task_runner.py:85} INFO - Job 1785: Subtask id_task_get_emails
[2024-07-03T14:10:43.112+0000] {task_command.py:415} INFO - Running <TaskInstance: reports_workflow.id_task_get_emails scheduled__2024-07-02T00:00:00+00:00 [running]> on host 6f4ef5488251
[2024-07-03T14:10:43.198+0000] {taskinstance.py:1660} INFO - Exporting env vars: AIRFLOW_CTX_DAG_OWNER='FIRDAVS' AIRFLOW_CTX_DAG_ID='reports_workflow' AIRFLOW_CTX_TASK_ID='id_task_get_emails' AIRFLOW_CTX_EXECUTION_DATE='2024-07-02T00:00:00+00:00' AIRFLOW_CTX_TRY_NUMBER='1' AIRFLOW_CTX_DAG_RUN_ID='scheduled__2024-07-02T00:00:00+00:00'
[2024-07-03T14:10:43.199+0000] {logging_mixin.py:151} INFO - path of config file:  /opt/***
[2024-07-03T14:10:43.199+0000] {logging_mixin.py:151} INFO - #>2024-07-03 14:10:43.199633_User@StatDep: EmailRobot in screated.
[2024-07-03T14:10:43.199+0000] {logging_mixin.py:151} INFO - #>2024-07-03 14:10:43.199812_User@StatDep: get_for_recent_emails is started...
[2024-07-03T14:10:43.199+0000] {logging_mixin.py:151} INFO - #>2024-07-03 14:10:43.199935_User@StatDep: pop3_fetch_emails isstarted...
[2024-07-03T14:10:43.718+0000] {logging_mixin.py:151} INFO -    b'+OK'
[2024-07-03T14:10:44.117+0000] {logging_mixin.py:151} INFO -    mailbox have 0 emails and the robot can process 10
[2024-07-03T14:10:44.117+0000] {logging_mixin.py:151} INFO - #>2024-07-03 14:10:44.117725_User@StatDep: no emails to process, exiting pop3_fetch_emails()...
[2024-07-03T14:10:44.118+0000] {python.py:194} INFO - Done. Returned value was: True
[2024-07-03T14:10:44.157+0000] {taskinstance.py:1400} INFO - Marking task as SUCCESS. dag_id=reports_workflow, task_id=id_task_get_emails, execution_date=20240702T000000, start_date=20240703T141043, end_date=20240703T141044
[2024-07-03T14:10:44.182+0000] {local_task_job_runner.py:228} INFO - Task exited with return code 0
[2024-07-03T14:10:44.213+0000] {taskinstance.py:2784} INFO - 1 downstream tasks scheduled from follow-on schedule check
[2024-07-03T14:19:32.155+0000] {taskinstance.py:1159} INFO - Dependencies all met for dep_context=non-requeueable deps ti=<TaskInstance: reports_workflow.id_task_get_emails scheduled__2024-07-02T00:00:00+00:00 [queued]>
[2024-07-03T14:19:32.228+0000] {taskinstance.py:1159} INFO - Dependencies all met for dep_context=requeueable deps ti=<TaskInstance: reports_workflow.id_task_get_emails scheduled__2024-07-02T00:00:00+00:00 [queued]>
[2024-07-03T14:19:32.229+0000] {taskinstance.py:1361} INFO - Starting attempt 1 of 2
[2024-07-03T14:19:32.246+0000] {taskinstance.py:1382} INFO - Executing <Task(PythonOperator): id_task_get_emails> on 2024-07-02 00:00:00+00:00
[2024-07-03T14:19:32.250+0000] {standard_task_runner.py:57} INFO - Started process 27393 to run task
[2024-07-03T14:19:32.255+0000] {standard_task_runner.py:84} INFO - Running: ['***', 'tasks', 'run', 'reports_workflow', 'id_task_get_emails', 'scheduled__2024-07-02T00:00:00+00:00', '--job-id', '1788', '--raw', '--subdir', 'DAGS_FOLDER/dag_email_robot.py', '--cfg-path', '/tmp/tmperwx8t_3']
[2024-07-03T14:19:32.256+0000] {standard_task_runner.py:85} INFO - Job 1788: Subtask id_task_get_emails
[2024-07-03T14:19:32.307+0000] {task_command.py:415} INFO - Running <TaskInstance: reports_workflow.id_task_get_emails scheduled__2024-07-02T00:00:00+00:00 [running]> on host 6f4ef5488251
[2024-07-03T14:19:32.397+0000] {taskinstance.py:1660} INFO - Exporting env vars: AIRFLOW_CTX_DAG_OWNER='FIRDAVS' AIRFLOW_CTX_DAG_ID='reports_workflow' AIRFLOW_CTX_TASK_ID='id_task_get_emails' AIRFLOW_CTX_EXECUTION_DATE='2024-07-02T00:00:00+00:00' AIRFLOW_CTX_TRY_NUMBER='1' AIRFLOW_CTX_DAG_RUN_ID='scheduled__2024-07-02T00:00:00+00:00'
[2024-07-03T14:19:32.398+0000] {logging_mixin.py:151} INFO - path of config file:  /opt/***
[2024-07-03T14:19:32.399+0000] {logging_mixin.py:151} INFO - #>2024-07-03 14:19:32.399111_User@StatDep: EmailRobot in screated.
[2024-07-03T14:19:32.399+0000] {logging_mixin.py:151} INFO - #>2024-07-03 14:19:32.399354_User@StatDep: get_for_recent_emails is started...
[2024-07-03T14:19:32.399+0000] {logging_mixin.py:151} INFO - #>2024-07-03 14:19:32.399541_User@StatDep: pop3_fetch_emails isstarted...
[2024-07-03T14:19:32.781+0000] {logging_mixin.py:151} INFO -    b'+OK'
[2024-07-03T14:19:33.089+0000] {logging_mixin.py:151} INFO -    mailbox have 0 emails and the robot can process 10
[2024-07-03T14:19:33.090+0000] {logging_mixin.py:151} INFO - #>2024-07-03 14:19:33.090533_User@StatDep: no emails to process, exiting pop3_fetch_emails()...
[2024-07-03T14:19:33.091+0000] {python.py:194} INFO - Done. Returned value was: True
[2024-07-03T14:19:33.130+0000] {taskinstance.py:1400} INFO - Marking task as SUCCESS. dag_id=reports_workflow, task_id=id_task_get_emails, execution_date=20240702T000000, start_date=20240703T141932, end_date=20240703T141933
[2024-07-03T14:19:33.149+0000] {local_task_job_runner.py:228} INFO - Task exited with return code 0
[2024-07-03T14:19:33.170+0000] {taskinstance.py:2784} INFO - 1 downstream tasks scheduled from follow-on schedule check
