[2024-07-08T06:20:01.542+0000] {taskinstance.py:1159} INFO - Dependencies all met for dep_context=non-requeueable deps ti=<TaskInstance: reports_workflow.id_task_get_emails scheduled__2024-07-08T06:15:00+00:00 [queued]>
[2024-07-08T06:20:01.550+0000] {taskinstance.py:1159} INFO - Dependencies all met for dep_context=requeueable deps ti=<TaskInstance: reports_workflow.id_task_get_emails scheduled__2024-07-08T06:15:00+00:00 [queued]>
[2024-07-08T06:20:01.550+0000] {taskinstance.py:1361} INFO - Starting attempt 1 of 2
[2024-07-08T06:20:01.563+0000] {taskinstance.py:1382} INFO - Executing <Task(PythonOperator): id_task_get_emails> on 2024-07-08 06:15:00+00:00
[2024-07-08T06:20:01.570+0000] {standard_task_runner.py:57} INFO - Started process 3592 to run task
[2024-07-08T06:20:01.576+0000] {standard_task_runner.py:84} INFO - Running: ['***', 'tasks', 'run', 'reports_workflow', 'id_task_get_emails', 'scheduled__2024-07-08T06:15:00+00:00', '--job-id', '3560', '--raw', '--subdir', 'DAGS_FOLDER/dag_email_robot.py', '--cfg-path', '/tmp/tmp9cca8cvg']
[2024-07-08T06:20:01.580+0000] {standard_task_runner.py:85} INFO - Job 3560: Subtask id_task_get_emails
[2024-07-08T06:20:01.669+0000] {task_command.py:415} INFO - Running <TaskInstance: reports_workflow.id_task_get_emails scheduled__2024-07-08T06:15:00+00:00 [running]> on host 6f4ef5488251
[2024-07-08T06:20:01.772+0000] {taskinstance.py:1660} INFO - Exporting env vars: AIRFLOW_CTX_DAG_OWNER='FIRDAVS' AIRFLOW_CTX_DAG_ID='reports_workflow' AIRFLOW_CTX_TASK_ID='id_task_get_emails' AIRFLOW_CTX_EXECUTION_DATE='2024-07-08T06:15:00+00:00' AIRFLOW_CTX_TRY_NUMBER='1' AIRFLOW_CTX_DAG_RUN_ID='scheduled__2024-07-08T06:15:00+00:00'
[2024-07-08T06:20:01.774+0000] {logging_mixin.py:151} INFO - path of config file:  /opt/***
[2024-07-08T06:20:01.775+0000] {logging_mixin.py:151} INFO - #>2024-07-08 06:20:01.775128_User@StatDep: EmailRobot in screated.
[2024-07-08T06:20:01.775+0000] {logging_mixin.py:151} INFO - #>2024-07-08 06:20:01.775323_User@StatDep: get_for_recent_emails is started...
[2024-07-08T06:20:01.775+0000] {logging_mixin.py:151} INFO - #>2024-07-08 06:20:01.775457_User@StatDep: pop3_fetch_emails isstarted...
[2024-07-08T06:20:02.222+0000] {logging_mixin.py:151} INFO -    b'+OK'
[2024-07-08T06:20:02.603+0000] {logging_mixin.py:151} INFO -    mailbox have 0 emails and the robot can process 10
[2024-07-08T06:20:02.604+0000] {logging_mixin.py:151} INFO - #>2024-07-08 06:20:02.604207_User@StatDep: no emails to process, exiting pop3_fetch_emails()...
[2024-07-08T06:20:02.605+0000] {python.py:194} INFO - Done. Returned value was: True
[2024-07-08T06:20:02.646+0000] {taskinstance.py:1400} INFO - Marking task as SUCCESS. dag_id=reports_workflow, task_id=id_task_get_emails, execution_date=20240708T061500, start_date=20240708T062001, end_date=20240708T062002
[2024-07-08T06:20:02.668+0000] {local_task_job_runner.py:228} INFO - Task exited with return code 0
[2024-07-08T06:20:02.697+0000] {taskinstance.py:2784} INFO - 1 downstream tasks scheduled from follow-on schedule check
[2024-07-08T10:13:27.500+0000] {taskinstance.py:1159} INFO - Dependencies all met for dep_context=non-requeueable deps ti=<TaskInstance: reports_workflow.id_task_get_emails scheduled__2024-07-08T06:15:00+00:00 [queued]>
[2024-07-08T10:13:27.530+0000] {taskinstance.py:1159} INFO - Dependencies all met for dep_context=requeueable deps ti=<TaskInstance: reports_workflow.id_task_get_emails scheduled__2024-07-08T06:15:00+00:00 [queued]>
[2024-07-08T10:13:27.530+0000] {taskinstance.py:1361} INFO - Starting attempt 1 of 2
[2024-07-08T10:13:27.826+0000] {taskinstance.py:1382} INFO - Executing <Task(PythonOperator): id_task_get_emails> on 2024-07-08 06:15:00+00:00
[2024-07-08T10:13:27.923+0000] {standard_task_runner.py:57} INFO - Started process 7683 to run task
[2024-07-08T10:13:27.935+0000] {standard_task_runner.py:84} INFO - Running: ['***', 'tasks', 'run', 'reports_workflow', 'id_task_get_emails', 'scheduled__2024-07-08T06:15:00+00:00', '--job-id', '3717', '--raw', '--subdir', 'DAGS_FOLDER/dag_email_robot.py', '--cfg-path', '/tmp/tmp8g58vcyp']
[2024-07-08T10:13:27.940+0000] {standard_task_runner.py:85} INFO - Job 3717: Subtask id_task_get_emails
[2024-07-08T10:13:29.068+0000] {task_command.py:415} INFO - Running <TaskInstance: reports_workflow.id_task_get_emails scheduled__2024-07-08T06:15:00+00:00 [running]> on host 6f4ef5488251
[2024-07-08T10:13:30.526+0000] {taskinstance.py:1660} INFO - Exporting env vars: AIRFLOW_CTX_DAG_OWNER='FIRDAVS' AIRFLOW_CTX_DAG_ID='reports_workflow' AIRFLOW_CTX_TASK_ID='id_task_get_emails' AIRFLOW_CTX_EXECUTION_DATE='2024-07-08T06:15:00+00:00' AIRFLOW_CTX_TRY_NUMBER='1' AIRFLOW_CTX_DAG_RUN_ID='scheduled__2024-07-08T06:15:00+00:00'
[2024-07-08T10:13:30.528+0000] {logging_mixin.py:151} INFO - path of config file:  /opt/***
[2024-07-08T10:13:30.529+0000] {logging_mixin.py:151} INFO - #>2024-07-08 10:13:30.529049_User@StatDep: EmailRobot in screated.
[2024-07-08T10:13:30.529+0000] {logging_mixin.py:151} INFO - #>2024-07-08 10:13:30.529223_User@StatDep: get_for_recent_emails is started...
[2024-07-08T10:13:30.529+0000] {logging_mixin.py:151} INFO - #>2024-07-08 10:13:30.529348_User@StatDep: pop3_fetch_emails isstarted...
[2024-07-08T10:13:30.967+0000] {logging_mixin.py:151} INFO -    b'+OK'
[2024-07-08T10:13:31.321+0000] {logging_mixin.py:151} INFO -    mailbox have 0 emails and the robot can process 10
[2024-07-08T10:13:31.321+0000] {logging_mixin.py:151} INFO - #>2024-07-08 10:13:31.321729_User@StatDep: no emails to process, exiting pop3_fetch_emails()...
[2024-07-08T10:13:31.322+0000] {python.py:194} INFO - Done. Returned value was: True
[2024-07-08T10:13:31.356+0000] {taskinstance.py:1400} INFO - Marking task as SUCCESS. dag_id=reports_workflow, task_id=id_task_get_emails, execution_date=20240708T061500, start_date=20240708T101327, end_date=20240708T101331
[2024-07-08T10:13:31.390+0000] {local_task_job_runner.py:228} INFO - Task exited with return code 0
[2024-07-08T10:13:31.413+0000] {taskinstance.py:2784} INFO - 1 downstream tasks scheduled from follow-on schedule check
[2024-07-08T10:21:45.343+0000] {taskinstance.py:1159} INFO - Dependencies all met for dep_context=non-requeueable deps ti=<TaskInstance: reports_workflow.id_task_get_emails scheduled__2024-07-08T06:15:00+00:00 [queued]>
[2024-07-08T10:21:45.374+0000] {taskinstance.py:1159} INFO - Dependencies all met for dep_context=requeueable deps ti=<TaskInstance: reports_workflow.id_task_get_emails scheduled__2024-07-08T06:15:00+00:00 [queued]>
[2024-07-08T10:21:45.375+0000] {taskinstance.py:1361} INFO - Starting attempt 1 of 2
[2024-07-08T10:21:45.387+0000] {taskinstance.py:1382} INFO - Executing <Task(PythonOperator): id_task_get_emails> on 2024-07-08 06:15:00+00:00
[2024-07-08T10:21:45.393+0000] {standard_task_runner.py:57} INFO - Started process 7910 to run task
[2024-07-08T10:21:45.399+0000] {standard_task_runner.py:84} INFO - Running: ['***', 'tasks', 'run', 'reports_workflow', 'id_task_get_emails', 'scheduled__2024-07-08T06:15:00+00:00', '--job-id', '3760', '--raw', '--subdir', 'DAGS_FOLDER/dag_email_robot.py', '--cfg-path', '/tmp/tmpqetn__89']
[2024-07-08T10:21:45.402+0000] {standard_task_runner.py:85} INFO - Job 3760: Subtask id_task_get_emails
[2024-07-08T10:21:45.465+0000] {task_command.py:415} INFO - Running <TaskInstance: reports_workflow.id_task_get_emails scheduled__2024-07-08T06:15:00+00:00 [running]> on host 6f4ef5488251
[2024-07-08T10:21:45.555+0000] {taskinstance.py:1660} INFO - Exporting env vars: AIRFLOW_CTX_DAG_OWNER='FIRDAVS' AIRFLOW_CTX_DAG_ID='reports_workflow' AIRFLOW_CTX_TASK_ID='id_task_get_emails' AIRFLOW_CTX_EXECUTION_DATE='2024-07-08T06:15:00+00:00' AIRFLOW_CTX_TRY_NUMBER='1' AIRFLOW_CTX_DAG_RUN_ID='scheduled__2024-07-08T06:15:00+00:00'
[2024-07-08T10:21:45.559+0000] {logging_mixin.py:151} INFO - path of config file:  /opt/***
[2024-07-08T10:21:45.559+0000] {logging_mixin.py:151} INFO - #>2024-07-08 10:21:45.559726_User@StatDep: EmailRobot in screated.
[2024-07-08T10:21:45.559+0000] {logging_mixin.py:151} INFO - #>2024-07-08 10:21:45.559915_User@StatDep: get_for_recent_emails is started...
[2024-07-08T10:21:45.560+0000] {logging_mixin.py:151} INFO - #>2024-07-08 10:21:45.560051_User@StatDep: pop3_fetch_emails isstarted...
[2024-07-08T10:21:45.933+0000] {logging_mixin.py:151} INFO -    b'+OK'
[2024-07-08T10:21:46.326+0000] {logging_mixin.py:151} INFO -    mailbox have 0 emails and the robot can process 10
[2024-07-08T10:21:46.327+0000] {logging_mixin.py:151} INFO - #>2024-07-08 10:21:46.327353_User@StatDep: no emails to process, exiting pop3_fetch_emails()...
[2024-07-08T10:21:46.327+0000] {python.py:194} INFO - Done. Returned value was: True
[2024-07-08T10:21:46.356+0000] {taskinstance.py:1400} INFO - Marking task as SUCCESS. dag_id=reports_workflow, task_id=id_task_get_emails, execution_date=20240708T061500, start_date=20240708T102145, end_date=20240708T102146
[2024-07-08T10:21:46.378+0000] {local_task_job_runner.py:228} INFO - Task exited with return code 0
[2024-07-08T10:21:46.410+0000] {taskinstance.py:2784} INFO - 1 downstream tasks scheduled from follow-on schedule check
[2024-07-08T10:25:47.060+0000] {taskinstance.py:1159} INFO - Dependencies all met for dep_context=non-requeueable deps ti=<TaskInstance: reports_workflow.id_task_get_emails scheduled__2024-07-08T06:15:00+00:00 [queued]>
[2024-07-08T10:25:47.098+0000] {taskinstance.py:1159} INFO - Dependencies all met for dep_context=requeueable deps ti=<TaskInstance: reports_workflow.id_task_get_emails scheduled__2024-07-08T06:15:00+00:00 [queued]>
[2024-07-08T10:25:47.102+0000] {taskinstance.py:1361} INFO - Starting attempt 1 of 2
[2024-07-08T10:25:47.167+0000] {taskinstance.py:1382} INFO - Executing <Task(PythonOperator): id_task_get_emails> on 2024-07-08 06:15:00+00:00
[2024-07-08T10:25:47.186+0000] {standard_task_runner.py:57} INFO - Started process 8544 to run task
[2024-07-08T10:25:47.213+0000] {standard_task_runner.py:84} INFO - Running: ['***', 'tasks', 'run', 'reports_workflow', 'id_task_get_emails', 'scheduled__2024-07-08T06:15:00+00:00', '--job-id', '3944', '--raw', '--subdir', 'DAGS_FOLDER/dag_email_robot.py', '--cfg-path', '/tmp/tmpcf1knp07']
[2024-07-08T10:25:47.232+0000] {standard_task_runner.py:85} INFO - Job 3944: Subtask id_task_get_emails
[2024-07-08T10:25:47.464+0000] {task_command.py:415} INFO - Running <TaskInstance: reports_workflow.id_task_get_emails scheduled__2024-07-08T06:15:00+00:00 [running]> on host 6f4ef5488251
[2024-07-08T10:25:47.694+0000] {taskinstance.py:1660} INFO - Exporting env vars: AIRFLOW_CTX_DAG_OWNER='FIRDAVS' AIRFLOW_CTX_DAG_ID='reports_workflow' AIRFLOW_CTX_TASK_ID='id_task_get_emails' AIRFLOW_CTX_EXECUTION_DATE='2024-07-08T06:15:00+00:00' AIRFLOW_CTX_TRY_NUMBER='1' AIRFLOW_CTX_DAG_RUN_ID='scheduled__2024-07-08T06:15:00+00:00'
[2024-07-08T10:25:47.701+0000] {logging_mixin.py:151} INFO - path of config file:  /opt/***
[2024-07-08T10:25:47.702+0000] {logging_mixin.py:151} INFO - #>2024-07-08 10:25:47.702059_User@StatDep: EmailRobot in screated.
[2024-07-08T10:25:47.702+0000] {logging_mixin.py:151} INFO - #>2024-07-08 10:25:47.702462_User@StatDep: get_for_recent_emails is started...
[2024-07-08T10:25:47.702+0000] {logging_mixin.py:151} INFO - #>2024-07-08 10:25:47.702778_User@StatDep: pop3_fetch_emails isstarted...
[2024-07-08T10:25:48.090+0000] {logging_mixin.py:151} INFO -    b'+OK'
[2024-07-08T10:25:48.408+0000] {logging_mixin.py:151} INFO -    mailbox have 0 emails and the robot can process 10
[2024-07-08T10:25:48.408+0000] {logging_mixin.py:151} INFO - #>2024-07-08 10:25:48.408855_User@StatDep: no emails to process, exiting pop3_fetch_emails()...
[2024-07-08T10:25:48.409+0000] {python.py:194} INFO - Done. Returned value was: True
[2024-07-08T10:25:48.440+0000] {taskinstance.py:1400} INFO - Marking task as SUCCESS. dag_id=reports_workflow, task_id=id_task_get_emails, execution_date=20240708T061500, start_date=20240708T102547, end_date=20240708T102548
[2024-07-08T10:25:48.523+0000] {local_task_job_runner.py:228} INFO - Task exited with return code 0
[2024-07-08T10:25:48.590+0000] {taskinstance.py:2784} INFO - 1 downstream tasks scheduled from follow-on schedule check
[2024-07-08T10:26:49.054+0000] {taskinstance.py:1159} INFO - Dependencies all met for dep_context=non-requeueable deps ti=<TaskInstance: reports_workflow.id_task_get_emails scheduled__2024-07-08T06:15:00+00:00 [queued]>
[2024-07-08T10:26:49.082+0000] {taskinstance.py:1159} INFO - Dependencies all met for dep_context=requeueable deps ti=<TaskInstance: reports_workflow.id_task_get_emails scheduled__2024-07-08T06:15:00+00:00 [queued]>
[2024-07-08T10:26:49.083+0000] {taskinstance.py:1361} INFO - Starting attempt 1 of 2
[2024-07-08T10:26:49.099+0000] {taskinstance.py:1382} INFO - Executing <Task(PythonOperator): id_task_get_emails> on 2024-07-08 06:15:00+00:00
[2024-07-08T10:26:49.104+0000] {standard_task_runner.py:57} INFO - Started process 8685 to run task
[2024-07-08T10:26:49.111+0000] {standard_task_runner.py:84} INFO - Running: ['***', 'tasks', 'run', 'reports_workflow', 'id_task_get_emails', 'scheduled__2024-07-08T06:15:00+00:00', '--job-id', '3993', '--raw', '--subdir', 'DAGS_FOLDER/dag_email_robot.py', '--cfg-path', '/tmp/tmpz2t2wrht']
[2024-07-08T10:26:49.115+0000] {standard_task_runner.py:85} INFO - Job 3993: Subtask id_task_get_emails
[2024-07-08T10:26:49.205+0000] {task_command.py:415} INFO - Running <TaskInstance: reports_workflow.id_task_get_emails scheduled__2024-07-08T06:15:00+00:00 [running]> on host 6f4ef5488251
[2024-07-08T10:26:49.353+0000] {taskinstance.py:1660} INFO - Exporting env vars: AIRFLOW_CTX_DAG_OWNER='FIRDAVS' AIRFLOW_CTX_DAG_ID='reports_workflow' AIRFLOW_CTX_TASK_ID='id_task_get_emails' AIRFLOW_CTX_EXECUTION_DATE='2024-07-08T06:15:00+00:00' AIRFLOW_CTX_TRY_NUMBER='1' AIRFLOW_CTX_DAG_RUN_ID='scheduled__2024-07-08T06:15:00+00:00'
[2024-07-08T10:26:49.355+0000] {logging_mixin.py:151} INFO - path of config file:  /opt/***
[2024-07-08T10:26:49.356+0000] {logging_mixin.py:151} INFO - #>2024-07-08 10:26:49.356053_User@StatDep: EmailRobot in screated.
[2024-07-08T10:26:49.356+0000] {logging_mixin.py:151} INFO - #>2024-07-08 10:26:49.356411_User@StatDep: get_for_recent_emails is started...
[2024-07-08T10:26:49.356+0000] {logging_mixin.py:151} INFO - #>2024-07-08 10:26:49.356743_User@StatDep: pop3_fetch_emails isstarted...
[2024-07-08T10:26:49.732+0000] {logging_mixin.py:151} INFO -    b'+OK'
[2024-07-08T10:26:50.094+0000] {logging_mixin.py:151} INFO -    mailbox have 0 emails and the robot can process 10
[2024-07-08T10:26:50.095+0000] {logging_mixin.py:151} INFO - #>2024-07-08 10:26:50.095676_User@StatDep: no emails to process, exiting pop3_fetch_emails()...
[2024-07-08T10:26:50.097+0000] {python.py:194} INFO - Done. Returned value was: True
[2024-07-08T10:26:50.134+0000] {taskinstance.py:1400} INFO - Marking task as SUCCESS. dag_id=reports_workflow, task_id=id_task_get_emails, execution_date=20240708T061500, start_date=20240708T102649, end_date=20240708T102650
[2024-07-08T10:26:50.179+0000] {local_task_job_runner.py:228} INFO - Task exited with return code 0
[2024-07-08T10:26:50.223+0000] {taskinstance.py:2784} INFO - 1 downstream tasks scheduled from follow-on schedule check
