[2024-07-08T05:30:01.419+0000] {taskinstance.py:1159} INFO - Dependencies all met for dep_context=non-requeueable deps ti=<TaskInstance: reports_workflow.id_task_get_emails scheduled__2024-07-08T05:25:00+00:00 [queued]>
[2024-07-08T05:30:01.426+0000] {taskinstance.py:1159} INFO - Dependencies all met for dep_context=requeueable deps ti=<TaskInstance: reports_workflow.id_task_get_emails scheduled__2024-07-08T05:25:00+00:00 [queued]>
[2024-07-08T05:30:01.426+0000] {taskinstance.py:1361} INFO - Starting attempt 1 of 2
[2024-07-08T05:30:01.438+0000] {taskinstance.py:1382} INFO - Executing <Task(PythonOperator): id_task_get_emails> on 2024-07-08 05:25:00+00:00
[2024-07-08T05:30:01.443+0000] {standard_task_runner.py:57} INFO - Started process 2738 to run task
[2024-07-08T05:30:01.447+0000] {standard_task_runner.py:84} INFO - Running: ['***', 'tasks', 'run', 'reports_workflow', 'id_task_get_emails', 'scheduled__2024-07-08T05:25:00+00:00', '--job-id', '3529', '--raw', '--subdir', 'DAGS_FOLDER/dag_email_robot.py', '--cfg-path', '/tmp/tmprxbva04c']
[2024-07-08T05:30:01.450+0000] {standard_task_runner.py:85} INFO - Job 3529: Subtask id_task_get_emails
[2024-07-08T05:30:01.521+0000] {task_command.py:415} INFO - Running <TaskInstance: reports_workflow.id_task_get_emails scheduled__2024-07-08T05:25:00+00:00 [running]> on host 6f4ef5488251
[2024-07-08T05:30:01.644+0000] {taskinstance.py:1660} INFO - Exporting env vars: AIRFLOW_CTX_DAG_OWNER='FIRDAVS' AIRFLOW_CTX_DAG_ID='reports_workflow' AIRFLOW_CTX_TASK_ID='id_task_get_emails' AIRFLOW_CTX_EXECUTION_DATE='2024-07-08T05:25:00+00:00' AIRFLOW_CTX_TRY_NUMBER='1' AIRFLOW_CTX_DAG_RUN_ID='scheduled__2024-07-08T05:25:00+00:00'
[2024-07-08T05:30:01.645+0000] {logging_mixin.py:151} INFO - path of config file:  /opt/***
[2024-07-08T05:30:01.646+0000] {logging_mixin.py:151} INFO - #>2024-07-08 05:30:01.646258_User@StatDep: EmailRobot in screated.
[2024-07-08T05:30:01.646+0000] {logging_mixin.py:151} INFO - #>2024-07-08 05:30:01.646447_User@StatDep: get_for_recent_emails is started...
[2024-07-08T05:30:01.646+0000] {logging_mixin.py:151} INFO - #>2024-07-08 05:30:01.646570_User@StatDep: pop3_fetch_emails isstarted...
[2024-07-08T05:30:02.175+0000] {logging_mixin.py:151} INFO -    b'+OK'
[2024-07-08T05:30:02.549+0000] {logging_mixin.py:151} INFO -    mailbox have 0 emails and the robot can process 10
[2024-07-08T05:30:02.550+0000] {logging_mixin.py:151} INFO - #>2024-07-08 05:30:02.550012_User@StatDep: no emails to process, exiting pop3_fetch_emails()...
[2024-07-08T05:30:02.551+0000] {python.py:194} INFO - Done. Returned value was: True
[2024-07-08T05:30:02.589+0000] {taskinstance.py:1400} INFO - Marking task as SUCCESS. dag_id=reports_workflow, task_id=id_task_get_emails, execution_date=20240708T052500, start_date=20240708T053001, end_date=20240708T053002
[2024-07-08T05:30:02.623+0000] {local_task_job_runner.py:228} INFO - Task exited with return code 0
[2024-07-08T05:30:02.658+0000] {taskinstance.py:2784} INFO - 1 downstream tasks scheduled from follow-on schedule check
[2024-07-08T10:13:17.153+0000] {taskinstance.py:1159} INFO - Dependencies all met for dep_context=non-requeueable deps ti=<TaskInstance: reports_workflow.id_task_get_emails scheduled__2024-07-08T05:25:00+00:00 [queued]>
[2024-07-08T10:13:17.203+0000] {taskinstance.py:1159} INFO - Dependencies all met for dep_context=requeueable deps ti=<TaskInstance: reports_workflow.id_task_get_emails scheduled__2024-07-08T05:25:00+00:00 [queued]>
[2024-07-08T10:13:17.204+0000] {taskinstance.py:1361} INFO - Starting attempt 1 of 2
[2024-07-08T10:13:17.238+0000] {taskinstance.py:1382} INFO - Executing <Task(PythonOperator): id_task_get_emails> on 2024-07-08 05:25:00+00:00
[2024-07-08T10:13:17.251+0000] {standard_task_runner.py:57} INFO - Started process 7627 to run task
[2024-07-08T10:13:17.266+0000] {standard_task_runner.py:84} INFO - Running: ['***', 'tasks', 'run', 'reports_workflow', 'id_task_get_emails', 'scheduled__2024-07-08T05:25:00+00:00', '--job-id', '3701', '--raw', '--subdir', 'DAGS_FOLDER/dag_email_robot.py', '--cfg-path', '/tmp/tmp7x4o8_cq']
[2024-07-08T10:13:17.270+0000] {standard_task_runner.py:85} INFO - Job 3701: Subtask id_task_get_emails
[2024-07-08T10:13:19.922+0000] {task_command.py:415} INFO - Running <TaskInstance: reports_workflow.id_task_get_emails scheduled__2024-07-08T05:25:00+00:00 [running]> on host 6f4ef5488251
[2024-07-08T10:13:20.137+0000] {taskinstance.py:1660} INFO - Exporting env vars: AIRFLOW_CTX_DAG_OWNER='FIRDAVS' AIRFLOW_CTX_DAG_ID='reports_workflow' AIRFLOW_CTX_TASK_ID='id_task_get_emails' AIRFLOW_CTX_EXECUTION_DATE='2024-07-08T05:25:00+00:00' AIRFLOW_CTX_TRY_NUMBER='1' AIRFLOW_CTX_DAG_RUN_ID='scheduled__2024-07-08T05:25:00+00:00'
[2024-07-08T10:13:20.140+0000] {logging_mixin.py:151} INFO - path of config file:  /opt/***
[2024-07-08T10:13:20.141+0000] {logging_mixin.py:151} INFO - #>2024-07-08 10:13:20.141157_User@StatDep: EmailRobot in screated.
[2024-07-08T10:13:20.141+0000] {logging_mixin.py:151} INFO - #>2024-07-08 10:13:20.141484_User@StatDep: get_for_recent_emails is started...
[2024-07-08T10:13:20.148+0000] {logging_mixin.py:151} INFO - #>2024-07-08 10:13:20.148908_User@StatDep: pop3_fetch_emails isstarted...
[2024-07-08T10:13:20.650+0000] {logging_mixin.py:151} INFO -    b'+OK'
[2024-07-08T10:13:21.054+0000] {logging_mixin.py:151} INFO -    mailbox have 0 emails and the robot can process 10
[2024-07-08T10:13:21.055+0000] {logging_mixin.py:151} INFO - #>2024-07-08 10:13:21.055064_User@StatDep: no emails to process, exiting pop3_fetch_emails()...
[2024-07-08T10:13:21.056+0000] {python.py:194} INFO - Done. Returned value was: True
[2024-07-08T10:13:21.953+0000] {taskinstance.py:1400} INFO - Marking task as SUCCESS. dag_id=reports_workflow, task_id=id_task_get_emails, execution_date=20240708T052500, start_date=20240708T101317, end_date=20240708T101321
[2024-07-08T10:13:22.210+0000] {local_task_job_runner.py:228} INFO - Task exited with return code 0
[2024-07-08T10:13:22.270+0000] {taskinstance.py:2784} INFO - 1 downstream tasks scheduled from follow-on schedule check
[2024-07-08T10:21:28.709+0000] {taskinstance.py:1159} INFO - Dependencies all met for dep_context=non-requeueable deps ti=<TaskInstance: reports_workflow.id_task_get_emails scheduled__2024-07-08T05:25:00+00:00 [queued]>
[2024-07-08T10:21:28.738+0000] {taskinstance.py:1159} INFO - Dependencies all met for dep_context=requeueable deps ti=<TaskInstance: reports_workflow.id_task_get_emails scheduled__2024-07-08T05:25:00+00:00 [queued]>
[2024-07-08T10:21:28.739+0000] {taskinstance.py:1361} INFO - Starting attempt 1 of 2
[2024-07-08T10:21:28.752+0000] {taskinstance.py:1382} INFO - Executing <Task(PythonOperator): id_task_get_emails> on 2024-07-08 05:25:00+00:00
[2024-07-08T10:21:28.759+0000] {standard_task_runner.py:57} INFO - Started process 7877 to run task
[2024-07-08T10:21:28.765+0000] {standard_task_runner.py:84} INFO - Running: ['***', 'tasks', 'run', 'reports_workflow', 'id_task_get_emails', 'scheduled__2024-07-08T05:25:00+00:00', '--job-id', '3750', '--raw', '--subdir', 'DAGS_FOLDER/dag_email_robot.py', '--cfg-path', '/tmp/tmppl65b7im']
[2024-07-08T10:21:28.769+0000] {standard_task_runner.py:85} INFO - Job 3750: Subtask id_task_get_emails
[2024-07-08T10:21:28.861+0000] {task_command.py:415} INFO - Running <TaskInstance: reports_workflow.id_task_get_emails scheduled__2024-07-08T05:25:00+00:00 [running]> on host 6f4ef5488251
[2024-07-08T10:21:28.979+0000] {taskinstance.py:1660} INFO - Exporting env vars: AIRFLOW_CTX_DAG_OWNER='FIRDAVS' AIRFLOW_CTX_DAG_ID='reports_workflow' AIRFLOW_CTX_TASK_ID='id_task_get_emails' AIRFLOW_CTX_EXECUTION_DATE='2024-07-08T05:25:00+00:00' AIRFLOW_CTX_TRY_NUMBER='1' AIRFLOW_CTX_DAG_RUN_ID='scheduled__2024-07-08T05:25:00+00:00'
[2024-07-08T10:21:28.981+0000] {logging_mixin.py:151} INFO - path of config file:  /opt/***
[2024-07-08T10:21:28.982+0000] {logging_mixin.py:151} INFO - #>2024-07-08 10:21:28.982152_User@StatDep: EmailRobot in screated.
[2024-07-08T10:21:28.982+0000] {logging_mixin.py:151} INFO - #>2024-07-08 10:21:28.982603_User@StatDep: get_for_recent_emails is started...
[2024-07-08T10:21:28.983+0000] {logging_mixin.py:151} INFO - #>2024-07-08 10:21:28.982959_User@StatDep: pop3_fetch_emails isstarted...
[2024-07-08T10:21:29.493+0000] {logging_mixin.py:151} INFO -    b'+OK'
[2024-07-08T10:21:29.830+0000] {logging_mixin.py:151} INFO -    mailbox have 0 emails and the robot can process 10
[2024-07-08T10:21:29.831+0000] {logging_mixin.py:151} INFO - #>2024-07-08 10:21:29.831867_User@StatDep: no emails to process, exiting pop3_fetch_emails()...
[2024-07-08T10:21:29.832+0000] {python.py:194} INFO - Done. Returned value was: True
[2024-07-08T10:21:29.866+0000] {taskinstance.py:1400} INFO - Marking task as SUCCESS. dag_id=reports_workflow, task_id=id_task_get_emails, execution_date=20240708T052500, start_date=20240708T102128, end_date=20240708T102129
[2024-07-08T10:21:29.902+0000] {local_task_job_runner.py:228} INFO - Task exited with return code 0
[2024-07-08T10:21:29.939+0000] {taskinstance.py:2784} INFO - 1 downstream tasks scheduled from follow-on schedule check
[2024-07-08T10:25:40.215+0000] {taskinstance.py:1159} INFO - Dependencies all met for dep_context=non-requeueable deps ti=<TaskInstance: reports_workflow.id_task_get_emails scheduled__2024-07-08T05:25:00+00:00 [queued]>
[2024-07-08T10:25:40.262+0000] {taskinstance.py:1159} INFO - Dependencies all met for dep_context=requeueable deps ti=<TaskInstance: reports_workflow.id_task_get_emails scheduled__2024-07-08T05:25:00+00:00 [queued]>
[2024-07-08T10:25:40.263+0000] {taskinstance.py:1361} INFO - Starting attempt 1 of 2
[2024-07-08T10:25:40.324+0000] {taskinstance.py:1382} INFO - Executing <Task(PythonOperator): id_task_get_emails> on 2024-07-08 05:25:00+00:00
[2024-07-08T10:25:40.352+0000] {standard_task_runner.py:57} INFO - Started process 8491 to run task
[2024-07-08T10:25:40.377+0000] {standard_task_runner.py:84} INFO - Running: ['***', 'tasks', 'run', 'reports_workflow', 'id_task_get_emails', 'scheduled__2024-07-08T05:25:00+00:00', '--job-id', '3926', '--raw', '--subdir', 'DAGS_FOLDER/dag_email_robot.py', '--cfg-path', '/tmp/tmpdeb_wrxg']
[2024-07-08T10:25:40.406+0000] {standard_task_runner.py:85} INFO - Job 3926: Subtask id_task_get_emails
[2024-07-08T10:25:40.618+0000] {task_command.py:415} INFO - Running <TaskInstance: reports_workflow.id_task_get_emails scheduled__2024-07-08T05:25:00+00:00 [running]> on host 6f4ef5488251
[2024-07-08T10:25:40.884+0000] {taskinstance.py:1660} INFO - Exporting env vars: AIRFLOW_CTX_DAG_OWNER='FIRDAVS' AIRFLOW_CTX_DAG_ID='reports_workflow' AIRFLOW_CTX_TASK_ID='id_task_get_emails' AIRFLOW_CTX_EXECUTION_DATE='2024-07-08T05:25:00+00:00' AIRFLOW_CTX_TRY_NUMBER='1' AIRFLOW_CTX_DAG_RUN_ID='scheduled__2024-07-08T05:25:00+00:00'
[2024-07-08T10:25:40.886+0000] {logging_mixin.py:151} INFO - path of config file:  /opt/***
[2024-07-08T10:25:40.887+0000] {logging_mixin.py:151} INFO - #>2024-07-08 10:25:40.887081_User@StatDep: EmailRobot in screated.
[2024-07-08T10:25:40.894+0000] {logging_mixin.py:151} INFO - #>2024-07-08 10:25:40.894286_User@StatDep: get_for_recent_emails is started...
[2024-07-08T10:25:40.896+0000] {logging_mixin.py:151} INFO - #>2024-07-08 10:25:40.896707_User@StatDep: pop3_fetch_emails isstarted...
[2024-07-08T10:25:41.384+0000] {logging_mixin.py:151} INFO -    b'+OK'
[2024-07-08T10:25:41.755+0000] {logging_mixin.py:151} INFO -    mailbox have 0 emails and the robot can process 10
[2024-07-08T10:25:41.755+0000] {logging_mixin.py:151} INFO - #>2024-07-08 10:25:41.755770_User@StatDep: no emails to process, exiting pop3_fetch_emails()...
[2024-07-08T10:25:41.756+0000] {python.py:194} INFO - Done. Returned value was: True
[2024-07-08T10:25:41.796+0000] {taskinstance.py:1400} INFO - Marking task as SUCCESS. dag_id=reports_workflow, task_id=id_task_get_emails, execution_date=20240708T052500, start_date=20240708T102540, end_date=20240708T102541
[2024-07-08T10:25:41.884+0000] {local_task_job_runner.py:228} INFO - Task exited with return code 0
[2024-07-08T10:25:41.948+0000] {taskinstance.py:2784} INFO - 1 downstream tasks scheduled from follow-on schedule check
[2024-07-08T10:26:28.960+0000] {taskinstance.py:1159} INFO - Dependencies all met for dep_context=non-requeueable deps ti=<TaskInstance: reports_workflow.id_task_get_emails scheduled__2024-07-08T05:25:00+00:00 [queued]>
[2024-07-08T10:26:29.008+0000] {taskinstance.py:1159} INFO - Dependencies all met for dep_context=requeueable deps ti=<TaskInstance: reports_workflow.id_task_get_emails scheduled__2024-07-08T05:25:00+00:00 [queued]>
[2024-07-08T10:26:29.009+0000] {taskinstance.py:1361} INFO - Starting attempt 1 of 2
[2024-07-08T10:26:29.035+0000] {taskinstance.py:1382} INFO - Executing <Task(PythonOperator): id_task_get_emails> on 2024-07-08 05:25:00+00:00
[2024-07-08T10:26:29.046+0000] {standard_task_runner.py:57} INFO - Started process 8602 to run task
[2024-07-08T10:26:29.054+0000] {standard_task_runner.py:84} INFO - Running: ['***', 'tasks', 'run', 'reports_workflow', 'id_task_get_emails', 'scheduled__2024-07-08T05:25:00+00:00', '--job-id', '3964', '--raw', '--subdir', 'DAGS_FOLDER/dag_email_robot.py', '--cfg-path', '/tmp/tmpjggd4ofq']
[2024-07-08T10:26:29.058+0000] {standard_task_runner.py:85} INFO - Job 3964: Subtask id_task_get_emails
[2024-07-08T10:26:29.250+0000] {task_command.py:415} INFO - Running <TaskInstance: reports_workflow.id_task_get_emails scheduled__2024-07-08T05:25:00+00:00 [running]> on host 6f4ef5488251
[2024-07-08T10:26:29.368+0000] {taskinstance.py:1660} INFO - Exporting env vars: AIRFLOW_CTX_DAG_OWNER='FIRDAVS' AIRFLOW_CTX_DAG_ID='reports_workflow' AIRFLOW_CTX_TASK_ID='id_task_get_emails' AIRFLOW_CTX_EXECUTION_DATE='2024-07-08T05:25:00+00:00' AIRFLOW_CTX_TRY_NUMBER='1' AIRFLOW_CTX_DAG_RUN_ID='scheduled__2024-07-08T05:25:00+00:00'
[2024-07-08T10:26:29.369+0000] {logging_mixin.py:151} INFO - path of config file:  /opt/***
[2024-07-08T10:26:29.371+0000] {logging_mixin.py:151} INFO - #>2024-07-08 10:26:29.370956_User@StatDep: EmailRobot in screated.
[2024-07-08T10:26:29.371+0000] {logging_mixin.py:151} INFO - #>2024-07-08 10:26:29.371335_User@StatDep: get_for_recent_emails is started...
[2024-07-08T10:26:29.371+0000] {logging_mixin.py:151} INFO - #>2024-07-08 10:26:29.371648_User@StatDep: pop3_fetch_emails isstarted...
[2024-07-08T10:26:29.749+0000] {logging_mixin.py:151} INFO -    b'+OK'
[2024-07-08T10:26:30.171+0000] {logging_mixin.py:151} INFO -    mailbox have 0 emails and the robot can process 10
[2024-07-08T10:26:30.172+0000] {logging_mixin.py:151} INFO - #>2024-07-08 10:26:30.172251_User@StatDep: no emails to process, exiting pop3_fetch_emails()...
[2024-07-08T10:26:30.172+0000] {python.py:194} INFO - Done. Returned value was: True
[2024-07-08T10:26:30.200+0000] {taskinstance.py:1400} INFO - Marking task as SUCCESS. dag_id=reports_workflow, task_id=id_task_get_emails, execution_date=20240708T052500, start_date=20240708T102629, end_date=20240708T102630
[2024-07-08T10:26:30.243+0000] {local_task_job_runner.py:228} INFO - Task exited with return code 0
[2024-07-08T10:26:30.285+0000] {taskinstance.py:2784} INFO - 1 downstream tasks scheduled from follow-on schedule check
