[2024-07-03T09:58:16.030+0000] {taskinstance.py:1159} INFO - Dependencies all met for dep_context=non-requeueable deps ti=<TaskInstance: reports_workflow.id_task_get_emails scheduled__2024-07-02T17:05:00+00:00 [queued]>
[2024-07-03T09:58:16.047+0000] {taskinstance.py:1159} INFO - Dependencies all met for dep_context=requeueable deps ti=<TaskInstance: reports_workflow.id_task_get_emails scheduled__2024-07-02T17:05:00+00:00 [queued]>
[2024-07-03T09:58:16.048+0000] {taskinstance.py:1361} INFO - Starting attempt 1 of 1
[2024-07-03T09:58:16.076+0000] {taskinstance.py:1382} INFO - Executing <Task(PythonOperator): id_task_get_emails> on 2024-07-02 17:05:00+00:00
[2024-07-03T09:58:16.080+0000] {standard_task_runner.py:57} INFO - Started process 20749 to run task
[2024-07-03T09:58:16.083+0000] {standard_task_runner.py:84} INFO - Running: ['***', 'tasks', 'run', 'reports_workflow', 'id_task_get_emails', 'scheduled__2024-07-02T17:05:00+00:00', '--job-id', '450', '--raw', '--subdir', 'DAGS_FOLDER/dag_email_robot.py', '--cfg-path', '/tmp/tmpi4_hrcfp']
[2024-07-03T09:58:16.084+0000] {standard_task_runner.py:85} INFO - Job 450: Subtask id_task_get_emails
[2024-07-03T09:58:16.145+0000] {task_command.py:415} INFO - Running <TaskInstance: reports_workflow.id_task_get_emails scheduled__2024-07-02T17:05:00+00:00 [running]> on host 6f4ef5488251
[2024-07-03T09:58:16.231+0000] {taskinstance.py:1660} INFO - Exporting env vars: AIRFLOW_CTX_DAG_OWNER='FIRDAVS' AIRFLOW_CTX_DAG_ID='reports_workflow' AIRFLOW_CTX_TASK_ID='id_task_get_emails' AIRFLOW_CTX_EXECUTION_DATE='2024-07-02T17:05:00+00:00' AIRFLOW_CTX_TRY_NUMBER='1' AIRFLOW_CTX_DAG_RUN_ID='scheduled__2024-07-02T17:05:00+00:00'
[2024-07-03T09:58:16.232+0000] {logging_mixin.py:151} INFO - path of config file:  /opt/***
[2024-07-03T09:58:16.233+0000] {logging_mixin.py:151} INFO - #>2024-07-03 09:58:16.233111_User@StatDep: EmailRobot in screated.
[2024-07-03T09:58:16.233+0000] {logging_mixin.py:151} INFO - #>2024-07-03 09:58:16.233459_User@StatDep: get_for_recent_emails is started...
[2024-07-03T09:58:16.233+0000] {logging_mixin.py:151} INFO - #>2024-07-03 09:58:16.233670_User@StatDep: pop3_fetch_emails isstarted...
[2024-07-03T09:58:16.657+0000] {logging_mixin.py:151} INFO -    b'+OK'
[2024-07-03T09:58:16.996+0000] {logging_mixin.py:151} INFO -    mailbox have 0 emails and the robot can process 10
[2024-07-03T09:58:16.996+0000] {logging_mixin.py:151} INFO - #>2024-07-03 09:58:16.996730_User@StatDep: no emails to process, exiting pop3_fetch_emails()...
[2024-07-03T09:58:16.997+0000] {python.py:194} INFO - Done. Returned value was: True
[2024-07-03T09:58:17.048+0000] {taskinstance.py:1400} INFO - Marking task as SUCCESS. dag_id=reports_workflow, task_id=id_task_get_emails, execution_date=20240702T170500, start_date=20240703T095816, end_date=20240703T095817
[2024-07-03T09:58:17.068+0000] {local_task_job_runner.py:228} INFO - Task exited with return code 0
[2024-07-03T09:58:17.153+0000] {taskinstance.py:2784} INFO - 0 downstream tasks scheduled from follow-on schedule check
[2024-07-03T12:05:41.963+0000] {taskinstance.py:1159} INFO - Dependencies all met for dep_context=non-requeueable deps ti=<TaskInstance: reports_workflow.id_task_get_emails scheduled__2024-07-02T17:05:00+00:00 [queued]>
[2024-07-03T12:05:41.984+0000] {taskinstance.py:1159} INFO - Dependencies all met for dep_context=requeueable deps ti=<TaskInstance: reports_workflow.id_task_get_emails scheduled__2024-07-02T17:05:00+00:00 [queued]>
[2024-07-03T12:05:41.987+0000] {taskinstance.py:1361} INFO - Starting attempt 1 of 1
[2024-07-03T12:05:42.007+0000] {taskinstance.py:1382} INFO - Executing <Task(PythonOperator): id_task_get_emails> on 2024-07-02 17:05:00+00:00
[2024-07-03T12:05:42.012+0000] {standard_task_runner.py:57} INFO - Started process 23569 to run task
[2024-07-03T12:05:42.021+0000] {standard_task_runner.py:84} INFO - Running: ['***', 'tasks', 'run', 'reports_workflow', 'id_task_get_emails', 'scheduled__2024-07-02T17:05:00+00:00', '--job-id', '891', '--raw', '--subdir', 'DAGS_FOLDER/dag_email_robot.py', '--cfg-path', '/tmp/tmp6miabpc2']
[2024-07-03T12:05:42.022+0000] {standard_task_runner.py:85} INFO - Job 891: Subtask id_task_get_emails
[2024-07-03T12:05:42.107+0000] {task_command.py:415} INFO - Running <TaskInstance: reports_workflow.id_task_get_emails scheduled__2024-07-02T17:05:00+00:00 [running]> on host 6f4ef5488251
[2024-07-03T12:05:42.218+0000] {taskinstance.py:1660} INFO - Exporting env vars: AIRFLOW_CTX_DAG_OWNER='FIRDAVS' AIRFLOW_CTX_DAG_ID='reports_workflow' AIRFLOW_CTX_TASK_ID='id_task_get_emails' AIRFLOW_CTX_EXECUTION_DATE='2024-07-02T17:05:00+00:00' AIRFLOW_CTX_TRY_NUMBER='1' AIRFLOW_CTX_DAG_RUN_ID='scheduled__2024-07-02T17:05:00+00:00'
[2024-07-03T12:05:42.219+0000] {logging_mixin.py:151} INFO - path of config file:  /opt/***
[2024-07-03T12:05:42.220+0000] {logging_mixin.py:151} INFO - #>2024-07-03 12:05:42.220145_User@StatDep: EmailRobot in screated.
[2024-07-03T12:05:42.220+0000] {logging_mixin.py:151} INFO - #>2024-07-03 12:05:42.220333_User@StatDep: get_for_recent_emails is started...
[2024-07-03T12:05:42.221+0000] {logging_mixin.py:151} INFO - #>2024-07-03 12:05:42.221089_User@StatDep: pop3_fetch_emails isstarted...
[2024-07-03T12:05:42.608+0000] {logging_mixin.py:151} INFO -    b'+OK'
[2024-07-03T12:05:43.114+0000] {logging_mixin.py:151} INFO -    mailbox have 1 emails and the robot can process 10
[2024-07-03T12:05:43.561+0000] {logging_mixin.py:151} INFO -    #>2024-07-03 12:05:43.561347_conneciton to db is set.
[2024-07-03T12:05:43.571+0000] {taskinstance.py:1943} ERROR - Task failed with exception
Traceback (most recent call last):
  File "/home/airflow/.local/lib/python3.8/site-packages/airflow/operators/python.py", line 192, in execute
    return_value = self.execute_callable()
  File "/home/airflow/.local/lib/python3.8/site-packages/airflow/operators/python.py", line 209, in execute_callable
    return self.python_callable(*self.op_args, **self.op_kwargs)
  File "/opt/airflow/dags/dag_email_robot.py", line 25, in get_emails
    robot.fetch_emails()
  File "/opt/airflow/dags/emailRobot.py", line 62, in fetch_emails
    return self.pop3_fetch_emails()
  File "/opt/airflow/dags/emailRobot.py", line 156, in pop3_fetch_emails
    cursor.execute (query, insert_values)
psycopg2.errors.UndefinedTable: relation "sma_stat_dep.tbl_file_upload" does not exist
LINE 1: ...) AS (INSERT INTO                                 sma_stat_d...
                                                             ^

[2024-07-03T12:05:43.586+0000] {taskinstance.py:1400} INFO - Marking task as FAILED. dag_id=reports_workflow, task_id=id_task_get_emails, execution_date=20240702T170500, start_date=20240703T120541, end_date=20240703T120543
[2024-07-03T12:05:43.599+0000] {standard_task_runner.py:104} ERROR - Failed to execute job 891 for task id_task_get_emails (relation "sma_stat_dep.tbl_file_upload" does not exist
LINE 1: ...) AS (INSERT INTO                                 sma_stat_d...
                                                             ^
; 23569)
[2024-07-03T12:05:43.646+0000] {local_task_job_runner.py:228} INFO - Task exited with return code 1
[2024-07-03T12:05:43.677+0000] {taskinstance.py:2784} INFO - 0 downstream tasks scheduled from follow-on schedule check
[2024-07-03T12:28:04.501+0000] {taskinstance.py:1159} INFO - Dependencies all met for dep_context=non-requeueable deps ti=<TaskInstance: reports_workflow.id_task_get_emails scheduled__2024-07-02T17:05:00+00:00 [queued]>
[2024-07-03T12:28:04.523+0000] {taskinstance.py:1159} INFO - Dependencies all met for dep_context=requeueable deps ti=<TaskInstance: reports_workflow.id_task_get_emails scheduled__2024-07-02T17:05:00+00:00 [queued]>
[2024-07-03T12:28:04.523+0000] {taskinstance.py:1361} INFO - Starting attempt 1 of 1
[2024-07-03T12:28:04.537+0000] {taskinstance.py:1382} INFO - Executing <Task(PythonOperator): id_task_get_emails> on 2024-07-02 17:05:00+00:00
[2024-07-03T12:28:04.544+0000] {standard_task_runner.py:57} INFO - Started process 24711 to run task
[2024-07-03T12:28:04.550+0000] {standard_task_runner.py:84} INFO - Running: ['***', 'tasks', 'run', 'reports_workflow', 'id_task_get_emails', 'scheduled__2024-07-02T17:05:00+00:00', '--job-id', '1294', '--raw', '--subdir', 'DAGS_FOLDER/dag_email_robot.py', '--cfg-path', '/tmp/tmp1xah9upk']
[2024-07-03T12:28:04.552+0000] {standard_task_runner.py:85} INFO - Job 1294: Subtask id_task_get_emails
[2024-07-03T12:28:04.606+0000] {task_command.py:415} INFO - Running <TaskInstance: reports_workflow.id_task_get_emails scheduled__2024-07-02T17:05:00+00:00 [running]> on host 6f4ef5488251
[2024-07-03T12:28:04.691+0000] {taskinstance.py:1660} INFO - Exporting env vars: AIRFLOW_CTX_DAG_OWNER='FIRDAVS' AIRFLOW_CTX_DAG_ID='reports_workflow' AIRFLOW_CTX_TASK_ID='id_task_get_emails' AIRFLOW_CTX_EXECUTION_DATE='2024-07-02T17:05:00+00:00' AIRFLOW_CTX_TRY_NUMBER='1' AIRFLOW_CTX_DAG_RUN_ID='scheduled__2024-07-02T17:05:00+00:00'
[2024-07-03T12:28:04.692+0000] {logging_mixin.py:151} INFO - path of config file:  /opt/***
[2024-07-03T12:28:04.693+0000] {logging_mixin.py:151} INFO - #>2024-07-03 12:28:04.693467_User@StatDep: EmailRobot in screated.
[2024-07-03T12:28:04.694+0000] {logging_mixin.py:151} INFO - #>2024-07-03 12:28:04.693969_User@StatDep: get_for_recent_emails is started...
[2024-07-03T12:28:04.694+0000] {logging_mixin.py:151} INFO - #>2024-07-03 12:28:04.694384_User@StatDep: pop3_fetch_emails isstarted...
[2024-07-03T12:28:05.058+0000] {logging_mixin.py:151} INFO -    b'+OK'
[2024-07-03T12:28:05.349+0000] {logging_mixin.py:151} INFO -    mailbox have 0 emails and the robot can process 10
[2024-07-03T12:28:05.350+0000] {logging_mixin.py:151} INFO - #>2024-07-03 12:28:05.350493_User@StatDep: no emails to process, exiting pop3_fetch_emails()...
[2024-07-03T12:28:05.352+0000] {python.py:194} INFO - Done. Returned value was: True
[2024-07-03T12:28:05.389+0000] {taskinstance.py:1400} INFO - Marking task as SUCCESS. dag_id=reports_workflow, task_id=id_task_get_emails, execution_date=20240702T170500, start_date=20240703T122804, end_date=20240703T122805
[2024-07-03T12:28:05.406+0000] {local_task_job_runner.py:228} INFO - Task exited with return code 0
[2024-07-03T12:28:05.436+0000] {taskinstance.py:2784} INFO - 1 downstream tasks scheduled from follow-on schedule check
