[2024-07-03T09:58:40.062+0000] {taskinstance.py:1159} INFO - Dependencies all met for dep_context=non-requeueable deps ti=<TaskInstance: reports_workflow.id_task_get_emails scheduled__2024-07-02T20:55:00+00:00 [queued]>
[2024-07-03T09:58:40.069+0000] {taskinstance.py:1159} INFO - Dependencies all met for dep_context=requeueable deps ti=<TaskInstance: reports_workflow.id_task_get_emails scheduled__2024-07-02T20:55:00+00:00 [queued]>
[2024-07-03T09:58:40.069+0000] {taskinstance.py:1361} INFO - Starting attempt 1 of 1
[2024-07-03T09:58:40.085+0000] {taskinstance.py:1382} INFO - Executing <Task(PythonOperator): id_task_get_emails> on 2024-07-02 20:55:00+00:00
[2024-07-03T09:58:40.090+0000] {standard_task_runner.py:57} INFO - Started process 20855 to run task
[2024-07-03T09:58:40.098+0000] {standard_task_runner.py:84} INFO - Running: ['***', 'tasks', 'run', 'reports_workflow', 'id_task_get_emails', 'scheduled__2024-07-02T20:55:00+00:00', '--job-id', '498', '--raw', '--subdir', 'DAGS_FOLDER/dag_email_robot.py', '--cfg-path', '/tmp/tmpjjldkf4_']
[2024-07-03T09:58:40.099+0000] {standard_task_runner.py:85} INFO - Job 498: Subtask id_task_get_emails
[2024-07-03T09:58:40.193+0000] {task_command.py:415} INFO - Running <TaskInstance: reports_workflow.id_task_get_emails scheduled__2024-07-02T20:55:00+00:00 [running]> on host 6f4ef5488251
[2024-07-03T09:58:40.331+0000] {taskinstance.py:1660} INFO - Exporting env vars: AIRFLOW_CTX_DAG_OWNER='FIRDAVS' AIRFLOW_CTX_DAG_ID='reports_workflow' AIRFLOW_CTX_TASK_ID='id_task_get_emails' AIRFLOW_CTX_EXECUTION_DATE='2024-07-02T20:55:00+00:00' AIRFLOW_CTX_TRY_NUMBER='1' AIRFLOW_CTX_DAG_RUN_ID='scheduled__2024-07-02T20:55:00+00:00'
[2024-07-03T09:58:40.336+0000] {logging_mixin.py:151} INFO - path of config file:  /opt/***
[2024-07-03T09:58:40.337+0000] {logging_mixin.py:151} INFO - #>2024-07-03 09:58:40.337871_User@StatDep: EmailRobot in screated.
[2024-07-03T09:58:40.338+0000] {logging_mixin.py:151} INFO - #>2024-07-03 09:58:40.338086_User@StatDep: get_for_recent_emails is started...
[2024-07-03T09:58:40.338+0000] {logging_mixin.py:151} INFO - #>2024-07-03 09:58:40.338216_User@StatDep: pop3_fetch_emails isstarted...
[2024-07-03T09:58:40.744+0000] {logging_mixin.py:151} INFO -    b'+OK'
[2024-07-03T09:58:41.104+0000] {logging_mixin.py:151} INFO -    mailbox have 0 emails and the robot can process 10
[2024-07-03T09:58:41.104+0000] {logging_mixin.py:151} INFO - #>2024-07-03 09:58:41.104647_User@StatDep: no emails to process, exiting pop3_fetch_emails()...
[2024-07-03T09:58:41.105+0000] {python.py:194} INFO - Done. Returned value was: True
[2024-07-03T09:58:41.161+0000] {taskinstance.py:1400} INFO - Marking task as SUCCESS. dag_id=reports_workflow, task_id=id_task_get_emails, execution_date=20240702T205500, start_date=20240703T095840, end_date=20240703T095841
[2024-07-03T09:58:41.204+0000] {local_task_job_runner.py:228} INFO - Task exited with return code 0
[2024-07-03T09:58:41.237+0000] {taskinstance.py:2784} INFO - 0 downstream tasks scheduled from follow-on schedule check
[2024-07-03T12:29:59.310+0000] {taskinstance.py:1159} INFO - Dependencies all met for dep_context=non-requeueable deps ti=<TaskInstance: reports_workflow.id_task_get_emails scheduled__2024-07-02T20:55:00+00:00 [queued]>
[2024-07-03T12:29:59.373+0000] {taskinstance.py:1159} INFO - Dependencies all met for dep_context=requeueable deps ti=<TaskInstance: reports_workflow.id_task_get_emails scheduled__2024-07-02T20:55:00+00:00 [queued]>
[2024-07-03T12:29:59.375+0000] {taskinstance.py:1361} INFO - Starting attempt 1 of 1
[2024-07-03T12:29:59.403+0000] {taskinstance.py:1382} INFO - Executing <Task(PythonOperator): id_task_get_emails> on 2024-07-02 20:55:00+00:00
[2024-07-03T12:29:59.408+0000] {standard_task_runner.py:57} INFO - Started process 24916 to run task
[2024-07-03T12:29:59.415+0000] {standard_task_runner.py:84} INFO - Running: ['***', 'tasks', 'run', 'reports_workflow', 'id_task_get_emails', 'scheduled__2024-07-02T20:55:00+00:00', '--job-id', '1383', '--raw', '--subdir', 'DAGS_FOLDER/dag_email_robot.py', '--cfg-path', '/tmp/tmp05gxq1xo']
[2024-07-03T12:29:59.417+0000] {standard_task_runner.py:85} INFO - Job 1383: Subtask id_task_get_emails
[2024-07-03T12:29:59.505+0000] {task_command.py:415} INFO - Running <TaskInstance: reports_workflow.id_task_get_emails scheduled__2024-07-02T20:55:00+00:00 [running]> on host 6f4ef5488251
[2024-07-03T12:29:59.647+0000] {taskinstance.py:1660} INFO - Exporting env vars: AIRFLOW_CTX_DAG_OWNER='FIRDAVS' AIRFLOW_CTX_DAG_ID='reports_workflow' AIRFLOW_CTX_TASK_ID='id_task_get_emails' AIRFLOW_CTX_EXECUTION_DATE='2024-07-02T20:55:00+00:00' AIRFLOW_CTX_TRY_NUMBER='1' AIRFLOW_CTX_DAG_RUN_ID='scheduled__2024-07-02T20:55:00+00:00'
[2024-07-03T12:29:59.651+0000] {logging_mixin.py:151} INFO - path of config file:  /opt/***
[2024-07-03T12:29:59.651+0000] {logging_mixin.py:151} INFO - #>2024-07-03 12:29:59.651867_User@StatDep: EmailRobot in screated.
[2024-07-03T12:29:59.652+0000] {logging_mixin.py:151} INFO - #>2024-07-03 12:29:59.652058_User@StatDep: get_for_recent_emails is started...
[2024-07-03T12:29:59.652+0000] {logging_mixin.py:151} INFO - #>2024-07-03 12:29:59.652192_User@StatDep: pop3_fetch_emails isstarted...
[2024-07-03T12:30:00.044+0000] {logging_mixin.py:151} INFO -    b'+OK'
[2024-07-03T12:30:00.385+0000] {logging_mixin.py:151} INFO -    mailbox have 0 emails and the robot can process 10
[2024-07-03T12:30:00.385+0000] {logging_mixin.py:151} INFO - #>2024-07-03 12:30:00.385494_User@StatDep: no emails to process, exiting pop3_fetch_emails()...
[2024-07-03T12:30:00.385+0000] {python.py:194} INFO - Done. Returned value was: True
[2024-07-03T12:30:00.428+0000] {taskinstance.py:1400} INFO - Marking task as SUCCESS. dag_id=reports_workflow, task_id=id_task_get_emails, execution_date=20240702T205500, start_date=20240703T122959, end_date=20240703T123000
[2024-07-03T12:30:00.475+0000] {local_task_job_runner.py:228} INFO - Task exited with return code 0
[2024-07-03T12:30:00.503+0000] {taskinstance.py:2784} INFO - 1 downstream tasks scheduled from follow-on schedule check
