[2024-07-03T14:47:43.297+0000] {taskinstance.py:1159} INFO - Dependencies all met for dep_context=non-requeueable deps ti=<TaskInstance: reports_workflow.id_task_get_emails scheduled__2024-07-03T12:00:00+00:00 [queued]>
[2024-07-03T14:47:43.345+0000] {taskinstance.py:1159} INFO - Dependencies all met for dep_context=requeueable deps ti=<TaskInstance: reports_workflow.id_task_get_emails scheduled__2024-07-03T12:00:00+00:00 [queued]>
[2024-07-03T14:47:43.350+0000] {taskinstance.py:1361} INFO - Starting attempt 1 of 2
[2024-07-03T14:47:43.386+0000] {taskinstance.py:1382} INFO - Executing <Task(PythonOperator): id_task_get_emails> on 2024-07-03 12:00:00+00:00
[2024-07-03T14:47:43.413+0000] {standard_task_runner.py:57} INFO - Started process 28605 to run task
[2024-07-03T14:47:43.423+0000] {standard_task_runner.py:84} INFO - Running: ['***', 'tasks', 'run', 'reports_workflow', 'id_task_get_emails', 'scheduled__2024-07-03T12:00:00+00:00', '--job-id', '2178', '--raw', '--subdir', 'DAGS_FOLDER/dag_email_robot.py', '--cfg-path', '/tmp/tmp1zxua_xi']
[2024-07-03T14:47:43.440+0000] {standard_task_runner.py:85} INFO - Job 2178: Subtask id_task_get_emails
[2024-07-03T14:47:43.691+0000] {task_command.py:415} INFO - Running <TaskInstance: reports_workflow.id_task_get_emails scheduled__2024-07-03T12:00:00+00:00 [running]> on host 6f4ef5488251
[2024-07-03T14:47:44.138+0000] {taskinstance.py:1660} INFO - Exporting env vars: AIRFLOW_CTX_DAG_OWNER='FIRDAVS' AIRFLOW_CTX_DAG_ID='reports_workflow' AIRFLOW_CTX_TASK_ID='id_task_get_emails' AIRFLOW_CTX_EXECUTION_DATE='2024-07-03T12:00:00+00:00' AIRFLOW_CTX_TRY_NUMBER='1' AIRFLOW_CTX_DAG_RUN_ID='scheduled__2024-07-03T12:00:00+00:00'
[2024-07-03T14:47:44.139+0000] {logging_mixin.py:151} INFO - path of config file:  /opt/***
[2024-07-03T14:47:44.140+0000] {logging_mixin.py:151} INFO - #>2024-07-03 14:47:44.140360_User@StatDep: EmailRobot in screated.
[2024-07-03T14:47:44.140+0000] {logging_mixin.py:151} INFO - #>2024-07-03 14:47:44.140544_User@StatDep: get_for_recent_emails is started...
[2024-07-03T14:47:44.140+0000] {logging_mixin.py:151} INFO - #>2024-07-03 14:47:44.140684_User@StatDep: pop3_fetch_emails isstarted...
[2024-07-03T14:47:44.522+0000] {logging_mixin.py:151} INFO -    b'+OK'
[2024-07-03T14:47:44.852+0000] {logging_mixin.py:151} INFO -    mailbox have 0 emails and the robot can process 10
[2024-07-03T14:47:44.853+0000] {logging_mixin.py:151} INFO - #>2024-07-03 14:47:44.853350_User@StatDep: no emails to process, exiting pop3_fetch_emails()...
[2024-07-03T14:47:44.854+0000] {python.py:194} INFO - Done. Returned value was: True
[2024-07-03T14:47:44.904+0000] {taskinstance.py:1400} INFO - Marking task as SUCCESS. dag_id=reports_workflow, task_id=id_task_get_emails, execution_date=20240703T120000, start_date=20240703T144743, end_date=20240703T144744
[2024-07-03T14:47:45.059+0000] {local_task_job_runner.py:228} INFO - Task exited with return code 0
[2024-07-03T14:47:45.106+0000] {taskinstance.py:2784} INFO - 1 downstream tasks scheduled from follow-on schedule check
[2024-07-03T14:48:17.340+0000] {taskinstance.py:1159} INFO - Dependencies all met for dep_context=non-requeueable deps ti=<TaskInstance: reports_workflow.id_task_get_emails scheduled__2024-07-03T12:00:00+00:00 [queued]>
[2024-07-03T14:48:17.364+0000] {taskinstance.py:1159} INFO - Dependencies all met for dep_context=requeueable deps ti=<TaskInstance: reports_workflow.id_task_get_emails scheduled__2024-07-03T12:00:00+00:00 [queued]>
[2024-07-03T14:48:17.365+0000] {taskinstance.py:1361} INFO - Starting attempt 1 of 2
[2024-07-03T14:48:17.426+0000] {taskinstance.py:1382} INFO - Executing <Task(PythonOperator): id_task_get_emails> on 2024-07-03 12:00:00+00:00
[2024-07-03T14:48:17.431+0000] {standard_task_runner.py:57} INFO - Started process 28744 to run task
[2024-07-03T14:48:17.451+0000] {standard_task_runner.py:84} INFO - Running: ['***', 'tasks', 'run', 'reports_workflow', 'id_task_get_emails', 'scheduled__2024-07-03T12:00:00+00:00', '--job-id', '2243', '--raw', '--subdir', 'DAGS_FOLDER/dag_email_robot.py', '--cfg-path', '/tmp/tmps90kpwia']
[2024-07-03T14:48:17.459+0000] {standard_task_runner.py:85} INFO - Job 2243: Subtask id_task_get_emails
[2024-07-03T14:48:17.555+0000] {task_command.py:415} INFO - Running <TaskInstance: reports_workflow.id_task_get_emails scheduled__2024-07-03T12:00:00+00:00 [running]> on host 6f4ef5488251
[2024-07-03T14:48:17.787+0000] {taskinstance.py:1660} INFO - Exporting env vars: AIRFLOW_CTX_DAG_OWNER='FIRDAVS' AIRFLOW_CTX_DAG_ID='reports_workflow' AIRFLOW_CTX_TASK_ID='id_task_get_emails' AIRFLOW_CTX_EXECUTION_DATE='2024-07-03T12:00:00+00:00' AIRFLOW_CTX_TRY_NUMBER='1' AIRFLOW_CTX_DAG_RUN_ID='scheduled__2024-07-03T12:00:00+00:00'
[2024-07-03T14:48:17.789+0000] {logging_mixin.py:151} INFO - path of config file:  /opt/***
[2024-07-03T14:48:17.791+0000] {logging_mixin.py:151} INFO - #>2024-07-03 14:48:17.791080_User@StatDep: EmailRobot in screated.
[2024-07-03T14:48:17.792+0000] {logging_mixin.py:151} INFO - #>2024-07-03 14:48:17.792008_User@StatDep: get_for_recent_emails is started...
[2024-07-03T14:48:17.801+0000] {logging_mixin.py:151} INFO - #>2024-07-03 14:48:17.801473_User@StatDep: pop3_fetch_emails isstarted...
[2024-07-03T14:48:18.169+0000] {logging_mixin.py:151} INFO -    b'+OK'
[2024-07-03T14:48:18.469+0000] {logging_mixin.py:151} INFO -    mailbox have 0 emails and the robot can process 10
[2024-07-03T14:48:18.470+0000] {logging_mixin.py:151} INFO - #>2024-07-03 14:48:18.470009_User@StatDep: no emails to process, exiting pop3_fetch_emails()...
[2024-07-03T14:48:18.470+0000] {python.py:194} INFO - Done. Returned value was: True
[2024-07-03T14:48:18.520+0000] {taskinstance.py:1400} INFO - Marking task as SUCCESS. dag_id=reports_workflow, task_id=id_task_get_emails, execution_date=20240703T120000, start_date=20240703T144817, end_date=20240703T144818
[2024-07-03T14:48:18.590+0000] {local_task_job_runner.py:228} INFO - Task exited with return code 0
[2024-07-03T14:48:18.616+0000] {taskinstance.py:2784} INFO - 1 downstream tasks scheduled from follow-on schedule check
[2024-07-03T14:55:31.918+0000] {taskinstance.py:1159} INFO - Dependencies all met for dep_context=non-requeueable deps ti=<TaskInstance: reports_workflow.id_task_get_emails scheduled__2024-07-03T12:00:00+00:00 [queued]>
[2024-07-03T14:55:31.931+0000] {taskinstance.py:1159} INFO - Dependencies all met for dep_context=requeueable deps ti=<TaskInstance: reports_workflow.id_task_get_emails scheduled__2024-07-03T12:00:00+00:00 [queued]>
[2024-07-03T14:55:31.938+0000] {taskinstance.py:1361} INFO - Starting attempt 1 of 2
[2024-07-03T14:55:31.960+0000] {taskinstance.py:1382} INFO - Executing <Task(PythonOperator): id_task_get_emails> on 2024-07-03 12:00:00+00:00
[2024-07-03T14:55:31.966+0000] {standard_task_runner.py:57} INFO - Started process 28991 to run task
[2024-07-03T14:55:31.990+0000] {standard_task_runner.py:84} INFO - Running: ['***', 'tasks', 'run', 'reports_workflow', 'id_task_get_emails', 'scheduled__2024-07-03T12:00:00+00:00', '--job-id', '2313', '--raw', '--subdir', 'DAGS_FOLDER/dag_email_robot.py', '--cfg-path', '/tmp/tmpga50zqen']
[2024-07-03T14:55:31.995+0000] {standard_task_runner.py:85} INFO - Job 2313: Subtask id_task_get_emails
[2024-07-03T14:55:32.094+0000] {task_command.py:415} INFO - Running <TaskInstance: reports_workflow.id_task_get_emails scheduled__2024-07-03T12:00:00+00:00 [running]> on host 6f4ef5488251
[2024-07-03T14:55:32.221+0000] {taskinstance.py:1660} INFO - Exporting env vars: AIRFLOW_CTX_DAG_OWNER='FIRDAVS' AIRFLOW_CTX_DAG_ID='reports_workflow' AIRFLOW_CTX_TASK_ID='id_task_get_emails' AIRFLOW_CTX_EXECUTION_DATE='2024-07-03T12:00:00+00:00' AIRFLOW_CTX_TRY_NUMBER='1' AIRFLOW_CTX_DAG_RUN_ID='scheduled__2024-07-03T12:00:00+00:00'
[2024-07-03T14:55:32.222+0000] {logging_mixin.py:151} INFO - path of config file:  /opt/***
[2024-07-03T14:55:32.222+0000] {logging_mixin.py:151} INFO - #>2024-07-03 14:55:32.222617_User@StatDep: EmailRobot in screated.
[2024-07-03T14:55:32.222+0000] {logging_mixin.py:151} INFO - #>2024-07-03 14:55:32.222799_User@StatDep: get_for_recent_emails is started...
[2024-07-03T14:55:32.222+0000] {logging_mixin.py:151} INFO - #>2024-07-03 14:55:32.222940_User@StatDep: pop3_fetch_emails isstarted...
[2024-07-03T14:55:32.629+0000] {logging_mixin.py:151} INFO -    b'+OK'
[2024-07-03T14:55:32.912+0000] {logging_mixin.py:151} INFO -    mailbox have 0 emails and the robot can process 10
[2024-07-03T14:55:32.912+0000] {logging_mixin.py:151} INFO - #>2024-07-03 14:55:32.912594_User@StatDep: no emails to process, exiting pop3_fetch_emails()...
[2024-07-03T14:55:32.913+0000] {python.py:194} INFO - Done. Returned value was: True
[2024-07-03T14:55:32.947+0000] {taskinstance.py:1400} INFO - Marking task as SUCCESS. dag_id=reports_workflow, task_id=id_task_get_emails, execution_date=20240703T120000, start_date=20240703T145531, end_date=20240703T145532
[2024-07-03T14:55:33.040+0000] {local_task_job_runner.py:228} INFO - Task exited with return code 0
[2024-07-03T14:55:33.094+0000] {taskinstance.py:2784} INFO - 1 downstream tasks scheduled from follow-on schedule check
