[2024-07-08T09:40:01.948+0000] {taskinstance.py:1159} INFO - Dependencies all met for dep_context=non-requeueable deps ti=<TaskInstance: reports_workflow.id_task_get_emails scheduled__2024-07-08T09:35:00+00:00 [queued]>
[2024-07-08T09:40:01.955+0000] {taskinstance.py:1159} INFO - Dependencies all met for dep_context=requeueable deps ti=<TaskInstance: reports_workflow.id_task_get_emails scheduled__2024-07-08T09:35:00+00:00 [queued]>
[2024-07-08T09:40:01.955+0000] {taskinstance.py:1361} INFO - Starting attempt 1 of 2
[2024-07-08T09:40:01.966+0000] {taskinstance.py:1382} INFO - Executing <Task(PythonOperator): id_task_get_emails> on 2024-07-08 09:35:00+00:00
[2024-07-08T09:40:01.972+0000] {standard_task_runner.py:57} INFO - Started process 7042 to run task
[2024-07-08T09:40:01.982+0000] {standard_task_runner.py:84} INFO - Running: ['***', 'tasks', 'run', 'reports_workflow', 'id_task_get_emails', 'scheduled__2024-07-08T09:35:00+00:00', '--job-id', '3680', '--raw', '--subdir', 'DAGS_FOLDER/dag_email_robot.py', '--cfg-path', '/tmp/tmpuwgbpl7y']
[2024-07-08T09:40:01.987+0000] {standard_task_runner.py:85} INFO - Job 3680: Subtask id_task_get_emails
[2024-07-08T09:40:02.065+0000] {task_command.py:415} INFO - Running <TaskInstance: reports_workflow.id_task_get_emails scheduled__2024-07-08T09:35:00+00:00 [running]> on host 6f4ef5488251
[2024-07-08T09:40:02.183+0000] {taskinstance.py:1660} INFO - Exporting env vars: AIRFLOW_CTX_DAG_OWNER='FIRDAVS' AIRFLOW_CTX_DAG_ID='reports_workflow' AIRFLOW_CTX_TASK_ID='id_task_get_emails' AIRFLOW_CTX_EXECUTION_DATE='2024-07-08T09:35:00+00:00' AIRFLOW_CTX_TRY_NUMBER='1' AIRFLOW_CTX_DAG_RUN_ID='scheduled__2024-07-08T09:35:00+00:00'
[2024-07-08T09:40:02.184+0000] {logging_mixin.py:151} INFO - path of config file:  /opt/***
[2024-07-08T09:40:02.185+0000] {logging_mixin.py:151} INFO - #>2024-07-08 09:40:02.185319_User@StatDep: EmailRobot in screated.
[2024-07-08T09:40:02.185+0000] {logging_mixin.py:151} INFO - #>2024-07-08 09:40:02.185495_User@StatDep: get_for_recent_emails is started...
[2024-07-08T09:40:02.185+0000] {logging_mixin.py:151} INFO - #>2024-07-08 09:40:02.185617_User@StatDep: pop3_fetch_emails isstarted...
[2024-07-08T09:40:02.649+0000] {logging_mixin.py:151} INFO -    b'+OK'
[2024-07-08T09:40:02.936+0000] {logging_mixin.py:151} INFO -    mailbox have 0 emails and the robot can process 10
[2024-07-08T09:40:02.937+0000] {logging_mixin.py:151} INFO - #>2024-07-08 09:40:02.937290_User@StatDep: no emails to process, exiting pop3_fetch_emails()...
[2024-07-08T09:40:02.938+0000] {python.py:194} INFO - Done. Returned value was: True
[2024-07-08T09:40:02.971+0000] {taskinstance.py:1400} INFO - Marking task as SUCCESS. dag_id=reports_workflow, task_id=id_task_get_emails, execution_date=20240708T093500, start_date=20240708T094001, end_date=20240708T094002
[2024-07-08T09:40:02.994+0000] {local_task_job_runner.py:228} INFO - Task exited with return code 0
[2024-07-08T09:40:03.025+0000] {taskinstance.py:2784} INFO - 1 downstream tasks scheduled from follow-on schedule check
[2024-07-08T10:23:19.657+0000] {taskinstance.py:1159} INFO - Dependencies all met for dep_context=non-requeueable deps ti=<TaskInstance: reports_workflow.id_task_get_emails scheduled__2024-07-08T09:35:00+00:00 [queued]>
[2024-07-08T10:23:19.676+0000] {taskinstance.py:1159} INFO - Dependencies all met for dep_context=requeueable deps ti=<TaskInstance: reports_workflow.id_task_get_emails scheduled__2024-07-08T09:35:00+00:00 [queued]>
[2024-07-08T10:23:19.677+0000] {taskinstance.py:1361} INFO - Starting attempt 1 of 2
[2024-07-08T10:23:19.700+0000] {taskinstance.py:1382} INFO - Executing <Task(PythonOperator): id_task_get_emails> on 2024-07-08 09:35:00+00:00
[2024-07-08T10:23:19.706+0000] {standard_task_runner.py:57} INFO - Started process 8340 to run task
[2024-07-08T10:23:19.720+0000] {standard_task_runner.py:84} INFO - Running: ['***', 'tasks', 'run', 'reports_workflow', 'id_task_get_emails', 'scheduled__2024-07-08T09:35:00+00:00', '--job-id', '3897', '--raw', '--subdir', 'DAGS_FOLDER/dag_email_robot.py', '--cfg-path', '/tmp/tmpb_zqhs1_']
[2024-07-08T10:23:19.724+0000] {standard_task_runner.py:85} INFO - Job 3897: Subtask id_task_get_emails
[2024-07-08T10:23:19.827+0000] {task_command.py:415} INFO - Running <TaskInstance: reports_workflow.id_task_get_emails scheduled__2024-07-08T09:35:00+00:00 [running]> on host 6f4ef5488251
[2024-07-08T10:23:19.954+0000] {taskinstance.py:1660} INFO - Exporting env vars: AIRFLOW_CTX_DAG_OWNER='FIRDAVS' AIRFLOW_CTX_DAG_ID='reports_workflow' AIRFLOW_CTX_TASK_ID='id_task_get_emails' AIRFLOW_CTX_EXECUTION_DATE='2024-07-08T09:35:00+00:00' AIRFLOW_CTX_TRY_NUMBER='1' AIRFLOW_CTX_DAG_RUN_ID='scheduled__2024-07-08T09:35:00+00:00'
[2024-07-08T10:23:19.956+0000] {logging_mixin.py:151} INFO - path of config file:  /opt/***
[2024-07-08T10:23:19.956+0000] {logging_mixin.py:151} INFO - #>2024-07-08 10:23:19.956619_User@StatDep: EmailRobot in screated.
[2024-07-08T10:23:19.956+0000] {logging_mixin.py:151} INFO - #>2024-07-08 10:23:19.956818_User@StatDep: get_for_recent_emails is started...
[2024-07-08T10:23:19.956+0000] {logging_mixin.py:151} INFO - #>2024-07-08 10:23:19.956957_User@StatDep: pop3_fetch_emails isstarted...
[2024-07-08T10:23:20.324+0000] {logging_mixin.py:151} INFO -    b'+OK'
[2024-07-08T10:23:20.689+0000] {logging_mixin.py:151} INFO -    mailbox have 0 emails and the robot can process 10
[2024-07-08T10:23:20.689+0000] {logging_mixin.py:151} INFO - #>2024-07-08 10:23:20.689872_User@StatDep: no emails to process, exiting pop3_fetch_emails()...
[2024-07-08T10:23:20.691+0000] {python.py:194} INFO - Done. Returned value was: True
[2024-07-08T10:23:20.729+0000] {taskinstance.py:1400} INFO - Marking task as SUCCESS. dag_id=reports_workflow, task_id=id_task_get_emails, execution_date=20240708T093500, start_date=20240708T102319, end_date=20240708T102320
[2024-07-08T10:23:20.788+0000] {local_task_job_runner.py:228} INFO - Task exited with return code 0
[2024-07-08T10:23:20.821+0000] {taskinstance.py:2784} INFO - 1 downstream tasks scheduled from follow-on schedule check
