[2024-07-03T09:57:19.890+0000] {taskinstance.py:1159} INFO - Dependencies all met for dep_context=non-requeueable deps ti=<TaskInstance: reports_workflow.id_task_get_emails scheduled__2024-07-02T07:45:00+00:00 [queued]>
[2024-07-03T09:57:19.901+0000] {taskinstance.py:1159} INFO - Dependencies all met for dep_context=requeueable deps ti=<TaskInstance: reports_workflow.id_task_get_emails scheduled__2024-07-02T07:45:00+00:00 [queued]>
[2024-07-03T09:57:19.901+0000] {taskinstance.py:1361} INFO - Starting attempt 1 of 1
[2024-07-03T09:57:19.916+0000] {taskinstance.py:1382} INFO - Executing <Task(PythonOperator): id_task_get_emails> on 2024-07-02 07:45:00+00:00
[2024-07-03T09:57:19.922+0000] {standard_task_runner.py:57} INFO - Started process 20515 to run task
[2024-07-03T09:57:19.929+0000] {standard_task_runner.py:84} INFO - Running: ['***', 'tasks', 'run', 'reports_workflow', 'id_task_get_emails', 'scheduled__2024-07-02T07:45:00+00:00', '--job-id', '337', '--raw', '--subdir', 'DAGS_FOLDER/dag_email_robot.py', '--cfg-path', '/tmp/tmp9hdsb6xv']
[2024-07-03T09:57:19.930+0000] {standard_task_runner.py:85} INFO - Job 337: Subtask id_task_get_emails
[2024-07-03T09:57:19.990+0000] {task_command.py:415} INFO - Running <TaskInstance: reports_workflow.id_task_get_emails scheduled__2024-07-02T07:45:00+00:00 [running]> on host 6f4ef5488251
[2024-07-03T09:57:20.082+0000] {taskinstance.py:1660} INFO - Exporting env vars: AIRFLOW_CTX_DAG_OWNER='FIRDAVS' AIRFLOW_CTX_DAG_ID='reports_workflow' AIRFLOW_CTX_TASK_ID='id_task_get_emails' AIRFLOW_CTX_EXECUTION_DATE='2024-07-02T07:45:00+00:00' AIRFLOW_CTX_TRY_NUMBER='1' AIRFLOW_CTX_DAG_RUN_ID='scheduled__2024-07-02T07:45:00+00:00'
[2024-07-03T09:57:20.083+0000] {logging_mixin.py:151} INFO - path of config file:  /opt/***
[2024-07-03T09:57:20.084+0000] {taskinstance.py:1943} ERROR - Task failed with exception
Traceback (most recent call last):
  File "/home/airflow/.local/lib/python3.8/site-packages/airflow/operators/python.py", line 192, in execute
    return_value = self.execute_callable()
  File "/home/airflow/.local/lib/python3.8/site-packages/airflow/operators/python.py", line 209, in execute_callable
    return self.python_callable(*self.op_args, **self.op_kwargs)
  File "/opt/airflow/dags/dag_email_robot.py", line 22, in get_emails
    email_conf = json.load (open(path / ("config/email_conf.json")))
NameError: name 'json' is not defined
[2024-07-03T09:57:20.096+0000] {taskinstance.py:1400} INFO - Marking task as FAILED. dag_id=reports_workflow, task_id=id_task_get_emails, execution_date=20240702T074500, start_date=20240703T095719, end_date=20240703T095720
[2024-07-03T09:57:20.110+0000] {standard_task_runner.py:104} ERROR - Failed to execute job 337 for task id_task_get_emails (name 'json' is not defined; 20515)
[2024-07-03T09:57:20.150+0000] {local_task_job_runner.py:228} INFO - Task exited with return code 1
[2024-07-03T09:57:20.168+0000] {taskinstance.py:2784} INFO - 0 downstream tasks scheduled from follow-on schedule check
[2024-07-03T12:04:53.511+0000] {taskinstance.py:1159} INFO - Dependencies all met for dep_context=non-requeueable deps ti=<TaskInstance: reports_workflow.id_task_get_emails scheduled__2024-07-02T07:45:00+00:00 [queued]>
[2024-07-03T12:04:53.526+0000] {taskinstance.py:1159} INFO - Dependencies all met for dep_context=requeueable deps ti=<TaskInstance: reports_workflow.id_task_get_emails scheduled__2024-07-02T07:45:00+00:00 [queued]>
[2024-07-03T12:04:53.527+0000] {taskinstance.py:1361} INFO - Starting attempt 1 of 1
[2024-07-03T12:04:53.554+0000] {taskinstance.py:1382} INFO - Executing <Task(PythonOperator): id_task_get_emails> on 2024-07-02 07:45:00+00:00
[2024-07-03T12:04:53.560+0000] {standard_task_runner.py:57} INFO - Started process 23329 to run task
[2024-07-03T12:04:53.586+0000] {standard_task_runner.py:84} INFO - Running: ['***', 'tasks', 'run', 'reports_workflow', 'id_task_get_emails', 'scheduled__2024-07-02T07:45:00+00:00', '--job-id', '779', '--raw', '--subdir', 'DAGS_FOLDER/dag_email_robot.py', '--cfg-path', '/tmp/tmp6el3a_p9']
[2024-07-03T12:04:53.589+0000] {standard_task_runner.py:85} INFO - Job 779: Subtask id_task_get_emails
[2024-07-03T12:04:53.679+0000] {task_command.py:415} INFO - Running <TaskInstance: reports_workflow.id_task_get_emails scheduled__2024-07-02T07:45:00+00:00 [running]> on host 6f4ef5488251
[2024-07-03T12:04:53.789+0000] {taskinstance.py:1660} INFO - Exporting env vars: AIRFLOW_CTX_DAG_OWNER='FIRDAVS' AIRFLOW_CTX_DAG_ID='reports_workflow' AIRFLOW_CTX_TASK_ID='id_task_get_emails' AIRFLOW_CTX_EXECUTION_DATE='2024-07-02T07:45:00+00:00' AIRFLOW_CTX_TRY_NUMBER='1' AIRFLOW_CTX_DAG_RUN_ID='scheduled__2024-07-02T07:45:00+00:00'
[2024-07-03T12:04:53.790+0000] {logging_mixin.py:151} INFO - path of config file:  /opt/***
[2024-07-03T12:04:53.791+0000] {logging_mixin.py:151} INFO - #>2024-07-03 12:04:53.791075_User@StatDep: EmailRobot in screated.
[2024-07-03T12:04:53.791+0000] {logging_mixin.py:151} INFO - #>2024-07-03 12:04:53.791280_User@StatDep: get_for_recent_emails is started...
[2024-07-03T12:04:53.791+0000] {logging_mixin.py:151} INFO - #>2024-07-03 12:04:53.791418_User@StatDep: pop3_fetch_emails isstarted...
[2024-07-03T12:04:54.196+0000] {logging_mixin.py:151} INFO -    b'+OK'
[2024-07-03T12:04:54.655+0000] {logging_mixin.py:151} INFO -    mailbox have 1 emails and the robot can process 10
[2024-07-03T12:04:55.105+0000] {logging_mixin.py:151} INFO -    #>2024-07-03 12:04:55.105489_conneciton to db is set.
[2024-07-03T12:04:55.112+0000] {taskinstance.py:1943} ERROR - Task failed with exception
Traceback (most recent call last):
  File "/home/airflow/.local/lib/python3.8/site-packages/airflow/operators/python.py", line 192, in execute
    return_value = self.execute_callable()
  File "/home/airflow/.local/lib/python3.8/site-packages/airflow/operators/python.py", line 209, in execute_callable
    return self.python_callable(*self.op_args, **self.op_kwargs)
  File "/opt/airflow/dags/dag_email_robot.py", line 25, in get_emails
    robot.fetch_emails()
  File "/opt/airflow/dags/emailRobot.py", line 62, in fetch_emails
    return self.pop3_fetch_emails()
  File "/opt/airflow/dags/emailRobot.py", line 156, in pop3_fetch_emails
    cursor.execute (query, insert_values)
psycopg2.errors.UndefinedTable: relation "sma_stat_dep.tbl_file_upload" does not exist
LINE 1: ...) AS (INSERT INTO                                 sma_stat_d...
                                                             ^

[2024-07-03T12:04:55.121+0000] {taskinstance.py:1400} INFO - Marking task as FAILED. dag_id=reports_workflow, task_id=id_task_get_emails, execution_date=20240702T074500, start_date=20240703T120453, end_date=20240703T120455
[2024-07-03T12:04:55.157+0000] {standard_task_runner.py:104} ERROR - Failed to execute job 779 for task id_task_get_emails (relation "sma_stat_dep.tbl_file_upload" does not exist
LINE 1: ...) AS (INSERT INTO                                 sma_stat_d...
                                                             ^
; 23329)
[2024-07-03T12:04:55.173+0000] {local_task_job_runner.py:228} INFO - Task exited with return code 1
[2024-07-03T12:04:55.196+0000] {taskinstance.py:2784} INFO - 0 downstream tasks scheduled from follow-on schedule check
[2024-07-03T12:22:41.972+0000] {taskinstance.py:1159} INFO - Dependencies all met for dep_context=non-requeueable deps ti=<TaskInstance: reports_workflow.id_task_get_emails scheduled__2024-07-02T07:45:00+00:00 [queued]>
[2024-07-03T12:22:42.009+0000] {taskinstance.py:1159} INFO - Dependencies all met for dep_context=requeueable deps ti=<TaskInstance: reports_workflow.id_task_get_emails scheduled__2024-07-02T07:45:00+00:00 [queued]>
[2024-07-03T12:22:42.009+0000] {taskinstance.py:1361} INFO - Starting attempt 1 of 1
[2024-07-03T12:22:42.061+0000] {taskinstance.py:1382} INFO - Executing <Task(PythonOperator): id_task_get_emails> on 2024-07-02 07:45:00+00:00
[2024-07-03T12:22:42.071+0000] {standard_task_runner.py:57} INFO - Started process 24183 to run task
[2024-07-03T12:22:42.087+0000] {standard_task_runner.py:84} INFO - Running: ['***', 'tasks', 'run', 'reports_workflow', 'id_task_get_emails', 'scheduled__2024-07-02T07:45:00+00:00', '--job-id', '1067', '--raw', '--subdir', 'DAGS_FOLDER/dag_email_robot.py', '--cfg-path', '/tmp/tmpr77w45nl']
[2024-07-03T12:22:42.088+0000] {standard_task_runner.py:85} INFO - Job 1067: Subtask id_task_get_emails
[2024-07-03T12:22:42.172+0000] {task_command.py:415} INFO - Running <TaskInstance: reports_workflow.id_task_get_emails scheduled__2024-07-02T07:45:00+00:00 [running]> on host 6f4ef5488251
[2024-07-03T12:22:42.322+0000] {taskinstance.py:1660} INFO - Exporting env vars: AIRFLOW_CTX_DAG_OWNER='FIRDAVS' AIRFLOW_CTX_DAG_ID='reports_workflow' AIRFLOW_CTX_TASK_ID='id_task_get_emails' AIRFLOW_CTX_EXECUTION_DATE='2024-07-02T07:45:00+00:00' AIRFLOW_CTX_TRY_NUMBER='1' AIRFLOW_CTX_DAG_RUN_ID='scheduled__2024-07-02T07:45:00+00:00'
[2024-07-03T12:22:42.325+0000] {logging_mixin.py:151} INFO - path of config file:  /opt/***
[2024-07-03T12:22:42.326+0000] {logging_mixin.py:151} INFO - #>2024-07-03 12:22:42.326522_User@StatDep: EmailRobot in screated.
[2024-07-03T12:22:42.326+0000] {logging_mixin.py:151} INFO - #>2024-07-03 12:22:42.326724_User@StatDep: get_for_recent_emails is started...
[2024-07-03T12:22:42.326+0000] {logging_mixin.py:151} INFO - #>2024-07-03 12:22:42.326856_User@StatDep: pop3_fetch_emails isstarted...
[2024-07-03T12:24:51.876+0000] {taskinstance.py:1943} ERROR - Task failed with exception
Traceback (most recent call last):
  File "/home/airflow/.local/lib/python3.8/site-packages/airflow/operators/python.py", line 192, in execute
    return_value = self.execute_callable()
  File "/home/airflow/.local/lib/python3.8/site-packages/airflow/operators/python.py", line 209, in execute_callable
    return self.python_callable(*self.op_args, **self.op_kwargs)
  File "/opt/airflow/dags/dag_email_robot.py", line 25, in get_emails
    robot.fetch_emails()
  File "/opt/airflow/dags/emailRobot.py", line 62, in fetch_emails
    return self.pop3_fetch_emails()
  File "/opt/airflow/dags/emailRobot.py", line 77, in pop3_fetch_emails
    mail = poplib.POP3_SSL(self.host)
  File "/usr/local/lib/python3.8/poplib.py", line 450, in __init__
    POP3.__init__(self, host, port, timeout)
  File "/usr/local/lib/python3.8/poplib.py", line 104, in __init__
    self.sock = self._create_socket(timeout)
  File "/usr/local/lib/python3.8/poplib.py", line 453, in _create_socket
    sock = POP3._create_socket(self, timeout)
  File "/usr/local/lib/python3.8/poplib.py", line 110, in _create_socket
    return socket.create_connection((self.host, self.port), timeout)
  File "/usr/local/lib/python3.8/socket.py", line 808, in create_connection
    raise err
  File "/usr/local/lib/python3.8/socket.py", line 796, in create_connection
    sock.connect(sa)
TimeoutError: [Errno 110] Connection timed out
[2024-07-03T12:24:52.167+0000] {taskinstance.py:1400} INFO - Marking task as FAILED. dag_id=reports_workflow, task_id=id_task_get_emails, execution_date=20240702T074500, start_date=20240703T122241, end_date=20240703T122452
[2024-07-03T12:24:52.180+0000] {standard_task_runner.py:104} ERROR - Failed to execute job 1067 for task id_task_get_emails ([Errno 110] Connection timed out; 24183)
[2024-07-03T12:24:52.202+0000] {local_task_job_runner.py:228} INFO - Task exited with return code 1
[2024-07-03T12:24:52.223+0000] {taskinstance.py:2784} INFO - 0 downstream tasks scheduled from follow-on schedule check
