[2024-07-03T10:00:05.803+0000] {taskinstance.py:1159} INFO - Dependencies all met for dep_context=non-requeueable deps ti=<TaskInstance: reports_workflow.id_task_get_emails scheduled__2024-07-03T09:35:00+00:00 [queued]>
[2024-07-03T10:00:05.812+0000] {taskinstance.py:1159} INFO - Dependencies all met for dep_context=requeueable deps ti=<TaskInstance: reports_workflow.id_task_get_emails scheduled__2024-07-03T09:35:00+00:00 [queued]>
[2024-07-03T10:00:05.813+0000] {taskinstance.py:1361} INFO - Starting attempt 1 of 1
[2024-07-03T10:00:05.825+0000] {taskinstance.py:1382} INFO - Executing <Task(PythonOperator): id_task_get_emails> on 2024-07-03 09:35:00+00:00
[2024-07-03T10:00:05.829+0000] {standard_task_runner.py:57} INFO - Started process 21180 to run task
[2024-07-03T10:00:05.835+0000] {standard_task_runner.py:84} INFO - Running: ['***', 'tasks', 'run', 'reports_workflow', 'id_task_get_emails', 'scheduled__2024-07-03T09:35:00+00:00', '--job-id', '650', '--raw', '--subdir', 'DAGS_FOLDER/dag_email_robot.py', '--cfg-path', '/tmp/tmpq1okl_oq']
[2024-07-03T10:00:05.839+0000] {standard_task_runner.py:85} INFO - Job 650: Subtask id_task_get_emails
[2024-07-03T10:00:05.911+0000] {task_command.py:415} INFO - Running <TaskInstance: reports_workflow.id_task_get_emails scheduled__2024-07-03T09:35:00+00:00 [running]> on host 6f4ef5488251
[2024-07-03T10:00:06.010+0000] {taskinstance.py:1660} INFO - Exporting env vars: AIRFLOW_CTX_DAG_OWNER='FIRDAVS' AIRFLOW_CTX_DAG_ID='reports_workflow' AIRFLOW_CTX_TASK_ID='id_task_get_emails' AIRFLOW_CTX_EXECUTION_DATE='2024-07-03T09:35:00+00:00' AIRFLOW_CTX_TRY_NUMBER='1' AIRFLOW_CTX_DAG_RUN_ID='scheduled__2024-07-03T09:35:00+00:00'
[2024-07-03T10:00:06.011+0000] {logging_mixin.py:151} INFO - path of config file:  /opt/***
[2024-07-03T10:00:06.011+0000] {logging_mixin.py:151} INFO - #>2024-07-03 10:00:06.011742_User@StatDep: EmailRobot in screated.
[2024-07-03T10:00:06.011+0000] {logging_mixin.py:151} INFO - #>2024-07-03 10:00:06.011955_User@StatDep: get_for_recent_emails is started...
[2024-07-03T10:00:06.012+0000] {logging_mixin.py:151} INFO - #>2024-07-03 10:00:06.012111_User@StatDep: pop3_fetch_emails isstarted...
[2024-07-03T10:00:06.386+0000] {logging_mixin.py:151} INFO -    b'+OK'
[2024-07-03T10:00:06.690+0000] {logging_mixin.py:151} INFO -    mailbox have 0 emails and the robot can process 10
[2024-07-03T10:00:06.690+0000] {logging_mixin.py:151} INFO - #>2024-07-03 10:00:06.690451_User@StatDep: no emails to process, exiting pop3_fetch_emails()...
[2024-07-03T10:00:06.691+0000] {python.py:194} INFO - Done. Returned value was: True
[2024-07-03T10:00:06.726+0000] {taskinstance.py:1400} INFO - Marking task as SUCCESS. dag_id=reports_workflow, task_id=id_task_get_emails, execution_date=20240703T093500, start_date=20240703T100005, end_date=20240703T100006
[2024-07-03T10:00:06.772+0000] {local_task_job_runner.py:228} INFO - Task exited with return code 0
[2024-07-03T10:00:06.801+0000] {taskinstance.py:2784} INFO - 0 downstream tasks scheduled from follow-on schedule check
