[2024-07-29T12:10:09.692+0000] {taskinstance.py:1159} INFO - Dependencies all met for dep_context=non-requeueable deps ti=<TaskInstance: reports_workflow.id_task_get_emails manual__2024-07-29T12:10:08.101510+00:00 [queued]>
[2024-07-29T12:10:09.700+0000] {taskinstance.py:1159} INFO - Dependencies all met for dep_context=requeueable deps ti=<TaskInstance: reports_workflow.id_task_get_emails manual__2024-07-29T12:10:08.101510+00:00 [queued]>
[2024-07-29T12:10:09.700+0000] {taskinstance.py:1361} INFO - Starting attempt 1 of 2
[2024-07-29T12:10:09.713+0000] {taskinstance.py:1382} INFO - Executing <Task(PythonOperator): id_task_get_emails> on 2024-07-29 12:10:08.101510+00:00
[2024-07-29T12:10:09.719+0000] {standard_task_runner.py:57} INFO - Started process 7881 to run task
[2024-07-29T12:10:09.724+0000] {standard_task_runner.py:84} INFO - Running: ['***', 'tasks', 'run', 'reports_workflow', 'id_task_get_emails', 'manual__2024-07-29T12:10:08.101510+00:00', '--job-id', '270', '--raw', '--subdir', 'DAGS_FOLDER/dag_stat_report.py', '--cfg-path', '/tmp/tmp3w_9o40q']
[2024-07-29T12:10:09.728+0000] {standard_task_runner.py:85} INFO - Job 270: Subtask id_task_get_emails
[2024-07-29T12:10:09.782+0000] {task_command.py:415} INFO - Running <TaskInstance: reports_workflow.id_task_get_emails manual__2024-07-29T12:10:08.101510+00:00 [running]> on host 3fb5581aee62
[2024-07-29T12:10:09.861+0000] {taskinstance.py:1660} INFO - Exporting env vars: AIRFLOW_CTX_DAG_OWNER='FIRDAVS' AIRFLOW_CTX_DAG_ID='reports_workflow' AIRFLOW_CTX_TASK_ID='id_task_get_emails' AIRFLOW_CTX_EXECUTION_DATE='2024-07-29T12:10:08.101510+00:00' AIRFLOW_CTX_TRY_NUMBER='1' AIRFLOW_CTX_DAG_RUN_ID='manual__2024-07-29T12:10:08.101510+00:00'
[2024-07-29T12:10:09.863+0000] {logging_mixin.py:151} INFO - path of config file:  /opt/***
[2024-07-29T12:10:09.864+0000] {logging_mixin.py:151} INFO - #>2024-07-29 12:10:09.864390_User@StatDep: EmailRobot in screated.
[2024-07-29T12:10:09.864+0000] {logging_mixin.py:151} INFO - #>2024-07-29 12:10:09.864603_User@StatDep: get_for_recent_emails is started...
[2024-07-29T12:10:09.864+0000] {logging_mixin.py:151} INFO - #>2024-07-29 12:10:09.864742_User@StatDep: pop3_fetch_emails isstarted...
[2024-07-29T12:10:10.249+0000] {logging_mixin.py:151} INFO -    b'+OK'
[2024-07-29T12:10:10.563+0000] {logging_mixin.py:151} INFO -    mailbox have 0 emails and the robot can process 10
[2024-07-29T12:10:10.564+0000] {logging_mixin.py:151} INFO - #>2024-07-29 12:10:10.563960_User@StatDep: no emails to process, exiting pop3_fetch_emails()...
[2024-07-29T12:10:10.564+0000] {python.py:194} INFO - Done. Returned value was: True
[2024-07-29T12:10:10.601+0000] {taskinstance.py:1400} INFO - Marking task as SUCCESS. dag_id=reports_workflow, task_id=id_task_get_emails, execution_date=20240729T121008, start_date=20240729T121009, end_date=20240729T121010
[2024-07-29T12:10:10.620+0000] {local_task_job_runner.py:228} INFO - Task exited with return code 0
[2024-07-29T12:10:10.642+0000] {taskinstance.py:2784} INFO - 1 downstream tasks scheduled from follow-on schedule check
