[2024-07-03T09:58:21.326+0000] {taskinstance.py:1159} INFO - Dependencies all met for dep_context=non-requeueable deps ti=<TaskInstance: reports_workflow.id_task_get_emails scheduled__2024-07-02T18:00:00+00:00 [queued]>
[2024-07-03T09:58:21.334+0000] {taskinstance.py:1159} INFO - Dependencies all met for dep_context=requeueable deps ti=<TaskInstance: reports_workflow.id_task_get_emails scheduled__2024-07-02T18:00:00+00:00 [queued]>
[2024-07-03T09:58:21.334+0000] {taskinstance.py:1361} INFO - Starting attempt 1 of 1
[2024-07-03T09:58:21.348+0000] {taskinstance.py:1382} INFO - Executing <Task(PythonOperator): id_task_get_emails> on 2024-07-02 18:00:00+00:00
[2024-07-03T09:58:21.356+0000] {standard_task_runner.py:57} INFO - Started process 20774 to run task
[2024-07-03T09:58:21.369+0000] {standard_task_runner.py:84} INFO - Running: ['***', 'tasks', 'run', 'reports_workflow', 'id_task_get_emails', 'scheduled__2024-07-02T18:00:00+00:00', '--job-id', '462', '--raw', '--subdir', 'DAGS_FOLDER/dag_email_robot.py', '--cfg-path', '/tmp/tmp1qy8nk58']
[2024-07-03T09:58:21.371+0000] {standard_task_runner.py:85} INFO - Job 462: Subtask id_task_get_emails
[2024-07-03T09:58:21.454+0000] {task_command.py:415} INFO - Running <TaskInstance: reports_workflow.id_task_get_emails scheduled__2024-07-02T18:00:00+00:00 [running]> on host 6f4ef5488251
[2024-07-03T09:58:21.549+0000] {taskinstance.py:1660} INFO - Exporting env vars: AIRFLOW_CTX_DAG_OWNER='FIRDAVS' AIRFLOW_CTX_DAG_ID='reports_workflow' AIRFLOW_CTX_TASK_ID='id_task_get_emails' AIRFLOW_CTX_EXECUTION_DATE='2024-07-02T18:00:00+00:00' AIRFLOW_CTX_TRY_NUMBER='1' AIRFLOW_CTX_DAG_RUN_ID='scheduled__2024-07-02T18:00:00+00:00'
[2024-07-03T09:58:21.550+0000] {logging_mixin.py:151} INFO - path of config file:  /opt/***
[2024-07-03T09:58:21.550+0000] {logging_mixin.py:151} INFO - #>2024-07-03 09:58:21.550937_User@StatDep: EmailRobot in screated.
[2024-07-03T09:58:21.551+0000] {logging_mixin.py:151} INFO - #>2024-07-03 09:58:21.551140_User@StatDep: get_for_recent_emails is started...
[2024-07-03T09:58:21.551+0000] {logging_mixin.py:151} INFO - #>2024-07-03 09:58:21.551257_User@StatDep: pop3_fetch_emails isstarted...
[2024-07-03T09:58:21.935+0000] {logging_mixin.py:151} INFO -    b'+OK'
[2024-07-03T09:58:22.250+0000] {logging_mixin.py:151} INFO -    mailbox have 0 emails and the robot can process 10
[2024-07-03T09:58:22.250+0000] {logging_mixin.py:151} INFO - #>2024-07-03 09:58:22.250373_User@StatDep: no emails to process, exiting pop3_fetch_emails()...
[2024-07-03T09:58:22.250+0000] {python.py:194} INFO - Done. Returned value was: True
[2024-07-03T09:58:22.273+0000] {taskinstance.py:1400} INFO - Marking task as SUCCESS. dag_id=reports_workflow, task_id=id_task_get_emails, execution_date=20240702T180000, start_date=20240703T095821, end_date=20240703T095822
[2024-07-03T09:58:22.308+0000] {local_task_job_runner.py:228} INFO - Task exited with return code 0
[2024-07-03T09:58:22.329+0000] {taskinstance.py:2784} INFO - 0 downstream tasks scheduled from follow-on schedule check
[2024-07-03T12:28:33.352+0000] {taskinstance.py:1159} INFO - Dependencies all met for dep_context=non-requeueable deps ti=<TaskInstance: reports_workflow.id_task_get_emails scheduled__2024-07-02T18:00:00+00:00 [queued]>
[2024-07-03T12:28:33.386+0000] {taskinstance.py:1159} INFO - Dependencies all met for dep_context=requeueable deps ti=<TaskInstance: reports_workflow.id_task_get_emails scheduled__2024-07-02T18:00:00+00:00 [queued]>
[2024-07-03T12:28:33.386+0000] {taskinstance.py:1361} INFO - Starting attempt 1 of 1
[2024-07-03T12:28:33.469+0000] {taskinstance.py:1382} INFO - Executing <Task(PythonOperator): id_task_get_emails> on 2024-07-02 18:00:00+00:00
[2024-07-03T12:28:33.475+0000] {standard_task_runner.py:57} INFO - Started process 24761 to run task
[2024-07-03T12:28:33.491+0000] {standard_task_runner.py:84} INFO - Running: ['***', 'tasks', 'run', 'reports_workflow', 'id_task_get_emails', 'scheduled__2024-07-02T18:00:00+00:00', '--job-id', '1314', '--raw', '--subdir', 'DAGS_FOLDER/dag_email_robot.py', '--cfg-path', '/tmp/tmp96jy5o1_']
[2024-07-03T12:28:33.494+0000] {standard_task_runner.py:85} INFO - Job 1314: Subtask id_task_get_emails
[2024-07-03T12:28:33.577+0000] {task_command.py:415} INFO - Running <TaskInstance: reports_workflow.id_task_get_emails scheduled__2024-07-02T18:00:00+00:00 [running]> on host 6f4ef5488251
[2024-07-03T12:28:33.733+0000] {taskinstance.py:1660} INFO - Exporting env vars: AIRFLOW_CTX_DAG_OWNER='FIRDAVS' AIRFLOW_CTX_DAG_ID='reports_workflow' AIRFLOW_CTX_TASK_ID='id_task_get_emails' AIRFLOW_CTX_EXECUTION_DATE='2024-07-02T18:00:00+00:00' AIRFLOW_CTX_TRY_NUMBER='1' AIRFLOW_CTX_DAG_RUN_ID='scheduled__2024-07-02T18:00:00+00:00'
[2024-07-03T12:28:33.733+0000] {logging_mixin.py:151} INFO - path of config file:  /opt/***
[2024-07-03T12:28:33.734+0000] {logging_mixin.py:151} INFO - #>2024-07-03 12:28:33.734443_User@StatDep: EmailRobot in screated.
[2024-07-03T12:28:33.734+0000] {logging_mixin.py:151} INFO - #>2024-07-03 12:28:33.734648_User@StatDep: get_for_recent_emails is started...
[2024-07-03T12:28:33.734+0000] {logging_mixin.py:151} INFO - #>2024-07-03 12:28:33.734791_User@StatDep: pop3_fetch_emails isstarted...
[2024-07-03T12:28:34.114+0000] {logging_mixin.py:151} INFO -    b'+OK'
[2024-07-03T12:28:34.466+0000] {logging_mixin.py:151} INFO -    mailbox have 0 emails and the robot can process 10
[2024-07-03T12:28:34.467+0000] {logging_mixin.py:151} INFO - #>2024-07-03 12:28:34.467148_User@StatDep: no emails to process, exiting pop3_fetch_emails()...
[2024-07-03T12:28:34.467+0000] {python.py:194} INFO - Done. Returned value was: True
[2024-07-03T12:28:34.532+0000] {taskinstance.py:1400} INFO - Marking task as SUCCESS. dag_id=reports_workflow, task_id=id_task_get_emails, execution_date=20240702T180000, start_date=20240703T122833, end_date=20240703T122834
[2024-07-03T12:28:34.636+0000] {local_task_job_runner.py:228} INFO - Task exited with return code 0
[2024-07-03T12:28:34.685+0000] {taskinstance.py:2784} INFO - 1 downstream tasks scheduled from follow-on schedule check
