[2024-07-03T09:57:38.220+0000] {taskinstance.py:1159} INFO - Dependencies all met for dep_context=non-requeueable deps ti=<TaskInstance: reports_workflow.id_task_get_emails scheduled__2024-07-02T10:20:00+00:00 [queued]>
[2024-07-03T09:57:38.237+0000] {taskinstance.py:1159} INFO - Dependencies all met for dep_context=requeueable deps ti=<TaskInstance: reports_workflow.id_task_get_emails scheduled__2024-07-02T10:20:00+00:00 [queued]>
[2024-07-03T09:57:38.238+0000] {taskinstance.py:1361} INFO - Starting attempt 1 of 1
[2024-07-03T09:57:38.263+0000] {taskinstance.py:1382} INFO - Executing <Task(PythonOperator): id_task_get_emails> on 2024-07-02 10:20:00+00:00
[2024-07-03T09:57:38.268+0000] {standard_task_runner.py:57} INFO - Started process 20581 to run task
[2024-07-03T09:57:38.289+0000] {standard_task_runner.py:84} INFO - Running: ['***', 'tasks', 'run', 'reports_workflow', 'id_task_get_emails', 'scheduled__2024-07-02T10:20:00+00:00', '--job-id', '369', '--raw', '--subdir', 'DAGS_FOLDER/dag_email_robot.py', '--cfg-path', '/tmp/tmpum5so3ud']
[2024-07-03T09:57:38.297+0000] {standard_task_runner.py:85} INFO - Job 369: Subtask id_task_get_emails
[2024-07-03T09:57:38.403+0000] {task_command.py:415} INFO - Running <TaskInstance: reports_workflow.id_task_get_emails scheduled__2024-07-02T10:20:00+00:00 [running]> on host 6f4ef5488251
[2024-07-03T09:57:38.550+0000] {taskinstance.py:1660} INFO - Exporting env vars: AIRFLOW_CTX_DAG_OWNER='FIRDAVS' AIRFLOW_CTX_DAG_ID='reports_workflow' AIRFLOW_CTX_TASK_ID='id_task_get_emails' AIRFLOW_CTX_EXECUTION_DATE='2024-07-02T10:20:00+00:00' AIRFLOW_CTX_TRY_NUMBER='1' AIRFLOW_CTX_DAG_RUN_ID='scheduled__2024-07-02T10:20:00+00:00'
[2024-07-03T09:57:38.554+0000] {logging_mixin.py:151} INFO - path of config file:  /opt/***
[2024-07-03T09:57:38.554+0000] {taskinstance.py:1943} ERROR - Task failed with exception
Traceback (most recent call last):
  File "/home/airflow/.local/lib/python3.8/site-packages/airflow/operators/python.py", line 192, in execute
    return_value = self.execute_callable()
  File "/home/airflow/.local/lib/python3.8/site-packages/airflow/operators/python.py", line 209, in execute_callable
    return self.python_callable(*self.op_args, **self.op_kwargs)
  File "/opt/airflow/dags/dag_email_robot.py", line 22, in get_emails
    email_conf = json.load (open(path / ("config/email_conf.json")))
NameError: name 'json' is not defined
[2024-07-03T09:57:38.563+0000] {taskinstance.py:1400} INFO - Marking task as FAILED. dag_id=reports_workflow, task_id=id_task_get_emails, execution_date=20240702T102000, start_date=20240703T095738, end_date=20240703T095738
[2024-07-03T09:57:38.575+0000] {standard_task_runner.py:104} ERROR - Failed to execute job 369 for task id_task_get_emails (name 'json' is not defined; 20581)
[2024-07-03T09:57:38.621+0000] {local_task_job_runner.py:228} INFO - Task exited with return code 1
[2024-07-03T09:57:38.643+0000] {taskinstance.py:2784} INFO - 0 downstream tasks scheduled from follow-on schedule check
[2024-07-03T12:05:10.456+0000] {taskinstance.py:1159} INFO - Dependencies all met for dep_context=non-requeueable deps ti=<TaskInstance: reports_workflow.id_task_get_emails scheduled__2024-07-02T10:20:00+00:00 [queued]>
[2024-07-03T12:05:10.466+0000] {taskinstance.py:1159} INFO - Dependencies all met for dep_context=requeueable deps ti=<TaskInstance: reports_workflow.id_task_get_emails scheduled__2024-07-02T10:20:00+00:00 [queued]>
[2024-07-03T12:05:10.467+0000] {taskinstance.py:1361} INFO - Starting attempt 1 of 1
[2024-07-03T12:05:10.485+0000] {taskinstance.py:1382} INFO - Executing <Task(PythonOperator): id_task_get_emails> on 2024-07-02 10:20:00+00:00
[2024-07-03T12:05:10.490+0000] {standard_task_runner.py:57} INFO - Started process 23400 to run task
[2024-07-03T12:05:10.498+0000] {standard_task_runner.py:84} INFO - Running: ['***', 'tasks', 'run', 'reports_workflow', 'id_task_get_emails', 'scheduled__2024-07-02T10:20:00+00:00', '--job-id', '810', '--raw', '--subdir', 'DAGS_FOLDER/dag_email_robot.py', '--cfg-path', '/tmp/tmp7uho3mkn']
[2024-07-03T12:05:10.499+0000] {standard_task_runner.py:85} INFO - Job 810: Subtask id_task_get_emails
[2024-07-03T12:05:10.563+0000] {task_command.py:415} INFO - Running <TaskInstance: reports_workflow.id_task_get_emails scheduled__2024-07-02T10:20:00+00:00 [running]> on host 6f4ef5488251
[2024-07-03T12:05:10.680+0000] {taskinstance.py:1660} INFO - Exporting env vars: AIRFLOW_CTX_DAG_OWNER='FIRDAVS' AIRFLOW_CTX_DAG_ID='reports_workflow' AIRFLOW_CTX_TASK_ID='id_task_get_emails' AIRFLOW_CTX_EXECUTION_DATE='2024-07-02T10:20:00+00:00' AIRFLOW_CTX_TRY_NUMBER='1' AIRFLOW_CTX_DAG_RUN_ID='scheduled__2024-07-02T10:20:00+00:00'
[2024-07-03T12:05:10.682+0000] {logging_mixin.py:151} INFO - path of config file:  /opt/***
[2024-07-03T12:05:10.682+0000] {logging_mixin.py:151} INFO - #>2024-07-03 12:05:10.682710_User@StatDep: EmailRobot in screated.
[2024-07-03T12:05:10.683+0000] {logging_mixin.py:151} INFO - #>2024-07-03 12:05:10.683076_User@StatDep: get_for_recent_emails is started...
[2024-07-03T12:05:10.683+0000] {logging_mixin.py:151} INFO - #>2024-07-03 12:05:10.683388_User@StatDep: pop3_fetch_emails isstarted...
[2024-07-03T12:05:11.114+0000] {logging_mixin.py:151} INFO -    b'+OK'
[2024-07-03T12:05:11.597+0000] {logging_mixin.py:151} INFO -    mailbox have 1 emails and the robot can process 10
[2024-07-03T12:05:12.022+0000] {logging_mixin.py:151} INFO -    #>2024-07-03 12:05:12.022218_conneciton to db is set.
[2024-07-03T12:05:12.030+0000] {taskinstance.py:1943} ERROR - Task failed with exception
Traceback (most recent call last):
  File "/home/airflow/.local/lib/python3.8/site-packages/airflow/operators/python.py", line 192, in execute
    return_value = self.execute_callable()
  File "/home/airflow/.local/lib/python3.8/site-packages/airflow/operators/python.py", line 209, in execute_callable
    return self.python_callable(*self.op_args, **self.op_kwargs)
  File "/opt/airflow/dags/dag_email_robot.py", line 25, in get_emails
    robot.fetch_emails()
  File "/opt/airflow/dags/emailRobot.py", line 62, in fetch_emails
    return self.pop3_fetch_emails()
  File "/opt/airflow/dags/emailRobot.py", line 156, in pop3_fetch_emails
    cursor.execute (query, insert_values)
psycopg2.errors.UndefinedTable: relation "sma_stat_dep.tbl_file_upload" does not exist
LINE 1: ...) AS (INSERT INTO                                 sma_stat_d...
                                                             ^

[2024-07-03T12:05:12.053+0000] {taskinstance.py:1400} INFO - Marking task as FAILED. dag_id=reports_workflow, task_id=id_task_get_emails, execution_date=20240702T102000, start_date=20240703T120510, end_date=20240703T120512
[2024-07-03T12:05:12.105+0000] {standard_task_runner.py:104} ERROR - Failed to execute job 810 for task id_task_get_emails (relation "sma_stat_dep.tbl_file_upload" does not exist
LINE 1: ...) AS (INSERT INTO                                 sma_stat_d...
                                                             ^
; 23400)
[2024-07-03T12:05:12.130+0000] {local_task_job_runner.py:228} INFO - Task exited with return code 1
[2024-07-03T12:05:12.166+0000] {taskinstance.py:2784} INFO - 0 downstream tasks scheduled from follow-on schedule check
[2024-07-03T12:23:47.261+0000] {taskinstance.py:1159} INFO - Dependencies all met for dep_context=non-requeueable deps ti=<TaskInstance: reports_workflow.id_task_get_emails scheduled__2024-07-02T10:20:00+00:00 [queued]>
[2024-07-03T12:23:47.274+0000] {taskinstance.py:1159} INFO - Dependencies all met for dep_context=requeueable deps ti=<TaskInstance: reports_workflow.id_task_get_emails scheduled__2024-07-02T10:20:00+00:00 [queued]>
[2024-07-03T12:23:47.274+0000] {taskinstance.py:1361} INFO - Starting attempt 1 of 1
[2024-07-03T12:23:47.287+0000] {taskinstance.py:1382} INFO - Executing <Task(PythonOperator): id_task_get_emails> on 2024-07-02 10:20:00+00:00
[2024-07-03T12:23:47.294+0000] {standard_task_runner.py:57} INFO - Started process 24323 to run task
[2024-07-03T12:23:47.298+0000] {standard_task_runner.py:84} INFO - Running: ['***', 'tasks', 'run', 'reports_workflow', 'id_task_get_emails', 'scheduled__2024-07-02T10:20:00+00:00', '--job-id', '1131', '--raw', '--subdir', 'DAGS_FOLDER/dag_email_robot.py', '--cfg-path', '/tmp/tmp_gxicf1g']
[2024-07-03T12:23:47.299+0000] {standard_task_runner.py:85} INFO - Job 1131: Subtask id_task_get_emails
[2024-07-03T12:23:47.359+0000] {task_command.py:415} INFO - Running <TaskInstance: reports_workflow.id_task_get_emails scheduled__2024-07-02T10:20:00+00:00 [running]> on host 6f4ef5488251
[2024-07-03T12:23:47.443+0000] {taskinstance.py:1660} INFO - Exporting env vars: AIRFLOW_CTX_DAG_OWNER='FIRDAVS' AIRFLOW_CTX_DAG_ID='reports_workflow' AIRFLOW_CTX_TASK_ID='id_task_get_emails' AIRFLOW_CTX_EXECUTION_DATE='2024-07-02T10:20:00+00:00' AIRFLOW_CTX_TRY_NUMBER='1' AIRFLOW_CTX_DAG_RUN_ID='scheduled__2024-07-02T10:20:00+00:00'
[2024-07-03T12:23:47.444+0000] {logging_mixin.py:151} INFO - path of config file:  /opt/***
[2024-07-03T12:23:47.444+0000] {logging_mixin.py:151} INFO - #>2024-07-03 12:23:47.444855_User@StatDep: EmailRobot in screated.
[2024-07-03T12:23:47.445+0000] {logging_mixin.py:151} INFO - #>2024-07-03 12:23:47.445048_User@StatDep: get_for_recent_emails is started...
[2024-07-03T12:23:47.445+0000] {logging_mixin.py:151} INFO - #>2024-07-03 12:23:47.445187_User@StatDep: pop3_fetch_emails isstarted...
[2024-07-03T12:23:47.801+0000] {logging_mixin.py:151} INFO -    b'+OK'
[2024-07-03T12:23:48.126+0000] {logging_mixin.py:151} INFO -    mailbox have 0 emails and the robot can process 10
[2024-07-03T12:23:48.127+0000] {logging_mixin.py:151} INFO - #>2024-07-03 12:23:48.127271_User@StatDep: no emails to process, exiting pop3_fetch_emails()...
[2024-07-03T12:23:48.127+0000] {python.py:194} INFO - Done. Returned value was: True
[2024-07-03T12:23:48.153+0000] {taskinstance.py:1400} INFO - Marking task as SUCCESS. dag_id=reports_workflow, task_id=id_task_get_emails, execution_date=20240702T102000, start_date=20240703T122347, end_date=20240703T122348
[2024-07-03T12:23:48.202+0000] {local_task_job_runner.py:228} INFO - Task exited with return code 0
[2024-07-03T12:23:48.223+0000] {taskinstance.py:2784} INFO - 1 downstream tasks scheduled from follow-on schedule check
[2024-07-03T14:44:26.294+0000] {taskinstance.py:1159} INFO - Dependencies all met for dep_context=non-requeueable deps ti=<TaskInstance: reports_workflow.id_task_get_emails scheduled__2024-07-02T10:20:00+00:00 [queued]>
[2024-07-03T14:44:26.317+0000] {taskinstance.py:1159} INFO - Dependencies all met for dep_context=requeueable deps ti=<TaskInstance: reports_workflow.id_task_get_emails scheduled__2024-07-02T10:20:00+00:00 [queued]>
[2024-07-03T14:44:26.317+0000] {taskinstance.py:1361} INFO - Starting attempt 1 of 2
[2024-07-03T14:44:26.338+0000] {taskinstance.py:1382} INFO - Executing <Task(PythonOperator): id_task_get_emails> on 2024-07-02 10:20:00+00:00
[2024-07-03T14:44:26.399+0000] {standard_task_runner.py:57} INFO - Started process 28067 to run task
[2024-07-03T14:44:26.417+0000] {standard_task_runner.py:84} INFO - Running: ['***', 'tasks', 'run', 'reports_workflow', 'id_task_get_emails', 'scheduled__2024-07-02T10:20:00+00:00', '--job-id', '1935', '--raw', '--subdir', 'DAGS_FOLDER/dag_email_robot.py', '--cfg-path', '/tmp/tmp3b7vp6o0']
[2024-07-03T14:44:26.418+0000] {standard_task_runner.py:85} INFO - Job 1935: Subtask id_task_get_emails
[2024-07-03T14:44:26.531+0000] {task_command.py:415} INFO - Running <TaskInstance: reports_workflow.id_task_get_emails scheduled__2024-07-02T10:20:00+00:00 [running]> on host 6f4ef5488251
[2024-07-03T14:44:26.724+0000] {taskinstance.py:1660} INFO - Exporting env vars: AIRFLOW_CTX_DAG_OWNER='FIRDAVS' AIRFLOW_CTX_DAG_ID='reports_workflow' AIRFLOW_CTX_TASK_ID='id_task_get_emails' AIRFLOW_CTX_EXECUTION_DATE='2024-07-02T10:20:00+00:00' AIRFLOW_CTX_TRY_NUMBER='1' AIRFLOW_CTX_DAG_RUN_ID='scheduled__2024-07-02T10:20:00+00:00'
[2024-07-03T14:44:26.725+0000] {logging_mixin.py:151} INFO - path of config file:  /opt/***
[2024-07-03T14:44:26.725+0000] {logging_mixin.py:151} INFO - #>2024-07-03 14:44:26.725658_User@StatDep: EmailRobot in screated.
[2024-07-03T14:44:26.725+0000] {logging_mixin.py:151} INFO - #>2024-07-03 14:44:26.725856_User@StatDep: get_for_recent_emails is started...
[2024-07-03T14:44:26.726+0000] {logging_mixin.py:151} INFO - #>2024-07-03 14:44:26.726013_User@StatDep: pop3_fetch_emails isstarted...
[2024-07-03T14:44:27.101+0000] {logging_mixin.py:151} INFO -    b'+OK'
[2024-07-03T14:44:27.405+0000] {logging_mixin.py:151} INFO -    mailbox have 0 emails and the robot can process 10
[2024-07-03T14:44:27.406+0000] {logging_mixin.py:151} INFO - #>2024-07-03 14:44:27.406124_User@StatDep: no emails to process, exiting pop3_fetch_emails()...
[2024-07-03T14:44:27.406+0000] {python.py:194} INFO - Done. Returned value was: True
[2024-07-03T14:44:27.506+0000] {taskinstance.py:1400} INFO - Marking task as SUCCESS. dag_id=reports_workflow, task_id=id_task_get_emails, execution_date=20240702T102000, start_date=20240703T144426, end_date=20240703T144427
[2024-07-03T14:44:27.612+0000] {local_task_job_runner.py:228} INFO - Task exited with return code 0
[2024-07-03T14:44:27.681+0000] {taskinstance.py:2784} INFO - 1 downstream tasks scheduled from follow-on schedule check
[2024-07-03T14:47:02.811+0000] {taskinstance.py:1159} INFO - Dependencies all met for dep_context=non-requeueable deps ti=<TaskInstance: reports_workflow.id_task_get_emails scheduled__2024-07-02T10:20:00+00:00 [queued]>
[2024-07-03T14:47:02.831+0000] {taskinstance.py:1159} INFO - Dependencies all met for dep_context=requeueable deps ti=<TaskInstance: reports_workflow.id_task_get_emails scheduled__2024-07-02T10:20:00+00:00 [queued]>
[2024-07-03T14:47:02.832+0000] {taskinstance.py:1361} INFO - Starting attempt 1 of 2
[2024-07-03T14:47:02.846+0000] {taskinstance.py:1382} INFO - Executing <Task(PythonOperator): id_task_get_emails> on 2024-07-02 10:20:00+00:00
[2024-07-03T14:47:02.850+0000] {standard_task_runner.py:57} INFO - Started process 28477 to run task
[2024-07-03T14:47:02.855+0000] {standard_task_runner.py:84} INFO - Running: ['***', 'tasks', 'run', 'reports_workflow', 'id_task_get_emails', 'scheduled__2024-07-02T10:20:00+00:00', '--job-id', '2122', '--raw', '--subdir', 'DAGS_FOLDER/dag_email_robot.py', '--cfg-path', '/tmp/tmpjrk8156r']
[2024-07-03T14:47:02.856+0000] {standard_task_runner.py:85} INFO - Job 2122: Subtask id_task_get_emails
[2024-07-03T14:47:02.938+0000] {task_command.py:415} INFO - Running <TaskInstance: reports_workflow.id_task_get_emails scheduled__2024-07-02T10:20:00+00:00 [running]> on host 6f4ef5488251
[2024-07-03T14:47:03.062+0000] {taskinstance.py:1660} INFO - Exporting env vars: AIRFLOW_CTX_DAG_OWNER='FIRDAVS' AIRFLOW_CTX_DAG_ID='reports_workflow' AIRFLOW_CTX_TASK_ID='id_task_get_emails' AIRFLOW_CTX_EXECUTION_DATE='2024-07-02T10:20:00+00:00' AIRFLOW_CTX_TRY_NUMBER='1' AIRFLOW_CTX_DAG_RUN_ID='scheduled__2024-07-02T10:20:00+00:00'
[2024-07-03T14:47:03.063+0000] {logging_mixin.py:151} INFO - path of config file:  /opt/***
[2024-07-03T14:47:03.064+0000] {logging_mixin.py:151} INFO - #>2024-07-03 14:47:03.064099_User@StatDep: EmailRobot in screated.
[2024-07-03T14:47:03.064+0000] {logging_mixin.py:151} INFO - #>2024-07-03 14:47:03.064287_User@StatDep: get_for_recent_emails is started...
[2024-07-03T14:47:03.064+0000] {logging_mixin.py:151} INFO - #>2024-07-03 14:47:03.064434_User@StatDep: pop3_fetch_emails isstarted...
[2024-07-03T14:47:03.483+0000] {logging_mixin.py:151} INFO -    b'+OK'
[2024-07-03T14:47:03.837+0000] {logging_mixin.py:151} INFO -    mailbox have 0 emails and the robot can process 10
[2024-07-03T14:47:03.837+0000] {logging_mixin.py:151} INFO - #>2024-07-03 14:47:03.837465_User@StatDep: no emails to process, exiting pop3_fetch_emails()...
[2024-07-03T14:47:03.837+0000] {python.py:194} INFO - Done. Returned value was: True
[2024-07-03T14:47:03.902+0000] {taskinstance.py:1400} INFO - Marking task as SUCCESS. dag_id=reports_workflow, task_id=id_task_get_emails, execution_date=20240702T102000, start_date=20240703T144702, end_date=20240703T144703
[2024-07-03T14:47:03.938+0000] {local_task_job_runner.py:228} INFO - Task exited with return code 0
[2024-07-03T14:47:03.982+0000] {taskinstance.py:2784} INFO - 1 downstream tasks scheduled from follow-on schedule check
