[2024-07-03T09:58:35.303+0000] {taskinstance.py:1159} INFO - Dependencies all met for dep_context=non-requeueable deps ti=<TaskInstance: reports_workflow.id_task_get_emails scheduled__2024-07-02T20:35:00+00:00 [queued]>
[2024-07-03T09:58:35.319+0000] {taskinstance.py:1159} INFO - Dependencies all met for dep_context=requeueable deps ti=<TaskInstance: reports_workflow.id_task_get_emails scheduled__2024-07-02T20:35:00+00:00 [queued]>
[2024-07-03T09:58:35.319+0000] {taskinstance.py:1361} INFO - Starting attempt 1 of 1
[2024-07-03T09:58:35.334+0000] {taskinstance.py:1382} INFO - Executing <Task(PythonOperator): id_task_get_emails> on 2024-07-02 20:35:00+00:00
[2024-07-03T09:58:35.340+0000] {standard_task_runner.py:57} INFO - Started process 20845 to run task
[2024-07-03T09:58:35.348+0000] {standard_task_runner.py:84} INFO - Running: ['***', 'tasks', 'run', 'reports_workflow', 'id_task_get_emails', 'scheduled__2024-07-02T20:35:00+00:00', '--job-id', '494', '--raw', '--subdir', 'DAGS_FOLDER/dag_email_robot.py', '--cfg-path', '/tmp/tmp2v7c3_a6']
[2024-07-03T09:58:35.349+0000] {standard_task_runner.py:85} INFO - Job 494: Subtask id_task_get_emails
[2024-07-03T09:58:35.416+0000] {task_command.py:415} INFO - Running <TaskInstance: reports_workflow.id_task_get_emails scheduled__2024-07-02T20:35:00+00:00 [running]> on host 6f4ef5488251
[2024-07-03T09:58:35.498+0000] {taskinstance.py:1660} INFO - Exporting env vars: AIRFLOW_CTX_DAG_OWNER='FIRDAVS' AIRFLOW_CTX_DAG_ID='reports_workflow' AIRFLOW_CTX_TASK_ID='id_task_get_emails' AIRFLOW_CTX_EXECUTION_DATE='2024-07-02T20:35:00+00:00' AIRFLOW_CTX_TRY_NUMBER='1' AIRFLOW_CTX_DAG_RUN_ID='scheduled__2024-07-02T20:35:00+00:00'
[2024-07-03T09:58:35.499+0000] {logging_mixin.py:151} INFO - path of config file:  /opt/***
[2024-07-03T09:58:35.500+0000] {logging_mixin.py:151} INFO - #>2024-07-03 09:58:35.499993_User@StatDep: EmailRobot in screated.
[2024-07-03T09:58:35.500+0000] {logging_mixin.py:151} INFO - #>2024-07-03 09:58:35.500171_User@StatDep: get_for_recent_emails is started...
[2024-07-03T09:58:35.500+0000] {logging_mixin.py:151} INFO - #>2024-07-03 09:58:35.500297_User@StatDep: pop3_fetch_emails isstarted...
[2024-07-03T09:58:35.894+0000] {logging_mixin.py:151} INFO -    b'+OK'
[2024-07-03T09:58:36.224+0000] {logging_mixin.py:151} INFO -    mailbox have 0 emails and the robot can process 10
[2024-07-03T09:58:36.225+0000] {logging_mixin.py:151} INFO - #>2024-07-03 09:58:36.225036_User@StatDep: no emails to process, exiting pop3_fetch_emails()...
[2024-07-03T09:58:36.226+0000] {python.py:194} INFO - Done. Returned value was: True
[2024-07-03T09:58:36.264+0000] {taskinstance.py:1400} INFO - Marking task as SUCCESS. dag_id=reports_workflow, task_id=id_task_get_emails, execution_date=20240702T203500, start_date=20240703T095835, end_date=20240703T095836
[2024-07-03T09:58:36.321+0000] {local_task_job_runner.py:228} INFO - Task exited with return code 0
[2024-07-03T09:58:36.339+0000] {taskinstance.py:2784} INFO - 0 downstream tasks scheduled from follow-on schedule check
[2024-07-03T12:29:58.799+0000] {taskinstance.py:1159} INFO - Dependencies all met for dep_context=non-requeueable deps ti=<TaskInstance: reports_workflow.id_task_get_emails scheduled__2024-07-02T20:35:00+00:00 [queued]>
[2024-07-03T12:29:58.821+0000] {taskinstance.py:1159} INFO - Dependencies all met for dep_context=requeueable deps ti=<TaskInstance: reports_workflow.id_task_get_emails scheduled__2024-07-02T20:35:00+00:00 [queued]>
[2024-07-03T12:29:58.821+0000] {taskinstance.py:1361} INFO - Starting attempt 1 of 1
[2024-07-03T12:29:58.846+0000] {taskinstance.py:1382} INFO - Executing <Task(PythonOperator): id_task_get_emails> on 2024-07-02 20:35:00+00:00
[2024-07-03T12:29:58.857+0000] {standard_task_runner.py:57} INFO - Started process 24908 to run task
[2024-07-03T12:29:58.861+0000] {standard_task_runner.py:84} INFO - Running: ['***', 'tasks', 'run', 'reports_workflow', 'id_task_get_emails', 'scheduled__2024-07-02T20:35:00+00:00', '--job-id', '1379', '--raw', '--subdir', 'DAGS_FOLDER/dag_email_robot.py', '--cfg-path', '/tmp/tmpflhhjax_']
[2024-07-03T12:29:58.862+0000] {standard_task_runner.py:85} INFO - Job 1379: Subtask id_task_get_emails
[2024-07-03T12:29:58.924+0000] {task_command.py:415} INFO - Running <TaskInstance: reports_workflow.id_task_get_emails scheduled__2024-07-02T20:35:00+00:00 [running]> on host 6f4ef5488251
[2024-07-03T12:29:59.051+0000] {taskinstance.py:1660} INFO - Exporting env vars: AIRFLOW_CTX_DAG_OWNER='FIRDAVS' AIRFLOW_CTX_DAG_ID='reports_workflow' AIRFLOW_CTX_TASK_ID='id_task_get_emails' AIRFLOW_CTX_EXECUTION_DATE='2024-07-02T20:35:00+00:00' AIRFLOW_CTX_TRY_NUMBER='1' AIRFLOW_CTX_DAG_RUN_ID='scheduled__2024-07-02T20:35:00+00:00'
[2024-07-03T12:29:59.054+0000] {logging_mixin.py:151} INFO - path of config file:  /opt/***
[2024-07-03T12:29:59.055+0000] {logging_mixin.py:151} INFO - #>2024-07-03 12:29:59.055315_User@StatDep: EmailRobot in screated.
[2024-07-03T12:29:59.055+0000] {logging_mixin.py:151} INFO - #>2024-07-03 12:29:59.055610_User@StatDep: get_for_recent_emails is started...
[2024-07-03T12:29:59.055+0000] {logging_mixin.py:151} INFO - #>2024-07-03 12:29:59.055800_User@StatDep: pop3_fetch_emails isstarted...
[2024-07-03T12:29:59.464+0000] {logging_mixin.py:151} INFO -    b'+OK'
[2024-07-03T12:29:59.797+0000] {logging_mixin.py:151} INFO -    mailbox have 0 emails and the robot can process 10
[2024-07-03T12:29:59.798+0000] {logging_mixin.py:151} INFO - #>2024-07-03 12:29:59.798101_User@StatDep: no emails to process, exiting pop3_fetch_emails()...
[2024-07-03T12:29:59.798+0000] {python.py:194} INFO - Done. Returned value was: True
[2024-07-03T12:29:59.832+0000] {taskinstance.py:1400} INFO - Marking task as SUCCESS. dag_id=reports_workflow, task_id=id_task_get_emails, execution_date=20240702T203500, start_date=20240703T122958, end_date=20240703T122959
[2024-07-03T12:29:59.889+0000] {local_task_job_runner.py:228} INFO - Task exited with return code 0
[2024-07-03T12:29:59.965+0000] {taskinstance.py:2784} INFO - 0 downstream tasks scheduled from follow-on schedule check
