[2024-07-09T08:20:44.803+0000] {taskinstance.py:1159} INFO - Dependencies all met for dep_context=non-requeueable deps ti=<TaskInstance: reports_workflow.id_task_get_emails manual__2024-07-09T08:15:25.220920+00:00 [queued]>
[2024-07-09T08:20:44.810+0000] {taskinstance.py:1159} INFO - Dependencies all met for dep_context=requeueable deps ti=<TaskInstance: reports_workflow.id_task_get_emails manual__2024-07-09T08:15:25.220920+00:00 [queued]>
[2024-07-09T08:20:44.810+0000] {taskinstance.py:1361} INFO - Starting attempt 2 of 2
[2024-07-09T08:20:44.821+0000] {taskinstance.py:1382} INFO - Executing <Task(PythonOperator): id_task_get_emails> on 2024-07-09 08:15:25.220920+00:00
[2024-07-09T08:20:44.827+0000] {standard_task_runner.py:57} INFO - Started process 29294 to run task
[2024-07-09T08:20:44.836+0000] {standard_task_runner.py:84} INFO - Running: ['***', 'tasks', 'run', 'reports_workflow', 'id_task_get_emails', 'manual__2024-07-09T08:15:25.220920+00:00', '--job-id', '4149', '--raw', '--subdir', 'DAGS_FOLDER/dag_email_robot.py', '--cfg-path', '/tmp/tmp8jmw5fzt']
[2024-07-09T08:20:44.841+0000] {standard_task_runner.py:85} INFO - Job 4149: Subtask id_task_get_emails
[2024-07-09T08:20:44.892+0000] {task_command.py:415} INFO - Running <TaskInstance: reports_workflow.id_task_get_emails manual__2024-07-09T08:15:25.220920+00:00 [running]> on host 6f4ef5488251
[2024-07-09T08:20:44.985+0000] {taskinstance.py:1660} INFO - Exporting env vars: AIRFLOW_CTX_DAG_OWNER='FIRDAVS' AIRFLOW_CTX_DAG_ID='reports_workflow' AIRFLOW_CTX_TASK_ID='id_task_get_emails' AIRFLOW_CTX_EXECUTION_DATE='2024-07-09T08:15:25.220920+00:00' AIRFLOW_CTX_TRY_NUMBER='2' AIRFLOW_CTX_DAG_RUN_ID='manual__2024-07-09T08:15:25.220920+00:00'
[2024-07-09T08:20:44.986+0000] {logging_mixin.py:151} INFO - path of config file:  /opt/***
[2024-07-09T08:20:44.987+0000] {logging_mixin.py:151} INFO - #>2024-07-09 08:20:44.987223_User@StatDep: EmailRobot in screated.
[2024-07-09T08:20:44.987+0000] {logging_mixin.py:151} INFO - #>2024-07-09 08:20:44.987411_User@StatDep: get_for_recent_emails is started...
[2024-07-09T08:20:44.987+0000] {logging_mixin.py:151} INFO - #>2024-07-09 08:20:44.987544_User@StatDep: pop3_fetch_emails isstarted...
[2024-07-09T08:20:45.369+0000] {logging_mixin.py:151} INFO -    b'+OK'
[2024-07-09T08:20:45.709+0000] {logging_mixin.py:151} INFO -    mailbox have 0 emails and the robot can process 10
[2024-07-09T08:20:45.710+0000] {logging_mixin.py:151} INFO - #>2024-07-09 08:20:45.710347_User@StatDep: no emails to process, exiting pop3_fetch_emails()...
[2024-07-09T08:20:45.711+0000] {python.py:194} INFO - Done. Returned value was: True
[2024-07-09T08:20:45.834+0000] {taskinstance.py:1400} INFO - Marking task as SUCCESS. dag_id=reports_workflow, task_id=id_task_get_emails, execution_date=20240709T081525, start_date=20240709T082044, end_date=20240709T082045
[2024-07-09T08:20:45.886+0000] {local_task_job_runner.py:228} INFO - Task exited with return code 0
[2024-07-09T08:20:45.923+0000] {taskinstance.py:2784} INFO - 1 downstream tasks scheduled from follow-on schedule check
