[2024-07-03T09:59:16.589+0000] {taskinstance.py:1159} INFO - Dependencies all met for dep_context=non-requeueable deps ti=<TaskInstance: reports_workflow.id_task_get_emails scheduled__2024-07-03T02:45:00+00:00 [queued]>
[2024-07-03T09:59:16.597+0000] {taskinstance.py:1159} INFO - Dependencies all met for dep_context=requeueable deps ti=<TaskInstance: reports_workflow.id_task_get_emails scheduled__2024-07-03T02:45:00+00:00 [queued]>
[2024-07-03T09:59:16.597+0000] {taskinstance.py:1361} INFO - Starting attempt 1 of 1
[2024-07-03T09:59:16.611+0000] {taskinstance.py:1382} INFO - Executing <Task(PythonOperator): id_task_get_emails> on 2024-07-03 02:45:00+00:00
[2024-07-03T09:59:16.615+0000] {standard_task_runner.py:57} INFO - Started process 20999 to run task
[2024-07-03T09:59:16.623+0000] {standard_task_runner.py:84} INFO - Running: ['***', 'tasks', 'run', 'reports_workflow', 'id_task_get_emails', 'scheduled__2024-07-03T02:45:00+00:00', '--job-id', '568', '--raw', '--subdir', 'DAGS_FOLDER/dag_email_robot.py', '--cfg-path', '/tmp/tmpqiso7hc9']
[2024-07-03T09:59:16.625+0000] {standard_task_runner.py:85} INFO - Job 568: Subtask id_task_get_emails
[2024-07-03T09:59:16.694+0000] {task_command.py:415} INFO - Running <TaskInstance: reports_workflow.id_task_get_emails scheduled__2024-07-03T02:45:00+00:00 [running]> on host 6f4ef5488251
[2024-07-03T09:59:16.803+0000] {taskinstance.py:1660} INFO - Exporting env vars: AIRFLOW_CTX_DAG_OWNER='FIRDAVS' AIRFLOW_CTX_DAG_ID='reports_workflow' AIRFLOW_CTX_TASK_ID='id_task_get_emails' AIRFLOW_CTX_EXECUTION_DATE='2024-07-03T02:45:00+00:00' AIRFLOW_CTX_TRY_NUMBER='1' AIRFLOW_CTX_DAG_RUN_ID='scheduled__2024-07-03T02:45:00+00:00'
[2024-07-03T09:59:16.804+0000] {logging_mixin.py:151} INFO - path of config file:  /opt/***
[2024-07-03T09:59:16.805+0000] {logging_mixin.py:151} INFO - #>2024-07-03 09:59:16.805511_User@StatDep: EmailRobot in screated.
[2024-07-03T09:59:16.805+0000] {logging_mixin.py:151} INFO - #>2024-07-03 09:59:16.805751_User@StatDep: get_for_recent_emails is started...
[2024-07-03T09:59:16.805+0000] {logging_mixin.py:151} INFO - #>2024-07-03 09:59:16.805932_User@StatDep: pop3_fetch_emails isstarted...
[2024-07-03T09:59:17.200+0000] {logging_mixin.py:151} INFO -    b'+OK'
[2024-07-03T09:59:17.520+0000] {logging_mixin.py:151} INFO -    mailbox have 0 emails and the robot can process 10
[2024-07-03T09:59:17.521+0000] {logging_mixin.py:151} INFO - #>2024-07-03 09:59:17.520960_User@StatDep: no emails to process, exiting pop3_fetch_emails()...
[2024-07-03T09:59:17.521+0000] {python.py:194} INFO - Done. Returned value was: True
[2024-07-03T09:59:17.548+0000] {taskinstance.py:1400} INFO - Marking task as SUCCESS. dag_id=reports_workflow, task_id=id_task_get_emails, execution_date=20240703T024500, start_date=20240703T095916, end_date=20240703T095917
[2024-07-03T09:59:17.594+0000] {local_task_job_runner.py:228} INFO - Task exited with return code 0
[2024-07-03T09:59:17.630+0000] {taskinstance.py:2784} INFO - 0 downstream tasks scheduled from follow-on schedule check
[2024-07-03T13:39:38.618+0000] {taskinstance.py:1159} INFO - Dependencies all met for dep_context=non-requeueable deps ti=<TaskInstance: reports_workflow.id_task_get_emails scheduled__2024-07-03T02:45:00+00:00 [queued]>
[2024-07-03T13:39:38.629+0000] {taskinstance.py:1159} INFO - Dependencies all met for dep_context=requeueable deps ti=<TaskInstance: reports_workflow.id_task_get_emails scheduled__2024-07-03T02:45:00+00:00 [queued]>
[2024-07-03T13:39:38.630+0000] {taskinstance.py:1361} INFO - Starting attempt 1 of 1
[2024-07-03T13:39:38.650+0000] {taskinstance.py:1382} INFO - Executing <Task(PythonOperator): id_task_get_emails> on 2024-07-03 02:45:00+00:00
[2024-07-03T13:39:38.661+0000] {standard_task_runner.py:57} INFO - Started process 26251 to run task
[2024-07-03T13:39:38.666+0000] {standard_task_runner.py:84} INFO - Running: ['***', 'tasks', 'run', 'reports_workflow', 'id_task_get_emails', 'scheduled__2024-07-03T02:45:00+00:00', '--job-id', '1521', '--raw', '--subdir', 'DAGS_FOLDER/dag_email_robot.py', '--cfg-path', '/tmp/tmp9bzbyhdg']
[2024-07-03T13:39:38.668+0000] {standard_task_runner.py:85} INFO - Job 1521: Subtask id_task_get_emails
[2024-07-03T13:39:38.800+0000] {task_command.py:415} INFO - Running <TaskInstance: reports_workflow.id_task_get_emails scheduled__2024-07-03T02:45:00+00:00 [running]> on host 6f4ef5488251
[2024-07-03T13:39:39.047+0000] {taskinstance.py:1660} INFO - Exporting env vars: AIRFLOW_CTX_DAG_OWNER='FIRDAVS' AIRFLOW_CTX_DAG_ID='reports_workflow' AIRFLOW_CTX_TASK_ID='id_task_get_emails' AIRFLOW_CTX_EXECUTION_DATE='2024-07-03T02:45:00+00:00' AIRFLOW_CTX_TRY_NUMBER='1' AIRFLOW_CTX_DAG_RUN_ID='scheduled__2024-07-03T02:45:00+00:00'
[2024-07-03T13:39:39.048+0000] {logging_mixin.py:151} INFO - path of config file:  /opt/***
[2024-07-03T13:39:39.048+0000] {logging_mixin.py:151} INFO - #>2024-07-03 13:39:39.048674_User@StatDep: EmailRobot in screated.
[2024-07-03T13:39:39.048+0000] {logging_mixin.py:151} INFO - #>2024-07-03 13:39:39.048858_User@StatDep: get_for_recent_emails is started...
[2024-07-03T13:39:39.049+0000] {logging_mixin.py:151} INFO - #>2024-07-03 13:39:39.048991_User@StatDep: pop3_fetch_emails isstarted...
[2024-07-03T13:39:39.441+0000] {logging_mixin.py:151} INFO -    b'+OK'
[2024-07-03T13:39:39.790+0000] {logging_mixin.py:151} INFO -    mailbox have 0 emails and the robot can process 10
[2024-07-03T13:39:39.791+0000] {logging_mixin.py:151} INFO - #>2024-07-03 13:39:39.791085_User@StatDep: no emails to process, exiting pop3_fetch_emails()...
[2024-07-03T13:39:39.791+0000] {python.py:194} INFO - Done. Returned value was: True
[2024-07-03T13:39:39.837+0000] {taskinstance.py:1400} INFO - Marking task as SUCCESS. dag_id=reports_workflow, task_id=id_task_get_emails, execution_date=20240703T024500, start_date=20240703T133938, end_date=20240703T133939
[2024-07-03T13:39:39.919+0000] {local_task_job_runner.py:228} INFO - Task exited with return code 0
[2024-07-03T13:39:39.978+0000] {taskinstance.py:2784} INFO - 1 downstream tasks scheduled from follow-on schedule check
