[2024-07-04T12:10:00.502+0000] {taskinstance.py:1159} INFO - Dependencies all met for dep_context=non-requeueable deps ti=<TaskInstance: reports_workflow.id_task_get_emails scheduled__2024-07-04T12:05:00+00:00 [queued]>
[2024-07-04T12:10:00.510+0000] {taskinstance.py:1159} INFO - Dependencies all met for dep_context=requeueable deps ti=<TaskInstance: reports_workflow.id_task_get_emails scheduled__2024-07-04T12:05:00+00:00 [queued]>
[2024-07-04T12:10:00.510+0000] {taskinstance.py:1361} INFO - Starting attempt 1 of 2
[2024-07-04T12:10:00.523+0000] {taskinstance.py:1382} INFO - Executing <Task(PythonOperator): id_task_get_emails> on 2024-07-04 12:05:00+00:00
[2024-07-04T12:10:00.527+0000] {standard_task_runner.py:57} INFO - Started process 49190 to run task
[2024-07-04T12:10:00.536+0000] {standard_task_runner.py:84} INFO - Running: ['***', 'tasks', 'run', 'reports_workflow', 'id_task_get_emails', 'scheduled__2024-07-04T12:05:00+00:00', '--job-id', '2680', '--raw', '--subdir', 'DAGS_FOLDER/dag_email_robot.py', '--cfg-path', '/tmp/tmpcg3c74d4']
[2024-07-04T12:10:00.539+0000] {standard_task_runner.py:85} INFO - Job 2680: Subtask id_task_get_emails
[2024-07-04T12:10:00.601+0000] {task_command.py:415} INFO - Running <TaskInstance: reports_workflow.id_task_get_emails scheduled__2024-07-04T12:05:00+00:00 [running]> on host 6f4ef5488251
[2024-07-04T12:10:00.701+0000] {taskinstance.py:1660} INFO - Exporting env vars: AIRFLOW_CTX_DAG_OWNER='FIRDAVS' AIRFLOW_CTX_DAG_ID='reports_workflow' AIRFLOW_CTX_TASK_ID='id_task_get_emails' AIRFLOW_CTX_EXECUTION_DATE='2024-07-04T12:05:00+00:00' AIRFLOW_CTX_TRY_NUMBER='1' AIRFLOW_CTX_DAG_RUN_ID='scheduled__2024-07-04T12:05:00+00:00'
[2024-07-04T12:10:00.702+0000] {logging_mixin.py:151} INFO - path of config file:  /opt/***
[2024-07-04T12:10:00.702+0000] {logging_mixin.py:151} INFO - #>2024-07-04 12:10:00.702788_User@StatDep: EmailRobot in screated.
[2024-07-04T12:10:00.703+0000] {logging_mixin.py:151} INFO - #>2024-07-04 12:10:00.703007_User@StatDep: get_for_recent_emails is started...
[2024-07-04T12:10:00.703+0000] {logging_mixin.py:151} INFO - #>2024-07-04 12:10:00.703154_User@StatDep: pop3_fetch_emails isstarted...
[2024-07-04T12:10:01.293+0000] {logging_mixin.py:151} INFO -    b'+OK'
[2024-07-04T12:10:01.591+0000] {logging_mixin.py:151} INFO -    mailbox have 0 emails and the robot can process 10
[2024-07-04T12:10:01.592+0000] {logging_mixin.py:151} INFO - #>2024-07-04 12:10:01.591936_User@StatDep: no emails to process, exiting pop3_fetch_emails()...
[2024-07-04T12:10:01.592+0000] {python.py:194} INFO - Done. Returned value was: True
[2024-07-04T12:10:01.631+0000] {taskinstance.py:1400} INFO - Marking task as SUCCESS. dag_id=reports_workflow, task_id=id_task_get_emails, execution_date=20240704T120500, start_date=20240704T121000, end_date=20240704T121001
[2024-07-04T12:10:01.666+0000] {local_task_job_runner.py:228} INFO - Task exited with return code 0
[2024-07-04T12:10:01.693+0000] {taskinstance.py:2784} INFO - 1 downstream tasks scheduled from follow-on schedule check
[2024-07-04T12:24:19.348+0000] {taskinstance.py:1159} INFO - Dependencies all met for dep_context=non-requeueable deps ti=<TaskInstance: reports_workflow.id_task_get_emails scheduled__2024-07-04T12:05:00+00:00 [queued]>
[2024-07-04T12:24:19.408+0000] {taskinstance.py:1159} INFO - Dependencies all met for dep_context=requeueable deps ti=<TaskInstance: reports_workflow.id_task_get_emails scheduled__2024-07-04T12:05:00+00:00 [queued]>
[2024-07-04T12:24:19.409+0000] {taskinstance.py:1361} INFO - Starting attempt 1 of 2
[2024-07-04T12:24:19.459+0000] {taskinstance.py:1382} INFO - Executing <Task(PythonOperator): id_task_get_emails> on 2024-07-04 12:05:00+00:00
[2024-07-04T12:24:19.500+0000] {standard_task_runner.py:57} INFO - Started process 49498 to run task
[2024-07-04T12:24:19.522+0000] {standard_task_runner.py:84} INFO - Running: ['***', 'tasks', 'run', 'reports_workflow', 'id_task_get_emails', 'scheduled__2024-07-04T12:05:00+00:00', '--job-id', '2707', '--raw', '--subdir', 'DAGS_FOLDER/dag_email_robot.py', '--cfg-path', '/tmp/tmpuzwwbx14']
[2024-07-04T12:24:19.549+0000] {standard_task_runner.py:85} INFO - Job 2707: Subtask id_task_get_emails
[2024-07-04T12:24:19.939+0000] {task_command.py:415} INFO - Running <TaskInstance: reports_workflow.id_task_get_emails scheduled__2024-07-04T12:05:00+00:00 [running]> on host 6f4ef5488251
[2024-07-04T12:24:20.498+0000] {taskinstance.py:1660} INFO - Exporting env vars: AIRFLOW_CTX_DAG_OWNER='FIRDAVS' AIRFLOW_CTX_DAG_ID='reports_workflow' AIRFLOW_CTX_TASK_ID='id_task_get_emails' AIRFLOW_CTX_EXECUTION_DATE='2024-07-04T12:05:00+00:00' AIRFLOW_CTX_TRY_NUMBER='1' AIRFLOW_CTX_DAG_RUN_ID='scheduled__2024-07-04T12:05:00+00:00'
[2024-07-04T12:24:20.508+0000] {logging_mixin.py:151} INFO - path of config file:  /opt/***
[2024-07-04T12:24:20.508+0000] {logging_mixin.py:151} INFO - #>2024-07-04 12:24:20.508904_User@StatDep: EmailRobot in screated.
[2024-07-04T12:24:20.509+0000] {logging_mixin.py:151} INFO - #>2024-07-04 12:24:20.509117_User@StatDep: get_for_recent_emails is started...
[2024-07-04T12:24:20.509+0000] {logging_mixin.py:151} INFO - #>2024-07-04 12:24:20.509256_User@StatDep: pop3_fetch_emails isstarted...
[2024-07-04T12:24:21.273+0000] {logging_mixin.py:151} INFO -    b'+OK'
[2024-07-04T12:24:21.608+0000] {logging_mixin.py:151} INFO -    mailbox have 0 emails and the robot can process 10
[2024-07-04T12:24:21.608+0000] {logging_mixin.py:151} INFO - #>2024-07-04 12:24:21.608920_User@StatDep: no emails to process, exiting pop3_fetch_emails()...
[2024-07-04T12:24:21.609+0000] {python.py:194} INFO - Done. Returned value was: True
[2024-07-04T12:24:21.641+0000] {taskinstance.py:1400} INFO - Marking task as SUCCESS. dag_id=reports_workflow, task_id=id_task_get_emails, execution_date=20240704T120500, start_date=20240704T122419, end_date=20240704T122421
[2024-07-04T12:24:21.696+0000] {local_task_job_runner.py:228} INFO - Task exited with return code 0
[2024-07-04T12:24:21.729+0000] {taskinstance.py:2784} INFO - 1 downstream tasks scheduled from follow-on schedule check
[2024-07-04T12:26:08.832+0000] {taskinstance.py:1159} INFO - Dependencies all met for dep_context=non-requeueable deps ti=<TaskInstance: reports_workflow.id_task_get_emails scheduled__2024-07-04T12:05:00+00:00 [queued]>
[2024-07-04T12:26:08.870+0000] {taskinstance.py:1159} INFO - Dependencies all met for dep_context=requeueable deps ti=<TaskInstance: reports_workflow.id_task_get_emails scheduled__2024-07-04T12:05:00+00:00 [queued]>
[2024-07-04T12:26:08.871+0000] {taskinstance.py:1361} INFO - Starting attempt 1 of 2
[2024-07-04T12:26:08.896+0000] {taskinstance.py:1382} INFO - Executing <Task(PythonOperator): id_task_get_emails> on 2024-07-04 12:05:00+00:00
[2024-07-04T12:26:08.902+0000] {standard_task_runner.py:57} INFO - Started process 49602 to run task
[2024-07-04T12:26:08.945+0000] {standard_task_runner.py:84} INFO - Running: ['***', 'tasks', 'run', 'reports_workflow', 'id_task_get_emails', 'scheduled__2024-07-04T12:05:00+00:00', '--job-id', '2733', '--raw', '--subdir', 'DAGS_FOLDER/dag_email_robot.py', '--cfg-path', '/tmp/tmp50i5cpb1']
[2024-07-04T12:26:08.974+0000] {standard_task_runner.py:85} INFO - Job 2733: Subtask id_task_get_emails
[2024-07-04T12:26:09.126+0000] {task_command.py:415} INFO - Running <TaskInstance: reports_workflow.id_task_get_emails scheduled__2024-07-04T12:05:00+00:00 [running]> on host 6f4ef5488251
[2024-07-04T12:26:09.290+0000] {taskinstance.py:1660} INFO - Exporting env vars: AIRFLOW_CTX_DAG_OWNER='FIRDAVS' AIRFLOW_CTX_DAG_ID='reports_workflow' AIRFLOW_CTX_TASK_ID='id_task_get_emails' AIRFLOW_CTX_EXECUTION_DATE='2024-07-04T12:05:00+00:00' AIRFLOW_CTX_TRY_NUMBER='1' AIRFLOW_CTX_DAG_RUN_ID='scheduled__2024-07-04T12:05:00+00:00'
[2024-07-04T12:26:09.292+0000] {logging_mixin.py:151} INFO - path of config file:  /opt/***
[2024-07-04T12:26:09.292+0000] {logging_mixin.py:151} INFO - #>2024-07-04 12:26:09.292952_User@StatDep: EmailRobot in screated.
[2024-07-04T12:26:09.293+0000] {logging_mixin.py:151} INFO - #>2024-07-04 12:26:09.293315_User@StatDep: get_for_recent_emails is started...
[2024-07-04T12:26:09.293+0000] {logging_mixin.py:151} INFO - #>2024-07-04 12:26:09.293599_User@StatDep: pop3_fetch_emails isstarted...
[2024-07-04T12:26:09.694+0000] {logging_mixin.py:151} INFO -    b'+OK'
[2024-07-04T12:26:10.001+0000] {logging_mixin.py:151} INFO -    mailbox have 0 emails and the robot can process 10
[2024-07-04T12:26:10.002+0000] {logging_mixin.py:151} INFO - #>2024-07-04 12:26:10.002104_User@StatDep: no emails to process, exiting pop3_fetch_emails()...
[2024-07-04T12:26:10.002+0000] {python.py:194} INFO - Done. Returned value was: True
[2024-07-04T12:26:10.067+0000] {taskinstance.py:1400} INFO - Marking task as SUCCESS. dag_id=reports_workflow, task_id=id_task_get_emails, execution_date=20240704T120500, start_date=20240704T122608, end_date=20240704T122610
[2024-07-04T12:26:10.153+0000] {local_task_job_runner.py:228} INFO - Task exited with return code 0
[2024-07-04T12:26:10.218+0000] {taskinstance.py:2784} INFO - 1 downstream tasks scheduled from follow-on schedule check
