[2024-07-08T06:30:05.403+0000] {taskinstance.py:1159} INFO - Dependencies all met for dep_context=non-requeueable deps ti=<TaskInstance: reports_workflow.id_task_send_emails scheduled__2024-07-08T06:25:00+00:00 [queued]>
[2024-07-08T06:30:05.411+0000] {taskinstance.py:1159} INFO - Dependencies all met for dep_context=requeueable deps ti=<TaskInstance: reports_workflow.id_task_send_emails scheduled__2024-07-08T06:25:00+00:00 [queued]>
[2024-07-08T06:30:05.412+0000] {taskinstance.py:1361} INFO - Starting attempt 1 of 2
[2024-07-08T06:30:05.424+0000] {taskinstance.py:1382} INFO - Executing <Task(PythonOperator): id_task_send_emails> on 2024-07-08 06:25:00+00:00
[2024-07-08T06:30:05.430+0000] {standard_task_runner.py:57} INFO - Started process 3767 to run task
[2024-07-08T06:30:05.436+0000] {standard_task_runner.py:84} INFO - Running: ['***', 'tasks', 'run', 'reports_workflow', 'id_task_send_emails', 'scheduled__2024-07-08T06:25:00+00:00', '--job-id', '3567', '--raw', '--subdir', 'DAGS_FOLDER/dag_email_robot.py', '--cfg-path', '/tmp/tmpb_smozkj']
[2024-07-08T06:30:05.440+0000] {standard_task_runner.py:85} INFO - Job 3567: Subtask id_task_send_emails
[2024-07-08T06:30:05.524+0000] {task_command.py:415} INFO - Running <TaskInstance: reports_workflow.id_task_send_emails scheduled__2024-07-08T06:25:00+00:00 [running]> on host 6f4ef5488251
[2024-07-08T06:30:05.651+0000] {taskinstance.py:1660} INFO - Exporting env vars: AIRFLOW_CTX_DAG_OWNER='FIRDAVS' AIRFLOW_CTX_DAG_ID='reports_workflow' AIRFLOW_CTX_TASK_ID='id_task_send_emails' AIRFLOW_CTX_EXECUTION_DATE='2024-07-08T06:25:00+00:00' AIRFLOW_CTX_TRY_NUMBER='1' AIRFLOW_CTX_DAG_RUN_ID='scheduled__2024-07-08T06:25:00+00:00'
[2024-07-08T06:30:05.652+0000] {logging_mixin.py:151} INFO - path of config file:  /opt/***
[2024-07-08T06:30:05.653+0000] {logging_mixin.py:151} INFO - #>2024-07-08 06:30:05.653421_User@StatDep: EmailRobot in screated.
[2024-07-08T06:30:05.653+0000] {logging_mixin.py:151} INFO - #>2024-07-08 06:30:05.653632_User@StatDep: send_validation_results is started...
[2024-07-08T06:30:05.667+0000] {logging_mixin.py:151} INFO -    #>2024-07-08 06:30:05.667650_conneciton to db is set.
[2024-07-08T06:30:05.671+0000] {logging_mixin.py:151} INFO -    #>2024-07-08 06:30:05.671715_cursor execution is successful.
[2024-07-08T06:30:05.671+0000] {logging_mixin.py:151} INFO -    There is no any new submissions found. The get_validation_results is over.
[2024-07-08T06:30:05.672+0000] {python.py:194} INFO - Done. Returned value was: True
[2024-07-08T06:30:05.700+0000] {taskinstance.py:1400} INFO - Marking task as SUCCESS. dag_id=reports_workflow, task_id=id_task_send_emails, execution_date=20240708T062500, start_date=20240708T063005, end_date=20240708T063005
[2024-07-08T06:30:05.726+0000] {local_task_job_runner.py:228} INFO - Task exited with return code 0
[2024-07-08T06:30:05.754+0000] {taskinstance.py:2784} INFO - 0 downstream tasks scheduled from follow-on schedule check
[2024-07-08T10:13:40.198+0000] {taskinstance.py:1159} INFO - Dependencies all met for dep_context=non-requeueable deps ti=<TaskInstance: reports_workflow.id_task_send_emails scheduled__2024-07-08T06:25:00+00:00 [queued]>
[2024-07-08T10:13:40.235+0000] {taskinstance.py:1159} INFO - Dependencies all met for dep_context=requeueable deps ti=<TaskInstance: reports_workflow.id_task_send_emails scheduled__2024-07-08T06:25:00+00:00 [queued]>
[2024-07-08T10:13:40.235+0000] {taskinstance.py:1361} INFO - Starting attempt 1 of 2
[2024-07-08T10:13:40.274+0000] {taskinstance.py:1382} INFO - Executing <Task(PythonOperator): id_task_send_emails> on 2024-07-08 06:25:00+00:00
[2024-07-08T10:13:40.288+0000] {standard_task_runner.py:57} INFO - Started process 7741 to run task
[2024-07-08T10:13:40.325+0000] {standard_task_runner.py:84} INFO - Running: ['***', 'tasks', 'run', 'reports_workflow', 'id_task_send_emails', 'scheduled__2024-07-08T06:25:00+00:00', '--job-id', '3736', '--raw', '--subdir', 'DAGS_FOLDER/dag_email_robot.py', '--cfg-path', '/tmp/tmpna46kh78']
[2024-07-08T10:13:40.329+0000] {standard_task_runner.py:85} INFO - Job 3736: Subtask id_task_send_emails
[2024-07-08T10:13:40.641+0000] {task_command.py:415} INFO - Running <TaskInstance: reports_workflow.id_task_send_emails scheduled__2024-07-08T06:25:00+00:00 [running]> on host 6f4ef5488251
[2024-07-08T10:13:40.955+0000] {taskinstance.py:1660} INFO - Exporting env vars: AIRFLOW_CTX_DAG_OWNER='FIRDAVS' AIRFLOW_CTX_DAG_ID='reports_workflow' AIRFLOW_CTX_TASK_ID='id_task_send_emails' AIRFLOW_CTX_EXECUTION_DATE='2024-07-08T06:25:00+00:00' AIRFLOW_CTX_TRY_NUMBER='1' AIRFLOW_CTX_DAG_RUN_ID='scheduled__2024-07-08T06:25:00+00:00'
[2024-07-08T10:13:40.958+0000] {logging_mixin.py:151} INFO - path of config file:  /opt/***
[2024-07-08T10:13:40.959+0000] {logging_mixin.py:151} INFO - #>2024-07-08 10:13:40.959502_User@StatDep: EmailRobot in screated.
[2024-07-08T10:13:40.963+0000] {logging_mixin.py:151} INFO - #>2024-07-08 10:13:40.963357_User@StatDep: send_validation_results is started...
[2024-07-08T10:13:40.992+0000] {logging_mixin.py:151} INFO -    #>2024-07-08 10:13:40.992545_conneciton to db is set.
[2024-07-08T10:13:41.001+0000] {logging_mixin.py:151} INFO -    #>2024-07-08 10:13:41.000940_cursor execution is successful.
[2024-07-08T10:13:41.001+0000] {logging_mixin.py:151} INFO -    There is no any new submissions found. The get_validation_results is over.
[2024-07-08T10:13:41.002+0000] {python.py:194} INFO - Done. Returned value was: True
[2024-07-08T10:13:42.209+0000] {taskinstance.py:1400} INFO - Marking task as SUCCESS. dag_id=reports_workflow, task_id=id_task_send_emails, execution_date=20240708T062500, start_date=20240708T101340, end_date=20240708T101342
[2024-07-08T10:13:42.292+0000] {local_task_job_runner.py:228} INFO - Task exited with return code 0
[2024-07-08T10:13:42.480+0000] {taskinstance.py:2784} INFO - 0 downstream tasks scheduled from follow-on schedule check
[2024-07-08T10:22:03.739+0000] {taskinstance.py:1159} INFO - Dependencies all met for dep_context=non-requeueable deps ti=<TaskInstance: reports_workflow.id_task_send_emails scheduled__2024-07-08T06:25:00+00:00 [queued]>
[2024-07-08T10:22:03.748+0000] {taskinstance.py:1159} INFO - Dependencies all met for dep_context=requeueable deps ti=<TaskInstance: reports_workflow.id_task_send_emails scheduled__2024-07-08T06:25:00+00:00 [queued]>
[2024-07-08T10:22:03.748+0000] {taskinstance.py:1361} INFO - Starting attempt 1 of 2
[2024-07-08T10:22:03.762+0000] {taskinstance.py:1382} INFO - Executing <Task(PythonOperator): id_task_send_emails> on 2024-07-08 06:25:00+00:00
[2024-07-08T10:22:03.768+0000] {standard_task_runner.py:57} INFO - Started process 7997 to run task
[2024-07-08T10:22:03.777+0000] {standard_task_runner.py:84} INFO - Running: ['***', 'tasks', 'run', 'reports_workflow', 'id_task_send_emails', 'scheduled__2024-07-08T06:25:00+00:00', '--job-id', '3788', '--raw', '--subdir', 'DAGS_FOLDER/dag_email_robot.py', '--cfg-path', '/tmp/tmpmpgb8a3o']
[2024-07-08T10:22:03.781+0000] {standard_task_runner.py:85} INFO - Job 3788: Subtask id_task_send_emails
[2024-07-08T10:22:03.837+0000] {task_command.py:415} INFO - Running <TaskInstance: reports_workflow.id_task_send_emails scheduled__2024-07-08T06:25:00+00:00 [running]> on host 6f4ef5488251
[2024-07-08T10:22:03.928+0000] {taskinstance.py:1660} INFO - Exporting env vars: AIRFLOW_CTX_DAG_OWNER='FIRDAVS' AIRFLOW_CTX_DAG_ID='reports_workflow' AIRFLOW_CTX_TASK_ID='id_task_send_emails' AIRFLOW_CTX_EXECUTION_DATE='2024-07-08T06:25:00+00:00' AIRFLOW_CTX_TRY_NUMBER='1' AIRFLOW_CTX_DAG_RUN_ID='scheduled__2024-07-08T06:25:00+00:00'
[2024-07-08T10:22:03.930+0000] {logging_mixin.py:151} INFO - path of config file:  /opt/***
[2024-07-08T10:22:03.930+0000] {logging_mixin.py:151} INFO - #>2024-07-08 10:22:03.930519_User@StatDep: EmailRobot in screated.
[2024-07-08T10:22:03.930+0000] {logging_mixin.py:151} INFO - #>2024-07-08 10:22:03.930708_User@StatDep: send_validation_results is started...
[2024-07-08T10:22:03.940+0000] {logging_mixin.py:151} INFO -    #>2024-07-08 10:22:03.940856_conneciton to db is set.
[2024-07-08T10:22:03.942+0000] {logging_mixin.py:151} INFO -    #>2024-07-08 10:22:03.942870_cursor execution is successful.
[2024-07-08T10:22:03.943+0000] {logging_mixin.py:151} INFO -    There is no any new submissions found. The get_validation_results is over.
[2024-07-08T10:22:03.943+0000] {python.py:194} INFO - Done. Returned value was: True
[2024-07-08T10:22:03.965+0000] {taskinstance.py:1400} INFO - Marking task as SUCCESS. dag_id=reports_workflow, task_id=id_task_send_emails, execution_date=20240708T062500, start_date=20240708T102203, end_date=20240708T102203
[2024-07-08T10:22:04.025+0000] {local_task_job_runner.py:228} INFO - Task exited with return code 0
[2024-07-08T10:22:04.047+0000] {taskinstance.py:2784} INFO - 0 downstream tasks scheduled from follow-on schedule check
[2024-07-08T10:26:59.038+0000] {taskinstance.py:1159} INFO - Dependencies all met for dep_context=non-requeueable deps ti=<TaskInstance: reports_workflow.id_task_send_emails scheduled__2024-07-08T06:25:00+00:00 [queued]>
[2024-07-08T10:26:59.063+0000] {taskinstance.py:1159} INFO - Dependencies all met for dep_context=requeueable deps ti=<TaskInstance: reports_workflow.id_task_send_emails scheduled__2024-07-08T06:25:00+00:00 [queued]>
[2024-07-08T10:26:59.063+0000] {taskinstance.py:1361} INFO - Starting attempt 1 of 2
[2024-07-08T10:26:59.082+0000] {taskinstance.py:1382} INFO - Executing <Task(PythonOperator): id_task_send_emails> on 2024-07-08 06:25:00+00:00
[2024-07-08T10:26:59.088+0000] {standard_task_runner.py:57} INFO - Started process 8734 to run task
[2024-07-08T10:26:59.092+0000] {standard_task_runner.py:84} INFO - Running: ['***', 'tasks', 'run', 'reports_workflow', 'id_task_send_emails', 'scheduled__2024-07-08T06:25:00+00:00', '--job-id', '4008', '--raw', '--subdir', 'DAGS_FOLDER/dag_email_robot.py', '--cfg-path', '/tmp/tmp41cj8rj8']
[2024-07-08T10:26:59.096+0000] {standard_task_runner.py:85} INFO - Job 4008: Subtask id_task_send_emails
[2024-07-08T10:26:59.164+0000] {task_command.py:415} INFO - Running <TaskInstance: reports_workflow.id_task_send_emails scheduled__2024-07-08T06:25:00+00:00 [running]> on host 6f4ef5488251
[2024-07-08T10:26:59.265+0000] {taskinstance.py:1660} INFO - Exporting env vars: AIRFLOW_CTX_DAG_OWNER='FIRDAVS' AIRFLOW_CTX_DAG_ID='reports_workflow' AIRFLOW_CTX_TASK_ID='id_task_send_emails' AIRFLOW_CTX_EXECUTION_DATE='2024-07-08T06:25:00+00:00' AIRFLOW_CTX_TRY_NUMBER='1' AIRFLOW_CTX_DAG_RUN_ID='scheduled__2024-07-08T06:25:00+00:00'
[2024-07-08T10:26:59.267+0000] {logging_mixin.py:151} INFO - path of config file:  /opt/***
[2024-07-08T10:26:59.270+0000] {logging_mixin.py:151} INFO - #>2024-07-08 10:26:59.270437_User@StatDep: EmailRobot in screated.
[2024-07-08T10:26:59.270+0000] {logging_mixin.py:151} INFO - #>2024-07-08 10:26:59.270650_User@StatDep: send_validation_results is started...
[2024-07-08T10:26:59.280+0000] {logging_mixin.py:151} INFO -    #>2024-07-08 10:26:59.280241_conneciton to db is set.
[2024-07-08T10:26:59.282+0000] {logging_mixin.py:151} INFO -    #>2024-07-08 10:26:59.281998_cursor execution is successful.
[2024-07-08T10:26:59.282+0000] {logging_mixin.py:151} INFO -    There is no any new submissions found. The get_validation_results is over.
[2024-07-08T10:26:59.282+0000] {python.py:194} INFO - Done. Returned value was: True
[2024-07-08T10:26:59.310+0000] {taskinstance.py:1400} INFO - Marking task as SUCCESS. dag_id=reports_workflow, task_id=id_task_send_emails, execution_date=20240708T062500, start_date=20240708T102659, end_date=20240708T102659
[2024-07-08T10:26:59.355+0000] {local_task_job_runner.py:228} INFO - Task exited with return code 0
[2024-07-08T10:26:59.377+0000] {taskinstance.py:2784} INFO - 0 downstream tasks scheduled from follow-on schedule check
