[2024-08-01T16:20:01.746+0000] {taskinstance.py:1159} INFO - Dependencies all met for dep_context=non-requeueable deps ti=<TaskInstance: reports_workflow.id_task_get_emails scheduled__2024-08-01T16:15:00+00:00 [queued]>
[2024-08-01T16:20:01.754+0000] {taskinstance.py:1159} INFO - Dependencies all met for dep_context=requeueable deps ti=<TaskInstance: reports_workflow.id_task_get_emails scheduled__2024-08-01T16:15:00+00:00 [queued]>
[2024-08-01T16:20:01.754+0000] {taskinstance.py:1361} INFO - Starting attempt 1 of 2
[2024-08-01T16:20:01.765+0000] {taskinstance.py:1382} INFO - Executing <Task(PythonOperator): id_task_get_emails> on 2024-08-01 16:15:00+00:00
[2024-08-01T16:20:01.770+0000] {standard_task_runner.py:57} INFO - Started process 52246 to run task
[2024-08-01T16:20:01.777+0000] {standard_task_runner.py:84} INFO - Running: ['***', 'tasks', 'run', 'reports_workflow', 'id_task_get_emails', 'scheduled__2024-08-01T16:15:00+00:00', '--job-id', '1643', '--raw', '--subdir', 'DAGS_FOLDER/dag_stat_report.py', '--cfg-path', '/tmp/tmpyda_egk7']
[2024-08-01T16:20:01.782+0000] {standard_task_runner.py:85} INFO - Job 1643: Subtask id_task_get_emails
[2024-08-01T16:20:01.884+0000] {task_command.py:415} INFO - Running <TaskInstance: reports_workflow.id_task_get_emails scheduled__2024-08-01T16:15:00+00:00 [running]> on host 6bb718ab9b8f
[2024-08-01T16:20:02.016+0000] {taskinstance.py:1660} INFO - Exporting env vars: AIRFLOW_CTX_DAG_OWNER='FIRDAVS' AIRFLOW_CTX_DAG_ID='reports_workflow' AIRFLOW_CTX_TASK_ID='id_task_get_emails' AIRFLOW_CTX_EXECUTION_DATE='2024-08-01T16:15:00+00:00' AIRFLOW_CTX_TRY_NUMBER='1' AIRFLOW_CTX_DAG_RUN_ID='scheduled__2024-08-01T16:15:00+00:00'
[2024-08-01T16:20:02.017+0000] {logging_mixin.py:151} INFO - path of config file:  /opt/***
[2024-08-01T16:20:02.018+0000] {logging_mixin.py:151} INFO - #>2024-08-01 16:20:02.018428_User@StatDep: EmailRobot in screated.
[2024-08-01T16:20:02.018+0000] {logging_mixin.py:151} INFO - #>2024-08-01 16:20:02.018644_User@StatDep: get_for_recent_emails is started...
[2024-08-01T16:20:02.018+0000] {logging_mixin.py:151} INFO - #>2024-08-01 16:20:02.018791_User@StatDep: pop3_fetch_emails isstarted...
[2024-08-01T16:20:10.023+0000] {taskinstance.py:1943} ERROR - Task failed with exception
Traceback (most recent call last):
  File "/home/airflow/.local/lib/python3.8/site-packages/airflow/operators/python.py", line 192, in execute
    return_value = self.execute_callable()
  File "/home/airflow/.local/lib/python3.8/site-packages/airflow/operators/python.py", line 209, in execute_callable
    return self.python_callable(*self.op_args, **self.op_kwargs)
  File "/opt/airflow/dags/dag_stat_report.py", line 34, in get_emails
    robot.fetch_emails()
  File "/opt/airflow/dags/library/emailRobot.py", line 62, in fetch_emails
    return self.pop3_fetch_emails()
  File "/opt/airflow/dags/library/emailRobot.py", line 77, in pop3_fetch_emails
    mail = poplib.POP3_SSL(self.host)
  File "/usr/local/lib/python3.8/poplib.py", line 450, in __init__
    POP3.__init__(self, host, port, timeout)
  File "/usr/local/lib/python3.8/poplib.py", line 104, in __init__
    self.sock = self._create_socket(timeout)
  File "/usr/local/lib/python3.8/poplib.py", line 453, in _create_socket
    sock = POP3._create_socket(self, timeout)
  File "/usr/local/lib/python3.8/poplib.py", line 110, in _create_socket
    return socket.create_connection((self.host, self.port), timeout)
  File "/usr/local/lib/python3.8/socket.py", line 787, in create_connection
    for res in getaddrinfo(host, port, 0, SOCK_STREAM):
  File "/usr/local/lib/python3.8/socket.py", line 918, in getaddrinfo
    for res in _socket.getaddrinfo(host, port, family, type, proto, flags):
socket.gaierror: [Errno -3] Temporary failure in name resolution
[2024-08-01T16:20:10.042+0000] {taskinstance.py:1400} INFO - Marking task as UP_FOR_RETRY. dag_id=reports_workflow, task_id=id_task_get_emails, execution_date=20240801T161500, start_date=20240801T162001, end_date=20240801T162010
[2024-08-01T16:20:10.056+0000] {standard_task_runner.py:104} ERROR - Failed to execute job 1643 for task id_task_get_emails ([Errno -3] Temporary failure in name resolution; 52246)
[2024-08-01T16:20:10.072+0000] {local_task_job_runner.py:228} INFO - Task exited with return code 1
[2024-08-01T16:20:10.110+0000] {taskinstance.py:2784} INFO - 0 downstream tasks scheduled from follow-on schedule check
