[2024-07-03T09:57:46.676+0000] {taskinstance.py:1159} INFO - Dependencies all met for dep_context=non-requeueable deps ti=<TaskInstance: reports_workflow.id_task_get_emails scheduled__2024-07-02T11:45:00+00:00 [queued]>
[2024-07-03T09:57:46.686+0000] {taskinstance.py:1159} INFO - Dependencies all met for dep_context=requeueable deps ti=<TaskInstance: reports_workflow.id_task_get_emails scheduled__2024-07-02T11:45:00+00:00 [queued]>
[2024-07-03T09:57:46.687+0000] {taskinstance.py:1361} INFO - Starting attempt 1 of 1
[2024-07-03T09:57:46.708+0000] {taskinstance.py:1382} INFO - Executing <Task(PythonOperator): id_task_get_emails> on 2024-07-02 11:45:00+00:00
[2024-07-03T09:57:46.715+0000] {standard_task_runner.py:57} INFO - Started process 20613 to run task
[2024-07-03T09:57:46.724+0000] {standard_task_runner.py:84} INFO - Running: ['***', 'tasks', 'run', 'reports_workflow', 'id_task_get_emails', 'scheduled__2024-07-02T11:45:00+00:00', '--job-id', '386', '--raw', '--subdir', 'DAGS_FOLDER/dag_email_robot.py', '--cfg-path', '/tmp/tmp9wcbdv2e']
[2024-07-03T09:57:46.725+0000] {standard_task_runner.py:85} INFO - Job 386: Subtask id_task_get_emails
[2024-07-03T09:57:46.812+0000] {task_command.py:415} INFO - Running <TaskInstance: reports_workflow.id_task_get_emails scheduled__2024-07-02T11:45:00+00:00 [running]> on host 6f4ef5488251
[2024-07-03T09:57:46.928+0000] {taskinstance.py:1660} INFO - Exporting env vars: AIRFLOW_CTX_DAG_OWNER='FIRDAVS' AIRFLOW_CTX_DAG_ID='reports_workflow' AIRFLOW_CTX_TASK_ID='id_task_get_emails' AIRFLOW_CTX_EXECUTION_DATE='2024-07-02T11:45:00+00:00' AIRFLOW_CTX_TRY_NUMBER='1' AIRFLOW_CTX_DAG_RUN_ID='scheduled__2024-07-02T11:45:00+00:00'
[2024-07-03T09:57:46.929+0000] {logging_mixin.py:151} INFO - path of config file:  /opt/***
[2024-07-03T09:57:46.929+0000] {taskinstance.py:1943} ERROR - Task failed with exception
Traceback (most recent call last):
  File "/home/airflow/.local/lib/python3.8/site-packages/airflow/operators/python.py", line 192, in execute
    return_value = self.execute_callable()
  File "/home/airflow/.local/lib/python3.8/site-packages/airflow/operators/python.py", line 209, in execute_callable
    return self.python_callable(*self.op_args, **self.op_kwargs)
  File "/opt/airflow/dags/dag_email_robot.py", line 22, in get_emails
    email_conf = json.load (open(path / ("config/email_conf.json")))
NameError: name 'json' is not defined
[2024-07-03T09:57:46.941+0000] {taskinstance.py:1400} INFO - Marking task as FAILED. dag_id=reports_workflow, task_id=id_task_get_emails, execution_date=20240702T114500, start_date=20240703T095746, end_date=20240703T095746
[2024-07-03T09:57:46.956+0000] {standard_task_runner.py:104} ERROR - Failed to execute job 386 for task id_task_get_emails (name 'json' is not defined; 20613)
[2024-07-03T09:57:46.977+0000] {local_task_job_runner.py:228} INFO - Task exited with return code 1
[2024-07-03T09:57:47.003+0000] {taskinstance.py:2784} INFO - 0 downstream tasks scheduled from follow-on schedule check
[2024-07-03T12:05:16.176+0000] {taskinstance.py:1159} INFO - Dependencies all met for dep_context=non-requeueable deps ti=<TaskInstance: reports_workflow.id_task_get_emails scheduled__2024-07-02T11:45:00+00:00 [queued]>
[2024-07-03T12:05:16.213+0000] {taskinstance.py:1159} INFO - Dependencies all met for dep_context=requeueable deps ti=<TaskInstance: reports_workflow.id_task_get_emails scheduled__2024-07-02T11:45:00+00:00 [queued]>
[2024-07-03T12:05:16.214+0000] {taskinstance.py:1361} INFO - Starting attempt 1 of 1
[2024-07-03T12:05:16.226+0000] {taskinstance.py:1382} INFO - Executing <Task(PythonOperator): id_task_get_emails> on 2024-07-02 11:45:00+00:00
[2024-07-03T12:05:16.233+0000] {standard_task_runner.py:57} INFO - Started process 23434 to run task
[2024-07-03T12:05:16.240+0000] {standard_task_runner.py:84} INFO - Running: ['***', 'tasks', 'run', 'reports_workflow', 'id_task_get_emails', 'scheduled__2024-07-02T11:45:00+00:00', '--job-id', '827', '--raw', '--subdir', 'DAGS_FOLDER/dag_email_robot.py', '--cfg-path', '/tmp/tmp3w0tbrmq']
[2024-07-03T12:05:16.241+0000] {standard_task_runner.py:85} INFO - Job 827: Subtask id_task_get_emails
[2024-07-03T12:05:16.302+0000] {task_command.py:415} INFO - Running <TaskInstance: reports_workflow.id_task_get_emails scheduled__2024-07-02T11:45:00+00:00 [running]> on host 6f4ef5488251
[2024-07-03T12:05:16.404+0000] {taskinstance.py:1660} INFO - Exporting env vars: AIRFLOW_CTX_DAG_OWNER='FIRDAVS' AIRFLOW_CTX_DAG_ID='reports_workflow' AIRFLOW_CTX_TASK_ID='id_task_get_emails' AIRFLOW_CTX_EXECUTION_DATE='2024-07-02T11:45:00+00:00' AIRFLOW_CTX_TRY_NUMBER='1' AIRFLOW_CTX_DAG_RUN_ID='scheduled__2024-07-02T11:45:00+00:00'
[2024-07-03T12:05:16.405+0000] {logging_mixin.py:151} INFO - path of config file:  /opt/***
[2024-07-03T12:05:16.406+0000] {logging_mixin.py:151} INFO - #>2024-07-03 12:05:16.406177_User@StatDep: EmailRobot in screated.
[2024-07-03T12:05:16.406+0000] {logging_mixin.py:151} INFO - #>2024-07-03 12:05:16.406399_User@StatDep: get_for_recent_emails is started...
[2024-07-03T12:05:16.406+0000] {logging_mixin.py:151} INFO - #>2024-07-03 12:05:16.406539_User@StatDep: pop3_fetch_emails isstarted...
[2024-07-03T12:05:16.806+0000] {logging_mixin.py:151} INFO -    b'+OK'
[2024-07-03T12:05:17.261+0000] {logging_mixin.py:151} INFO -    mailbox have 1 emails and the robot can process 10
[2024-07-03T12:05:17.767+0000] {logging_mixin.py:151} INFO -    #>2024-07-03 12:05:17.767447_conneciton to db is set.
[2024-07-03T12:05:17.775+0000] {taskinstance.py:1943} ERROR - Task failed with exception
Traceback (most recent call last):
  File "/home/airflow/.local/lib/python3.8/site-packages/airflow/operators/python.py", line 192, in execute
    return_value = self.execute_callable()
  File "/home/airflow/.local/lib/python3.8/site-packages/airflow/operators/python.py", line 209, in execute_callable
    return self.python_callable(*self.op_args, **self.op_kwargs)
  File "/opt/airflow/dags/dag_email_robot.py", line 25, in get_emails
    robot.fetch_emails()
  File "/opt/airflow/dags/emailRobot.py", line 62, in fetch_emails
    return self.pop3_fetch_emails()
  File "/opt/airflow/dags/emailRobot.py", line 156, in pop3_fetch_emails
    cursor.execute (query, insert_values)
psycopg2.errors.UndefinedTable: relation "sma_stat_dep.tbl_file_upload" does not exist
LINE 1: ...) AS (INSERT INTO                                 sma_stat_d...
                                                             ^

[2024-07-03T12:05:17.800+0000] {taskinstance.py:1400} INFO - Marking task as FAILED. dag_id=reports_workflow, task_id=id_task_get_emails, execution_date=20240702T114500, start_date=20240703T120516, end_date=20240703T120517
[2024-07-03T12:05:17.818+0000] {standard_task_runner.py:104} ERROR - Failed to execute job 827 for task id_task_get_emails (relation "sma_stat_dep.tbl_file_upload" does not exist
LINE 1: ...) AS (INSERT INTO                                 sma_stat_d...
                                                             ^
; 23434)
[2024-07-03T12:05:17.839+0000] {local_task_job_runner.py:228} INFO - Task exited with return code 1
[2024-07-03T12:05:17.868+0000] {taskinstance.py:2784} INFO - 0 downstream tasks scheduled from follow-on schedule check
[2024-07-03T12:24:16.174+0000] {taskinstance.py:1159} INFO - Dependencies all met for dep_context=non-requeueable deps ti=<TaskInstance: reports_workflow.id_task_get_emails scheduled__2024-07-02T11:45:00+00:00 [queued]>
[2024-07-03T12:24:16.184+0000] {taskinstance.py:1159} INFO - Dependencies all met for dep_context=requeueable deps ti=<TaskInstance: reports_workflow.id_task_get_emails scheduled__2024-07-02T11:45:00+00:00 [queued]>
[2024-07-03T12:24:16.184+0000] {taskinstance.py:1361} INFO - Starting attempt 1 of 1
[2024-07-03T12:24:16.196+0000] {taskinstance.py:1382} INFO - Executing <Task(PythonOperator): id_task_get_emails> on 2024-07-02 11:45:00+00:00
[2024-07-03T12:24:16.201+0000] {standard_task_runner.py:57} INFO - Started process 24395 to run task
[2024-07-03T12:24:16.205+0000] {standard_task_runner.py:84} INFO - Running: ['***', 'tasks', 'run', 'reports_workflow', 'id_task_get_emails', 'scheduled__2024-07-02T11:45:00+00:00', '--job-id', '1163', '--raw', '--subdir', 'DAGS_FOLDER/dag_email_robot.py', '--cfg-path', '/tmp/tmpbeb_rejv']
[2024-07-03T12:24:16.206+0000] {standard_task_runner.py:85} INFO - Job 1163: Subtask id_task_get_emails
[2024-07-03T12:24:16.256+0000] {task_command.py:415} INFO - Running <TaskInstance: reports_workflow.id_task_get_emails scheduled__2024-07-02T11:45:00+00:00 [running]> on host 6f4ef5488251
[2024-07-03T12:24:16.350+0000] {taskinstance.py:1660} INFO - Exporting env vars: AIRFLOW_CTX_DAG_OWNER='FIRDAVS' AIRFLOW_CTX_DAG_ID='reports_workflow' AIRFLOW_CTX_TASK_ID='id_task_get_emails' AIRFLOW_CTX_EXECUTION_DATE='2024-07-02T11:45:00+00:00' AIRFLOW_CTX_TRY_NUMBER='1' AIRFLOW_CTX_DAG_RUN_ID='scheduled__2024-07-02T11:45:00+00:00'
[2024-07-03T12:24:16.351+0000] {logging_mixin.py:151} INFO - path of config file:  /opt/***
[2024-07-03T12:24:16.351+0000] {logging_mixin.py:151} INFO - #>2024-07-03 12:24:16.351642_User@StatDep: EmailRobot in screated.
[2024-07-03T12:24:16.351+0000] {logging_mixin.py:151} INFO - #>2024-07-03 12:24:16.351833_User@StatDep: get_for_recent_emails is started...
[2024-07-03T12:24:16.351+0000] {logging_mixin.py:151} INFO - #>2024-07-03 12:24:16.351967_User@StatDep: pop3_fetch_emails isstarted...
[2024-07-03T12:24:16.728+0000] {logging_mixin.py:151} INFO -    b'+OK'
[2024-07-03T12:24:17.086+0000] {logging_mixin.py:151} INFO -    mailbox have 0 emails and the robot can process 10
[2024-07-03T12:24:17.086+0000] {logging_mixin.py:151} INFO - #>2024-07-03 12:24:17.086519_User@StatDep: no emails to process, exiting pop3_fetch_emails()...
[2024-07-03T12:24:17.087+0000] {python.py:194} INFO - Done. Returned value was: True
[2024-07-03T12:24:17.123+0000] {taskinstance.py:1400} INFO - Marking task as SUCCESS. dag_id=reports_workflow, task_id=id_task_get_emails, execution_date=20240702T114500, start_date=20240703T122416, end_date=20240703T122417
[2024-07-03T12:24:17.144+0000] {local_task_job_runner.py:228} INFO - Task exited with return code 0
[2024-07-03T12:24:17.168+0000] {taskinstance.py:2784} INFO - 1 downstream tasks scheduled from follow-on schedule check
