[2024-07-03T09:59:45.479+0000] {taskinstance.py:1159} INFO - Dependencies all met for dep_context=non-requeueable deps ti=<TaskInstance: reports_workflow.id_task_get_emails scheduled__2024-07-03T06:35:00+00:00 [queued]>
[2024-07-03T09:59:45.487+0000] {taskinstance.py:1159} INFO - Dependencies all met for dep_context=requeueable deps ti=<TaskInstance: reports_workflow.id_task_get_emails scheduled__2024-07-03T06:35:00+00:00 [queued]>
[2024-07-03T09:59:45.487+0000] {taskinstance.py:1361} INFO - Starting attempt 1 of 1
[2024-07-03T09:59:45.500+0000] {taskinstance.py:1382} INFO - Executing <Task(PythonOperator): id_task_get_emails> on 2024-07-03 06:35:00+00:00
[2024-07-03T09:59:45.504+0000] {standard_task_runner.py:57} INFO - Started process 21099 to run task
[2024-07-03T09:59:45.511+0000] {standard_task_runner.py:84} INFO - Running: ['***', 'tasks', 'run', 'reports_workflow', 'id_task_get_emails', 'scheduled__2024-07-03T06:35:00+00:00', '--job-id', '614', '--raw', '--subdir', 'DAGS_FOLDER/dag_email_robot.py', '--cfg-path', '/tmp/tmpu6uhfgru']
[2024-07-03T09:59:45.513+0000] {standard_task_runner.py:85} INFO - Job 614: Subtask id_task_get_emails
[2024-07-03T09:59:45.586+0000] {task_command.py:415} INFO - Running <TaskInstance: reports_workflow.id_task_get_emails scheduled__2024-07-03T06:35:00+00:00 [running]> on host 6f4ef5488251
[2024-07-03T09:59:45.682+0000] {taskinstance.py:1660} INFO - Exporting env vars: AIRFLOW_CTX_DAG_OWNER='FIRDAVS' AIRFLOW_CTX_DAG_ID='reports_workflow' AIRFLOW_CTX_TASK_ID='id_task_get_emails' AIRFLOW_CTX_EXECUTION_DATE='2024-07-03T06:35:00+00:00' AIRFLOW_CTX_TRY_NUMBER='1' AIRFLOW_CTX_DAG_RUN_ID='scheduled__2024-07-03T06:35:00+00:00'
[2024-07-03T09:59:45.682+0000] {logging_mixin.py:151} INFO - path of config file:  /opt/***
[2024-07-03T09:59:45.683+0000] {logging_mixin.py:151} INFO - #>2024-07-03 09:59:45.683389_User@StatDep: EmailRobot in screated.
[2024-07-03T09:59:45.683+0000] {logging_mixin.py:151} INFO - #>2024-07-03 09:59:45.683590_User@StatDep: get_for_recent_emails is started...
[2024-07-03T09:59:45.683+0000] {logging_mixin.py:151} INFO - #>2024-07-03 09:59:45.683715_User@StatDep: pop3_fetch_emails isstarted...
[2024-07-03T09:59:46.070+0000] {logging_mixin.py:151} INFO -    b'+OK'
[2024-07-03T09:59:46.367+0000] {logging_mixin.py:151} INFO -    mailbox have 0 emails and the robot can process 10
[2024-07-03T09:59:46.368+0000] {logging_mixin.py:151} INFO - #>2024-07-03 09:59:46.367993_User@StatDep: no emails to process, exiting pop3_fetch_emails()...
[2024-07-03T09:59:46.368+0000] {python.py:194} INFO - Done. Returned value was: True
[2024-07-03T09:59:46.412+0000] {taskinstance.py:1400} INFO - Marking task as SUCCESS. dag_id=reports_workflow, task_id=id_task_get_emails, execution_date=20240703T063500, start_date=20240703T095945, end_date=20240703T095946
[2024-07-03T09:59:46.448+0000] {local_task_job_runner.py:228} INFO - Task exited with return code 0
[2024-07-03T09:59:46.469+0000] {taskinstance.py:2784} INFO - 0 downstream tasks scheduled from follow-on schedule check
[2024-07-03T13:40:24.342+0000] {taskinstance.py:1159} INFO - Dependencies all met for dep_context=non-requeueable deps ti=<TaskInstance: reports_workflow.id_task_get_emails scheduled__2024-07-03T06:35:00+00:00 [queued]>
[2024-07-03T13:40:24.357+0000] {taskinstance.py:1159} INFO - Dependencies all met for dep_context=requeueable deps ti=<TaskInstance: reports_workflow.id_task_get_emails scheduled__2024-07-03T06:35:00+00:00 [queued]>
[2024-07-03T13:40:24.359+0000] {taskinstance.py:1361} INFO - Starting attempt 1 of 1
[2024-07-03T13:40:24.401+0000] {taskinstance.py:1382} INFO - Executing <Task(PythonOperator): id_task_get_emails> on 2024-07-03 06:35:00+00:00
[2024-07-03T13:40:24.411+0000] {standard_task_runner.py:57} INFO - Started process 26456 to run task
[2024-07-03T13:40:24.424+0000] {standard_task_runner.py:84} INFO - Running: ['***', 'tasks', 'run', 'reports_workflow', 'id_task_get_emails', 'scheduled__2024-07-03T06:35:00+00:00', '--job-id', '1617', '--raw', '--subdir', 'DAGS_FOLDER/dag_email_robot.py', '--cfg-path', '/tmp/tmpex12s2ya']
[2024-07-03T13:40:24.425+0000] {standard_task_runner.py:85} INFO - Job 1617: Subtask id_task_get_emails
[2024-07-03T13:40:24.553+0000] {task_command.py:415} INFO - Running <TaskInstance: reports_workflow.id_task_get_emails scheduled__2024-07-03T06:35:00+00:00 [running]> on host 6f4ef5488251
[2024-07-03T13:40:24.676+0000] {taskinstance.py:1660} INFO - Exporting env vars: AIRFLOW_CTX_DAG_OWNER='FIRDAVS' AIRFLOW_CTX_DAG_ID='reports_workflow' AIRFLOW_CTX_TASK_ID='id_task_get_emails' AIRFLOW_CTX_EXECUTION_DATE='2024-07-03T06:35:00+00:00' AIRFLOW_CTX_TRY_NUMBER='1' AIRFLOW_CTX_DAG_RUN_ID='scheduled__2024-07-03T06:35:00+00:00'
[2024-07-03T13:40:24.677+0000] {logging_mixin.py:151} INFO - path of config file:  /opt/***
[2024-07-03T13:40:24.677+0000] {logging_mixin.py:151} INFO - #>2024-07-03 13:40:24.677899_User@StatDep: EmailRobot in screated.
[2024-07-03T13:40:24.678+0000] {logging_mixin.py:151} INFO - #>2024-07-03 13:40:24.678087_User@StatDep: get_for_recent_emails is started...
[2024-07-03T13:40:24.678+0000] {logging_mixin.py:151} INFO - #>2024-07-03 13:40:24.678221_User@StatDep: pop3_fetch_emails isstarted...
[2024-07-03T13:40:25.082+0000] {logging_mixin.py:151} INFO -    b'+OK'
[2024-07-03T13:40:25.414+0000] {logging_mixin.py:151} INFO -    mailbox have 0 emails and the robot can process 10
[2024-07-03T13:40:25.415+0000] {logging_mixin.py:151} INFO - #>2024-07-03 13:40:25.415035_User@StatDep: no emails to process, exiting pop3_fetch_emails()...
[2024-07-03T13:40:25.415+0000] {python.py:194} INFO - Done. Returned value was: True
[2024-07-03T13:40:25.457+0000] {taskinstance.py:1400} INFO - Marking task as SUCCESS. dag_id=reports_workflow, task_id=id_task_get_emails, execution_date=20240703T063500, start_date=20240703T134024, end_date=20240703T134025
[2024-07-03T13:40:25.506+0000] {local_task_job_runner.py:228} INFO - Task exited with return code 0
[2024-07-03T13:40:25.542+0000] {taskinstance.py:2784} INFO - 1 downstream tasks scheduled from follow-on schedule check
