[2024-07-03T09:57:34.049+0000] {taskinstance.py:1159} INFO - Dependencies all met for dep_context=non-requeueable deps ti=<TaskInstance: reports_workflow.id_task_get_emails scheduled__2024-07-02T09:45:00+00:00 [queued]>
[2024-07-03T09:57:34.063+0000] {taskinstance.py:1159} INFO - Dependencies all met for dep_context=requeueable deps ti=<TaskInstance: reports_workflow.id_task_get_emails scheduled__2024-07-02T09:45:00+00:00 [queued]>
[2024-07-03T09:57:34.063+0000] {taskinstance.py:1361} INFO - Starting attempt 1 of 1
[2024-07-03T09:57:34.080+0000] {taskinstance.py:1382} INFO - Executing <Task(PythonOperator): id_task_get_emails> on 2024-07-02 09:45:00+00:00
[2024-07-03T09:57:34.085+0000] {standard_task_runner.py:57} INFO - Started process 20567 to run task
[2024-07-03T09:57:34.092+0000] {standard_task_runner.py:84} INFO - Running: ['***', 'tasks', 'run', 'reports_workflow', 'id_task_get_emails', 'scheduled__2024-07-02T09:45:00+00:00', '--job-id', '362', '--raw', '--subdir', 'DAGS_FOLDER/dag_email_robot.py', '--cfg-path', '/tmp/tmplxzaofv0']
[2024-07-03T09:57:34.093+0000] {standard_task_runner.py:85} INFO - Job 362: Subtask id_task_get_emails
[2024-07-03T09:57:34.185+0000] {task_command.py:415} INFO - Running <TaskInstance: reports_workflow.id_task_get_emails scheduled__2024-07-02T09:45:00+00:00 [running]> on host 6f4ef5488251
[2024-07-03T09:57:34.305+0000] {taskinstance.py:1660} INFO - Exporting env vars: AIRFLOW_CTX_DAG_OWNER='FIRDAVS' AIRFLOW_CTX_DAG_ID='reports_workflow' AIRFLOW_CTX_TASK_ID='id_task_get_emails' AIRFLOW_CTX_EXECUTION_DATE='2024-07-02T09:45:00+00:00' AIRFLOW_CTX_TRY_NUMBER='1' AIRFLOW_CTX_DAG_RUN_ID='scheduled__2024-07-02T09:45:00+00:00'
[2024-07-03T09:57:34.306+0000] {logging_mixin.py:151} INFO - path of config file:  /opt/***
[2024-07-03T09:57:34.306+0000] {taskinstance.py:1943} ERROR - Task failed with exception
Traceback (most recent call last):
  File "/home/airflow/.local/lib/python3.8/site-packages/airflow/operators/python.py", line 192, in execute
    return_value = self.execute_callable()
  File "/home/airflow/.local/lib/python3.8/site-packages/airflow/operators/python.py", line 209, in execute_callable
    return self.python_callable(*self.op_args, **self.op_kwargs)
  File "/opt/airflow/dags/dag_email_robot.py", line 22, in get_emails
    email_conf = json.load (open(path / ("config/email_conf.json")))
NameError: name 'json' is not defined
[2024-07-03T09:57:34.315+0000] {taskinstance.py:1400} INFO - Marking task as FAILED. dag_id=reports_workflow, task_id=id_task_get_emails, execution_date=20240702T094500, start_date=20240703T095734, end_date=20240703T095734
[2024-07-03T09:57:34.325+0000] {standard_task_runner.py:104} ERROR - Failed to execute job 362 for task id_task_get_emails (name 'json' is not defined; 20567)
[2024-07-03T09:57:34.340+0000] {local_task_job_runner.py:228} INFO - Task exited with return code 1
[2024-07-03T09:57:34.359+0000] {taskinstance.py:2784} INFO - 0 downstream tasks scheduled from follow-on schedule check
[2024-07-03T12:05:04.436+0000] {taskinstance.py:1159} INFO - Dependencies all met for dep_context=non-requeueable deps ti=<TaskInstance: reports_workflow.id_task_get_emails scheduled__2024-07-02T09:45:00+00:00 [queued]>
[2024-07-03T12:05:04.460+0000] {taskinstance.py:1159} INFO - Dependencies all met for dep_context=requeueable deps ti=<TaskInstance: reports_workflow.id_task_get_emails scheduled__2024-07-02T09:45:00+00:00 [queued]>
[2024-07-03T12:05:04.460+0000] {taskinstance.py:1361} INFO - Starting attempt 1 of 1
[2024-07-03T12:05:04.475+0000] {taskinstance.py:1382} INFO - Executing <Task(PythonOperator): id_task_get_emails> on 2024-07-02 09:45:00+00:00
[2024-07-03T12:05:04.480+0000] {standard_task_runner.py:57} INFO - Started process 23385 to run task
[2024-07-03T12:05:04.498+0000] {standard_task_runner.py:84} INFO - Running: ['***', 'tasks', 'run', 'reports_workflow', 'id_task_get_emails', 'scheduled__2024-07-02T09:45:00+00:00', '--job-id', '803', '--raw', '--subdir', 'DAGS_FOLDER/dag_email_robot.py', '--cfg-path', '/tmp/tmpagl4tkzu']
[2024-07-03T12:05:04.501+0000] {standard_task_runner.py:85} INFO - Job 803: Subtask id_task_get_emails
[2024-07-03T12:05:04.606+0000] {task_command.py:415} INFO - Running <TaskInstance: reports_workflow.id_task_get_emails scheduled__2024-07-02T09:45:00+00:00 [running]> on host 6f4ef5488251
[2024-07-03T12:05:04.746+0000] {taskinstance.py:1660} INFO - Exporting env vars: AIRFLOW_CTX_DAG_OWNER='FIRDAVS' AIRFLOW_CTX_DAG_ID='reports_workflow' AIRFLOW_CTX_TASK_ID='id_task_get_emails' AIRFLOW_CTX_EXECUTION_DATE='2024-07-02T09:45:00+00:00' AIRFLOW_CTX_TRY_NUMBER='1' AIRFLOW_CTX_DAG_RUN_ID='scheduled__2024-07-02T09:45:00+00:00'
[2024-07-03T12:05:04.747+0000] {logging_mixin.py:151} INFO - path of config file:  /opt/***
[2024-07-03T12:05:04.748+0000] {logging_mixin.py:151} INFO - #>2024-07-03 12:05:04.748497_User@StatDep: EmailRobot in screated.
[2024-07-03T12:05:04.748+0000] {logging_mixin.py:151} INFO - #>2024-07-03 12:05:04.748858_User@StatDep: get_for_recent_emails is started...
[2024-07-03T12:05:04.749+0000] {logging_mixin.py:151} INFO - #>2024-07-03 12:05:04.749181_User@StatDep: pop3_fetch_emails isstarted...
[2024-07-03T12:05:05.133+0000] {logging_mixin.py:151} INFO -    b'+OK'
[2024-07-03T12:05:05.621+0000] {logging_mixin.py:151} INFO -    mailbox have 1 emails and the robot can process 10
[2024-07-03T12:05:06.071+0000] {logging_mixin.py:151} INFO -    #>2024-07-03 12:05:06.071531_conneciton to db is set.
[2024-07-03T12:05:06.080+0000] {taskinstance.py:1943} ERROR - Task failed with exception
Traceback (most recent call last):
  File "/home/airflow/.local/lib/python3.8/site-packages/airflow/operators/python.py", line 192, in execute
    return_value = self.execute_callable()
  File "/home/airflow/.local/lib/python3.8/site-packages/airflow/operators/python.py", line 209, in execute_callable
    return self.python_callable(*self.op_args, **self.op_kwargs)
  File "/opt/airflow/dags/dag_email_robot.py", line 25, in get_emails
    robot.fetch_emails()
  File "/opt/airflow/dags/emailRobot.py", line 62, in fetch_emails
    return self.pop3_fetch_emails()
  File "/opt/airflow/dags/emailRobot.py", line 156, in pop3_fetch_emails
    cursor.execute (query, insert_values)
psycopg2.errors.UndefinedTable: relation "sma_stat_dep.tbl_file_upload" does not exist
LINE 1: ...) AS (INSERT INTO                                 sma_stat_d...
                                                             ^

[2024-07-03T12:05:06.099+0000] {taskinstance.py:1400} INFO - Marking task as FAILED. dag_id=reports_workflow, task_id=id_task_get_emails, execution_date=20240702T094500, start_date=20240703T120504, end_date=20240703T120506
[2024-07-03T12:05:06.114+0000] {standard_task_runner.py:104} ERROR - Failed to execute job 803 for task id_task_get_emails (relation "sma_stat_dep.tbl_file_upload" does not exist
LINE 1: ...) AS (INSERT INTO                                 sma_stat_d...
                                                             ^
; 23385)
[2024-07-03T12:05:06.155+0000] {local_task_job_runner.py:228} INFO - Task exited with return code 1
[2024-07-03T12:05:06.194+0000] {taskinstance.py:2784} INFO - 0 downstream tasks scheduled from follow-on schedule check
[2024-07-03T12:23:32.595+0000] {taskinstance.py:1159} INFO - Dependencies all met for dep_context=non-requeueable deps ti=<TaskInstance: reports_workflow.id_task_get_emails scheduled__2024-07-02T09:45:00+00:00 [queued]>
[2024-07-03T12:23:32.653+0000] {taskinstance.py:1159} INFO - Dependencies all met for dep_context=requeueable deps ti=<TaskInstance: reports_workflow.id_task_get_emails scheduled__2024-07-02T09:45:00+00:00 [queued]>
[2024-07-03T12:23:32.653+0000] {taskinstance.py:1361} INFO - Starting attempt 1 of 1
[2024-07-03T12:23:32.668+0000] {taskinstance.py:1382} INFO - Executing <Task(PythonOperator): id_task_get_emails> on 2024-07-02 09:45:00+00:00
[2024-07-03T12:23:32.672+0000] {standard_task_runner.py:57} INFO - Started process 24288 to run task
[2024-07-03T12:23:32.681+0000] {standard_task_runner.py:84} INFO - Running: ['***', 'tasks', 'run', 'reports_workflow', 'id_task_get_emails', 'scheduled__2024-07-02T09:45:00+00:00', '--job-id', '1118', '--raw', '--subdir', 'DAGS_FOLDER/dag_email_robot.py', '--cfg-path', '/tmp/tmpmgmvppsk']
[2024-07-03T12:23:32.683+0000] {standard_task_runner.py:85} INFO - Job 1118: Subtask id_task_get_emails
[2024-07-03T12:23:32.737+0000] {task_command.py:415} INFO - Running <TaskInstance: reports_workflow.id_task_get_emails scheduled__2024-07-02T09:45:00+00:00 [running]> on host 6f4ef5488251
[2024-07-03T12:23:32.816+0000] {taskinstance.py:1660} INFO - Exporting env vars: AIRFLOW_CTX_DAG_OWNER='FIRDAVS' AIRFLOW_CTX_DAG_ID='reports_workflow' AIRFLOW_CTX_TASK_ID='id_task_get_emails' AIRFLOW_CTX_EXECUTION_DATE='2024-07-02T09:45:00+00:00' AIRFLOW_CTX_TRY_NUMBER='1' AIRFLOW_CTX_DAG_RUN_ID='scheduled__2024-07-02T09:45:00+00:00'
[2024-07-03T12:23:32.817+0000] {logging_mixin.py:151} INFO - path of config file:  /opt/***
[2024-07-03T12:23:32.817+0000] {logging_mixin.py:151} INFO - #>2024-07-03 12:23:32.817586_User@StatDep: EmailRobot in screated.
[2024-07-03T12:23:32.817+0000] {logging_mixin.py:151} INFO - #>2024-07-03 12:23:32.817773_User@StatDep: get_for_recent_emails is started...
[2024-07-03T12:23:32.817+0000] {logging_mixin.py:151} INFO - #>2024-07-03 12:23:32.817910_User@StatDep: pop3_fetch_emails isstarted...
[2024-07-03T12:23:33.202+0000] {logging_mixin.py:151} INFO -    b'+OK'
[2024-07-03T12:23:33.490+0000] {logging_mixin.py:151} INFO -    mailbox have 0 emails and the robot can process 10
[2024-07-03T12:23:33.491+0000] {logging_mixin.py:151} INFO - #>2024-07-03 12:23:33.491222_User@StatDep: no emails to process, exiting pop3_fetch_emails()...
[2024-07-03T12:23:33.492+0000] {python.py:194} INFO - Done. Returned value was: True
[2024-07-03T12:23:33.531+0000] {taskinstance.py:1400} INFO - Marking task as SUCCESS. dag_id=reports_workflow, task_id=id_task_get_emails, execution_date=20240702T094500, start_date=20240703T122332, end_date=20240703T122333
[2024-07-03T12:23:33.571+0000] {local_task_job_runner.py:228} INFO - Task exited with return code 0
[2024-07-03T12:23:33.603+0000] {taskinstance.py:2784} INFO - 1 downstream tasks scheduled from follow-on schedule check
