[2024-07-08T10:00:02.155+0000] {taskinstance.py:1159} INFO - Dependencies all met for dep_context=non-requeueable deps ti=<TaskInstance: reports_workflow.id_task_get_emails scheduled__2024-07-08T09:55:00+00:00 [queued]>
[2024-07-08T10:00:02.163+0000] {taskinstance.py:1159} INFO - Dependencies all met for dep_context=requeueable deps ti=<TaskInstance: reports_workflow.id_task_get_emails scheduled__2024-07-08T09:55:00+00:00 [queued]>
[2024-07-08T10:00:02.164+0000] {taskinstance.py:1361} INFO - Starting attempt 1 of 2
[2024-07-08T10:00:02.178+0000] {taskinstance.py:1382} INFO - Executing <Task(PythonOperator): id_task_get_emails> on 2024-07-08 09:55:00+00:00
[2024-07-08T10:00:02.183+0000] {standard_task_runner.py:57} INFO - Started process 7381 to run task
[2024-07-08T10:00:02.187+0000] {standard_task_runner.py:84} INFO - Running: ['***', 'tasks', 'run', 'reports_workflow', 'id_task_get_emails', 'scheduled__2024-07-08T09:55:00+00:00', '--job-id', '3691', '--raw', '--subdir', 'DAGS_FOLDER/dag_email_robot.py', '--cfg-path', '/tmp/tmp_bcpg4iw']
[2024-07-08T10:00:02.191+0000] {standard_task_runner.py:85} INFO - Job 3691: Subtask id_task_get_emails
[2024-07-08T10:00:02.291+0000] {task_command.py:415} INFO - Running <TaskInstance: reports_workflow.id_task_get_emails scheduled__2024-07-08T09:55:00+00:00 [running]> on host 6f4ef5488251
[2024-07-08T10:00:02.412+0000] {taskinstance.py:1660} INFO - Exporting env vars: AIRFLOW_CTX_DAG_OWNER='FIRDAVS' AIRFLOW_CTX_DAG_ID='reports_workflow' AIRFLOW_CTX_TASK_ID='id_task_get_emails' AIRFLOW_CTX_EXECUTION_DATE='2024-07-08T09:55:00+00:00' AIRFLOW_CTX_TRY_NUMBER='1' AIRFLOW_CTX_DAG_RUN_ID='scheduled__2024-07-08T09:55:00+00:00'
[2024-07-08T10:00:02.413+0000] {logging_mixin.py:151} INFO - path of config file:  /opt/***
[2024-07-08T10:00:02.414+0000] {logging_mixin.py:151} INFO - #>2024-07-08 10:00:02.414411_User@StatDep: EmailRobot in screated.
[2024-07-08T10:00:02.414+0000] {logging_mixin.py:151} INFO - #>2024-07-08 10:00:02.414776_User@StatDep: get_for_recent_emails is started...
[2024-07-08T10:00:02.415+0000] {logging_mixin.py:151} INFO - #>2024-07-08 10:00:02.415087_User@StatDep: pop3_fetch_emails isstarted...
[2024-07-08T10:00:07.776+0000] {logging_mixin.py:151} INFO -    b'+OK'
[2024-07-08T10:00:08.149+0000] {logging_mixin.py:151} INFO -    mailbox have 0 emails and the robot can process 10
[2024-07-08T10:00:08.150+0000] {logging_mixin.py:151} INFO - #>2024-07-08 10:00:08.150418_User@StatDep: no emails to process, exiting pop3_fetch_emails()...
[2024-07-08T10:00:08.151+0000] {python.py:194} INFO - Done. Returned value was: True
[2024-07-08T10:00:08.196+0000] {taskinstance.py:1400} INFO - Marking task as SUCCESS. dag_id=reports_workflow, task_id=id_task_get_emails, execution_date=20240708T095500, start_date=20240708T100002, end_date=20240708T100008
[2024-07-08T10:00:08.238+0000] {local_task_job_runner.py:228} INFO - Task exited with return code 0
[2024-07-08T10:00:08.270+0000] {taskinstance.py:2784} INFO - 1 downstream tasks scheduled from follow-on schedule check
[2024-07-08T10:23:24.584+0000] {taskinstance.py:1159} INFO - Dependencies all met for dep_context=non-requeueable deps ti=<TaskInstance: reports_workflow.id_task_get_emails scheduled__2024-07-08T09:55:00+00:00 [queued]>
[2024-07-08T10:23:24.609+0000] {taskinstance.py:1159} INFO - Dependencies all met for dep_context=requeueable deps ti=<TaskInstance: reports_workflow.id_task_get_emails scheduled__2024-07-08T09:55:00+00:00 [queued]>
[2024-07-08T10:23:24.610+0000] {taskinstance.py:1361} INFO - Starting attempt 1 of 2
[2024-07-08T10:23:24.628+0000] {taskinstance.py:1382} INFO - Executing <Task(PythonOperator): id_task_get_emails> on 2024-07-08 09:55:00+00:00
[2024-07-08T10:23:24.635+0000] {standard_task_runner.py:57} INFO - Started process 8363 to run task
[2024-07-08T10:23:24.642+0000] {standard_task_runner.py:84} INFO - Running: ['***', 'tasks', 'run', 'reports_workflow', 'id_task_get_emails', 'scheduled__2024-07-08T09:55:00+00:00', '--job-id', '3904', '--raw', '--subdir', 'DAGS_FOLDER/dag_email_robot.py', '--cfg-path', '/tmp/tmpuz61gww8']
[2024-07-08T10:23:24.650+0000] {standard_task_runner.py:85} INFO - Job 3904: Subtask id_task_get_emails
[2024-07-08T10:23:24.727+0000] {task_command.py:415} INFO - Running <TaskInstance: reports_workflow.id_task_get_emails scheduled__2024-07-08T09:55:00+00:00 [running]> on host 6f4ef5488251
[2024-07-08T10:23:24.833+0000] {taskinstance.py:1660} INFO - Exporting env vars: AIRFLOW_CTX_DAG_OWNER='FIRDAVS' AIRFLOW_CTX_DAG_ID='reports_workflow' AIRFLOW_CTX_TASK_ID='id_task_get_emails' AIRFLOW_CTX_EXECUTION_DATE='2024-07-08T09:55:00+00:00' AIRFLOW_CTX_TRY_NUMBER='1' AIRFLOW_CTX_DAG_RUN_ID='scheduled__2024-07-08T09:55:00+00:00'
[2024-07-08T10:23:24.834+0000] {logging_mixin.py:151} INFO - path of config file:  /opt/***
[2024-07-08T10:23:24.835+0000] {logging_mixin.py:151} INFO - #>2024-07-08 10:23:24.835416_User@StatDep: EmailRobot in screated.
[2024-07-08T10:23:24.837+0000] {logging_mixin.py:151} INFO - #>2024-07-08 10:23:24.837352_User@StatDep: get_for_recent_emails is started...
[2024-07-08T10:23:24.838+0000] {logging_mixin.py:151} INFO - #>2024-07-08 10:23:24.838446_User@StatDep: pop3_fetch_emails isstarted...
[2024-07-08T10:23:25.225+0000] {logging_mixin.py:151} INFO -    b'+OK'
[2024-07-08T10:23:25.582+0000] {logging_mixin.py:151} INFO -    mailbox have 0 emails and the robot can process 10
[2024-07-08T10:23:25.582+0000] {logging_mixin.py:151} INFO - #>2024-07-08 10:23:25.582587_User@StatDep: no emails to process, exiting pop3_fetch_emails()...
[2024-07-08T10:23:25.583+0000] {python.py:194} INFO - Done. Returned value was: True
[2024-07-08T10:23:25.608+0000] {taskinstance.py:1400} INFO - Marking task as SUCCESS. dag_id=reports_workflow, task_id=id_task_get_emails, execution_date=20240708T095500, start_date=20240708T102324, end_date=20240708T102325
[2024-07-08T10:23:25.663+0000] {local_task_job_runner.py:228} INFO - Task exited with return code 0
[2024-07-08T10:23:25.695+0000] {taskinstance.py:2784} INFO - 1 downstream tasks scheduled from follow-on schedule check
