[2024-07-03T09:58:31.834+0000] {taskinstance.py:1159} INFO - Dependencies all met for dep_context=non-requeueable deps ti=<TaskInstance: reports_workflow.id_task_get_emails scheduled__2024-07-02T19:50:00+00:00 [queued]>
[2024-07-03T09:58:31.844+0000] {taskinstance.py:1159} INFO - Dependencies all met for dep_context=requeueable deps ti=<TaskInstance: reports_workflow.id_task_get_emails scheduled__2024-07-02T19:50:00+00:00 [queued]>
[2024-07-03T09:58:31.844+0000] {taskinstance.py:1361} INFO - Starting attempt 1 of 1
[2024-07-03T09:58:31.857+0000] {taskinstance.py:1382} INFO - Executing <Task(PythonOperator): id_task_get_emails> on 2024-07-02 19:50:00+00:00
[2024-07-03T09:58:31.866+0000] {standard_task_runner.py:57} INFO - Started process 20827 to run task
[2024-07-03T09:58:31.872+0000] {standard_task_runner.py:84} INFO - Running: ['***', 'tasks', 'run', 'reports_workflow', 'id_task_get_emails', 'scheduled__2024-07-02T19:50:00+00:00', '--job-id', '484', '--raw', '--subdir', 'DAGS_FOLDER/dag_email_robot.py', '--cfg-path', '/tmp/tmpyf_jvjui']
[2024-07-03T09:58:31.873+0000] {standard_task_runner.py:85} INFO - Job 484: Subtask id_task_get_emails
[2024-07-03T09:58:32.000+0000] {task_command.py:415} INFO - Running <TaskInstance: reports_workflow.id_task_get_emails scheduled__2024-07-02T19:50:00+00:00 [running]> on host 6f4ef5488251
[2024-07-03T09:58:32.151+0000] {taskinstance.py:1660} INFO - Exporting env vars: AIRFLOW_CTX_DAG_OWNER='FIRDAVS' AIRFLOW_CTX_DAG_ID='reports_workflow' AIRFLOW_CTX_TASK_ID='id_task_get_emails' AIRFLOW_CTX_EXECUTION_DATE='2024-07-02T19:50:00+00:00' AIRFLOW_CTX_TRY_NUMBER='1' AIRFLOW_CTX_DAG_RUN_ID='scheduled__2024-07-02T19:50:00+00:00'
[2024-07-03T09:58:32.158+0000] {logging_mixin.py:151} INFO - path of config file:  /opt/***
[2024-07-03T09:58:32.158+0000] {logging_mixin.py:151} INFO - #>2024-07-03 09:58:32.158838_User@StatDep: EmailRobot in screated.
[2024-07-03T09:58:32.159+0000] {logging_mixin.py:151} INFO - #>2024-07-03 09:58:32.159029_User@StatDep: get_for_recent_emails is started...
[2024-07-03T09:58:32.159+0000] {logging_mixin.py:151} INFO - #>2024-07-03 09:58:32.159659_User@StatDep: pop3_fetch_emails isstarted...
[2024-07-03T09:58:32.600+0000] {logging_mixin.py:151} INFO -    b'+OK'
[2024-07-03T09:58:33.044+0000] {logging_mixin.py:151} INFO -    mailbox have 0 emails and the robot can process 10
[2024-07-03T09:58:33.044+0000] {logging_mixin.py:151} INFO - #>2024-07-03 09:58:33.044864_User@StatDep: no emails to process, exiting pop3_fetch_emails()...
[2024-07-03T09:58:33.045+0000] {python.py:194} INFO - Done. Returned value was: True
[2024-07-03T09:58:33.085+0000] {taskinstance.py:1400} INFO - Marking task as SUCCESS. dag_id=reports_workflow, task_id=id_task_get_emails, execution_date=20240702T195000, start_date=20240703T095831, end_date=20240703T095833
[2024-07-03T09:58:33.131+0000] {local_task_job_runner.py:228} INFO - Task exited with return code 0
[2024-07-03T09:58:33.160+0000] {taskinstance.py:2784} INFO - 0 downstream tasks scheduled from follow-on schedule check
[2024-07-03T12:29:06.196+0000] {taskinstance.py:1159} INFO - Dependencies all met for dep_context=non-requeueable deps ti=<TaskInstance: reports_workflow.id_task_get_emails scheduled__2024-07-02T19:50:00+00:00 [queued]>
[2024-07-03T12:29:06.248+0000] {taskinstance.py:1159} INFO - Dependencies all met for dep_context=requeueable deps ti=<TaskInstance: reports_workflow.id_task_get_emails scheduled__2024-07-02T19:50:00+00:00 [queued]>
[2024-07-03T12:29:06.248+0000] {taskinstance.py:1361} INFO - Starting attempt 1 of 1
[2024-07-03T12:29:06.277+0000] {taskinstance.py:1382} INFO - Executing <Task(PythonOperator): id_task_get_emails> on 2024-07-02 19:50:00+00:00
[2024-07-03T12:29:06.283+0000] {standard_task_runner.py:57} INFO - Started process 24858 to run task
[2024-07-03T12:29:06.300+0000] {standard_task_runner.py:84} INFO - Running: ['***', 'tasks', 'run', 'reports_workflow', 'id_task_get_emails', 'scheduled__2024-07-02T19:50:00+00:00', '--job-id', '1359', '--raw', '--subdir', 'DAGS_FOLDER/dag_email_robot.py', '--cfg-path', '/tmp/tmpznnca1sc']
[2024-07-03T12:29:06.303+0000] {standard_task_runner.py:85} INFO - Job 1359: Subtask id_task_get_emails
[2024-07-03T12:29:06.393+0000] {task_command.py:415} INFO - Running <TaskInstance: reports_workflow.id_task_get_emails scheduled__2024-07-02T19:50:00+00:00 [running]> on host 6f4ef5488251
[2024-07-03T12:29:06.493+0000] {taskinstance.py:1660} INFO - Exporting env vars: AIRFLOW_CTX_DAG_OWNER='FIRDAVS' AIRFLOW_CTX_DAG_ID='reports_workflow' AIRFLOW_CTX_TASK_ID='id_task_get_emails' AIRFLOW_CTX_EXECUTION_DATE='2024-07-02T19:50:00+00:00' AIRFLOW_CTX_TRY_NUMBER='1' AIRFLOW_CTX_DAG_RUN_ID='scheduled__2024-07-02T19:50:00+00:00'
[2024-07-03T12:29:06.494+0000] {logging_mixin.py:151} INFO - path of config file:  /opt/***
[2024-07-03T12:29:06.498+0000] {logging_mixin.py:151} INFO - #>2024-07-03 12:29:06.498159_User@StatDep: EmailRobot in screated.
[2024-07-03T12:29:06.498+0000] {logging_mixin.py:151} INFO - #>2024-07-03 12:29:06.498364_User@StatDep: get_for_recent_emails is started...
[2024-07-03T12:29:06.498+0000] {logging_mixin.py:151} INFO - #>2024-07-03 12:29:06.498501_User@StatDep: pop3_fetch_emails isstarted...
[2024-07-03T12:29:06.866+0000] {logging_mixin.py:151} INFO -    b'+OK'
[2024-07-03T12:29:07.168+0000] {logging_mixin.py:151} INFO -    mailbox have 0 emails and the robot can process 10
[2024-07-03T12:29:07.168+0000] {logging_mixin.py:151} INFO - #>2024-07-03 12:29:07.168399_User@StatDep: no emails to process, exiting pop3_fetch_emails()...
[2024-07-03T12:29:07.168+0000] {python.py:194} INFO - Done. Returned value was: True
[2024-07-03T12:29:07.218+0000] {taskinstance.py:1400} INFO - Marking task as SUCCESS. dag_id=reports_workflow, task_id=id_task_get_emails, execution_date=20240702T195000, start_date=20240703T122906, end_date=20240703T122907
[2024-07-03T12:29:07.368+0000] {local_task_job_runner.py:228} INFO - Task exited with return code 0
[2024-07-03T12:29:07.412+0000] {taskinstance.py:2784} INFO - 1 downstream tasks scheduled from follow-on schedule check
