[2024-07-03T09:58:58.866+0000] {taskinstance.py:1159} INFO - Dependencies all met for dep_context=non-requeueable deps ti=<TaskInstance: reports_workflow.id_task_get_emails scheduled__2024-07-03T00:40:00+00:00 [queued]>
[2024-07-03T09:58:58.883+0000] {taskinstance.py:1159} INFO - Dependencies all met for dep_context=requeueable deps ti=<TaskInstance: reports_workflow.id_task_get_emails scheduled__2024-07-03T00:40:00+00:00 [queued]>
[2024-07-03T09:58:58.884+0000] {taskinstance.py:1361} INFO - Starting attempt 1 of 1
[2024-07-03T09:58:58.898+0000] {taskinstance.py:1382} INFO - Executing <Task(PythonOperator): id_task_get_emails> on 2024-07-03 00:40:00+00:00
[2024-07-03T09:58:58.902+0000] {standard_task_runner.py:57} INFO - Started process 20949 to run task
[2024-07-03T09:58:58.909+0000] {standard_task_runner.py:84} INFO - Running: ['***', 'tasks', 'run', 'reports_workflow', 'id_task_get_emails', 'scheduled__2024-07-03T00:40:00+00:00', '--job-id', '543', '--raw', '--subdir', 'DAGS_FOLDER/dag_email_robot.py', '--cfg-path', '/tmp/tmpvnotsgq4']
[2024-07-03T09:58:58.910+0000] {standard_task_runner.py:85} INFO - Job 543: Subtask id_task_get_emails
[2024-07-03T09:58:58.970+0000] {task_command.py:415} INFO - Running <TaskInstance: reports_workflow.id_task_get_emails scheduled__2024-07-03T00:40:00+00:00 [running]> on host 6f4ef5488251
[2024-07-03T09:58:59.082+0000] {taskinstance.py:1660} INFO - Exporting env vars: AIRFLOW_CTX_DAG_OWNER='FIRDAVS' AIRFLOW_CTX_DAG_ID='reports_workflow' AIRFLOW_CTX_TASK_ID='id_task_get_emails' AIRFLOW_CTX_EXECUTION_DATE='2024-07-03T00:40:00+00:00' AIRFLOW_CTX_TRY_NUMBER='1' AIRFLOW_CTX_DAG_RUN_ID='scheduled__2024-07-03T00:40:00+00:00'
[2024-07-03T09:58:59.083+0000] {logging_mixin.py:151} INFO - path of config file:  /opt/***
[2024-07-03T09:58:59.084+0000] {logging_mixin.py:151} INFO - #>2024-07-03 09:58:59.084213_User@StatDep: EmailRobot in screated.
[2024-07-03T09:58:59.084+0000] {logging_mixin.py:151} INFO - #>2024-07-03 09:58:59.084391_User@StatDep: get_for_recent_emails is started...
[2024-07-03T09:58:59.084+0000] {logging_mixin.py:151} INFO - #>2024-07-03 09:58:59.084532_User@StatDep: pop3_fetch_emails isstarted...
[2024-07-03T09:58:59.485+0000] {logging_mixin.py:151} INFO -    b'+OK'
[2024-07-03T09:58:59.841+0000] {logging_mixin.py:151} INFO -    mailbox have 0 emails and the robot can process 10
[2024-07-03T09:58:59.842+0000] {logging_mixin.py:151} INFO - #>2024-07-03 09:58:59.842781_User@StatDep: no emails to process, exiting pop3_fetch_emails()...
[2024-07-03T09:58:59.844+0000] {python.py:194} INFO - Done. Returned value was: True
[2024-07-03T09:58:59.883+0000] {taskinstance.py:1400} INFO - Marking task as SUCCESS. dag_id=reports_workflow, task_id=id_task_get_emails, execution_date=20240703T004000, start_date=20240703T095858, end_date=20240703T095859
[2024-07-03T09:58:59.922+0000] {local_task_job_runner.py:228} INFO - Task exited with return code 0
[2024-07-03T09:58:59.946+0000] {taskinstance.py:2784} INFO - 0 downstream tasks scheduled from follow-on schedule check
[2024-07-03T13:39:21.344+0000] {taskinstance.py:1159} INFO - Dependencies all met for dep_context=non-requeueable deps ti=<TaskInstance: reports_workflow.id_task_get_emails scheduled__2024-07-03T00:40:00+00:00 [queued]>
[2024-07-03T13:39:21.353+0000] {taskinstance.py:1159} INFO - Dependencies all met for dep_context=requeueable deps ti=<TaskInstance: reports_workflow.id_task_get_emails scheduled__2024-07-03T00:40:00+00:00 [queued]>
[2024-07-03T13:39:21.353+0000] {taskinstance.py:1361} INFO - Starting attempt 1 of 1
[2024-07-03T13:39:21.370+0000] {taskinstance.py:1382} INFO - Executing <Task(PythonOperator): id_task_get_emails> on 2024-07-03 00:40:00+00:00
[2024-07-03T13:39:21.374+0000] {standard_task_runner.py:57} INFO - Started process 26162 to run task
[2024-07-03T13:39:21.383+0000] {standard_task_runner.py:84} INFO - Running: ['***', 'tasks', 'run', 'reports_workflow', 'id_task_get_emails', 'scheduled__2024-07-03T00:40:00+00:00', '--job-id', '1477', '--raw', '--subdir', 'DAGS_FOLDER/dag_email_robot.py', '--cfg-path', '/tmp/tmpqcyte5av']
[2024-07-03T13:39:21.384+0000] {standard_task_runner.py:85} INFO - Job 1477: Subtask id_task_get_emails
[2024-07-03T13:39:21.468+0000] {task_command.py:415} INFO - Running <TaskInstance: reports_workflow.id_task_get_emails scheduled__2024-07-03T00:40:00+00:00 [running]> on host 6f4ef5488251
[2024-07-03T13:39:21.669+0000] {taskinstance.py:1660} INFO - Exporting env vars: AIRFLOW_CTX_DAG_OWNER='FIRDAVS' AIRFLOW_CTX_DAG_ID='reports_workflow' AIRFLOW_CTX_TASK_ID='id_task_get_emails' AIRFLOW_CTX_EXECUTION_DATE='2024-07-03T00:40:00+00:00' AIRFLOW_CTX_TRY_NUMBER='1' AIRFLOW_CTX_DAG_RUN_ID='scheduled__2024-07-03T00:40:00+00:00'
[2024-07-03T13:39:21.672+0000] {logging_mixin.py:151} INFO - path of config file:  /opt/***
[2024-07-03T13:39:21.674+0000] {logging_mixin.py:151} INFO - #>2024-07-03 13:39:21.674595_User@StatDep: EmailRobot in screated.
[2024-07-03T13:39:21.675+0000] {logging_mixin.py:151} INFO - #>2024-07-03 13:39:21.675333_User@StatDep: get_for_recent_emails is started...
[2024-07-03T13:39:21.675+0000] {logging_mixin.py:151} INFO - #>2024-07-03 13:39:21.675707_User@StatDep: pop3_fetch_emails isstarted...
[2024-07-03T13:39:22.058+0000] {logging_mixin.py:151} INFO -    b'+OK'
[2024-07-03T13:39:22.491+0000] {logging_mixin.py:151} INFO -    mailbox have 0 emails and the robot can process 10
[2024-07-03T13:39:22.492+0000] {logging_mixin.py:151} INFO - #>2024-07-03 13:39:22.492450_User@StatDep: no emails to process, exiting pop3_fetch_emails()...
[2024-07-03T13:39:22.493+0000] {python.py:194} INFO - Done. Returned value was: True
[2024-07-03T13:39:22.544+0000] {taskinstance.py:1400} INFO - Marking task as SUCCESS. dag_id=reports_workflow, task_id=id_task_get_emails, execution_date=20240703T004000, start_date=20240703T133921, end_date=20240703T133922
[2024-07-03T13:39:22.587+0000] {local_task_job_runner.py:228} INFO - Task exited with return code 0
[2024-07-03T13:39:22.741+0000] {taskinstance.py:2784} INFO - 0 downstream tasks scheduled from follow-on schedule check
