[2024-07-29T11:40:06.240+0000] {taskinstance.py:1159} INFO - Dependencies all met for dep_context=non-requeueable deps ti=<TaskInstance: reports_workflow.id_task_send_emails scheduled__2024-07-29T11:35:00+00:00 [queued]>
[2024-07-29T11:40:06.248+0000] {taskinstance.py:1159} INFO - Dependencies all met for dep_context=requeueable deps ti=<TaskInstance: reports_workflow.id_task_send_emails scheduled__2024-07-29T11:35:00+00:00 [queued]>
[2024-07-29T11:40:06.249+0000] {taskinstance.py:1361} INFO - Starting attempt 1 of 2
[2024-07-29T11:40:06.262+0000] {taskinstance.py:1382} INFO - Executing <Task(PythonOperator): id_task_send_emails> on 2024-07-29 11:35:00+00:00
[2024-07-29T11:40:06.271+0000] {standard_task_runner.py:57} INFO - Started process 7342 to run task
[2024-07-29T11:40:06.281+0000] {standard_task_runner.py:84} INFO - Running: ['***', 'tasks', 'run', 'reports_workflow', 'id_task_send_emails', 'scheduled__2024-07-29T11:35:00+00:00', '--job-id', '244', '--raw', '--subdir', 'DAGS_FOLDER/dag_stat_report.py', '--cfg-path', '/tmp/tmpx1qno5z_']
[2024-07-29T11:40:06.285+0000] {standard_task_runner.py:85} INFO - Job 244: Subtask id_task_send_emails
[2024-07-29T11:40:06.351+0000] {task_command.py:415} INFO - Running <TaskInstance: reports_workflow.id_task_send_emails scheduled__2024-07-29T11:35:00+00:00 [running]> on host 3fb5581aee62
[2024-07-29T11:40:06.454+0000] {taskinstance.py:1660} INFO - Exporting env vars: AIRFLOW_CTX_DAG_OWNER='FIRDAVS' AIRFLOW_CTX_DAG_ID='reports_workflow' AIRFLOW_CTX_TASK_ID='id_task_send_emails' AIRFLOW_CTX_EXECUTION_DATE='2024-07-29T11:35:00+00:00' AIRFLOW_CTX_TRY_NUMBER='1' AIRFLOW_CTX_DAG_RUN_ID='scheduled__2024-07-29T11:35:00+00:00'
[2024-07-29T11:40:06.456+0000] {logging_mixin.py:151} INFO - path of config file:  /opt/***
[2024-07-29T11:40:06.457+0000] {logging_mixin.py:151} INFO - #>2024-07-29 11:40:06.457538_User@StatDep: EmailRobot in screated.
[2024-07-29T11:40:06.457+0000] {logging_mixin.py:151} INFO - #>2024-07-29 11:40:06.457871_User@StatDep: send_validation_results is started...
[2024-07-29T11:40:06.469+0000] {logging_mixin.py:151} INFO -    #>2024-07-29 11:40:06.469547_conneciton to db is set.
[2024-07-29T11:40:06.471+0000] {logging_mixin.py:151} INFO -    #>2024-07-29 11:40:06.471515_cursor execution is successful.
[2024-07-29T11:40:06.471+0000] {logging_mixin.py:151} INFO -    extracted information for about report sumbissions found...
[2024-07-29T11:40:06.473+0000] {logging_mixin.py:151} INFO - #>2024-07-29 11:40:06.473854_User@StatDep: email object ready to be sent:
[2024-07-29T11:40:06.931+0000] {logging_mixin.py:151} WARNING - send: 'ehlo [172.20.0.4]\r\n'
[2024-07-29T11:40:06.996+0000] {logging_mixin.py:151} WARNING - reply: b'250-smtp52.i.mail.ru\r\n'
[2024-07-29T11:40:06.997+0000] {logging_mixin.py:151} WARNING - reply: b'250-SIZE 73400320\r\n'
[2024-07-29T11:40:06.997+0000] {logging_mixin.py:151} WARNING - reply: b'250-8BITMIME\r\n'
[2024-07-29T11:40:06.998+0000] {logging_mixin.py:151} WARNING - reply: b'250-PIPELINING\r\n'
[2024-07-29T11:40:06.998+0000] {logging_mixin.py:151} WARNING - reply: b'250-DSN\r\n'
[2024-07-29T11:40:06.998+0000] {logging_mixin.py:151} WARNING - reply: b'250-SMTPUTF8\r\n'
[2024-07-29T11:40:06.999+0000] {logging_mixin.py:151} WARNING - reply: b'250 AUTH PLAIN LOGIN XOAUTH2\r\n'
[2024-07-29T11:40:06.999+0000] {logging_mixin.py:151} WARNING - reply: retcode (250); Msg: b'smtp52.i.mail.ru\nSIZE 73400320\n8BITMIME\nPIPELINING\nDSN\nSMTPUTF8\nAUTH PLAIN LOGIN XOAUTH2'
[2024-07-29T11:40:07.000+0000] {logging_mixin.py:151} WARNING - send: 'AUTH PLAIN AGtoYWxpbXpvZEBsaXN0LnJ1AEdSWFFSakMyYms0cVpIQjI2VXFk\r\n'
[2024-07-29T11:40:07.182+0000] {logging_mixin.py:151} WARNING - reply: b'235 Authentication succeeded\r\n'
[2024-07-29T11:40:07.183+0000] {logging_mixin.py:151} WARNING - reply: retcode (235); Msg: b'Authentication succeeded'
[2024-07-29T11:40:07.187+0000] {logging_mixin.py:151} WARNING - send: 'mail FROM:<khalimzod@list.ru> size=1971\r\n'
[2024-07-29T11:40:07.269+0000] {logging_mixin.py:151} WARNING - reply: b'250 OK\r\n'
[2024-07-29T11:40:07.269+0000] {logging_mixin.py:151} WARNING - reply: retcode (250); Msg: b'OK'
[2024-07-29T11:40:07.270+0000] {logging_mixin.py:151} WARNING - send: 'rcpt TO:<firdavskhushkadamov@gmail.com>\r\n'
[2024-07-29T11:40:07.351+0000] {logging_mixin.py:151} WARNING - reply: b'250 Accepted\r\n'
[2024-07-29T11:40:07.351+0000] {logging_mixin.py:151} WARNING - reply: retcode (250); Msg: b'Accepted'
[2024-07-29T11:40:07.352+0000] {logging_mixin.py:151} WARNING - send: 'data\r\n'
[2024-07-29T11:40:07.416+0000] {logging_mixin.py:151} WARNING - reply: b'354 Enter message, ending with "." on a line by itself\r\n'
[2024-07-29T11:40:07.416+0000] {logging_mixin.py:151} WARNING - reply: retcode (354); Msg: b'Enter message, ending with "." on a line by itself'
[2024-07-29T11:40:07.417+0000] {logging_mixin.py:151} WARNING - data: (354, b'Enter message, ending with "." on a line by itself')
[2024-07-29T11:40:07.417+0000] {logging_mixin.py:151} WARNING - send: b'Content-Type: multipart/mixed; boundary="===============5540396984561221154=="\r\nMIME-Version: 1.0\r\nSubject: =?utf-8?b?b21vckBuYnQudGo6INGE0LDQudC7ICIxSEsudjAuNTcwNy4zMTEyMjAyNC54bHN4IiDQt9Cw0LPRgNGD0LbQtdC90L3Ri9C5INCyIDIwMjQtMDctMjkgMTA6MjE6MDkrMDA6MDAg0J3QlSDQn9Cg0JjQndCv0KI=?=\r\nFrom: khalimzod@list.ru\r\nTo: <firdavskhushkadamov@gmail.com>\r\n\r\n--===============5540396984561221154==\r\nContent-Type: text/plain; charset="utf-8"\r\nMIME-Version: 1.0\r\nContent-Transfer-Encoding: base64\r\n\r\n0JfQtNGA0LDQstGB0YLQstGD0LnRgtC1LCAKINCaINGB0L7QttCw0LvQtdC90LjRjiDRhNCw0LnQ\r\nuyDRgSDQuNC80LXQvdC10LwgMUhLLnYwLjU3MDcuMzExMjIwMjQueGxzeCwg0LfQsNCz0YDRg9C2\r\n0LXQvdC90YvQuSDQsiAyMDI0LTA3LTI5IDEwOjIxOjA5KzAwOjAwINC90LUg0LHRi9C7INC/0YDQ\r\nuNC90Y/RgiDRgdC40YHRgtC10LzQvtC5INCw0LLRgtC+0LzQsNGC0LjRh9C10YHQutC+0Lkg0L7Q\r\nsdGA0LDQsdC+0YLQutC4LiDQn9C+0LbQsNC70YPQudGB0YLQsCwg0L/RgNC+0LLQtdGA0YzRgtC1\r\nINC30LDQv9C+0LvQvdC10L3QuNC1INGE0LDQudC70LAuIAog0JTQvtC/0L7Qu9C90LjRgtC10LvR\r\njNC90YvQtSDRgdCy0LXQtNC10L3RjNGPINC/0L4g0L7QsdC90LDRgNGD0LbQtdC90L3Ri9C8INC+\r\n0YjQuNCx0LrQsNC8INC/0YDQuNC70L7QttC10L3QvdGLINC6INC/0LjRgdGM0LzRgy4KIEMg0YPQ\r\nstCw0LbQtdC90LjQtdC8LCAKINCU0LXQv9Cw0YDRgtCw0LzQtdC90YIg0YHRgtCw0YLQuNGB0YLQ\r\nuNC60Lgg0Lgg0L/Qu9Cw0YLQtdC20L3QvtCz0L4g0LHQsNC70LDQvdGB0LAg\r\n\r\n--===============5540396984561221154==\r\nMIME-Version: 1.0\r\nContent-Type: application/text/csv; charset="utf-8"\r\nContent-Transfer-Encoding: base64\r\nContent-Transfer-Encoding: base64\r\ncontent-disposition: attachment; filename="1HK.v0.5707.31122024.xlsx_protocol.txt"\r\n\r\n0JTQsNGC0LAg0Lgg0LLRgNC10LzRjyDQv9C+0LvRg9GH0LXQvdC40Y8g0YTQsNC50LvQsCAtLS0t\r\nLS0tLS0tLS0tLS0tLS0tLSAyMDI0LTA3LTI5IDExOjQwOjA0Cgog0JvQuNGB0YLRiyDQuCDQuNGF\r\nINC90LDQuNC80LXQvdC+0LLQsNC90LjQtSDQsiDQtNCw0L3QvdC+0Lwg0L7RgtGH0LXRgtC1INC9\r\n0LUg0YHQvtC+0YLQstC10YLRgdGC0LLRg9C10YIg0YHRgtCw0L3QtNCw0YDRgtGDCiDQutC+0LvQ\r\nuNGH0LXRgdGC0LLQviDQvdCw0LnQtNC10L3QvdGL0YUg0L7RiNC40LHQvtC6IC0tLS0tLS0tLS0t\r\nLS0tLS0tLS0tMQ==\r\n\r\n--===============5540396984561221154==--\r\n.\r\n'
[2024-07-29T11:40:10.372+0000] {logging_mixin.py:151} WARNING - reply: b'250 OK id=1sYOjX-000000006a7-1bXF\r\n'
[2024-07-29T11:40:10.372+0000] {logging_mixin.py:151} WARNING - reply: retcode (250); Msg: b'OK id=1sYOjX-000000006a7-1bXF'
[2024-07-29T11:40:10.373+0000] {logging_mixin.py:151} WARNING - data: (250, b'OK id=1sYOjX-000000006a7-1bXF')
[2024-07-29T11:40:10.373+0000] {logging_mixin.py:151} INFO - #>2024-07-29 11:40:10.373298_User@StatDep: email successfuly sent
[2024-07-29T11:40:10.373+0000] {logging_mixin.py:151} WARNING - send: 'QUIT\r\n'
[2024-07-29T11:40:10.645+0000] {logging_mixin.py:151} WARNING - reply: b'221 exim-smtp-868bf69f6c-cmzjl closing connection\r\n'
[2024-07-29T11:40:10.646+0000] {logging_mixin.py:151} WARNING - reply: retcode (221); Msg: b'exim-smtp-868bf69f6c-cmzjl closing connection'
[2024-07-29T11:40:10.647+0000] {logging_mixin.py:151} INFO -    finilizing processing for the reserved file uploads...
[2024-07-29T11:40:10.649+0000] {python.py:194} INFO - Done. Returned value was: True
[2024-07-29T11:40:10.688+0000] {taskinstance.py:1400} INFO - Marking task as SUCCESS. dag_id=reports_workflow, task_id=id_task_send_emails, execution_date=20240729T113500, start_date=20240729T114006, end_date=20240729T114010
[2024-07-29T11:40:10.709+0000] {local_task_job_runner.py:228} INFO - Task exited with return code 0
[2024-07-29T11:40:10.731+0000] {taskinstance.py:2784} INFO - 0 downstream tasks scheduled from follow-on schedule check
