[2024-07-03T09:58:08.787+0000] {taskinstance.py:1159} INFO - Dependencies all met for dep_context=non-requeueable deps ti=<TaskInstance: reports_workflow.id_task_get_emails scheduled__2024-07-02T15:25:00+00:00 [queued]>
[2024-07-03T09:58:08.794+0000] {taskinstance.py:1159} INFO - Dependencies all met for dep_context=requeueable deps ti=<TaskInstance: reports_workflow.id_task_get_emails scheduled__2024-07-02T15:25:00+00:00 [queued]>
[2024-07-03T09:58:08.794+0000] {taskinstance.py:1361} INFO - Starting attempt 1 of 1
[2024-07-03T09:58:08.807+0000] {taskinstance.py:1382} INFO - Executing <Task(PythonOperator): id_task_get_emails> on 2024-07-02 15:25:00+00:00
[2024-07-03T09:58:08.819+0000] {standard_task_runner.py:57} INFO - Started process 20711 to run task
[2024-07-03T09:58:08.822+0000] {standard_task_runner.py:84} INFO - Running: ['***', 'tasks', 'run', 'reports_workflow', 'id_task_get_emails', 'scheduled__2024-07-02T15:25:00+00:00', '--job-id', '430', '--raw', '--subdir', 'DAGS_FOLDER/dag_email_robot.py', '--cfg-path', '/tmp/tmpib7_agnm']
[2024-07-03T09:58:08.823+0000] {standard_task_runner.py:85} INFO - Job 430: Subtask id_task_get_emails
[2024-07-03T09:58:08.907+0000] {task_command.py:415} INFO - Running <TaskInstance: reports_workflow.id_task_get_emails scheduled__2024-07-02T15:25:00+00:00 [running]> on host 6f4ef5488251
[2024-07-03T09:58:09.020+0000] {taskinstance.py:1660} INFO - Exporting env vars: AIRFLOW_CTX_DAG_OWNER='FIRDAVS' AIRFLOW_CTX_DAG_ID='reports_workflow' AIRFLOW_CTX_TASK_ID='id_task_get_emails' AIRFLOW_CTX_EXECUTION_DATE='2024-07-02T15:25:00+00:00' AIRFLOW_CTX_TRY_NUMBER='1' AIRFLOW_CTX_DAG_RUN_ID='scheduled__2024-07-02T15:25:00+00:00'
[2024-07-03T09:58:09.021+0000] {logging_mixin.py:151} INFO - path of config file:  /opt/***
[2024-07-03T09:58:09.021+0000] {logging_mixin.py:151} INFO - #>2024-07-03 09:58:09.021517_User@StatDep: EmailRobot in screated.
[2024-07-03T09:58:09.021+0000] {logging_mixin.py:151} INFO - #>2024-07-03 09:58:09.021692_User@StatDep: get_for_recent_emails is started...
[2024-07-03T09:58:09.021+0000] {logging_mixin.py:151} INFO - #>2024-07-03 09:58:09.021805_User@StatDep: pop3_fetch_emails isstarted...
[2024-07-03T09:58:09.392+0000] {logging_mixin.py:151} INFO -    b'+OK'
[2024-07-03T09:58:09.742+0000] {logging_mixin.py:151} INFO -    mailbox have 0 emails and the robot can process 10
[2024-07-03T09:58:09.743+0000] {logging_mixin.py:151} INFO - #>2024-07-03 09:58:09.743602_User@StatDep: no emails to process, exiting pop3_fetch_emails()...
[2024-07-03T09:58:09.744+0000] {python.py:194} INFO - Done. Returned value was: True
[2024-07-03T09:58:09.778+0000] {taskinstance.py:1400} INFO - Marking task as SUCCESS. dag_id=reports_workflow, task_id=id_task_get_emails, execution_date=20240702T152500, start_date=20240703T095808, end_date=20240703T095809
[2024-07-03T09:58:09.855+0000] {local_task_job_runner.py:228} INFO - Task exited with return code 0
[2024-07-03T09:58:09.875+0000] {taskinstance.py:2784} INFO - 0 downstream tasks scheduled from follow-on schedule check
[2024-07-03T12:05:34.035+0000] {taskinstance.py:1159} INFO - Dependencies all met for dep_context=non-requeueable deps ti=<TaskInstance: reports_workflow.id_task_get_emails scheduled__2024-07-02T15:25:00+00:00 [queued]>
[2024-07-03T12:05:34.054+0000] {taskinstance.py:1159} INFO - Dependencies all met for dep_context=requeueable deps ti=<TaskInstance: reports_workflow.id_task_get_emails scheduled__2024-07-02T15:25:00+00:00 [queued]>
[2024-07-03T12:05:34.055+0000] {taskinstance.py:1361} INFO - Starting attempt 1 of 1
[2024-07-03T12:05:34.072+0000] {taskinstance.py:1382} INFO - Executing <Task(PythonOperator): id_task_get_emails> on 2024-07-02 15:25:00+00:00
[2024-07-03T12:05:34.078+0000] {standard_task_runner.py:57} INFO - Started process 23530 to run task
[2024-07-03T12:05:34.082+0000] {standard_task_runner.py:84} INFO - Running: ['***', 'tasks', 'run', 'reports_workflow', 'id_task_get_emails', 'scheduled__2024-07-02T15:25:00+00:00', '--job-id', '871', '--raw', '--subdir', 'DAGS_FOLDER/dag_email_robot.py', '--cfg-path', '/tmp/tmp6vi86xqy']
[2024-07-03T12:05:34.084+0000] {standard_task_runner.py:85} INFO - Job 871: Subtask id_task_get_emails
[2024-07-03T12:05:34.179+0000] {task_command.py:415} INFO - Running <TaskInstance: reports_workflow.id_task_get_emails scheduled__2024-07-02T15:25:00+00:00 [running]> on host 6f4ef5488251
[2024-07-03T12:05:34.316+0000] {taskinstance.py:1660} INFO - Exporting env vars: AIRFLOW_CTX_DAG_OWNER='FIRDAVS' AIRFLOW_CTX_DAG_ID='reports_workflow' AIRFLOW_CTX_TASK_ID='id_task_get_emails' AIRFLOW_CTX_EXECUTION_DATE='2024-07-02T15:25:00+00:00' AIRFLOW_CTX_TRY_NUMBER='1' AIRFLOW_CTX_DAG_RUN_ID='scheduled__2024-07-02T15:25:00+00:00'
[2024-07-03T12:05:34.317+0000] {logging_mixin.py:151} INFO - path of config file:  /opt/***
[2024-07-03T12:05:34.318+0000] {logging_mixin.py:151} INFO - #>2024-07-03 12:05:34.318450_User@StatDep: EmailRobot in screated.
[2024-07-03T12:05:34.318+0000] {logging_mixin.py:151} INFO - #>2024-07-03 12:05:34.318647_User@StatDep: get_for_recent_emails is started...
[2024-07-03T12:05:34.318+0000] {logging_mixin.py:151} INFO - #>2024-07-03 12:05:34.318781_User@StatDep: pop3_fetch_emails isstarted...
[2024-07-03T12:05:34.741+0000] {logging_mixin.py:151} INFO -    b'+OK'
[2024-07-03T12:05:35.164+0000] {logging_mixin.py:151} INFO -    mailbox have 1 emails and the robot can process 10
[2024-07-03T12:05:35.612+0000] {logging_mixin.py:151} INFO -    #>2024-07-03 12:05:35.612501_conneciton to db is set.
[2024-07-03T12:05:35.625+0000] {taskinstance.py:1943} ERROR - Task failed with exception
Traceback (most recent call last):
  File "/home/airflow/.local/lib/python3.8/site-packages/airflow/operators/python.py", line 192, in execute
    return_value = self.execute_callable()
  File "/home/airflow/.local/lib/python3.8/site-packages/airflow/operators/python.py", line 209, in execute_callable
    return self.python_callable(*self.op_args, **self.op_kwargs)
  File "/opt/airflow/dags/dag_email_robot.py", line 25, in get_emails
    robot.fetch_emails()
  File "/opt/airflow/dags/emailRobot.py", line 62, in fetch_emails
    return self.pop3_fetch_emails()
  File "/opt/airflow/dags/emailRobot.py", line 156, in pop3_fetch_emails
    cursor.execute (query, insert_values)
psycopg2.errors.UndefinedTable: relation "sma_stat_dep.tbl_file_upload" does not exist
LINE 1: ...) AS (INSERT INTO                                 sma_stat_d...
                                                             ^

[2024-07-03T12:05:35.649+0000] {taskinstance.py:1400} INFO - Marking task as FAILED. dag_id=reports_workflow, task_id=id_task_get_emails, execution_date=20240702T152500, start_date=20240703T120534, end_date=20240703T120535
[2024-07-03T12:05:35.712+0000] {standard_task_runner.py:104} ERROR - Failed to execute job 871 for task id_task_get_emails (relation "sma_stat_dep.tbl_file_upload" does not exist
LINE 1: ...) AS (INSERT INTO                                 sma_stat_d...
                                                             ^
; 23530)
[2024-07-03T12:05:35.772+0000] {local_task_job_runner.py:228} INFO - Task exited with return code 1
[2024-07-03T12:05:35.818+0000] {taskinstance.py:2784} INFO - 0 downstream tasks scheduled from follow-on schedule check
[2024-07-03T12:25:22.510+0000] {taskinstance.py:1159} INFO - Dependencies all met for dep_context=non-requeueable deps ti=<TaskInstance: reports_workflow.id_task_get_emails scheduled__2024-07-02T15:25:00+00:00 [queued]>
[2024-07-03T12:25:22.526+0000] {taskinstance.py:1159} INFO - Dependencies all met for dep_context=requeueable deps ti=<TaskInstance: reports_workflow.id_task_get_emails scheduled__2024-07-02T15:25:00+00:00 [queued]>
[2024-07-03T12:25:22.526+0000] {taskinstance.py:1361} INFO - Starting attempt 1 of 1
[2024-07-03T12:25:22.538+0000] {taskinstance.py:1382} INFO - Executing <Task(PythonOperator): id_task_get_emails> on 2024-07-02 15:25:00+00:00
[2024-07-03T12:25:22.554+0000] {standard_task_runner.py:57} INFO - Started process 24575 to run task
[2024-07-03T12:25:22.571+0000] {standard_task_runner.py:84} INFO - Running: ['***', 'tasks', 'run', 'reports_workflow', 'id_task_get_emails', 'scheduled__2024-07-02T15:25:00+00:00', '--job-id', '1244', '--raw', '--subdir', 'DAGS_FOLDER/dag_email_robot.py', '--cfg-path', '/tmp/tmpk1jemerd']
[2024-07-03T12:25:22.579+0000] {standard_task_runner.py:85} INFO - Job 1244: Subtask id_task_get_emails
[2024-07-03T12:25:22.737+0000] {task_command.py:415} INFO - Running <TaskInstance: reports_workflow.id_task_get_emails scheduled__2024-07-02T15:25:00+00:00 [running]> on host 6f4ef5488251
[2024-07-03T12:25:23.067+0000] {taskinstance.py:1660} INFO - Exporting env vars: AIRFLOW_CTX_DAG_OWNER='FIRDAVS' AIRFLOW_CTX_DAG_ID='reports_workflow' AIRFLOW_CTX_TASK_ID='id_task_get_emails' AIRFLOW_CTX_EXECUTION_DATE='2024-07-02T15:25:00+00:00' AIRFLOW_CTX_TRY_NUMBER='1' AIRFLOW_CTX_DAG_RUN_ID='scheduled__2024-07-02T15:25:00+00:00'
[2024-07-03T12:25:23.075+0000] {logging_mixin.py:151} INFO - path of config file:  /opt/***
[2024-07-03T12:25:23.075+0000] {logging_mixin.py:151} INFO - #>2024-07-03 12:25:23.075497_User@StatDep: EmailRobot in screated.
[2024-07-03T12:25:23.081+0000] {logging_mixin.py:151} INFO - #>2024-07-03 12:25:23.081352_User@StatDep: get_for_recent_emails is started...
[2024-07-03T12:25:23.081+0000] {logging_mixin.py:151} INFO - #>2024-07-03 12:25:23.081499_User@StatDep: pop3_fetch_emails isstarted...
[2024-07-03T12:25:23.493+0000] {logging_mixin.py:151} INFO -    b'+OK'
[2024-07-03T12:25:23.873+0000] {logging_mixin.py:151} INFO -    mailbox have 0 emails and the robot can process 10
[2024-07-03T12:25:23.873+0000] {logging_mixin.py:151} INFO - #>2024-07-03 12:25:23.873957_User@StatDep: no emails to process, exiting pop3_fetch_emails()...
[2024-07-03T12:25:23.874+0000] {python.py:194} INFO - Done. Returned value was: True
[2024-07-03T12:25:23.922+0000] {taskinstance.py:1400} INFO - Marking task as SUCCESS. dag_id=reports_workflow, task_id=id_task_get_emails, execution_date=20240702T152500, start_date=20240703T122522, end_date=20240703T122523
[2024-07-03T12:25:23.960+0000] {local_task_job_runner.py:228} INFO - Task exited with return code 0
[2024-07-03T12:25:23.994+0000] {taskinstance.py:2784} INFO - 1 downstream tasks scheduled from follow-on schedule check
