[2024-07-03T09:57:33.836+0000] {taskinstance.py:1159} INFO - Dependencies all met for dep_context=non-requeueable deps ti=<TaskInstance: reports_workflow.id_task_get_emails scheduled__2024-07-02T09:40:00+00:00 [queued]>
[2024-07-03T09:57:33.844+0000] {taskinstance.py:1159} INFO - Dependencies all met for dep_context=requeueable deps ti=<TaskInstance: reports_workflow.id_task_get_emails scheduled__2024-07-02T09:40:00+00:00 [queued]>
[2024-07-03T09:57:33.845+0000] {taskinstance.py:1361} INFO - Starting attempt 1 of 1
[2024-07-03T09:57:33.871+0000] {taskinstance.py:1382} INFO - Executing <Task(PythonOperator): id_task_get_emails> on 2024-07-02 09:40:00+00:00
[2024-07-03T09:57:33.877+0000] {standard_task_runner.py:57} INFO - Started process 20565 to run task
[2024-07-03T09:57:33.890+0000] {standard_task_runner.py:84} INFO - Running: ['***', 'tasks', 'run', 'reports_workflow', 'id_task_get_emails', 'scheduled__2024-07-02T09:40:00+00:00', '--job-id', '361', '--raw', '--subdir', 'DAGS_FOLDER/dag_email_robot.py', '--cfg-path', '/tmp/tmpi8fghg1m']
[2024-07-03T09:57:33.892+0000] {standard_task_runner.py:85} INFO - Job 361: Subtask id_task_get_emails
[2024-07-03T09:57:33.975+0000] {task_command.py:415} INFO - Running <TaskInstance: reports_workflow.id_task_get_emails scheduled__2024-07-02T09:40:00+00:00 [running]> on host 6f4ef5488251
[2024-07-03T09:57:34.125+0000] {taskinstance.py:1660} INFO - Exporting env vars: AIRFLOW_CTX_DAG_OWNER='FIRDAVS' AIRFLOW_CTX_DAG_ID='reports_workflow' AIRFLOW_CTX_TASK_ID='id_task_get_emails' AIRFLOW_CTX_EXECUTION_DATE='2024-07-02T09:40:00+00:00' AIRFLOW_CTX_TRY_NUMBER='1' AIRFLOW_CTX_DAG_RUN_ID='scheduled__2024-07-02T09:40:00+00:00'
[2024-07-03T09:57:34.126+0000] {logging_mixin.py:151} INFO - path of config file:  /opt/***
[2024-07-03T09:57:34.127+0000] {taskinstance.py:1943} ERROR - Task failed with exception
Traceback (most recent call last):
  File "/home/airflow/.local/lib/python3.8/site-packages/airflow/operators/python.py", line 192, in execute
    return_value = self.execute_callable()
  File "/home/airflow/.local/lib/python3.8/site-packages/airflow/operators/python.py", line 209, in execute_callable
    return self.python_callable(*self.op_args, **self.op_kwargs)
  File "/opt/airflow/dags/dag_email_robot.py", line 22, in get_emails
    email_conf = json.load (open(path / ("config/email_conf.json")))
NameError: name 'json' is not defined
[2024-07-03T09:57:34.164+0000] {taskinstance.py:1400} INFO - Marking task as FAILED. dag_id=reports_workflow, task_id=id_task_get_emails, execution_date=20240702T094000, start_date=20240703T095733, end_date=20240703T095734
[2024-07-03T09:57:34.191+0000] {standard_task_runner.py:104} ERROR - Failed to execute job 361 for task id_task_get_emails (name 'json' is not defined; 20565)
[2024-07-03T09:57:34.220+0000] {local_task_job_runner.py:228} INFO - Task exited with return code 1
[2024-07-03T09:57:34.249+0000] {taskinstance.py:2784} INFO - 0 downstream tasks scheduled from follow-on schedule check
[2024-07-03T12:05:04.312+0000] {taskinstance.py:1159} INFO - Dependencies all met for dep_context=non-requeueable deps ti=<TaskInstance: reports_workflow.id_task_get_emails scheduled__2024-07-02T09:40:00+00:00 [queued]>
[2024-07-03T12:05:04.323+0000] {taskinstance.py:1159} INFO - Dependencies all met for dep_context=requeueable deps ti=<TaskInstance: reports_workflow.id_task_get_emails scheduled__2024-07-02T09:40:00+00:00 [queued]>
[2024-07-03T12:05:04.324+0000] {taskinstance.py:1361} INFO - Starting attempt 1 of 1
[2024-07-03T12:05:04.368+0000] {taskinstance.py:1382} INFO - Executing <Task(PythonOperator): id_task_get_emails> on 2024-07-02 09:40:00+00:00
[2024-07-03T12:05:04.373+0000] {standard_task_runner.py:57} INFO - Started process 23383 to run task
[2024-07-03T12:05:04.386+0000] {standard_task_runner.py:84} INFO - Running: ['***', 'tasks', 'run', 'reports_workflow', 'id_task_get_emails', 'scheduled__2024-07-02T09:40:00+00:00', '--job-id', '802', '--raw', '--subdir', 'DAGS_FOLDER/dag_email_robot.py', '--cfg-path', '/tmp/tmp13qujrzo']
[2024-07-03T12:05:04.387+0000] {standard_task_runner.py:85} INFO - Job 802: Subtask id_task_get_emails
[2024-07-03T12:05:04.465+0000] {task_command.py:415} INFO - Running <TaskInstance: reports_workflow.id_task_get_emails scheduled__2024-07-02T09:40:00+00:00 [running]> on host 6f4ef5488251
[2024-07-03T12:05:04.560+0000] {taskinstance.py:1660} INFO - Exporting env vars: AIRFLOW_CTX_DAG_OWNER='FIRDAVS' AIRFLOW_CTX_DAG_ID='reports_workflow' AIRFLOW_CTX_TASK_ID='id_task_get_emails' AIRFLOW_CTX_EXECUTION_DATE='2024-07-02T09:40:00+00:00' AIRFLOW_CTX_TRY_NUMBER='1' AIRFLOW_CTX_DAG_RUN_ID='scheduled__2024-07-02T09:40:00+00:00'
[2024-07-03T12:05:04.563+0000] {logging_mixin.py:151} INFO - path of config file:  /opt/***
[2024-07-03T12:05:04.564+0000] {logging_mixin.py:151} INFO - #>2024-07-03 12:05:04.564338_User@StatDep: EmailRobot in screated.
[2024-07-03T12:05:04.564+0000] {logging_mixin.py:151} INFO - #>2024-07-03 12:05:04.564525_User@StatDep: get_for_recent_emails is started...
[2024-07-03T12:05:04.564+0000] {logging_mixin.py:151} INFO - #>2024-07-03 12:05:04.564660_User@StatDep: pop3_fetch_emails isstarted...
[2024-07-03T12:05:04.923+0000] {logging_mixin.py:151} INFO -    b'+OK'
[2024-07-03T12:05:05.301+0000] {logging_mixin.py:151} INFO -    mailbox have 1 emails and the robot can process 10
[2024-07-03T12:05:05.721+0000] {logging_mixin.py:151} INFO -    #>2024-07-03 12:05:05.721440_conneciton to db is set.
[2024-07-03T12:05:05.728+0000] {taskinstance.py:1943} ERROR - Task failed with exception
Traceback (most recent call last):
  File "/home/airflow/.local/lib/python3.8/site-packages/airflow/operators/python.py", line 192, in execute
    return_value = self.execute_callable()
  File "/home/airflow/.local/lib/python3.8/site-packages/airflow/operators/python.py", line 209, in execute_callable
    return self.python_callable(*self.op_args, **self.op_kwargs)
  File "/opt/airflow/dags/dag_email_robot.py", line 25, in get_emails
    robot.fetch_emails()
  File "/opt/airflow/dags/emailRobot.py", line 62, in fetch_emails
    return self.pop3_fetch_emails()
  File "/opt/airflow/dags/emailRobot.py", line 156, in pop3_fetch_emails
    cursor.execute (query, insert_values)
psycopg2.errors.UndefinedTable: relation "sma_stat_dep.tbl_file_upload" does not exist
LINE 1: ...) AS (INSERT INTO                                 sma_stat_d...
                                                             ^

[2024-07-03T12:05:05.738+0000] {taskinstance.py:1400} INFO - Marking task as FAILED. dag_id=reports_workflow, task_id=id_task_get_emails, execution_date=20240702T094000, start_date=20240703T120504, end_date=20240703T120505
[2024-07-03T12:05:05.752+0000] {standard_task_runner.py:104} ERROR - Failed to execute job 802 for task id_task_get_emails (relation "sma_stat_dep.tbl_file_upload" does not exist
LINE 1: ...) AS (INSERT INTO                                 sma_stat_d...
                                                             ^
; 23383)
[2024-07-03T12:05:05.765+0000] {local_task_job_runner.py:228} INFO - Task exited with return code 1
[2024-07-03T12:05:05.799+0000] {taskinstance.py:2784} INFO - 0 downstream tasks scheduled from follow-on schedule check
[2024-07-03T12:23:28.734+0000] {taskinstance.py:1159} INFO - Dependencies all met for dep_context=non-requeueable deps ti=<TaskInstance: reports_workflow.id_task_get_emails scheduled__2024-07-02T09:40:00+00:00 [queued]>
[2024-07-03T12:23:28.745+0000] {taskinstance.py:1159} INFO - Dependencies all met for dep_context=requeueable deps ti=<TaskInstance: reports_workflow.id_task_get_emails scheduled__2024-07-02T09:40:00+00:00 [queued]>
[2024-07-03T12:23:28.746+0000] {taskinstance.py:1361} INFO - Starting attempt 1 of 1
[2024-07-03T12:23:28.758+0000] {taskinstance.py:1382} INFO - Executing <Task(PythonOperator): id_task_get_emails> on 2024-07-02 09:40:00+00:00
[2024-07-03T12:23:28.765+0000] {standard_task_runner.py:57} INFO - Started process 24284 to run task
[2024-07-03T12:23:28.768+0000] {standard_task_runner.py:84} INFO - Running: ['***', 'tasks', 'run', 'reports_workflow', 'id_task_get_emails', 'scheduled__2024-07-02T09:40:00+00:00', '--job-id', '1116', '--raw', '--subdir', 'DAGS_FOLDER/dag_email_robot.py', '--cfg-path', '/tmp/tmp_1v6a76u']
[2024-07-03T12:23:28.772+0000] {standard_task_runner.py:85} INFO - Job 1116: Subtask id_task_get_emails
[2024-07-03T12:23:28.818+0000] {task_command.py:415} INFO - Running <TaskInstance: reports_workflow.id_task_get_emails scheduled__2024-07-02T09:40:00+00:00 [running]> on host 6f4ef5488251
[2024-07-03T12:23:28.903+0000] {taskinstance.py:1660} INFO - Exporting env vars: AIRFLOW_CTX_DAG_OWNER='FIRDAVS' AIRFLOW_CTX_DAG_ID='reports_workflow' AIRFLOW_CTX_TASK_ID='id_task_get_emails' AIRFLOW_CTX_EXECUTION_DATE='2024-07-02T09:40:00+00:00' AIRFLOW_CTX_TRY_NUMBER='1' AIRFLOW_CTX_DAG_RUN_ID='scheduled__2024-07-02T09:40:00+00:00'
[2024-07-03T12:23:28.904+0000] {logging_mixin.py:151} INFO - path of config file:  /opt/***
[2024-07-03T12:23:28.905+0000] {logging_mixin.py:151} INFO - #>2024-07-03 12:23:28.905098_User@StatDep: EmailRobot in screated.
[2024-07-03T12:23:28.905+0000] {logging_mixin.py:151} INFO - #>2024-07-03 12:23:28.905336_User@StatDep: get_for_recent_emails is started...
[2024-07-03T12:23:28.905+0000] {logging_mixin.py:151} INFO - #>2024-07-03 12:23:28.905471_User@StatDep: pop3_fetch_emails isstarted...
[2024-07-03T12:23:29.306+0000] {logging_mixin.py:151} INFO -    b'+OK'
[2024-07-03T12:23:29.630+0000] {logging_mixin.py:151} INFO -    mailbox have 0 emails and the robot can process 10
[2024-07-03T12:23:29.631+0000] {logging_mixin.py:151} INFO - #>2024-07-03 12:23:29.631059_User@StatDep: no emails to process, exiting pop3_fetch_emails()...
[2024-07-03T12:23:29.631+0000] {python.py:194} INFO - Done. Returned value was: True
[2024-07-03T12:23:29.668+0000] {taskinstance.py:1400} INFO - Marking task as SUCCESS. dag_id=reports_workflow, task_id=id_task_get_emails, execution_date=20240702T094000, start_date=20240703T122328, end_date=20240703T122329
[2024-07-03T12:23:29.711+0000] {local_task_job_runner.py:228} INFO - Task exited with return code 0
[2024-07-03T12:23:29.745+0000] {taskinstance.py:2784} INFO - 1 downstream tasks scheduled from follow-on schedule check
