[2024-07-30T11:49:38.958+0000] {taskinstance.py:1159} INFO - Dependencies all met for dep_context=non-requeueable deps ti=<TaskInstance: reports_workflow.id_task_get_emails manual__2024-07-30T08:37:11.497129+00:00 [queued]>
[2024-07-30T11:49:38.974+0000] {taskinstance.py:1159} INFO - Dependencies all met for dep_context=requeueable deps ti=<TaskInstance: reports_workflow.id_task_get_emails manual__2024-07-30T08:37:11.497129+00:00 [queued]>
[2024-07-30T11:49:38.974+0000] {taskinstance.py:1361} INFO - Starting attempt 2 of 2
[2024-07-30T11:49:38.998+0000] {taskinstance.py:1382} INFO - Executing <Task(PythonOperator): id_task_get_emails> on 2024-07-30 08:37:11.497129+00:00
[2024-07-30T11:49:39.005+0000] {standard_task_runner.py:57} INFO - Started process 277 to run task
[2024-07-30T11:49:39.014+0000] {standard_task_runner.py:84} INFO - Running: ['***', 'tasks', 'run', 'reports_workflow', 'id_task_get_emails', 'manual__2024-07-30T08:37:11.497129+00:00', '--job-id', '433', '--raw', '--subdir', 'DAGS_FOLDER/dag_stat_report.py', '--cfg-path', '/tmp/tmpk1l8xa_h']
[2024-07-30T11:49:39.018+0000] {standard_task_runner.py:85} INFO - Job 433: Subtask id_task_get_emails
[2024-07-30T11:49:39.160+0000] {task_command.py:415} INFO - Running <TaskInstance: reports_workflow.id_task_get_emails manual__2024-07-30T08:37:11.497129+00:00 [running]> on host 6bb718ab9b8f
[2024-07-30T11:49:39.402+0000] {taskinstance.py:1660} INFO - Exporting env vars: AIRFLOW_CTX_DAG_OWNER='FIRDAVS' AIRFLOW_CTX_DAG_ID='reports_workflow' AIRFLOW_CTX_TASK_ID='id_task_get_emails' AIRFLOW_CTX_EXECUTION_DATE='2024-07-30T08:37:11.497129+00:00' AIRFLOW_CTX_TRY_NUMBER='2' AIRFLOW_CTX_DAG_RUN_ID='manual__2024-07-30T08:37:11.497129+00:00'
[2024-07-30T11:49:39.405+0000] {logging_mixin.py:151} INFO - path of config file:  /opt/***
[2024-07-30T11:49:39.406+0000] {logging_mixin.py:151} INFO - #>2024-07-30 11:49:39.406313_User@StatDep: EmailRobot in screated.
[2024-07-30T11:49:39.406+0000] {logging_mixin.py:151} INFO - #>2024-07-30 11:49:39.406689_User@StatDep: get_for_recent_emails is started...
[2024-07-30T11:49:39.407+0000] {logging_mixin.py:151} INFO - #>2024-07-30 11:49:39.407360_User@StatDep: pop3_fetch_emails isstarted...
[2024-07-30T11:49:39.894+0000] {logging_mixin.py:151} INFO -    b'+OK'
[2024-07-30T11:49:40.222+0000] {logging_mixin.py:151} INFO -    mailbox have 0 emails and the robot can process 10
[2024-07-30T11:49:40.222+0000] {logging_mixin.py:151} INFO - #>2024-07-30 11:49:40.222524_User@StatDep: no emails to process, exiting pop3_fetch_emails()...
[2024-07-30T11:49:40.223+0000] {python.py:194} INFO - Done. Returned value was: True
[2024-07-30T11:49:40.254+0000] {taskinstance.py:1400} INFO - Marking task as SUCCESS. dag_id=reports_workflow, task_id=id_task_get_emails, execution_date=20240730T083711, start_date=20240730T114938, end_date=20240730T114940
[2024-07-30T11:49:40.306+0000] {local_task_job_runner.py:228} INFO - Task exited with return code 0
[2024-07-30T11:49:40.349+0000] {taskinstance.py:2784} INFO - 1 downstream tasks scheduled from follow-on schedule check
