[2024-07-04T04:00:01.330+0000] {taskinstance.py:1159} INFO - Dependencies all met for dep_context=non-requeueable deps ti=<TaskInstance: reports_workflow.id_task_get_emails scheduled__2024-07-04T03:20:00+00:00 [queued]>
[2024-07-04T04:00:01.338+0000] {taskinstance.py:1159} INFO - Dependencies all met for dep_context=requeueable deps ti=<TaskInstance: reports_workflow.id_task_get_emails scheduled__2024-07-04T03:20:00+00:00 [queued]>
[2024-07-04T04:00:01.338+0000] {taskinstance.py:1361} INFO - Starting attempt 1 of 2
[2024-07-04T04:00:01.349+0000] {taskinstance.py:1382} INFO - Executing <Task(PythonOperator): id_task_get_emails> on 2024-07-04 03:20:00+00:00
[2024-07-04T04:00:01.353+0000] {standard_task_runner.py:57} INFO - Started process 41077 to run task
[2024-07-04T04:00:01.361+0000] {standard_task_runner.py:84} INFO - Running: ['***', 'tasks', 'run', 'reports_workflow', 'id_task_get_emails', 'scheduled__2024-07-04T03:20:00+00:00', '--job-id', '2354', '--raw', '--subdir', 'DAGS_FOLDER/dag_email_robot.py', '--cfg-path', '/tmp/tmp8uas4cmo']
[2024-07-04T04:00:01.363+0000] {standard_task_runner.py:85} INFO - Job 2354: Subtask id_task_get_emails
[2024-07-04T04:00:01.416+0000] {task_command.py:415} INFO - Running <TaskInstance: reports_workflow.id_task_get_emails scheduled__2024-07-04T03:20:00+00:00 [running]> on host 6f4ef5488251
[2024-07-04T04:00:01.498+0000] {taskinstance.py:1660} INFO - Exporting env vars: AIRFLOW_CTX_DAG_OWNER='FIRDAVS' AIRFLOW_CTX_DAG_ID='reports_workflow' AIRFLOW_CTX_TASK_ID='id_task_get_emails' AIRFLOW_CTX_EXECUTION_DATE='2024-07-04T03:20:00+00:00' AIRFLOW_CTX_TRY_NUMBER='1' AIRFLOW_CTX_DAG_RUN_ID='scheduled__2024-07-04T03:20:00+00:00'
[2024-07-04T04:00:01.499+0000] {logging_mixin.py:151} INFO - path of config file:  /opt/***
[2024-07-04T04:00:01.499+0000] {logging_mixin.py:151} INFO - #>2024-07-04 04:00:01.499839_User@StatDep: EmailRobot in screated.
[2024-07-04T04:00:01.500+0000] {logging_mixin.py:151} INFO - #>2024-07-04 04:00:01.500030_User@StatDep: get_for_recent_emails is started...
[2024-07-04T04:00:01.500+0000] {logging_mixin.py:151} INFO - #>2024-07-04 04:00:01.500162_User@StatDep: pop3_fetch_emails isstarted...
[2024-07-04T04:00:01.926+0000] {logging_mixin.py:151} INFO -    b'+OK'
[2024-07-04T04:00:02.324+0000] {logging_mixin.py:151} INFO -    mailbox have 0 emails and the robot can process 10
[2024-07-04T04:00:02.325+0000] {logging_mixin.py:151} INFO - #>2024-07-04 04:00:02.325382_User@StatDep: no emails to process, exiting pop3_fetch_emails()...
[2024-07-04T04:00:02.326+0000] {python.py:194} INFO - Done. Returned value was: True
[2024-07-04T04:00:02.365+0000] {taskinstance.py:1400} INFO - Marking task as SUCCESS. dag_id=reports_workflow, task_id=id_task_get_emails, execution_date=20240704T032000, start_date=20240704T040001, end_date=20240704T040002
[2024-07-04T04:00:02.413+0000] {local_task_job_runner.py:228} INFO - Task exited with return code 0
[2024-07-04T04:00:02.448+0000] {taskinstance.py:2784} INFO - 1 downstream tasks scheduled from follow-on schedule check
[2024-07-04T05:08:07.632+0000] {taskinstance.py:1159} INFO - Dependencies all met for dep_context=non-requeueable deps ti=<TaskInstance: reports_workflow.id_task_get_emails scheduled__2024-07-04T03:20:00+00:00 [queued]>
[2024-07-04T05:08:07.664+0000] {taskinstance.py:1159} INFO - Dependencies all met for dep_context=requeueable deps ti=<TaskInstance: reports_workflow.id_task_get_emails scheduled__2024-07-04T03:20:00+00:00 [queued]>
[2024-07-04T05:08:07.666+0000] {taskinstance.py:1361} INFO - Starting attempt 1 of 2
[2024-07-04T05:08:07.681+0000] {taskinstance.py:1382} INFO - Executing <Task(PythonOperator): id_task_get_emails> on 2024-07-04 03:20:00+00:00
[2024-07-04T05:08:07.691+0000] {standard_task_runner.py:57} INFO - Started process 42151 to run task
[2024-07-04T05:08:07.708+0000] {standard_task_runner.py:84} INFO - Running: ['***', 'tasks', 'run', 'reports_workflow', 'id_task_get_emails', 'scheduled__2024-07-04T03:20:00+00:00', '--job-id', '2372', '--raw', '--subdir', 'DAGS_FOLDER/dag_email_robot.py', '--cfg-path', '/tmp/tmpb8dyf_th']
[2024-07-04T05:08:07.709+0000] {standard_task_runner.py:85} INFO - Job 2372: Subtask id_task_get_emails
[2024-07-04T05:08:07.798+0000] {task_command.py:415} INFO - Running <TaskInstance: reports_workflow.id_task_get_emails scheduled__2024-07-04T03:20:00+00:00 [running]> on host 6f4ef5488251
[2024-07-04T05:08:07.931+0000] {taskinstance.py:1660} INFO - Exporting env vars: AIRFLOW_CTX_DAG_OWNER='FIRDAVS' AIRFLOW_CTX_DAG_ID='reports_workflow' AIRFLOW_CTX_TASK_ID='id_task_get_emails' AIRFLOW_CTX_EXECUTION_DATE='2024-07-04T03:20:00+00:00' AIRFLOW_CTX_TRY_NUMBER='1' AIRFLOW_CTX_DAG_RUN_ID='scheduled__2024-07-04T03:20:00+00:00'
[2024-07-04T05:08:07.932+0000] {logging_mixin.py:151} INFO - path of config file:  /opt/***
[2024-07-04T05:08:07.932+0000] {logging_mixin.py:151} INFO - #>2024-07-04 05:08:07.932876_User@StatDep: EmailRobot in screated.
[2024-07-04T05:08:07.933+0000] {logging_mixin.py:151} INFO - #>2024-07-04 05:08:07.933062_User@StatDep: get_for_recent_emails is started...
[2024-07-04T05:08:07.933+0000] {logging_mixin.py:151} INFO - #>2024-07-04 05:08:07.933204_User@StatDep: pop3_fetch_emails isstarted...
[2024-07-04T05:08:08.332+0000] {logging_mixin.py:151} INFO -    b'+OK'
[2024-07-04T05:08:08.667+0000] {logging_mixin.py:151} INFO -    mailbox have 0 emails and the robot can process 10
[2024-07-04T05:08:08.667+0000] {logging_mixin.py:151} INFO - #>2024-07-04 05:08:08.667918_User@StatDep: no emails to process, exiting pop3_fetch_emails()...
[2024-07-04T05:08:08.668+0000] {python.py:194} INFO - Done. Returned value was: True
[2024-07-04T05:08:08.715+0000] {taskinstance.py:1400} INFO - Marking task as SUCCESS. dag_id=reports_workflow, task_id=id_task_get_emails, execution_date=20240704T032000, start_date=20240704T050807, end_date=20240704T050808
[2024-07-04T05:08:08.771+0000] {local_task_job_runner.py:228} INFO - Task exited with return code 0
[2024-07-04T05:08:08.811+0000] {taskinstance.py:2784} INFO - 1 downstream tasks scheduled from follow-on schedule check
