[2024-07-03T09:57:07.737+0000] {taskinstance.py:1159} INFO - Dependencies all met for dep_context=non-requeueable deps ti=<TaskInstance: reports_workflow.id_task_get_emails scheduled__2024-07-02T01:00:00+00:00 [queued]>
[2024-07-03T09:57:07.750+0000] {taskinstance.py:1159} INFO - Dependencies all met for dep_context=requeueable deps ti=<TaskInstance: reports_workflow.id_task_get_emails scheduled__2024-07-02T01:00:00+00:00 [queued]>
[2024-07-03T09:57:07.753+0000] {taskinstance.py:1361} INFO - Starting attempt 2 of 2
[2024-07-03T09:57:07.773+0000] {taskinstance.py:1382} INFO - Executing <Task(PythonOperator): id_task_get_emails> on 2024-07-02 01:00:00+00:00
[2024-07-03T09:57:07.778+0000] {standard_task_runner.py:57} INFO - Started process 20458 to run task
[2024-07-03T09:57:07.789+0000] {standard_task_runner.py:84} INFO - Running: ['***', 'tasks', 'run', 'reports_workflow', 'id_task_get_emails', 'scheduled__2024-07-02T01:00:00+00:00', '--job-id', '311', '--raw', '--subdir', 'DAGS_FOLDER/dag_email_robot.py', '--cfg-path', '/tmp/tmpl0yyqt13']
[2024-07-03T09:57:07.790+0000] {standard_task_runner.py:85} INFO - Job 311: Subtask id_task_get_emails
[2024-07-03T09:57:07.851+0000] {task_command.py:415} INFO - Running <TaskInstance: reports_workflow.id_task_get_emails scheduled__2024-07-02T01:00:00+00:00 [running]> on host 6f4ef5488251
[2024-07-03T09:57:08.017+0000] {taskinstance.py:1660} INFO - Exporting env vars: AIRFLOW_CTX_DAG_OWNER='FIRDAVS' AIRFLOW_CTX_DAG_ID='reports_workflow' AIRFLOW_CTX_TASK_ID='id_task_get_emails' AIRFLOW_CTX_EXECUTION_DATE='2024-07-02T01:00:00+00:00' AIRFLOW_CTX_TRY_NUMBER='2' AIRFLOW_CTX_DAG_RUN_ID='scheduled__2024-07-02T01:00:00+00:00'
[2024-07-03T09:57:08.018+0000] {logging_mixin.py:151} INFO - path of config file:  /opt/***
[2024-07-03T09:57:08.018+0000] {taskinstance.py:1943} ERROR - Task failed with exception
Traceback (most recent call last):
  File "/home/airflow/.local/lib/python3.8/site-packages/airflow/operators/python.py", line 192, in execute
    return_value = self.execute_callable()
  File "/home/airflow/.local/lib/python3.8/site-packages/airflow/operators/python.py", line 209, in execute_callable
    return self.python_callable(*self.op_args, **self.op_kwargs)
  File "/opt/airflow/dags/dag_email_robot.py", line 22, in get_emails
    email_conf = json.load (open(path / ("config/email_conf.json")))
NameError: name 'json' is not defined
[2024-07-03T09:57:08.032+0000] {taskinstance.py:1400} INFO - Marking task as FAILED. dag_id=reports_workflow, task_id=id_task_get_emails, execution_date=20240702T010000, start_date=20240703T095707, end_date=20240703T095708
[2024-07-03T09:57:08.070+0000] {standard_task_runner.py:104} ERROR - Failed to execute job 311 for task id_task_get_emails (name 'json' is not defined; 20458)
[2024-07-03T09:57:08.080+0000] {local_task_job_runner.py:228} INFO - Task exited with return code 1
[2024-07-03T09:57:08.102+0000] {taskinstance.py:2784} INFO - 0 downstream tasks scheduled from follow-on schedule check
