[2024-07-03T09:57:58.747+0000] {taskinstance.py:1159} INFO - Dependencies all met for dep_context=non-requeueable deps ti=<TaskInstance: reports_workflow.id_task_get_emails scheduled__2024-07-02T13:40:00+00:00 [queued]>
[2024-07-03T09:57:58.762+0000] {taskinstance.py:1159} INFO - Dependencies all met for dep_context=requeueable deps ti=<TaskInstance: reports_workflow.id_task_get_emails scheduled__2024-07-02T13:40:00+00:00 [queued]>
[2024-07-03T09:57:58.762+0000] {taskinstance.py:1361} INFO - Starting attempt 1 of 1
[2024-07-03T09:57:58.833+0000] {taskinstance.py:1382} INFO - Executing <Task(PythonOperator): id_task_get_emails> on 2024-07-02 13:40:00+00:00
[2024-07-03T09:57:58.837+0000] {standard_task_runner.py:57} INFO - Started process 20668 to run task
[2024-07-03T09:57:58.842+0000] {standard_task_runner.py:84} INFO - Running: ['***', 'tasks', 'run', 'reports_workflow', 'id_task_get_emails', 'scheduled__2024-07-02T13:40:00+00:00', '--job-id', '409', '--raw', '--subdir', 'DAGS_FOLDER/dag_email_robot.py', '--cfg-path', '/tmp/tmpf9wcllud']
[2024-07-03T09:57:58.845+0000] {standard_task_runner.py:85} INFO - Job 409: Subtask id_task_get_emails
[2024-07-03T09:57:58.921+0000] {task_command.py:415} INFO - Running <TaskInstance: reports_workflow.id_task_get_emails scheduled__2024-07-02T13:40:00+00:00 [running]> on host 6f4ef5488251
[2024-07-03T09:57:59.016+0000] {taskinstance.py:1660} INFO - Exporting env vars: AIRFLOW_CTX_DAG_OWNER='FIRDAVS' AIRFLOW_CTX_DAG_ID='reports_workflow' AIRFLOW_CTX_TASK_ID='id_task_get_emails' AIRFLOW_CTX_EXECUTION_DATE='2024-07-02T13:40:00+00:00' AIRFLOW_CTX_TRY_NUMBER='1' AIRFLOW_CTX_DAG_RUN_ID='scheduled__2024-07-02T13:40:00+00:00'
[2024-07-03T09:57:59.017+0000] {logging_mixin.py:151} INFO - path of config file:  /opt/***
[2024-07-03T09:57:59.017+0000] {taskinstance.py:1943} ERROR - Task failed with exception
Traceback (most recent call last):
  File "/home/airflow/.local/lib/python3.8/site-packages/airflow/operators/python.py", line 192, in execute
    return_value = self.execute_callable()
  File "/home/airflow/.local/lib/python3.8/site-packages/airflow/operators/python.py", line 209, in execute_callable
    return self.python_callable(*self.op_args, **self.op_kwargs)
  File "/opt/airflow/dags/dag_email_robot.py", line 22, in get_emails
    email_conf = json.load (open(path / ("config/email_conf.json")))
NameError: name 'json' is not defined
[2024-07-03T09:57:59.028+0000] {taskinstance.py:1400} INFO - Marking task as FAILED. dag_id=reports_workflow, task_id=id_task_get_emails, execution_date=20240702T134000, start_date=20240703T095758, end_date=20240703T095759
[2024-07-03T09:57:59.042+0000] {standard_task_runner.py:104} ERROR - Failed to execute job 409 for task id_task_get_emails (name 'json' is not defined; 20668)
[2024-07-03T09:57:59.080+0000] {local_task_job_runner.py:228} INFO - Task exited with return code 1
[2024-07-03T09:57:59.098+0000] {taskinstance.py:2784} INFO - 0 downstream tasks scheduled from follow-on schedule check
[2024-07-03T12:05:23.885+0000] {taskinstance.py:1159} INFO - Dependencies all met for dep_context=non-requeueable deps ti=<TaskInstance: reports_workflow.id_task_get_emails scheduled__2024-07-02T13:40:00+00:00 [queued]>
[2024-07-03T12:05:23.895+0000] {taskinstance.py:1159} INFO - Dependencies all met for dep_context=requeueable deps ti=<TaskInstance: reports_workflow.id_task_get_emails scheduled__2024-07-02T13:40:00+00:00 [queued]>
[2024-07-03T12:05:23.896+0000] {taskinstance.py:1361} INFO - Starting attempt 1 of 1
[2024-07-03T12:05:23.930+0000] {taskinstance.py:1382} INFO - Executing <Task(PythonOperator): id_task_get_emails> on 2024-07-02 13:40:00+00:00
[2024-07-03T12:05:23.947+0000] {standard_task_runner.py:57} INFO - Started process 23478 to run task
[2024-07-03T12:05:23.963+0000] {standard_task_runner.py:84} INFO - Running: ['***', 'tasks', 'run', 'reports_workflow', 'id_task_get_emails', 'scheduled__2024-07-02T13:40:00+00:00', '--job-id', '850', '--raw', '--subdir', 'DAGS_FOLDER/dag_email_robot.py', '--cfg-path', '/tmp/tmp72nk3mfc']
[2024-07-03T12:05:23.964+0000] {standard_task_runner.py:85} INFO - Job 850: Subtask id_task_get_emails
[2024-07-03T12:05:24.113+0000] {task_command.py:415} INFO - Running <TaskInstance: reports_workflow.id_task_get_emails scheduled__2024-07-02T13:40:00+00:00 [running]> on host 6f4ef5488251
[2024-07-03T12:05:24.218+0000] {taskinstance.py:1660} INFO - Exporting env vars: AIRFLOW_CTX_DAG_OWNER='FIRDAVS' AIRFLOW_CTX_DAG_ID='reports_workflow' AIRFLOW_CTX_TASK_ID='id_task_get_emails' AIRFLOW_CTX_EXECUTION_DATE='2024-07-02T13:40:00+00:00' AIRFLOW_CTX_TRY_NUMBER='1' AIRFLOW_CTX_DAG_RUN_ID='scheduled__2024-07-02T13:40:00+00:00'
[2024-07-03T12:05:24.219+0000] {logging_mixin.py:151} INFO - path of config file:  /opt/***
[2024-07-03T12:05:24.220+0000] {logging_mixin.py:151} INFO - #>2024-07-03 12:05:24.220285_User@StatDep: EmailRobot in screated.
[2024-07-03T12:05:24.220+0000] {logging_mixin.py:151} INFO - #>2024-07-03 12:05:24.220494_User@StatDep: get_for_recent_emails is started...
[2024-07-03T12:05:24.224+0000] {logging_mixin.py:151} INFO - #>2024-07-03 12:05:24.223929_User@StatDep: pop3_fetch_emails isstarted...
[2024-07-03T12:05:24.595+0000] {logging_mixin.py:151} INFO -    b'+OK'
[2024-07-03T12:05:25.046+0000] {logging_mixin.py:151} INFO -    mailbox have 1 emails and the robot can process 10
[2024-07-03T12:05:25.614+0000] {logging_mixin.py:151} INFO -    #>2024-07-03 12:05:25.614664_conneciton to db is set.
[2024-07-03T12:05:25.622+0000] {taskinstance.py:1943} ERROR - Task failed with exception
Traceback (most recent call last):
  File "/home/airflow/.local/lib/python3.8/site-packages/airflow/operators/python.py", line 192, in execute
    return_value = self.execute_callable()
  File "/home/airflow/.local/lib/python3.8/site-packages/airflow/operators/python.py", line 209, in execute_callable
    return self.python_callable(*self.op_args, **self.op_kwargs)
  File "/opt/airflow/dags/dag_email_robot.py", line 25, in get_emails
    robot.fetch_emails()
  File "/opt/airflow/dags/emailRobot.py", line 62, in fetch_emails
    return self.pop3_fetch_emails()
  File "/opt/airflow/dags/emailRobot.py", line 156, in pop3_fetch_emails
    cursor.execute (query, insert_values)
psycopg2.errors.UndefinedTable: relation "sma_stat_dep.tbl_file_upload" does not exist
LINE 1: ...) AS (INSERT INTO                                 sma_stat_d...
                                                             ^

[2024-07-03T12:05:25.632+0000] {taskinstance.py:1400} INFO - Marking task as FAILED. dag_id=reports_workflow, task_id=id_task_get_emails, execution_date=20240702T134000, start_date=20240703T120523, end_date=20240703T120525
[2024-07-03T12:05:25.650+0000] {standard_task_runner.py:104} ERROR - Failed to execute job 850 for task id_task_get_emails (relation "sma_stat_dep.tbl_file_upload" does not exist
LINE 1: ...) AS (INSERT INTO                                 sma_stat_d...
                                                             ^
; 23478)
[2024-07-03T12:05:25.675+0000] {local_task_job_runner.py:228} INFO - Task exited with return code 1
[2024-07-03T12:05:25.700+0000] {taskinstance.py:2784} INFO - 0 downstream tasks scheduled from follow-on schedule check
[2024-07-03T12:24:58.693+0000] {taskinstance.py:1159} INFO - Dependencies all met for dep_context=non-requeueable deps ti=<TaskInstance: reports_workflow.id_task_get_emails scheduled__2024-07-02T13:40:00+00:00 [queued]>
[2024-07-03T12:24:59.244+0000] {taskinstance.py:1159} INFO - Dependencies all met for dep_context=requeueable deps ti=<TaskInstance: reports_workflow.id_task_get_emails scheduled__2024-07-02T13:40:00+00:00 [queued]>
[2024-07-03T12:24:59.246+0000] {taskinstance.py:1361} INFO - Starting attempt 1 of 1
[2024-07-03T12:24:59.355+0000] {taskinstance.py:1382} INFO - Executing <Task(PythonOperator): id_task_get_emails> on 2024-07-02 13:40:00+00:00
[2024-07-03T12:24:59.361+0000] {standard_task_runner.py:57} INFO - Started process 24500 to run task
[2024-07-03T12:24:59.370+0000] {standard_task_runner.py:84} INFO - Running: ['***', 'tasks', 'run', 'reports_workflow', 'id_task_get_emails', 'scheduled__2024-07-02T13:40:00+00:00', '--job-id', '1208', '--raw', '--subdir', 'DAGS_FOLDER/dag_email_robot.py', '--cfg-path', '/tmp/tmphzaxl26r']
[2024-07-03T12:24:59.371+0000] {standard_task_runner.py:85} INFO - Job 1208: Subtask id_task_get_emails
[2024-07-03T12:24:59.485+0000] {task_command.py:415} INFO - Running <TaskInstance: reports_workflow.id_task_get_emails scheduled__2024-07-02T13:40:00+00:00 [running]> on host 6f4ef5488251
[2024-07-03T12:24:59.775+0000] {taskinstance.py:1660} INFO - Exporting env vars: AIRFLOW_CTX_DAG_OWNER='FIRDAVS' AIRFLOW_CTX_DAG_ID='reports_workflow' AIRFLOW_CTX_TASK_ID='id_task_get_emails' AIRFLOW_CTX_EXECUTION_DATE='2024-07-02T13:40:00+00:00' AIRFLOW_CTX_TRY_NUMBER='1' AIRFLOW_CTX_DAG_RUN_ID='scheduled__2024-07-02T13:40:00+00:00'
[2024-07-03T12:24:59.776+0000] {logging_mixin.py:151} INFO - path of config file:  /opt/***
[2024-07-03T12:24:59.776+0000] {logging_mixin.py:151} INFO - #>2024-07-03 12:24:59.776853_User@StatDep: EmailRobot in screated.
[2024-07-03T12:24:59.777+0000] {logging_mixin.py:151} INFO - #>2024-07-03 12:24:59.777033_User@StatDep: get_for_recent_emails is started...
[2024-07-03T12:24:59.777+0000] {logging_mixin.py:151} INFO - #>2024-07-03 12:24:59.777166_User@StatDep: pop3_fetch_emails isstarted...
[2024-07-03T12:25:00.163+0000] {logging_mixin.py:151} INFO -    b'+OK'
[2024-07-03T12:25:00.504+0000] {logging_mixin.py:151} INFO -    mailbox have 0 emails and the robot can process 10
[2024-07-03T12:25:00.504+0000] {logging_mixin.py:151} INFO - #>2024-07-03 12:25:00.504559_User@StatDep: no emails to process, exiting pop3_fetch_emails()...
[2024-07-03T12:25:00.504+0000] {python.py:194} INFO - Done. Returned value was: True
[2024-07-03T12:25:00.621+0000] {taskinstance.py:1400} INFO - Marking task as SUCCESS. dag_id=reports_workflow, task_id=id_task_get_emails, execution_date=20240702T134000, start_date=20240703T122459, end_date=20240703T122500
[2024-07-03T12:25:00.739+0000] {local_task_job_runner.py:228} INFO - Task exited with return code 0
[2024-07-03T12:25:00.790+0000] {taskinstance.py:2784} INFO - 1 downstream tasks scheduled from follow-on schedule check
