[2024-07-10T07:30:01.951+0000] {taskinstance.py:1159} INFO - Dependencies all met for dep_context=non-requeueable deps ti=<TaskInstance: reports_workflow.id_task_get_emails scheduled__2024-07-10T07:25:00+00:00 [queued]>
[2024-07-10T07:30:01.959+0000] {taskinstance.py:1159} INFO - Dependencies all met for dep_context=requeueable deps ti=<TaskInstance: reports_workflow.id_task_get_emails scheduled__2024-07-10T07:25:00+00:00 [queued]>
[2024-07-10T07:30:01.960+0000] {taskinstance.py:1361} INFO - Starting attempt 1 of 2
[2024-07-10T07:30:01.971+0000] {taskinstance.py:1382} INFO - Executing <Task(PythonOperator): id_task_get_emails> on 2024-07-10 07:25:00+00:00
[2024-07-10T07:30:01.978+0000] {standard_task_runner.py:57} INFO - Started process 52045 to run task
[2024-07-10T07:30:01.983+0000] {standard_task_runner.py:84} INFO - Running: ['***', 'tasks', 'run', 'reports_workflow', 'id_task_get_emails', 'scheduled__2024-07-10T07:25:00+00:00', '--job-id', '4693', '--raw', '--subdir', 'DAGS_FOLDER/dag_email_robot.py', '--cfg-path', '/tmp/tmp_l9me_cl']
[2024-07-10T07:30:01.989+0000] {standard_task_runner.py:85} INFO - Job 4693: Subtask id_task_get_emails
[2024-07-10T07:30:02.074+0000] {task_command.py:415} INFO - Running <TaskInstance: reports_workflow.id_task_get_emails scheduled__2024-07-10T07:25:00+00:00 [running]> on host 6f4ef5488251
[2024-07-10T07:30:02.171+0000] {taskinstance.py:1660} INFO - Exporting env vars: AIRFLOW_CTX_DAG_OWNER='FIRDAVS' AIRFLOW_CTX_DAG_ID='reports_workflow' AIRFLOW_CTX_TASK_ID='id_task_get_emails' AIRFLOW_CTX_EXECUTION_DATE='2024-07-10T07:25:00+00:00' AIRFLOW_CTX_TRY_NUMBER='1' AIRFLOW_CTX_DAG_RUN_ID='scheduled__2024-07-10T07:25:00+00:00'
[2024-07-10T07:30:02.172+0000] {logging_mixin.py:151} INFO - path of config file:  /opt/***
[2024-07-10T07:30:02.173+0000] {logging_mixin.py:151} INFO - #>2024-07-10 07:30:02.173436_User@StatDep: EmailRobot in screated.
[2024-07-10T07:30:02.173+0000] {logging_mixin.py:151} INFO - #>2024-07-10 07:30:02.173612_User@StatDep: get_for_recent_emails is started...
[2024-07-10T07:30:02.173+0000] {logging_mixin.py:151} INFO - #>2024-07-10 07:30:02.173746_User@StatDep: pop3_fetch_emails isstarted...
[2024-07-10T07:30:02.647+0000] {logging_mixin.py:151} INFO -    b'+OK'
[2024-07-10T07:30:02.970+0000] {logging_mixin.py:151} INFO -    mailbox have 0 emails and the robot can process 10
[2024-07-10T07:30:02.971+0000] {logging_mixin.py:151} INFO - #>2024-07-10 07:30:02.971078_User@StatDep: no emails to process, exiting pop3_fetch_emails()...
[2024-07-10T07:30:02.972+0000] {python.py:194} INFO - Done. Returned value was: True
[2024-07-10T07:30:03.014+0000] {taskinstance.py:1400} INFO - Marking task as SUCCESS. dag_id=reports_workflow, task_id=id_task_get_emails, execution_date=20240710T072500, start_date=20240710T073001, end_date=20240710T073003
[2024-07-10T07:30:03.036+0000] {local_task_job_runner.py:228} INFO - Task exited with return code 0
[2024-07-10T07:30:03.075+0000] {taskinstance.py:2784} INFO - 1 downstream tasks scheduled from follow-on schedule check
