[2024-07-08T10:05:04.903+0000] {taskinstance.py:1159} INFO - Dependencies all met for dep_context=non-requeueable deps ti=<TaskInstance: reports_workflow.id_task_send_emails scheduled__2024-07-08T10:00:00+00:00 [queued]>
[2024-07-08T10:05:04.911+0000] {taskinstance.py:1159} INFO - Dependencies all met for dep_context=requeueable deps ti=<TaskInstance: reports_workflow.id_task_send_emails scheduled__2024-07-08T10:00:00+00:00 [queued]>
[2024-07-08T10:05:04.911+0000] {taskinstance.py:1361} INFO - Starting attempt 1 of 2
[2024-07-08T10:05:04.922+0000] {taskinstance.py:1382} INFO - Executing <Task(PythonOperator): id_task_send_emails> on 2024-07-08 10:00:00+00:00
[2024-07-08T10:05:04.927+0000] {standard_task_runner.py:57} INFO - Started process 7475 to run task
[2024-07-08T10:05:04.932+0000] {standard_task_runner.py:84} INFO - Running: ['***', 'tasks', 'run', 'reports_workflow', 'id_task_send_emails', 'scheduled__2024-07-08T10:00:00+00:00', '--job-id', '3696', '--raw', '--subdir', 'DAGS_FOLDER/dag_email_robot.py', '--cfg-path', '/tmp/tmpiixu0rcr']
[2024-07-08T10:05:04.938+0000] {standard_task_runner.py:85} INFO - Job 3696: Subtask id_task_send_emails
[2024-07-08T10:05:05.058+0000] {task_command.py:415} INFO - Running <TaskInstance: reports_workflow.id_task_send_emails scheduled__2024-07-08T10:00:00+00:00 [running]> on host 6f4ef5488251
[2024-07-08T10:05:05.213+0000] {taskinstance.py:1660} INFO - Exporting env vars: AIRFLOW_CTX_DAG_OWNER='FIRDAVS' AIRFLOW_CTX_DAG_ID='reports_workflow' AIRFLOW_CTX_TASK_ID='id_task_send_emails' AIRFLOW_CTX_EXECUTION_DATE='2024-07-08T10:00:00+00:00' AIRFLOW_CTX_TRY_NUMBER='1' AIRFLOW_CTX_DAG_RUN_ID='scheduled__2024-07-08T10:00:00+00:00'
[2024-07-08T10:05:05.215+0000] {logging_mixin.py:151} INFO - path of config file:  /opt/***
[2024-07-08T10:05:05.215+0000] {logging_mixin.py:151} INFO - #>2024-07-08 10:05:05.215535_User@StatDep: EmailRobot in screated.
[2024-07-08T10:05:05.215+0000] {logging_mixin.py:151} INFO - #>2024-07-08 10:05:05.215730_User@StatDep: send_validation_results is started...
[2024-07-08T10:05:05.225+0000] {logging_mixin.py:151} INFO -    #>2024-07-08 10:05:05.225375_conneciton to db is set.
[2024-07-08T10:05:05.227+0000] {logging_mixin.py:151} INFO -    #>2024-07-08 10:05:05.227593_cursor execution is successful.
[2024-07-08T10:05:05.227+0000] {logging_mixin.py:151} INFO -    There is no any new submissions found. The get_validation_results is over.
[2024-07-08T10:05:05.228+0000] {python.py:194} INFO - Done. Returned value was: True
[2024-07-08T10:05:05.250+0000] {taskinstance.py:1400} INFO - Marking task as SUCCESS. dag_id=reports_workflow, task_id=id_task_send_emails, execution_date=20240708T100000, start_date=20240708T100504, end_date=20240708T100505
[2024-07-08T10:05:05.306+0000] {local_task_job_runner.py:228} INFO - Task exited with return code 0
[2024-07-08T10:05:05.338+0000] {taskinstance.py:2784} INFO - 0 downstream tasks scheduled from follow-on schedule check
[2024-07-08T10:23:32.360+0000] {taskinstance.py:1159} INFO - Dependencies all met for dep_context=non-requeueable deps ti=<TaskInstance: reports_workflow.id_task_send_emails scheduled__2024-07-08T10:00:00+00:00 [queued]>
[2024-07-08T10:23:32.387+0000] {taskinstance.py:1159} INFO - Dependencies all met for dep_context=requeueable deps ti=<TaskInstance: reports_workflow.id_task_send_emails scheduled__2024-07-08T10:00:00+00:00 [queued]>
[2024-07-08T10:23:32.388+0000] {taskinstance.py:1361} INFO - Starting attempt 1 of 2
[2024-07-08T10:23:32.402+0000] {taskinstance.py:1382} INFO - Executing <Task(PythonOperator): id_task_send_emails> on 2024-07-08 10:00:00+00:00
[2024-07-08T10:23:32.409+0000] {standard_task_runner.py:57} INFO - Started process 8410 to run task
[2024-07-08T10:23:32.418+0000] {standard_task_runner.py:84} INFO - Running: ['***', 'tasks', 'run', 'reports_workflow', 'id_task_send_emails', 'scheduled__2024-07-08T10:00:00+00:00', '--job-id', '3917', '--raw', '--subdir', 'DAGS_FOLDER/dag_email_robot.py', '--cfg-path', '/tmp/tmpsl1427df']
[2024-07-08T10:23:32.422+0000] {standard_task_runner.py:85} INFO - Job 3917: Subtask id_task_send_emails
[2024-07-08T10:23:32.504+0000] {task_command.py:415} INFO - Running <TaskInstance: reports_workflow.id_task_send_emails scheduled__2024-07-08T10:00:00+00:00 [running]> on host 6f4ef5488251
[2024-07-08T10:23:32.598+0000] {taskinstance.py:1660} INFO - Exporting env vars: AIRFLOW_CTX_DAG_OWNER='FIRDAVS' AIRFLOW_CTX_DAG_ID='reports_workflow' AIRFLOW_CTX_TASK_ID='id_task_send_emails' AIRFLOW_CTX_EXECUTION_DATE='2024-07-08T10:00:00+00:00' AIRFLOW_CTX_TRY_NUMBER='1' AIRFLOW_CTX_DAG_RUN_ID='scheduled__2024-07-08T10:00:00+00:00'
[2024-07-08T10:23:32.600+0000] {logging_mixin.py:151} INFO - path of config file:  /opt/***
[2024-07-08T10:23:32.600+0000] {logging_mixin.py:151} INFO - #>2024-07-08 10:23:32.600726_User@StatDep: EmailRobot in screated.
[2024-07-08T10:23:32.601+0000] {logging_mixin.py:151} INFO - #>2024-07-08 10:23:32.601094_User@StatDep: send_validation_results is started...
[2024-07-08T10:23:32.610+0000] {logging_mixin.py:151} INFO -    #>2024-07-08 10:23:32.610787_conneciton to db is set.
[2024-07-08T10:23:32.612+0000] {logging_mixin.py:151} INFO -    #>2024-07-08 10:23:32.612749_cursor execution is successful.
[2024-07-08T10:23:32.613+0000] {logging_mixin.py:151} INFO -    There is no any new submissions found. The get_validation_results is over.
[2024-07-08T10:23:32.613+0000] {python.py:194} INFO - Done. Returned value was: True
[2024-07-08T10:23:32.638+0000] {taskinstance.py:1400} INFO - Marking task as SUCCESS. dag_id=reports_workflow, task_id=id_task_send_emails, execution_date=20240708T100000, start_date=20240708T102332, end_date=20240708T102332
[2024-07-08T10:23:32.668+0000] {local_task_job_runner.py:228} INFO - Task exited with return code 0
[2024-07-08T10:23:32.692+0000] {taskinstance.py:2784} INFO - 0 downstream tasks scheduled from follow-on schedule check
