[2024-07-03T09:58:14.622+0000] {taskinstance.py:1159} INFO - Dependencies all met for dep_context=non-requeueable deps ti=<TaskInstance: reports_workflow.id_task_get_emails scheduled__2024-07-02T16:20:00+00:00 [queued]>
[2024-07-03T09:58:14.634+0000] {taskinstance.py:1159} INFO - Dependencies all met for dep_context=requeueable deps ti=<TaskInstance: reports_workflow.id_task_get_emails scheduled__2024-07-02T16:20:00+00:00 [queued]>
[2024-07-03T09:58:14.634+0000] {taskinstance.py:1361} INFO - Starting attempt 1 of 1
[2024-07-03T09:58:14.649+0000] {taskinstance.py:1382} INFO - Executing <Task(PythonOperator): id_task_get_emails> on 2024-07-02 16:20:00+00:00
[2024-07-03T09:58:14.660+0000] {standard_task_runner.py:57} INFO - Started process 20733 to run task
[2024-07-03T09:58:14.664+0000] {standard_task_runner.py:84} INFO - Running: ['***', 'tasks', 'run', 'reports_workflow', 'id_task_get_emails', 'scheduled__2024-07-02T16:20:00+00:00', '--job-id', '441', '--raw', '--subdir', 'DAGS_FOLDER/dag_email_robot.py', '--cfg-path', '/tmp/tmpnhj7ri1y']
[2024-07-03T09:58:14.667+0000] {standard_task_runner.py:85} INFO - Job 441: Subtask id_task_get_emails
[2024-07-03T09:58:14.784+0000] {task_command.py:415} INFO - Running <TaskInstance: reports_workflow.id_task_get_emails scheduled__2024-07-02T16:20:00+00:00 [running]> on host 6f4ef5488251
[2024-07-03T09:58:14.965+0000] {taskinstance.py:1660} INFO - Exporting env vars: AIRFLOW_CTX_DAG_OWNER='FIRDAVS' AIRFLOW_CTX_DAG_ID='reports_workflow' AIRFLOW_CTX_TASK_ID='id_task_get_emails' AIRFLOW_CTX_EXECUTION_DATE='2024-07-02T16:20:00+00:00' AIRFLOW_CTX_TRY_NUMBER='1' AIRFLOW_CTX_DAG_RUN_ID='scheduled__2024-07-02T16:20:00+00:00'
[2024-07-03T09:58:14.966+0000] {logging_mixin.py:151} INFO - path of config file:  /opt/***
[2024-07-03T09:58:14.967+0000] {logging_mixin.py:151} INFO - #>2024-07-03 09:58:14.967405_User@StatDep: EmailRobot in screated.
[2024-07-03T09:58:14.967+0000] {logging_mixin.py:151} INFO - #>2024-07-03 09:58:14.967590_User@StatDep: get_for_recent_emails is started...
[2024-07-03T09:58:14.967+0000] {logging_mixin.py:151} INFO - #>2024-07-03 09:58:14.967727_User@StatDep: pop3_fetch_emails isstarted...
[2024-07-03T09:58:15.359+0000] {logging_mixin.py:151} INFO -    b'+OK'
[2024-07-03T09:58:15.655+0000] {logging_mixin.py:151} INFO -    mailbox have 0 emails and the robot can process 10
[2024-07-03T09:58:15.655+0000] {logging_mixin.py:151} INFO - #>2024-07-03 09:58:15.655302_User@StatDep: no emails to process, exiting pop3_fetch_emails()...
[2024-07-03T09:58:15.655+0000] {python.py:194} INFO - Done. Returned value was: True
[2024-07-03T09:58:15.700+0000] {taskinstance.py:1400} INFO - Marking task as SUCCESS. dag_id=reports_workflow, task_id=id_task_get_emails, execution_date=20240702T162000, start_date=20240703T095814, end_date=20240703T095815
[2024-07-03T09:58:15.879+0000] {local_task_job_runner.py:228} INFO - Task exited with return code 0
[2024-07-03T09:58:15.905+0000] {taskinstance.py:2784} INFO - 0 downstream tasks scheduled from follow-on schedule check
[2024-07-03T12:05:36.172+0000] {taskinstance.py:1159} INFO - Dependencies all met for dep_context=non-requeueable deps ti=<TaskInstance: reports_workflow.id_task_get_emails scheduled__2024-07-02T16:20:00+00:00 [queued]>
[2024-07-03T12:05:36.181+0000] {taskinstance.py:1159} INFO - Dependencies all met for dep_context=requeueable deps ti=<TaskInstance: reports_workflow.id_task_get_emails scheduled__2024-07-02T16:20:00+00:00 [queued]>
[2024-07-03T12:05:36.181+0000] {taskinstance.py:1361} INFO - Starting attempt 1 of 1
[2024-07-03T12:05:36.192+0000] {taskinstance.py:1382} INFO - Executing <Task(PythonOperator): id_task_get_emails> on 2024-07-02 16:20:00+00:00
[2024-07-03T12:05:36.197+0000] {standard_task_runner.py:57} INFO - Started process 23549 to run task
[2024-07-03T12:05:36.202+0000] {standard_task_runner.py:84} INFO - Running: ['***', 'tasks', 'run', 'reports_workflow', 'id_task_get_emails', 'scheduled__2024-07-02T16:20:00+00:00', '--job-id', '882', '--raw', '--subdir', 'DAGS_FOLDER/dag_email_robot.py', '--cfg-path', '/tmp/tmp31fiwlmz']
[2024-07-03T12:05:36.204+0000] {standard_task_runner.py:85} INFO - Job 882: Subtask id_task_get_emails
[2024-07-03T12:05:36.263+0000] {task_command.py:415} INFO - Running <TaskInstance: reports_workflow.id_task_get_emails scheduled__2024-07-02T16:20:00+00:00 [running]> on host 6f4ef5488251
[2024-07-03T12:05:36.341+0000] {taskinstance.py:1660} INFO - Exporting env vars: AIRFLOW_CTX_DAG_OWNER='FIRDAVS' AIRFLOW_CTX_DAG_ID='reports_workflow' AIRFLOW_CTX_TASK_ID='id_task_get_emails' AIRFLOW_CTX_EXECUTION_DATE='2024-07-02T16:20:00+00:00' AIRFLOW_CTX_TRY_NUMBER='1' AIRFLOW_CTX_DAG_RUN_ID='scheduled__2024-07-02T16:20:00+00:00'
[2024-07-03T12:05:36.342+0000] {logging_mixin.py:151} INFO - path of config file:  /opt/***
[2024-07-03T12:05:36.343+0000] {logging_mixin.py:151} INFO - #>2024-07-03 12:05:36.343246_User@StatDep: EmailRobot in screated.
[2024-07-03T12:05:36.343+0000] {logging_mixin.py:151} INFO - #>2024-07-03 12:05:36.343458_User@StatDep: get_for_recent_emails is started...
[2024-07-03T12:05:36.343+0000] {logging_mixin.py:151} INFO - #>2024-07-03 12:05:36.343598_User@StatDep: pop3_fetch_emails isstarted...
[2024-07-03T12:05:36.746+0000] {logging_mixin.py:151} INFO -    b'+OK'
[2024-07-03T12:05:37.242+0000] {logging_mixin.py:151} INFO -    mailbox have 1 emails and the robot can process 10
[2024-07-03T12:05:38.141+0000] {logging_mixin.py:151} INFO -    #>2024-07-03 12:05:38.141081_conneciton to db is set.
[2024-07-03T12:05:38.147+0000] {taskinstance.py:1943} ERROR - Task failed with exception
Traceback (most recent call last):
  File "/home/airflow/.local/lib/python3.8/site-packages/airflow/operators/python.py", line 192, in execute
    return_value = self.execute_callable()
  File "/home/airflow/.local/lib/python3.8/site-packages/airflow/operators/python.py", line 209, in execute_callable
    return self.python_callable(*self.op_args, **self.op_kwargs)
  File "/opt/airflow/dags/dag_email_robot.py", line 25, in get_emails
    robot.fetch_emails()
  File "/opt/airflow/dags/emailRobot.py", line 62, in fetch_emails
    return self.pop3_fetch_emails()
  File "/opt/airflow/dags/emailRobot.py", line 156, in pop3_fetch_emails
    cursor.execute (query, insert_values)
psycopg2.errors.UndefinedTable: relation "sma_stat_dep.tbl_file_upload" does not exist
LINE 1: ...) AS (INSERT INTO                                 sma_stat_d...
                                                             ^

[2024-07-03T12:05:38.166+0000] {taskinstance.py:1400} INFO - Marking task as FAILED. dag_id=reports_workflow, task_id=id_task_get_emails, execution_date=20240702T162000, start_date=20240703T120536, end_date=20240703T120538
[2024-07-03T12:05:38.178+0000] {standard_task_runner.py:104} ERROR - Failed to execute job 882 for task id_task_get_emails (relation "sma_stat_dep.tbl_file_upload" does not exist
LINE 1: ...) AS (INSERT INTO                                 sma_stat_d...
                                                             ^
; 23549)
[2024-07-03T12:05:38.193+0000] {local_task_job_runner.py:228} INFO - Task exited with return code 1
[2024-07-03T12:05:38.216+0000] {taskinstance.py:2784} INFO - 0 downstream tasks scheduled from follow-on schedule check
[2024-07-03T12:27:57.088+0000] {taskinstance.py:1159} INFO - Dependencies all met for dep_context=non-requeueable deps ti=<TaskInstance: reports_workflow.id_task_get_emails scheduled__2024-07-02T16:20:00+00:00 [queued]>
[2024-07-03T12:27:57.122+0000] {taskinstance.py:1159} INFO - Dependencies all met for dep_context=requeueable deps ti=<TaskInstance: reports_workflow.id_task_get_emails scheduled__2024-07-02T16:20:00+00:00 [queued]>
[2024-07-03T12:27:57.123+0000] {taskinstance.py:1361} INFO - Starting attempt 1 of 1
[2024-07-03T12:27:57.146+0000] {taskinstance.py:1382} INFO - Executing <Task(PythonOperator): id_task_get_emails> on 2024-07-02 16:20:00+00:00
[2024-07-03T12:27:57.151+0000] {standard_task_runner.py:57} INFO - Started process 24662 to run task
[2024-07-03T12:27:57.166+0000] {standard_task_runner.py:84} INFO - Running: ['***', 'tasks', 'run', 'reports_workflow', 'id_task_get_emails', 'scheduled__2024-07-02T16:20:00+00:00', '--job-id', '1272', '--raw', '--subdir', 'DAGS_FOLDER/dag_email_robot.py', '--cfg-path', '/tmp/tmp60l6dt4a']
[2024-07-03T12:27:57.167+0000] {standard_task_runner.py:85} INFO - Job 1272: Subtask id_task_get_emails
[2024-07-03T12:27:57.265+0000] {task_command.py:415} INFO - Running <TaskInstance: reports_workflow.id_task_get_emails scheduled__2024-07-02T16:20:00+00:00 [running]> on host 6f4ef5488251
[2024-07-03T12:27:57.476+0000] {taskinstance.py:1660} INFO - Exporting env vars: AIRFLOW_CTX_DAG_OWNER='FIRDAVS' AIRFLOW_CTX_DAG_ID='reports_workflow' AIRFLOW_CTX_TASK_ID='id_task_get_emails' AIRFLOW_CTX_EXECUTION_DATE='2024-07-02T16:20:00+00:00' AIRFLOW_CTX_TRY_NUMBER='1' AIRFLOW_CTX_DAG_RUN_ID='scheduled__2024-07-02T16:20:00+00:00'
[2024-07-03T12:27:57.477+0000] {logging_mixin.py:151} INFO - path of config file:  /opt/***
[2024-07-03T12:27:57.477+0000] {logging_mixin.py:151} INFO - #>2024-07-03 12:27:57.477549_User@StatDep: EmailRobot in screated.
[2024-07-03T12:27:57.477+0000] {logging_mixin.py:151} INFO - #>2024-07-03 12:27:57.477733_User@StatDep: get_for_recent_emails is started...
[2024-07-03T12:27:57.477+0000] {logging_mixin.py:151} INFO - #>2024-07-03 12:27:57.477871_User@StatDep: pop3_fetch_emails isstarted...
[2024-07-03T12:27:57.857+0000] {logging_mixin.py:151} INFO -    b'+OK'
[2024-07-03T12:27:58.188+0000] {logging_mixin.py:151} INFO -    mailbox have 0 emails and the robot can process 10
[2024-07-03T12:27:58.189+0000] {logging_mixin.py:151} INFO - #>2024-07-03 12:27:58.188981_User@StatDep: no emails to process, exiting pop3_fetch_emails()...
[2024-07-03T12:27:58.189+0000] {python.py:194} INFO - Done. Returned value was: True
[2024-07-03T12:27:58.227+0000] {taskinstance.py:1400} INFO - Marking task as SUCCESS. dag_id=reports_workflow, task_id=id_task_get_emails, execution_date=20240702T162000, start_date=20240703T122757, end_date=20240703T122758
[2024-07-03T12:27:58.273+0000] {local_task_job_runner.py:228} INFO - Task exited with return code 0
[2024-07-03T12:27:58.385+0000] {taskinstance.py:2784} INFO - 0 downstream tasks scheduled from follow-on schedule check
