[2024-07-04T04:10:03.176+0000] {taskinstance.py:1159} INFO - Dependencies all met for dep_context=non-requeueable deps ti=<TaskInstance: reports_workflow.id_task_send_emails scheduled__2024-07-04T04:05:00+00:00 [queued]>
[2024-07-04T04:10:03.184+0000] {taskinstance.py:1159} INFO - Dependencies all met for dep_context=requeueable deps ti=<TaskInstance: reports_workflow.id_task_send_emails scheduled__2024-07-04T04:05:00+00:00 [queued]>
[2024-07-04T04:10:03.185+0000] {taskinstance.py:1361} INFO - Starting attempt 1 of 2
[2024-07-04T04:10:03.196+0000] {taskinstance.py:1382} INFO - Executing <Task(PythonOperator): id_task_send_emails> on 2024-07-04 04:05:00+00:00
[2024-07-04T04:10:03.201+0000] {standard_task_runner.py:57} INFO - Started process 41240 to run task
[2024-07-04T04:10:03.209+0000] {standard_task_runner.py:84} INFO - Running: ['***', 'tasks', 'run', 'reports_workflow', 'id_task_send_emails', 'scheduled__2024-07-04T04:05:00+00:00', '--job-id', '2359', '--raw', '--subdir', 'DAGS_FOLDER/dag_email_robot.py', '--cfg-path', '/tmp/tmpeu9y9jwz']
[2024-07-04T04:10:03.211+0000] {standard_task_runner.py:85} INFO - Job 2359: Subtask id_task_send_emails
[2024-07-04T04:10:03.263+0000] {task_command.py:415} INFO - Running <TaskInstance: reports_workflow.id_task_send_emails scheduled__2024-07-04T04:05:00+00:00 [running]> on host 6f4ef5488251
[2024-07-04T04:10:03.354+0000] {taskinstance.py:1660} INFO - Exporting env vars: AIRFLOW_CTX_DAG_OWNER='FIRDAVS' AIRFLOW_CTX_DAG_ID='reports_workflow' AIRFLOW_CTX_TASK_ID='id_task_send_emails' AIRFLOW_CTX_EXECUTION_DATE='2024-07-04T04:05:00+00:00' AIRFLOW_CTX_TRY_NUMBER='1' AIRFLOW_CTX_DAG_RUN_ID='scheduled__2024-07-04T04:05:00+00:00'
[2024-07-04T04:10:03.356+0000] {logging_mixin.py:151} INFO - path of config file:  /opt/***
[2024-07-04T04:10:03.357+0000] {logging_mixin.py:151} INFO - #>2024-07-04 04:10:03.357767_User@StatDep: EmailRobot in screated.
[2024-07-04T04:10:03.358+0000] {logging_mixin.py:151} INFO - #>2024-07-04 04:10:03.358269_User@StatDep: send_validation_results is started...
[2024-07-04T04:10:03.376+0000] {logging_mixin.py:151} INFO -    #>2024-07-04 04:10:03.376691_conneciton to db is set.
[2024-07-04T04:10:03.380+0000] {logging_mixin.py:151} INFO -    #>2024-07-04 04:10:03.380294_cursor execution is successful.
[2024-07-04T04:10:03.380+0000] {logging_mixin.py:151} INFO -    There is no any new submissions found. The get_validation_results is over.
[2024-07-04T04:10:03.380+0000] {python.py:194} INFO - Done. Returned value was: True
[2024-07-04T04:10:03.406+0000] {taskinstance.py:1400} INFO - Marking task as SUCCESS. dag_id=reports_workflow, task_id=id_task_send_emails, execution_date=20240704T040500, start_date=20240704T041003, end_date=20240704T041003
[2024-07-04T04:10:03.457+0000] {local_task_job_runner.py:228} INFO - Task exited with return code 0
[2024-07-04T04:10:03.486+0000] {taskinstance.py:2784} INFO - 0 downstream tasks scheduled from follow-on schedule check
[2024-07-04T05:08:12.757+0000] {taskinstance.py:1159} INFO - Dependencies all met for dep_context=non-requeueable deps ti=<TaskInstance: reports_workflow.id_task_send_emails scheduled__2024-07-04T04:05:00+00:00 [queued]>
[2024-07-04T05:08:12.767+0000] {taskinstance.py:1159} INFO - Dependencies all met for dep_context=requeueable deps ti=<TaskInstance: reports_workflow.id_task_send_emails scheduled__2024-07-04T04:05:00+00:00 [queued]>
[2024-07-04T05:08:12.767+0000] {taskinstance.py:1361} INFO - Starting attempt 1 of 2
[2024-07-04T05:08:12.780+0000] {taskinstance.py:1382} INFO - Executing <Task(PythonOperator): id_task_send_emails> on 2024-07-04 04:05:00+00:00
[2024-07-04T05:08:12.785+0000] {standard_task_runner.py:57} INFO - Started process 42198 to run task
[2024-07-04T05:08:12.788+0000] {standard_task_runner.py:84} INFO - Running: ['***', 'tasks', 'run', 'reports_workflow', 'id_task_send_emails', 'scheduled__2024-07-04T04:05:00+00:00', '--job-id', '2397', '--raw', '--subdir', 'DAGS_FOLDER/dag_email_robot.py', '--cfg-path', '/tmp/tmp8qp4n71a']
[2024-07-04T05:08:12.789+0000] {standard_task_runner.py:85} INFO - Job 2397: Subtask id_task_send_emails
[2024-07-04T05:08:12.845+0000] {task_command.py:415} INFO - Running <TaskInstance: reports_workflow.id_task_send_emails scheduled__2024-07-04T04:05:00+00:00 [running]> on host 6f4ef5488251
[2024-07-04T05:08:12.950+0000] {taskinstance.py:1660} INFO - Exporting env vars: AIRFLOW_CTX_DAG_OWNER='FIRDAVS' AIRFLOW_CTX_DAG_ID='reports_workflow' AIRFLOW_CTX_TASK_ID='id_task_send_emails' AIRFLOW_CTX_EXECUTION_DATE='2024-07-04T04:05:00+00:00' AIRFLOW_CTX_TRY_NUMBER='1' AIRFLOW_CTX_DAG_RUN_ID='scheduled__2024-07-04T04:05:00+00:00'
[2024-07-04T05:08:12.951+0000] {logging_mixin.py:151} INFO - path of config file:  /opt/***
[2024-07-04T05:08:12.952+0000] {logging_mixin.py:151} INFO - #>2024-07-04 05:08:12.952067_User@StatDep: EmailRobot in screated.
[2024-07-04T05:08:12.952+0000] {logging_mixin.py:151} INFO - #>2024-07-04 05:08:12.952301_User@StatDep: send_validation_results is started...
[2024-07-04T05:08:12.966+0000] {logging_mixin.py:151} INFO -    #>2024-07-04 05:08:12.966604_conneciton to db is set.
[2024-07-04T05:08:12.970+0000] {logging_mixin.py:151} INFO -    #>2024-07-04 05:08:12.970039_cursor execution is successful.
[2024-07-04T05:08:12.970+0000] {logging_mixin.py:151} INFO -    There is no any new submissions found. The get_validation_results is over.
[2024-07-04T05:08:12.970+0000] {python.py:194} INFO - Done. Returned value was: True
[2024-07-04T05:08:13.004+0000] {taskinstance.py:1400} INFO - Marking task as SUCCESS. dag_id=reports_workflow, task_id=id_task_send_emails, execution_date=20240704T040500, start_date=20240704T050812, end_date=20240704T050813
[2024-07-04T05:08:13.042+0000] {local_task_job_runner.py:228} INFO - Task exited with return code 0
[2024-07-04T05:08:13.070+0000] {taskinstance.py:2784} INFO - 0 downstream tasks scheduled from follow-on schedule check
[2024-07-04T05:31:41.071+0000] {taskinstance.py:1159} INFO - Dependencies all met for dep_context=non-requeueable deps ti=<TaskInstance: reports_workflow.id_task_send_emails scheduled__2024-07-04T04:05:00+00:00 [queued]>
[2024-07-04T05:31:41.083+0000] {taskinstance.py:1159} INFO - Dependencies all met for dep_context=requeueable deps ti=<TaskInstance: reports_workflow.id_task_send_emails scheduled__2024-07-04T04:05:00+00:00 [queued]>
[2024-07-04T05:31:41.084+0000] {taskinstance.py:1361} INFO - Starting attempt 1 of 2
[2024-07-04T05:31:41.109+0000] {taskinstance.py:1382} INFO - Executing <Task(PythonOperator): id_task_send_emails> on 2024-07-04 04:05:00+00:00
[2024-07-04T05:31:41.117+0000] {standard_task_runner.py:57} INFO - Started process 42659 to run task
[2024-07-04T05:31:41.137+0000] {standard_task_runner.py:84} INFO - Running: ['***', 'tasks', 'run', 'reports_workflow', 'id_task_send_emails', 'scheduled__2024-07-04T04:05:00+00:00', '--job-id', '2446', '--raw', '--subdir', 'DAGS_FOLDER/dag_email_robot.py', '--cfg-path', '/tmp/tmpr537xx5f']
[2024-07-04T05:31:41.145+0000] {standard_task_runner.py:85} INFO - Job 2446: Subtask id_task_send_emails
[2024-07-04T05:31:41.230+0000] {task_command.py:415} INFO - Running <TaskInstance: reports_workflow.id_task_send_emails scheduled__2024-07-04T04:05:00+00:00 [running]> on host 6f4ef5488251
[2024-07-04T05:31:41.341+0000] {taskinstance.py:1660} INFO - Exporting env vars: AIRFLOW_CTX_DAG_OWNER='FIRDAVS' AIRFLOW_CTX_DAG_ID='reports_workflow' AIRFLOW_CTX_TASK_ID='id_task_send_emails' AIRFLOW_CTX_EXECUTION_DATE='2024-07-04T04:05:00+00:00' AIRFLOW_CTX_TRY_NUMBER='1' AIRFLOW_CTX_DAG_RUN_ID='scheduled__2024-07-04T04:05:00+00:00'
[2024-07-04T05:31:41.342+0000] {logging_mixin.py:151} INFO - path of config file:  /opt/***
[2024-07-04T05:31:41.343+0000] {logging_mixin.py:151} INFO - #>2024-07-04 05:31:41.343242_User@StatDep: EmailRobot in screated.
[2024-07-04T05:31:41.343+0000] {logging_mixin.py:151} INFO - #>2024-07-04 05:31:41.343416_User@StatDep: send_validation_results is started...
[2024-07-04T05:31:41.356+0000] {logging_mixin.py:151} INFO -    #>2024-07-04 05:31:41.356684_conneciton to db is set.
[2024-07-04T05:31:41.358+0000] {logging_mixin.py:151} INFO -    #>2024-07-04 05:31:41.358840_cursor execution is successful.
[2024-07-04T05:31:41.359+0000] {logging_mixin.py:151} INFO -    There is no any new submissions found. The get_validation_results is over.
[2024-07-04T05:31:41.359+0000] {python.py:194} INFO - Done. Returned value was: True
[2024-07-04T05:31:41.395+0000] {taskinstance.py:1400} INFO - Marking task as SUCCESS. dag_id=reports_workflow, task_id=id_task_send_emails, execution_date=20240704T040500, start_date=20240704T053141, end_date=20240704T053141
[2024-07-04T05:31:41.462+0000] {local_task_job_runner.py:228} INFO - Task exited with return code 0
[2024-07-04T05:31:41.491+0000] {taskinstance.py:2784} INFO - 0 downstream tasks scheduled from follow-on schedule check
[2024-07-04T05:34:54.161+0000] {taskinstance.py:1159} INFO - Dependencies all met for dep_context=non-requeueable deps ti=<TaskInstance: reports_workflow.id_task_send_emails scheduled__2024-07-04T04:05:00+00:00 [queued]>
[2024-07-04T05:34:54.194+0000] {taskinstance.py:1159} INFO - Dependencies all met for dep_context=requeueable deps ti=<TaskInstance: reports_workflow.id_task_send_emails scheduled__2024-07-04T04:05:00+00:00 [queued]>
[2024-07-04T05:34:54.194+0000] {taskinstance.py:1361} INFO - Starting attempt 1 of 2
[2024-07-04T05:34:54.244+0000] {taskinstance.py:1382} INFO - Executing <Task(PythonOperator): id_task_send_emails> on 2024-07-04 04:05:00+00:00
[2024-07-04T05:34:54.253+0000] {standard_task_runner.py:57} INFO - Started process 42804 to run task
[2024-07-04T05:34:54.263+0000] {standard_task_runner.py:84} INFO - Running: ['***', 'tasks', 'run', 'reports_workflow', 'id_task_send_emails', 'scheduled__2024-07-04T04:05:00+00:00', '--job-id', '2494', '--raw', '--subdir', 'DAGS_FOLDER/dag_email_robot.py', '--cfg-path', '/tmp/tmpic2819y9']
[2024-07-04T05:34:54.264+0000] {standard_task_runner.py:85} INFO - Job 2494: Subtask id_task_send_emails
[2024-07-04T05:34:54.399+0000] {task_command.py:415} INFO - Running <TaskInstance: reports_workflow.id_task_send_emails scheduled__2024-07-04T04:05:00+00:00 [running]> on host 6f4ef5488251
[2024-07-04T05:34:54.567+0000] {taskinstance.py:1660} INFO - Exporting env vars: AIRFLOW_CTX_DAG_OWNER='FIRDAVS' AIRFLOW_CTX_DAG_ID='reports_workflow' AIRFLOW_CTX_TASK_ID='id_task_send_emails' AIRFLOW_CTX_EXECUTION_DATE='2024-07-04T04:05:00+00:00' AIRFLOW_CTX_TRY_NUMBER='1' AIRFLOW_CTX_DAG_RUN_ID='scheduled__2024-07-04T04:05:00+00:00'
[2024-07-04T05:34:54.570+0000] {logging_mixin.py:151} INFO - path of config file:  /opt/***
[2024-07-04T05:34:54.572+0000] {logging_mixin.py:151} INFO - #>2024-07-04 05:34:54.572039_User@StatDep: EmailRobot in screated.
[2024-07-04T05:34:54.572+0000] {logging_mixin.py:151} INFO - #>2024-07-04 05:34:54.572701_User@StatDep: send_validation_results is started...
[2024-07-04T05:34:54.582+0000] {logging_mixin.py:151} INFO -    #>2024-07-04 05:34:54.582441_conneciton to db is set.
[2024-07-04T05:34:54.585+0000] {logging_mixin.py:151} INFO -    #>2024-07-04 05:34:54.585308_cursor execution is successful.
[2024-07-04T05:34:54.586+0000] {logging_mixin.py:151} INFO -    There is no any new submissions found. The get_validation_results is over.
[2024-07-04T05:34:54.588+0000] {python.py:194} INFO - Done. Returned value was: True
[2024-07-04T05:34:54.616+0000] {taskinstance.py:1400} INFO - Marking task as SUCCESS. dag_id=reports_workflow, task_id=id_task_send_emails, execution_date=20240704T040500, start_date=20240704T053454, end_date=20240704T053454
[2024-07-04T05:34:54.642+0000] {local_task_job_runner.py:228} INFO - Task exited with return code 0
[2024-07-04T05:34:54.663+0000] {taskinstance.py:2784} INFO - 0 downstream tasks scheduled from follow-on schedule check
