[2024-07-08T06:20:03.753+0000] {taskinstance.py:1159} INFO - Dependencies all met for dep_context=non-requeueable deps ti=<TaskInstance: reports_workflow.id_task_send_emails scheduled__2024-07-08T06:15:00+00:00 [queued]>
[2024-07-08T06:20:03.761+0000] {taskinstance.py:1159} INFO - Dependencies all met for dep_context=requeueable deps ti=<TaskInstance: reports_workflow.id_task_send_emails scheduled__2024-07-08T06:15:00+00:00 [queued]>
[2024-07-08T06:20:03.761+0000] {taskinstance.py:1361} INFO - Starting attempt 1 of 2
[2024-07-08T06:20:03.773+0000] {taskinstance.py:1382} INFO - Executing <Task(PythonOperator): id_task_send_emails> on 2024-07-08 06:15:00+00:00
[2024-07-08T06:20:03.779+0000] {standard_task_runner.py:57} INFO - Started process 3595 to run task
[2024-07-08T06:20:03.787+0000] {standard_task_runner.py:84} INFO - Running: ['***', 'tasks', 'run', 'reports_workflow', 'id_task_send_emails', 'scheduled__2024-07-08T06:15:00+00:00', '--job-id', '3561', '--raw', '--subdir', 'DAGS_FOLDER/dag_email_robot.py', '--cfg-path', '/tmp/tmpn6rqhcdw']
[2024-07-08T06:20:03.793+0000] {standard_task_runner.py:85} INFO - Job 3561: Subtask id_task_send_emails
[2024-07-08T06:20:03.881+0000] {task_command.py:415} INFO - Running <TaskInstance: reports_workflow.id_task_send_emails scheduled__2024-07-08T06:15:00+00:00 [running]> on host 6f4ef5488251
[2024-07-08T06:20:04.049+0000] {taskinstance.py:1660} INFO - Exporting env vars: AIRFLOW_CTX_DAG_OWNER='FIRDAVS' AIRFLOW_CTX_DAG_ID='reports_workflow' AIRFLOW_CTX_TASK_ID='id_task_send_emails' AIRFLOW_CTX_EXECUTION_DATE='2024-07-08T06:15:00+00:00' AIRFLOW_CTX_TRY_NUMBER='1' AIRFLOW_CTX_DAG_RUN_ID='scheduled__2024-07-08T06:15:00+00:00'
[2024-07-08T06:20:04.051+0000] {logging_mixin.py:151} INFO - path of config file:  /opt/***
[2024-07-08T06:20:04.051+0000] {logging_mixin.py:151} INFO - #>2024-07-08 06:20:04.051637_User@StatDep: EmailRobot in screated.
[2024-07-08T06:20:04.051+0000] {logging_mixin.py:151} INFO - #>2024-07-08 06:20:04.051863_User@StatDep: send_validation_results is started...
[2024-07-08T06:20:04.065+0000] {logging_mixin.py:151} INFO -    #>2024-07-08 06:20:04.065426_conneciton to db is set.
[2024-07-08T06:20:04.069+0000] {logging_mixin.py:151} INFO -    #>2024-07-08 06:20:04.069006_cursor execution is successful.
[2024-07-08T06:20:04.069+0000] {logging_mixin.py:151} INFO -    There is no any new submissions found. The get_validation_results is over.
[2024-07-08T06:20:04.069+0000] {python.py:194} INFO - Done. Returned value was: True
[2024-07-08T06:20:04.093+0000] {taskinstance.py:1400} INFO - Marking task as SUCCESS. dag_id=reports_workflow, task_id=id_task_send_emails, execution_date=20240708T061500, start_date=20240708T062003, end_date=20240708T062004
[2024-07-08T06:20:04.114+0000] {local_task_job_runner.py:228} INFO - Task exited with return code 0
[2024-07-08T06:20:04.144+0000] {taskinstance.py:2784} INFO - 0 downstream tasks scheduled from follow-on schedule check
[2024-07-08T10:13:40.307+0000] {taskinstance.py:1159} INFO - Dependencies all met for dep_context=non-requeueable deps ti=<TaskInstance: reports_workflow.id_task_send_emails scheduled__2024-07-08T06:15:00+00:00 [queued]>
[2024-07-08T10:13:40.350+0000] {taskinstance.py:1159} INFO - Dependencies all met for dep_context=requeueable deps ti=<TaskInstance: reports_workflow.id_task_send_emails scheduled__2024-07-08T06:15:00+00:00 [queued]>
[2024-07-08T10:13:40.350+0000] {taskinstance.py:1361} INFO - Starting attempt 1 of 2
[2024-07-08T10:13:40.425+0000] {taskinstance.py:1382} INFO - Executing <Task(PythonOperator): id_task_send_emails> on 2024-07-08 06:15:00+00:00
[2024-07-08T10:13:40.453+0000] {standard_task_runner.py:57} INFO - Started process 7743 to run task
[2024-07-08T10:13:40.478+0000] {standard_task_runner.py:84} INFO - Running: ['***', 'tasks', 'run', 'reports_workflow', 'id_task_send_emails', 'scheduled__2024-07-08T06:15:00+00:00', '--job-id', '3738', '--raw', '--subdir', 'DAGS_FOLDER/dag_email_robot.py', '--cfg-path', '/tmp/tmp8jwysr31']
[2024-07-08T10:13:40.516+0000] {standard_task_runner.py:85} INFO - Job 3738: Subtask id_task_send_emails
[2024-07-08T10:13:40.801+0000] {task_command.py:415} INFO - Running <TaskInstance: reports_workflow.id_task_send_emails scheduled__2024-07-08T06:15:00+00:00 [running]> on host 6f4ef5488251
[2024-07-08T10:13:42.193+0000] {taskinstance.py:1660} INFO - Exporting env vars: AIRFLOW_CTX_DAG_OWNER='FIRDAVS' AIRFLOW_CTX_DAG_ID='reports_workflow' AIRFLOW_CTX_TASK_ID='id_task_send_emails' AIRFLOW_CTX_EXECUTION_DATE='2024-07-08T06:15:00+00:00' AIRFLOW_CTX_TRY_NUMBER='1' AIRFLOW_CTX_DAG_RUN_ID='scheduled__2024-07-08T06:15:00+00:00'
[2024-07-08T10:13:42.195+0000] {logging_mixin.py:151} INFO - path of config file:  /opt/***
[2024-07-08T10:13:42.195+0000] {logging_mixin.py:151} INFO - #>2024-07-08 10:13:42.195772_User@StatDep: EmailRobot in screated.
[2024-07-08T10:13:42.195+0000] {logging_mixin.py:151} INFO - #>2024-07-08 10:13:42.195961_User@StatDep: send_validation_results is started...
[2024-07-08T10:13:42.210+0000] {logging_mixin.py:151} INFO -    #>2024-07-08 10:13:42.209936_conneciton to db is set.
[2024-07-08T10:13:42.213+0000] {logging_mixin.py:151} INFO -    #>2024-07-08 10:13:42.213748_cursor execution is successful.
[2024-07-08T10:13:42.214+0000] {logging_mixin.py:151} INFO -    There is no any new submissions found. The get_validation_results is over.
[2024-07-08T10:13:42.221+0000] {python.py:194} INFO - Done. Returned value was: True
[2024-07-08T10:13:42.469+0000] {taskinstance.py:1400} INFO - Marking task as SUCCESS. dag_id=reports_workflow, task_id=id_task_send_emails, execution_date=20240708T061500, start_date=20240708T101340, end_date=20240708T101342
[2024-07-08T10:13:42.512+0000] {local_task_job_runner.py:228} INFO - Task exited with return code 0
[2024-07-08T10:13:42.561+0000] {taskinstance.py:2784} INFO - 0 downstream tasks scheduled from follow-on schedule check
[2024-07-08T10:22:00.806+0000] {taskinstance.py:1159} INFO - Dependencies all met for dep_context=non-requeueable deps ti=<TaskInstance: reports_workflow.id_task_send_emails scheduled__2024-07-08T06:15:00+00:00 [queued]>
[2024-07-08T10:22:01.052+0000] {taskinstance.py:1159} INFO - Dependencies all met for dep_context=requeueable deps ti=<TaskInstance: reports_workflow.id_task_send_emails scheduled__2024-07-08T06:15:00+00:00 [queued]>
[2024-07-08T10:22:01.052+0000] {taskinstance.py:1361} INFO - Starting attempt 1 of 2
[2024-07-08T10:22:01.068+0000] {taskinstance.py:1382} INFO - Executing <Task(PythonOperator): id_task_send_emails> on 2024-07-08 06:15:00+00:00
[2024-07-08T10:22:01.073+0000] {standard_task_runner.py:57} INFO - Started process 7982 to run task
[2024-07-08T10:22:01.078+0000] {standard_task_runner.py:84} INFO - Running: ['***', 'tasks', 'run', 'reports_workflow', 'id_task_send_emails', 'scheduled__2024-07-08T06:15:00+00:00', '--job-id', '3781', '--raw', '--subdir', 'DAGS_FOLDER/dag_email_robot.py', '--cfg-path', '/tmp/tmpccaa18ko']
[2024-07-08T10:22:01.083+0000] {standard_task_runner.py:85} INFO - Job 3781: Subtask id_task_send_emails
[2024-07-08T10:22:01.144+0000] {task_command.py:415} INFO - Running <TaskInstance: reports_workflow.id_task_send_emails scheduled__2024-07-08T06:15:00+00:00 [running]> on host 6f4ef5488251
[2024-07-08T10:22:01.266+0000] {taskinstance.py:1660} INFO - Exporting env vars: AIRFLOW_CTX_DAG_OWNER='FIRDAVS' AIRFLOW_CTX_DAG_ID='reports_workflow' AIRFLOW_CTX_TASK_ID='id_task_send_emails' AIRFLOW_CTX_EXECUTION_DATE='2024-07-08T06:15:00+00:00' AIRFLOW_CTX_TRY_NUMBER='1' AIRFLOW_CTX_DAG_RUN_ID='scheduled__2024-07-08T06:15:00+00:00'
[2024-07-08T10:22:01.267+0000] {logging_mixin.py:151} INFO - path of config file:  /opt/***
[2024-07-08T10:22:01.268+0000] {logging_mixin.py:151} INFO - #>2024-07-08 10:22:01.268250_User@StatDep: EmailRobot in screated.
[2024-07-08T10:22:01.268+0000] {logging_mixin.py:151} INFO - #>2024-07-08 10:22:01.268442_User@StatDep: send_validation_results is started...
[2024-07-08T10:22:01.282+0000] {logging_mixin.py:151} INFO -    #>2024-07-08 10:22:01.282429_conneciton to db is set.
[2024-07-08T10:22:01.284+0000] {logging_mixin.py:151} INFO -    #>2024-07-08 10:22:01.284460_cursor execution is successful.
[2024-07-08T10:22:01.284+0000] {logging_mixin.py:151} INFO -    There is no any new submissions found. The get_validation_results is over.
[2024-07-08T10:22:01.285+0000] {python.py:194} INFO - Done. Returned value was: True
[2024-07-08T10:22:01.312+0000] {taskinstance.py:1400} INFO - Marking task as SUCCESS. dag_id=reports_workflow, task_id=id_task_send_emails, execution_date=20240708T061500, start_date=20240708T102201, end_date=20240708T102201
[2024-07-08T10:22:01.370+0000] {local_task_job_runner.py:228} INFO - Task exited with return code 0
[2024-07-08T10:22:01.393+0000] {taskinstance.py:2784} INFO - 0 downstream tasks scheduled from follow-on schedule check
[2024-07-08T10:25:51.628+0000] {taskinstance.py:1159} INFO - Dependencies all met for dep_context=non-requeueable deps ti=<TaskInstance: reports_workflow.id_task_send_emails scheduled__2024-07-08T06:15:00+00:00 [queued]>
[2024-07-08T10:25:51.640+0000] {taskinstance.py:1159} INFO - Dependencies all met for dep_context=requeueable deps ti=<TaskInstance: reports_workflow.id_task_send_emails scheduled__2024-07-08T06:15:00+00:00 [queued]>
[2024-07-08T10:25:51.640+0000] {taskinstance.py:1361} INFO - Starting attempt 1 of 2
[2024-07-08T10:25:51.667+0000] {taskinstance.py:1382} INFO - Executing <Task(PythonOperator): id_task_send_emails> on 2024-07-08 06:15:00+00:00
[2024-07-08T10:25:51.673+0000] {standard_task_runner.py:57} INFO - Started process 8575 to run task
[2024-07-08T10:25:51.684+0000] {standard_task_runner.py:84} INFO - Running: ['***', 'tasks', 'run', 'reports_workflow', 'id_task_send_emails', 'scheduled__2024-07-08T06:15:00+00:00', '--job-id', '3961', '--raw', '--subdir', 'DAGS_FOLDER/dag_email_robot.py', '--cfg-path', '/tmp/tmpf24xoxgj']
[2024-07-08T10:25:51.688+0000] {standard_task_runner.py:85} INFO - Job 3961: Subtask id_task_send_emails
[2024-07-08T10:25:51.800+0000] {task_command.py:415} INFO - Running <TaskInstance: reports_workflow.id_task_send_emails scheduled__2024-07-08T06:15:00+00:00 [running]> on host 6f4ef5488251
[2024-07-08T10:25:51.914+0000] {taskinstance.py:1660} INFO - Exporting env vars: AIRFLOW_CTX_DAG_OWNER='FIRDAVS' AIRFLOW_CTX_DAG_ID='reports_workflow' AIRFLOW_CTX_TASK_ID='id_task_send_emails' AIRFLOW_CTX_EXECUTION_DATE='2024-07-08T06:15:00+00:00' AIRFLOW_CTX_TRY_NUMBER='1' AIRFLOW_CTX_DAG_RUN_ID='scheduled__2024-07-08T06:15:00+00:00'
[2024-07-08T10:25:51.917+0000] {logging_mixin.py:151} INFO - path of config file:  /opt/***
[2024-07-08T10:25:51.918+0000] {logging_mixin.py:151} INFO - #>2024-07-08 10:25:51.918523_User@StatDep: EmailRobot in screated.
[2024-07-08T10:25:51.918+0000] {logging_mixin.py:151} INFO - #>2024-07-08 10:25:51.918762_User@StatDep: send_validation_results is started...
[2024-07-08T10:25:51.935+0000] {logging_mixin.py:151} INFO -    #>2024-07-08 10:25:51.935849_conneciton to db is set.
[2024-07-08T10:25:51.938+0000] {logging_mixin.py:151} INFO -    #>2024-07-08 10:25:51.937956_cursor execution is successful.
[2024-07-08T10:25:51.938+0000] {logging_mixin.py:151} INFO -    There is no any new submissions found. The get_validation_results is over.
[2024-07-08T10:25:51.939+0000] {python.py:194} INFO - Done. Returned value was: True
[2024-07-08T10:25:51.985+0000] {taskinstance.py:1400} INFO - Marking task as SUCCESS. dag_id=reports_workflow, task_id=id_task_send_emails, execution_date=20240708T061500, start_date=20240708T102551, end_date=20240708T102551
[2024-07-08T10:25:52.020+0000] {local_task_job_runner.py:228} INFO - Task exited with return code 0
[2024-07-08T10:25:52.040+0000] {taskinstance.py:2784} INFO - 0 downstream tasks scheduled from follow-on schedule check
[2024-07-08T10:26:51.832+0000] {taskinstance.py:1159} INFO - Dependencies all met for dep_context=non-requeueable deps ti=<TaskInstance: reports_workflow.id_task_send_emails scheduled__2024-07-08T06:15:00+00:00 [queued]>
[2024-07-08T10:26:51.883+0000] {taskinstance.py:1159} INFO - Dependencies all met for dep_context=requeueable deps ti=<TaskInstance: reports_workflow.id_task_send_emails scheduled__2024-07-08T06:15:00+00:00 [queued]>
[2024-07-08T10:26:51.883+0000] {taskinstance.py:1361} INFO - Starting attempt 1 of 2
[2024-07-08T10:26:51.900+0000] {taskinstance.py:1382} INFO - Executing <Task(PythonOperator): id_task_send_emails> on 2024-07-08 06:15:00+00:00
[2024-07-08T10:26:51.907+0000] {standard_task_runner.py:57} INFO - Started process 8699 to run task
[2024-07-08T10:26:51.911+0000] {standard_task_runner.py:84} INFO - Running: ['***', 'tasks', 'run', 'reports_workflow', 'id_task_send_emails', 'scheduled__2024-07-08T06:15:00+00:00', '--job-id', '3998', '--raw', '--subdir', 'DAGS_FOLDER/dag_email_robot.py', '--cfg-path', '/tmp/tmplwz6l9sc']
[2024-07-08T10:26:51.917+0000] {standard_task_runner.py:85} INFO - Job 3998: Subtask id_task_send_emails
[2024-07-08T10:26:51.973+0000] {task_command.py:415} INFO - Running <TaskInstance: reports_workflow.id_task_send_emails scheduled__2024-07-08T06:15:00+00:00 [running]> on host 6f4ef5488251
[2024-07-08T10:26:52.077+0000] {taskinstance.py:1660} INFO - Exporting env vars: AIRFLOW_CTX_DAG_OWNER='FIRDAVS' AIRFLOW_CTX_DAG_ID='reports_workflow' AIRFLOW_CTX_TASK_ID='id_task_send_emails' AIRFLOW_CTX_EXECUTION_DATE='2024-07-08T06:15:00+00:00' AIRFLOW_CTX_TRY_NUMBER='1' AIRFLOW_CTX_DAG_RUN_ID='scheduled__2024-07-08T06:15:00+00:00'
[2024-07-08T10:26:52.080+0000] {logging_mixin.py:151} INFO - path of config file:  /opt/***
[2024-07-08T10:26:52.080+0000] {logging_mixin.py:151} INFO - #>2024-07-08 10:26:52.080524_User@StatDep: EmailRobot in screated.
[2024-07-08T10:26:52.080+0000] {logging_mixin.py:151} INFO - #>2024-07-08 10:26:52.080736_User@StatDep: send_validation_results is started...
[2024-07-08T10:26:52.091+0000] {logging_mixin.py:151} INFO -    #>2024-07-08 10:26:52.091537_conneciton to db is set.
[2024-07-08T10:26:52.093+0000] {logging_mixin.py:151} INFO -    #>2024-07-08 10:26:52.093567_cursor execution is successful.
[2024-07-08T10:26:52.093+0000] {logging_mixin.py:151} INFO -    There is no any new submissions found. The get_validation_results is over.
[2024-07-08T10:26:52.094+0000] {python.py:194} INFO - Done. Returned value was: True
[2024-07-08T10:26:52.126+0000] {taskinstance.py:1400} INFO - Marking task as SUCCESS. dag_id=reports_workflow, task_id=id_task_send_emails, execution_date=20240708T061500, start_date=20240708T102651, end_date=20240708T102652
[2024-07-08T10:26:52.172+0000] {local_task_job_runner.py:228} INFO - Task exited with return code 0
[2024-07-08T10:26:52.193+0000] {taskinstance.py:2784} INFO - 0 downstream tasks scheduled from follow-on schedule check
