[2024-08-01T10:10:01.969+0000] {taskinstance.py:1159} INFO - Dependencies all met for dep_context=non-requeueable deps ti=<TaskInstance: reports_workflow.id_task_get_emails scheduled__2024-08-01T10:05:00+00:00 [queued]>
[2024-08-01T10:10:01.976+0000] {taskinstance.py:1159} INFO - Dependencies all met for dep_context=requeueable deps ti=<TaskInstance: reports_workflow.id_task_get_emails scheduled__2024-08-01T10:05:00+00:00 [queued]>
[2024-08-01T10:10:01.976+0000] {taskinstance.py:1361} INFO - Starting attempt 1 of 2
[2024-08-01T10:10:01.996+0000] {taskinstance.py:1382} INFO - Executing <Task(PythonOperator): id_task_get_emails> on 2024-08-01 10:05:00+00:00
[2024-08-01T10:10:02.001+0000] {standard_task_runner.py:57} INFO - Started process 45916 to run task
[2024-08-01T10:10:02.009+0000] {standard_task_runner.py:84} INFO - Running: ['***', 'tasks', 'run', 'reports_workflow', 'id_task_get_emails', 'scheduled__2024-08-01T10:05:00+00:00', '--job-id', '1413', '--raw', '--subdir', 'DAGS_FOLDER/dag_stat_report.py', '--cfg-path', '/tmp/tmpuz4nish3']
[2024-08-01T10:10:02.014+0000] {standard_task_runner.py:85} INFO - Job 1413: Subtask id_task_get_emails
[2024-08-01T10:10:02.153+0000] {task_command.py:415} INFO - Running <TaskInstance: reports_workflow.id_task_get_emails scheduled__2024-08-01T10:05:00+00:00 [running]> on host 6bb718ab9b8f
[2024-08-01T10:10:02.328+0000] {taskinstance.py:1660} INFO - Exporting env vars: AIRFLOW_CTX_DAG_OWNER='FIRDAVS' AIRFLOW_CTX_DAG_ID='reports_workflow' AIRFLOW_CTX_TASK_ID='id_task_get_emails' AIRFLOW_CTX_EXECUTION_DATE='2024-08-01T10:05:00+00:00' AIRFLOW_CTX_TRY_NUMBER='1' AIRFLOW_CTX_DAG_RUN_ID='scheduled__2024-08-01T10:05:00+00:00'
[2024-08-01T10:10:02.330+0000] {logging_mixin.py:151} INFO - path of config file:  /opt/***
[2024-08-01T10:10:02.330+0000] {logging_mixin.py:151} INFO - #>2024-08-01 10:10:02.330840_User@StatDep: EmailRobot in screated.
[2024-08-01T10:10:02.331+0000] {logging_mixin.py:151} INFO - #>2024-08-01 10:10:02.331034_User@StatDep: get_for_recent_emails is started...
[2024-08-01T10:10:02.331+0000] {logging_mixin.py:151} INFO - #>2024-08-01 10:10:02.331178_User@StatDep: pop3_fetch_emails isstarted...
[2024-08-01T10:10:02.929+0000] {logging_mixin.py:151} INFO -    b'+OK'
[2024-08-01T10:10:03.264+0000] {logging_mixin.py:151} INFO -    mailbox have 0 emails and the robot can process 10
[2024-08-01T10:10:03.265+0000] {logging_mixin.py:151} INFO - #>2024-08-01 10:10:03.265189_User@StatDep: no emails to process, exiting pop3_fetch_emails()...
[2024-08-01T10:10:03.266+0000] {python.py:194} INFO - Done. Returned value was: True
[2024-08-01T10:10:03.301+0000] {taskinstance.py:1400} INFO - Marking task as SUCCESS. dag_id=reports_workflow, task_id=id_task_get_emails, execution_date=20240801T100500, start_date=20240801T101001, end_date=20240801T101003
[2024-08-01T10:10:03.344+0000] {local_task_job_runner.py:228} INFO - Task exited with return code 0
[2024-08-01T10:10:03.372+0000] {taskinstance.py:2784} INFO - 0 downstream tasks scheduled from follow-on schedule check
