[2024-07-29T03:56:14.665+0000] {taskinstance.py:1159} INFO - Dependencies all met for dep_context=non-requeueable deps ti=<TaskInstance: reports_workflow.id_task_send_emails manual__2024-07-29T03:56:09.731301+00:00 [queued]>
[2024-07-29T03:56:14.673+0000] {taskinstance.py:1159} INFO - Dependencies all met for dep_context=requeueable deps ti=<TaskInstance: reports_workflow.id_task_send_emails manual__2024-07-29T03:56:09.731301+00:00 [queued]>
[2024-07-29T03:56:14.673+0000] {taskinstance.py:1361} INFO - Starting attempt 1 of 2
[2024-07-29T03:56:14.695+0000] {taskinstance.py:1382} INFO - Executing <Task(PythonOperator): id_task_send_emails> on 2024-07-29 03:56:09.731301+00:00
[2024-07-29T03:56:14.702+0000] {standard_task_runner.py:57} INFO - Started process 83063 to run task
[2024-07-29T03:56:14.706+0000] {standard_task_runner.py:84} INFO - Running: ['***', 'tasks', 'run', 'reports_workflow', 'id_task_send_emails', 'manual__2024-07-29T03:56:09.731301+00:00', '--job-id', '8376', '--raw', '--subdir', 'DAGS_FOLDER/dag_email_robot.py', '--cfg-path', '/tmp/tmpni9hy0eg']
[2024-07-29T03:56:14.710+0000] {standard_task_runner.py:85} INFO - Job 8376: Subtask id_task_send_emails
[2024-07-29T03:56:15.140+0000] {task_command.py:415} INFO - Running <TaskInstance: reports_workflow.id_task_send_emails manual__2024-07-29T03:56:09.731301+00:00 [running]> on host 6f4ef5488251
[2024-07-29T03:56:15.370+0000] {taskinstance.py:1660} INFO - Exporting env vars: AIRFLOW_CTX_DAG_OWNER='FIRDAVS' AIRFLOW_CTX_DAG_ID='reports_workflow' AIRFLOW_CTX_TASK_ID='id_task_send_emails' AIRFLOW_CTX_EXECUTION_DATE='2024-07-29T03:56:09.731301+00:00' AIRFLOW_CTX_TRY_NUMBER='1' AIRFLOW_CTX_DAG_RUN_ID='manual__2024-07-29T03:56:09.731301+00:00'
[2024-07-29T03:56:15.371+0000] {logging_mixin.py:151} INFO - path of config file:  /opt/***
[2024-07-29T03:56:15.372+0000] {logging_mixin.py:151} INFO - #>2024-07-29 03:56:15.372518_User@StatDep: EmailRobot in screated.
[2024-07-29T03:56:15.372+0000] {logging_mixin.py:151} INFO - #>2024-07-29 03:56:15.372755_User@StatDep: send_validation_results is started...
[2024-07-29T03:56:15.383+0000] {logging_mixin.py:151} INFO -    #>2024-07-29 03:56:15.383714_conneciton to db is set.
[2024-07-29T03:56:15.385+0000] {logging_mixin.py:151} INFO -    #>2024-07-29 03:56:15.385442_cursor execution is successful.
[2024-07-29T03:56:15.385+0000] {logging_mixin.py:151} INFO -    extracted information for about report sumbissions found...
[2024-07-29T03:56:15.387+0000] {logging_mixin.py:151} INFO - #>2024-07-29 03:56:15.387552_User@StatDep: email object ready to be sent:
[2024-07-29T03:56:15.883+0000] {logging_mixin.py:151} WARNING - send: 'ehlo [172.20.0.6]\r\n'
[2024-07-29T03:56:15.950+0000] {logging_mixin.py:151} WARNING - reply: b'250-smtp34.i.mail.ru\r\n'
[2024-07-29T03:56:15.950+0000] {logging_mixin.py:151} WARNING - reply: b'250-SIZE 73400320\r\n'
[2024-07-29T03:56:15.950+0000] {logging_mixin.py:151} WARNING - reply: b'250-8BITMIME\r\n'
[2024-07-29T03:56:15.951+0000] {logging_mixin.py:151} WARNING - reply: b'250-PIPELINING\r\n'
[2024-07-29T03:56:15.951+0000] {logging_mixin.py:151} WARNING - reply: b'250-DSN\r\n'
[2024-07-29T03:56:15.951+0000] {logging_mixin.py:151} WARNING - reply: b'250-SMTPUTF8\r\n'
[2024-07-29T03:56:15.952+0000] {logging_mixin.py:151} WARNING - reply: b'250 AUTH PLAIN LOGIN XOAUTH2\r\n'
[2024-07-29T03:56:15.952+0000] {logging_mixin.py:151} WARNING - reply: retcode (250); Msg: b'smtp34.i.mail.ru\nSIZE 73400320\n8BITMIME\nPIPELINING\nDSN\nSMTPUTF8\nAUTH PLAIN LOGIN XOAUTH2'
[2024-07-29T03:56:15.953+0000] {logging_mixin.py:151} WARNING - send: 'AUTH PLAIN AGtoYWxpbXpvZEBsaXN0LnJ1AEdSWFFSakMyYms0cVpIQjI2VXFk\r\n'
[2024-07-29T03:56:16.141+0000] {logging_mixin.py:151} WARNING - reply: b'235 Authentication succeeded\r\n'
[2024-07-29T03:56:16.142+0000] {logging_mixin.py:151} WARNING - reply: retcode (235); Msg: b'Authentication succeeded'
[2024-07-29T03:56:16.147+0000] {logging_mixin.py:151} WARNING - send: 'mail FROM:<khalimzod@list.ru> size=1923\r\n'
[2024-07-29T03:56:16.220+0000] {logging_mixin.py:151} WARNING - reply: b'250 OK\r\n'
[2024-07-29T03:56:16.221+0000] {logging_mixin.py:151} WARNING - reply: retcode (250); Msg: b'OK'
[2024-07-29T03:56:16.222+0000] {logging_mixin.py:151} WARNING - send: 'rcpt TO:<3d_0001@mail.ru>\r\n'
[2024-07-29T03:56:16.287+0000] {logging_mixin.py:151} WARNING - reply: b'250 Accepted\r\n'
[2024-07-29T03:56:16.288+0000] {logging_mixin.py:151} WARNING - reply: retcode (250); Msg: b'Accepted'
[2024-07-29T03:56:16.289+0000] {logging_mixin.py:151} WARNING - send: 'data\r\n'
[2024-07-29T03:56:16.356+0000] {logging_mixin.py:151} WARNING - reply: b'354 Enter message, ending with "." on a line by itself\r\n'
[2024-07-29T03:56:16.357+0000] {logging_mixin.py:151} WARNING - reply: retcode (354); Msg: b'Enter message, ending with "." on a line by itself'
[2024-07-29T03:56:16.358+0000] {logging_mixin.py:151} WARNING - data: (354, b'Enter message, ending with "." on a line by itself')
[2024-07-29T03:56:16.359+0000] {logging_mixin.py:151} WARNING - send: b'Content-Type: multipart/mixed; boundary="===============2175746242572351784=="\r\nMIME-Version: 1.0\r\nSubject: =?utf-8?b?b21vckBuYnQudGo6INGE0LDQudC7ICIxSEsudjAuMTYyNi4zMTAxMjAyNC54bHN4IiDQt9Cw0LPRgNGD0LbQtdC90L3Ri9C1INCyIDIwMjQtMDctMjMgMTM6MDE6MDErMDA6MDAg0J3QlSDQn9Cg0JjQndCv0KI=?=\r\nFrom: khalimzod@list.ru\r\nTo: <3d_0001@mail.ru>\r\n\r\n--===============2175746242572351784==\r\nContent-Type: text/plain; charset="utf-8"\r\nMIME-Version: 1.0\r\nContent-Transfer-Encoding: base64\r\n\r\n0JfQtNGA0LDQstGB0YLQstGD0LnRgtC1LCAKINCaINGB0L7QttCw0LvQtdC90LjRjiDRhNCw0LnQ\r\nuyDRgSDQuNC80LXQvdC10LwgMUhLLnYwLjE2MjYuMzEwMTIwMjQueGxzeCwg0LfQsNCz0YDRg9C2\r\n0LXQvdC90YvQuSDQsiAyMDI0LTA3LTIzIDEzOjAxOjAxKzAwOjAwINC90LUg0LHRi9C7INC/0YDQ\r\nuNC90Y/RgiDRgdC40YHRgtC10LzQvtC5INCw0LLRgtC+0LzQsNGC0LjRh9C10YHQutC+0Lkg0L7Q\r\nsdGA0LDQsdC+0YLQutC4LiDQn9C+0LbQsNC70YPQudGB0YLQsCwg0L/RgNC+0LLQtdGA0YzRgtC1\r\nINC30LDQv9C+0LvQvdC10L3QuNC1INGE0LDQudC70LAuIAog0JTQvtC/0L7Qu9C90LjRgtC10LvR\r\njNC90YvQtSDRgdCy0LXQtNC10L3RjNGPINC/0L4g0L7QsdC90LDRgNGD0LbQtdC90L3Ri9C8INC+\r\n0YjQuNCx0LrQsNC8INC/0YDQuNC70L7QttC10L3QvdGLINC6INC/0LjRgdGM0LzRgy4KIEMg0YPQ\r\nstCw0LbQtdC90LjQtdC8LCAKINCU0LXQv9Cw0YDRgtCw0LzQtdC90YIg0YHRgtCw0YLQuNGB0YLQ\r\nuNC60Lgg0Lgg0L/Qu9Cw0YLQtdC20L3QvtCz0L4g0LHQsNC70LDQvdGB0LAg\r\n\r\n--===============2175746242572351784==\r\nMIME-Version: 1.0\r\nContent-Type: application/text/csv; charset="utf-8"\r\nContent-Transfer-Encoding: base64\r\nContent-Transfer-Encoding: base64\r\ncontent-disposition: attachment; filename="1HK.v0.1626.31012024.xlsx_protocol.txt"\r\n\r\n0JTQsNGC0LAg0Lgg0LLRgNC10LzRjyDQv9C+0LvRg9GH0LXQvdC40Y8g0YTQsNC50LvQsCAtLS0t\r\nLS0tLS0tLS0tLS0tLS0tLSAyMDI0LTA3LTI5IDAzOjU2OjEyCgog0JTQu9GPINC/0L7Qu9GD0YfQ\r\ntdC90LjRjyDQtNCw0L3QvdC+0LPQviDQvtGC0YfQtdGC0LAg0L3QtSDRgdGD0YnQtdGB0YLQstGD\r\n0LXRgiDRgNCw0YHQv9C40YHQsNC90LjQtQog0LrQvtC70LjRh9C10YHRgtCy0L4g0L3QsNC50LTQ\r\ntdC90L3Ri9GFINC+0YjQuNCx0L7QuiAtLS0tLS0tLS0tLS0tLS0tLS0tLTE=\r\n\r\n--===============2175746242572351784==--\r\n.\r\n'
[2024-07-29T03:56:16.837+0000] {logging_mixin.py:151} WARNING - reply: b'250 OK id=1sYHUe-000000006Uw-1M1K\r\n'
[2024-07-29T03:56:16.837+0000] {logging_mixin.py:151} WARNING - reply: retcode (250); Msg: b'OK id=1sYHUe-000000006Uw-1M1K'
[2024-07-29T03:56:16.838+0000] {logging_mixin.py:151} WARNING - data: (250, b'OK id=1sYHUe-000000006Uw-1M1K')
[2024-07-29T03:56:16.838+0000] {logging_mixin.py:151} INFO - #>2024-07-29 03:56:16.838652_User@StatDep: email successfuly sent
[2024-07-29T03:56:16.839+0000] {logging_mixin.py:151} WARNING - send: 'QUIT\r\n'
[2024-07-29T03:56:17.106+0000] {logging_mixin.py:151} WARNING - reply: b'221 exim-smtp-868bf69f6c-wvxns closing connection\r\n'
[2024-07-29T03:56:17.107+0000] {logging_mixin.py:151} WARNING - reply: retcode (221); Msg: b'exim-smtp-868bf69f6c-wvxns closing connection'
[2024-07-29T03:56:17.108+0000] {logging_mixin.py:151} INFO - #>2024-07-29 03:56:17.108851_User@StatDep: email object ready to be sent:
[2024-07-29T03:56:17.501+0000] {logging_mixin.py:151} WARNING - send: 'ehlo [172.20.0.6]\r\n'
[2024-07-29T03:56:17.566+0000] {logging_mixin.py:151} WARNING - reply: b'250-smtp44.i.mail.ru\r\n'
[2024-07-29T03:56:17.567+0000] {logging_mixin.py:151} WARNING - reply: b'250-SIZE 73400320\r\n'
[2024-07-29T03:56:17.567+0000] {logging_mixin.py:151} WARNING - reply: b'250-8BITMIME\r\n'
[2024-07-29T03:56:17.568+0000] {logging_mixin.py:151} WARNING - reply: b'250-PIPELINING\r\n'
[2024-07-29T03:56:17.569+0000] {logging_mixin.py:151} WARNING - reply: b'250-DSN\r\n'
[2024-07-29T03:56:17.570+0000] {logging_mixin.py:151} WARNING - reply: b'250-SMTPUTF8\r\n'
[2024-07-29T03:56:17.571+0000] {logging_mixin.py:151} WARNING - reply: b'250 AUTH PLAIN LOGIN XOAUTH2\r\n'
[2024-07-29T03:56:17.571+0000] {logging_mixin.py:151} WARNING - reply: retcode (250); Msg: b'smtp44.i.mail.ru\nSIZE 73400320\n8BITMIME\nPIPELINING\nDSN\nSMTPUTF8\nAUTH PLAIN LOGIN XOAUTH2'
[2024-07-29T03:56:17.572+0000] {logging_mixin.py:151} WARNING - send: 'AUTH PLAIN AGtoYWxpbXpvZEBsaXN0LnJ1AEdSWFFSakMyYms0cVpIQjI2VXFk\r\n'
[2024-07-29T03:56:17.749+0000] {logging_mixin.py:151} WARNING - reply: b'235 Authentication succeeded\r\n'
[2024-07-29T03:56:17.750+0000] {logging_mixin.py:151} WARNING - reply: retcode (235); Msg: b'Authentication succeeded'
[2024-07-29T03:56:17.754+0000] {logging_mixin.py:151} WARNING - send: 'mail FROM:<khalimzod@list.ru> size=1922\r\n'
[2024-07-29T03:56:17.821+0000] {logging_mixin.py:151} WARNING - reply: b'250 OK\r\n'
[2024-07-29T03:56:17.821+0000] {logging_mixin.py:151} WARNING - reply: retcode (250); Msg: b'OK'
[2024-07-29T03:56:17.821+0000] {logging_mixin.py:151} WARNING - send: 'rcpt TO:<3d_0001@mail.ru>\r\n'
[2024-07-29T03:56:17.890+0000] {logging_mixin.py:151} WARNING - reply: b'250 Accepted\r\n'
[2024-07-29T03:56:17.890+0000] {logging_mixin.py:151} WARNING - reply: retcode (250); Msg: b'Accepted'
[2024-07-29T03:56:17.890+0000] {logging_mixin.py:151} WARNING - send: 'data\r\n'
[2024-07-29T03:56:17.953+0000] {logging_mixin.py:151} WARNING - reply: b'354 Enter message, ending with "." on a line by itself\r\n'
[2024-07-29T03:56:17.954+0000] {logging_mixin.py:151} WARNING - reply: retcode (354); Msg: b'Enter message, ending with "." on a line by itself'
[2024-07-29T03:56:17.954+0000] {logging_mixin.py:151} WARNING - data: (354, b'Enter message, ending with "." on a line by itself')
[2024-07-29T03:56:17.955+0000] {logging_mixin.py:151} WARNING - send: b'Content-Type: multipart/mixed; boundary="===============4724407332448070965=="\r\nMIME-Version: 1.0\r\nSubject: =?utf-8?b?b21vckBuYnQudGo6INGE0LDQudC7ICJISy52MC4wMDAwLjMxMDEyMDI0Lnhsc3giINC30LDQs9GA0YPQttC10L3QvdGL0LUg0LIgMjAyNC0wNy0yMyAxMzowMTowMSswMDowMCDQndCVINCf0KDQmNCd0K/Qog==?=\r\nFrom: khalimzod@list.ru\r\nTo: <3d_0001@mail.ru>\r\n\r\n--===============4724407332448070965==\r\nContent-Type: text/plain; charset="utf-8"\r\nMIME-Version: 1.0\r\nContent-Transfer-Encoding: base64\r\n\r\n0JfQtNGA0LDQstGB0YLQstGD0LnRgtC1LCAKINCaINGB0L7QttCw0LvQtdC90LjRjiDRhNCw0LnQ\r\nuyDRgSDQuNC80LXQvdC10LwgSEsudjAuMDAwMC4zMTAxMjAyNC54bHN4LCDQt9Cw0LPRgNGD0LbQ\r\ntdC90L3Ri9C5INCyIDIwMjQtMDctMjMgMTM6MDE6MDErMDA6MDAg0L3QtSDQsdGL0Lsg0L/RgNC4\r\n0L3Rj9GCINGB0LjRgdGC0LXQvNC+0Lkg0LDQstGC0L7QvNCw0YLQuNGH0LXRgdC60L7QuSDQvtCx\r\n0YDQsNCx0L7RgtC60LguINCf0L7QttCw0LvRg9C50YHRgtCwLCDQv9GA0L7QstC10YDRjNGC0LUg\r\n0LfQsNC/0L7Qu9C90LXQvdC40LUg0YTQsNC50LvQsC4gCiDQlNC+0L/QvtC70L3QuNGC0LXQu9GM\r\n0L3Ri9C1INGB0LLQtdC00LXQvdGM0Y8g0L/QviDQvtCx0L3QsNGA0YPQttC10L3QvdGL0Lwg0L7R\r\niNC40LHQutCw0Lwg0L/RgNC40LvQvtC20LXQvdC90Ysg0Log0L/QuNGB0YzQvNGDLgogQyDRg9Cy\r\n0LDQttC10L3QuNC10LwsIAog0JTQtdC/0LDRgNGC0LDQvNC10L3RgiDRgdGC0LDRgtC40YHRgtC4\r\n0LrQuCDQuCDQv9C70LDRgtC10LbQvdC+0LPQviDQsdCw0LvQsNC90YHQsCA=\r\n\r\n--===============4724407332448070965==\r\nMIME-Version: 1.0\r\nContent-Type: application/text/csv; charset="utf-8"\r\nContent-Transfer-Encoding: base64\r\nContent-Transfer-Encoding: base64\r\ncontent-disposition: attachment; filename="HK.v0.0000.31012024.xlsx_protocol.txt"\r\n\r\n0JTQsNGC0LAg0Lgg0LLRgNC10LzRjyDQv9C+0LvRg9GH0LXQvdC40Y8g0YTQsNC50LvQsCAtLS0t\r\nLS0tLS0tLS0tLS0tLS0tLSAyMDI0LTA3LTIzIDExOjAwOjQ1Cgog0JTQu9GPINC/0L7Qu9GD0YfQ\r\ntdC90LjRjyDQtNCw0L3QvdC+0LPQviDQvtGC0YfQtdGC0LAg0L3QtSDRgdGD0YnQtdGB0YLQstGD\r\n0LXRgiDRgNCw0YHQv9C40YHQsNC90LjQtQog0LrQvtC70LjRh9C10YHRgtCy0L4g0L3QsNC50LTQ\r\ntdC90L3Ri9GFINC+0YjQuNCx0L7QuiAtLS0tLS0tLS0tLS0tLS0tLS0tLTE=\r\n\r\n--===============4724407332448070965==--\r\n.\r\n'
[2024-07-29T03:56:18.538+0000] {logging_mixin.py:151} WARNING - reply: b'250 OK id=1sYHUf-000000006V8-3rVd\r\n'
[2024-07-29T03:56:18.539+0000] {logging_mixin.py:151} WARNING - reply: retcode (250); Msg: b'OK id=1sYHUf-000000006V8-3rVd'
[2024-07-29T03:56:18.540+0000] {logging_mixin.py:151} WARNING - data: (250, b'OK id=1sYHUf-000000006V8-3rVd')
[2024-07-29T03:56:18.541+0000] {logging_mixin.py:151} INFO - #>2024-07-29 03:56:18.541613_User@StatDep: email successfuly sent
[2024-07-29T03:56:18.542+0000] {logging_mixin.py:151} WARNING - send: 'QUIT\r\n'
[2024-07-29T03:56:18.818+0000] {logging_mixin.py:151} WARNING - reply: b'221 exim-smtp-868bf69f6c-wvxns closing connection\r\n'
[2024-07-29T03:56:18.818+0000] {logging_mixin.py:151} WARNING - reply: retcode (221); Msg: b'exim-smtp-868bf69f6c-wvxns closing connection'
[2024-07-29T03:56:18.819+0000] {logging_mixin.py:151} INFO -    finilizing processing for the reserved file uploads...
[2024-07-29T03:56:18.821+0000] {python.py:194} INFO - Done. Returned value was: True
[2024-07-29T03:56:18.854+0000] {taskinstance.py:1400} INFO - Marking task as SUCCESS. dag_id=reports_workflow, task_id=id_task_send_emails, execution_date=20240729T035609, start_date=20240729T035614, end_date=20240729T035618
[2024-07-29T03:56:18.898+0000] {local_task_job_runner.py:228} INFO - Task exited with return code 0
[2024-07-29T03:56:18.925+0000] {taskinstance.py:2784} INFO - 0 downstream tasks scheduled from follow-on schedule check
