[2024-07-03T09:58:30.880+0000] {taskinstance.py:1159} INFO - Dependencies all met for dep_context=non-requeueable deps ti=<TaskInstance: reports_workflow.id_task_get_emails scheduled__2024-07-02T19:20:00+00:00 [queued]>
[2024-07-03T09:58:30.888+0000] {taskinstance.py:1159} INFO - Dependencies all met for dep_context=requeueable deps ti=<TaskInstance: reports_workflow.id_task_get_emails scheduled__2024-07-02T19:20:00+00:00 [queued]>
[2024-07-03T09:58:30.888+0000] {taskinstance.py:1361} INFO - Starting attempt 1 of 1
[2024-07-03T09:58:30.905+0000] {taskinstance.py:1382} INFO - Executing <Task(PythonOperator): id_task_get_emails> on 2024-07-02 19:20:00+00:00
[2024-07-03T09:58:30.910+0000] {standard_task_runner.py:57} INFO - Started process 20815 to run task
[2024-07-03T09:58:30.915+0000] {standard_task_runner.py:84} INFO - Running: ['***', 'tasks', 'run', 'reports_workflow', 'id_task_get_emails', 'scheduled__2024-07-02T19:20:00+00:00', '--job-id', '478', '--raw', '--subdir', 'DAGS_FOLDER/dag_email_robot.py', '--cfg-path', '/tmp/tmpdxy2d1sy']
[2024-07-03T09:58:30.916+0000] {standard_task_runner.py:85} INFO - Job 478: Subtask id_task_get_emails
[2024-07-03T09:58:30.980+0000] {task_command.py:415} INFO - Running <TaskInstance: reports_workflow.id_task_get_emails scheduled__2024-07-02T19:20:00+00:00 [running]> on host 6f4ef5488251
[2024-07-03T09:58:31.098+0000] {taskinstance.py:1660} INFO - Exporting env vars: AIRFLOW_CTX_DAG_OWNER='FIRDAVS' AIRFLOW_CTX_DAG_ID='reports_workflow' AIRFLOW_CTX_TASK_ID='id_task_get_emails' AIRFLOW_CTX_EXECUTION_DATE='2024-07-02T19:20:00+00:00' AIRFLOW_CTX_TRY_NUMBER='1' AIRFLOW_CTX_DAG_RUN_ID='scheduled__2024-07-02T19:20:00+00:00'
[2024-07-03T09:58:31.100+0000] {logging_mixin.py:151} INFO - path of config file:  /opt/***
[2024-07-03T09:58:31.101+0000] {logging_mixin.py:151} INFO - #>2024-07-03 09:58:31.101446_User@StatDep: EmailRobot in screated.
[2024-07-03T09:58:31.101+0000] {logging_mixin.py:151} INFO - #>2024-07-03 09:58:31.101624_User@StatDep: get_for_recent_emails is started...
[2024-07-03T09:58:31.101+0000] {logging_mixin.py:151} INFO - #>2024-07-03 09:58:31.101757_User@StatDep: pop3_fetch_emails isstarted...
[2024-07-03T09:58:31.518+0000] {logging_mixin.py:151} INFO -    b'+OK'
[2024-07-03T09:58:31.822+0000] {logging_mixin.py:151} INFO -    mailbox have 0 emails and the robot can process 10
[2024-07-03T09:58:31.822+0000] {logging_mixin.py:151} INFO - #>2024-07-03 09:58:31.822741_User@StatDep: no emails to process, exiting pop3_fetch_emails()...
[2024-07-03T09:58:31.823+0000] {python.py:194} INFO - Done. Returned value was: True
[2024-07-03T09:58:31.874+0000] {taskinstance.py:1400} INFO - Marking task as SUCCESS. dag_id=reports_workflow, task_id=id_task_get_emails, execution_date=20240702T192000, start_date=20240703T095830, end_date=20240703T095831
[2024-07-03T09:58:31.939+0000] {local_task_job_runner.py:228} INFO - Task exited with return code 0
[2024-07-03T09:58:31.975+0000] {taskinstance.py:2784} INFO - 0 downstream tasks scheduled from follow-on schedule check
[2024-07-03T12:28:54.490+0000] {taskinstance.py:1159} INFO - Dependencies all met for dep_context=non-requeueable deps ti=<TaskInstance: reports_workflow.id_task_get_emails scheduled__2024-07-02T19:20:00+00:00 [queued]>
[2024-07-03T12:28:54.508+0000] {taskinstance.py:1159} INFO - Dependencies all met for dep_context=requeueable deps ti=<TaskInstance: reports_workflow.id_task_get_emails scheduled__2024-07-02T19:20:00+00:00 [queued]>
[2024-07-03T12:28:54.508+0000] {taskinstance.py:1361} INFO - Starting attempt 1 of 1
[2024-07-03T12:28:54.547+0000] {taskinstance.py:1382} INFO - Executing <Task(PythonOperator): id_task_get_emails> on 2024-07-02 19:20:00+00:00
[2024-07-03T12:28:54.554+0000] {standard_task_runner.py:57} INFO - Started process 24818 to run task
[2024-07-03T12:28:54.566+0000] {standard_task_runner.py:84} INFO - Running: ['***', 'tasks', 'run', 'reports_workflow', 'id_task_get_emails', 'scheduled__2024-07-02T19:20:00+00:00', '--job-id', '1342', '--raw', '--subdir', 'DAGS_FOLDER/dag_email_robot.py', '--cfg-path', '/tmp/tmpnkz8i8p8']
[2024-07-03T12:28:54.567+0000] {standard_task_runner.py:85} INFO - Job 1342: Subtask id_task_get_emails
[2024-07-03T12:28:54.651+0000] {task_command.py:415} INFO - Running <TaskInstance: reports_workflow.id_task_get_emails scheduled__2024-07-02T19:20:00+00:00 [running]> on host 6f4ef5488251
[2024-07-03T12:28:54.845+0000] {taskinstance.py:1660} INFO - Exporting env vars: AIRFLOW_CTX_DAG_OWNER='FIRDAVS' AIRFLOW_CTX_DAG_ID='reports_workflow' AIRFLOW_CTX_TASK_ID='id_task_get_emails' AIRFLOW_CTX_EXECUTION_DATE='2024-07-02T19:20:00+00:00' AIRFLOW_CTX_TRY_NUMBER='1' AIRFLOW_CTX_DAG_RUN_ID='scheduled__2024-07-02T19:20:00+00:00'
[2024-07-03T12:28:54.849+0000] {logging_mixin.py:151} INFO - path of config file:  /opt/***
[2024-07-03T12:28:54.849+0000] {logging_mixin.py:151} INFO - #>2024-07-03 12:28:54.849707_User@StatDep: EmailRobot in screated.
[2024-07-03T12:28:54.849+0000] {logging_mixin.py:151} INFO - #>2024-07-03 12:28:54.849887_User@StatDep: get_for_recent_emails is started...
[2024-07-03T12:28:54.850+0000] {logging_mixin.py:151} INFO - #>2024-07-03 12:28:54.850018_User@StatDep: pop3_fetch_emails isstarted...
[2024-07-03T12:28:55.230+0000] {logging_mixin.py:151} INFO -    b'+OK'
[2024-07-03T12:28:55.548+0000] {logging_mixin.py:151} INFO -    mailbox have 0 emails and the robot can process 10
[2024-07-03T12:28:55.549+0000] {logging_mixin.py:151} INFO - #>2024-07-03 12:28:55.549151_User@StatDep: no emails to process, exiting pop3_fetch_emails()...
[2024-07-03T12:28:55.549+0000] {python.py:194} INFO - Done. Returned value was: True
[2024-07-03T12:28:55.583+0000] {taskinstance.py:1400} INFO - Marking task as SUCCESS. dag_id=reports_workflow, task_id=id_task_get_emails, execution_date=20240702T192000, start_date=20240703T122854, end_date=20240703T122855
[2024-07-03T12:28:55.631+0000] {local_task_job_runner.py:228} INFO - Task exited with return code 0
[2024-07-03T12:28:55.719+0000] {taskinstance.py:2784} INFO - 0 downstream tasks scheduled from follow-on schedule check
