[2024-07-03T09:59:43.632+0000] {taskinstance.py:1159} INFO - Dependencies all met for dep_context=non-requeueable deps ti=<TaskInstance: reports_workflow.id_task_get_emails scheduled__2024-07-03T05:45:00+00:00 [queued]>
[2024-07-03T09:59:43.639+0000] {taskinstance.py:1159} INFO - Dependencies all met for dep_context=requeueable deps ti=<TaskInstance: reports_workflow.id_task_get_emails scheduled__2024-07-03T05:45:00+00:00 [queued]>
[2024-07-03T09:59:43.640+0000] {taskinstance.py:1361} INFO - Starting attempt 1 of 1
[2024-07-03T09:59:43.659+0000] {taskinstance.py:1382} INFO - Executing <Task(PythonOperator): id_task_get_emails> on 2024-07-03 05:45:00+00:00
[2024-07-03T09:59:43.665+0000] {standard_task_runner.py:57} INFO - Started process 21081 to run task
[2024-07-03T09:59:43.674+0000] {standard_task_runner.py:84} INFO - Running: ['***', 'tasks', 'run', 'reports_workflow', 'id_task_get_emails', 'scheduled__2024-07-03T05:45:00+00:00', '--job-id', '604', '--raw', '--subdir', 'DAGS_FOLDER/dag_email_robot.py', '--cfg-path', '/tmp/tmpk2lhryb_']
[2024-07-03T09:59:43.675+0000] {standard_task_runner.py:85} INFO - Job 604: Subtask id_task_get_emails
[2024-07-03T09:59:43.802+0000] {task_command.py:415} INFO - Running <TaskInstance: reports_workflow.id_task_get_emails scheduled__2024-07-03T05:45:00+00:00 [running]> on host 6f4ef5488251
[2024-07-03T09:59:43.938+0000] {taskinstance.py:1660} INFO - Exporting env vars: AIRFLOW_CTX_DAG_OWNER='FIRDAVS' AIRFLOW_CTX_DAG_ID='reports_workflow' AIRFLOW_CTX_TASK_ID='id_task_get_emails' AIRFLOW_CTX_EXECUTION_DATE='2024-07-03T05:45:00+00:00' AIRFLOW_CTX_TRY_NUMBER='1' AIRFLOW_CTX_DAG_RUN_ID='scheduled__2024-07-03T05:45:00+00:00'
[2024-07-03T09:59:43.939+0000] {logging_mixin.py:151} INFO - path of config file:  /opt/***
[2024-07-03T09:59:43.940+0000] {logging_mixin.py:151} INFO - #>2024-07-03 09:59:43.939996_User@StatDep: EmailRobot in screated.
[2024-07-03T09:59:43.940+0000] {logging_mixin.py:151} INFO - #>2024-07-03 09:59:43.940167_User@StatDep: get_for_recent_emails is started...
[2024-07-03T09:59:43.940+0000] {logging_mixin.py:151} INFO - #>2024-07-03 09:59:43.940283_User@StatDep: pop3_fetch_emails isstarted...
[2024-07-03T09:59:44.341+0000] {logging_mixin.py:151} INFO -    b'+OK'
[2024-07-03T09:59:44.636+0000] {logging_mixin.py:151} INFO -    mailbox have 0 emails and the robot can process 10
[2024-07-03T09:59:44.636+0000] {logging_mixin.py:151} INFO - #>2024-07-03 09:59:44.636671_User@StatDep: no emails to process, exiting pop3_fetch_emails()...
[2024-07-03T09:59:44.637+0000] {python.py:194} INFO - Done. Returned value was: True
[2024-07-03T09:59:44.687+0000] {taskinstance.py:1400} INFO - Marking task as SUCCESS. dag_id=reports_workflow, task_id=id_task_get_emails, execution_date=20240703T054500, start_date=20240703T095943, end_date=20240703T095944
[2024-07-03T09:59:44.782+0000] {local_task_job_runner.py:228} INFO - Task exited with return code 0
[2024-07-03T09:59:44.808+0000] {taskinstance.py:2784} INFO - 0 downstream tasks scheduled from follow-on schedule check
[2024-07-03T13:40:16.893+0000] {taskinstance.py:1159} INFO - Dependencies all met for dep_context=non-requeueable deps ti=<TaskInstance: reports_workflow.id_task_get_emails scheduled__2024-07-03T05:45:00+00:00 [queued]>
[2024-07-03T13:40:16.903+0000] {taskinstance.py:1159} INFO - Dependencies all met for dep_context=requeueable deps ti=<TaskInstance: reports_workflow.id_task_get_emails scheduled__2024-07-03T05:45:00+00:00 [queued]>
[2024-07-03T13:40:16.903+0000] {taskinstance.py:1361} INFO - Starting attempt 1 of 1
[2024-07-03T13:40:16.943+0000] {taskinstance.py:1382} INFO - Executing <Task(PythonOperator): id_task_get_emails> on 2024-07-03 05:45:00+00:00
[2024-07-03T13:40:16.951+0000] {standard_task_runner.py:57} INFO - Started process 26412 to run task
[2024-07-03T13:40:16.959+0000] {standard_task_runner.py:84} INFO - Running: ['***', 'tasks', 'run', 'reports_workflow', 'id_task_get_emails', 'scheduled__2024-07-03T05:45:00+00:00', '--job-id', '1595', '--raw', '--subdir', 'DAGS_FOLDER/dag_email_robot.py', '--cfg-path', '/tmp/tmp3frvtkt5']
[2024-07-03T13:40:16.962+0000] {standard_task_runner.py:85} INFO - Job 1595: Subtask id_task_get_emails
[2024-07-03T13:40:17.049+0000] {task_command.py:415} INFO - Running <TaskInstance: reports_workflow.id_task_get_emails scheduled__2024-07-03T05:45:00+00:00 [running]> on host 6f4ef5488251
[2024-07-03T13:40:17.142+0000] {taskinstance.py:1660} INFO - Exporting env vars: AIRFLOW_CTX_DAG_OWNER='FIRDAVS' AIRFLOW_CTX_DAG_ID='reports_workflow' AIRFLOW_CTX_TASK_ID='id_task_get_emails' AIRFLOW_CTX_EXECUTION_DATE='2024-07-03T05:45:00+00:00' AIRFLOW_CTX_TRY_NUMBER='1' AIRFLOW_CTX_DAG_RUN_ID='scheduled__2024-07-03T05:45:00+00:00'
[2024-07-03T13:40:17.143+0000] {logging_mixin.py:151} INFO - path of config file:  /opt/***
[2024-07-03T13:40:17.143+0000] {logging_mixin.py:151} INFO - #>2024-07-03 13:40:17.143689_User@StatDep: EmailRobot in screated.
[2024-07-03T13:40:17.143+0000] {logging_mixin.py:151} INFO - #>2024-07-03 13:40:17.143888_User@StatDep: get_for_recent_emails is started...
[2024-07-03T13:40:17.144+0000] {logging_mixin.py:151} INFO - #>2024-07-03 13:40:17.144022_User@StatDep: pop3_fetch_emails isstarted...
[2024-07-03T13:40:17.521+0000] {logging_mixin.py:151} INFO -    b'+OK'
[2024-07-03T13:40:17.824+0000] {logging_mixin.py:151} INFO -    mailbox have 0 emails and the robot can process 10
[2024-07-03T13:40:17.825+0000] {logging_mixin.py:151} INFO - #>2024-07-03 13:40:17.825219_User@StatDep: no emails to process, exiting pop3_fetch_emails()...
[2024-07-03T13:40:17.825+0000] {python.py:194} INFO - Done. Returned value was: True
[2024-07-03T13:40:17.887+0000] {taskinstance.py:1400} INFO - Marking task as SUCCESS. dag_id=reports_workflow, task_id=id_task_get_emails, execution_date=20240703T054500, start_date=20240703T134016, end_date=20240703T134017
[2024-07-03T13:40:17.943+0000] {local_task_job_runner.py:228} INFO - Task exited with return code 0
[2024-07-03T13:40:17.999+0000] {taskinstance.py:2784} INFO - 1 downstream tasks scheduled from follow-on schedule check
