[2024-07-04T05:08:12.523+0000] {taskinstance.py:1159} INFO - Dependencies all met for dep_context=non-requeueable deps ti=<TaskInstance: reports_workflow.id_task_send_emails scheduled__2024-07-04T03:55:00+00:00 [queued]>
[2024-07-04T05:08:12.532+0000] {taskinstance.py:1159} INFO - Dependencies all met for dep_context=requeueable deps ti=<TaskInstance: reports_workflow.id_task_send_emails scheduled__2024-07-04T03:55:00+00:00 [queued]>
[2024-07-04T05:08:12.532+0000] {taskinstance.py:1361} INFO - Starting attempt 1 of 2
[2024-07-04T05:08:12.546+0000] {taskinstance.py:1382} INFO - Executing <Task(PythonOperator): id_task_send_emails> on 2024-07-04 03:55:00+00:00
[2024-07-04T05:08:12.551+0000] {standard_task_runner.py:57} INFO - Started process 42196 to run task
[2024-07-04T05:08:12.555+0000] {standard_task_runner.py:84} INFO - Running: ['***', 'tasks', 'run', 'reports_workflow', 'id_task_send_emails', 'scheduled__2024-07-04T03:55:00+00:00', '--job-id', '2396', '--raw', '--subdir', 'DAGS_FOLDER/dag_email_robot.py', '--cfg-path', '/tmp/tmptl4i166i']
[2024-07-04T05:08:12.556+0000] {standard_task_runner.py:85} INFO - Job 2396: Subtask id_task_send_emails
[2024-07-04T05:08:12.614+0000] {task_command.py:415} INFO - Running <TaskInstance: reports_workflow.id_task_send_emails scheduled__2024-07-04T03:55:00+00:00 [running]> on host 6f4ef5488251
[2024-07-04T05:08:12.722+0000] {taskinstance.py:1660} INFO - Exporting env vars: AIRFLOW_CTX_DAG_OWNER='FIRDAVS' AIRFLOW_CTX_DAG_ID='reports_workflow' AIRFLOW_CTX_TASK_ID='id_task_send_emails' AIRFLOW_CTX_EXECUTION_DATE='2024-07-04T03:55:00+00:00' AIRFLOW_CTX_TRY_NUMBER='1' AIRFLOW_CTX_DAG_RUN_ID='scheduled__2024-07-04T03:55:00+00:00'
[2024-07-04T05:08:12.723+0000] {logging_mixin.py:151} INFO - path of config file:  /opt/***
[2024-07-04T05:08:12.724+0000] {logging_mixin.py:151} INFO - #>2024-07-04 05:08:12.723966_User@StatDep: EmailRobot in screated.
[2024-07-04T05:08:12.724+0000] {logging_mixin.py:151} INFO - #>2024-07-04 05:08:12.724333_User@StatDep: send_validation_results is started...
[2024-07-04T05:08:12.734+0000] {logging_mixin.py:151} INFO -    #>2024-07-04 05:08:12.734343_conneciton to db is set.
[2024-07-04T05:08:12.736+0000] {logging_mixin.py:151} INFO -    #>2024-07-04 05:08:12.736628_cursor execution is successful.
[2024-07-04T05:08:12.737+0000] {logging_mixin.py:151} INFO -    There is no any new submissions found. The get_validation_results is over.
[2024-07-04T05:08:12.738+0000] {python.py:194} INFO - Done. Returned value was: True
[2024-07-04T05:08:12.762+0000] {taskinstance.py:1400} INFO - Marking task as SUCCESS. dag_id=reports_workflow, task_id=id_task_send_emails, execution_date=20240704T035500, start_date=20240704T050812, end_date=20240704T050812
[2024-07-04T05:08:12.807+0000] {local_task_job_runner.py:228} INFO - Task exited with return code 0
[2024-07-04T05:08:12.825+0000] {taskinstance.py:2784} INFO - 0 downstream tasks scheduled from follow-on schedule check
[2024-07-04T05:31:40.871+0000] {taskinstance.py:1159} INFO - Dependencies all met for dep_context=non-requeueable deps ti=<TaskInstance: reports_workflow.id_task_send_emails scheduled__2024-07-04T03:55:00+00:00 [queued]>
[2024-07-04T05:31:40.898+0000] {taskinstance.py:1159} INFO - Dependencies all met for dep_context=requeueable deps ti=<TaskInstance: reports_workflow.id_task_send_emails scheduled__2024-07-04T03:55:00+00:00 [queued]>
[2024-07-04T05:31:40.899+0000] {taskinstance.py:1361} INFO - Starting attempt 1 of 2
[2024-07-04T05:31:40.936+0000] {taskinstance.py:1382} INFO - Executing <Task(PythonOperator): id_task_send_emails> on 2024-07-04 03:55:00+00:00
[2024-07-04T05:31:40.957+0000] {standard_task_runner.py:57} INFO - Started process 42657 to run task
[2024-07-04T05:31:40.971+0000] {standard_task_runner.py:84} INFO - Running: ['***', 'tasks', 'run', 'reports_workflow', 'id_task_send_emails', 'scheduled__2024-07-04T03:55:00+00:00', '--job-id', '2444', '--raw', '--subdir', 'DAGS_FOLDER/dag_email_robot.py', '--cfg-path', '/tmp/tmp3v4gfzw7']
[2024-07-04T05:31:40.973+0000] {standard_task_runner.py:85} INFO - Job 2444: Subtask id_task_send_emails
[2024-07-04T05:31:41.126+0000] {task_command.py:415} INFO - Running <TaskInstance: reports_workflow.id_task_send_emails scheduled__2024-07-04T03:55:00+00:00 [running]> on host 6f4ef5488251
[2024-07-04T05:31:41.263+0000] {taskinstance.py:1660} INFO - Exporting env vars: AIRFLOW_CTX_DAG_OWNER='FIRDAVS' AIRFLOW_CTX_DAG_ID='reports_workflow' AIRFLOW_CTX_TASK_ID='id_task_send_emails' AIRFLOW_CTX_EXECUTION_DATE='2024-07-04T03:55:00+00:00' AIRFLOW_CTX_TRY_NUMBER='1' AIRFLOW_CTX_DAG_RUN_ID='scheduled__2024-07-04T03:55:00+00:00'
[2024-07-04T05:31:41.264+0000] {logging_mixin.py:151} INFO - path of config file:  /opt/***
[2024-07-04T05:31:41.264+0000] {logging_mixin.py:151} INFO - #>2024-07-04 05:31:41.264805_User@StatDep: EmailRobot in screated.
[2024-07-04T05:31:41.265+0000] {logging_mixin.py:151} INFO - #>2024-07-04 05:31:41.265010_User@StatDep: send_validation_results is started...
[2024-07-04T05:31:41.274+0000] {logging_mixin.py:151} INFO -    #>2024-07-04 05:31:41.274382_conneciton to db is set.
[2024-07-04T05:31:41.276+0000] {logging_mixin.py:151} INFO -    #>2024-07-04 05:31:41.276245_cursor execution is successful.
[2024-07-04T05:31:41.276+0000] {logging_mixin.py:151} INFO -    There is no any new submissions found. The get_validation_results is over.
[2024-07-04T05:31:41.279+0000] {python.py:194} INFO - Done. Returned value was: True
[2024-07-04T05:31:41.317+0000] {taskinstance.py:1400} INFO - Marking task as SUCCESS. dag_id=reports_workflow, task_id=id_task_send_emails, execution_date=20240704T035500, start_date=20240704T053140, end_date=20240704T053141
[2024-07-04T05:31:41.345+0000] {local_task_job_runner.py:228} INFO - Task exited with return code 0
[2024-07-04T05:31:41.365+0000] {taskinstance.py:2784} INFO - 0 downstream tasks scheduled from follow-on schedule check
[2024-07-04T05:34:53.647+0000] {taskinstance.py:1159} INFO - Dependencies all met for dep_context=non-requeueable deps ti=<TaskInstance: reports_workflow.id_task_send_emails scheduled__2024-07-04T03:55:00+00:00 [queued]>
[2024-07-04T05:34:53.685+0000] {taskinstance.py:1159} INFO - Dependencies all met for dep_context=requeueable deps ti=<TaskInstance: reports_workflow.id_task_send_emails scheduled__2024-07-04T03:55:00+00:00 [queued]>
[2024-07-04T05:34:53.689+0000] {taskinstance.py:1361} INFO - Starting attempt 1 of 2
[2024-07-04T05:34:53.728+0000] {taskinstance.py:1382} INFO - Executing <Task(PythonOperator): id_task_send_emails> on 2024-07-04 03:55:00+00:00
[2024-07-04T05:34:53.747+0000] {standard_task_runner.py:57} INFO - Started process 42800 to run task
[2024-07-04T05:34:53.779+0000] {standard_task_runner.py:84} INFO - Running: ['***', 'tasks', 'run', 'reports_workflow', 'id_task_send_emails', 'scheduled__2024-07-04T03:55:00+00:00', '--job-id', '2490', '--raw', '--subdir', 'DAGS_FOLDER/dag_email_robot.py', '--cfg-path', '/tmp/tmpc_ydnc5z']
[2024-07-04T05:34:53.794+0000] {standard_task_runner.py:85} INFO - Job 2490: Subtask id_task_send_emails
[2024-07-04T05:34:53.939+0000] {task_command.py:415} INFO - Running <TaskInstance: reports_workflow.id_task_send_emails scheduled__2024-07-04T03:55:00+00:00 [running]> on host 6f4ef5488251
[2024-07-04T05:34:54.190+0000] {taskinstance.py:1660} INFO - Exporting env vars: AIRFLOW_CTX_DAG_OWNER='FIRDAVS' AIRFLOW_CTX_DAG_ID='reports_workflow' AIRFLOW_CTX_TASK_ID='id_task_send_emails' AIRFLOW_CTX_EXECUTION_DATE='2024-07-04T03:55:00+00:00' AIRFLOW_CTX_TRY_NUMBER='1' AIRFLOW_CTX_DAG_RUN_ID='scheduled__2024-07-04T03:55:00+00:00'
[2024-07-04T05:34:54.193+0000] {logging_mixin.py:151} INFO - path of config file:  /opt/***
[2024-07-04T05:34:54.194+0000] {logging_mixin.py:151} INFO - #>2024-07-04 05:34:54.194905_User@StatDep: EmailRobot in screated.
[2024-07-04T05:34:54.195+0000] {logging_mixin.py:151} INFO - #>2024-07-04 05:34:54.195241_User@StatDep: send_validation_results is started...
[2024-07-04T05:34:54.224+0000] {logging_mixin.py:151} INFO -    #>2024-07-04 05:34:54.224505_conneciton to db is set.
[2024-07-04T05:34:54.227+0000] {logging_mixin.py:151} INFO -    #>2024-07-04 05:34:54.227736_cursor execution is successful.
[2024-07-04T05:34:54.228+0000] {logging_mixin.py:151} INFO -    There is no any new submissions found. The get_validation_results is over.
[2024-07-04T05:34:54.234+0000] {python.py:194} INFO - Done. Returned value was: True
[2024-07-04T05:34:54.288+0000] {taskinstance.py:1400} INFO - Marking task as SUCCESS. dag_id=reports_workflow, task_id=id_task_send_emails, execution_date=20240704T035500, start_date=20240704T053453, end_date=20240704T053454
[2024-07-04T05:34:54.348+0000] {local_task_job_runner.py:228} INFO - Task exited with return code 0
[2024-07-04T05:34:54.382+0000] {taskinstance.py:2784} INFO - 0 downstream tasks scheduled from follow-on schedule check
