[2024-07-03T09:57:34.153+0000] {taskinstance.py:1159} INFO - Dependencies all met for dep_context=non-requeueable deps ti=<TaskInstance: reports_workflow.id_task_get_emails scheduled__2024-07-02T09:50:00+00:00 [queued]>
[2024-07-03T09:57:34.171+0000] {taskinstance.py:1159} INFO - Dependencies all met for dep_context=requeueable deps ti=<TaskInstance: reports_workflow.id_task_get_emails scheduled__2024-07-02T09:50:00+00:00 [queued]>
[2024-07-03T09:57:34.171+0000] {taskinstance.py:1361} INFO - Starting attempt 1 of 1
[2024-07-03T09:57:34.192+0000] {taskinstance.py:1382} INFO - Executing <Task(PythonOperator): id_task_get_emails> on 2024-07-02 09:50:00+00:00
[2024-07-03T09:57:34.200+0000] {standard_task_runner.py:57} INFO - Started process 20568 to run task
[2024-07-03T09:57:34.208+0000] {standard_task_runner.py:84} INFO - Running: ['***', 'tasks', 'run', 'reports_workflow', 'id_task_get_emails', 'scheduled__2024-07-02T09:50:00+00:00', '--job-id', '363', '--raw', '--subdir', 'DAGS_FOLDER/dag_email_robot.py', '--cfg-path', '/tmp/tmpau4v7lcf']
[2024-07-03T09:57:34.209+0000] {standard_task_runner.py:85} INFO - Job 363: Subtask id_task_get_emails
[2024-07-03T09:57:34.290+0000] {task_command.py:415} INFO - Running <TaskInstance: reports_workflow.id_task_get_emails scheduled__2024-07-02T09:50:00+00:00 [running]> on host 6f4ef5488251
[2024-07-03T09:57:34.367+0000] {taskinstance.py:1660} INFO - Exporting env vars: AIRFLOW_CTX_DAG_OWNER='FIRDAVS' AIRFLOW_CTX_DAG_ID='reports_workflow' AIRFLOW_CTX_TASK_ID='id_task_get_emails' AIRFLOW_CTX_EXECUTION_DATE='2024-07-02T09:50:00+00:00' AIRFLOW_CTX_TRY_NUMBER='1' AIRFLOW_CTX_DAG_RUN_ID='scheduled__2024-07-02T09:50:00+00:00'
[2024-07-03T09:57:34.368+0000] {logging_mixin.py:151} INFO - path of config file:  /opt/***
[2024-07-03T09:57:34.368+0000] {taskinstance.py:1943} ERROR - Task failed with exception
Traceback (most recent call last):
  File "/home/airflow/.local/lib/python3.8/site-packages/airflow/operators/python.py", line 192, in execute
    return_value = self.execute_callable()
  File "/home/airflow/.local/lib/python3.8/site-packages/airflow/operators/python.py", line 209, in execute_callable
    return self.python_callable(*self.op_args, **self.op_kwargs)
  File "/opt/airflow/dags/dag_email_robot.py", line 22, in get_emails
    email_conf = json.load (open(path / ("config/email_conf.json")))
NameError: name 'json' is not defined
[2024-07-03T09:57:34.387+0000] {taskinstance.py:1400} INFO - Marking task as FAILED. dag_id=reports_workflow, task_id=id_task_get_emails, execution_date=20240702T095000, start_date=20240703T095734, end_date=20240703T095734
[2024-07-03T09:57:34.400+0000] {standard_task_runner.py:104} ERROR - Failed to execute job 363 for task id_task_get_emails (name 'json' is not defined; 20568)
[2024-07-03T09:57:34.421+0000] {local_task_job_runner.py:228} INFO - Task exited with return code 1
[2024-07-03T09:57:34.439+0000] {taskinstance.py:2784} INFO - 0 downstream tasks scheduled from follow-on schedule check
[2024-07-03T12:05:04.648+0000] {taskinstance.py:1159} INFO - Dependencies all met for dep_context=non-requeueable deps ti=<TaskInstance: reports_workflow.id_task_get_emails scheduled__2024-07-02T09:50:00+00:00 [queued]>
[2024-07-03T12:05:04.660+0000] {taskinstance.py:1159} INFO - Dependencies all met for dep_context=requeueable deps ti=<TaskInstance: reports_workflow.id_task_get_emails scheduled__2024-07-02T09:50:00+00:00 [queued]>
[2024-07-03T12:05:04.660+0000] {taskinstance.py:1361} INFO - Starting attempt 1 of 1
[2024-07-03T12:05:04.678+0000] {taskinstance.py:1382} INFO - Executing <Task(PythonOperator): id_task_get_emails> on 2024-07-02 09:50:00+00:00
[2024-07-03T12:05:04.684+0000] {standard_task_runner.py:57} INFO - Started process 23386 to run task
[2024-07-03T12:05:04.694+0000] {standard_task_runner.py:84} INFO - Running: ['***', 'tasks', 'run', 'reports_workflow', 'id_task_get_emails', 'scheduled__2024-07-02T09:50:00+00:00', '--job-id', '804', '--raw', '--subdir', 'DAGS_FOLDER/dag_email_robot.py', '--cfg-path', '/tmp/tmphc4n5on9']
[2024-07-03T12:05:04.695+0000] {standard_task_runner.py:85} INFO - Job 804: Subtask id_task_get_emails
[2024-07-03T12:05:04.760+0000] {task_command.py:415} INFO - Running <TaskInstance: reports_workflow.id_task_get_emails scheduled__2024-07-02T09:50:00+00:00 [running]> on host 6f4ef5488251
[2024-07-03T12:05:04.888+0000] {taskinstance.py:1660} INFO - Exporting env vars: AIRFLOW_CTX_DAG_OWNER='FIRDAVS' AIRFLOW_CTX_DAG_ID='reports_workflow' AIRFLOW_CTX_TASK_ID='id_task_get_emails' AIRFLOW_CTX_EXECUTION_DATE='2024-07-02T09:50:00+00:00' AIRFLOW_CTX_TRY_NUMBER='1' AIRFLOW_CTX_DAG_RUN_ID='scheduled__2024-07-02T09:50:00+00:00'
[2024-07-03T12:05:04.889+0000] {logging_mixin.py:151} INFO - path of config file:  /opt/***
[2024-07-03T12:05:04.889+0000] {logging_mixin.py:151} INFO - #>2024-07-03 12:05:04.889954_User@StatDep: EmailRobot in screated.
[2024-07-03T12:05:04.890+0000] {logging_mixin.py:151} INFO - #>2024-07-03 12:05:04.890141_User@StatDep: get_for_recent_emails is started...
[2024-07-03T12:05:04.890+0000] {logging_mixin.py:151} INFO - #>2024-07-03 12:05:04.890401_User@StatDep: pop3_fetch_emails isstarted...
[2024-07-03T12:05:05.261+0000] {logging_mixin.py:151} INFO -    b'+OK'
[2024-07-03T12:05:05.774+0000] {logging_mixin.py:151} INFO -    mailbox have 1 emails and the robot can process 10
[2024-07-03T12:05:06.188+0000] {logging_mixin.py:151} INFO -    #>2024-07-03 12:05:06.188746_conneciton to db is set.
[2024-07-03T12:05:06.194+0000] {taskinstance.py:1943} ERROR - Task failed with exception
Traceback (most recent call last):
  File "/home/airflow/.local/lib/python3.8/site-packages/airflow/operators/python.py", line 192, in execute
    return_value = self.execute_callable()
  File "/home/airflow/.local/lib/python3.8/site-packages/airflow/operators/python.py", line 209, in execute_callable
    return self.python_callable(*self.op_args, **self.op_kwargs)
  File "/opt/airflow/dags/dag_email_robot.py", line 25, in get_emails
    robot.fetch_emails()
  File "/opt/airflow/dags/emailRobot.py", line 62, in fetch_emails
    return self.pop3_fetch_emails()
  File "/opt/airflow/dags/emailRobot.py", line 156, in pop3_fetch_emails
    cursor.execute (query, insert_values)
psycopg2.errors.UndefinedTable: relation "sma_stat_dep.tbl_file_upload" does not exist
LINE 1: ...) AS (INSERT INTO                                 sma_stat_d...
                                                             ^

[2024-07-03T12:05:06.207+0000] {taskinstance.py:1400} INFO - Marking task as FAILED. dag_id=reports_workflow, task_id=id_task_get_emails, execution_date=20240702T095000, start_date=20240703T120504, end_date=20240703T120506
[2024-07-03T12:05:06.220+0000] {standard_task_runner.py:104} ERROR - Failed to execute job 804 for task id_task_get_emails (relation "sma_stat_dep.tbl_file_upload" does not exist
LINE 1: ...) AS (INSERT INTO                                 sma_stat_d...
                                                             ^
; 23386)
[2024-07-03T12:05:06.267+0000] {local_task_job_runner.py:228} INFO - Task exited with return code 1
[2024-07-03T12:05:06.299+0000] {taskinstance.py:2784} INFO - 0 downstream tasks scheduled from follow-on schedule check
[2024-07-03T12:23:35.252+0000] {taskinstance.py:1159} INFO - Dependencies all met for dep_context=non-requeueable deps ti=<TaskInstance: reports_workflow.id_task_get_emails scheduled__2024-07-02T09:50:00+00:00 [queued]>
[2024-07-03T12:23:35.288+0000] {taskinstance.py:1159} INFO - Dependencies all met for dep_context=requeueable deps ti=<TaskInstance: reports_workflow.id_task_get_emails scheduled__2024-07-02T09:50:00+00:00 [queued]>
[2024-07-03T12:23:35.289+0000] {taskinstance.py:1361} INFO - Starting attempt 1 of 1
[2024-07-03T12:23:35.303+0000] {taskinstance.py:1382} INFO - Executing <Task(PythonOperator): id_task_get_emails> on 2024-07-02 09:50:00+00:00
[2024-07-03T12:23:35.308+0000] {standard_task_runner.py:57} INFO - Started process 24293 to run task
[2024-07-03T12:23:35.312+0000] {standard_task_runner.py:84} INFO - Running: ['***', 'tasks', 'run', 'reports_workflow', 'id_task_get_emails', 'scheduled__2024-07-02T09:50:00+00:00', '--job-id', '1120', '--raw', '--subdir', 'DAGS_FOLDER/dag_email_robot.py', '--cfg-path', '/tmp/tmprr4ggrfi']
[2024-07-03T12:23:35.315+0000] {standard_task_runner.py:85} INFO - Job 1120: Subtask id_task_get_emails
[2024-07-03T12:23:35.425+0000] {task_command.py:415} INFO - Running <TaskInstance: reports_workflow.id_task_get_emails scheduled__2024-07-02T09:50:00+00:00 [running]> on host 6f4ef5488251
[2024-07-03T12:23:35.514+0000] {taskinstance.py:1660} INFO - Exporting env vars: AIRFLOW_CTX_DAG_OWNER='FIRDAVS' AIRFLOW_CTX_DAG_ID='reports_workflow' AIRFLOW_CTX_TASK_ID='id_task_get_emails' AIRFLOW_CTX_EXECUTION_DATE='2024-07-02T09:50:00+00:00' AIRFLOW_CTX_TRY_NUMBER='1' AIRFLOW_CTX_DAG_RUN_ID='scheduled__2024-07-02T09:50:00+00:00'
[2024-07-03T12:23:35.515+0000] {logging_mixin.py:151} INFO - path of config file:  /opt/***
[2024-07-03T12:23:35.515+0000] {logging_mixin.py:151} INFO - #>2024-07-03 12:23:35.515739_User@StatDep: EmailRobot in screated.
[2024-07-03T12:23:35.515+0000] {logging_mixin.py:151} INFO - #>2024-07-03 12:23:35.515927_User@StatDep: get_for_recent_emails is started...
[2024-07-03T12:23:35.516+0000] {logging_mixin.py:151} INFO - #>2024-07-03 12:23:35.516071_User@StatDep: pop3_fetch_emails isstarted...
[2024-07-03T12:23:35.900+0000] {logging_mixin.py:151} INFO -    b'+OK'
[2024-07-03T12:23:36.238+0000] {logging_mixin.py:151} INFO -    mailbox have 0 emails and the robot can process 10
[2024-07-03T12:23:36.238+0000] {logging_mixin.py:151} INFO - #>2024-07-03 12:23:36.238599_User@StatDep: no emails to process, exiting pop3_fetch_emails()...
[2024-07-03T12:23:36.239+0000] {python.py:194} INFO - Done. Returned value was: True
[2024-07-03T12:23:36.274+0000] {taskinstance.py:1400} INFO - Marking task as SUCCESS. dag_id=reports_workflow, task_id=id_task_get_emails, execution_date=20240702T095000, start_date=20240703T122335, end_date=20240703T122336
[2024-07-03T12:23:36.316+0000] {local_task_job_runner.py:228} INFO - Task exited with return code 0
[2024-07-03T12:23:36.348+0000] {taskinstance.py:2784} INFO - 1 downstream tasks scheduled from follow-on schedule check
