[2024-07-03T09:57:14.041+0000] {taskinstance.py:1159} INFO - Dependencies all met for dep_context=non-requeueable deps ti=<TaskInstance: reports_workflow.id_task_get_emails scheduled__2024-07-02T07:05:00+00:00 [queued]>
[2024-07-03T09:57:14.058+0000] {taskinstance.py:1159} INFO - Dependencies all met for dep_context=requeueable deps ti=<TaskInstance: reports_workflow.id_task_get_emails scheduled__2024-07-02T07:05:00+00:00 [queued]>
[2024-07-03T09:57:14.058+0000] {taskinstance.py:1361} INFO - Starting attempt 1 of 1
[2024-07-03T09:57:14.143+0000] {taskinstance.py:1382} INFO - Executing <Task(PythonOperator): id_task_get_emails> on 2024-07-02 07:05:00+00:00
[2024-07-03T09:57:14.149+0000] {standard_task_runner.py:57} INFO - Started process 20494 to run task
[2024-07-03T09:57:14.157+0000] {standard_task_runner.py:84} INFO - Running: ['***', 'tasks', 'run', 'reports_workflow', 'id_task_get_emails', 'scheduled__2024-07-02T07:05:00+00:00', '--job-id', '329', '--raw', '--subdir', 'DAGS_FOLDER/dag_email_robot.py', '--cfg-path', '/tmp/tmpujbkowod']
[2024-07-03T09:57:14.158+0000] {standard_task_runner.py:85} INFO - Job 329: Subtask id_task_get_emails
[2024-07-03T09:57:14.226+0000] {task_command.py:415} INFO - Running <TaskInstance: reports_workflow.id_task_get_emails scheduled__2024-07-02T07:05:00+00:00 [running]> on host 6f4ef5488251
[2024-07-03T09:57:14.313+0000] {taskinstance.py:1660} INFO - Exporting env vars: AIRFLOW_CTX_DAG_OWNER='FIRDAVS' AIRFLOW_CTX_DAG_ID='reports_workflow' AIRFLOW_CTX_TASK_ID='id_task_get_emails' AIRFLOW_CTX_EXECUTION_DATE='2024-07-02T07:05:00+00:00' AIRFLOW_CTX_TRY_NUMBER='1' AIRFLOW_CTX_DAG_RUN_ID='scheduled__2024-07-02T07:05:00+00:00'
[2024-07-03T09:57:14.314+0000] {logging_mixin.py:151} INFO - path of config file:  /opt/***
[2024-07-03T09:57:14.315+0000] {taskinstance.py:1943} ERROR - Task failed with exception
Traceback (most recent call last):
  File "/home/airflow/.local/lib/python3.8/site-packages/airflow/operators/python.py", line 192, in execute
    return_value = self.execute_callable()
  File "/home/airflow/.local/lib/python3.8/site-packages/airflow/operators/python.py", line 209, in execute_callable
    return self.python_callable(*self.op_args, **self.op_kwargs)
  File "/opt/airflow/dags/dag_email_robot.py", line 22, in get_emails
    email_conf = json.load (open(path / ("config/email_conf.json")))
NameError: name 'json' is not defined
[2024-07-03T09:57:14.323+0000] {taskinstance.py:1400} INFO - Marking task as FAILED. dag_id=reports_workflow, task_id=id_task_get_emails, execution_date=20240702T070500, start_date=20240703T095714, end_date=20240703T095714
[2024-07-03T09:57:14.334+0000] {standard_task_runner.py:104} ERROR - Failed to execute job 329 for task id_task_get_emails (name 'json' is not defined; 20494)
[2024-07-03T09:57:14.371+0000] {local_task_job_runner.py:228} INFO - Task exited with return code 1
[2024-07-03T09:57:14.388+0000] {taskinstance.py:2784} INFO - 0 downstream tasks scheduled from follow-on schedule check
[2024-07-03T12:04:51.594+0000] {taskinstance.py:1159} INFO - Dependencies all met for dep_context=non-requeueable deps ti=<TaskInstance: reports_workflow.id_task_get_emails scheduled__2024-07-02T07:05:00+00:00 [queued]>
[2024-07-03T12:04:51.617+0000] {taskinstance.py:1159} INFO - Dependencies all met for dep_context=requeueable deps ti=<TaskInstance: reports_workflow.id_task_get_emails scheduled__2024-07-02T07:05:00+00:00 [queued]>
[2024-07-03T12:04:51.617+0000] {taskinstance.py:1361} INFO - Starting attempt 1 of 1
[2024-07-03T12:04:51.697+0000] {taskinstance.py:1382} INFO - Executing <Task(PythonOperator): id_task_get_emails> on 2024-07-02 07:05:00+00:00
[2024-07-03T12:04:51.703+0000] {standard_task_runner.py:57} INFO - Started process 23315 to run task
[2024-07-03T12:04:51.722+0000] {standard_task_runner.py:84} INFO - Running: ['***', 'tasks', 'run', 'reports_workflow', 'id_task_get_emails', 'scheduled__2024-07-02T07:05:00+00:00', '--job-id', '771', '--raw', '--subdir', 'DAGS_FOLDER/dag_email_robot.py', '--cfg-path', '/tmp/tmpyz8x6rj8']
[2024-07-03T12:04:51.727+0000] {standard_task_runner.py:85} INFO - Job 771: Subtask id_task_get_emails
[2024-07-03T12:04:51.798+0000] {task_command.py:415} INFO - Running <TaskInstance: reports_workflow.id_task_get_emails scheduled__2024-07-02T07:05:00+00:00 [running]> on host 6f4ef5488251
[2024-07-03T12:04:51.925+0000] {taskinstance.py:1660} INFO - Exporting env vars: AIRFLOW_CTX_DAG_OWNER='FIRDAVS' AIRFLOW_CTX_DAG_ID='reports_workflow' AIRFLOW_CTX_TASK_ID='id_task_get_emails' AIRFLOW_CTX_EXECUTION_DATE='2024-07-02T07:05:00+00:00' AIRFLOW_CTX_TRY_NUMBER='1' AIRFLOW_CTX_DAG_RUN_ID='scheduled__2024-07-02T07:05:00+00:00'
[2024-07-03T12:04:51.926+0000] {logging_mixin.py:151} INFO - path of config file:  /opt/***
[2024-07-03T12:04:51.926+0000] {logging_mixin.py:151} INFO - #>2024-07-03 12:04:51.926627_User@StatDep: EmailRobot in screated.
[2024-07-03T12:04:51.926+0000] {logging_mixin.py:151} INFO - #>2024-07-03 12:04:51.926828_User@StatDep: get_for_recent_emails is started...
[2024-07-03T12:04:51.926+0000] {logging_mixin.py:151} INFO - #>2024-07-03 12:04:51.926968_User@StatDep: pop3_fetch_emails isstarted...
[2024-07-03T12:04:52.335+0000] {logging_mixin.py:151} INFO -    b'+OK'
[2024-07-03T12:04:52.766+0000] {logging_mixin.py:151} INFO -    mailbox have 1 emails and the robot can process 10
[2024-07-03T12:04:53.255+0000] {logging_mixin.py:151} INFO -    #>2024-07-03 12:04:53.255815_conneciton to db is set.
[2024-07-03T12:04:53.266+0000] {taskinstance.py:1943} ERROR - Task failed with exception
Traceback (most recent call last):
  File "/home/airflow/.local/lib/python3.8/site-packages/airflow/operators/python.py", line 192, in execute
    return_value = self.execute_callable()
  File "/home/airflow/.local/lib/python3.8/site-packages/airflow/operators/python.py", line 209, in execute_callable
    return self.python_callable(*self.op_args, **self.op_kwargs)
  File "/opt/airflow/dags/dag_email_robot.py", line 25, in get_emails
    robot.fetch_emails()
  File "/opt/airflow/dags/emailRobot.py", line 62, in fetch_emails
    return self.pop3_fetch_emails()
  File "/opt/airflow/dags/emailRobot.py", line 156, in pop3_fetch_emails
    cursor.execute (query, insert_values)
psycopg2.errors.UndefinedTable: relation "sma_stat_dep.tbl_file_upload" does not exist
LINE 1: ...) AS (INSERT INTO                                 sma_stat_d...
                                                             ^

[2024-07-03T12:04:53.294+0000] {taskinstance.py:1400} INFO - Marking task as FAILED. dag_id=reports_workflow, task_id=id_task_get_emails, execution_date=20240702T070500, start_date=20240703T120451, end_date=20240703T120453
[2024-07-03T12:04:53.320+0000] {standard_task_runner.py:104} ERROR - Failed to execute job 771 for task id_task_get_emails (relation "sma_stat_dep.tbl_file_upload" does not exist
LINE 1: ...) AS (INSERT INTO                                 sma_stat_d...
                                                             ^
; 23315)
[2024-07-03T12:04:53.362+0000] {local_task_job_runner.py:228} INFO - Task exited with return code 1
[2024-07-03T12:04:53.415+0000] {taskinstance.py:2784} INFO - 0 downstream tasks scheduled from follow-on schedule check
[2024-07-03T12:22:40.454+0000] {taskinstance.py:1159} INFO - Dependencies all met for dep_context=non-requeueable deps ti=<TaskInstance: reports_workflow.id_task_get_emails scheduled__2024-07-02T07:05:00+00:00 [queued]>
[2024-07-03T12:22:40.501+0000] {taskinstance.py:1159} INFO - Dependencies all met for dep_context=requeueable deps ti=<TaskInstance: reports_workflow.id_task_get_emails scheduled__2024-07-02T07:05:00+00:00 [queued]>
[2024-07-03T12:22:40.502+0000] {taskinstance.py:1361} INFO - Starting attempt 1 of 1
[2024-07-03T12:22:40.560+0000] {taskinstance.py:1382} INFO - Executing <Task(PythonOperator): id_task_get_emails> on 2024-07-02 07:05:00+00:00
[2024-07-03T12:22:40.567+0000] {standard_task_runner.py:57} INFO - Started process 24165 to run task
[2024-07-03T12:22:40.575+0000] {standard_task_runner.py:84} INFO - Running: ['***', 'tasks', 'run', 'reports_workflow', 'id_task_get_emails', 'scheduled__2024-07-02T07:05:00+00:00', '--job-id', '1059', '--raw', '--subdir', 'DAGS_FOLDER/dag_email_robot.py', '--cfg-path', '/tmp/tmp6oxtk6as']
[2024-07-03T12:22:40.577+0000] {standard_task_runner.py:85} INFO - Job 1059: Subtask id_task_get_emails
[2024-07-03T12:22:40.655+0000] {task_command.py:415} INFO - Running <TaskInstance: reports_workflow.id_task_get_emails scheduled__2024-07-02T07:05:00+00:00 [running]> on host 6f4ef5488251
[2024-07-03T12:22:40.743+0000] {taskinstance.py:1660} INFO - Exporting env vars: AIRFLOW_CTX_DAG_OWNER='FIRDAVS' AIRFLOW_CTX_DAG_ID='reports_workflow' AIRFLOW_CTX_TASK_ID='id_task_get_emails' AIRFLOW_CTX_EXECUTION_DATE='2024-07-02T07:05:00+00:00' AIRFLOW_CTX_TRY_NUMBER='1' AIRFLOW_CTX_DAG_RUN_ID='scheduled__2024-07-02T07:05:00+00:00'
[2024-07-03T12:22:40.745+0000] {logging_mixin.py:151} INFO - path of config file:  /opt/***
[2024-07-03T12:22:40.745+0000] {logging_mixin.py:151} INFO - #>2024-07-03 12:22:40.745762_User@StatDep: EmailRobot in screated.
[2024-07-03T12:22:40.746+0000] {logging_mixin.py:151} INFO - #>2024-07-03 12:22:40.746170_User@StatDep: get_for_recent_emails is started...
[2024-07-03T12:22:40.746+0000] {logging_mixin.py:151} INFO - #>2024-07-03 12:22:40.746562_User@StatDep: pop3_fetch_emails isstarted...
[2024-07-03T12:22:41.259+0000] {logging_mixin.py:151} INFO -    b'+OK'
[2024-07-03T12:22:41.636+0000] {logging_mixin.py:151} INFO -    mailbox have 0 emails and the robot can process 10
[2024-07-03T12:22:41.637+0000] {logging_mixin.py:151} INFO - #>2024-07-03 12:22:41.637013_User@StatDep: no emails to process, exiting pop3_fetch_emails()...
[2024-07-03T12:22:41.637+0000] {python.py:194} INFO - Done. Returned value was: True
[2024-07-03T12:22:41.674+0000] {taskinstance.py:1400} INFO - Marking task as SUCCESS. dag_id=reports_workflow, task_id=id_task_get_emails, execution_date=20240702T070500, start_date=20240703T122240, end_date=20240703T122241
[2024-07-03T12:22:41.770+0000] {local_task_job_runner.py:228} INFO - Task exited with return code 0
[2024-07-03T12:22:41.794+0000] {taskinstance.py:2784} INFO - 1 downstream tasks scheduled from follow-on schedule check
[2024-07-03T14:41:59.154+0000] {taskinstance.py:1159} INFO - Dependencies all met for dep_context=non-requeueable deps ti=<TaskInstance: reports_workflow.id_task_get_emails scheduled__2024-07-02T07:05:00+00:00 [queued]>
[2024-07-03T14:41:59.222+0000] {taskinstance.py:1159} INFO - Dependencies all met for dep_context=requeueable deps ti=<TaskInstance: reports_workflow.id_task_get_emails scheduled__2024-07-02T07:05:00+00:00 [queued]>
[2024-07-03T14:41:59.223+0000] {taskinstance.py:1361} INFO - Starting attempt 1 of 2
[2024-07-03T14:41:59.330+0000] {taskinstance.py:1382} INFO - Executing <Task(PythonOperator): id_task_get_emails> on 2024-07-02 07:05:00+00:00
[2024-07-03T14:41:59.371+0000] {standard_task_runner.py:84} INFO - Running: ['***', 'tasks', 'run', 'reports_workflow', 'id_task_get_emails', 'scheduled__2024-07-02T07:05:00+00:00', '--job-id', '1876', '--raw', '--subdir', 'DAGS_FOLDER/dag_email_robot.py', '--cfg-path', '/tmp/tmpp1o_due3']
[2024-07-03T14:41:59.373+0000] {standard_task_runner.py:85} INFO - Job 1876: Subtask id_task_get_emails
[2024-07-03T14:41:59.358+0000] {standard_task_runner.py:57} INFO - Started process 27914 to run task
[2024-07-03T14:41:59.599+0000] {task_command.py:415} INFO - Running <TaskInstance: reports_workflow.id_task_get_emails scheduled__2024-07-02T07:05:00+00:00 [running]> on host 6f4ef5488251
[2024-07-03T14:41:59.818+0000] {taskinstance.py:1660} INFO - Exporting env vars: AIRFLOW_CTX_DAG_OWNER='FIRDAVS' AIRFLOW_CTX_DAG_ID='reports_workflow' AIRFLOW_CTX_TASK_ID='id_task_get_emails' AIRFLOW_CTX_EXECUTION_DATE='2024-07-02T07:05:00+00:00' AIRFLOW_CTX_TRY_NUMBER='1' AIRFLOW_CTX_DAG_RUN_ID='scheduled__2024-07-02T07:05:00+00:00'
[2024-07-03T14:41:59.819+0000] {logging_mixin.py:151} INFO - path of config file:  /opt/***
[2024-07-03T14:41:59.819+0000] {logging_mixin.py:151} INFO - #>2024-07-03 14:41:59.819592_User@StatDep: EmailRobot in screated.
[2024-07-03T14:41:59.819+0000] {logging_mixin.py:151} INFO - #>2024-07-03 14:41:59.819801_User@StatDep: get_for_recent_emails is started...
[2024-07-03T14:41:59.819+0000] {logging_mixin.py:151} INFO - #>2024-07-03 14:41:59.819955_User@StatDep: pop3_fetch_emails isstarted...
[2024-07-03T14:42:00.206+0000] {logging_mixin.py:151} INFO -    b'+OK'
[2024-07-03T14:42:00.521+0000] {logging_mixin.py:151} INFO -    mailbox have 0 emails and the robot can process 10
[2024-07-03T14:42:00.521+0000] {logging_mixin.py:151} INFO - #>2024-07-03 14:42:00.521795_User@StatDep: no emails to process, exiting pop3_fetch_emails()...
[2024-07-03T14:42:00.522+0000] {python.py:194} INFO - Done. Returned value was: True
[2024-07-03T14:42:00.584+0000] {taskinstance.py:1400} INFO - Marking task as SUCCESS. dag_id=reports_workflow, task_id=id_task_get_emails, execution_date=20240702T070500, start_date=20240703T144159, end_date=20240703T144200
[2024-07-03T14:42:00.662+0000] {local_task_job_runner.py:228} INFO - Task exited with return code 0
[2024-07-03T14:42:00.750+0000] {taskinstance.py:2784} INFO - 1 downstream tasks scheduled from follow-on schedule check
[2024-07-03T14:42:44.519+0000] {taskinstance.py:1159} INFO - Dependencies all met for dep_context=non-requeueable deps ti=<TaskInstance: reports_workflow.id_task_get_emails scheduled__2024-07-02T07:05:00+00:00 [queued]>
[2024-07-03T14:42:44.564+0000] {taskinstance.py:1159} INFO - Dependencies all met for dep_context=requeueable deps ti=<TaskInstance: reports_workflow.id_task_get_emails scheduled__2024-07-02T07:05:00+00:00 [queued]>
[2024-07-03T14:42:44.565+0000] {taskinstance.py:1361} INFO - Starting attempt 1 of 2
[2024-07-03T14:42:44.581+0000] {taskinstance.py:1382} INFO - Executing <Task(PythonOperator): id_task_get_emails> on 2024-07-02 07:05:00+00:00
[2024-07-03T14:42:44.590+0000] {standard_task_runner.py:57} INFO - Started process 27977 to run task
[2024-07-03T14:42:44.603+0000] {standard_task_runner.py:84} INFO - Running: ['***', 'tasks', 'run', 'reports_workflow', 'id_task_get_emails', 'scheduled__2024-07-02T07:05:00+00:00', '--job-id', '1904', '--raw', '--subdir', 'DAGS_FOLDER/dag_email_robot.py', '--cfg-path', '/tmp/tmpprpv_soj']
[2024-07-03T14:42:44.605+0000] {standard_task_runner.py:85} INFO - Job 1904: Subtask id_task_get_emails
[2024-07-03T14:42:44.723+0000] {task_command.py:415} INFO - Running <TaskInstance: reports_workflow.id_task_get_emails scheduled__2024-07-02T07:05:00+00:00 [running]> on host 6f4ef5488251
[2024-07-03T14:42:44.908+0000] {taskinstance.py:1660} INFO - Exporting env vars: AIRFLOW_CTX_DAG_OWNER='FIRDAVS' AIRFLOW_CTX_DAG_ID='reports_workflow' AIRFLOW_CTX_TASK_ID='id_task_get_emails' AIRFLOW_CTX_EXECUTION_DATE='2024-07-02T07:05:00+00:00' AIRFLOW_CTX_TRY_NUMBER='1' AIRFLOW_CTX_DAG_RUN_ID='scheduled__2024-07-02T07:05:00+00:00'
[2024-07-03T14:42:44.909+0000] {logging_mixin.py:151} INFO - path of config file:  /opt/***
[2024-07-03T14:42:44.909+0000] {logging_mixin.py:151} INFO - #>2024-07-03 14:42:44.909722_User@StatDep: EmailRobot in screated.
[2024-07-03T14:42:44.909+0000] {logging_mixin.py:151} INFO - #>2024-07-03 14:42:44.909924_User@StatDep: get_for_recent_emails is started...
[2024-07-03T14:42:44.910+0000] {logging_mixin.py:151} INFO - #>2024-07-03 14:42:44.910065_User@StatDep: pop3_fetch_emails isstarted...
[2024-07-03T14:42:45.290+0000] {logging_mixin.py:151} INFO -    b'+OK'
[2024-07-03T14:42:45.629+0000] {logging_mixin.py:151} INFO -    mailbox have 0 emails and the robot can process 10
[2024-07-03T14:42:45.629+0000] {logging_mixin.py:151} INFO - #>2024-07-03 14:42:45.629471_User@StatDep: no emails to process, exiting pop3_fetch_emails()...
[2024-07-03T14:42:45.629+0000] {python.py:194} INFO - Done. Returned value was: True
[2024-07-03T14:42:45.674+0000] {taskinstance.py:1400} INFO - Marking task as SUCCESS. dag_id=reports_workflow, task_id=id_task_get_emails, execution_date=20240702T070500, start_date=20240703T144244, end_date=20240703T144245
[2024-07-03T14:42:45.775+0000] {local_task_job_runner.py:228} INFO - Task exited with return code 0
[2024-07-03T14:42:45.826+0000] {taskinstance.py:2784} INFO - 1 downstream tasks scheduled from follow-on schedule check
