[2024-07-08T08:35:01.841+0000] {taskinstance.py:1159} INFO - Dependencies all met for dep_context=non-requeueable deps ti=<TaskInstance: reports_workflow.id_task_get_emails scheduled__2024-07-08T08:30:00+00:00 [queued]>
[2024-07-08T08:35:01.847+0000] {taskinstance.py:1159} INFO - Dependencies all met for dep_context=requeueable deps ti=<TaskInstance: reports_workflow.id_task_get_emails scheduled__2024-07-08T08:30:00+00:00 [queued]>
[2024-07-08T08:35:01.848+0000] {taskinstance.py:1361} INFO - Starting attempt 1 of 2
[2024-07-08T08:35:01.859+0000] {taskinstance.py:1382} INFO - Executing <Task(PythonOperator): id_task_get_emails> on 2024-07-08 08:30:00+00:00
[2024-07-08T08:35:01.865+0000] {standard_task_runner.py:57} INFO - Started process 5920 to run task
[2024-07-08T08:35:01.872+0000] {standard_task_runner.py:84} INFO - Running: ['***', 'tasks', 'run', 'reports_workflow', 'id_task_get_emails', 'scheduled__2024-07-08T08:30:00+00:00', '--job-id', '3640', '--raw', '--subdir', 'DAGS_FOLDER/dag_email_robot.py', '--cfg-path', '/tmp/tmpiohsu_ii']
[2024-07-08T08:35:01.877+0000] {standard_task_runner.py:85} INFO - Job 3640: Subtask id_task_get_emails
[2024-07-08T08:35:01.948+0000] {task_command.py:415} INFO - Running <TaskInstance: reports_workflow.id_task_get_emails scheduled__2024-07-08T08:30:00+00:00 [running]> on host 6f4ef5488251
[2024-07-08T08:35:02.048+0000] {taskinstance.py:1660} INFO - Exporting env vars: AIRFLOW_CTX_DAG_OWNER='FIRDAVS' AIRFLOW_CTX_DAG_ID='reports_workflow' AIRFLOW_CTX_TASK_ID='id_task_get_emails' AIRFLOW_CTX_EXECUTION_DATE='2024-07-08T08:30:00+00:00' AIRFLOW_CTX_TRY_NUMBER='1' AIRFLOW_CTX_DAG_RUN_ID='scheduled__2024-07-08T08:30:00+00:00'
[2024-07-08T08:35:02.050+0000] {logging_mixin.py:151} INFO - path of config file:  /opt/***
[2024-07-08T08:35:02.050+0000] {logging_mixin.py:151} INFO - #>2024-07-08 08:35:02.050768_User@StatDep: EmailRobot in screated.
[2024-07-08T08:35:02.050+0000] {logging_mixin.py:151} INFO - #>2024-07-08 08:35:02.050937_User@StatDep: get_for_recent_emails is started...
[2024-07-08T08:35:02.051+0000] {logging_mixin.py:151} INFO - #>2024-07-08 08:35:02.051060_User@StatDep: pop3_fetch_emails isstarted...
[2024-07-08T08:35:02.504+0000] {logging_mixin.py:151} INFO -    b'+OK'
[2024-07-08T08:35:02.763+0000] {logging_mixin.py:151} INFO -    mailbox have 0 emails and the robot can process 10
[2024-07-08T08:35:02.764+0000] {logging_mixin.py:151} INFO - #>2024-07-08 08:35:02.763931_User@StatDep: no emails to process, exiting pop3_fetch_emails()...
[2024-07-08T08:35:02.764+0000] {python.py:194} INFO - Done. Returned value was: True
[2024-07-08T08:35:02.806+0000] {taskinstance.py:1400} INFO - Marking task as SUCCESS. dag_id=reports_workflow, task_id=id_task_get_emails, execution_date=20240708T083000, start_date=20240708T083501, end_date=20240708T083502
[2024-07-08T08:35:02.843+0000] {local_task_job_runner.py:228} INFO - Task exited with return code 0
[2024-07-08T08:35:02.880+0000] {taskinstance.py:2784} INFO - 1 downstream tasks scheduled from follow-on schedule check
[2024-07-08T10:22:53.923+0000] {taskinstance.py:1159} INFO - Dependencies all met for dep_context=non-requeueable deps ti=<TaskInstance: reports_workflow.id_task_get_emails scheduled__2024-07-08T08:30:00+00:00 [queued]>
[2024-07-08T10:22:53.932+0000] {taskinstance.py:1159} INFO - Dependencies all met for dep_context=requeueable deps ti=<TaskInstance: reports_workflow.id_task_get_emails scheduled__2024-07-08T08:30:00+00:00 [queued]>
[2024-07-08T10:22:53.932+0000] {taskinstance.py:1361} INFO - Starting attempt 1 of 2
[2024-07-08T10:22:53.944+0000] {taskinstance.py:1382} INFO - Executing <Task(PythonOperator): id_task_get_emails> on 2024-07-08 08:30:00+00:00
[2024-07-08T10:22:53.949+0000] {standard_task_runner.py:57} INFO - Started process 8214 to run task
[2024-07-08T10:22:53.955+0000] {standard_task_runner.py:84} INFO - Running: ['***', 'tasks', 'run', 'reports_workflow', 'id_task_get_emails', 'scheduled__2024-07-08T08:30:00+00:00', '--job-id', '3857', '--raw', '--subdir', 'DAGS_FOLDER/dag_email_robot.py', '--cfg-path', '/tmp/tmpwzpbb38g']
[2024-07-08T10:22:53.959+0000] {standard_task_runner.py:85} INFO - Job 3857: Subtask id_task_get_emails
[2024-07-08T10:22:54.028+0000] {task_command.py:415} INFO - Running <TaskInstance: reports_workflow.id_task_get_emails scheduled__2024-07-08T08:30:00+00:00 [running]> on host 6f4ef5488251
[2024-07-08T10:22:54.118+0000] {taskinstance.py:1660} INFO - Exporting env vars: AIRFLOW_CTX_DAG_OWNER='FIRDAVS' AIRFLOW_CTX_DAG_ID='reports_workflow' AIRFLOW_CTX_TASK_ID='id_task_get_emails' AIRFLOW_CTX_EXECUTION_DATE='2024-07-08T08:30:00+00:00' AIRFLOW_CTX_TRY_NUMBER='1' AIRFLOW_CTX_DAG_RUN_ID='scheduled__2024-07-08T08:30:00+00:00'
[2024-07-08T10:22:54.119+0000] {logging_mixin.py:151} INFO - path of config file:  /opt/***
[2024-07-08T10:22:54.120+0000] {logging_mixin.py:151} INFO - #>2024-07-08 10:22:54.120068_User@StatDep: EmailRobot in screated.
[2024-07-08T10:22:54.120+0000] {logging_mixin.py:151} INFO - #>2024-07-08 10:22:54.120256_User@StatDep: get_for_recent_emails is started...
[2024-07-08T10:22:54.120+0000] {logging_mixin.py:151} INFO - #>2024-07-08 10:22:54.120396_User@StatDep: pop3_fetch_emails isstarted...
[2024-07-08T10:22:54.539+0000] {logging_mixin.py:151} INFO -    b'+OK'
[2024-07-08T10:22:54.818+0000] {logging_mixin.py:151} INFO -    mailbox have 0 emails and the robot can process 10
[2024-07-08T10:22:54.818+0000] {logging_mixin.py:151} INFO - #>2024-07-08 10:22:54.818954_User@StatDep: no emails to process, exiting pop3_fetch_emails()...
[2024-07-08T10:22:54.819+0000] {python.py:194} INFO - Done. Returned value was: True
[2024-07-08T10:22:54.844+0000] {taskinstance.py:1400} INFO - Marking task as SUCCESS. dag_id=reports_workflow, task_id=id_task_get_emails, execution_date=20240708T083000, start_date=20240708T102253, end_date=20240708T102254
[2024-07-08T10:22:54.888+0000] {local_task_job_runner.py:228} INFO - Task exited with return code 0
[2024-07-08T10:22:54.918+0000] {taskinstance.py:2784} INFO - 1 downstream tasks scheduled from follow-on schedule check
