[2024-07-03T09:57:04.188+0000] {taskinstance.py:1159} INFO - Dependencies all met for dep_context=non-requeueable deps ti=<TaskInstance: reports_workflow.id_task_get_emails scheduled__2024-07-02T05:25:00+00:00 [queued]>
[2024-07-03T09:57:04.197+0000] {taskinstance.py:1159} INFO - Dependencies all met for dep_context=requeueable deps ti=<TaskInstance: reports_workflow.id_task_get_emails scheduled__2024-07-02T05:25:00+00:00 [queued]>
[2024-07-03T09:57:04.197+0000] {taskinstance.py:1361} INFO - Starting attempt 1 of 1
[2024-07-03T09:57:04.208+0000] {taskinstance.py:1382} INFO - Executing <Task(PythonOperator): id_task_get_emails> on 2024-07-02 05:25:00+00:00
[2024-07-03T09:57:04.216+0000] {standard_task_runner.py:57} INFO - Started process 20450 to run task
[2024-07-03T09:57:04.220+0000] {standard_task_runner.py:84} INFO - Running: ['***', 'tasks', 'run', 'reports_workflow', 'id_task_get_emails', 'scheduled__2024-07-02T05:25:00+00:00', '--job-id', '308', '--raw', '--subdir', 'DAGS_FOLDER/dag_email_robot.py', '--cfg-path', '/tmp/tmp5hsd__nc']
[2024-07-03T09:57:04.221+0000] {standard_task_runner.py:85} INFO - Job 308: Subtask id_task_get_emails
[2024-07-03T09:57:04.281+0000] {task_command.py:415} INFO - Running <TaskInstance: reports_workflow.id_task_get_emails scheduled__2024-07-02T05:25:00+00:00 [running]> on host 6f4ef5488251
[2024-07-03T09:57:04.351+0000] {taskinstance.py:1660} INFO - Exporting env vars: AIRFLOW_CTX_DAG_OWNER='FIRDAVS' AIRFLOW_CTX_DAG_ID='reports_workflow' AIRFLOW_CTX_TASK_ID='id_task_get_emails' AIRFLOW_CTX_EXECUTION_DATE='2024-07-02T05:25:00+00:00' AIRFLOW_CTX_TRY_NUMBER='1' AIRFLOW_CTX_DAG_RUN_ID='scheduled__2024-07-02T05:25:00+00:00'
[2024-07-03T09:57:04.352+0000] {logging_mixin.py:151} INFO - path of config file:  /opt/***
[2024-07-03T09:57:04.353+0000] {taskinstance.py:1943} ERROR - Task failed with exception
Traceback (most recent call last):
  File "/home/airflow/.local/lib/python3.8/site-packages/airflow/operators/python.py", line 192, in execute
    return_value = self.execute_callable()
  File "/home/airflow/.local/lib/python3.8/site-packages/airflow/operators/python.py", line 209, in execute_callable
    return self.python_callable(*self.op_args, **self.op_kwargs)
  File "/opt/airflow/dags/dag_email_robot.py", line 22, in get_emails
    email_conf = json.load (open(path / ("config/email_conf.json")))
NameError: name 'json' is not defined
[2024-07-03T09:57:04.361+0000] {taskinstance.py:1400} INFO - Marking task as FAILED. dag_id=reports_workflow, task_id=id_task_get_emails, execution_date=20240702T052500, start_date=20240703T095704, end_date=20240703T095704
[2024-07-03T09:57:04.374+0000] {standard_task_runner.py:104} ERROR - Failed to execute job 308 for task id_task_get_emails (name 'json' is not defined; 20450)
[2024-07-03T09:57:04.395+0000] {local_task_job_runner.py:228} INFO - Task exited with return code 1
[2024-07-03T09:57:04.420+0000] {taskinstance.py:2784} INFO - 0 downstream tasks scheduled from follow-on schedule check
[2024-07-03T12:04:41.518+0000] {taskinstance.py:1159} INFO - Dependencies all met for dep_context=non-requeueable deps ti=<TaskInstance: reports_workflow.id_task_get_emails scheduled__2024-07-02T05:25:00+00:00 [queued]>
[2024-07-03T12:04:41.544+0000] {taskinstance.py:1159} INFO - Dependencies all met for dep_context=requeueable deps ti=<TaskInstance: reports_workflow.id_task_get_emails scheduled__2024-07-02T05:25:00+00:00 [queued]>
[2024-07-03T12:04:41.544+0000] {taskinstance.py:1361} INFO - Starting attempt 1 of 1
[2024-07-03T12:04:41.560+0000] {taskinstance.py:1382} INFO - Executing <Task(PythonOperator): id_task_get_emails> on 2024-07-02 05:25:00+00:00
[2024-07-03T12:04:41.565+0000] {standard_task_runner.py:57} INFO - Started process 23272 to run task
[2024-07-03T12:04:41.570+0000] {standard_task_runner.py:84} INFO - Running: ['***', 'tasks', 'run', 'reports_workflow', 'id_task_get_emails', 'scheduled__2024-07-02T05:25:00+00:00', '--job-id', '751', '--raw', '--subdir', 'DAGS_FOLDER/dag_email_robot.py', '--cfg-path', '/tmp/tmpk7jz7z2b']
[2024-07-03T12:04:41.571+0000] {standard_task_runner.py:85} INFO - Job 751: Subtask id_task_get_emails
[2024-07-03T12:04:41.622+0000] {task_command.py:415} INFO - Running <TaskInstance: reports_workflow.id_task_get_emails scheduled__2024-07-02T05:25:00+00:00 [running]> on host 6f4ef5488251
[2024-07-03T12:04:41.709+0000] {taskinstance.py:1660} INFO - Exporting env vars: AIRFLOW_CTX_DAG_OWNER='FIRDAVS' AIRFLOW_CTX_DAG_ID='reports_workflow' AIRFLOW_CTX_TASK_ID='id_task_get_emails' AIRFLOW_CTX_EXECUTION_DATE='2024-07-02T05:25:00+00:00' AIRFLOW_CTX_TRY_NUMBER='1' AIRFLOW_CTX_DAG_RUN_ID='scheduled__2024-07-02T05:25:00+00:00'
[2024-07-03T12:04:41.710+0000] {logging_mixin.py:151} INFO - path of config file:  /opt/***
[2024-07-03T12:04:41.711+0000] {logging_mixin.py:151} INFO - #>2024-07-03 12:04:41.711362_User@StatDep: EmailRobot in screated.
[2024-07-03T12:04:41.711+0000] {logging_mixin.py:151} INFO - #>2024-07-03 12:04:41.711545_User@StatDep: get_for_recent_emails is started...
[2024-07-03T12:04:41.711+0000] {logging_mixin.py:151} INFO - #>2024-07-03 12:04:41.711676_User@StatDep: pop3_fetch_emails isstarted...
[2024-07-03T12:04:42.105+0000] {logging_mixin.py:151} INFO -    b'+OK'
[2024-07-03T12:04:42.497+0000] {logging_mixin.py:151} INFO -    mailbox have 1 emails and the robot can process 10
[2024-07-03T12:04:43.027+0000] {logging_mixin.py:151} INFO -    #>2024-07-03 12:04:43.027549_conneciton to db is set.
[2024-07-03T12:04:43.032+0000] {taskinstance.py:1943} ERROR - Task failed with exception
Traceback (most recent call last):
  File "/home/airflow/.local/lib/python3.8/site-packages/airflow/operators/python.py", line 192, in execute
    return_value = self.execute_callable()
  File "/home/airflow/.local/lib/python3.8/site-packages/airflow/operators/python.py", line 209, in execute_callable
    return self.python_callable(*self.op_args, **self.op_kwargs)
  File "/opt/airflow/dags/dag_email_robot.py", line 25, in get_emails
    robot.fetch_emails()
  File "/opt/airflow/dags/emailRobot.py", line 62, in fetch_emails
    return self.pop3_fetch_emails()
  File "/opt/airflow/dags/emailRobot.py", line 156, in pop3_fetch_emails
    cursor.execute (query, insert_values)
psycopg2.errors.UndefinedTable: relation "sma_stat_dep.tbl_file_upload" does not exist
LINE 1: ...) AS (INSERT INTO                                 sma_stat_d...
                                                             ^

[2024-07-03T12:04:43.049+0000] {taskinstance.py:1400} INFO - Marking task as FAILED. dag_id=reports_workflow, task_id=id_task_get_emails, execution_date=20240702T052500, start_date=20240703T120441, end_date=20240703T120443
[2024-07-03T12:04:43.061+0000] {standard_task_runner.py:104} ERROR - Failed to execute job 751 for task id_task_get_emails (relation "sma_stat_dep.tbl_file_upload" does not exist
LINE 1: ...) AS (INSERT INTO                                 sma_stat_d...
                                                             ^
; 23272)
[2024-07-03T12:04:43.069+0000] {local_task_job_runner.py:228} INFO - Task exited with return code 1
[2024-07-03T12:04:43.093+0000] {taskinstance.py:2784} INFO - 0 downstream tasks scheduled from follow-on schedule check
[2024-07-03T12:21:56.747+0000] {taskinstance.py:1159} INFO - Dependencies all met for dep_context=non-requeueable deps ti=<TaskInstance: reports_workflow.id_task_get_emails scheduled__2024-07-02T05:25:00+00:00 [queued]>
[2024-07-03T12:21:56.804+0000] {taskinstance.py:1159} INFO - Dependencies all met for dep_context=requeueable deps ti=<TaskInstance: reports_workflow.id_task_get_emails scheduled__2024-07-02T05:25:00+00:00 [queued]>
[2024-07-03T12:21:56.804+0000] {taskinstance.py:1361} INFO - Starting attempt 1 of 1
[2024-07-03T12:21:56.873+0000] {taskinstance.py:1382} INFO - Executing <Task(PythonOperator): id_task_get_emails> on 2024-07-02 05:25:00+00:00
[2024-07-03T12:21:56.891+0000] {standard_task_runner.py:57} INFO - Started process 24072 to run task
[2024-07-03T12:21:56.920+0000] {standard_task_runner.py:84} INFO - Running: ['***', 'tasks', 'run', 'reports_workflow', 'id_task_get_emails', 'scheduled__2024-07-02T05:25:00+00:00', '--job-id', '1019', '--raw', '--subdir', 'DAGS_FOLDER/dag_email_robot.py', '--cfg-path', '/tmp/tmpnoqht0yn']
[2024-07-03T12:21:56.921+0000] {standard_task_runner.py:85} INFO - Job 1019: Subtask id_task_get_emails
[2024-07-03T12:21:57.111+0000] {task_command.py:415} INFO - Running <TaskInstance: reports_workflow.id_task_get_emails scheduled__2024-07-02T05:25:00+00:00 [running]> on host 6f4ef5488251
[2024-07-03T12:21:57.447+0000] {taskinstance.py:1660} INFO - Exporting env vars: AIRFLOW_CTX_DAG_OWNER='FIRDAVS' AIRFLOW_CTX_DAG_ID='reports_workflow' AIRFLOW_CTX_TASK_ID='id_task_get_emails' AIRFLOW_CTX_EXECUTION_DATE='2024-07-02T05:25:00+00:00' AIRFLOW_CTX_TRY_NUMBER='1' AIRFLOW_CTX_DAG_RUN_ID='scheduled__2024-07-02T05:25:00+00:00'
[2024-07-03T12:21:57.448+0000] {logging_mixin.py:151} INFO - path of config file:  /opt/***
[2024-07-03T12:21:57.449+0000] {logging_mixin.py:151} INFO - #>2024-07-03 12:21:57.449457_User@StatDep: EmailRobot in screated.
[2024-07-03T12:21:57.449+0000] {logging_mixin.py:151} INFO - #>2024-07-03 12:21:57.449646_User@StatDep: get_for_recent_emails is started...
[2024-07-03T12:21:57.449+0000] {logging_mixin.py:151} INFO - #>2024-07-03 12:21:57.449778_User@StatDep: pop3_fetch_emails isstarted...
[2024-07-03T12:21:57.857+0000] {logging_mixin.py:151} INFO -    b'+OK'
[2024-07-03T12:21:58.209+0000] {logging_mixin.py:151} INFO -    mailbox have 0 emails and the robot can process 10
[2024-07-03T12:21:58.210+0000] {logging_mixin.py:151} INFO - #>2024-07-03 12:21:58.209927_User@StatDep: no emails to process, exiting pop3_fetch_emails()...
[2024-07-03T12:21:58.210+0000] {python.py:194} INFO - Done. Returned value was: True
[2024-07-03T12:21:58.251+0000] {taskinstance.py:1400} INFO - Marking task as SUCCESS. dag_id=reports_workflow, task_id=id_task_get_emails, execution_date=20240702T052500, start_date=20240703T122156, end_date=20240703T122158
[2024-07-03T12:21:58.270+0000] {local_task_job_runner.py:228} INFO - Task exited with return code 0
[2024-07-03T12:21:58.299+0000] {taskinstance.py:2784} INFO - 1 downstream tasks scheduled from follow-on schedule check
