[2024-07-15T13:30:01.645+0000] {taskinstance.py:1159} INFO - Dependencies all met for dep_context=non-requeueable deps ti=<TaskInstance: reports_workflow.id_task_get_emails scheduled__2024-07-15T13:25:00+00:00 [queued]>
[2024-07-15T13:30:01.655+0000] {taskinstance.py:1159} INFO - Dependencies all met for dep_context=requeueable deps ti=<TaskInstance: reports_workflow.id_task_get_emails scheduled__2024-07-15T13:25:00+00:00 [queued]>
[2024-07-15T13:30:01.655+0000] {taskinstance.py:1361} INFO - Starting attempt 1 of 2
[2024-07-15T13:30:01.667+0000] {taskinstance.py:1382} INFO - Executing <Task(PythonOperator): id_task_get_emails> on 2024-07-15 13:25:00+00:00
[2024-07-15T13:30:01.673+0000] {standard_task_runner.py:57} INFO - Started process 41470 to run task
[2024-07-15T13:30:01.682+0000] {standard_task_runner.py:84} INFO - Running: ['***', 'tasks', 'run', 'reports_workflow', 'id_task_get_emails', 'scheduled__2024-07-15T13:25:00+00:00', '--job-id', '6449', '--raw', '--subdir', 'DAGS_FOLDER/dag_email_robot.py', '--cfg-path', '/tmp/tmpywo5rv02']
[2024-07-15T13:30:01.687+0000] {standard_task_runner.py:85} INFO - Job 6449: Subtask id_task_get_emails
[2024-07-15T13:30:01.829+0000] {task_command.py:415} INFO - Running <TaskInstance: reports_workflow.id_task_get_emails scheduled__2024-07-15T13:25:00+00:00 [running]> on host 6f4ef5488251
[2024-07-15T13:30:01.984+0000] {taskinstance.py:1660} INFO - Exporting env vars: AIRFLOW_CTX_DAG_OWNER='FIRDAVS' AIRFLOW_CTX_DAG_ID='reports_workflow' AIRFLOW_CTX_TASK_ID='id_task_get_emails' AIRFLOW_CTX_EXECUTION_DATE='2024-07-15T13:25:00+00:00' AIRFLOW_CTX_TRY_NUMBER='1' AIRFLOW_CTX_DAG_RUN_ID='scheduled__2024-07-15T13:25:00+00:00'
[2024-07-15T13:30:01.986+0000] {logging_mixin.py:151} INFO - path of config file:  /opt/***
[2024-07-15T13:30:01.987+0000] {logging_mixin.py:151} INFO - #>2024-07-15 13:30:01.987292_User@StatDep: EmailRobot in screated.
[2024-07-15T13:30:01.987+0000] {logging_mixin.py:151} INFO - #>2024-07-15 13:30:01.987484_User@StatDep: get_for_recent_emails is started...
[2024-07-15T13:30:01.987+0000] {logging_mixin.py:151} INFO - #>2024-07-15 13:30:01.987624_User@StatDep: pop3_fetch_emails isstarted...
[2024-07-15T13:30:02.509+0000] {logging_mixin.py:151} INFO -    b'+OK'
[2024-07-15T13:30:02.899+0000] {logging_mixin.py:151} INFO -    mailbox have 0 emails and the robot can process 10
[2024-07-15T13:30:02.900+0000] {logging_mixin.py:151} INFO - #>2024-07-15 13:30:02.899959_User@StatDep: no emails to process, exiting pop3_fetch_emails()...
[2024-07-15T13:30:02.901+0000] {python.py:194} INFO - Done. Returned value was: True
[2024-07-15T13:30:02.943+0000] {taskinstance.py:1400} INFO - Marking task as SUCCESS. dag_id=reports_workflow, task_id=id_task_get_emails, execution_date=20240715T132500, start_date=20240715T133001, end_date=20240715T133002
[2024-07-15T13:30:02.978+0000] {local_task_job_runner.py:228} INFO - Task exited with return code 0
[2024-07-15T13:30:03.014+0000] {taskinstance.py:2784} INFO - 0 downstream tasks scheduled from follow-on schedule check
