[2024-07-04T11:35:02.444+0000] {taskinstance.py:1159} INFO - Dependencies all met for dep_context=non-requeueable deps ti=<TaskInstance: reports_workflow.id_task_send_emails scheduled__2024-07-04T11:30:00+00:00 [queued]>
[2024-07-04T11:35:02.452+0000] {taskinstance.py:1159} INFO - Dependencies all met for dep_context=requeueable deps ti=<TaskInstance: reports_workflow.id_task_send_emails scheduled__2024-07-04T11:30:00+00:00 [queued]>
[2024-07-04T11:35:02.452+0000] {taskinstance.py:1361} INFO - Starting attempt 1 of 2
[2024-07-04T11:35:02.464+0000] {taskinstance.py:1382} INFO - Executing <Task(PythonOperator): id_task_send_emails> on 2024-07-04 11:30:00+00:00
[2024-07-04T11:35:02.468+0000] {standard_task_runner.py:57} INFO - Started process 48641 to run task
[2024-07-04T11:35:02.477+0000] {standard_task_runner.py:84} INFO - Running: ['***', 'tasks', 'run', 'reports_workflow', 'id_task_send_emails', 'scheduled__2024-07-04T11:30:00+00:00', '--job-id', '2667', '--raw', '--subdir', 'DAGS_FOLDER/dag_email_robot.py', '--cfg-path', '/tmp/tmp5tdc7ys6']
[2024-07-04T11:35:02.480+0000] {standard_task_runner.py:85} INFO - Job 2667: Subtask id_task_send_emails
[2024-07-04T11:35:02.547+0000] {task_command.py:415} INFO - Running <TaskInstance: reports_workflow.id_task_send_emails scheduled__2024-07-04T11:30:00+00:00 [running]> on host 6f4ef5488251
[2024-07-04T11:35:02.650+0000] {taskinstance.py:1660} INFO - Exporting env vars: AIRFLOW_CTX_DAG_OWNER='FIRDAVS' AIRFLOW_CTX_DAG_ID='reports_workflow' AIRFLOW_CTX_TASK_ID='id_task_send_emails' AIRFLOW_CTX_EXECUTION_DATE='2024-07-04T11:30:00+00:00' AIRFLOW_CTX_TRY_NUMBER='1' AIRFLOW_CTX_DAG_RUN_ID='scheduled__2024-07-04T11:30:00+00:00'
[2024-07-04T11:35:02.651+0000] {logging_mixin.py:151} INFO - path of config file:  /opt/***
[2024-07-04T11:35:02.651+0000] {logging_mixin.py:151} INFO - #>2024-07-04 11:35:02.651667_User@StatDep: EmailRobot in screated.
[2024-07-04T11:35:02.651+0000] {logging_mixin.py:151} INFO - #>2024-07-04 11:35:02.651864_User@StatDep: send_validation_results is started...
[2024-07-04T11:35:02.663+0000] {logging_mixin.py:151} INFO -    #>2024-07-04 11:35:02.663818_conneciton to db is set.
[2024-07-04T11:35:02.666+0000] {logging_mixin.py:151} INFO -    #>2024-07-04 11:35:02.666609_cursor execution is successful.
[2024-07-04T11:35:02.666+0000] {logging_mixin.py:151} INFO -    There is no any new submissions found. The get_validation_results is over.
[2024-07-04T11:35:02.667+0000] {python.py:194} INFO - Done. Returned value was: True
[2024-07-04T11:35:02.692+0000] {taskinstance.py:1400} INFO - Marking task as SUCCESS. dag_id=reports_workflow, task_id=id_task_send_emails, execution_date=20240704T113000, start_date=20240704T113502, end_date=20240704T113502
[2024-07-04T11:35:02.724+0000] {local_task_job_runner.py:228} INFO - Task exited with return code 0
[2024-07-04T11:35:02.753+0000] {taskinstance.py:2784} INFO - 0 downstream tasks scheduled from follow-on schedule check
[2024-07-04T12:24:20.767+0000] {taskinstance.py:1159} INFO - Dependencies all met for dep_context=non-requeueable deps ti=<TaskInstance: reports_workflow.id_task_send_emails scheduled__2024-07-04T11:30:00+00:00 [queued]>
[2024-07-04T12:24:20.777+0000] {taskinstance.py:1159} INFO - Dependencies all met for dep_context=requeueable deps ti=<TaskInstance: reports_workflow.id_task_send_emails scheduled__2024-07-04T11:30:00+00:00 [queued]>
[2024-07-04T12:24:20.778+0000] {taskinstance.py:1361} INFO - Starting attempt 1 of 2
[2024-07-04T12:24:20.799+0000] {taskinstance.py:1382} INFO - Executing <Task(PythonOperator): id_task_send_emails> on 2024-07-04 11:30:00+00:00
[2024-07-04T12:24:20.815+0000] {standard_task_runner.py:57} INFO - Started process 49504 to run task
[2024-07-04T12:24:20.822+0000] {standard_task_runner.py:84} INFO - Running: ['***', 'tasks', 'run', 'reports_workflow', 'id_task_send_emails', 'scheduled__2024-07-04T11:30:00+00:00', '--job-id', '2712', '--raw', '--subdir', 'DAGS_FOLDER/dag_email_robot.py', '--cfg-path', '/tmp/tmpksc9ehji']
[2024-07-04T12:24:20.825+0000] {standard_task_runner.py:85} INFO - Job 2712: Subtask id_task_send_emails
[2024-07-04T12:24:21.018+0000] {task_command.py:415} INFO - Running <TaskInstance: reports_workflow.id_task_send_emails scheduled__2024-07-04T11:30:00+00:00 [running]> on host 6f4ef5488251
[2024-07-04T12:24:21.164+0000] {taskinstance.py:1660} INFO - Exporting env vars: AIRFLOW_CTX_DAG_OWNER='FIRDAVS' AIRFLOW_CTX_DAG_ID='reports_workflow' AIRFLOW_CTX_TASK_ID='id_task_send_emails' AIRFLOW_CTX_EXECUTION_DATE='2024-07-04T11:30:00+00:00' AIRFLOW_CTX_TRY_NUMBER='1' AIRFLOW_CTX_DAG_RUN_ID='scheduled__2024-07-04T11:30:00+00:00'
[2024-07-04T12:24:21.165+0000] {logging_mixin.py:151} INFO - path of config file:  /opt/***
[2024-07-04T12:24:21.166+0000] {logging_mixin.py:151} INFO - #>2024-07-04 12:24:21.166357_User@StatDep: EmailRobot in screated.
[2024-07-04T12:24:21.167+0000] {logging_mixin.py:151} INFO - #>2024-07-04 12:24:21.167058_User@StatDep: send_validation_results is started...
[2024-07-04T12:24:21.180+0000] {logging_mixin.py:151} INFO -    #>2024-07-04 12:24:21.180826_conneciton to db is set.
[2024-07-04T12:24:21.182+0000] {logging_mixin.py:151} INFO -    #>2024-07-04 12:24:21.182738_cursor execution is successful.
[2024-07-04T12:24:21.182+0000] {logging_mixin.py:151} INFO -    There is no any new submissions found. The get_validation_results is over.
[2024-07-04T12:24:21.183+0000] {python.py:194} INFO - Done. Returned value was: True
[2024-07-04T12:24:21.215+0000] {taskinstance.py:1400} INFO - Marking task as SUCCESS. dag_id=reports_workflow, task_id=id_task_send_emails, execution_date=20240704T113000, start_date=20240704T122420, end_date=20240704T122421
[2024-07-04T12:24:21.283+0000] {local_task_job_runner.py:228} INFO - Task exited with return code 0
[2024-07-04T12:24:21.304+0000] {taskinstance.py:2784} INFO - 0 downstream tasks scheduled from follow-on schedule check
[2024-07-04T12:26:12.062+0000] {taskinstance.py:1159} INFO - Dependencies all met for dep_context=non-requeueable deps ti=<TaskInstance: reports_workflow.id_task_send_emails scheduled__2024-07-04T11:30:00+00:00 [queued]>
[2024-07-04T12:26:12.098+0000] {taskinstance.py:1159} INFO - Dependencies all met for dep_context=requeueable deps ti=<TaskInstance: reports_workflow.id_task_send_emails scheduled__2024-07-04T11:30:00+00:00 [queued]>
[2024-07-04T12:26:12.098+0000] {taskinstance.py:1361} INFO - Starting attempt 1 of 2
[2024-07-04T12:26:12.163+0000] {taskinstance.py:1382} INFO - Executing <Task(PythonOperator): id_task_send_emails> on 2024-07-04 11:30:00+00:00
[2024-07-04T12:26:12.168+0000] {standard_task_runner.py:57} INFO - Started process 49632 to run task
[2024-07-04T12:26:12.196+0000] {standard_task_runner.py:84} INFO - Running: ['***', 'tasks', 'run', 'reports_workflow', 'id_task_send_emails', 'scheduled__2024-07-04T11:30:00+00:00', '--job-id', '2742', '--raw', '--subdir', 'DAGS_FOLDER/dag_email_robot.py', '--cfg-path', '/tmp/tmp7bva1wam']
[2024-07-04T12:26:12.263+0000] {standard_task_runner.py:85} INFO - Job 2742: Subtask id_task_send_emails
[2024-07-04T12:26:12.496+0000] {task_command.py:415} INFO - Running <TaskInstance: reports_workflow.id_task_send_emails scheduled__2024-07-04T11:30:00+00:00 [running]> on host 6f4ef5488251
[2024-07-04T12:26:12.814+0000] {taskinstance.py:1660} INFO - Exporting env vars: AIRFLOW_CTX_DAG_OWNER='FIRDAVS' AIRFLOW_CTX_DAG_ID='reports_workflow' AIRFLOW_CTX_TASK_ID='id_task_send_emails' AIRFLOW_CTX_EXECUTION_DATE='2024-07-04T11:30:00+00:00' AIRFLOW_CTX_TRY_NUMBER='1' AIRFLOW_CTX_DAG_RUN_ID='scheduled__2024-07-04T11:30:00+00:00'
[2024-07-04T12:26:12.816+0000] {logging_mixin.py:151} INFO - path of config file:  /opt/***
[2024-07-04T12:26:12.816+0000] {logging_mixin.py:151} INFO - #>2024-07-04 12:26:12.816741_User@StatDep: EmailRobot in screated.
[2024-07-04T12:26:12.816+0000] {logging_mixin.py:151} INFO - #>2024-07-04 12:26:12.816938_User@StatDep: send_validation_results is started...
[2024-07-04T12:26:12.842+0000] {logging_mixin.py:151} INFO -    #>2024-07-04 12:26:12.842362_conneciton to db is set.
[2024-07-04T12:26:12.851+0000] {logging_mixin.py:151} INFO -    #>2024-07-04 12:26:12.851485_cursor execution is successful.
[2024-07-04T12:26:12.851+0000] {logging_mixin.py:151} INFO -    There is no any new submissions found. The get_validation_results is over.
[2024-07-04T12:26:12.854+0000] {python.py:194} INFO - Done. Returned value was: True
[2024-07-04T12:26:12.896+0000] {taskinstance.py:1400} INFO - Marking task as SUCCESS. dag_id=reports_workflow, task_id=id_task_send_emails, execution_date=20240704T113000, start_date=20240704T122612, end_date=20240704T122612
[2024-07-04T12:26:12.956+0000] {local_task_job_runner.py:228} INFO - Task exited with return code 0
[2024-07-04T12:26:12.975+0000] {taskinstance.py:2784} INFO - 0 downstream tasks scheduled from follow-on schedule check
