[2024-07-03T09:57:23.656+0000] {taskinstance.py:1159} INFO - Dependencies all met for dep_context=non-requeueable deps ti=<TaskInstance: reports_workflow.id_task_get_emails scheduled__2024-07-02T08:00:00+00:00 [queued]>
[2024-07-03T09:57:23.665+0000] {taskinstance.py:1159} INFO - Dependencies all met for dep_context=requeueable deps ti=<TaskInstance: reports_workflow.id_task_get_emails scheduled__2024-07-02T08:00:00+00:00 [queued]>
[2024-07-03T09:57:23.665+0000] {taskinstance.py:1361} INFO - Starting attempt 1 of 1
[2024-07-03T09:57:23.680+0000] {taskinstance.py:1382} INFO - Executing <Task(PythonOperator): id_task_get_emails> on 2024-07-02 08:00:00+00:00
[2024-07-03T09:57:23.687+0000] {standard_task_runner.py:57} INFO - Started process 20525 to run task
[2024-07-03T09:57:23.696+0000] {standard_task_runner.py:84} INFO - Running: ['***', 'tasks', 'run', 'reports_workflow', 'id_task_get_emails', 'scheduled__2024-07-02T08:00:00+00:00', '--job-id', '341', '--raw', '--subdir', 'DAGS_FOLDER/dag_email_robot.py', '--cfg-path', '/tmp/tmp48yqwtq0']
[2024-07-03T09:57:23.701+0000] {standard_task_runner.py:85} INFO - Job 341: Subtask id_task_get_emails
[2024-07-03T09:57:23.786+0000] {task_command.py:415} INFO - Running <TaskInstance: reports_workflow.id_task_get_emails scheduled__2024-07-02T08:00:00+00:00 [running]> on host 6f4ef5488251
[2024-07-03T09:57:23.926+0000] {taskinstance.py:1660} INFO - Exporting env vars: AIRFLOW_CTX_DAG_OWNER='FIRDAVS' AIRFLOW_CTX_DAG_ID='reports_workflow' AIRFLOW_CTX_TASK_ID='id_task_get_emails' AIRFLOW_CTX_EXECUTION_DATE='2024-07-02T08:00:00+00:00' AIRFLOW_CTX_TRY_NUMBER='1' AIRFLOW_CTX_DAG_RUN_ID='scheduled__2024-07-02T08:00:00+00:00'
[2024-07-03T09:57:23.927+0000] {logging_mixin.py:151} INFO - path of config file:  /opt/***
[2024-07-03T09:57:23.927+0000] {taskinstance.py:1943} ERROR - Task failed with exception
Traceback (most recent call last):
  File "/home/airflow/.local/lib/python3.8/site-packages/airflow/operators/python.py", line 192, in execute
    return_value = self.execute_callable()
  File "/home/airflow/.local/lib/python3.8/site-packages/airflow/operators/python.py", line 209, in execute_callable
    return self.python_callable(*self.op_args, **self.op_kwargs)
  File "/opt/airflow/dags/dag_email_robot.py", line 22, in get_emails
    email_conf = json.load (open(path / ("config/email_conf.json")))
NameError: name 'json' is not defined
[2024-07-03T09:57:23.937+0000] {taskinstance.py:1400} INFO - Marking task as FAILED. dag_id=reports_workflow, task_id=id_task_get_emails, execution_date=20240702T080000, start_date=20240703T095723, end_date=20240703T095723
[2024-07-03T09:57:23.967+0000] {standard_task_runner.py:104} ERROR - Failed to execute job 341 for task id_task_get_emails (name 'json' is not defined; 20525)
[2024-07-03T09:57:23.993+0000] {local_task_job_runner.py:228} INFO - Task exited with return code 1
[2024-07-03T09:57:24.019+0000] {taskinstance.py:2784} INFO - 0 downstream tasks scheduled from follow-on schedule check
[2024-07-03T12:04:57.184+0000] {taskinstance.py:1159} INFO - Dependencies all met for dep_context=non-requeueable deps ti=<TaskInstance: reports_workflow.id_task_get_emails scheduled__2024-07-02T08:00:00+00:00 [queued]>
[2024-07-03T12:04:57.196+0000] {taskinstance.py:1159} INFO - Dependencies all met for dep_context=requeueable deps ti=<TaskInstance: reports_workflow.id_task_get_emails scheduled__2024-07-02T08:00:00+00:00 [queued]>
[2024-07-03T12:04:57.196+0000] {taskinstance.py:1361} INFO - Starting attempt 1 of 1
[2024-07-03T12:04:57.210+0000] {taskinstance.py:1382} INFO - Executing <Task(PythonOperator): id_task_get_emails> on 2024-07-02 08:00:00+00:00
[2024-07-03T12:04:57.219+0000] {standard_task_runner.py:57} INFO - Started process 23344 to run task
[2024-07-03T12:04:57.226+0000] {standard_task_runner.py:84} INFO - Running: ['***', 'tasks', 'run', 'reports_workflow', 'id_task_get_emails', 'scheduled__2024-07-02T08:00:00+00:00', '--job-id', '782', '--raw', '--subdir', 'DAGS_FOLDER/dag_email_robot.py', '--cfg-path', '/tmp/tmp8_w3e4ce']
[2024-07-03T12:04:57.227+0000] {standard_task_runner.py:85} INFO - Job 782: Subtask id_task_get_emails
[2024-07-03T12:04:57.327+0000] {task_command.py:415} INFO - Running <TaskInstance: reports_workflow.id_task_get_emails scheduled__2024-07-02T08:00:00+00:00 [running]> on host 6f4ef5488251
[2024-07-03T12:04:57.455+0000] {taskinstance.py:1660} INFO - Exporting env vars: AIRFLOW_CTX_DAG_OWNER='FIRDAVS' AIRFLOW_CTX_DAG_ID='reports_workflow' AIRFLOW_CTX_TASK_ID='id_task_get_emails' AIRFLOW_CTX_EXECUTION_DATE='2024-07-02T08:00:00+00:00' AIRFLOW_CTX_TRY_NUMBER='1' AIRFLOW_CTX_DAG_RUN_ID='scheduled__2024-07-02T08:00:00+00:00'
[2024-07-03T12:04:57.456+0000] {logging_mixin.py:151} INFO - path of config file:  /opt/***
[2024-07-03T12:04:57.457+0000] {logging_mixin.py:151} INFO - #>2024-07-03 12:04:57.457263_User@StatDep: EmailRobot in screated.
[2024-07-03T12:04:57.457+0000] {logging_mixin.py:151} INFO - #>2024-07-03 12:04:57.457462_User@StatDep: get_for_recent_emails is started...
[2024-07-03T12:04:57.457+0000] {logging_mixin.py:151} INFO - #>2024-07-03 12:04:57.457592_User@StatDep: pop3_fetch_emails isstarted...
[2024-07-03T12:04:57.864+0000] {logging_mixin.py:151} INFO -    b'+OK'
[2024-07-03T12:04:58.282+0000] {logging_mixin.py:151} INFO -    mailbox have 1 emails and the robot can process 10
[2024-07-03T12:04:58.743+0000] {logging_mixin.py:151} INFO -    #>2024-07-03 12:04:58.743388_conneciton to db is set.
[2024-07-03T12:04:58.750+0000] {taskinstance.py:1943} ERROR - Task failed with exception
Traceback (most recent call last):
  File "/home/airflow/.local/lib/python3.8/site-packages/airflow/operators/python.py", line 192, in execute
    return_value = self.execute_callable()
  File "/home/airflow/.local/lib/python3.8/site-packages/airflow/operators/python.py", line 209, in execute_callable
    return self.python_callable(*self.op_args, **self.op_kwargs)
  File "/opt/airflow/dags/dag_email_robot.py", line 25, in get_emails
    robot.fetch_emails()
  File "/opt/airflow/dags/emailRobot.py", line 62, in fetch_emails
    return self.pop3_fetch_emails()
  File "/opt/airflow/dags/emailRobot.py", line 156, in pop3_fetch_emails
    cursor.execute (query, insert_values)
psycopg2.errors.UndefinedTable: relation "sma_stat_dep.tbl_file_upload" does not exist
LINE 1: ...) AS (INSERT INTO                                 sma_stat_d...
                                                             ^

[2024-07-03T12:04:58.786+0000] {taskinstance.py:1400} INFO - Marking task as FAILED. dag_id=reports_workflow, task_id=id_task_get_emails, execution_date=20240702T080000, start_date=20240703T120457, end_date=20240703T120458
[2024-07-03T12:04:58.875+0000] {standard_task_runner.py:104} ERROR - Failed to execute job 782 for task id_task_get_emails (relation "sma_stat_dep.tbl_file_upload" does not exist
LINE 1: ...) AS (INSERT INTO                                 sma_stat_d...
                                                             ^
; 23344)
[2024-07-03T12:04:58.904+0000] {local_task_job_runner.py:228} INFO - Task exited with return code 1
[2024-07-03T12:04:58.948+0000] {taskinstance.py:2784} INFO - 0 downstream tasks scheduled from follow-on schedule check
[2024-07-03T12:22:51.619+0000] {taskinstance.py:1159} INFO - Dependencies all met for dep_context=non-requeueable deps ti=<TaskInstance: reports_workflow.id_task_get_emails scheduled__2024-07-02T08:00:00+00:00 [queued]>
[2024-07-03T12:22:51.634+0000] {taskinstance.py:1159} INFO - Dependencies all met for dep_context=requeueable deps ti=<TaskInstance: reports_workflow.id_task_get_emails scheduled__2024-07-02T08:00:00+00:00 [queued]>
[2024-07-03T12:22:51.634+0000] {taskinstance.py:1361} INFO - Starting attempt 1 of 1
[2024-07-03T12:22:51.650+0000] {taskinstance.py:1382} INFO - Executing <Task(PythonOperator): id_task_get_emails> on 2024-07-02 08:00:00+00:00
[2024-07-03T12:22:51.657+0000] {standard_task_runner.py:57} INFO - Started process 24198 to run task
[2024-07-03T12:22:51.662+0000] {standard_task_runner.py:84} INFO - Running: ['***', 'tasks', 'run', 'reports_workflow', 'id_task_get_emails', 'scheduled__2024-07-02T08:00:00+00:00', '--job-id', '1076', '--raw', '--subdir', 'DAGS_FOLDER/dag_email_robot.py', '--cfg-path', '/tmp/tmpl8vb1lv0']
[2024-07-03T12:22:51.663+0000] {standard_task_runner.py:85} INFO - Job 1076: Subtask id_task_get_emails
[2024-07-03T12:22:51.713+0000] {task_command.py:415} INFO - Running <TaskInstance: reports_workflow.id_task_get_emails scheduled__2024-07-02T08:00:00+00:00 [running]> on host 6f4ef5488251
[2024-07-03T12:22:51.797+0000] {taskinstance.py:1660} INFO - Exporting env vars: AIRFLOW_CTX_DAG_OWNER='FIRDAVS' AIRFLOW_CTX_DAG_ID='reports_workflow' AIRFLOW_CTX_TASK_ID='id_task_get_emails' AIRFLOW_CTX_EXECUTION_DATE='2024-07-02T08:00:00+00:00' AIRFLOW_CTX_TRY_NUMBER='1' AIRFLOW_CTX_DAG_RUN_ID='scheduled__2024-07-02T08:00:00+00:00'
[2024-07-03T12:22:51.798+0000] {logging_mixin.py:151} INFO - path of config file:  /opt/***
[2024-07-03T12:22:51.799+0000] {logging_mixin.py:151} INFO - #>2024-07-03 12:22:51.799673_User@StatDep: EmailRobot in screated.
[2024-07-03T12:22:51.800+0000] {logging_mixin.py:151} INFO - #>2024-07-03 12:22:51.799998_User@StatDep: get_for_recent_emails is started...
[2024-07-03T12:22:51.800+0000] {logging_mixin.py:151} INFO - #>2024-07-03 12:22:51.800233_User@StatDep: pop3_fetch_emails isstarted...
[2024-07-03T12:22:52.184+0000] {logging_mixin.py:151} INFO -    b'+OK'
[2024-07-03T12:22:52.498+0000] {logging_mixin.py:151} INFO -    mailbox have 0 emails and the robot can process 10
[2024-07-03T12:22:52.498+0000] {logging_mixin.py:151} INFO - #>2024-07-03 12:22:52.498677_User@StatDep: no emails to process, exiting pop3_fetch_emails()...
[2024-07-03T12:22:52.499+0000] {python.py:194} INFO - Done. Returned value was: True
[2024-07-03T12:22:52.540+0000] {taskinstance.py:1400} INFO - Marking task as SUCCESS. dag_id=reports_workflow, task_id=id_task_get_emails, execution_date=20240702T080000, start_date=20240703T122251, end_date=20240703T122252
[2024-07-03T12:22:52.597+0000] {local_task_job_runner.py:228} INFO - Task exited with return code 0
[2024-07-03T12:22:52.633+0000] {taskinstance.py:2784} INFO - 1 downstream tasks scheduled from follow-on schedule check
[2024-07-03T14:46:53.912+0000] {taskinstance.py:1159} INFO - Dependencies all met for dep_context=non-requeueable deps ti=<TaskInstance: reports_workflow.id_task_get_emails scheduled__2024-07-02T08:00:00+00:00 [queued]>
[2024-07-03T14:46:53.924+0000] {taskinstance.py:1159} INFO - Dependencies all met for dep_context=requeueable deps ti=<TaskInstance: reports_workflow.id_task_get_emails scheduled__2024-07-02T08:00:00+00:00 [queued]>
[2024-07-03T14:46:53.924+0000] {taskinstance.py:1361} INFO - Starting attempt 1 of 2
[2024-07-03T14:46:53.952+0000] {taskinstance.py:1382} INFO - Executing <Task(PythonOperator): id_task_get_emails> on 2024-07-02 08:00:00+00:00
[2024-07-03T14:46:53.957+0000] {standard_task_runner.py:57} INFO - Started process 28416 to run task
[2024-07-03T14:46:53.965+0000] {standard_task_runner.py:84} INFO - Running: ['***', 'tasks', 'run', 'reports_workflow', 'id_task_get_emails', 'scheduled__2024-07-02T08:00:00+00:00', '--job-id', '2092', '--raw', '--subdir', 'DAGS_FOLDER/dag_email_robot.py', '--cfg-path', '/tmp/tmp7thznm3_']
[2024-07-03T14:46:53.966+0000] {standard_task_runner.py:85} INFO - Job 2092: Subtask id_task_get_emails
[2024-07-03T14:46:54.050+0000] {task_command.py:415} INFO - Running <TaskInstance: reports_workflow.id_task_get_emails scheduled__2024-07-02T08:00:00+00:00 [running]> on host 6f4ef5488251
[2024-07-03T14:46:54.179+0000] {taskinstance.py:1660} INFO - Exporting env vars: AIRFLOW_CTX_DAG_OWNER='FIRDAVS' AIRFLOW_CTX_DAG_ID='reports_workflow' AIRFLOW_CTX_TASK_ID='id_task_get_emails' AIRFLOW_CTX_EXECUTION_DATE='2024-07-02T08:00:00+00:00' AIRFLOW_CTX_TRY_NUMBER='1' AIRFLOW_CTX_DAG_RUN_ID='scheduled__2024-07-02T08:00:00+00:00'
[2024-07-03T14:46:54.180+0000] {logging_mixin.py:151} INFO - path of config file:  /opt/***
[2024-07-03T14:46:54.180+0000] {logging_mixin.py:151} INFO - #>2024-07-03 14:46:54.180732_User@StatDep: EmailRobot in screated.
[2024-07-03T14:46:54.180+0000] {logging_mixin.py:151} INFO - #>2024-07-03 14:46:54.180908_User@StatDep: get_for_recent_emails is started...
[2024-07-03T14:46:54.181+0000] {logging_mixin.py:151} INFO - #>2024-07-03 14:46:54.181053_User@StatDep: pop3_fetch_emails isstarted...
[2024-07-03T14:46:54.578+0000] {logging_mixin.py:151} INFO -    b'+OK'
[2024-07-03T14:46:54.886+0000] {logging_mixin.py:151} INFO -    mailbox have 0 emails and the robot can process 10
[2024-07-03T14:46:54.886+0000] {logging_mixin.py:151} INFO - #>2024-07-03 14:46:54.886712_User@StatDep: no emails to process, exiting pop3_fetch_emails()...
[2024-07-03T14:46:54.887+0000] {python.py:194} INFO - Done. Returned value was: True
[2024-07-03T14:46:54.916+0000] {taskinstance.py:1400} INFO - Marking task as SUCCESS. dag_id=reports_workflow, task_id=id_task_get_emails, execution_date=20240702T080000, start_date=20240703T144653, end_date=20240703T144654
[2024-07-03T14:46:54.961+0000] {local_task_job_runner.py:228} INFO - Task exited with return code 0
[2024-07-03T14:46:55.030+0000] {taskinstance.py:2784} INFO - 1 downstream tasks scheduled from follow-on schedule check
