[2024-07-03T09:57:42.994+0000] {taskinstance.py:1159} INFO - Dependencies all met for dep_context=non-requeueable deps ti=<TaskInstance: reports_workflow.id_task_get_emails scheduled__2024-07-02T11:15:00+00:00 [queued]>
[2024-07-03T09:57:43.007+0000] {taskinstance.py:1159} INFO - Dependencies all met for dep_context=requeueable deps ti=<TaskInstance: reports_workflow.id_task_get_emails scheduled__2024-07-02T11:15:00+00:00 [queued]>
[2024-07-03T09:57:43.007+0000] {taskinstance.py:1361} INFO - Starting attempt 1 of 1
[2024-07-03T09:57:43.019+0000] {taskinstance.py:1382} INFO - Executing <Task(PythonOperator): id_task_get_emails> on 2024-07-02 11:15:00+00:00
[2024-07-03T09:57:43.023+0000] {standard_task_runner.py:57} INFO - Started process 20600 to run task
[2024-07-03T09:57:43.027+0000] {standard_task_runner.py:84} INFO - Running: ['***', 'tasks', 'run', 'reports_workflow', 'id_task_get_emails', 'scheduled__2024-07-02T11:15:00+00:00', '--job-id', '380', '--raw', '--subdir', 'DAGS_FOLDER/dag_email_robot.py', '--cfg-path', '/tmp/tmpje3ilbe2']
[2024-07-03T09:57:43.029+0000] {standard_task_runner.py:85} INFO - Job 380: Subtask id_task_get_emails
[2024-07-03T09:57:43.082+0000] {task_command.py:415} INFO - Running <TaskInstance: reports_workflow.id_task_get_emails scheduled__2024-07-02T11:15:00+00:00 [running]> on host 6f4ef5488251
[2024-07-03T09:57:43.153+0000] {taskinstance.py:1660} INFO - Exporting env vars: AIRFLOW_CTX_DAG_OWNER='FIRDAVS' AIRFLOW_CTX_DAG_ID='reports_workflow' AIRFLOW_CTX_TASK_ID='id_task_get_emails' AIRFLOW_CTX_EXECUTION_DATE='2024-07-02T11:15:00+00:00' AIRFLOW_CTX_TRY_NUMBER='1' AIRFLOW_CTX_DAG_RUN_ID='scheduled__2024-07-02T11:15:00+00:00'
[2024-07-03T09:57:43.154+0000] {logging_mixin.py:151} INFO - path of config file:  /opt/***
[2024-07-03T09:57:43.155+0000] {taskinstance.py:1943} ERROR - Task failed with exception
Traceback (most recent call last):
  File "/home/airflow/.local/lib/python3.8/site-packages/airflow/operators/python.py", line 192, in execute
    return_value = self.execute_callable()
  File "/home/airflow/.local/lib/python3.8/site-packages/airflow/operators/python.py", line 209, in execute_callable
    return self.python_callable(*self.op_args, **self.op_kwargs)
  File "/opt/airflow/dags/dag_email_robot.py", line 22, in get_emails
    email_conf = json.load (open(path / ("config/email_conf.json")))
NameError: name 'json' is not defined
[2024-07-03T09:57:43.166+0000] {taskinstance.py:1400} INFO - Marking task as FAILED. dag_id=reports_workflow, task_id=id_task_get_emails, execution_date=20240702T111500, start_date=20240703T095742, end_date=20240703T095743
[2024-07-03T09:57:43.176+0000] {standard_task_runner.py:104} ERROR - Failed to execute job 380 for task id_task_get_emails (name 'json' is not defined; 20600)
[2024-07-03T09:57:43.202+0000] {local_task_job_runner.py:228} INFO - Task exited with return code 1
[2024-07-03T09:57:43.228+0000] {taskinstance.py:2784} INFO - 0 downstream tasks scheduled from follow-on schedule check
[2024-07-03T12:05:12.345+0000] {taskinstance.py:1159} INFO - Dependencies all met for dep_context=non-requeueable deps ti=<TaskInstance: reports_workflow.id_task_get_emails scheduled__2024-07-02T11:15:00+00:00 [queued]>
[2024-07-03T12:05:12.355+0000] {taskinstance.py:1159} INFO - Dependencies all met for dep_context=requeueable deps ti=<TaskInstance: reports_workflow.id_task_get_emails scheduled__2024-07-02T11:15:00+00:00 [queued]>
[2024-07-03T12:05:12.356+0000] {taskinstance.py:1361} INFO - Starting attempt 1 of 1
[2024-07-03T12:05:12.380+0000] {taskinstance.py:1382} INFO - Executing <Task(PythonOperator): id_task_get_emails> on 2024-07-02 11:15:00+00:00
[2024-07-03T12:05:12.387+0000] {standard_task_runner.py:57} INFO - Started process 23421 to run task
[2024-07-03T12:05:12.391+0000] {standard_task_runner.py:84} INFO - Running: ['***', 'tasks', 'run', 'reports_workflow', 'id_task_get_emails', 'scheduled__2024-07-02T11:15:00+00:00', '--job-id', '821', '--raw', '--subdir', 'DAGS_FOLDER/dag_email_robot.py', '--cfg-path', '/tmp/tmprrgpsitt']
[2024-07-03T12:05:12.393+0000] {standard_task_runner.py:85} INFO - Job 821: Subtask id_task_get_emails
[2024-07-03T12:05:12.482+0000] {task_command.py:415} INFO - Running <TaskInstance: reports_workflow.id_task_get_emails scheduled__2024-07-02T11:15:00+00:00 [running]> on host 6f4ef5488251
[2024-07-03T12:05:12.594+0000] {taskinstance.py:1660} INFO - Exporting env vars: AIRFLOW_CTX_DAG_OWNER='FIRDAVS' AIRFLOW_CTX_DAG_ID='reports_workflow' AIRFLOW_CTX_TASK_ID='id_task_get_emails' AIRFLOW_CTX_EXECUTION_DATE='2024-07-02T11:15:00+00:00' AIRFLOW_CTX_TRY_NUMBER='1' AIRFLOW_CTX_DAG_RUN_ID='scheduled__2024-07-02T11:15:00+00:00'
[2024-07-03T12:05:12.595+0000] {logging_mixin.py:151} INFO - path of config file:  /opt/***
[2024-07-03T12:05:12.596+0000] {logging_mixin.py:151} INFO - #>2024-07-03 12:05:12.596243_User@StatDep: EmailRobot in screated.
[2024-07-03T12:05:12.596+0000] {logging_mixin.py:151} INFO - #>2024-07-03 12:05:12.596445_User@StatDep: get_for_recent_emails is started...
[2024-07-03T12:05:12.596+0000] {logging_mixin.py:151} INFO - #>2024-07-03 12:05:12.596586_User@StatDep: pop3_fetch_emails isstarted...
[2024-07-03T12:05:12.978+0000] {logging_mixin.py:151} INFO -    b'+OK'
[2024-07-03T12:05:13.400+0000] {logging_mixin.py:151} INFO -    mailbox have 1 emails and the robot can process 10
[2024-07-03T12:05:13.859+0000] {logging_mixin.py:151} INFO -    #>2024-07-03 12:05:13.859650_conneciton to db is set.
[2024-07-03T12:05:13.871+0000] {taskinstance.py:1943} ERROR - Task failed with exception
Traceback (most recent call last):
  File "/home/airflow/.local/lib/python3.8/site-packages/airflow/operators/python.py", line 192, in execute
    return_value = self.execute_callable()
  File "/home/airflow/.local/lib/python3.8/site-packages/airflow/operators/python.py", line 209, in execute_callable
    return self.python_callable(*self.op_args, **self.op_kwargs)
  File "/opt/airflow/dags/dag_email_robot.py", line 25, in get_emails
    robot.fetch_emails()
  File "/opt/airflow/dags/emailRobot.py", line 62, in fetch_emails
    return self.pop3_fetch_emails()
  File "/opt/airflow/dags/emailRobot.py", line 156, in pop3_fetch_emails
    cursor.execute (query, insert_values)
psycopg2.errors.UndefinedTable: relation "sma_stat_dep.tbl_file_upload" does not exist
LINE 1: ...) AS (INSERT INTO                                 sma_stat_d...
                                                             ^

[2024-07-03T12:05:13.886+0000] {taskinstance.py:1400} INFO - Marking task as FAILED. dag_id=reports_workflow, task_id=id_task_get_emails, execution_date=20240702T111500, start_date=20240703T120512, end_date=20240703T120513
[2024-07-03T12:05:13.897+0000] {standard_task_runner.py:104} ERROR - Failed to execute job 821 for task id_task_get_emails (relation "sma_stat_dep.tbl_file_upload" does not exist
LINE 1: ...) AS (INSERT INTO                                 sma_stat_d...
                                                             ^
; 23421)
[2024-07-03T12:05:13.943+0000] {local_task_job_runner.py:228} INFO - Task exited with return code 1
[2024-07-03T12:05:13.985+0000] {taskinstance.py:2784} INFO - 0 downstream tasks scheduled from follow-on schedule check
[2024-07-03T12:24:02.185+0000] {taskinstance.py:1159} INFO - Dependencies all met for dep_context=non-requeueable deps ti=<TaskInstance: reports_workflow.id_task_get_emails scheduled__2024-07-02T11:15:00+00:00 [queued]>
[2024-07-03T12:24:02.208+0000] {taskinstance.py:1159} INFO - Dependencies all met for dep_context=requeueable deps ti=<TaskInstance: reports_workflow.id_task_get_emails scheduled__2024-07-02T11:15:00+00:00 [queued]>
[2024-07-03T12:24:02.208+0000] {taskinstance.py:1361} INFO - Starting attempt 1 of 1
[2024-07-03T12:24:02.220+0000] {taskinstance.py:1382} INFO - Executing <Task(PythonOperator): id_task_get_emails> on 2024-07-02 11:15:00+00:00
[2024-07-03T12:24:02.224+0000] {standard_task_runner.py:57} INFO - Started process 24362 to run task
[2024-07-03T12:24:02.232+0000] {standard_task_runner.py:84} INFO - Running: ['***', 'tasks', 'run', 'reports_workflow', 'id_task_get_emails', 'scheduled__2024-07-02T11:15:00+00:00', '--job-id', '1151', '--raw', '--subdir', 'DAGS_FOLDER/dag_email_robot.py', '--cfg-path', '/tmp/tmpkmci5q1a']
[2024-07-03T12:24:02.234+0000] {standard_task_runner.py:85} INFO - Job 1151: Subtask id_task_get_emails
[2024-07-03T12:24:02.284+0000] {task_command.py:415} INFO - Running <TaskInstance: reports_workflow.id_task_get_emails scheduled__2024-07-02T11:15:00+00:00 [running]> on host 6f4ef5488251
[2024-07-03T12:24:02.355+0000] {taskinstance.py:1660} INFO - Exporting env vars: AIRFLOW_CTX_DAG_OWNER='FIRDAVS' AIRFLOW_CTX_DAG_ID='reports_workflow' AIRFLOW_CTX_TASK_ID='id_task_get_emails' AIRFLOW_CTX_EXECUTION_DATE='2024-07-02T11:15:00+00:00' AIRFLOW_CTX_TRY_NUMBER='1' AIRFLOW_CTX_DAG_RUN_ID='scheduled__2024-07-02T11:15:00+00:00'
[2024-07-03T12:24:02.356+0000] {logging_mixin.py:151} INFO - path of config file:  /opt/***
[2024-07-03T12:24:02.357+0000] {logging_mixin.py:151} INFO - #>2024-07-03 12:24:02.357503_User@StatDep: EmailRobot in screated.
[2024-07-03T12:24:02.357+0000] {logging_mixin.py:151} INFO - #>2024-07-03 12:24:02.357854_User@StatDep: get_for_recent_emails is started...
[2024-07-03T12:24:02.358+0000] {logging_mixin.py:151} INFO - #>2024-07-03 12:24:02.358159_User@StatDep: pop3_fetch_emails isstarted...
[2024-07-03T12:24:02.753+0000] {logging_mixin.py:151} INFO -    b'+OK'
[2024-07-03T12:24:03.021+0000] {logging_mixin.py:151} INFO -    mailbox have 0 emails and the robot can process 10
[2024-07-03T12:24:03.023+0000] {logging_mixin.py:151} INFO - #>2024-07-03 12:24:03.023185_User@StatDep: no emails to process, exiting pop3_fetch_emails()...
[2024-07-03T12:24:03.024+0000] {python.py:194} INFO - Done. Returned value was: True
[2024-07-03T12:24:03.065+0000] {taskinstance.py:1400} INFO - Marking task as SUCCESS. dag_id=reports_workflow, task_id=id_task_get_emails, execution_date=20240702T111500, start_date=20240703T122402, end_date=20240703T122403
[2024-07-03T12:24:03.084+0000] {local_task_job_runner.py:228} INFO - Task exited with return code 0
[2024-07-03T12:24:03.183+0000] {taskinstance.py:2784} INFO - 0 downstream tasks scheduled from follow-on schedule check
[2024-07-03T14:47:03.529+0000] {taskinstance.py:1159} INFO - Dependencies all met for dep_context=non-requeueable deps ti=<TaskInstance: reports_workflow.id_task_get_emails scheduled__2024-07-02T11:15:00+00:00 [queued]>
[2024-07-03T14:47:03.554+0000] {taskinstance.py:1159} INFO - Dependencies all met for dep_context=requeueable deps ti=<TaskInstance: reports_workflow.id_task_get_emails scheduled__2024-07-02T11:15:00+00:00 [queued]>
[2024-07-03T14:47:03.555+0000] {taskinstance.py:1361} INFO - Starting attempt 1 of 2
[2024-07-03T14:47:03.622+0000] {taskinstance.py:1382} INFO - Executing <Task(PythonOperator): id_task_get_emails> on 2024-07-02 11:15:00+00:00
[2024-07-03T14:47:03.629+0000] {standard_task_runner.py:57} INFO - Started process 28485 to run task
[2024-07-03T14:47:03.639+0000] {standard_task_runner.py:84} INFO - Running: ['***', 'tasks', 'run', 'reports_workflow', 'id_task_get_emails', 'scheduled__2024-07-02T11:15:00+00:00', '--job-id', '2126', '--raw', '--subdir', 'DAGS_FOLDER/dag_email_robot.py', '--cfg-path', '/tmp/tmpuc2k_8hb']
[2024-07-03T14:47:03.640+0000] {standard_task_runner.py:85} INFO - Job 2126: Subtask id_task_get_emails
[2024-07-03T14:47:03.761+0000] {task_command.py:415} INFO - Running <TaskInstance: reports_workflow.id_task_get_emails scheduled__2024-07-02T11:15:00+00:00 [running]> on host 6f4ef5488251
[2024-07-03T14:47:03.903+0000] {taskinstance.py:1660} INFO - Exporting env vars: AIRFLOW_CTX_DAG_OWNER='FIRDAVS' AIRFLOW_CTX_DAG_ID='reports_workflow' AIRFLOW_CTX_TASK_ID='id_task_get_emails' AIRFLOW_CTX_EXECUTION_DATE='2024-07-02T11:15:00+00:00' AIRFLOW_CTX_TRY_NUMBER='1' AIRFLOW_CTX_DAG_RUN_ID='scheduled__2024-07-02T11:15:00+00:00'
[2024-07-03T14:47:03.903+0000] {logging_mixin.py:151} INFO - path of config file:  /opt/***
[2024-07-03T14:47:03.904+0000] {logging_mixin.py:151} INFO - #>2024-07-03 14:47:03.904467_User@StatDep: EmailRobot in screated.
[2024-07-03T14:47:03.907+0000] {logging_mixin.py:151} INFO - #>2024-07-03 14:47:03.907262_User@StatDep: get_for_recent_emails is started...
[2024-07-03T14:47:03.907+0000] {logging_mixin.py:151} INFO - #>2024-07-03 14:47:03.907487_User@StatDep: pop3_fetch_emails isstarted...
[2024-07-03T14:47:04.295+0000] {logging_mixin.py:151} INFO -    b'+OK'
[2024-07-03T14:47:04.667+0000] {logging_mixin.py:151} INFO -    mailbox have 0 emails and the robot can process 10
[2024-07-03T14:47:04.668+0000] {logging_mixin.py:151} INFO - #>2024-07-03 14:47:04.668114_User@StatDep: no emails to process, exiting pop3_fetch_emails()...
[2024-07-03T14:47:04.668+0000] {python.py:194} INFO - Done. Returned value was: True
[2024-07-03T14:47:04.726+0000] {taskinstance.py:1400} INFO - Marking task as SUCCESS. dag_id=reports_workflow, task_id=id_task_get_emails, execution_date=20240702T111500, start_date=20240703T144703, end_date=20240703T144704
[2024-07-03T14:47:04.782+0000] {local_task_job_runner.py:228} INFO - Task exited with return code 0
[2024-07-03T14:47:04.906+0000] {taskinstance.py:2784} INFO - 0 downstream tasks scheduled from follow-on schedule check
