[2024-07-08T08:45:06.151+0000] {taskinstance.py:1159} INFO - Dependencies all met for dep_context=non-requeueable deps ti=<TaskInstance: reports_workflow.id_task_send_emails scheduled__2024-07-08T08:40:00+00:00 [queued]>
[2024-07-08T08:45:06.159+0000] {taskinstance.py:1159} INFO - Dependencies all met for dep_context=requeueable deps ti=<TaskInstance: reports_workflow.id_task_send_emails scheduled__2024-07-08T08:40:00+00:00 [queued]>
[2024-07-08T08:45:06.159+0000] {taskinstance.py:1361} INFO - Starting attempt 1 of 2
[2024-07-08T08:45:06.171+0000] {taskinstance.py:1382} INFO - Executing <Task(PythonOperator): id_task_send_emails> on 2024-07-08 08:40:00+00:00
[2024-07-08T08:45:06.176+0000] {standard_task_runner.py:57} INFO - Started process 6098 to run task
[2024-07-08T08:45:06.183+0000] {standard_task_runner.py:84} INFO - Running: ['***', 'tasks', 'run', 'reports_workflow', 'id_task_send_emails', 'scheduled__2024-07-08T08:40:00+00:00', '--job-id', '3648', '--raw', '--subdir', 'DAGS_FOLDER/dag_email_robot.py', '--cfg-path', '/tmp/tmpfl3wa_tl']
[2024-07-08T08:45:06.188+0000] {standard_task_runner.py:85} INFO - Job 3648: Subtask id_task_send_emails
[2024-07-08T08:45:06.272+0000] {task_command.py:415} INFO - Running <TaskInstance: reports_workflow.id_task_send_emails scheduled__2024-07-08T08:40:00+00:00 [running]> on host 6f4ef5488251
[2024-07-08T08:45:06.381+0000] {taskinstance.py:1660} INFO - Exporting env vars: AIRFLOW_CTX_DAG_OWNER='FIRDAVS' AIRFLOW_CTX_DAG_ID='reports_workflow' AIRFLOW_CTX_TASK_ID='id_task_send_emails' AIRFLOW_CTX_EXECUTION_DATE='2024-07-08T08:40:00+00:00' AIRFLOW_CTX_TRY_NUMBER='1' AIRFLOW_CTX_DAG_RUN_ID='scheduled__2024-07-08T08:40:00+00:00'
[2024-07-08T08:45:06.382+0000] {logging_mixin.py:151} INFO - path of config file:  /opt/***
[2024-07-08T08:45:06.383+0000] {logging_mixin.py:151} INFO - #>2024-07-08 08:45:06.383092_User@StatDep: EmailRobot in screated.
[2024-07-08T08:45:06.383+0000] {logging_mixin.py:151} INFO - #>2024-07-08 08:45:06.383263_User@StatDep: send_validation_results is started...
[2024-07-08T08:45:06.394+0000] {logging_mixin.py:151} INFO -    #>2024-07-08 08:45:06.394634_conneciton to db is set.
[2024-07-08T08:45:06.397+0000] {logging_mixin.py:151} INFO -    #>2024-07-08 08:45:06.397322_cursor execution is successful.
[2024-07-08T08:45:06.397+0000] {logging_mixin.py:151} INFO -    There is no any new submissions found. The get_validation_results is over.
[2024-07-08T08:45:06.397+0000] {python.py:194} INFO - Done. Returned value was: True
[2024-07-08T08:45:06.419+0000] {taskinstance.py:1400} INFO - Marking task as SUCCESS. dag_id=reports_workflow, task_id=id_task_send_emails, execution_date=20240708T084000, start_date=20240708T084506, end_date=20240708T084506
[2024-07-08T08:45:06.472+0000] {local_task_job_runner.py:228} INFO - Task exited with return code 0
[2024-07-08T08:45:06.503+0000] {taskinstance.py:2784} INFO - 0 downstream tasks scheduled from follow-on schedule check
[2024-07-08T10:23:02.923+0000] {taskinstance.py:1159} INFO - Dependencies all met for dep_context=non-requeueable deps ti=<TaskInstance: reports_workflow.id_task_send_emails scheduled__2024-07-08T08:40:00+00:00 [queued]>
[2024-07-08T10:23:02.933+0000] {taskinstance.py:1159} INFO - Dependencies all met for dep_context=requeueable deps ti=<TaskInstance: reports_workflow.id_task_send_emails scheduled__2024-07-08T08:40:00+00:00 [queued]>
[2024-07-08T10:23:02.933+0000] {taskinstance.py:1361} INFO - Starting attempt 1 of 2
[2024-07-08T10:23:02.950+0000] {taskinstance.py:1382} INFO - Executing <Task(PythonOperator): id_task_send_emails> on 2024-07-08 08:40:00+00:00
[2024-07-08T10:23:02.955+0000] {standard_task_runner.py:57} INFO - Started process 8259 to run task
[2024-07-08T10:23:02.962+0000] {standard_task_runner.py:84} INFO - Running: ['***', 'tasks', 'run', 'reports_workflow', 'id_task_send_emails', 'scheduled__2024-07-08T08:40:00+00:00', '--job-id', '3869', '--raw', '--subdir', 'DAGS_FOLDER/dag_email_robot.py', '--cfg-path', '/tmp/tmp5dlaluep']
[2024-07-08T10:23:02.966+0000] {standard_task_runner.py:85} INFO - Job 3869: Subtask id_task_send_emails
[2024-07-08T10:23:03.041+0000] {task_command.py:415} INFO - Running <TaskInstance: reports_workflow.id_task_send_emails scheduled__2024-07-08T08:40:00+00:00 [running]> on host 6f4ef5488251
[2024-07-08T10:23:03.128+0000] {taskinstance.py:1660} INFO - Exporting env vars: AIRFLOW_CTX_DAG_OWNER='FIRDAVS' AIRFLOW_CTX_DAG_ID='reports_workflow' AIRFLOW_CTX_TASK_ID='id_task_send_emails' AIRFLOW_CTX_EXECUTION_DATE='2024-07-08T08:40:00+00:00' AIRFLOW_CTX_TRY_NUMBER='1' AIRFLOW_CTX_DAG_RUN_ID='scheduled__2024-07-08T08:40:00+00:00'
[2024-07-08T10:23:03.130+0000] {logging_mixin.py:151} INFO - path of config file:  /opt/***
[2024-07-08T10:23:03.131+0000] {logging_mixin.py:151} INFO - #>2024-07-08 10:23:03.131191_User@StatDep: EmailRobot in screated.
[2024-07-08T10:23:03.131+0000] {logging_mixin.py:151} INFO - #>2024-07-08 10:23:03.131541_User@StatDep: send_validation_results is started...
[2024-07-08T10:23:03.141+0000] {logging_mixin.py:151} INFO -    #>2024-07-08 10:23:03.141789_conneciton to db is set.
[2024-07-08T10:23:03.143+0000] {logging_mixin.py:151} INFO -    #>2024-07-08 10:23:03.143788_cursor execution is successful.
[2024-07-08T10:23:03.144+0000] {logging_mixin.py:151} INFO -    There is no any new submissions found. The get_validation_results is over.
[2024-07-08T10:23:03.144+0000] {python.py:194} INFO - Done. Returned value was: True
[2024-07-08T10:23:03.185+0000] {taskinstance.py:1400} INFO - Marking task as SUCCESS. dag_id=reports_workflow, task_id=id_task_send_emails, execution_date=20240708T084000, start_date=20240708T102302, end_date=20240708T102303
[2024-07-08T10:23:03.218+0000] {local_task_job_runner.py:228} INFO - Task exited with return code 0
[2024-07-08T10:23:03.287+0000] {taskinstance.py:2784} INFO - 0 downstream tasks scheduled from follow-on schedule check
