[2024-07-03T09:56:57.499+0000] {taskinstance.py:1159} INFO - Dependencies all met for dep_context=non-requeueable deps ti=<TaskInstance: reports_workflow.id_task_get_emails scheduled__2024-07-02T04:00:00+00:00 [queued]>
[2024-07-03T09:56:57.516+0000] {taskinstance.py:1159} INFO - Dependencies all met for dep_context=requeueable deps ti=<TaskInstance: reports_workflow.id_task_get_emails scheduled__2024-07-02T04:00:00+00:00 [queued]>
[2024-07-03T09:56:57.517+0000] {taskinstance.py:1361} INFO - Starting attempt 1 of 1
[2024-07-03T09:56:57.556+0000] {taskinstance.py:1382} INFO - Executing <Task(PythonOperator): id_task_get_emails> on 2024-07-02 04:00:00+00:00
[2024-07-03T09:56:57.563+0000] {standard_task_runner.py:57} INFO - Started process 20418 to run task
[2024-07-03T09:56:57.581+0000] {standard_task_runner.py:84} INFO - Running: ['***', 'tasks', 'run', 'reports_workflow', 'id_task_get_emails', 'scheduled__2024-07-02T04:00:00+00:00', '--job-id', '291', '--raw', '--subdir', 'DAGS_FOLDER/dag_email_robot.py', '--cfg-path', '/tmp/tmpkdczf1od']
[2024-07-03T09:56:57.582+0000] {standard_task_runner.py:85} INFO - Job 291: Subtask id_task_get_emails
[2024-07-03T09:56:57.677+0000] {task_command.py:415} INFO - Running <TaskInstance: reports_workflow.id_task_get_emails scheduled__2024-07-02T04:00:00+00:00 [running]> on host 6f4ef5488251
[2024-07-03T09:56:57.834+0000] {taskinstance.py:1660} INFO - Exporting env vars: AIRFLOW_CTX_DAG_OWNER='FIRDAVS' AIRFLOW_CTX_DAG_ID='reports_workflow' AIRFLOW_CTX_TASK_ID='id_task_get_emails' AIRFLOW_CTX_EXECUTION_DATE='2024-07-02T04:00:00+00:00' AIRFLOW_CTX_TRY_NUMBER='1' AIRFLOW_CTX_DAG_RUN_ID='scheduled__2024-07-02T04:00:00+00:00'
[2024-07-03T09:56:57.835+0000] {logging_mixin.py:151} INFO - path of config file:  /opt/***
[2024-07-03T09:56:57.835+0000] {taskinstance.py:1943} ERROR - Task failed with exception
Traceback (most recent call last):
  File "/home/airflow/.local/lib/python3.8/site-packages/airflow/operators/python.py", line 192, in execute
    return_value = self.execute_callable()
  File "/home/airflow/.local/lib/python3.8/site-packages/airflow/operators/python.py", line 209, in execute_callable
    return self.python_callable(*self.op_args, **self.op_kwargs)
  File "/opt/airflow/dags/dag_email_robot.py", line 22, in get_emails
    email_conf = json.load (open(path / ("config/email_conf.json")))
NameError: name 'json' is not defined
[2024-07-03T09:56:57.852+0000] {taskinstance.py:1400} INFO - Marking task as FAILED. dag_id=reports_workflow, task_id=id_task_get_emails, execution_date=20240702T040000, start_date=20240703T095657, end_date=20240703T095657
[2024-07-03T09:56:57.870+0000] {standard_task_runner.py:104} ERROR - Failed to execute job 291 for task id_task_get_emails (name 'json' is not defined; 20418)
[2024-07-03T09:56:57.914+0000] {local_task_job_runner.py:228} INFO - Task exited with return code 1
[2024-07-03T09:56:57.930+0000] {taskinstance.py:2784} INFO - 0 downstream tasks scheduled from follow-on schedule check
[2024-07-03T12:04:35.322+0000] {taskinstance.py:1159} INFO - Dependencies all met for dep_context=non-requeueable deps ti=<TaskInstance: reports_workflow.id_task_get_emails scheduled__2024-07-02T04:00:00+00:00 [queued]>
[2024-07-03T12:04:35.330+0000] {taskinstance.py:1159} INFO - Dependencies all met for dep_context=requeueable deps ti=<TaskInstance: reports_workflow.id_task_get_emails scheduled__2024-07-02T04:00:00+00:00 [queued]>
[2024-07-03T12:04:35.331+0000] {taskinstance.py:1361} INFO - Starting attempt 1 of 1
[2024-07-03T12:04:35.345+0000] {taskinstance.py:1382} INFO - Executing <Task(PythonOperator): id_task_get_emails> on 2024-07-02 04:00:00+00:00
[2024-07-03T12:04:35.350+0000] {standard_task_runner.py:57} INFO - Started process 23240 to run task
[2024-07-03T12:04:35.356+0000] {standard_task_runner.py:84} INFO - Running: ['***', 'tasks', 'run', 'reports_workflow', 'id_task_get_emails', 'scheduled__2024-07-02T04:00:00+00:00', '--job-id', '734', '--raw', '--subdir', 'DAGS_FOLDER/dag_email_robot.py', '--cfg-path', '/tmp/tmpdikmvkb_']
[2024-07-03T12:04:35.358+0000] {standard_task_runner.py:85} INFO - Job 734: Subtask id_task_get_emails
[2024-07-03T12:04:35.407+0000] {task_command.py:415} INFO - Running <TaskInstance: reports_workflow.id_task_get_emails scheduled__2024-07-02T04:00:00+00:00 [running]> on host 6f4ef5488251
[2024-07-03T12:04:35.480+0000] {taskinstance.py:1660} INFO - Exporting env vars: AIRFLOW_CTX_DAG_OWNER='FIRDAVS' AIRFLOW_CTX_DAG_ID='reports_workflow' AIRFLOW_CTX_TASK_ID='id_task_get_emails' AIRFLOW_CTX_EXECUTION_DATE='2024-07-02T04:00:00+00:00' AIRFLOW_CTX_TRY_NUMBER='1' AIRFLOW_CTX_DAG_RUN_ID='scheduled__2024-07-02T04:00:00+00:00'
[2024-07-03T12:04:35.481+0000] {logging_mixin.py:151} INFO - path of config file:  /opt/***
[2024-07-03T12:04:35.482+0000] {logging_mixin.py:151} INFO - #>2024-07-03 12:04:35.482785_User@StatDep: EmailRobot in screated.
[2024-07-03T12:04:35.483+0000] {logging_mixin.py:151} INFO - #>2024-07-03 12:04:35.483258_User@StatDep: get_for_recent_emails is started...
[2024-07-03T12:04:35.483+0000] {logging_mixin.py:151} INFO - #>2024-07-03 12:04:35.483665_User@StatDep: pop3_fetch_emails isstarted...
[2024-07-03T12:04:35.874+0000] {logging_mixin.py:151} INFO -    b'+OK'
[2024-07-03T12:04:36.269+0000] {logging_mixin.py:151} INFO -    mailbox have 1 emails and the robot can process 10
[2024-07-03T12:04:36.697+0000] {logging_mixin.py:151} INFO -    #>2024-07-03 12:04:36.697351_conneciton to db is set.
[2024-07-03T12:04:36.704+0000] {taskinstance.py:1943} ERROR - Task failed with exception
Traceback (most recent call last):
  File "/home/airflow/.local/lib/python3.8/site-packages/airflow/operators/python.py", line 192, in execute
    return_value = self.execute_callable()
  File "/home/airflow/.local/lib/python3.8/site-packages/airflow/operators/python.py", line 209, in execute_callable
    return self.python_callable(*self.op_args, **self.op_kwargs)
  File "/opt/airflow/dags/dag_email_robot.py", line 25, in get_emails
    robot.fetch_emails()
  File "/opt/airflow/dags/emailRobot.py", line 62, in fetch_emails
    return self.pop3_fetch_emails()
  File "/opt/airflow/dags/emailRobot.py", line 156, in pop3_fetch_emails
    cursor.execute (query, insert_values)
psycopg2.errors.UndefinedTable: relation "sma_stat_dep.tbl_file_upload" does not exist
LINE 1: ...) AS (INSERT INTO                                 sma_stat_d...
                                                             ^

[2024-07-03T12:04:36.723+0000] {taskinstance.py:1400} INFO - Marking task as FAILED. dag_id=reports_workflow, task_id=id_task_get_emails, execution_date=20240702T040000, start_date=20240703T120435, end_date=20240703T120436
[2024-07-03T12:04:36.734+0000] {standard_task_runner.py:104} ERROR - Failed to execute job 734 for task id_task_get_emails (relation "sma_stat_dep.tbl_file_upload" does not exist
LINE 1: ...) AS (INSERT INTO                                 sma_stat_d...
                                                             ^
; 23240)
[2024-07-03T12:04:36.776+0000] {local_task_job_runner.py:228} INFO - Task exited with return code 1
[2024-07-03T12:04:36.802+0000] {taskinstance.py:2784} INFO - 0 downstream tasks scheduled from follow-on schedule check
[2024-07-03T12:21:31.148+0000] {taskinstance.py:1159} INFO - Dependencies all met for dep_context=non-requeueable deps ti=<TaskInstance: reports_workflow.id_task_get_emails scheduled__2024-07-02T04:00:00+00:00 [queued]>
[2024-07-03T12:21:31.187+0000] {taskinstance.py:1159} INFO - Dependencies all met for dep_context=requeueable deps ti=<TaskInstance: reports_workflow.id_task_get_emails scheduled__2024-07-02T04:00:00+00:00 [queued]>
[2024-07-03T12:21:31.188+0000] {taskinstance.py:1361} INFO - Starting attempt 1 of 1
[2024-07-03T12:21:31.364+0000] {taskinstance.py:1382} INFO - Executing <Task(PythonOperator): id_task_get_emails> on 2024-07-02 04:00:00+00:00
[2024-07-03T12:21:31.371+0000] {standard_task_runner.py:57} INFO - Started process 24002 to run task
[2024-07-03T12:21:31.389+0000] {standard_task_runner.py:84} INFO - Running: ['***', 'tasks', 'run', 'reports_workflow', 'id_task_get_emails', 'scheduled__2024-07-02T04:00:00+00:00', '--job-id', '983', '--raw', '--subdir', 'DAGS_FOLDER/dag_email_robot.py', '--cfg-path', '/tmp/tmpfjo90xvt']
[2024-07-03T12:21:31.402+0000] {standard_task_runner.py:85} INFO - Job 983: Subtask id_task_get_emails
[2024-07-03T12:21:31.545+0000] {task_command.py:415} INFO - Running <TaskInstance: reports_workflow.id_task_get_emails scheduled__2024-07-02T04:00:00+00:00 [running]> on host 6f4ef5488251
[2024-07-03T12:21:31.831+0000] {taskinstance.py:1660} INFO - Exporting env vars: AIRFLOW_CTX_DAG_OWNER='FIRDAVS' AIRFLOW_CTX_DAG_ID='reports_workflow' AIRFLOW_CTX_TASK_ID='id_task_get_emails' AIRFLOW_CTX_EXECUTION_DATE='2024-07-02T04:00:00+00:00' AIRFLOW_CTX_TRY_NUMBER='1' AIRFLOW_CTX_DAG_RUN_ID='scheduled__2024-07-02T04:00:00+00:00'
[2024-07-03T12:21:31.832+0000] {logging_mixin.py:151} INFO - path of config file:  /opt/***
[2024-07-03T12:21:31.832+0000] {logging_mixin.py:151} INFO - #>2024-07-03 12:21:31.832737_User@StatDep: EmailRobot in screated.
[2024-07-03T12:21:31.832+0000] {logging_mixin.py:151} INFO - #>2024-07-03 12:21:31.832919_User@StatDep: get_for_recent_emails is started...
[2024-07-03T12:21:31.833+0000] {logging_mixin.py:151} INFO - #>2024-07-03 12:21:31.833055_User@StatDep: pop3_fetch_emails isstarted...
[2024-07-03T12:21:32.238+0000] {logging_mixin.py:151} INFO -    b'+OK'
[2024-07-03T12:21:32.604+0000] {logging_mixin.py:151} INFO -    mailbox have 0 emails and the robot can process 10
[2024-07-03T12:21:32.605+0000] {logging_mixin.py:151} INFO - #>2024-07-03 12:21:32.605143_User@StatDep: no emails to process, exiting pop3_fetch_emails()...
[2024-07-03T12:21:32.605+0000] {python.py:194} INFO - Done. Returned value was: True
[2024-07-03T12:21:32.652+0000] {taskinstance.py:1400} INFO - Marking task as SUCCESS. dag_id=reports_workflow, task_id=id_task_get_emails, execution_date=20240702T040000, start_date=20240703T122131, end_date=20240703T122132
[2024-07-03T12:21:32.716+0000] {local_task_job_runner.py:228} INFO - Task exited with return code 0
[2024-07-03T12:21:32.757+0000] {taskinstance.py:2784} INFO - 1 downstream tasks scheduled from follow-on schedule check
