[2024-07-03T09:56:33.805+0000] {taskinstance.py:1159} INFO - Dependencies all met for dep_context=non-requeueable deps ti=<TaskInstance: reports_workflow.id_task_get_emails scheduled__2024-07-02T00:30:00+00:00 [queued]>
[2024-07-03T09:56:33.829+0000] {taskinstance.py:1159} INFO - Dependencies all met for dep_context=requeueable deps ti=<TaskInstance: reports_workflow.id_task_get_emails scheduled__2024-07-02T00:30:00+00:00 [queued]>
[2024-07-03T09:56:33.829+0000] {taskinstance.py:1361} INFO - Starting attempt 1 of 1
[2024-07-03T09:56:33.879+0000] {taskinstance.py:1382} INFO - Executing <Task(PythonOperator): id_task_get_emails> on 2024-07-02 00:30:00+00:00
[2024-07-03T09:56:33.884+0000] {standard_task_runner.py:57} INFO - Started process 20328 to run task
[2024-07-03T09:56:33.913+0000] {standard_task_runner.py:84} INFO - Running: ['***', 'tasks', 'run', 'reports_workflow', 'id_task_get_emails', 'scheduled__2024-07-02T00:30:00+00:00', '--job-id', '249', '--raw', '--subdir', 'DAGS_FOLDER/dag_email_robot.py', '--cfg-path', '/tmp/tmphfo4o8gb']
[2024-07-03T09:56:33.915+0000] {standard_task_runner.py:85} INFO - Job 249: Subtask id_task_get_emails
[2024-07-03T09:56:34.063+0000] {task_command.py:415} INFO - Running <TaskInstance: reports_workflow.id_task_get_emails scheduled__2024-07-02T00:30:00+00:00 [running]> on host 6f4ef5488251
[2024-07-03T09:56:34.233+0000] {taskinstance.py:1660} INFO - Exporting env vars: AIRFLOW_CTX_DAG_OWNER='FIRDAVS' AIRFLOW_CTX_DAG_ID='reports_workflow' AIRFLOW_CTX_TASK_ID='id_task_get_emails' AIRFLOW_CTX_EXECUTION_DATE='2024-07-02T00:30:00+00:00' AIRFLOW_CTX_TRY_NUMBER='1' AIRFLOW_CTX_DAG_RUN_ID='scheduled__2024-07-02T00:30:00+00:00'
[2024-07-03T09:56:34.234+0000] {logging_mixin.py:151} INFO - path of config file:  /opt/***
[2024-07-03T09:56:34.235+0000] {taskinstance.py:1943} ERROR - Task failed with exception
Traceback (most recent call last):
  File "/home/airflow/.local/lib/python3.8/site-packages/airflow/operators/python.py", line 192, in execute
    return_value = self.execute_callable()
  File "/home/airflow/.local/lib/python3.8/site-packages/airflow/operators/python.py", line 209, in execute_callable
    return self.python_callable(*self.op_args, **self.op_kwargs)
  File "/opt/airflow/dags/dag_email_robot.py", line 22, in get_emails
    email_conf = json.load (open(path / ("config/email_conf.json")))
NameError: name 'json' is not defined
[2024-07-03T09:56:34.265+0000] {taskinstance.py:1400} INFO - Marking task as FAILED. dag_id=reports_workflow, task_id=id_task_get_emails, execution_date=20240702T003000, start_date=20240703T095633, end_date=20240703T095634
[2024-07-03T09:56:34.286+0000] {standard_task_runner.py:104} ERROR - Failed to execute job 249 for task id_task_get_emails (name 'json' is not defined; 20328)
[2024-07-03T09:56:34.305+0000] {local_task_job_runner.py:228} INFO - Task exited with return code 1
[2024-07-03T09:56:34.343+0000] {taskinstance.py:2784} INFO - 0 downstream tasks scheduled from follow-on schedule check
[2024-07-03T12:04:18.528+0000] {taskinstance.py:1159} INFO - Dependencies all met for dep_context=non-requeueable deps ti=<TaskInstance: reports_workflow.id_task_get_emails scheduled__2024-07-02T00:30:00+00:00 [queued]>
[2024-07-03T12:04:18.539+0000] {taskinstance.py:1159} INFO - Dependencies all met for dep_context=requeueable deps ti=<TaskInstance: reports_workflow.id_task_get_emails scheduled__2024-07-02T00:30:00+00:00 [queued]>
[2024-07-03T12:04:18.539+0000] {taskinstance.py:1361} INFO - Starting attempt 1 of 1
[2024-07-03T12:04:18.557+0000] {taskinstance.py:1382} INFO - Executing <Task(PythonOperator): id_task_get_emails> on 2024-07-02 00:30:00+00:00
[2024-07-03T12:04:18.568+0000] {standard_task_runner.py:57} INFO - Started process 23149 to run task
[2024-07-03T12:04:18.583+0000] {standard_task_runner.py:84} INFO - Running: ['***', 'tasks', 'run', 'reports_workflow', 'id_task_get_emails', 'scheduled__2024-07-02T00:30:00+00:00', '--job-id', '692', '--raw', '--subdir', 'DAGS_FOLDER/dag_email_robot.py', '--cfg-path', '/tmp/tmp9wj9ddil']
[2024-07-03T12:04:18.589+0000] {standard_task_runner.py:85} INFO - Job 692: Subtask id_task_get_emails
[2024-07-03T12:04:18.691+0000] {task_command.py:415} INFO - Running <TaskInstance: reports_workflow.id_task_get_emails scheduled__2024-07-02T00:30:00+00:00 [running]> on host 6f4ef5488251
[2024-07-03T12:04:18.804+0000] {taskinstance.py:1660} INFO - Exporting env vars: AIRFLOW_CTX_DAG_OWNER='FIRDAVS' AIRFLOW_CTX_DAG_ID='reports_workflow' AIRFLOW_CTX_TASK_ID='id_task_get_emails' AIRFLOW_CTX_EXECUTION_DATE='2024-07-02T00:30:00+00:00' AIRFLOW_CTX_TRY_NUMBER='1' AIRFLOW_CTX_DAG_RUN_ID='scheduled__2024-07-02T00:30:00+00:00'
[2024-07-03T12:04:18.805+0000] {logging_mixin.py:151} INFO - path of config file:  /opt/***
[2024-07-03T12:04:18.805+0000] {logging_mixin.py:151} INFO - #>2024-07-03 12:04:18.805740_User@StatDep: EmailRobot in screated.
[2024-07-03T12:04:18.805+0000] {logging_mixin.py:151} INFO - #>2024-07-03 12:04:18.805936_User@StatDep: get_for_recent_emails is started...
[2024-07-03T12:04:18.806+0000] {logging_mixin.py:151} INFO - #>2024-07-03 12:04:18.806070_User@StatDep: pop3_fetch_emails isstarted...
[2024-07-03T12:04:19.176+0000] {logging_mixin.py:151} INFO -    b'+OK'
[2024-07-03T12:04:19.546+0000] {logging_mixin.py:151} INFO -    mailbox have 1 emails and the robot can process 10
[2024-07-03T12:04:20.261+0000] {logging_mixin.py:151} INFO -    #>2024-07-03 12:04:20.261724_conneciton to db is set.
[2024-07-03T12:04:20.306+0000] {taskinstance.py:1943} ERROR - Task failed with exception
Traceback (most recent call last):
  File "/home/airflow/.local/lib/python3.8/site-packages/airflow/operators/python.py", line 192, in execute
    return_value = self.execute_callable()
  File "/home/airflow/.local/lib/python3.8/site-packages/airflow/operators/python.py", line 209, in execute_callable
    return self.python_callable(*self.op_args, **self.op_kwargs)
  File "/opt/airflow/dags/dag_email_robot.py", line 25, in get_emails
    robot.fetch_emails()
  File "/opt/airflow/dags/emailRobot.py", line 62, in fetch_emails
    return self.pop3_fetch_emails()
  File "/opt/airflow/dags/emailRobot.py", line 156, in pop3_fetch_emails
    cursor.execute (query, insert_values)
psycopg2.errors.UndefinedTable: relation "sma_stat_dep.tbl_file_upload" does not exist
LINE 1: ...) AS (INSERT INTO                                 sma_stat_d...
                                                             ^

[2024-07-03T12:04:20.347+0000] {taskinstance.py:1400} INFO - Marking task as FAILED. dag_id=reports_workflow, task_id=id_task_get_emails, execution_date=20240702T003000, start_date=20240703T120418, end_date=20240703T120420
[2024-07-03T12:04:20.409+0000] {standard_task_runner.py:104} ERROR - Failed to execute job 692 for task id_task_get_emails (relation "sma_stat_dep.tbl_file_upload" does not exist
LINE 1: ...) AS (INSERT INTO                                 sma_stat_d...
                                                             ^
; 23149)
[2024-07-03T12:04:20.443+0000] {local_task_job_runner.py:228} INFO - Task exited with return code 1
[2024-07-03T12:04:20.714+0000] {taskinstance.py:2784} INFO - 0 downstream tasks scheduled from follow-on schedule check
[2024-07-03T12:20:28.817+0000] {taskinstance.py:1159} INFO - Dependencies all met for dep_context=non-requeueable deps ti=<TaskInstance: reports_workflow.id_task_get_emails scheduled__2024-07-02T00:30:00+00:00 [queued]>
[2024-07-03T12:20:29.048+0000] {taskinstance.py:1159} INFO - Dependencies all met for dep_context=requeueable deps ti=<TaskInstance: reports_workflow.id_task_get_emails scheduled__2024-07-02T00:30:00+00:00 [queued]>
[2024-07-03T12:20:29.049+0000] {taskinstance.py:1361} INFO - Starting attempt 1 of 1
[2024-07-03T12:20:29.099+0000] {taskinstance.py:1382} INFO - Executing <Task(PythonOperator): id_task_get_emails> on 2024-07-02 00:30:00+00:00
[2024-07-03T12:20:29.109+0000] {standard_task_runner.py:57} INFO - Started process 23820 to run task
[2024-07-03T12:20:29.120+0000] {standard_task_runner.py:84} INFO - Running: ['***', 'tasks', 'run', 'reports_workflow', 'id_task_get_emails', 'scheduled__2024-07-02T00:30:00+00:00', '--job-id', '902', '--raw', '--subdir', 'DAGS_FOLDER/dag_email_robot.py', '--cfg-path', '/tmp/tmp2w1iw0ia']
[2024-07-03T12:20:29.122+0000] {standard_task_runner.py:85} INFO - Job 902: Subtask id_task_get_emails
[2024-07-03T12:20:29.231+0000] {task_command.py:415} INFO - Running <TaskInstance: reports_workflow.id_task_get_emails scheduled__2024-07-02T00:30:00+00:00 [running]> on host 6f4ef5488251
[2024-07-03T12:20:29.365+0000] {taskinstance.py:1660} INFO - Exporting env vars: AIRFLOW_CTX_DAG_OWNER='FIRDAVS' AIRFLOW_CTX_DAG_ID='reports_workflow' AIRFLOW_CTX_TASK_ID='id_task_get_emails' AIRFLOW_CTX_EXECUTION_DATE='2024-07-02T00:30:00+00:00' AIRFLOW_CTX_TRY_NUMBER='1' AIRFLOW_CTX_DAG_RUN_ID='scheduled__2024-07-02T00:30:00+00:00'
[2024-07-03T12:20:29.367+0000] {logging_mixin.py:151} INFO - path of config file:  /opt/***
[2024-07-03T12:20:29.370+0000] {logging_mixin.py:151} INFO - #>2024-07-03 12:20:29.370523_User@StatDep: EmailRobot in screated.
[2024-07-03T12:20:29.370+0000] {logging_mixin.py:151} INFO - #>2024-07-03 12:20:29.370740_User@StatDep: get_for_recent_emails is started...
[2024-07-03T12:20:29.370+0000] {logging_mixin.py:151} INFO - #>2024-07-03 12:20:29.370881_User@StatDep: pop3_fetch_emails isstarted...
[2024-07-03T12:20:29.765+0000] {logging_mixin.py:151} INFO -    b'+OK'
[2024-07-03T12:20:30.132+0000] {logging_mixin.py:151} INFO -    mailbox have 0 emails and the robot can process 10
[2024-07-03T12:20:30.132+0000] {logging_mixin.py:151} INFO - #>2024-07-03 12:20:30.132413_User@StatDep: no emails to process, exiting pop3_fetch_emails()...
[2024-07-03T12:20:30.132+0000] {python.py:194} INFO - Done. Returned value was: True
[2024-07-03T12:20:30.181+0000] {taskinstance.py:1400} INFO - Marking task as SUCCESS. dag_id=reports_workflow, task_id=id_task_get_emails, execution_date=20240702T003000, start_date=20240703T122029, end_date=20240703T122030
[2024-07-03T12:20:30.380+0000] {local_task_job_runner.py:228} INFO - Task exited with return code 0
[2024-07-03T12:20:30.467+0000] {taskinstance.py:2784} INFO - 1 downstream tasks scheduled from follow-on schedule check
