[2024-07-03T14:47:45.979+0000] {taskinstance.py:1159} INFO - Dependencies all met for dep_context=non-requeueable deps ti=<TaskInstance: reports_workflow.id_task_send_emails scheduled__2024-07-03T12:05:00+00:00 [queued]>
[2024-07-03T14:47:45.994+0000] {taskinstance.py:1159} INFO - Dependencies all met for dep_context=requeueable deps ti=<TaskInstance: reports_workflow.id_task_send_emails scheduled__2024-07-03T12:05:00+00:00 [queued]>
[2024-07-03T14:47:45.994+0000] {taskinstance.py:1361} INFO - Starting attempt 1 of 2
[2024-07-03T14:47:46.012+0000] {taskinstance.py:1382} INFO - Executing <Task(PythonOperator): id_task_send_emails> on 2024-07-03 12:05:00+00:00
[2024-07-03T14:47:46.017+0000] {standard_task_runner.py:57} INFO - Started process 28623 to run task
[2024-07-03T14:47:46.027+0000] {standard_task_runner.py:84} INFO - Running: ['***', 'tasks', 'run', 'reports_workflow', 'id_task_send_emails', 'scheduled__2024-07-03T12:05:00+00:00', '--job-id', '2187', '--raw', '--subdir', 'DAGS_FOLDER/dag_email_robot.py', '--cfg-path', '/tmp/tmpqa2ayr2i']
[2024-07-03T14:47:46.028+0000] {standard_task_runner.py:85} INFO - Job 2187: Subtask id_task_send_emails
[2024-07-03T14:47:46.109+0000] {task_command.py:415} INFO - Running <TaskInstance: reports_workflow.id_task_send_emails scheduled__2024-07-03T12:05:00+00:00 [running]> on host 6f4ef5488251
[2024-07-03T14:47:46.210+0000] {taskinstance.py:1660} INFO - Exporting env vars: AIRFLOW_CTX_DAG_OWNER='FIRDAVS' AIRFLOW_CTX_DAG_ID='reports_workflow' AIRFLOW_CTX_TASK_ID='id_task_send_emails' AIRFLOW_CTX_EXECUTION_DATE='2024-07-03T12:05:00+00:00' AIRFLOW_CTX_TRY_NUMBER='1' AIRFLOW_CTX_DAG_RUN_ID='scheduled__2024-07-03T12:05:00+00:00'
[2024-07-03T14:47:46.213+0000] {logging_mixin.py:151} INFO - path of config file:  /opt/***
[2024-07-03T14:47:46.214+0000] {logging_mixin.py:151} INFO - #>2024-07-03 14:47:46.214379_User@StatDep: EmailRobot in screated.
[2024-07-03T14:47:46.214+0000] {logging_mixin.py:151} INFO - #>2024-07-03 14:47:46.214819_User@StatDep: send_validation_results is started...
[2024-07-03T14:47:46.224+0000] {logging_mixin.py:151} INFO -    #>2024-07-03 14:47:46.224457_conneciton to db is set.
[2024-07-03T14:47:46.226+0000] {logging_mixin.py:151} INFO -    #>2024-07-03 14:47:46.226598_cursor execution is successful.
[2024-07-03T14:47:46.227+0000] {logging_mixin.py:151} INFO -    There is no any new submissions found. The get_validation_results is over.
[2024-07-03T14:47:46.227+0000] {python.py:194} INFO - Done. Returned value was: True
[2024-07-03T14:47:46.268+0000] {taskinstance.py:1400} INFO - Marking task as SUCCESS. dag_id=reports_workflow, task_id=id_task_send_emails, execution_date=20240703T120500, start_date=20240703T144745, end_date=20240703T144746
[2024-07-03T14:47:46.284+0000] {local_task_job_runner.py:228} INFO - Task exited with return code 0
[2024-07-03T14:47:46.303+0000] {taskinstance.py:2784} INFO - 0 downstream tasks scheduled from follow-on schedule check
[2024-07-03T14:48:20.974+0000] {taskinstance.py:1159} INFO - Dependencies all met for dep_context=non-requeueable deps ti=<TaskInstance: reports_workflow.id_task_send_emails scheduled__2024-07-03T12:05:00+00:00 [queued]>
[2024-07-03T14:48:21.009+0000] {taskinstance.py:1159} INFO - Dependencies all met for dep_context=requeueable deps ti=<TaskInstance: reports_workflow.id_task_send_emails scheduled__2024-07-03T12:05:00+00:00 [queued]>
[2024-07-03T14:48:21.009+0000] {taskinstance.py:1361} INFO - Starting attempt 1 of 2
[2024-07-03T14:48:21.070+0000] {taskinstance.py:1382} INFO - Executing <Task(PythonOperator): id_task_send_emails> on 2024-07-03 12:05:00+00:00
[2024-07-03T14:48:21.075+0000] {standard_task_runner.py:57} INFO - Started process 28778 to run task
[2024-07-03T14:48:21.089+0000] {standard_task_runner.py:84} INFO - Running: ['***', 'tasks', 'run', 'reports_workflow', 'id_task_send_emails', 'scheduled__2024-07-03T12:05:00+00:00', '--job-id', '2259', '--raw', '--subdir', 'DAGS_FOLDER/dag_email_robot.py', '--cfg-path', '/tmp/tmpacgx0qkc']
[2024-07-03T14:48:21.093+0000] {standard_task_runner.py:85} INFO - Job 2259: Subtask id_task_send_emails
[2024-07-03T14:48:21.224+0000] {task_command.py:415} INFO - Running <TaskInstance: reports_workflow.id_task_send_emails scheduled__2024-07-03T12:05:00+00:00 [running]> on host 6f4ef5488251
[2024-07-03T14:48:21.459+0000] {taskinstance.py:1660} INFO - Exporting env vars: AIRFLOW_CTX_DAG_OWNER='FIRDAVS' AIRFLOW_CTX_DAG_ID='reports_workflow' AIRFLOW_CTX_TASK_ID='id_task_send_emails' AIRFLOW_CTX_EXECUTION_DATE='2024-07-03T12:05:00+00:00' AIRFLOW_CTX_TRY_NUMBER='1' AIRFLOW_CTX_DAG_RUN_ID='scheduled__2024-07-03T12:05:00+00:00'
[2024-07-03T14:48:21.460+0000] {logging_mixin.py:151} INFO - path of config file:  /opt/***
[2024-07-03T14:48:21.460+0000] {logging_mixin.py:151} INFO - #>2024-07-03 14:48:21.460797_User@StatDep: EmailRobot in screated.
[2024-07-03T14:48:21.461+0000] {logging_mixin.py:151} INFO - #>2024-07-03 14:48:21.460998_User@StatDep: send_validation_results is started...
[2024-07-03T14:48:21.484+0000] {logging_mixin.py:151} INFO -    #>2024-07-03 14:48:21.484249_conneciton to db is set.
[2024-07-03T14:48:21.491+0000] {logging_mixin.py:151} INFO -    #>2024-07-03 14:48:21.491490_cursor execution is successful.
[2024-07-03T14:48:21.491+0000] {logging_mixin.py:151} INFO -    There is no any new submissions found. The get_validation_results is over.
[2024-07-03T14:48:21.493+0000] {python.py:194} INFO - Done. Returned value was: True
[2024-07-03T14:48:21.558+0000] {taskinstance.py:1400} INFO - Marking task as SUCCESS. dag_id=reports_workflow, task_id=id_task_send_emails, execution_date=20240703T120500, start_date=20240703T144820, end_date=20240703T144821
[2024-07-03T14:48:21.638+0000] {local_task_job_runner.py:228} INFO - Task exited with return code 0
[2024-07-03T14:48:21.769+0000] {taskinstance.py:2784} INFO - 0 downstream tasks scheduled from follow-on schedule check
[2024-07-03T14:55:35.026+0000] {taskinstance.py:1159} INFO - Dependencies all met for dep_context=non-requeueable deps ti=<TaskInstance: reports_workflow.id_task_send_emails scheduled__2024-07-03T12:05:00+00:00 [queued]>
[2024-07-03T14:55:35.053+0000] {taskinstance.py:1159} INFO - Dependencies all met for dep_context=requeueable deps ti=<TaskInstance: reports_workflow.id_task_send_emails scheduled__2024-07-03T12:05:00+00:00 [queued]>
[2024-07-03T14:55:35.054+0000] {taskinstance.py:1361} INFO - Starting attempt 1 of 2
[2024-07-03T14:55:35.185+0000] {taskinstance.py:1382} INFO - Executing <Task(PythonOperator): id_task_send_emails> on 2024-07-03 12:05:00+00:00
[2024-07-03T14:55:35.190+0000] {standard_task_runner.py:57} INFO - Started process 29025 to run task
[2024-07-03T14:55:35.209+0000] {standard_task_runner.py:84} INFO - Running: ['***', 'tasks', 'run', 'reports_workflow', 'id_task_send_emails', 'scheduled__2024-07-03T12:05:00+00:00', '--job-id', '2329', '--raw', '--subdir', 'DAGS_FOLDER/dag_email_robot.py', '--cfg-path', '/tmp/tmpy4akeyjf']
[2024-07-03T14:55:35.213+0000] {standard_task_runner.py:85} INFO - Job 2329: Subtask id_task_send_emails
[2024-07-03T14:55:35.319+0000] {task_command.py:415} INFO - Running <TaskInstance: reports_workflow.id_task_send_emails scheduled__2024-07-03T12:05:00+00:00 [running]> on host 6f4ef5488251
[2024-07-03T14:55:35.522+0000] {taskinstance.py:1660} INFO - Exporting env vars: AIRFLOW_CTX_DAG_OWNER='FIRDAVS' AIRFLOW_CTX_DAG_ID='reports_workflow' AIRFLOW_CTX_TASK_ID='id_task_send_emails' AIRFLOW_CTX_EXECUTION_DATE='2024-07-03T12:05:00+00:00' AIRFLOW_CTX_TRY_NUMBER='1' AIRFLOW_CTX_DAG_RUN_ID='scheduled__2024-07-03T12:05:00+00:00'
[2024-07-03T14:55:35.523+0000] {logging_mixin.py:151} INFO - path of config file:  /opt/***
[2024-07-03T14:55:35.524+0000] {logging_mixin.py:151} INFO - #>2024-07-03 14:55:35.524047_User@StatDep: EmailRobot in screated.
[2024-07-03T14:55:35.524+0000] {logging_mixin.py:151} INFO - #>2024-07-03 14:55:35.524231_User@StatDep: send_validation_results is started...
[2024-07-03T14:55:35.539+0000] {logging_mixin.py:151} INFO -    #>2024-07-03 14:55:35.538935_conneciton to db is set.
[2024-07-03T14:55:35.547+0000] {logging_mixin.py:151} INFO -    #>2024-07-03 14:55:35.547013_cursor execution is successful.
[2024-07-03T14:55:35.547+0000] {logging_mixin.py:151} INFO -    There is no any new submissions found. The get_validation_results is over.
[2024-07-03T14:55:35.547+0000] {python.py:194} INFO - Done. Returned value was: True
[2024-07-03T14:55:35.599+0000] {taskinstance.py:1400} INFO - Marking task as SUCCESS. dag_id=reports_workflow, task_id=id_task_send_emails, execution_date=20240703T120500, start_date=20240703T145535, end_date=20240703T145535
[2024-07-03T14:55:35.655+0000] {local_task_job_runner.py:228} INFO - Task exited with return code 0
[2024-07-03T14:55:35.684+0000] {taskinstance.py:2784} INFO - 0 downstream tasks scheduled from follow-on schedule check
