[2024-07-03T09:56:34.661+0000] {taskinstance.py:1159} INFO - Dependencies all met for dep_context=non-requeueable deps ti=<TaskInstance: reports_workflow.id_task_get_emails scheduled__2024-07-02T00:55:00+00:00 [queued]>
[2024-07-03T09:56:34.669+0000] {taskinstance.py:1159} INFO - Dependencies all met for dep_context=requeueable deps ti=<TaskInstance: reports_workflow.id_task_get_emails scheduled__2024-07-02T00:55:00+00:00 [queued]>
[2024-07-03T09:56:34.670+0000] {taskinstance.py:1361} INFO - Starting attempt 1 of 1
[2024-07-03T09:56:34.681+0000] {taskinstance.py:1382} INFO - Executing <Task(PythonOperator): id_task_get_emails> on 2024-07-02 00:55:00+00:00
[2024-07-03T09:56:34.686+0000] {standard_task_runner.py:57} INFO - Started process 20336 to run task
[2024-07-03T09:56:34.693+0000] {standard_task_runner.py:84} INFO - Running: ['***', 'tasks', 'run', 'reports_workflow', 'id_task_get_emails', 'scheduled__2024-07-02T00:55:00+00:00', '--job-id', '255', '--raw', '--subdir', 'DAGS_FOLDER/dag_email_robot.py', '--cfg-path', '/tmp/tmp371k9asb']
[2024-07-03T09:56:34.694+0000] {standard_task_runner.py:85} INFO - Job 255: Subtask id_task_get_emails
[2024-07-03T09:56:34.772+0000] {task_command.py:415} INFO - Running <TaskInstance: reports_workflow.id_task_get_emails scheduled__2024-07-02T00:55:00+00:00 [running]> on host 6f4ef5488251
[2024-07-03T09:56:34.841+0000] {taskinstance.py:1660} INFO - Exporting env vars: AIRFLOW_CTX_DAG_OWNER='FIRDAVS' AIRFLOW_CTX_DAG_ID='reports_workflow' AIRFLOW_CTX_TASK_ID='id_task_get_emails' AIRFLOW_CTX_EXECUTION_DATE='2024-07-02T00:55:00+00:00' AIRFLOW_CTX_TRY_NUMBER='1' AIRFLOW_CTX_DAG_RUN_ID='scheduled__2024-07-02T00:55:00+00:00'
[2024-07-03T09:56:34.842+0000] {logging_mixin.py:151} INFO - path of config file:  /opt/***
[2024-07-03T09:56:34.843+0000] {taskinstance.py:1943} ERROR - Task failed with exception
Traceback (most recent call last):
  File "/home/airflow/.local/lib/python3.8/site-packages/airflow/operators/python.py", line 192, in execute
    return_value = self.execute_callable()
  File "/home/airflow/.local/lib/python3.8/site-packages/airflow/operators/python.py", line 209, in execute_callable
    return self.python_callable(*self.op_args, **self.op_kwargs)
  File "/opt/airflow/dags/dag_email_robot.py", line 22, in get_emails
    email_conf = json.load (open(path / ("config/email_conf.json")))
NameError: name 'json' is not defined
[2024-07-03T09:56:34.850+0000] {taskinstance.py:1400} INFO - Marking task as FAILED. dag_id=reports_workflow, task_id=id_task_get_emails, execution_date=20240702T005500, start_date=20240703T095634, end_date=20240703T095634
[2024-07-03T09:56:34.861+0000] {standard_task_runner.py:104} ERROR - Failed to execute job 255 for task id_task_get_emails (name 'json' is not defined; 20336)
[2024-07-03T09:56:34.868+0000] {local_task_job_runner.py:228} INFO - Task exited with return code 1
[2024-07-03T09:56:34.889+0000] {taskinstance.py:2784} INFO - 0 downstream tasks scheduled from follow-on schedule check
[2024-07-03T12:04:19.432+0000] {taskinstance.py:1159} INFO - Dependencies all met for dep_context=non-requeueable deps ti=<TaskInstance: reports_workflow.id_task_get_emails scheduled__2024-07-02T00:55:00+00:00 [queued]>
[2024-07-03T12:04:19.473+0000] {taskinstance.py:1159} INFO - Dependencies all met for dep_context=requeueable deps ti=<TaskInstance: reports_workflow.id_task_get_emails scheduled__2024-07-02T00:55:00+00:00 [queued]>
[2024-07-03T12:04:19.481+0000] {taskinstance.py:1361} INFO - Starting attempt 1 of 1
[2024-07-03T12:04:19.553+0000] {taskinstance.py:1382} INFO - Executing <Task(PythonOperator): id_task_get_emails> on 2024-07-02 00:55:00+00:00
[2024-07-03T12:04:19.560+0000] {standard_task_runner.py:57} INFO - Started process 23165 to run task
[2024-07-03T12:04:19.572+0000] {standard_task_runner.py:84} INFO - Running: ['***', 'tasks', 'run', 'reports_workflow', 'id_task_get_emails', 'scheduled__2024-07-02T00:55:00+00:00', '--job-id', '697', '--raw', '--subdir', 'DAGS_FOLDER/dag_email_robot.py', '--cfg-path', '/tmp/tmp00s2idf4']
[2024-07-03T12:04:19.575+0000] {standard_task_runner.py:85} INFO - Job 697: Subtask id_task_get_emails
[2024-07-03T12:04:19.672+0000] {task_command.py:415} INFO - Running <TaskInstance: reports_workflow.id_task_get_emails scheduled__2024-07-02T00:55:00+00:00 [running]> on host 6f4ef5488251
[2024-07-03T12:04:19.933+0000] {taskinstance.py:1660} INFO - Exporting env vars: AIRFLOW_CTX_DAG_OWNER='FIRDAVS' AIRFLOW_CTX_DAG_ID='reports_workflow' AIRFLOW_CTX_TASK_ID='id_task_get_emails' AIRFLOW_CTX_EXECUTION_DATE='2024-07-02T00:55:00+00:00' AIRFLOW_CTX_TRY_NUMBER='1' AIRFLOW_CTX_DAG_RUN_ID='scheduled__2024-07-02T00:55:00+00:00'
[2024-07-03T12:04:19.934+0000] {logging_mixin.py:151} INFO - path of config file:  /opt/***
[2024-07-03T12:04:19.935+0000] {logging_mixin.py:151} INFO - #>2024-07-03 12:04:19.935201_User@StatDep: EmailRobot in screated.
[2024-07-03T12:04:19.935+0000] {logging_mixin.py:151} INFO - #>2024-07-03 12:04:19.935395_User@StatDep: get_for_recent_emails is started...
[2024-07-03T12:04:19.935+0000] {logging_mixin.py:151} INFO - #>2024-07-03 12:04:19.935536_User@StatDep: pop3_fetch_emails isstarted...
[2024-07-03T12:04:20.316+0000] {logging_mixin.py:151} INFO -    b'+OK'
[2024-07-03T12:04:20.785+0000] {logging_mixin.py:151} INFO -    mailbox have 1 emails and the robot can process 10
[2024-07-03T12:04:21.195+0000] {logging_mixin.py:151} INFO -    #>2024-07-03 12:04:21.194987_conneciton to db is set.
[2024-07-03T12:04:21.218+0000] {taskinstance.py:1943} ERROR - Task failed with exception
Traceback (most recent call last):
  File "/home/airflow/.local/lib/python3.8/site-packages/airflow/operators/python.py", line 192, in execute
    return_value = self.execute_callable()
  File "/home/airflow/.local/lib/python3.8/site-packages/airflow/operators/python.py", line 209, in execute_callable
    return self.python_callable(*self.op_args, **self.op_kwargs)
  File "/opt/airflow/dags/dag_email_robot.py", line 25, in get_emails
    robot.fetch_emails()
  File "/opt/airflow/dags/emailRobot.py", line 62, in fetch_emails
    return self.pop3_fetch_emails()
  File "/opt/airflow/dags/emailRobot.py", line 156, in pop3_fetch_emails
    cursor.execute (query, insert_values)
psycopg2.errors.UndefinedTable: relation "sma_stat_dep.tbl_file_upload" does not exist
LINE 1: ...) AS (INSERT INTO                                 sma_stat_d...
                                                             ^

[2024-07-03T12:04:21.239+0000] {taskinstance.py:1400} INFO - Marking task as FAILED. dag_id=reports_workflow, task_id=id_task_get_emails, execution_date=20240702T005500, start_date=20240703T120419, end_date=20240703T120421
[2024-07-03T12:04:21.267+0000] {standard_task_runner.py:104} ERROR - Failed to execute job 697 for task id_task_get_emails (relation "sma_stat_dep.tbl_file_upload" does not exist
LINE 1: ...) AS (INSERT INTO                                 sma_stat_d...
                                                             ^
; 23165)
[2024-07-03T12:04:21.319+0000] {local_task_job_runner.py:228} INFO - Task exited with return code 1
[2024-07-03T12:04:21.373+0000] {taskinstance.py:2784} INFO - 0 downstream tasks scheduled from follow-on schedule check
[2024-07-03T12:20:29.874+0000] {taskinstance.py:1159} INFO - Dependencies all met for dep_context=non-requeueable deps ti=<TaskInstance: reports_workflow.id_task_get_emails scheduled__2024-07-02T00:55:00+00:00 [queued]>
[2024-07-03T12:20:29.909+0000] {taskinstance.py:1159} INFO - Dependencies all met for dep_context=requeueable deps ti=<TaskInstance: reports_workflow.id_task_get_emails scheduled__2024-07-02T00:55:00+00:00 [queued]>
[2024-07-03T12:20:29.910+0000] {taskinstance.py:1361} INFO - Starting attempt 1 of 1
[2024-07-03T12:20:30.031+0000] {taskinstance.py:1382} INFO - Executing <Task(PythonOperator): id_task_get_emails> on 2024-07-02 00:55:00+00:00
[2024-07-03T12:20:30.041+0000] {standard_task_runner.py:57} INFO - Started process 23828 to run task
[2024-07-03T12:20:30.075+0000] {standard_task_runner.py:84} INFO - Running: ['***', 'tasks', 'run', 'reports_workflow', 'id_task_get_emails', 'scheduled__2024-07-02T00:55:00+00:00', '--job-id', '907', '--raw', '--subdir', 'DAGS_FOLDER/dag_email_robot.py', '--cfg-path', '/tmp/tmpm_rrrned']
[2024-07-03T12:20:30.076+0000] {standard_task_runner.py:85} INFO - Job 907: Subtask id_task_get_emails
[2024-07-03T12:20:30.223+0000] {task_command.py:415} INFO - Running <TaskInstance: reports_workflow.id_task_get_emails scheduled__2024-07-02T00:55:00+00:00 [running]> on host 6f4ef5488251
[2024-07-03T12:20:30.453+0000] {taskinstance.py:1660} INFO - Exporting env vars: AIRFLOW_CTX_DAG_OWNER='FIRDAVS' AIRFLOW_CTX_DAG_ID='reports_workflow' AIRFLOW_CTX_TASK_ID='id_task_get_emails' AIRFLOW_CTX_EXECUTION_DATE='2024-07-02T00:55:00+00:00' AIRFLOW_CTX_TRY_NUMBER='1' AIRFLOW_CTX_DAG_RUN_ID='scheduled__2024-07-02T00:55:00+00:00'
[2024-07-03T12:20:30.458+0000] {logging_mixin.py:151} INFO - path of config file:  /opt/***
[2024-07-03T12:20:30.459+0000] {logging_mixin.py:151} INFO - #>2024-07-03 12:20:30.459166_User@StatDep: EmailRobot in screated.
[2024-07-03T12:20:30.459+0000] {logging_mixin.py:151} INFO - #>2024-07-03 12:20:30.459348_User@StatDep: get_for_recent_emails is started...
[2024-07-03T12:20:30.459+0000] {logging_mixin.py:151} INFO - #>2024-07-03 12:20:30.459480_User@StatDep: pop3_fetch_emails isstarted...
[2024-07-03T12:20:30.849+0000] {logging_mixin.py:151} INFO -    b'+OK'
[2024-07-03T12:20:31.147+0000] {logging_mixin.py:151} INFO -    mailbox have 0 emails and the robot can process 10
[2024-07-03T12:20:31.147+0000] {logging_mixin.py:151} INFO - #>2024-07-03 12:20:31.147951_User@StatDep: no emails to process, exiting pop3_fetch_emails()...
[2024-07-03T12:20:31.148+0000] {python.py:194} INFO - Done. Returned value was: True
[2024-07-03T12:20:31.188+0000] {taskinstance.py:1400} INFO - Marking task as SUCCESS. dag_id=reports_workflow, task_id=id_task_get_emails, execution_date=20240702T005500, start_date=20240703T122029, end_date=20240703T122031
[2024-07-03T12:20:31.234+0000] {local_task_job_runner.py:228} INFO - Task exited with return code 0
[2024-07-03T12:20:31.286+0000] {taskinstance.py:2784} INFO - 1 downstream tasks scheduled from follow-on schedule check
