[2024-07-03T14:47:36.656+0000] {taskinstance.py:1159} INFO - Dependencies all met for dep_context=non-requeueable deps ti=<TaskInstance: reports_workflow.id_task_send_emails scheduled__2024-07-03T09:05:00+00:00 [queued]>
[2024-07-03T14:47:36.721+0000] {taskinstance.py:1159} INFO - Dependencies all met for dep_context=requeueable deps ti=<TaskInstance: reports_workflow.id_task_send_emails scheduled__2024-07-03T09:05:00+00:00 [queued]>
[2024-07-03T14:47:36.722+0000] {taskinstance.py:1361} INFO - Starting attempt 1 of 2
[2024-07-03T14:47:36.766+0000] {taskinstance.py:1382} INFO - Executing <Task(PythonOperator): id_task_send_emails> on 2024-07-03 09:05:00+00:00
[2024-07-03T14:47:36.777+0000] {standard_task_runner.py:57} INFO - Started process 28565 to run task
[2024-07-03T14:47:36.800+0000] {standard_task_runner.py:84} INFO - Running: ['***', 'tasks', 'run', 'reports_workflow', 'id_task_send_emails', 'scheduled__2024-07-03T09:05:00+00:00', '--job-id', '2160', '--raw', '--subdir', 'DAGS_FOLDER/dag_email_robot.py', '--cfg-path', '/tmp/tmpcm16w6jy']
[2024-07-03T14:47:36.801+0000] {standard_task_runner.py:85} INFO - Job 2160: Subtask id_task_send_emails
[2024-07-03T14:47:36.978+0000] {task_command.py:415} INFO - Running <TaskInstance: reports_workflow.id_task_send_emails scheduled__2024-07-03T09:05:00+00:00 [running]> on host 6f4ef5488251
[2024-07-03T14:47:37.186+0000] {taskinstance.py:1660} INFO - Exporting env vars: AIRFLOW_CTX_DAG_OWNER='FIRDAVS' AIRFLOW_CTX_DAG_ID='reports_workflow' AIRFLOW_CTX_TASK_ID='id_task_send_emails' AIRFLOW_CTX_EXECUTION_DATE='2024-07-03T09:05:00+00:00' AIRFLOW_CTX_TRY_NUMBER='1' AIRFLOW_CTX_DAG_RUN_ID='scheduled__2024-07-03T09:05:00+00:00'
[2024-07-03T14:47:37.189+0000] {logging_mixin.py:151} INFO - path of config file:  /opt/***
[2024-07-03T14:47:37.191+0000] {logging_mixin.py:151} INFO - #>2024-07-03 14:47:37.191499_User@StatDep: EmailRobot in screated.
[2024-07-03T14:47:37.192+0000] {logging_mixin.py:151} INFO - #>2024-07-03 14:47:37.192233_User@StatDep: send_validation_results is started...
[2024-07-03T14:47:37.214+0000] {logging_mixin.py:151} INFO -    #>2024-07-03 14:47:37.214772_conneciton to db is set.
[2024-07-03T14:47:37.218+0000] {logging_mixin.py:151} INFO -    #>2024-07-03 14:47:37.218722_cursor execution is successful.
[2024-07-03T14:47:37.219+0000] {logging_mixin.py:151} INFO -    There is no any new submissions found. The get_validation_results is over.
[2024-07-03T14:47:37.220+0000] {python.py:194} INFO - Done. Returned value was: True
[2024-07-03T14:47:37.260+0000] {taskinstance.py:1400} INFO - Marking task as SUCCESS. dag_id=reports_workflow, task_id=id_task_send_emails, execution_date=20240703T090500, start_date=20240703T144736, end_date=20240703T144737
[2024-07-03T14:47:37.312+0000] {local_task_job_runner.py:228} INFO - Task exited with return code 0
[2024-07-03T14:47:37.335+0000] {taskinstance.py:2784} INFO - 0 downstream tasks scheduled from follow-on schedule check
[2024-07-03T14:48:11.279+0000] {taskinstance.py:1159} INFO - Dependencies all met for dep_context=non-requeueable deps ti=<TaskInstance: reports_workflow.id_task_send_emails scheduled__2024-07-03T09:05:00+00:00 [queued]>
[2024-07-03T14:48:11.304+0000] {taskinstance.py:1159} INFO - Dependencies all met for dep_context=requeueable deps ti=<TaskInstance: reports_workflow.id_task_send_emails scheduled__2024-07-03T09:05:00+00:00 [queued]>
[2024-07-03T14:48:11.306+0000] {taskinstance.py:1361} INFO - Starting attempt 1 of 2
[2024-07-03T14:48:11.340+0000] {taskinstance.py:1382} INFO - Executing <Task(PythonOperator): id_task_send_emails> on 2024-07-03 09:05:00+00:00
[2024-07-03T14:48:11.344+0000] {standard_task_runner.py:57} INFO - Started process 28711 to run task
[2024-07-03T14:48:11.352+0000] {standard_task_runner.py:84} INFO - Running: ['***', 'tasks', 'run', 'reports_workflow', 'id_task_send_emails', 'scheduled__2024-07-03T09:05:00+00:00', '--job-id', '2232', '--raw', '--subdir', 'DAGS_FOLDER/dag_email_robot.py', '--cfg-path', '/tmp/tmpy80rbgv0']
[2024-07-03T14:48:11.353+0000] {standard_task_runner.py:85} INFO - Job 2232: Subtask id_task_send_emails
[2024-07-03T14:48:11.453+0000] {task_command.py:415} INFO - Running <TaskInstance: reports_workflow.id_task_send_emails scheduled__2024-07-03T09:05:00+00:00 [running]> on host 6f4ef5488251
[2024-07-03T14:48:11.567+0000] {taskinstance.py:1660} INFO - Exporting env vars: AIRFLOW_CTX_DAG_OWNER='FIRDAVS' AIRFLOW_CTX_DAG_ID='reports_workflow' AIRFLOW_CTX_TASK_ID='id_task_send_emails' AIRFLOW_CTX_EXECUTION_DATE='2024-07-03T09:05:00+00:00' AIRFLOW_CTX_TRY_NUMBER='1' AIRFLOW_CTX_DAG_RUN_ID='scheduled__2024-07-03T09:05:00+00:00'
[2024-07-03T14:48:11.568+0000] {logging_mixin.py:151} INFO - path of config file:  /opt/***
[2024-07-03T14:48:11.569+0000] {logging_mixin.py:151} INFO - #>2024-07-03 14:48:11.569180_User@StatDep: EmailRobot in screated.
[2024-07-03T14:48:11.569+0000] {logging_mixin.py:151} INFO - #>2024-07-03 14:48:11.569373_User@StatDep: send_validation_results is started...
[2024-07-03T14:48:11.580+0000] {logging_mixin.py:151} INFO -    #>2024-07-03 14:48:11.580389_conneciton to db is set.
[2024-07-03T14:48:11.582+0000] {logging_mixin.py:151} INFO -    #>2024-07-03 14:48:11.582294_cursor execution is successful.
[2024-07-03T14:48:11.582+0000] {logging_mixin.py:151} INFO -    There is no any new submissions found. The get_validation_results is over.
[2024-07-03T14:48:11.582+0000] {python.py:194} INFO - Done. Returned value was: True
[2024-07-03T14:48:11.609+0000] {taskinstance.py:1400} INFO - Marking task as SUCCESS. dag_id=reports_workflow, task_id=id_task_send_emails, execution_date=20240703T090500, start_date=20240703T144811, end_date=20240703T144811
[2024-07-03T14:48:11.644+0000] {local_task_job_runner.py:228} INFO - Task exited with return code 0
[2024-07-03T14:48:11.741+0000] {taskinstance.py:2784} INFO - 0 downstream tasks scheduled from follow-on schedule check
[2024-07-03T14:55:26.805+0000] {taskinstance.py:1159} INFO - Dependencies all met for dep_context=non-requeueable deps ti=<TaskInstance: reports_workflow.id_task_send_emails scheduled__2024-07-03T09:05:00+00:00 [queued]>
[2024-07-03T14:55:26.823+0000] {taskinstance.py:1159} INFO - Dependencies all met for dep_context=requeueable deps ti=<TaskInstance: reports_workflow.id_task_send_emails scheduled__2024-07-03T09:05:00+00:00 [queued]>
[2024-07-03T14:55:26.823+0000] {taskinstance.py:1361} INFO - Starting attempt 1 of 2
[2024-07-03T14:55:26.855+0000] {taskinstance.py:1382} INFO - Executing <Task(PythonOperator): id_task_send_emails> on 2024-07-03 09:05:00+00:00
[2024-07-03T14:55:26.870+0000] {standard_task_runner.py:57} INFO - Started process 28962 to run task
[2024-07-03T14:55:26.878+0000] {standard_task_runner.py:84} INFO - Running: ['***', 'tasks', 'run', 'reports_workflow', 'id_task_send_emails', 'scheduled__2024-07-03T09:05:00+00:00', '--job-id', '2298', '--raw', '--subdir', 'DAGS_FOLDER/dag_email_robot.py', '--cfg-path', '/tmp/tmp240_0xa5']
[2024-07-03T14:55:26.879+0000] {standard_task_runner.py:85} INFO - Job 2298: Subtask id_task_send_emails
[2024-07-03T14:55:27.002+0000] {task_command.py:415} INFO - Running <TaskInstance: reports_workflow.id_task_send_emails scheduled__2024-07-03T09:05:00+00:00 [running]> on host 6f4ef5488251
[2024-07-03T14:55:27.263+0000] {taskinstance.py:1660} INFO - Exporting env vars: AIRFLOW_CTX_DAG_OWNER='FIRDAVS' AIRFLOW_CTX_DAG_ID='reports_workflow' AIRFLOW_CTX_TASK_ID='id_task_send_emails' AIRFLOW_CTX_EXECUTION_DATE='2024-07-03T09:05:00+00:00' AIRFLOW_CTX_TRY_NUMBER='1' AIRFLOW_CTX_DAG_RUN_ID='scheduled__2024-07-03T09:05:00+00:00'
[2024-07-03T14:55:27.264+0000] {logging_mixin.py:151} INFO - path of config file:  /opt/***
[2024-07-03T14:55:27.265+0000] {logging_mixin.py:151} INFO - #>2024-07-03 14:55:27.265286_User@StatDep: EmailRobot in screated.
[2024-07-03T14:55:27.265+0000] {logging_mixin.py:151} INFO - #>2024-07-03 14:55:27.265483_User@StatDep: send_validation_results is started...
[2024-07-03T14:55:27.280+0000] {logging_mixin.py:151} INFO -    #>2024-07-03 14:55:27.280024_conneciton to db is set.
[2024-07-03T14:55:27.282+0000] {logging_mixin.py:151} INFO -    #>2024-07-03 14:55:27.282588_cursor execution is successful.
[2024-07-03T14:55:27.283+0000] {logging_mixin.py:151} INFO -    There is no any new submissions found. The get_validation_results is over.
[2024-07-03T14:55:27.285+0000] {python.py:194} INFO - Done. Returned value was: True
[2024-07-03T14:55:27.354+0000] {taskinstance.py:1400} INFO - Marking task as SUCCESS. dag_id=reports_workflow, task_id=id_task_send_emails, execution_date=20240703T090500, start_date=20240703T145526, end_date=20240703T145527
[2024-07-03T14:55:27.418+0000] {local_task_job_runner.py:228} INFO - Task exited with return code 0
[2024-07-03T14:55:27.445+0000] {taskinstance.py:2784} INFO - 0 downstream tasks scheduled from follow-on schedule check
