[2024-07-03T10:00:04.885+0000] {taskinstance.py:1159} INFO - Dependencies all met for dep_context=non-requeueable deps ti=<TaskInstance: reports_workflow.id_task_get_emails scheduled__2024-07-03T09:10:00+00:00 [queued]>
[2024-07-03T10:00:04.909+0000] {taskinstance.py:1159} INFO - Dependencies all met for dep_context=requeueable deps ti=<TaskInstance: reports_workflow.id_task_get_emails scheduled__2024-07-03T09:10:00+00:00 [queued]>
[2024-07-03T10:00:04.910+0000] {taskinstance.py:1361} INFO - Starting attempt 1 of 1
[2024-07-03T10:00:04.952+0000] {taskinstance.py:1382} INFO - Executing <Task(PythonOperator): id_task_get_emails> on 2024-07-03 09:10:00+00:00
[2024-07-03T10:00:04.958+0000] {standard_task_runner.py:57} INFO - Started process 21173 to run task
[2024-07-03T10:00:04.962+0000] {standard_task_runner.py:84} INFO - Running: ['***', 'tasks', 'run', 'reports_workflow', 'id_task_get_emails', 'scheduled__2024-07-03T09:10:00+00:00', '--job-id', '645', '--raw', '--subdir', 'DAGS_FOLDER/dag_email_robot.py', '--cfg-path', '/tmp/tmp0ez0pcw1']
[2024-07-03T10:00:04.963+0000] {standard_task_runner.py:85} INFO - Job 645: Subtask id_task_get_emails
[2024-07-03T10:00:05.111+0000] {task_command.py:415} INFO - Running <TaskInstance: reports_workflow.id_task_get_emails scheduled__2024-07-03T09:10:00+00:00 [running]> on host 6f4ef5488251
[2024-07-03T10:00:05.281+0000] {taskinstance.py:1660} INFO - Exporting env vars: AIRFLOW_CTX_DAG_OWNER='FIRDAVS' AIRFLOW_CTX_DAG_ID='reports_workflow' AIRFLOW_CTX_TASK_ID='id_task_get_emails' AIRFLOW_CTX_EXECUTION_DATE='2024-07-03T09:10:00+00:00' AIRFLOW_CTX_TRY_NUMBER='1' AIRFLOW_CTX_DAG_RUN_ID='scheduled__2024-07-03T09:10:00+00:00'
[2024-07-03T10:00:05.281+0000] {logging_mixin.py:151} INFO - path of config file:  /opt/***
[2024-07-03T10:00:05.282+0000] {logging_mixin.py:151} INFO - #>2024-07-03 10:00:05.282399_User@StatDep: EmailRobot in screated.
[2024-07-03T10:00:05.282+0000] {logging_mixin.py:151} INFO - #>2024-07-03 10:00:05.282576_User@StatDep: get_for_recent_emails is started...
[2024-07-03T10:00:05.282+0000] {logging_mixin.py:151} INFO - #>2024-07-03 10:00:05.282701_User@StatDep: pop3_fetch_emails isstarted...
[2024-07-03T10:00:05.682+0000] {logging_mixin.py:151} INFO -    b'+OK'
[2024-07-03T10:00:06.024+0000] {logging_mixin.py:151} INFO -    mailbox have 0 emails and the robot can process 10
[2024-07-03T10:00:06.025+0000] {logging_mixin.py:151} INFO - #>2024-07-03 10:00:06.024983_User@StatDep: no emails to process, exiting pop3_fetch_emails()...
[2024-07-03T10:00:06.025+0000] {python.py:194} INFO - Done. Returned value was: True
[2024-07-03T10:00:06.052+0000] {taskinstance.py:1400} INFO - Marking task as SUCCESS. dag_id=reports_workflow, task_id=id_task_get_emails, execution_date=20240703T091000, start_date=20240703T100004, end_date=20240703T100006
[2024-07-03T10:00:06.078+0000] {local_task_job_runner.py:228} INFO - Task exited with return code 0
[2024-07-03T10:00:06.101+0000] {taskinstance.py:2784} INFO - 0 downstream tasks scheduled from follow-on schedule check
[2024-07-03T14:47:33.712+0000] {taskinstance.py:1159} INFO - Dependencies all met for dep_context=non-requeueable deps ti=<TaskInstance: reports_workflow.id_task_get_emails scheduled__2024-07-03T09:10:00+00:00 [queued]>
[2024-07-03T14:47:33.732+0000] {taskinstance.py:1159} INFO - Dependencies all met for dep_context=requeueable deps ti=<TaskInstance: reports_workflow.id_task_get_emails scheduled__2024-07-03T09:10:00+00:00 [queued]>
[2024-07-03T14:47:33.732+0000] {taskinstance.py:1361} INFO - Starting attempt 1 of 2
[2024-07-03T14:47:33.770+0000] {taskinstance.py:1382} INFO - Executing <Task(PythonOperator): id_task_get_emails> on 2024-07-03 09:10:00+00:00
[2024-07-03T14:47:33.778+0000] {standard_task_runner.py:57} INFO - Started process 28535 to run task
[2024-07-03T14:47:33.796+0000] {standard_task_runner.py:84} INFO - Running: ['***', 'tasks', 'run', 'reports_workflow', 'id_task_get_emails', 'scheduled__2024-07-03T09:10:00+00:00', '--job-id', '2147', '--raw', '--subdir', 'DAGS_FOLDER/dag_email_robot.py', '--cfg-path', '/tmp/tmpvlzywia7']
[2024-07-03T14:47:33.810+0000] {standard_task_runner.py:85} INFO - Job 2147: Subtask id_task_get_emails
[2024-07-03T14:47:33.915+0000] {task_command.py:415} INFO - Running <TaskInstance: reports_workflow.id_task_get_emails scheduled__2024-07-03T09:10:00+00:00 [running]> on host 6f4ef5488251
[2024-07-03T14:47:34.136+0000] {taskinstance.py:1660} INFO - Exporting env vars: AIRFLOW_CTX_DAG_OWNER='FIRDAVS' AIRFLOW_CTX_DAG_ID='reports_workflow' AIRFLOW_CTX_TASK_ID='id_task_get_emails' AIRFLOW_CTX_EXECUTION_DATE='2024-07-03T09:10:00+00:00' AIRFLOW_CTX_TRY_NUMBER='1' AIRFLOW_CTX_DAG_RUN_ID='scheduled__2024-07-03T09:10:00+00:00'
[2024-07-03T14:47:34.136+0000] {logging_mixin.py:151} INFO - path of config file:  /opt/***
[2024-07-03T14:47:34.137+0000] {logging_mixin.py:151} INFO - #>2024-07-03 14:47:34.137476_User@StatDep: EmailRobot in screated.
[2024-07-03T14:47:34.137+0000] {logging_mixin.py:151} INFO - #>2024-07-03 14:47:34.137684_User@StatDep: get_for_recent_emails is started...
[2024-07-03T14:47:34.137+0000] {logging_mixin.py:151} INFO - #>2024-07-03 14:47:34.137825_User@StatDep: pop3_fetch_emails isstarted...
[2024-07-03T14:47:34.506+0000] {logging_mixin.py:151} INFO -    b'+OK'
[2024-07-03T14:47:34.797+0000] {logging_mixin.py:151} INFO -    mailbox have 0 emails and the robot can process 10
[2024-07-03T14:47:34.798+0000] {logging_mixin.py:151} INFO - #>2024-07-03 14:47:34.797995_User@StatDep: no emails to process, exiting pop3_fetch_emails()...
[2024-07-03T14:47:34.798+0000] {python.py:194} INFO - Done. Returned value was: True
[2024-07-03T14:47:34.844+0000] {taskinstance.py:1400} INFO - Marking task as SUCCESS. dag_id=reports_workflow, task_id=id_task_get_emails, execution_date=20240703T091000, start_date=20240703T144733, end_date=20240703T144734
[2024-07-03T14:47:34.897+0000] {local_task_job_runner.py:228} INFO - Task exited with return code 0
[2024-07-03T14:47:34.993+0000] {taskinstance.py:2784} INFO - 1 downstream tasks scheduled from follow-on schedule check
[2024-07-03T14:48:08.508+0000] {taskinstance.py:1159} INFO - Dependencies all met for dep_context=non-requeueable deps ti=<TaskInstance: reports_workflow.id_task_get_emails scheduled__2024-07-03T09:10:00+00:00 [queued]>
[2024-07-03T14:48:08.518+0000] {taskinstance.py:1159} INFO - Dependencies all met for dep_context=requeueable deps ti=<TaskInstance: reports_workflow.id_task_get_emails scheduled__2024-07-03T09:10:00+00:00 [queued]>
[2024-07-03T14:48:08.519+0000] {taskinstance.py:1361} INFO - Starting attempt 1 of 2
[2024-07-03T14:48:08.543+0000] {taskinstance.py:1382} INFO - Executing <Task(PythonOperator): id_task_get_emails> on 2024-07-03 09:10:00+00:00
[2024-07-03T14:48:08.547+0000] {standard_task_runner.py:57} INFO - Started process 28679 to run task
[2024-07-03T14:48:08.569+0000] {standard_task_runner.py:84} INFO - Running: ['***', 'tasks', 'run', 'reports_workflow', 'id_task_get_emails', 'scheduled__2024-07-03T09:10:00+00:00', '--job-id', '2215', '--raw', '--subdir', 'DAGS_FOLDER/dag_email_robot.py', '--cfg-path', '/tmp/tmp83k1tjxt']
[2024-07-03T14:48:08.571+0000] {standard_task_runner.py:85} INFO - Job 2215: Subtask id_task_get_emails
[2024-07-03T14:48:08.688+0000] {task_command.py:415} INFO - Running <TaskInstance: reports_workflow.id_task_get_emails scheduled__2024-07-03T09:10:00+00:00 [running]> on host 6f4ef5488251
[2024-07-03T14:48:08.869+0000] {taskinstance.py:1660} INFO - Exporting env vars: AIRFLOW_CTX_DAG_OWNER='FIRDAVS' AIRFLOW_CTX_DAG_ID='reports_workflow' AIRFLOW_CTX_TASK_ID='id_task_get_emails' AIRFLOW_CTX_EXECUTION_DATE='2024-07-03T09:10:00+00:00' AIRFLOW_CTX_TRY_NUMBER='1' AIRFLOW_CTX_DAG_RUN_ID='scheduled__2024-07-03T09:10:00+00:00'
[2024-07-03T14:48:08.870+0000] {logging_mixin.py:151} INFO - path of config file:  /opt/***
[2024-07-03T14:48:08.871+0000] {logging_mixin.py:151} INFO - #>2024-07-03 14:48:08.871005_User@StatDep: EmailRobot in screated.
[2024-07-03T14:48:08.871+0000] {logging_mixin.py:151} INFO - #>2024-07-03 14:48:08.871530_User@StatDep: get_for_recent_emails is started...
[2024-07-03T14:48:08.871+0000] {logging_mixin.py:151} INFO - #>2024-07-03 14:48:08.871702_User@StatDep: pop3_fetch_emails isstarted...
[2024-07-03T14:48:09.224+0000] {logging_mixin.py:151} INFO -    b'+OK'
[2024-07-03T14:48:09.558+0000] {logging_mixin.py:151} INFO -    mailbox have 0 emails and the robot can process 10
[2024-07-03T14:48:09.558+0000] {logging_mixin.py:151} INFO - #>2024-07-03 14:48:09.558461_User@StatDep: no emails to process, exiting pop3_fetch_emails()...
[2024-07-03T14:48:09.558+0000] {python.py:194} INFO - Done. Returned value was: True
[2024-07-03T14:48:09.613+0000] {taskinstance.py:1400} INFO - Marking task as SUCCESS. dag_id=reports_workflow, task_id=id_task_get_emails, execution_date=20240703T091000, start_date=20240703T144808, end_date=20240703T144809
[2024-07-03T14:48:09.651+0000] {local_task_job_runner.py:228} INFO - Task exited with return code 0
[2024-07-03T14:48:09.715+0000] {taskinstance.py:2784} INFO - 1 downstream tasks scheduled from follow-on schedule check
[2024-07-03T14:55:24.106+0000] {taskinstance.py:1159} INFO - Dependencies all met for dep_context=non-requeueable deps ti=<TaskInstance: reports_workflow.id_task_get_emails scheduled__2024-07-03T09:10:00+00:00 [queued]>
[2024-07-03T14:55:24.129+0000] {taskinstance.py:1159} INFO - Dependencies all met for dep_context=requeueable deps ti=<TaskInstance: reports_workflow.id_task_get_emails scheduled__2024-07-03T09:10:00+00:00 [queued]>
[2024-07-03T14:55:24.129+0000] {taskinstance.py:1361} INFO - Starting attempt 1 of 2
[2024-07-03T14:55:24.148+0000] {taskinstance.py:1382} INFO - Executing <Task(PythonOperator): id_task_get_emails> on 2024-07-03 09:10:00+00:00
[2024-07-03T14:55:24.154+0000] {standard_task_runner.py:57} INFO - Started process 28933 to run task
[2024-07-03T14:55:24.163+0000] {standard_task_runner.py:84} INFO - Running: ['***', 'tasks', 'run', 'reports_workflow', 'id_task_get_emails', 'scheduled__2024-07-03T09:10:00+00:00', '--job-id', '2285', '--raw', '--subdir', 'DAGS_FOLDER/dag_email_robot.py', '--cfg-path', '/tmp/tmphrd897br']
[2024-07-03T14:55:24.165+0000] {standard_task_runner.py:85} INFO - Job 2285: Subtask id_task_get_emails
[2024-07-03T14:55:24.237+0000] {task_command.py:415} INFO - Running <TaskInstance: reports_workflow.id_task_get_emails scheduled__2024-07-03T09:10:00+00:00 [running]> on host 6f4ef5488251
[2024-07-03T14:55:24.361+0000] {taskinstance.py:1660} INFO - Exporting env vars: AIRFLOW_CTX_DAG_OWNER='FIRDAVS' AIRFLOW_CTX_DAG_ID='reports_workflow' AIRFLOW_CTX_TASK_ID='id_task_get_emails' AIRFLOW_CTX_EXECUTION_DATE='2024-07-03T09:10:00+00:00' AIRFLOW_CTX_TRY_NUMBER='1' AIRFLOW_CTX_DAG_RUN_ID='scheduled__2024-07-03T09:10:00+00:00'
[2024-07-03T14:55:24.361+0000] {logging_mixin.py:151} INFO - path of config file:  /opt/***
[2024-07-03T14:55:24.364+0000] {logging_mixin.py:151} INFO - #>2024-07-03 14:55:24.362496_User@StatDep: EmailRobot in screated.
[2024-07-03T14:55:24.365+0000] {logging_mixin.py:151} INFO - #>2024-07-03 14:55:24.365163_User@StatDep: get_for_recent_emails is started...
[2024-07-03T14:55:24.365+0000] {logging_mixin.py:151} INFO - #>2024-07-03 14:55:24.365310_User@StatDep: pop3_fetch_emails isstarted...
[2024-07-03T14:55:24.745+0000] {logging_mixin.py:151} INFO -    b'+OK'
[2024-07-03T14:55:25.079+0000] {logging_mixin.py:151} INFO -    mailbox have 0 emails and the robot can process 10
[2024-07-03T14:55:25.080+0000] {logging_mixin.py:151} INFO - #>2024-07-03 14:55:25.080225_User@StatDep: no emails to process, exiting pop3_fetch_emails()...
[2024-07-03T14:55:25.080+0000] {python.py:194} INFO - Done. Returned value was: True
[2024-07-03T14:55:25.126+0000] {taskinstance.py:1400} INFO - Marking task as SUCCESS. dag_id=reports_workflow, task_id=id_task_get_emails, execution_date=20240703T091000, start_date=20240703T145524, end_date=20240703T145525
[2024-07-03T14:55:25.203+0000] {local_task_job_runner.py:228} INFO - Task exited with return code 0
[2024-07-03T14:55:25.313+0000] {taskinstance.py:2784} INFO - 0 downstream tasks scheduled from follow-on schedule check
