[2024-08-02T09:42:47.586+0000] {taskinstance.py:1159} INFO - Dependencies all met for dep_context=non-requeueable deps ti=<TaskInstance: reports_workflow.id_task_get_emails manual__2024-08-02T09:42:45.919509+00:00 [queued]>
[2024-08-02T09:42:47.594+0000] {taskinstance.py:1159} INFO - Dependencies all met for dep_context=requeueable deps ti=<TaskInstance: reports_workflow.id_task_get_emails manual__2024-08-02T09:42:45.919509+00:00 [queued]>
[2024-08-02T09:42:47.594+0000] {taskinstance.py:1361} INFO - Starting attempt 1 of 2
[2024-08-02T09:42:47.609+0000] {taskinstance.py:1382} INFO - Executing <Task(PythonOperator): id_task_get_emails> on 2024-08-02 09:42:45.919509+00:00
[2024-08-02T09:42:47.615+0000] {standard_task_runner.py:57} INFO - Started process 68962 to run task
[2024-08-02T09:42:47.622+0000] {standard_task_runner.py:84} INFO - Running: ['***', 'tasks', 'run', 'reports_workflow', 'id_task_get_emails', 'manual__2024-08-02T09:42:45.919509+00:00', '--job-id', '1918', '--raw', '--subdir', 'DAGS_FOLDER/dag_stat_report.py', '--cfg-path', '/tmp/tmp4zljob7n']
[2024-08-02T09:42:47.626+0000] {standard_task_runner.py:85} INFO - Job 1918: Subtask id_task_get_emails
[2024-08-02T09:42:47.746+0000] {task_command.py:415} INFO - Running <TaskInstance: reports_workflow.id_task_get_emails manual__2024-08-02T09:42:45.919509+00:00 [running]> on host 6bb718ab9b8f
[2024-08-02T09:42:47.910+0000] {taskinstance.py:1660} INFO - Exporting env vars: AIRFLOW_CTX_DAG_OWNER='FIRDAVS' AIRFLOW_CTX_DAG_ID='reports_workflow' AIRFLOW_CTX_TASK_ID='id_task_get_emails' AIRFLOW_CTX_EXECUTION_DATE='2024-08-02T09:42:45.919509+00:00' AIRFLOW_CTX_TRY_NUMBER='1' AIRFLOW_CTX_DAG_RUN_ID='manual__2024-08-02T09:42:45.919509+00:00'
[2024-08-02T09:42:47.914+0000] {logging_mixin.py:151} INFO - path of config file:  /opt/***
[2024-08-02T09:42:47.915+0000] {logging_mixin.py:151} INFO - #>2024-08-02 09:42:47.915203_User@StatDep: EmailRobot in screated.
[2024-08-02T09:42:47.915+0000] {logging_mixin.py:151} INFO - #>2024-08-02 09:42:47.915410_User@StatDep: get_for_recent_emails is started...
[2024-08-02T09:42:47.915+0000] {logging_mixin.py:151} INFO - #>2024-08-02 09:42:47.915543_User@StatDep: pop3_fetch_emails isstarted...
[2024-08-02T09:42:48.417+0000] {logging_mixin.py:151} INFO -    b'+OK'
[2024-08-02T09:42:48.838+0000] {logging_mixin.py:151} INFO -    mailbox have 1 emails and the robot can process 10
[2024-08-02T09:42:50.104+0000] {logging_mixin.py:151} INFO -    #>2024-08-02 09:42:50.104446_conneciton to db is set.
[2024-08-02T09:42:50.148+0000] {logging_mixin.py:151} INFO -    #>2024-08-02 09:42:50.148479_cursor execution is successful.
[2024-08-02T09:42:50.151+0000] {logging_mixin.py:151} INFO -    Email from 2024-08-02 12:42:38,  Мунис Пиров <3d_0001@mail.ru>  with statis 1 and attachement name 4K.v0.5707.30062024.xlsx uploaded to db
[2024-08-02T09:42:50.225+0000] {logging_mixin.py:151} INFO -    deletion of email after inserting into database +OK message 1 deleted
[2024-08-02T09:42:50.305+0000] {logging_mixin.py:151} INFO - #>2024-08-02 09:42:50.305360_User@StatDep: pop3_fetch_emails is successful.
[2024-08-02T09:42:50.306+0000] {python.py:194} INFO - Done. Returned value was: True
[2024-08-02T09:42:50.337+0000] {taskinstance.py:1400} INFO - Marking task as SUCCESS. dag_id=reports_workflow, task_id=id_task_get_emails, execution_date=20240802T094245, start_date=20240802T094247, end_date=20240802T094250
[2024-08-02T09:42:50.364+0000] {local_task_job_runner.py:228} INFO - Task exited with return code 0
[2024-08-02T09:42:50.393+0000] {taskinstance.py:2784} INFO - 1 downstream tasks scheduled from follow-on schedule check
