[2024-07-04T05:08:17.970+0000] {taskinstance.py:1159} INFO - Dependencies all met for dep_context=non-requeueable deps ti=<TaskInstance: reports_workflow.id_task_get_emails scheduled__2024-07-04T04:30:00+00:00 [queued]>
[2024-07-04T05:08:17.997+0000] {taskinstance.py:1159} INFO - Dependencies all met for dep_context=requeueable deps ti=<TaskInstance: reports_workflow.id_task_get_emails scheduled__2024-07-04T04:30:00+00:00 [queued]>
[2024-07-04T05:08:17.997+0000] {taskinstance.py:1361} INFO - Starting attempt 1 of 2
[2024-07-04T05:08:18.055+0000] {taskinstance.py:1382} INFO - Executing <Task(PythonOperator): id_task_get_emails> on 2024-07-04 04:30:00+00:00
[2024-07-04T05:08:18.061+0000] {standard_task_runner.py:57} INFO - Started process 42213 to run task
[2024-07-04T05:08:18.081+0000] {standard_task_runner.py:84} INFO - Running: ['***', 'tasks', 'run', 'reports_workflow', 'id_task_get_emails', 'scheduled__2024-07-04T04:30:00+00:00', '--job-id', '2403', '--raw', '--subdir', 'DAGS_FOLDER/dag_email_robot.py', '--cfg-path', '/tmp/tmp5ned1u_o']
[2024-07-04T05:08:18.084+0000] {standard_task_runner.py:85} INFO - Job 2403: Subtask id_task_get_emails
[2024-07-04T05:08:18.231+0000] {task_command.py:415} INFO - Running <TaskInstance: reports_workflow.id_task_get_emails scheduled__2024-07-04T04:30:00+00:00 [running]> on host 6f4ef5488251
[2024-07-04T05:08:18.386+0000] {taskinstance.py:1660} INFO - Exporting env vars: AIRFLOW_CTX_DAG_OWNER='FIRDAVS' AIRFLOW_CTX_DAG_ID='reports_workflow' AIRFLOW_CTX_TASK_ID='id_task_get_emails' AIRFLOW_CTX_EXECUTION_DATE='2024-07-04T04:30:00+00:00' AIRFLOW_CTX_TRY_NUMBER='1' AIRFLOW_CTX_DAG_RUN_ID='scheduled__2024-07-04T04:30:00+00:00'
[2024-07-04T05:08:18.389+0000] {logging_mixin.py:151} INFO - path of config file:  /opt/***
[2024-07-04T05:08:18.390+0000] {logging_mixin.py:151} INFO - #>2024-07-04 05:08:18.390065_User@StatDep: EmailRobot in screated.
[2024-07-04T05:08:18.390+0000] {logging_mixin.py:151} INFO - #>2024-07-04 05:08:18.390425_User@StatDep: get_for_recent_emails is started...
[2024-07-04T05:08:18.390+0000] {logging_mixin.py:151} INFO - #>2024-07-04 05:08:18.390648_User@StatDep: pop3_fetch_emails isstarted...
[2024-07-04T05:08:18.810+0000] {logging_mixin.py:151} INFO -    b'+OK'
[2024-07-04T05:08:19.189+0000] {logging_mixin.py:151} INFO -    mailbox have 0 emails and the robot can process 10
[2024-07-04T05:08:19.189+0000] {logging_mixin.py:151} INFO - #>2024-07-04 05:08:19.189672_User@StatDep: no emails to process, exiting pop3_fetch_emails()...
[2024-07-04T05:08:19.190+0000] {python.py:194} INFO - Done. Returned value was: True
[2024-07-04T05:08:19.245+0000] {taskinstance.py:1400} INFO - Marking task as SUCCESS. dag_id=reports_workflow, task_id=id_task_get_emails, execution_date=20240704T043000, start_date=20240704T050817, end_date=20240704T050819
[2024-07-04T05:08:19.300+0000] {local_task_job_runner.py:228} INFO - Task exited with return code 0
[2024-07-04T05:08:19.334+0000] {taskinstance.py:2784} INFO - 1 downstream tasks scheduled from follow-on schedule check
[2024-07-04T05:31:39.974+0000] {taskinstance.py:1159} INFO - Dependencies all met for dep_context=non-requeueable deps ti=<TaskInstance: reports_workflow.id_task_get_emails scheduled__2024-07-04T04:30:00+00:00 [queued]>
[2024-07-04T05:31:39.998+0000] {taskinstance.py:1159} INFO - Dependencies all met for dep_context=requeueable deps ti=<TaskInstance: reports_workflow.id_task_get_emails scheduled__2024-07-04T04:30:00+00:00 [queued]>
[2024-07-04T05:31:39.998+0000] {taskinstance.py:1361} INFO - Starting attempt 1 of 2
[2024-07-04T05:31:40.148+0000] {taskinstance.py:1382} INFO - Executing <Task(PythonOperator): id_task_get_emails> on 2024-07-04 04:30:00+00:00
[2024-07-04T05:31:40.154+0000] {standard_task_runner.py:57} INFO - Started process 42650 to run task
[2024-07-04T05:31:40.188+0000] {standard_task_runner.py:84} INFO - Running: ['***', 'tasks', 'run', 'reports_workflow', 'id_task_get_emails', 'scheduled__2024-07-04T04:30:00+00:00', '--job-id', '2438', '--raw', '--subdir', 'DAGS_FOLDER/dag_email_robot.py', '--cfg-path', '/tmp/tmptjvcemtm']
[2024-07-04T05:31:40.193+0000] {standard_task_runner.py:85} INFO - Job 2438: Subtask id_task_get_emails
[2024-07-04T05:31:40.412+0000] {task_command.py:415} INFO - Running <TaskInstance: reports_workflow.id_task_get_emails scheduled__2024-07-04T04:30:00+00:00 [running]> on host 6f4ef5488251
[2024-07-04T05:31:40.751+0000] {taskinstance.py:1660} INFO - Exporting env vars: AIRFLOW_CTX_DAG_OWNER='FIRDAVS' AIRFLOW_CTX_DAG_ID='reports_workflow' AIRFLOW_CTX_TASK_ID='id_task_get_emails' AIRFLOW_CTX_EXECUTION_DATE='2024-07-04T04:30:00+00:00' AIRFLOW_CTX_TRY_NUMBER='1' AIRFLOW_CTX_DAG_RUN_ID='scheduled__2024-07-04T04:30:00+00:00'
[2024-07-04T05:31:40.752+0000] {logging_mixin.py:151} INFO - path of config file:  /opt/***
[2024-07-04T05:31:40.753+0000] {logging_mixin.py:151} INFO - #>2024-07-04 05:31:40.753341_User@StatDep: EmailRobot in screated.
[2024-07-04T05:31:40.753+0000] {logging_mixin.py:151} INFO - #>2024-07-04 05:31:40.753527_User@StatDep: get_for_recent_emails is started...
[2024-07-04T05:31:40.753+0000] {logging_mixin.py:151} INFO - #>2024-07-04 05:31:40.753658_User@StatDep: pop3_fetch_emails isstarted...
[2024-07-04T05:31:41.140+0000] {logging_mixin.py:151} INFO -    b'+OK'
[2024-07-04T05:31:41.510+0000] {logging_mixin.py:151} INFO -    mailbox have 0 emails and the robot can process 10
[2024-07-04T05:31:41.510+0000] {logging_mixin.py:151} INFO - #>2024-07-04 05:31:41.510303_User@StatDep: no emails to process, exiting pop3_fetch_emails()...
[2024-07-04T05:31:41.510+0000] {python.py:194} INFO - Done. Returned value was: True
[2024-07-04T05:31:41.533+0000] {taskinstance.py:1400} INFO - Marking task as SUCCESS. dag_id=reports_workflow, task_id=id_task_get_emails, execution_date=20240704T043000, start_date=20240704T053139, end_date=20240704T053141
[2024-07-04T05:31:41.549+0000] {local_task_job_runner.py:228} INFO - Task exited with return code 0
[2024-07-04T05:31:41.683+0000] {taskinstance.py:2784} INFO - 0 downstream tasks scheduled from follow-on schedule check
[2024-07-04T05:34:53.876+0000] {taskinstance.py:1159} INFO - Dependencies all met for dep_context=non-requeueable deps ti=<TaskInstance: reports_workflow.id_task_get_emails scheduled__2024-07-04T04:30:00+00:00 [queued]>
[2024-07-04T05:34:53.901+0000] {taskinstance.py:1159} INFO - Dependencies all met for dep_context=requeueable deps ti=<TaskInstance: reports_workflow.id_task_get_emails scheduled__2024-07-04T04:30:00+00:00 [queued]>
[2024-07-04T05:34:53.901+0000] {taskinstance.py:1361} INFO - Starting attempt 1 of 2
[2024-07-04T05:34:53.971+0000] {taskinstance.py:1382} INFO - Executing <Task(PythonOperator): id_task_get_emails> on 2024-07-04 04:30:00+00:00
[2024-07-04T05:34:53.980+0000] {standard_task_runner.py:57} INFO - Started process 42803 to run task
[2024-07-04T05:34:53.990+0000] {standard_task_runner.py:84} INFO - Running: ['***', 'tasks', 'run', 'reports_workflow', 'id_task_get_emails', 'scheduled__2024-07-04T04:30:00+00:00', '--job-id', '2493', '--raw', '--subdir', 'DAGS_FOLDER/dag_email_robot.py', '--cfg-path', '/tmp/tmp1vju65n6']
[2024-07-04T05:34:53.997+0000] {standard_task_runner.py:85} INFO - Job 2493: Subtask id_task_get_emails
[2024-07-04T05:34:54.153+0000] {task_command.py:415} INFO - Running <TaskInstance: reports_workflow.id_task_get_emails scheduled__2024-07-04T04:30:00+00:00 [running]> on host 6f4ef5488251
[2024-07-04T05:34:54.361+0000] {taskinstance.py:1660} INFO - Exporting env vars: AIRFLOW_CTX_DAG_OWNER='FIRDAVS' AIRFLOW_CTX_DAG_ID='reports_workflow' AIRFLOW_CTX_TASK_ID='id_task_get_emails' AIRFLOW_CTX_EXECUTION_DATE='2024-07-04T04:30:00+00:00' AIRFLOW_CTX_TRY_NUMBER='1' AIRFLOW_CTX_DAG_RUN_ID='scheduled__2024-07-04T04:30:00+00:00'
[2024-07-04T05:34:54.366+0000] {logging_mixin.py:151} INFO - path of config file:  /opt/***
[2024-07-04T05:34:54.366+0000] {logging_mixin.py:151} INFO - #>2024-07-04 05:34:54.366925_User@StatDep: EmailRobot in screated.
[2024-07-04T05:34:54.367+0000] {logging_mixin.py:151} INFO - #>2024-07-04 05:34:54.367121_User@StatDep: get_for_recent_emails is started...
[2024-07-04T05:34:54.367+0000] {logging_mixin.py:151} INFO - #>2024-07-04 05:34:54.367252_User@StatDep: pop3_fetch_emails isstarted...
[2024-07-04T05:34:54.765+0000] {logging_mixin.py:151} INFO -    b'+OK'
[2024-07-04T05:34:55.100+0000] {logging_mixin.py:151} INFO -    mailbox have 0 emails and the robot can process 10
[2024-07-04T05:34:55.101+0000] {logging_mixin.py:151} INFO - #>2024-07-04 05:34:55.100975_User@StatDep: no emails to process, exiting pop3_fetch_emails()...
[2024-07-04T05:34:55.101+0000] {python.py:194} INFO - Done. Returned value was: True
[2024-07-04T05:34:55.122+0000] {taskinstance.py:1400} INFO - Marking task as SUCCESS. dag_id=reports_workflow, task_id=id_task_get_emails, execution_date=20240704T043000, start_date=20240704T053453, end_date=20240704T053455
[2024-07-04T05:34:55.144+0000] {local_task_job_runner.py:228} INFO - Task exited with return code 0
[2024-07-04T05:34:55.166+0000] {taskinstance.py:2784} INFO - 1 downstream tasks scheduled from follow-on schedule check
