[2024-07-03T09:58:24.312+0000] {taskinstance.py:1159} INFO - Dependencies all met for dep_context=non-requeueable deps ti=<TaskInstance: reports_workflow.id_task_get_emails scheduled__2024-07-02T18:15:00+00:00 [queued]>
[2024-07-03T09:58:24.330+0000] {taskinstance.py:1159} INFO - Dependencies all met for dep_context=requeueable deps ti=<TaskInstance: reports_workflow.id_task_get_emails scheduled__2024-07-02T18:15:00+00:00 [queued]>
[2024-07-03T09:58:24.330+0000] {taskinstance.py:1361} INFO - Starting attempt 1 of 1
[2024-07-03T09:58:24.381+0000] {taskinstance.py:1382} INFO - Executing <Task(PythonOperator): id_task_get_emails> on 2024-07-02 18:15:00+00:00
[2024-07-03T09:58:24.386+0000] {standard_task_runner.py:57} INFO - Started process 20790 to run task
[2024-07-03T09:58:24.409+0000] {standard_task_runner.py:84} INFO - Running: ['***', 'tasks', 'run', 'reports_workflow', 'id_task_get_emails', 'scheduled__2024-07-02T18:15:00+00:00', '--job-id', '465', '--raw', '--subdir', 'DAGS_FOLDER/dag_email_robot.py', '--cfg-path', '/tmp/tmpurz6qkst']
[2024-07-03T09:58:24.412+0000] {standard_task_runner.py:85} INFO - Job 465: Subtask id_task_get_emails
[2024-07-03T09:58:24.540+0000] {task_command.py:415} INFO - Running <TaskInstance: reports_workflow.id_task_get_emails scheduled__2024-07-02T18:15:00+00:00 [running]> on host 6f4ef5488251
[2024-07-03T09:58:24.718+0000] {taskinstance.py:1660} INFO - Exporting env vars: AIRFLOW_CTX_DAG_OWNER='FIRDAVS' AIRFLOW_CTX_DAG_ID='reports_workflow' AIRFLOW_CTX_TASK_ID='id_task_get_emails' AIRFLOW_CTX_EXECUTION_DATE='2024-07-02T18:15:00+00:00' AIRFLOW_CTX_TRY_NUMBER='1' AIRFLOW_CTX_DAG_RUN_ID='scheduled__2024-07-02T18:15:00+00:00'
[2024-07-03T09:58:24.719+0000] {logging_mixin.py:151} INFO - path of config file:  /opt/***
[2024-07-03T09:58:24.720+0000] {logging_mixin.py:151} INFO - #>2024-07-03 09:58:24.720371_User@StatDep: EmailRobot in screated.
[2024-07-03T09:58:24.720+0000] {logging_mixin.py:151} INFO - #>2024-07-03 09:58:24.720541_User@StatDep: get_for_recent_emails is started...
[2024-07-03T09:58:24.720+0000] {logging_mixin.py:151} INFO - #>2024-07-03 09:58:24.720666_User@StatDep: pop3_fetch_emails isstarted...
[2024-07-03T09:58:25.096+0000] {logging_mixin.py:151} INFO -    b'+OK'
[2024-07-03T09:58:25.399+0000] {logging_mixin.py:151} INFO -    mailbox have 0 emails and the robot can process 10
[2024-07-03T09:58:25.399+0000] {logging_mixin.py:151} INFO - #>2024-07-03 09:58:25.399279_User@StatDep: no emails to process, exiting pop3_fetch_emails()...
[2024-07-03T09:58:25.399+0000] {python.py:194} INFO - Done. Returned value was: True
[2024-07-03T09:58:25.436+0000] {taskinstance.py:1400} INFO - Marking task as SUCCESS. dag_id=reports_workflow, task_id=id_task_get_emails, execution_date=20240702T181500, start_date=20240703T095824, end_date=20240703T095825
[2024-07-03T09:58:25.508+0000] {local_task_job_runner.py:228} INFO - Task exited with return code 0
[2024-07-03T09:58:25.536+0000] {taskinstance.py:2784} INFO - 0 downstream tasks scheduled from follow-on schedule check
[2024-07-03T12:28:34.254+0000] {taskinstance.py:1159} INFO - Dependencies all met for dep_context=non-requeueable deps ti=<TaskInstance: reports_workflow.id_task_get_emails scheduled__2024-07-02T18:15:00+00:00 [queued]>
[2024-07-03T12:28:34.272+0000] {taskinstance.py:1159} INFO - Dependencies all met for dep_context=requeueable deps ti=<TaskInstance: reports_workflow.id_task_get_emails scheduled__2024-07-02T18:15:00+00:00 [queued]>
[2024-07-03T12:28:34.272+0000] {taskinstance.py:1361} INFO - Starting attempt 1 of 1
[2024-07-03T12:28:34.314+0000] {taskinstance.py:1382} INFO - Executing <Task(PythonOperator): id_task_get_emails> on 2024-07-02 18:15:00+00:00
[2024-07-03T12:28:34.319+0000] {standard_task_runner.py:57} INFO - Started process 24771 to run task
[2024-07-03T12:28:34.330+0000] {standard_task_runner.py:84} INFO - Running: ['***', 'tasks', 'run', 'reports_workflow', 'id_task_get_emails', 'scheduled__2024-07-02T18:15:00+00:00', '--job-id', '1317', '--raw', '--subdir', 'DAGS_FOLDER/dag_email_robot.py', '--cfg-path', '/tmp/tmpnlpskhqe']
[2024-07-03T12:28:34.331+0000] {standard_task_runner.py:85} INFO - Job 1317: Subtask id_task_get_emails
[2024-07-03T12:28:34.445+0000] {task_command.py:415} INFO - Running <TaskInstance: reports_workflow.id_task_get_emails scheduled__2024-07-02T18:15:00+00:00 [running]> on host 6f4ef5488251
[2024-07-03T12:28:34.704+0000] {taskinstance.py:1660} INFO - Exporting env vars: AIRFLOW_CTX_DAG_OWNER='FIRDAVS' AIRFLOW_CTX_DAG_ID='reports_workflow' AIRFLOW_CTX_TASK_ID='id_task_get_emails' AIRFLOW_CTX_EXECUTION_DATE='2024-07-02T18:15:00+00:00' AIRFLOW_CTX_TRY_NUMBER='1' AIRFLOW_CTX_DAG_RUN_ID='scheduled__2024-07-02T18:15:00+00:00'
[2024-07-03T12:28:34.705+0000] {logging_mixin.py:151} INFO - path of config file:  /opt/***
[2024-07-03T12:28:34.705+0000] {logging_mixin.py:151} INFO - #>2024-07-03 12:28:34.705529_User@StatDep: EmailRobot in screated.
[2024-07-03T12:28:34.705+0000] {logging_mixin.py:151} INFO - #>2024-07-03 12:28:34.705713_User@StatDep: get_for_recent_emails is started...
[2024-07-03T12:28:34.705+0000] {logging_mixin.py:151} INFO - #>2024-07-03 12:28:34.705847_User@StatDep: pop3_fetch_emails isstarted...
[2024-07-03T12:28:35.097+0000] {logging_mixin.py:151} INFO -    b'+OK'
[2024-07-03T12:28:35.489+0000] {logging_mixin.py:151} INFO -    mailbox have 0 emails and the robot can process 10
[2024-07-03T12:28:35.489+0000] {logging_mixin.py:151} INFO - #>2024-07-03 12:28:35.489668_User@StatDep: no emails to process, exiting pop3_fetch_emails()...
[2024-07-03T12:28:35.490+0000] {python.py:194} INFO - Done. Returned value was: True
[2024-07-03T12:28:35.527+0000] {taskinstance.py:1400} INFO - Marking task as SUCCESS. dag_id=reports_workflow, task_id=id_task_get_emails, execution_date=20240702T181500, start_date=20240703T122834, end_date=20240703T122835
[2024-07-03T12:28:35.555+0000] {local_task_job_runner.py:228} INFO - Task exited with return code 0
[2024-07-03T12:28:35.576+0000] {taskinstance.py:2784} INFO - 1 downstream tasks scheduled from follow-on schedule check
