[2024-07-03T11:15:00.789+0000] {taskinstance.py:1159} INFO - Dependencies all met for dep_context=non-requeueable deps ti=<TaskInstance: reports_workflow.id_task_get_emails scheduled__2024-07-03T11:10:00+00:00 [queued]>
[2024-07-03T11:15:00.797+0000] {taskinstance.py:1159} INFO - Dependencies all met for dep_context=requeueable deps ti=<TaskInstance: reports_workflow.id_task_get_emails scheduled__2024-07-03T11:10:00+00:00 [queued]>
[2024-07-03T11:15:00.797+0000] {taskinstance.py:1361} INFO - Starting attempt 1 of 1
[2024-07-03T11:15:00.809+0000] {taskinstance.py:1382} INFO - Executing <Task(PythonOperator): id_task_get_emails> on 2024-07-03 11:10:00+00:00
[2024-07-03T11:15:00.813+0000] {standard_task_runner.py:57} INFO - Started process 22372 to run task
[2024-07-03T11:15:00.822+0000] {standard_task_runner.py:84} INFO - Running: ['***', 'tasks', 'run', 'reports_workflow', 'id_task_get_emails', 'scheduled__2024-07-03T11:10:00+00:00', '--job-id', '679', '--raw', '--subdir', 'DAGS_FOLDER/dag_email_robot.py', '--cfg-path', '/tmp/tmpxgr8p96w']
[2024-07-03T11:15:00.823+0000] {standard_task_runner.py:85} INFO - Job 679: Subtask id_task_get_emails
[2024-07-03T11:15:00.904+0000] {task_command.py:415} INFO - Running <TaskInstance: reports_workflow.id_task_get_emails scheduled__2024-07-03T11:10:00+00:00 [running]> on host 6f4ef5488251
[2024-07-03T11:15:01.016+0000] {taskinstance.py:1660} INFO - Exporting env vars: AIRFLOW_CTX_DAG_OWNER='FIRDAVS' AIRFLOW_CTX_DAG_ID='reports_workflow' AIRFLOW_CTX_TASK_ID='id_task_get_emails' AIRFLOW_CTX_EXECUTION_DATE='2024-07-03T11:10:00+00:00' AIRFLOW_CTX_TRY_NUMBER='1' AIRFLOW_CTX_DAG_RUN_ID='scheduled__2024-07-03T11:10:00+00:00'
[2024-07-03T11:15:01.017+0000] {logging_mixin.py:151} INFO - path of config file:  /opt/***
[2024-07-03T11:15:01.017+0000] {logging_mixin.py:151} INFO - #>2024-07-03 11:15:01.017869_User@StatDep: EmailRobot in screated.
[2024-07-03T11:15:01.018+0000] {logging_mixin.py:151} INFO - #>2024-07-03 11:15:01.018057_User@StatDep: get_for_recent_emails is started...
[2024-07-03T11:15:01.018+0000] {logging_mixin.py:151} INFO - #>2024-07-03 11:15:01.018180_User@StatDep: pop3_fetch_emails isstarted...
[2024-07-03T11:15:01.479+0000] {logging_mixin.py:151} INFO -    b'+OK'
[2024-07-03T11:15:01.911+0000] {logging_mixin.py:151} INFO -    mailbox have 1 emails and the robot can process 10
[2024-07-03T11:15:02.363+0000] {logging_mixin.py:151} INFO -    #>2024-07-03 11:15:02.363342_conneciton to db is set.
[2024-07-03T11:15:02.372+0000] {taskinstance.py:1943} ERROR - Task failed with exception
Traceback (most recent call last):
  File "/home/airflow/.local/lib/python3.8/site-packages/airflow/operators/python.py", line 192, in execute
    return_value = self.execute_callable()
  File "/home/airflow/.local/lib/python3.8/site-packages/airflow/operators/python.py", line 209, in execute_callable
    return self.python_callable(*self.op_args, **self.op_kwargs)
  File "/opt/airflow/dags/dag_email_robot.py", line 25, in get_emails
    robot.fetch_emails()
  File "/opt/airflow/dags/emailRobot.py", line 62, in fetch_emails
    return self.pop3_fetch_emails()
  File "/opt/airflow/dags/emailRobot.py", line 156, in pop3_fetch_emails
    cursor.execute (query, insert_values)
psycopg2.errors.NotNullViolation: null value in column "logs" of relation "tbl_files" violates not-null constraint
DETAIL:  Failing row contains (9, 9, 1, 1HK.v0.0000.31012024.xlsx, \x55457344424251414267414941414141495142676b6e712b67414541414177..., null, null).

[2024-07-03T11:15:02.392+0000] {taskinstance.py:1400} INFO - Marking task as FAILED. dag_id=reports_workflow, task_id=id_task_get_emails, execution_date=20240703T111000, start_date=20240703T111500, end_date=20240703T111502
[2024-07-03T11:15:02.406+0000] {standard_task_runner.py:104} ERROR - Failed to execute job 679 for task id_task_get_emails (null value in column "logs" of relation "tbl_files" violates not-null constraint
DETAIL:  Failing row contains (9, 9, 1, 1HK.v0.0000.31012024.xlsx, \x55457344424251414267414941414141495142676b6e712b67414541414177..., null, null).
; 22372)
[2024-07-03T11:15:02.443+0000] {local_task_job_runner.py:228} INFO - Task exited with return code 1
[2024-07-03T11:15:02.468+0000] {taskinstance.py:2784} INFO - 0 downstream tasks scheduled from follow-on schedule check
[2024-07-03T14:47:42.267+0000] {taskinstance.py:1159} INFO - Dependencies all met for dep_context=non-requeueable deps ti=<TaskInstance: reports_workflow.id_task_get_emails scheduled__2024-07-03T11:10:00+00:00 [queued]>
[2024-07-03T14:47:42.307+0000] {taskinstance.py:1159} INFO - Dependencies all met for dep_context=requeueable deps ti=<TaskInstance: reports_workflow.id_task_get_emails scheduled__2024-07-03T11:10:00+00:00 [queued]>
[2024-07-03T14:47:42.307+0000] {taskinstance.py:1361} INFO - Starting attempt 1 of 2
[2024-07-03T14:47:42.329+0000] {taskinstance.py:1382} INFO - Executing <Task(PythonOperator): id_task_get_emails> on 2024-07-03 11:10:00+00:00
[2024-07-03T14:47:42.351+0000] {standard_task_runner.py:57} INFO - Started process 28596 to run task
[2024-07-03T14:47:42.391+0000] {standard_task_runner.py:84} INFO - Running: ['***', 'tasks', 'run', 'reports_workflow', 'id_task_get_emails', 'scheduled__2024-07-03T11:10:00+00:00', '--job-id', '2173', '--raw', '--subdir', 'DAGS_FOLDER/dag_email_robot.py', '--cfg-path', '/tmp/tmpo79ch1h3']
[2024-07-03T14:47:42.392+0000] {standard_task_runner.py:85} INFO - Job 2173: Subtask id_task_get_emails
[2024-07-03T14:47:42.524+0000] {task_command.py:415} INFO - Running <TaskInstance: reports_workflow.id_task_get_emails scheduled__2024-07-03T11:10:00+00:00 [running]> on host 6f4ef5488251
[2024-07-03T14:47:42.736+0000] {taskinstance.py:1660} INFO - Exporting env vars: AIRFLOW_CTX_DAG_OWNER='FIRDAVS' AIRFLOW_CTX_DAG_ID='reports_workflow' AIRFLOW_CTX_TASK_ID='id_task_get_emails' AIRFLOW_CTX_EXECUTION_DATE='2024-07-03T11:10:00+00:00' AIRFLOW_CTX_TRY_NUMBER='1' AIRFLOW_CTX_DAG_RUN_ID='scheduled__2024-07-03T11:10:00+00:00'
[2024-07-03T14:47:42.737+0000] {logging_mixin.py:151} INFO - path of config file:  /opt/***
[2024-07-03T14:47:42.738+0000] {logging_mixin.py:151} INFO - #>2024-07-03 14:47:42.738134_User@StatDep: EmailRobot in screated.
[2024-07-03T14:47:42.738+0000] {logging_mixin.py:151} INFO - #>2024-07-03 14:47:42.738334_User@StatDep: get_for_recent_emails is started...
[2024-07-03T14:47:42.738+0000] {logging_mixin.py:151} INFO - #>2024-07-03 14:47:42.738477_User@StatDep: pop3_fetch_emails isstarted...
[2024-07-03T14:47:43.115+0000] {logging_mixin.py:151} INFO -    b'+OK'
[2024-07-03T14:47:43.443+0000] {logging_mixin.py:151} INFO -    mailbox have 0 emails and the robot can process 10
[2024-07-03T14:47:43.443+0000] {logging_mixin.py:151} INFO - #>2024-07-03 14:47:43.443472_User@StatDep: no emails to process, exiting pop3_fetch_emails()...
[2024-07-03T14:47:43.444+0000] {python.py:194} INFO - Done. Returned value was: True
[2024-07-03T14:47:43.507+0000] {taskinstance.py:1400} INFO - Marking task as SUCCESS. dag_id=reports_workflow, task_id=id_task_get_emails, execution_date=20240703T111000, start_date=20240703T144742, end_date=20240703T144743
[2024-07-03T14:47:43.672+0000] {local_task_job_runner.py:228} INFO - Task exited with return code 0
[2024-07-03T14:47:43.752+0000] {taskinstance.py:2784} INFO - 1 downstream tasks scheduled from follow-on schedule check
[2024-07-03T14:48:16.846+0000] {taskinstance.py:1159} INFO - Dependencies all met for dep_context=non-requeueable deps ti=<TaskInstance: reports_workflow.id_task_get_emails scheduled__2024-07-03T11:10:00+00:00 [queued]>
[2024-07-03T14:48:16.859+0000] {taskinstance.py:1159} INFO - Dependencies all met for dep_context=requeueable deps ti=<TaskInstance: reports_workflow.id_task_get_emails scheduled__2024-07-03T11:10:00+00:00 [queued]>
[2024-07-03T14:48:16.859+0000] {taskinstance.py:1361} INFO - Starting attempt 1 of 2
[2024-07-03T14:48:16.959+0000] {taskinstance.py:1382} INFO - Executing <Task(PythonOperator): id_task_get_emails> on 2024-07-03 11:10:00+00:00
[2024-07-03T14:48:16.964+0000] {standard_task_runner.py:57} INFO - Started process 28739 to run task
[2024-07-03T14:48:16.980+0000] {standard_task_runner.py:84} INFO - Running: ['***', 'tasks', 'run', 'reports_workflow', 'id_task_get_emails', 'scheduled__2024-07-03T11:10:00+00:00', '--job-id', '2240', '--raw', '--subdir', 'DAGS_FOLDER/dag_email_robot.py', '--cfg-path', '/tmp/tmp1gan7jht']
[2024-07-03T14:48:16.987+0000] {standard_task_runner.py:85} INFO - Job 2240: Subtask id_task_get_emails
[2024-07-03T14:48:17.089+0000] {task_command.py:415} INFO - Running <TaskInstance: reports_workflow.id_task_get_emails scheduled__2024-07-03T11:10:00+00:00 [running]> on host 6f4ef5488251
[2024-07-03T14:48:17.274+0000] {taskinstance.py:1660} INFO - Exporting env vars: AIRFLOW_CTX_DAG_OWNER='FIRDAVS' AIRFLOW_CTX_DAG_ID='reports_workflow' AIRFLOW_CTX_TASK_ID='id_task_get_emails' AIRFLOW_CTX_EXECUTION_DATE='2024-07-03T11:10:00+00:00' AIRFLOW_CTX_TRY_NUMBER='1' AIRFLOW_CTX_DAG_RUN_ID='scheduled__2024-07-03T11:10:00+00:00'
[2024-07-03T14:48:17.275+0000] {logging_mixin.py:151} INFO - path of config file:  /opt/***
[2024-07-03T14:48:17.276+0000] {logging_mixin.py:151} INFO - #>2024-07-03 14:48:17.276306_User@StatDep: EmailRobot in screated.
[2024-07-03T14:48:17.276+0000] {logging_mixin.py:151} INFO - #>2024-07-03 14:48:17.276508_User@StatDep: get_for_recent_emails is started...
[2024-07-03T14:48:17.276+0000] {logging_mixin.py:151} INFO - #>2024-07-03 14:48:17.276653_User@StatDep: pop3_fetch_emails isstarted...
[2024-07-03T14:48:17.642+0000] {logging_mixin.py:151} INFO -    b'+OK'
[2024-07-03T14:48:18.001+0000] {logging_mixin.py:151} INFO -    mailbox have 0 emails and the robot can process 10
[2024-07-03T14:48:18.001+0000] {logging_mixin.py:151} INFO - #>2024-07-03 14:48:18.001876_User@StatDep: no emails to process, exiting pop3_fetch_emails()...
[2024-07-03T14:48:18.002+0000] {python.py:194} INFO - Done. Returned value was: True
[2024-07-03T14:48:18.060+0000] {taskinstance.py:1400} INFO - Marking task as SUCCESS. dag_id=reports_workflow, task_id=id_task_get_emails, execution_date=20240703T111000, start_date=20240703T144816, end_date=20240703T144818
[2024-07-03T14:48:18.099+0000] {local_task_job_runner.py:228} INFO - Task exited with return code 0
[2024-07-03T14:48:18.154+0000] {taskinstance.py:2784} INFO - 1 downstream tasks scheduled from follow-on schedule check
[2024-07-03T14:55:31.230+0000] {taskinstance.py:1159} INFO - Dependencies all met for dep_context=non-requeueable deps ti=<TaskInstance: reports_workflow.id_task_get_emails scheduled__2024-07-03T11:10:00+00:00 [queued]>
[2024-07-03T14:55:31.253+0000] {taskinstance.py:1159} INFO - Dependencies all met for dep_context=requeueable deps ti=<TaskInstance: reports_workflow.id_task_get_emails scheduled__2024-07-03T11:10:00+00:00 [queued]>
[2024-07-03T14:55:31.254+0000] {taskinstance.py:1361} INFO - Starting attempt 1 of 2
[2024-07-03T14:55:31.287+0000] {taskinstance.py:1382} INFO - Executing <Task(PythonOperator): id_task_get_emails> on 2024-07-03 11:10:00+00:00
[2024-07-03T14:55:31.293+0000] {standard_task_runner.py:57} INFO - Started process 28984 to run task
[2024-07-03T14:55:31.316+0000] {standard_task_runner.py:84} INFO - Running: ['***', 'tasks', 'run', 'reports_workflow', 'id_task_get_emails', 'scheduled__2024-07-03T11:10:00+00:00', '--job-id', '2310', '--raw', '--subdir', 'DAGS_FOLDER/dag_email_robot.py', '--cfg-path', '/tmp/tmpnlnyzrve']
[2024-07-03T14:55:31.319+0000] {standard_task_runner.py:85} INFO - Job 2310: Subtask id_task_get_emails
[2024-07-03T14:55:31.418+0000] {task_command.py:415} INFO - Running <TaskInstance: reports_workflow.id_task_get_emails scheduled__2024-07-03T11:10:00+00:00 [running]> on host 6f4ef5488251
[2024-07-03T14:55:31.545+0000] {taskinstance.py:1660} INFO - Exporting env vars: AIRFLOW_CTX_DAG_OWNER='FIRDAVS' AIRFLOW_CTX_DAG_ID='reports_workflow' AIRFLOW_CTX_TASK_ID='id_task_get_emails' AIRFLOW_CTX_EXECUTION_DATE='2024-07-03T11:10:00+00:00' AIRFLOW_CTX_TRY_NUMBER='1' AIRFLOW_CTX_DAG_RUN_ID='scheduled__2024-07-03T11:10:00+00:00'
[2024-07-03T14:55:31.546+0000] {logging_mixin.py:151} INFO - path of config file:  /opt/***
[2024-07-03T14:55:31.547+0000] {logging_mixin.py:151} INFO - #>2024-07-03 14:55:31.547206_User@StatDep: EmailRobot in screated.
[2024-07-03T14:55:31.547+0000] {logging_mixin.py:151} INFO - #>2024-07-03 14:55:31.547421_User@StatDep: get_for_recent_emails is started...
[2024-07-03T14:55:31.547+0000] {logging_mixin.py:151} INFO - #>2024-07-03 14:55:31.547581_User@StatDep: pop3_fetch_emails isstarted...
[2024-07-03T14:55:31.949+0000] {logging_mixin.py:151} INFO -    b'+OK'
[2024-07-03T14:55:32.270+0000] {logging_mixin.py:151} INFO -    mailbox have 0 emails and the robot can process 10
[2024-07-03T14:55:32.270+0000] {logging_mixin.py:151} INFO - #>2024-07-03 14:55:32.270475_User@StatDep: no emails to process, exiting pop3_fetch_emails()...
[2024-07-03T14:55:32.271+0000] {python.py:194} INFO - Done. Returned value was: True
[2024-07-03T14:55:32.319+0000] {taskinstance.py:1400} INFO - Marking task as SUCCESS. dag_id=reports_workflow, task_id=id_task_get_emails, execution_date=20240703T111000, start_date=20240703T145531, end_date=20240703T145532
[2024-07-03T14:55:32.383+0000] {local_task_job_runner.py:228} INFO - Task exited with return code 0
[2024-07-03T14:55:32.415+0000] {taskinstance.py:2784} INFO - 1 downstream tasks scheduled from follow-on schedule check
