[2024-07-03T13:59:16.566+0000] {taskinstance.py:1159} INFO - Dependencies all met for dep_context=non-requeueable deps ti=<TaskInstance: reports_workflow.id_task_send_emails scheduled__2024-07-01T00:00:00+00:00 [queued]>
[2024-07-03T13:59:16.575+0000] {taskinstance.py:1159} INFO - Dependencies all met for dep_context=requeueable deps ti=<TaskInstance: reports_workflow.id_task_send_emails scheduled__2024-07-01T00:00:00+00:00 [queued]>
[2024-07-03T13:59:16.576+0000] {taskinstance.py:1361} INFO - Starting attempt 1 of 2
[2024-07-03T13:59:16.589+0000] {taskinstance.py:1382} INFO - Executing <Task(PythonOperator): id_task_send_emails> on 2024-07-01 00:00:00+00:00
[2024-07-03T13:59:16.594+0000] {standard_task_runner.py:57} INFO - Started process 26943 to run task
[2024-07-03T13:59:16.604+0000] {standard_task_runner.py:84} INFO - Running: ['***', 'tasks', 'run', 'reports_workflow', 'id_task_send_emails', 'scheduled__2024-07-01T00:00:00+00:00', '--job-id', '1718', '--raw', '--subdir', 'DAGS_FOLDER/dag_email_robot.py', '--cfg-path', '/tmp/tmphsm90hgi']
[2024-07-03T13:59:16.606+0000] {standard_task_runner.py:85} INFO - Job 1718: Subtask id_task_send_emails
[2024-07-03T13:59:16.666+0000] {task_command.py:415} INFO - Running <TaskInstance: reports_workflow.id_task_send_emails scheduled__2024-07-01T00:00:00+00:00 [running]> on host 6f4ef5488251
[2024-07-03T13:59:16.744+0000] {taskinstance.py:1660} INFO - Exporting env vars: AIRFLOW_CTX_DAG_OWNER='FIRDAVS' AIRFLOW_CTX_DAG_ID='reports_workflow' AIRFLOW_CTX_TASK_ID='id_task_send_emails' AIRFLOW_CTX_EXECUTION_DATE='2024-07-01T00:00:00+00:00' AIRFLOW_CTX_TRY_NUMBER='1' AIRFLOW_CTX_DAG_RUN_ID='scheduled__2024-07-01T00:00:00+00:00'
[2024-07-03T13:59:16.745+0000] {logging_mixin.py:151} INFO - path of config file:  /opt/***
[2024-07-03T13:59:16.746+0000] {logging_mixin.py:151} INFO - #>2024-07-03 13:59:16.746503_User@StatDep: EmailRobot in screated.
[2024-07-03T13:59:16.746+0000] {logging_mixin.py:151} INFO - #>2024-07-03 13:59:16.746868_User@StatDep: send_validation_results is started...
[2024-07-03T13:59:16.756+0000] {logging_mixin.py:151} INFO -    #>2024-07-03 13:59:16.756173_conneciton to db is set.
[2024-07-03T13:59:16.757+0000] {logging_mixin.py:151} INFO -    #>2024-07-03 13:59:16.757900_cursor execution is successful.
[2024-07-03T13:59:16.758+0000] {logging_mixin.py:151} INFO -    There is no any new submissions found. The get_validation_results is over.
[2024-07-03T13:59:16.758+0000] {python.py:194} INFO - Done. Returned value was: True
[2024-07-03T13:59:16.780+0000] {taskinstance.py:1400} INFO - Marking task as SUCCESS. dag_id=reports_workflow, task_id=id_task_send_emails, execution_date=20240701T000000, start_date=20240703T135916, end_date=20240703T135916
[2024-07-03T13:59:16.810+0000] {local_task_job_runner.py:228} INFO - Task exited with return code 0
[2024-07-03T13:59:16.834+0000] {taskinstance.py:2784} INFO - 0 downstream tasks scheduled from follow-on schedule check
[2024-07-03T14:06:55.963+0000] {taskinstance.py:1159} INFO - Dependencies all met for dep_context=non-requeueable deps ti=<TaskInstance: reports_workflow.id_task_send_emails scheduled__2024-07-01T00:00:00+00:00 [queued]>
[2024-07-03T14:06:55.999+0000] {taskinstance.py:1159} INFO - Dependencies all met for dep_context=requeueable deps ti=<TaskInstance: reports_workflow.id_task_send_emails scheduled__2024-07-01T00:00:00+00:00 [queued]>
[2024-07-03T14:06:56.000+0000] {taskinstance.py:1361} INFO - Starting attempt 1 of 2
[2024-07-03T14:06:56.207+0000] {taskinstance.py:1382} INFO - Executing <Task(PythonOperator): id_task_send_emails> on 2024-07-01 00:00:00+00:00
[2024-07-03T14:06:56.215+0000] {standard_task_runner.py:57} INFO - Started process 27191 to run task
[2024-07-03T14:06:56.219+0000] {standard_task_runner.py:84} INFO - Running: ['***', 'tasks', 'run', 'reports_workflow', 'id_task_send_emails', 'scheduled__2024-07-01T00:00:00+00:00', '--job-id', '1784', '--raw', '--subdir', 'DAGS_FOLDER/dag_email_robot.py', '--cfg-path', '/tmp/tmpkbbptp9z']
[2024-07-03T14:06:56.221+0000] {standard_task_runner.py:85} INFO - Job 1784: Subtask id_task_send_emails
[2024-07-03T14:06:56.286+0000] {task_command.py:415} INFO - Running <TaskInstance: reports_workflow.id_task_send_emails scheduled__2024-07-01T00:00:00+00:00 [running]> on host 6f4ef5488251
[2024-07-03T14:06:56.367+0000] {taskinstance.py:1660} INFO - Exporting env vars: AIRFLOW_CTX_DAG_OWNER='FIRDAVS' AIRFLOW_CTX_DAG_ID='reports_workflow' AIRFLOW_CTX_TASK_ID='id_task_send_emails' AIRFLOW_CTX_EXECUTION_DATE='2024-07-01T00:00:00+00:00' AIRFLOW_CTX_TRY_NUMBER='1' AIRFLOW_CTX_DAG_RUN_ID='scheduled__2024-07-01T00:00:00+00:00'
[2024-07-03T14:06:56.368+0000] {logging_mixin.py:151} INFO - path of config file:  /opt/***
[2024-07-03T14:06:56.370+0000] {logging_mixin.py:151} INFO - #>2024-07-03 14:06:56.368599_User@StatDep: EmailRobot in screated.
[2024-07-03T14:06:56.371+0000] {logging_mixin.py:151} INFO - #>2024-07-03 14:06:56.370983_User@StatDep: send_validation_results is started...
[2024-07-03T14:06:56.390+0000] {logging_mixin.py:151} INFO -    #>2024-07-03 14:06:56.389974_conneciton to db is set.
[2024-07-03T14:06:56.391+0000] {logging_mixin.py:151} INFO -    #>2024-07-03 14:06:56.391887_cursor execution is successful.
[2024-07-03T14:06:56.392+0000] {logging_mixin.py:151} INFO -    There is no any new submissions found. The get_validation_results is over.
[2024-07-03T14:06:56.392+0000] {python.py:194} INFO - Done. Returned value was: True
[2024-07-03T14:06:56.418+0000] {taskinstance.py:1400} INFO - Marking task as SUCCESS. dag_id=reports_workflow, task_id=id_task_send_emails, execution_date=20240701T000000, start_date=20240703T140655, end_date=20240703T140656
[2024-07-03T14:06:56.433+0000] {local_task_job_runner.py:228} INFO - Task exited with return code 0
[2024-07-03T14:06:56.452+0000] {taskinstance.py:2784} INFO - 0 downstream tasks scheduled from follow-on schedule check
[2024-07-03T14:19:34.419+0000] {taskinstance.py:1159} INFO - Dependencies all met for dep_context=non-requeueable deps ti=<TaskInstance: reports_workflow.id_task_send_emails scheduled__2024-07-01T00:00:00+00:00 [queued]>
[2024-07-03T14:19:34.437+0000] {taskinstance.py:1159} INFO - Dependencies all met for dep_context=requeueable deps ti=<TaskInstance: reports_workflow.id_task_send_emails scheduled__2024-07-01T00:00:00+00:00 [queued]>
[2024-07-03T14:19:34.438+0000] {taskinstance.py:1361} INFO - Starting attempt 1 of 2
[2024-07-03T14:19:34.452+0000] {taskinstance.py:1382} INFO - Executing <Task(PythonOperator): id_task_send_emails> on 2024-07-01 00:00:00+00:00
[2024-07-03T14:19:34.457+0000] {standard_task_runner.py:57} INFO - Started process 27397 to run task
[2024-07-03T14:19:34.461+0000] {standard_task_runner.py:84} INFO - Running: ['***', 'tasks', 'run', 'reports_workflow', 'id_task_send_emails', 'scheduled__2024-07-01T00:00:00+00:00', '--job-id', '1789', '--raw', '--subdir', 'DAGS_FOLDER/dag_email_robot.py', '--cfg-path', '/tmp/tmpevcrg9u0']
[2024-07-03T14:19:34.462+0000] {standard_task_runner.py:85} INFO - Job 1789: Subtask id_task_send_emails
[2024-07-03T14:19:34.518+0000] {task_command.py:415} INFO - Running <TaskInstance: reports_workflow.id_task_send_emails scheduled__2024-07-01T00:00:00+00:00 [running]> on host 6f4ef5488251
[2024-07-03T14:19:34.593+0000] {taskinstance.py:1660} INFO - Exporting env vars: AIRFLOW_CTX_DAG_OWNER='FIRDAVS' AIRFLOW_CTX_DAG_ID='reports_workflow' AIRFLOW_CTX_TASK_ID='id_task_send_emails' AIRFLOW_CTX_EXECUTION_DATE='2024-07-01T00:00:00+00:00' AIRFLOW_CTX_TRY_NUMBER='1' AIRFLOW_CTX_DAG_RUN_ID='scheduled__2024-07-01T00:00:00+00:00'
[2024-07-03T14:19:34.594+0000] {logging_mixin.py:151} INFO - path of config file:  /opt/***
[2024-07-03T14:19:34.595+0000] {logging_mixin.py:151} INFO - #>2024-07-03 14:19:34.595592_User@StatDep: EmailRobot in screated.
[2024-07-03T14:19:34.595+0000] {logging_mixin.py:151} INFO - #>2024-07-03 14:19:34.595946_User@StatDep: send_validation_results is started...
[2024-07-03T14:19:34.605+0000] {logging_mixin.py:151} INFO -    #>2024-07-03 14:19:34.605686_conneciton to db is set.
[2024-07-03T14:19:34.607+0000] {logging_mixin.py:151} INFO -    #>2024-07-03 14:19:34.607864_cursor execution is successful.
[2024-07-03T14:19:34.608+0000] {logging_mixin.py:151} INFO -    There is no any new submissions found. The get_validation_results is over.
[2024-07-03T14:19:34.608+0000] {python.py:194} INFO - Done. Returned value was: True
[2024-07-03T14:19:34.631+0000] {taskinstance.py:1400} INFO - Marking task as SUCCESS. dag_id=reports_workflow, task_id=id_task_send_emails, execution_date=20240701T000000, start_date=20240703T141934, end_date=20240703T141934
[2024-07-03T14:19:34.674+0000] {local_task_job_runner.py:228} INFO - Task exited with return code 0
[2024-07-03T14:19:34.698+0000] {taskinstance.py:2784} INFO - 0 downstream tasks scheduled from follow-on schedule check
