[2024-07-08T07:10:04.045+0000] {taskinstance.py:1159} INFO - Dependencies all met for dep_context=non-requeueable deps ti=<TaskInstance: reports_workflow.id_task_send_emails scheduled__2024-07-08T07:05:00+00:00 [queued]>
[2024-07-08T07:10:04.053+0000] {taskinstance.py:1159} INFO - Dependencies all met for dep_context=requeueable deps ti=<TaskInstance: reports_workflow.id_task_send_emails scheduled__2024-07-08T07:05:00+00:00 [queued]>
[2024-07-08T07:10:04.053+0000] {taskinstance.py:1361} INFO - Starting attempt 1 of 2
[2024-07-08T07:10:04.064+0000] {taskinstance.py:1382} INFO - Executing <Task(PythonOperator): id_task_send_emails> on 2024-07-08 07:05:00+00:00
[2024-07-08T07:10:04.069+0000] {standard_task_runner.py:57} INFO - Started process 4449 to run task
[2024-07-08T07:10:04.080+0000] {standard_task_runner.py:84} INFO - Running: ['***', 'tasks', 'run', 'reports_workflow', 'id_task_send_emails', 'scheduled__2024-07-08T07:05:00+00:00', '--job-id', '3591', '--raw', '--subdir', 'DAGS_FOLDER/dag_email_robot.py', '--cfg-path', '/tmp/tmp0t1wn58j']
[2024-07-08T07:10:04.085+0000] {standard_task_runner.py:85} INFO - Job 3591: Subtask id_task_send_emails
[2024-07-08T07:10:04.171+0000] {task_command.py:415} INFO - Running <TaskInstance: reports_workflow.id_task_send_emails scheduled__2024-07-08T07:05:00+00:00 [running]> on host 6f4ef5488251
[2024-07-08T07:10:04.289+0000] {taskinstance.py:1660} INFO - Exporting env vars: AIRFLOW_CTX_DAG_OWNER='FIRDAVS' AIRFLOW_CTX_DAG_ID='reports_workflow' AIRFLOW_CTX_TASK_ID='id_task_send_emails' AIRFLOW_CTX_EXECUTION_DATE='2024-07-08T07:05:00+00:00' AIRFLOW_CTX_TRY_NUMBER='1' AIRFLOW_CTX_DAG_RUN_ID='scheduled__2024-07-08T07:05:00+00:00'
[2024-07-08T07:10:04.290+0000] {logging_mixin.py:151} INFO - path of config file:  /opt/***
[2024-07-08T07:10:04.290+0000] {logging_mixin.py:151} INFO - #>2024-07-08 07:10:04.290952_User@StatDep: EmailRobot in screated.
[2024-07-08T07:10:04.291+0000] {logging_mixin.py:151} INFO - #>2024-07-08 07:10:04.291124_User@StatDep: send_validation_results is started...
[2024-07-08T07:10:04.302+0000] {logging_mixin.py:151} INFO -    #>2024-07-08 07:10:04.302250_conneciton to db is set.
[2024-07-08T07:10:04.305+0000] {logging_mixin.py:151} INFO -    #>2024-07-08 07:10:04.304984_cursor execution is successful.
[2024-07-08T07:10:04.305+0000] {logging_mixin.py:151} INFO -    There is no any new submissions found. The get_validation_results is over.
[2024-07-08T07:10:04.305+0000] {python.py:194} INFO - Done. Returned value was: True
[2024-07-08T07:10:04.330+0000] {taskinstance.py:1400} INFO - Marking task as SUCCESS. dag_id=reports_workflow, task_id=id_task_send_emails, execution_date=20240708T070500, start_date=20240708T071004, end_date=20240708T071004
[2024-07-08T07:10:04.366+0000] {local_task_job_runner.py:228} INFO - Task exited with return code 0
[2024-07-08T07:10:04.395+0000] {taskinstance.py:2784} INFO - 0 downstream tasks scheduled from follow-on schedule check
[2024-07-08T10:22:28.363+0000] {taskinstance.py:1159} INFO - Dependencies all met for dep_context=non-requeueable deps ti=<TaskInstance: reports_workflow.id_task_send_emails scheduled__2024-07-08T07:05:00+00:00 [queued]>
[2024-07-08T10:22:28.372+0000] {taskinstance.py:1159} INFO - Dependencies all met for dep_context=requeueable deps ti=<TaskInstance: reports_workflow.id_task_send_emails scheduled__2024-07-08T07:05:00+00:00 [queued]>
[2024-07-08T10:22:28.373+0000] {taskinstance.py:1361} INFO - Starting attempt 1 of 2
[2024-07-08T10:22:28.386+0000] {taskinstance.py:1382} INFO - Executing <Task(PythonOperator): id_task_send_emails> on 2024-07-08 07:05:00+00:00
[2024-07-08T10:22:28.392+0000] {standard_task_runner.py:57} INFO - Started process 8097 to run task
[2024-07-08T10:22:28.398+0000] {standard_task_runner.py:84} INFO - Running: ['***', 'tasks', 'run', 'reports_workflow', 'id_task_send_emails', 'scheduled__2024-07-08T07:05:00+00:00', '--job-id', '3818', '--raw', '--subdir', 'DAGS_FOLDER/dag_email_robot.py', '--cfg-path', '/tmp/tmpi_qz1ose']
[2024-07-08T10:22:28.401+0000] {standard_task_runner.py:85} INFO - Job 3818: Subtask id_task_send_emails
[2024-07-08T10:22:28.461+0000] {task_command.py:415} INFO - Running <TaskInstance: reports_workflow.id_task_send_emails scheduled__2024-07-08T07:05:00+00:00 [running]> on host 6f4ef5488251
[2024-07-08T10:22:28.541+0000] {taskinstance.py:1660} INFO - Exporting env vars: AIRFLOW_CTX_DAG_OWNER='FIRDAVS' AIRFLOW_CTX_DAG_ID='reports_workflow' AIRFLOW_CTX_TASK_ID='id_task_send_emails' AIRFLOW_CTX_EXECUTION_DATE='2024-07-08T07:05:00+00:00' AIRFLOW_CTX_TRY_NUMBER='1' AIRFLOW_CTX_DAG_RUN_ID='scheduled__2024-07-08T07:05:00+00:00'
[2024-07-08T10:22:28.543+0000] {logging_mixin.py:151} INFO - path of config file:  /opt/***
[2024-07-08T10:22:28.544+0000] {logging_mixin.py:151} INFO - #>2024-07-08 10:22:28.544000_User@StatDep: EmailRobot in screated.
[2024-07-08T10:22:28.544+0000] {logging_mixin.py:151} INFO - #>2024-07-08 10:22:28.544205_User@StatDep: send_validation_results is started...
[2024-07-08T10:22:28.555+0000] {logging_mixin.py:151} INFO -    #>2024-07-08 10:22:28.555932_conneciton to db is set.
[2024-07-08T10:22:28.557+0000] {logging_mixin.py:151} INFO -    #>2024-07-08 10:22:28.557783_cursor execution is successful.
[2024-07-08T10:22:28.558+0000] {logging_mixin.py:151} INFO -    There is no any new submissions found. The get_validation_results is over.
[2024-07-08T10:22:28.560+0000] {python.py:194} INFO - Done. Returned value was: True
[2024-07-08T10:22:28.589+0000] {taskinstance.py:1400} INFO - Marking task as SUCCESS. dag_id=reports_workflow, task_id=id_task_send_emails, execution_date=20240708T070500, start_date=20240708T102228, end_date=20240708T102228
[2024-07-08T10:22:28.612+0000] {local_task_job_runner.py:228} INFO - Task exited with return code 0
[2024-07-08T10:22:28.697+0000] {taskinstance.py:2784} INFO - 0 downstream tasks scheduled from follow-on schedule check
[2024-07-08T10:27:16.972+0000] {taskinstance.py:1159} INFO - Dependencies all met for dep_context=non-requeueable deps ti=<TaskInstance: reports_workflow.id_task_send_emails scheduled__2024-07-08T07:05:00+00:00 [queued]>
[2024-07-08T10:27:17.062+0000] {taskinstance.py:1159} INFO - Dependencies all met for dep_context=requeueable deps ti=<TaskInstance: reports_workflow.id_task_send_emails scheduled__2024-07-08T07:05:00+00:00 [queued]>
[2024-07-08T10:27:17.062+0000] {taskinstance.py:1361} INFO - Starting attempt 1 of 2
[2024-07-08T10:27:17.076+0000] {taskinstance.py:1382} INFO - Executing <Task(PythonOperator): id_task_send_emails> on 2024-07-08 07:05:00+00:00
[2024-07-08T10:27:17.084+0000] {standard_task_runner.py:57} INFO - Started process 8796 to run task
[2024-07-08T10:27:17.093+0000] {standard_task_runner.py:84} INFO - Running: ['***', 'tasks', 'run', 'reports_workflow', 'id_task_send_emails', 'scheduled__2024-07-08T07:05:00+00:00', '--job-id', '4029', '--raw', '--subdir', 'DAGS_FOLDER/dag_email_robot.py', '--cfg-path', '/tmp/tmpwjv1lj8b']
[2024-07-08T10:27:17.097+0000] {standard_task_runner.py:85} INFO - Job 4029: Subtask id_task_send_emails
[2024-07-08T10:27:17.161+0000] {task_command.py:415} INFO - Running <TaskInstance: reports_workflow.id_task_send_emails scheduled__2024-07-08T07:05:00+00:00 [running]> on host 6f4ef5488251
[2024-07-08T10:27:17.275+0000] {taskinstance.py:1660} INFO - Exporting env vars: AIRFLOW_CTX_DAG_OWNER='FIRDAVS' AIRFLOW_CTX_DAG_ID='reports_workflow' AIRFLOW_CTX_TASK_ID='id_task_send_emails' AIRFLOW_CTX_EXECUTION_DATE='2024-07-08T07:05:00+00:00' AIRFLOW_CTX_TRY_NUMBER='1' AIRFLOW_CTX_DAG_RUN_ID='scheduled__2024-07-08T07:05:00+00:00'
[2024-07-08T10:27:17.277+0000] {logging_mixin.py:151} INFO - path of config file:  /opt/***
[2024-07-08T10:27:17.277+0000] {logging_mixin.py:151} INFO - #>2024-07-08 10:27:17.277784_User@StatDep: EmailRobot in screated.
[2024-07-08T10:27:17.278+0000] {logging_mixin.py:151} INFO - #>2024-07-08 10:27:17.277974_User@StatDep: send_validation_results is started...
[2024-07-08T10:27:17.287+0000] {logging_mixin.py:151} INFO -    #>2024-07-08 10:27:17.287268_conneciton to db is set.
[2024-07-08T10:27:17.289+0000] {logging_mixin.py:151} INFO -    #>2024-07-08 10:27:17.289102_cursor execution is successful.
[2024-07-08T10:27:17.289+0000] {logging_mixin.py:151} INFO -    There is no any new submissions found. The get_validation_results is over.
[2024-07-08T10:27:17.289+0000] {python.py:194} INFO - Done. Returned value was: True
[2024-07-08T10:27:17.318+0000] {taskinstance.py:1400} INFO - Marking task as SUCCESS. dag_id=reports_workflow, task_id=id_task_send_emails, execution_date=20240708T070500, start_date=20240708T102717, end_date=20240708T102717
[2024-07-08T10:27:17.343+0000] {local_task_job_runner.py:228} INFO - Task exited with return code 0
[2024-07-08T10:27:17.366+0000] {taskinstance.py:2784} INFO - 0 downstream tasks scheduled from follow-on schedule check
