[2024-07-04T04:20:00.940+0000] {taskinstance.py:1159} INFO - Dependencies all met for dep_context=non-requeueable deps ti=<TaskInstance: reports_workflow.id_task_get_emails scheduled__2024-07-04T04:15:00+00:00 [queued]>
[2024-07-04T04:20:00.949+0000] {taskinstance.py:1159} INFO - Dependencies all met for dep_context=requeueable deps ti=<TaskInstance: reports_workflow.id_task_get_emails scheduled__2024-07-04T04:15:00+00:00 [queued]>
[2024-07-04T04:20:00.950+0000] {taskinstance.py:1361} INFO - Starting attempt 1 of 2
[2024-07-04T04:20:00.961+0000] {taskinstance.py:1382} INFO - Executing <Task(PythonOperator): id_task_get_emails> on 2024-07-04 04:15:00+00:00
[2024-07-04T04:20:00.965+0000] {standard_task_runner.py:57} INFO - Started process 41391 to run task
[2024-07-04T04:20:00.973+0000] {standard_task_runner.py:84} INFO - Running: ['***', 'tasks', 'run', 'reports_workflow', 'id_task_get_emails', 'scheduled__2024-07-04T04:15:00+00:00', '--job-id', '2362', '--raw', '--subdir', 'DAGS_FOLDER/dag_email_robot.py', '--cfg-path', '/tmp/tmp8uxw5s0c']
[2024-07-04T04:20:00.975+0000] {standard_task_runner.py:85} INFO - Job 2362: Subtask id_task_get_emails
[2024-07-04T04:20:01.034+0000] {task_command.py:415} INFO - Running <TaskInstance: reports_workflow.id_task_get_emails scheduled__2024-07-04T04:15:00+00:00 [running]> on host 6f4ef5488251
[2024-07-04T04:20:01.126+0000] {taskinstance.py:1660} INFO - Exporting env vars: AIRFLOW_CTX_DAG_OWNER='FIRDAVS' AIRFLOW_CTX_DAG_ID='reports_workflow' AIRFLOW_CTX_TASK_ID='id_task_get_emails' AIRFLOW_CTX_EXECUTION_DATE='2024-07-04T04:15:00+00:00' AIRFLOW_CTX_TRY_NUMBER='1' AIRFLOW_CTX_DAG_RUN_ID='scheduled__2024-07-04T04:15:00+00:00'
[2024-07-04T04:20:01.127+0000] {logging_mixin.py:151} INFO - path of config file:  /opt/***
[2024-07-04T04:20:01.128+0000] {logging_mixin.py:151} INFO - #>2024-07-04 04:20:01.128196_User@StatDep: EmailRobot in screated.
[2024-07-04T04:20:01.128+0000] {logging_mixin.py:151} INFO - #>2024-07-04 04:20:01.128383_User@StatDep: get_for_recent_emails is started...
[2024-07-04T04:20:01.128+0000] {logging_mixin.py:151} INFO - #>2024-07-04 04:20:01.128514_User@StatDep: pop3_fetch_emails isstarted...
[2024-07-04T04:20:01.707+0000] {logging_mixin.py:151} INFO -    b'+OK'
[2024-07-04T04:20:02.096+0000] {logging_mixin.py:151} INFO -    mailbox have 0 emails and the robot can process 10
[2024-07-04T04:20:02.096+0000] {logging_mixin.py:151} INFO - #>2024-07-04 04:20:02.096780_User@StatDep: no emails to process, exiting pop3_fetch_emails()...
[2024-07-04T04:20:02.097+0000] {python.py:194} INFO - Done. Returned value was: True
[2024-07-04T04:20:02.138+0000] {taskinstance.py:1400} INFO - Marking task as SUCCESS. dag_id=reports_workflow, task_id=id_task_get_emails, execution_date=20240704T041500, start_date=20240704T042000, end_date=20240704T042002
[2024-07-04T04:20:02.184+0000] {local_task_job_runner.py:228} INFO - Task exited with return code 0
[2024-07-04T04:20:02.217+0000] {taskinstance.py:2784} INFO - 1 downstream tasks scheduled from follow-on schedule check
[2024-07-04T05:08:11.565+0000] {taskinstance.py:1159} INFO - Dependencies all met for dep_context=non-requeueable deps ti=<TaskInstance: reports_workflow.id_task_get_emails scheduled__2024-07-04T04:15:00+00:00 [queued]>
[2024-07-04T05:08:11.589+0000] {taskinstance.py:1159} INFO - Dependencies all met for dep_context=requeueable deps ti=<TaskInstance: reports_workflow.id_task_get_emails scheduled__2024-07-04T04:15:00+00:00 [queued]>
[2024-07-04T05:08:11.589+0000] {taskinstance.py:1361} INFO - Starting attempt 1 of 2
[2024-07-04T05:08:11.614+0000] {taskinstance.py:1382} INFO - Executing <Task(PythonOperator): id_task_get_emails> on 2024-07-04 04:15:00+00:00
[2024-07-04T05:08:11.620+0000] {standard_task_runner.py:57} INFO - Started process 42189 to run task
[2024-07-04T05:08:11.625+0000] {standard_task_runner.py:84} INFO - Running: ['***', 'tasks', 'run', 'reports_workflow', 'id_task_get_emails', 'scheduled__2024-07-04T04:15:00+00:00', '--job-id', '2391', '--raw', '--subdir', 'DAGS_FOLDER/dag_email_robot.py', '--cfg-path', '/tmp/tmpmzt62an2']
[2024-07-04T05:08:11.627+0000] {standard_task_runner.py:85} INFO - Job 2391: Subtask id_task_get_emails
[2024-07-04T05:08:11.734+0000] {task_command.py:415} INFO - Running <TaskInstance: reports_workflow.id_task_get_emails scheduled__2024-07-04T04:15:00+00:00 [running]> on host 6f4ef5488251
[2024-07-04T05:08:11.895+0000] {taskinstance.py:1660} INFO - Exporting env vars: AIRFLOW_CTX_DAG_OWNER='FIRDAVS' AIRFLOW_CTX_DAG_ID='reports_workflow' AIRFLOW_CTX_TASK_ID='id_task_get_emails' AIRFLOW_CTX_EXECUTION_DATE='2024-07-04T04:15:00+00:00' AIRFLOW_CTX_TRY_NUMBER='1' AIRFLOW_CTX_DAG_RUN_ID='scheduled__2024-07-04T04:15:00+00:00'
[2024-07-04T05:08:11.900+0000] {logging_mixin.py:151} INFO - path of config file:  /opt/***
[2024-07-04T05:08:11.901+0000] {logging_mixin.py:151} INFO - #>2024-07-04 05:08:11.901380_User@StatDep: EmailRobot in screated.
[2024-07-04T05:08:11.901+0000] {logging_mixin.py:151} INFO - #>2024-07-04 05:08:11.901612_User@StatDep: get_for_recent_emails is started...
[2024-07-04T05:08:11.901+0000] {logging_mixin.py:151} INFO - #>2024-07-04 05:08:11.901763_User@StatDep: pop3_fetch_emails isstarted...
[2024-07-04T05:08:12.273+0000] {logging_mixin.py:151} INFO -    b'+OK'
[2024-07-04T05:08:12.576+0000] {logging_mixin.py:151} INFO -    mailbox have 0 emails and the robot can process 10
[2024-07-04T05:08:12.576+0000] {logging_mixin.py:151} INFO - #>2024-07-04 05:08:12.576365_User@StatDep: no emails to process, exiting pop3_fetch_emails()...
[2024-07-04T05:08:12.576+0000] {python.py:194} INFO - Done. Returned value was: True
[2024-07-04T05:08:12.613+0000] {taskinstance.py:1400} INFO - Marking task as SUCCESS. dag_id=reports_workflow, task_id=id_task_get_emails, execution_date=20240704T041500, start_date=20240704T050811, end_date=20240704T050812
[2024-07-04T05:08:12.659+0000] {local_task_job_runner.py:228} INFO - Task exited with return code 0
[2024-07-04T05:08:12.692+0000] {taskinstance.py:2784} INFO - 1 downstream tasks scheduled from follow-on schedule check
[2024-07-04T05:31:38.658+0000] {taskinstance.py:1159} INFO - Dependencies all met for dep_context=non-requeueable deps ti=<TaskInstance: reports_workflow.id_task_get_emails scheduled__2024-07-04T04:15:00+00:00 [queued]>
[2024-07-04T05:31:38.710+0000] {taskinstance.py:1159} INFO - Dependencies all met for dep_context=requeueable deps ti=<TaskInstance: reports_workflow.id_task_get_emails scheduled__2024-07-04T04:15:00+00:00 [queued]>
[2024-07-04T05:31:38.712+0000] {taskinstance.py:1361} INFO - Starting attempt 1 of 2
[2024-07-04T05:31:38.794+0000] {taskinstance.py:1382} INFO - Executing <Task(PythonOperator): id_task_get_emails> on 2024-07-04 04:15:00+00:00
[2024-07-04T05:31:38.819+0000] {standard_task_runner.py:57} INFO - Started process 42637 to run task
[2024-07-04T05:31:38.844+0000] {standard_task_runner.py:84} INFO - Running: ['***', 'tasks', 'run', 'reports_workflow', 'id_task_get_emails', 'scheduled__2024-07-04T04:15:00+00:00', '--job-id', '2432', '--raw', '--subdir', 'DAGS_FOLDER/dag_email_robot.py', '--cfg-path', '/tmp/tmpl_3__8zw']
[2024-07-04T05:31:38.851+0000] {standard_task_runner.py:85} INFO - Job 2432: Subtask id_task_get_emails
[2024-07-04T05:31:38.973+0000] {task_command.py:415} INFO - Running <TaskInstance: reports_workflow.id_task_get_emails scheduled__2024-07-04T04:15:00+00:00 [running]> on host 6f4ef5488251
[2024-07-04T05:31:39.113+0000] {taskinstance.py:1660} INFO - Exporting env vars: AIRFLOW_CTX_DAG_OWNER='FIRDAVS' AIRFLOW_CTX_DAG_ID='reports_workflow' AIRFLOW_CTX_TASK_ID='id_task_get_emails' AIRFLOW_CTX_EXECUTION_DATE='2024-07-04T04:15:00+00:00' AIRFLOW_CTX_TRY_NUMBER='1' AIRFLOW_CTX_DAG_RUN_ID='scheduled__2024-07-04T04:15:00+00:00'
[2024-07-04T05:31:39.116+0000] {logging_mixin.py:151} INFO - path of config file:  /opt/***
[2024-07-04T05:31:39.116+0000] {logging_mixin.py:151} INFO - #>2024-07-04 05:31:39.116612_User@StatDep: EmailRobot in screated.
[2024-07-04T05:31:39.116+0000] {logging_mixin.py:151} INFO - #>2024-07-04 05:31:39.116832_User@StatDep: get_for_recent_emails is started...
[2024-07-04T05:31:39.116+0000] {logging_mixin.py:151} INFO - #>2024-07-04 05:31:39.116969_User@StatDep: pop3_fetch_emails isstarted...
[2024-07-04T05:31:39.485+0000] {logging_mixin.py:151} INFO -    b'+OK'
[2024-07-04T05:31:39.758+0000] {logging_mixin.py:151} INFO -    mailbox have 0 emails and the robot can process 10
[2024-07-04T05:31:39.759+0000] {logging_mixin.py:151} INFO - #>2024-07-04 05:31:39.758986_User@StatDep: no emails to process, exiting pop3_fetch_emails()...
[2024-07-04T05:31:39.759+0000] {python.py:194} INFO - Done. Returned value was: True
[2024-07-04T05:31:39.816+0000] {taskinstance.py:1400} INFO - Marking task as SUCCESS. dag_id=reports_workflow, task_id=id_task_get_emails, execution_date=20240704T041500, start_date=20240704T053138, end_date=20240704T053139
[2024-07-04T05:31:39.876+0000] {local_task_job_runner.py:228} INFO - Task exited with return code 0
[2024-07-04T05:31:39.920+0000] {taskinstance.py:2784} INFO - 1 downstream tasks scheduled from follow-on schedule check
[2024-07-04T05:34:51.912+0000] {taskinstance.py:1159} INFO - Dependencies all met for dep_context=non-requeueable deps ti=<TaskInstance: reports_workflow.id_task_get_emails scheduled__2024-07-04T04:15:00+00:00 [queued]>
[2024-07-04T05:34:51.967+0000] {taskinstance.py:1159} INFO - Dependencies all met for dep_context=requeueable deps ti=<TaskInstance: reports_workflow.id_task_get_emails scheduled__2024-07-04T04:15:00+00:00 [queued]>
[2024-07-04T05:34:51.967+0000] {taskinstance.py:1361} INFO - Starting attempt 1 of 2
[2024-07-04T05:34:52.018+0000] {taskinstance.py:1382} INFO - Executing <Task(PythonOperator): id_task_get_emails> on 2024-07-04 04:15:00+00:00
[2024-07-04T05:34:52.035+0000] {standard_task_runner.py:57} INFO - Started process 42785 to run task
[2024-07-04T05:34:52.067+0000] {standard_task_runner.py:84} INFO - Running: ['***', 'tasks', 'run', 'reports_workflow', 'id_task_get_emails', 'scheduled__2024-07-04T04:15:00+00:00', '--job-id', '2482', '--raw', '--subdir', 'DAGS_FOLDER/dag_email_robot.py', '--cfg-path', '/tmp/tmphjps0ff2']
[2024-07-04T05:34:52.077+0000] {standard_task_runner.py:85} INFO - Job 2482: Subtask id_task_get_emails
[2024-07-04T05:34:52.259+0000] {task_command.py:415} INFO - Running <TaskInstance: reports_workflow.id_task_get_emails scheduled__2024-07-04T04:15:00+00:00 [running]> on host 6f4ef5488251
[2024-07-04T05:34:52.458+0000] {taskinstance.py:1660} INFO - Exporting env vars: AIRFLOW_CTX_DAG_OWNER='FIRDAVS' AIRFLOW_CTX_DAG_ID='reports_workflow' AIRFLOW_CTX_TASK_ID='id_task_get_emails' AIRFLOW_CTX_EXECUTION_DATE='2024-07-04T04:15:00+00:00' AIRFLOW_CTX_TRY_NUMBER='1' AIRFLOW_CTX_DAG_RUN_ID='scheduled__2024-07-04T04:15:00+00:00'
[2024-07-04T05:34:52.464+0000] {logging_mixin.py:151} INFO - path of config file:  /opt/***
[2024-07-04T05:34:52.467+0000] {logging_mixin.py:151} INFO - #>2024-07-04 05:34:52.467726_User@StatDep: EmailRobot in screated.
[2024-07-04T05:34:52.471+0000] {logging_mixin.py:151} INFO - #>2024-07-04 05:34:52.471282_User@StatDep: get_for_recent_emails is started...
[2024-07-04T05:34:52.475+0000] {logging_mixin.py:151} INFO - #>2024-07-04 05:34:52.475759_User@StatDep: pop3_fetch_emails isstarted...
[2024-07-04T05:34:52.879+0000] {logging_mixin.py:151} INFO -    b'+OK'
[2024-07-04T05:34:53.163+0000] {logging_mixin.py:151} INFO -    mailbox have 0 emails and the robot can process 10
[2024-07-04T05:34:53.164+0000] {logging_mixin.py:151} INFO - #>2024-07-04 05:34:53.164834_User@StatDep: no emails to process, exiting pop3_fetch_emails()...
[2024-07-04T05:34:53.165+0000] {python.py:194} INFO - Done. Returned value was: True
[2024-07-04T05:34:53.208+0000] {taskinstance.py:1400} INFO - Marking task as SUCCESS. dag_id=reports_workflow, task_id=id_task_get_emails, execution_date=20240704T041500, start_date=20240704T053451, end_date=20240704T053453
[2024-07-04T05:34:53.275+0000] {local_task_job_runner.py:228} INFO - Task exited with return code 0
[2024-07-04T05:34:53.345+0000] {taskinstance.py:2784} INFO - 1 downstream tasks scheduled from follow-on schedule check
