[2024-07-23T10:36:45.992+0000] {taskinstance.py:1159} INFO - Dependencies all met for dep_context=non-requeueable deps ti=<TaskInstance: reports_workflow.id_task_get_emails scheduled__2024-07-23T10:30:00+00:00 [queued]>
[2024-07-23T10:36:46.003+0000] {taskinstance.py:1159} INFO - Dependencies all met for dep_context=requeueable deps ti=<TaskInstance: reports_workflow.id_task_get_emails scheduled__2024-07-23T10:30:00+00:00 [queued]>
[2024-07-23T10:36:46.003+0000] {taskinstance.py:1361} INFO - Starting attempt 1 of 2
[2024-07-23T10:36:46.022+0000] {taskinstance.py:1382} INFO - Executing <Task(PythonOperator): id_task_get_emails> on 2024-07-23 10:30:00+00:00
[2024-07-23T10:36:46.028+0000] {standard_task_runner.py:57} INFO - Started process 85553 to run task
[2024-07-23T10:36:46.035+0000] {standard_task_runner.py:84} INFO - Running: ['***', 'tasks', 'run', 'reports_workflow', 'id_task_get_emails', 'scheduled__2024-07-23T10:30:00+00:00', '--job-id', '7229', '--raw', '--subdir', 'DAGS_FOLDER/dag_email_robot.py', '--cfg-path', '/tmp/tmpee6gy4r5']
[2024-07-23T10:36:46.042+0000] {standard_task_runner.py:85} INFO - Job 7229: Subtask id_task_get_emails
[2024-07-23T10:36:46.215+0000] {task_command.py:415} INFO - Running <TaskInstance: reports_workflow.id_task_get_emails scheduled__2024-07-23T10:30:00+00:00 [running]> on host 6f4ef5488251
[2024-07-23T10:36:46.420+0000] {taskinstance.py:1660} INFO - Exporting env vars: AIRFLOW_CTX_DAG_OWNER='FIRDAVS' AIRFLOW_CTX_DAG_ID='reports_workflow' AIRFLOW_CTX_TASK_ID='id_task_get_emails' AIRFLOW_CTX_EXECUTION_DATE='2024-07-23T10:30:00+00:00' AIRFLOW_CTX_TRY_NUMBER='1' AIRFLOW_CTX_DAG_RUN_ID='scheduled__2024-07-23T10:30:00+00:00'
[2024-07-23T10:36:46.422+0000] {logging_mixin.py:151} INFO - path of config file:  /opt/***
[2024-07-23T10:36:46.423+0000] {logging_mixin.py:151} INFO - #>2024-07-23 10:36:46.423439_User@StatDep: EmailRobot in screated.
[2024-07-23T10:36:46.423+0000] {logging_mixin.py:151} INFO - #>2024-07-23 10:36:46.423642_User@StatDep: get_for_recent_emails is started...
[2024-07-23T10:36:46.423+0000] {logging_mixin.py:151} INFO - #>2024-07-23 10:36:46.423788_User@StatDep: pop3_fetch_emails isstarted...
[2024-07-23T10:36:47.178+0000] {logging_mixin.py:151} INFO -    b'+OK'
[2024-07-23T10:36:47.630+0000] {logging_mixin.py:151} INFO -    mailbox have 2 emails and the robot can process 10
[2024-07-23T10:36:48.010+0000] {logging_mixin.py:151} INFO -    #>2024-07-23 10:36:48.010135_conneciton to db is set.
[2024-07-23T10:36:48.015+0000] {logging_mixin.py:151} INFO -    #>2024-07-23 10:36:48.014910_cursor execution is successful.
[2024-07-23T10:36:48.015+0000] {logging_mixin.py:151} INFO -    Email from 2024-07-23 09:43:30,  Мунис Пиров <3d_0001@mail.ru>  with statis 1 and attachement name 1HK.v0.1626.31012024.xlsx uploaded to db
[2024-07-23T10:36:48.078+0000] {logging_mixin.py:151} INFO -    deletion of email after inserting into database +OK message 1 deleted
[2024-07-23T10:36:48.378+0000] {logging_mixin.py:151} INFO -    #>2024-07-23 10:36:48.378713_conneciton to db is set.
[2024-07-23T10:36:48.390+0000] {logging_mixin.py:151} INFO -    #>2024-07-23 10:36:48.390148_cursor execution is successful.
[2024-07-23T10:36:48.391+0000] {logging_mixin.py:151} INFO -    Email from 2024-07-23 13:01:01,  Мунис Пиров <3d_0001@mail.ru>  with statis 1 and attachement name 1HK.v0.1626.31012024.xlsx uploaded to db
[2024-07-23T10:36:48.470+0000] {logging_mixin.py:151} INFO -    deletion of email after inserting into database +OK message 2 deleted
[2024-07-23T10:36:48.551+0000] {logging_mixin.py:151} INFO - #>2024-07-23 10:36:48.551683_User@StatDep: pop3_fetch_emails is successful.
[2024-07-23T10:36:48.552+0000] {python.py:194} INFO - Done. Returned value was: True
[2024-07-23T10:36:48.861+0000] {taskinstance.py:1400} INFO - Marking task as SUCCESS. dag_id=reports_workflow, task_id=id_task_get_emails, execution_date=20240723T103000, start_date=20240723T103645, end_date=20240723T103648
[2024-07-23T10:36:48.905+0000] {local_task_job_runner.py:228} INFO - Task exited with return code 0
[2024-07-23T10:36:48.942+0000] {taskinstance.py:2784} INFO - 1 downstream tasks scheduled from follow-on schedule check
