[2024-07-03T14:42:02.136+0000] {taskinstance.py:1159} INFO - Dependencies all met for dep_context=non-requeueable deps ti=<TaskInstance: reports_workflow.id_task_send_emails scheduled__2024-07-01T07:15:00+00:00 [queued]>
[2024-07-03T14:42:02.184+0000] {taskinstance.py:1159} INFO - Dependencies all met for dep_context=requeueable deps ti=<TaskInstance: reports_workflow.id_task_send_emails scheduled__2024-07-01T07:15:00+00:00 [queued]>
[2024-07-03T14:42:02.189+0000] {taskinstance.py:1361} INFO - Starting attempt 1 of 2
[2024-07-03T14:42:02.266+0000] {taskinstance.py:1382} INFO - Executing <Task(PythonOperator): id_task_send_emails> on 2024-07-01 07:15:00+00:00
[2024-07-03T14:42:02.281+0000] {standard_task_runner.py:57} INFO - Started process 27936 to run task
[2024-07-03T14:42:02.307+0000] {standard_task_runner.py:84} INFO - Running: ['***', 'tasks', 'run', 'reports_workflow', 'id_task_send_emails', 'scheduled__2024-07-01T07:15:00+00:00', '--job-id', '1886', '--raw', '--subdir', 'DAGS_FOLDER/dag_email_robot.py', '--cfg-path', '/tmp/tmpp50gtxz5']
[2024-07-03T14:42:02.309+0000] {standard_task_runner.py:85} INFO - Job 1886: Subtask id_task_send_emails
[2024-07-03T14:42:02.468+0000] {task_command.py:415} INFO - Running <TaskInstance: reports_workflow.id_task_send_emails scheduled__2024-07-01T07:15:00+00:00 [running]> on host 6f4ef5488251
[2024-07-03T14:42:02.662+0000] {taskinstance.py:1660} INFO - Exporting env vars: AIRFLOW_CTX_DAG_OWNER='FIRDAVS' AIRFLOW_CTX_DAG_ID='reports_workflow' AIRFLOW_CTX_TASK_ID='id_task_send_emails' AIRFLOW_CTX_EXECUTION_DATE='2024-07-01T07:15:00+00:00' AIRFLOW_CTX_TRY_NUMBER='1' AIRFLOW_CTX_DAG_RUN_ID='scheduled__2024-07-01T07:15:00+00:00'
[2024-07-03T14:42:02.663+0000] {logging_mixin.py:151} INFO - path of config file:  /opt/***
[2024-07-03T14:42:02.664+0000] {logging_mixin.py:151} INFO - #>2024-07-03 14:42:02.664112_User@StatDep: EmailRobot in screated.
[2024-07-03T14:42:02.664+0000] {logging_mixin.py:151} INFO - #>2024-07-03 14:42:02.664301_User@StatDep: send_validation_results is started...
[2024-07-03T14:42:02.680+0000] {logging_mixin.py:151} INFO -    #>2024-07-03 14:42:02.680189_conneciton to db is set.
[2024-07-03T14:42:02.683+0000] {logging_mixin.py:151} INFO -    #>2024-07-03 14:42:02.683770_cursor execution is successful.
[2024-07-03T14:42:02.684+0000] {logging_mixin.py:151} INFO -    There is no any new submissions found. The get_validation_results is over.
[2024-07-03T14:42:02.686+0000] {python.py:194} INFO - Done. Returned value was: True
[2024-07-03T14:42:02.744+0000] {taskinstance.py:1400} INFO - Marking task as SUCCESS. dag_id=reports_workflow, task_id=id_task_send_emails, execution_date=20240701T071500, start_date=20240703T144202, end_date=20240703T144202
[2024-07-03T14:42:02.810+0000] {local_task_job_runner.py:228} INFO - Task exited with return code 0
[2024-07-03T14:42:02.841+0000] {taskinstance.py:2784} INFO - 0 downstream tasks scheduled from follow-on schedule check
[2024-07-03T14:42:46.208+0000] {taskinstance.py:1159} INFO - Dependencies all met for dep_context=non-requeueable deps ti=<TaskInstance: reports_workflow.id_task_send_emails scheduled__2024-07-01T07:15:00+00:00 [queued]>
[2024-07-03T14:42:46.244+0000] {taskinstance.py:1159} INFO - Dependencies all met for dep_context=requeueable deps ti=<TaskInstance: reports_workflow.id_task_send_emails scheduled__2024-07-01T07:15:00+00:00 [queued]>
[2024-07-03T14:42:46.244+0000] {taskinstance.py:1361} INFO - Starting attempt 1 of 2
[2024-07-03T14:42:46.315+0000] {taskinstance.py:1382} INFO - Executing <Task(PythonOperator): id_task_send_emails> on 2024-07-01 07:15:00+00:00
[2024-07-03T14:42:46.320+0000] {standard_task_runner.py:57} INFO - Started process 27995 to run task
[2024-07-03T14:42:46.345+0000] {standard_task_runner.py:84} INFO - Running: ['***', 'tasks', 'run', 'reports_workflow', 'id_task_send_emails', 'scheduled__2024-07-01T07:15:00+00:00', '--job-id', '1912', '--raw', '--subdir', 'DAGS_FOLDER/dag_email_robot.py', '--cfg-path', '/tmp/tmpx4wotfd_']
[2024-07-03T14:42:46.346+0000] {standard_task_runner.py:85} INFO - Job 1912: Subtask id_task_send_emails
[2024-07-03T14:42:46.506+0000] {task_command.py:415} INFO - Running <TaskInstance: reports_workflow.id_task_send_emails scheduled__2024-07-01T07:15:00+00:00 [running]> on host 6f4ef5488251
[2024-07-03T14:42:46.813+0000] {taskinstance.py:1660} INFO - Exporting env vars: AIRFLOW_CTX_DAG_OWNER='FIRDAVS' AIRFLOW_CTX_DAG_ID='reports_workflow' AIRFLOW_CTX_TASK_ID='id_task_send_emails' AIRFLOW_CTX_EXECUTION_DATE='2024-07-01T07:15:00+00:00' AIRFLOW_CTX_TRY_NUMBER='1' AIRFLOW_CTX_DAG_RUN_ID='scheduled__2024-07-01T07:15:00+00:00'
[2024-07-03T14:42:46.815+0000] {logging_mixin.py:151} INFO - path of config file:  /opt/***
[2024-07-03T14:42:46.823+0000] {logging_mixin.py:151} INFO - #>2024-07-03 14:42:46.823084_User@StatDep: EmailRobot in screated.
[2024-07-03T14:42:46.827+0000] {logging_mixin.py:151} INFO - #>2024-07-03 14:42:46.827716_User@StatDep: send_validation_results is started...
[2024-07-03T14:42:46.867+0000] {logging_mixin.py:151} INFO -    #>2024-07-03 14:42:46.867867_conneciton to db is set.
[2024-07-03T14:42:46.878+0000] {logging_mixin.py:151} INFO -    #>2024-07-03 14:42:46.878476_cursor execution is successful.
[2024-07-03T14:42:46.879+0000] {logging_mixin.py:151} INFO -    There is no any new submissions found. The get_validation_results is over.
[2024-07-03T14:42:46.882+0000] {python.py:194} INFO - Done. Returned value was: True
[2024-07-03T14:42:47.014+0000] {taskinstance.py:1400} INFO - Marking task as SUCCESS. dag_id=reports_workflow, task_id=id_task_send_emails, execution_date=20240701T071500, start_date=20240703T144246, end_date=20240703T144247
[2024-07-03T14:42:47.126+0000] {local_task_job_runner.py:228} INFO - Task exited with return code 0
[2024-07-03T14:42:47.205+0000] {taskinstance.py:2784} INFO - 0 downstream tasks scheduled from follow-on schedule check
