[2024-07-08T06:40:04.734+0000] {taskinstance.py:1159} INFO - Dependencies all met for dep_context=non-requeueable deps ti=<TaskInstance: reports_workflow.id_task_send_emails scheduled__2024-07-08T06:35:00+00:00 [queued]>
[2024-07-08T06:40:04.743+0000] {taskinstance.py:1159} INFO - Dependencies all met for dep_context=requeueable deps ti=<TaskInstance: reports_workflow.id_task_send_emails scheduled__2024-07-08T06:35:00+00:00 [queued]>
[2024-07-08T06:40:04.743+0000] {taskinstance.py:1361} INFO - Starting attempt 1 of 2
[2024-07-08T06:40:04.754+0000] {taskinstance.py:1382} INFO - Executing <Task(PythonOperator): id_task_send_emails> on 2024-07-08 06:35:00+00:00
[2024-07-08T06:40:04.760+0000] {standard_task_runner.py:57} INFO - Started process 3937 to run task
[2024-07-08T06:40:04.770+0000] {standard_task_runner.py:84} INFO - Running: ['***', 'tasks', 'run', 'reports_workflow', 'id_task_send_emails', 'scheduled__2024-07-08T06:35:00+00:00', '--job-id', '3573', '--raw', '--subdir', 'DAGS_FOLDER/dag_email_robot.py', '--cfg-path', '/tmp/tmp2w_2p8dk']
[2024-07-08T06:40:04.775+0000] {standard_task_runner.py:85} INFO - Job 3573: Subtask id_task_send_emails
[2024-07-08T06:40:04.861+0000] {task_command.py:415} INFO - Running <TaskInstance: reports_workflow.id_task_send_emails scheduled__2024-07-08T06:35:00+00:00 [running]> on host 6f4ef5488251
[2024-07-08T06:40:04.980+0000] {taskinstance.py:1660} INFO - Exporting env vars: AIRFLOW_CTX_DAG_OWNER='FIRDAVS' AIRFLOW_CTX_DAG_ID='reports_workflow' AIRFLOW_CTX_TASK_ID='id_task_send_emails' AIRFLOW_CTX_EXECUTION_DATE='2024-07-08T06:35:00+00:00' AIRFLOW_CTX_TRY_NUMBER='1' AIRFLOW_CTX_DAG_RUN_ID='scheduled__2024-07-08T06:35:00+00:00'
[2024-07-08T06:40:04.982+0000] {logging_mixin.py:151} INFO - path of config file:  /opt/***
[2024-07-08T06:40:04.982+0000] {logging_mixin.py:151} INFO - #>2024-07-08 06:40:04.982582_User@StatDep: EmailRobot in screated.
[2024-07-08T06:40:04.982+0000] {logging_mixin.py:151} INFO - #>2024-07-08 06:40:04.982794_User@StatDep: send_validation_results is started...
[2024-07-08T06:40:04.993+0000] {logging_mixin.py:151} INFO -    #>2024-07-08 06:40:04.993246_conneciton to db is set.
[2024-07-08T06:40:04.995+0000] {logging_mixin.py:151} INFO -    #>2024-07-08 06:40:04.995287_cursor execution is successful.
[2024-07-08T06:40:04.995+0000] {logging_mixin.py:151} INFO -    There is no any new submissions found. The get_validation_results is over.
[2024-07-08T06:40:04.995+0000] {python.py:194} INFO - Done. Returned value was: True
[2024-07-08T06:40:05.023+0000] {taskinstance.py:1400} INFO - Marking task as SUCCESS. dag_id=reports_workflow, task_id=id_task_send_emails, execution_date=20240708T063500, start_date=20240708T064004, end_date=20240708T064005
[2024-07-08T06:40:05.056+0000] {local_task_job_runner.py:228} INFO - Task exited with return code 0
[2024-07-08T06:40:05.089+0000] {taskinstance.py:2784} INFO - 0 downstream tasks scheduled from follow-on schedule check
[2024-07-08T10:13:40.640+0000] {taskinstance.py:1159} INFO - Dependencies all met for dep_context=non-requeueable deps ti=<TaskInstance: reports_workflow.id_task_send_emails scheduled__2024-07-08T06:35:00+00:00 [queued]>
[2024-07-08T10:13:40.653+0000] {taskinstance.py:1159} INFO - Dependencies all met for dep_context=requeueable deps ti=<TaskInstance: reports_workflow.id_task_send_emails scheduled__2024-07-08T06:35:00+00:00 [queued]>
[2024-07-08T10:13:40.654+0000] {taskinstance.py:1361} INFO - Starting attempt 1 of 2
[2024-07-08T10:13:40.671+0000] {taskinstance.py:1382} INFO - Executing <Task(PythonOperator): id_task_send_emails> on 2024-07-08 06:35:00+00:00
[2024-07-08T10:13:40.694+0000] {standard_task_runner.py:57} INFO - Started process 7746 to run task
[2024-07-08T10:13:40.715+0000] {standard_task_runner.py:84} INFO - Running: ['***', 'tasks', 'run', 'reports_workflow', 'id_task_send_emails', 'scheduled__2024-07-08T06:35:00+00:00', '--job-id', '3742', '--raw', '--subdir', 'DAGS_FOLDER/dag_email_robot.py', '--cfg-path', '/tmp/tmpme04z1ic']
[2024-07-08T10:13:40.721+0000] {standard_task_runner.py:85} INFO - Job 3742: Subtask id_task_send_emails
[2024-07-08T10:13:40.914+0000] {task_command.py:415} INFO - Running <TaskInstance: reports_workflow.id_task_send_emails scheduled__2024-07-08T06:35:00+00:00 [running]> on host 6f4ef5488251
[2024-07-08T10:13:42.258+0000] {taskinstance.py:1660} INFO - Exporting env vars: AIRFLOW_CTX_DAG_OWNER='FIRDAVS' AIRFLOW_CTX_DAG_ID='reports_workflow' AIRFLOW_CTX_TASK_ID='id_task_send_emails' AIRFLOW_CTX_EXECUTION_DATE='2024-07-08T06:35:00+00:00' AIRFLOW_CTX_TRY_NUMBER='1' AIRFLOW_CTX_DAG_RUN_ID='scheduled__2024-07-08T06:35:00+00:00'
[2024-07-08T10:13:42.259+0000] {logging_mixin.py:151} INFO - path of config file:  /opt/***
[2024-07-08T10:13:42.260+0000] {logging_mixin.py:151} INFO - #>2024-07-08 10:13:42.260486_User@StatDep: EmailRobot in screated.
[2024-07-08T10:13:42.260+0000] {logging_mixin.py:151} INFO - #>2024-07-08 10:13:42.260685_User@StatDep: send_validation_results is started...
[2024-07-08T10:13:42.444+0000] {logging_mixin.py:151} INFO -    #>2024-07-08 10:13:42.444153_conneciton to db is set.
[2024-07-08T10:13:42.448+0000] {logging_mixin.py:151} INFO -    #>2024-07-08 10:13:42.448550_cursor execution is successful.
[2024-07-08T10:13:42.448+0000] {logging_mixin.py:151} INFO -    There is no any new submissions found. The get_validation_results is over.
[2024-07-08T10:13:42.449+0000] {python.py:194} INFO - Done. Returned value was: True
[2024-07-08T10:13:42.524+0000] {taskinstance.py:1400} INFO - Marking task as SUCCESS. dag_id=reports_workflow, task_id=id_task_send_emails, execution_date=20240708T063500, start_date=20240708T101340, end_date=20240708T101342
[2024-07-08T10:13:42.574+0000] {local_task_job_runner.py:228} INFO - Task exited with return code 0
[2024-07-08T10:13:42.597+0000] {taskinstance.py:2784} INFO - 0 downstream tasks scheduled from follow-on schedule check
[2024-07-08T10:22:07.213+0000] {taskinstance.py:1159} INFO - Dependencies all met for dep_context=non-requeueable deps ti=<TaskInstance: reports_workflow.id_task_send_emails scheduled__2024-07-08T06:35:00+00:00 [queued]>
[2024-07-08T10:22:07.222+0000] {taskinstance.py:1159} INFO - Dependencies all met for dep_context=requeueable deps ti=<TaskInstance: reports_workflow.id_task_send_emails scheduled__2024-07-08T06:35:00+00:00 [queued]>
[2024-07-08T10:22:07.223+0000] {taskinstance.py:1361} INFO - Starting attempt 1 of 2
[2024-07-08T10:22:07.237+0000] {taskinstance.py:1382} INFO - Executing <Task(PythonOperator): id_task_send_emails> on 2024-07-08 06:35:00+00:00
[2024-07-08T10:22:07.243+0000] {standard_task_runner.py:57} INFO - Started process 8013 to run task
[2024-07-08T10:22:07.248+0000] {standard_task_runner.py:84} INFO - Running: ['***', 'tasks', 'run', 'reports_workflow', 'id_task_send_emails', 'scheduled__2024-07-08T06:35:00+00:00', '--job-id', '3794', '--raw', '--subdir', 'DAGS_FOLDER/dag_email_robot.py', '--cfg-path', '/tmp/tmp9gjzra28']
[2024-07-08T10:22:07.252+0000] {standard_task_runner.py:85} INFO - Job 3794: Subtask id_task_send_emails
[2024-07-08T10:22:07.318+0000] {task_command.py:415} INFO - Running <TaskInstance: reports_workflow.id_task_send_emails scheduled__2024-07-08T06:35:00+00:00 [running]> on host 6f4ef5488251
[2024-07-08T10:22:07.401+0000] {taskinstance.py:1660} INFO - Exporting env vars: AIRFLOW_CTX_DAG_OWNER='FIRDAVS' AIRFLOW_CTX_DAG_ID='reports_workflow' AIRFLOW_CTX_TASK_ID='id_task_send_emails' AIRFLOW_CTX_EXECUTION_DATE='2024-07-08T06:35:00+00:00' AIRFLOW_CTX_TRY_NUMBER='1' AIRFLOW_CTX_DAG_RUN_ID='scheduled__2024-07-08T06:35:00+00:00'
[2024-07-08T10:22:07.405+0000] {logging_mixin.py:151} INFO - path of config file:  /opt/***
[2024-07-08T10:22:07.406+0000] {logging_mixin.py:151} INFO - #>2024-07-08 10:22:07.406668_User@StatDep: EmailRobot in screated.
[2024-07-08T10:22:07.407+0000] {logging_mixin.py:151} INFO - #>2024-07-08 10:22:07.407042_User@StatDep: send_validation_results is started...
[2024-07-08T10:22:07.426+0000] {logging_mixin.py:151} INFO -    #>2024-07-08 10:22:07.426357_conneciton to db is set.
[2024-07-08T10:22:07.428+0000] {logging_mixin.py:151} INFO -    #>2024-07-08 10:22:07.428433_cursor execution is successful.
[2024-07-08T10:22:07.428+0000] {logging_mixin.py:151} INFO -    There is no any new submissions found. The get_validation_results is over.
[2024-07-08T10:22:07.429+0000] {python.py:194} INFO - Done. Returned value was: True
[2024-07-08T10:22:07.463+0000] {taskinstance.py:1400} INFO - Marking task as SUCCESS. dag_id=reports_workflow, task_id=id_task_send_emails, execution_date=20240708T063500, start_date=20240708T102207, end_date=20240708T102207
[2024-07-08T10:22:07.502+0000] {local_task_job_runner.py:228} INFO - Task exited with return code 0
[2024-07-08T10:22:07.528+0000] {taskinstance.py:2784} INFO - 0 downstream tasks scheduled from follow-on schedule check
[2024-07-08T10:26:59.496+0000] {taskinstance.py:1159} INFO - Dependencies all met for dep_context=non-requeueable deps ti=<TaskInstance: reports_workflow.id_task_send_emails scheduled__2024-07-08T06:35:00+00:00 [queued]>
[2024-07-08T10:26:59.504+0000] {taskinstance.py:1159} INFO - Dependencies all met for dep_context=requeueable deps ti=<TaskInstance: reports_workflow.id_task_send_emails scheduled__2024-07-08T06:35:00+00:00 [queued]>
[2024-07-08T10:26:59.505+0000] {taskinstance.py:1361} INFO - Starting attempt 1 of 2
[2024-07-08T10:26:59.518+0000] {taskinstance.py:1382} INFO - Executing <Task(PythonOperator): id_task_send_emails> on 2024-07-08 06:35:00+00:00
[2024-07-08T10:26:59.524+0000] {standard_task_runner.py:57} INFO - Started process 8736 to run task
[2024-07-08T10:26:59.533+0000] {standard_task_runner.py:84} INFO - Running: ['***', 'tasks', 'run', 'reports_workflow', 'id_task_send_emails', 'scheduled__2024-07-08T06:35:00+00:00', '--job-id', '4011', '--raw', '--subdir', 'DAGS_FOLDER/dag_email_robot.py', '--cfg-path', '/tmp/tmpyxjo8a6r']
[2024-07-08T10:26:59.539+0000] {standard_task_runner.py:85} INFO - Job 4011: Subtask id_task_send_emails
[2024-07-08T10:26:59.597+0000] {task_command.py:415} INFO - Running <TaskInstance: reports_workflow.id_task_send_emails scheduled__2024-07-08T06:35:00+00:00 [running]> on host 6f4ef5488251
[2024-07-08T10:26:59.719+0000] {taskinstance.py:1660} INFO - Exporting env vars: AIRFLOW_CTX_DAG_OWNER='FIRDAVS' AIRFLOW_CTX_DAG_ID='reports_workflow' AIRFLOW_CTX_TASK_ID='id_task_send_emails' AIRFLOW_CTX_EXECUTION_DATE='2024-07-08T06:35:00+00:00' AIRFLOW_CTX_TRY_NUMBER='1' AIRFLOW_CTX_DAG_RUN_ID='scheduled__2024-07-08T06:35:00+00:00'
[2024-07-08T10:26:59.721+0000] {logging_mixin.py:151} INFO - path of config file:  /opt/***
[2024-07-08T10:26:59.722+0000] {logging_mixin.py:151} INFO - #>2024-07-08 10:26:59.722375_User@StatDep: EmailRobot in screated.
[2024-07-08T10:26:59.722+0000] {logging_mixin.py:151} INFO - #>2024-07-08 10:26:59.722622_User@StatDep: send_validation_results is started...
[2024-07-08T10:26:59.733+0000] {logging_mixin.py:151} INFO -    #>2024-07-08 10:26:59.733645_conneciton to db is set.
[2024-07-08T10:26:59.736+0000] {logging_mixin.py:151} INFO -    #>2024-07-08 10:26:59.736510_cursor execution is successful.
[2024-07-08T10:26:59.736+0000] {logging_mixin.py:151} INFO -    There is no any new submissions found. The get_validation_results is over.
[2024-07-08T10:26:59.737+0000] {python.py:194} INFO - Done. Returned value was: True
[2024-07-08T10:26:59.765+0000] {taskinstance.py:1400} INFO - Marking task as SUCCESS. dag_id=reports_workflow, task_id=id_task_send_emails, execution_date=20240708T063500, start_date=20240708T102659, end_date=20240708T102659
[2024-07-08T10:26:59.784+0000] {local_task_job_runner.py:228} INFO - Task exited with return code 0
[2024-07-08T10:26:59.808+0000] {taskinstance.py:2784} INFO - 0 downstream tasks scheduled from follow-on schedule check
