[2024-07-03T12:22:42.861+0000] {taskinstance.py:1159} INFO - Dependencies all met for dep_context=non-requeueable deps ti=<TaskInstance: reports_workflow.id_task_send_emails scheduled__2024-07-02T07:20:00+00:00 [queued]>
[2024-07-03T12:22:42.871+0000] {taskinstance.py:1159} INFO - Dependencies all met for dep_context=requeueable deps ti=<TaskInstance: reports_workflow.id_task_send_emails scheduled__2024-07-02T07:20:00+00:00 [queued]>
[2024-07-03T12:22:42.872+0000] {taskinstance.py:1361} INFO - Starting attempt 1 of 1
[2024-07-03T12:22:42.883+0000] {taskinstance.py:1382} INFO - Executing <Task(PythonOperator): id_task_send_emails> on 2024-07-02 07:20:00+00:00
[2024-07-03T12:22:42.889+0000] {standard_task_runner.py:57} INFO - Started process 24191 to run task
[2024-07-03T12:22:42.895+0000] {standard_task_runner.py:84} INFO - Running: ['***', 'tasks', 'run', 'reports_workflow', 'id_task_send_emails', 'scheduled__2024-07-02T07:20:00+00:00', '--job-id', '1073', '--raw', '--subdir', 'DAGS_FOLDER/dag_email_robot.py', '--cfg-path', '/tmp/tmp0wdb6vwk']
[2024-07-03T12:22:42.897+0000] {standard_task_runner.py:85} INFO - Job 1073: Subtask id_task_send_emails
[2024-07-03T12:22:42.950+0000] {task_command.py:415} INFO - Running <TaskInstance: reports_workflow.id_task_send_emails scheduled__2024-07-02T07:20:00+00:00 [running]> on host 6f4ef5488251
[2024-07-03T12:22:43.032+0000] {taskinstance.py:1660} INFO - Exporting env vars: AIRFLOW_CTX_DAG_OWNER='FIRDAVS' AIRFLOW_CTX_DAG_ID='reports_workflow' AIRFLOW_CTX_TASK_ID='id_task_send_emails' AIRFLOW_CTX_EXECUTION_DATE='2024-07-02T07:20:00+00:00' AIRFLOW_CTX_TRY_NUMBER='1' AIRFLOW_CTX_DAG_RUN_ID='scheduled__2024-07-02T07:20:00+00:00'
[2024-07-03T12:22:43.034+0000] {logging_mixin.py:151} INFO - path of config file:  /opt/***
[2024-07-03T12:22:43.035+0000] {logging_mixin.py:151} INFO - #>2024-07-03 12:22:43.035043_User@StatDep: EmailRobot in screated.
[2024-07-03T12:22:43.035+0000] {logging_mixin.py:151} INFO - #>2024-07-03 12:22:43.035381_User@StatDep: send_validation_results is started...
[2024-07-03T12:22:43.044+0000] {logging_mixin.py:151} INFO -    #>2024-07-03 12:22:43.044923_conneciton to db is set.
[2024-07-03T12:22:43.046+0000] {logging_mixin.py:151} INFO -    #>2024-07-03 12:22:43.046899_cursor execution is successful.
[2024-07-03T12:22:43.047+0000] {logging_mixin.py:151} INFO -    extracted information for about report sumbissions found...
[2024-07-03T12:22:45.555+0000] {logging_mixin.py:151} INFO - #>2024-07-03 12:22:45.554881_User@StatDep: email object ready to be sent:
[2024-07-03T12:22:45.943+0000] {logging_mixin.py:151} WARNING - send: 'ehlo [172.20.0.6]\r\n'
[2024-07-03T12:22:46.007+0000] {logging_mixin.py:151} WARNING - reply: b'250-smtp54.i.mail.ru\r\n'
[2024-07-03T12:22:46.008+0000] {logging_mixin.py:151} WARNING - reply: b'250-SIZE 73400320\r\n'
[2024-07-03T12:22:46.008+0000] {logging_mixin.py:151} WARNING - reply: b'250-8BITMIME\r\n'
[2024-07-03T12:22:46.009+0000] {logging_mixin.py:151} WARNING - reply: b'250-PIPELINING\r\n'
[2024-07-03T12:22:46.009+0000] {logging_mixin.py:151} WARNING - reply: b'250-DSN\r\n'
[2024-07-03T12:22:46.009+0000] {logging_mixin.py:151} WARNING - reply: b'250-SMTPUTF8\r\n'
[2024-07-03T12:22:46.010+0000] {logging_mixin.py:151} WARNING - reply: b'250 AUTH PLAIN LOGIN XOAUTH2\r\n'
[2024-07-03T12:22:46.010+0000] {logging_mixin.py:151} WARNING - reply: retcode (250); Msg: b'smtp54.i.mail.ru\nSIZE 73400320\n8BITMIME\nPIPELINING\nDSN\nSMTPUTF8\nAUTH PLAIN LOGIN XOAUTH2'
[2024-07-03T12:22:46.012+0000] {logging_mixin.py:151} WARNING - send: 'AUTH PLAIN AGtoYWxpbXpvZEBsaXN0LnJ1AEdSWFFSakMyYms0cVpIQjI2VXFk\r\n'
[2024-07-03T12:22:46.203+0000] {logging_mixin.py:151} WARNING - reply: b'235 Authentication succeeded\r\n'
[2024-07-03T12:22:46.204+0000] {logging_mixin.py:151} WARNING - reply: retcode (235); Msg: b'Authentication succeeded'
[2024-07-03T12:22:46.209+0000] {logging_mixin.py:151} WARNING - send: 'mail FROM:<khalimzod@list.ru> size=1366\r\n'
[2024-07-03T12:22:46.274+0000] {logging_mixin.py:151} WARNING - reply: b'250 OK\r\n'
[2024-07-03T12:22:46.275+0000] {logging_mixin.py:151} WARNING - reply: retcode (250); Msg: b'OK'
[2024-07-03T12:22:46.276+0000] {logging_mixin.py:151} WARNING - send: 'rcpt TO:<ihalimzod@nbt.tj>\r\n'
[2024-07-03T12:22:46.356+0000] {logging_mixin.py:151} WARNING - reply: b'250 Accepted\r\n'
[2024-07-03T12:22:46.357+0000] {logging_mixin.py:151} WARNING - reply: retcode (250); Msg: b'Accepted'
[2024-07-03T12:22:46.357+0000] {logging_mixin.py:151} WARNING - send: 'data\r\n'
[2024-07-03T12:22:46.451+0000] {logging_mixin.py:151} WARNING - reply: b'354 Enter message, ending with "." on a line by itself\r\n'
[2024-07-03T12:22:46.452+0000] {logging_mixin.py:151} WARNING - reply: retcode (354); Msg: b'Enter message, ending with "." on a line by itself'
[2024-07-03T12:22:46.453+0000] {logging_mixin.py:151} WARNING - data: (354, b'Enter message, ending with "." on a line by itself')
[2024-07-03T12:22:46.453+0000] {logging_mixin.py:151} WARNING - send: b'Content-Type: multipart/mixed; boundary="===============5617172693585803604=="\r\nMIME-Version: 1.0\r\nSubject: =?utf-8?b?b21vckBuYnQudGo6INGE0LDQudC7IEhLLnYwLjAwMDAuMzEwMTIwMjQueGxzeCDQt9Cw0LPRgNGD0LbQtdC90L3Ri9C1INCyUDIgMjAyNC0wNy0wMyAxNTozMzo1MiswMDowMCDQndCVINCf0KDQmNCd0K/Qog==?=\r\nFrom: khalimzod@list.ru\r\nTo: =?utf-8?b?0KXQsNC70LjQvNC30L7QtCDQmNGB0LzQvtC40Lsg0JDQsdC00YPRgNCw0YXQvNC+0L0gPGloYWxpbXpvZEBuYnQudGo+?=\r\n\r\n--===============5617172693585803604==\r\nContent-Type: text/plain; charset="utf-8"\r\nMIME-Version: 1.0\r\nContent-Transfer-Encoding: base64\r\n\r\n0JfQtNGA0LDQstGB0YLQstGD0LnRgtC1LCAKINCaINGB0L7QttCw0LvQtdC90LjRjiDRhNCw0LnQ\r\nuyDRgSDQuNC80LXQvdC10LwgSEsudjAuMDAwMC4zMTAxMjAyNC54bHN4LCDQt9Cw0LPRgNGD0LbQ\r\ntdC90L3Ri9C5INCyIDIwMjQtMDctMDMgMTU6MzM6NTIrMDA6MDAg0L3QtSDQsdGL0Lsg0L/RgNC4\r\n0L3Rj9GC0YHQuNGB0YLQtdC80L7QuSDQsNCy0YLQvtC80LDRgtC40YfQtdGB0LrQvtC5INC+0LHR\r\ngNCw0LHQvtGC0LrQuC4g0J/QvtC20LDQu9GD0LnRgdGC0LAsINC/0YDQvtCy0LXRgNGM0YLQtSDQ\r\nt9Cw0L/QvtC70L3QtdC90LjQtSDRhNCw0LnQu9CwLiAKINCU0L7Qv9C+0LvQvdC40YLQtdC70YzQ\r\nvdGL0LUg0YHQstC10LTQtdC90YzRjyDQv9C+INC+0LHQvdCw0YDRg9C20LXQvdC90YvQvCDQvtGI\r\n0LjQsdC60LDQvCDQv9GA0LjQu9C+0LbQtdC90L3RiyDQuiDQv9C40YHRjNC80YMuCiBDINGD0LLQ\r\nsNC20LXQvdC40LXQvCwgCiDQlNC10L/QsNGA0YLQsNC80LXQvdGCINGB0YLQsNGC0LjRgdGC0LjQ\r\nutC4INC4INC/0LvQsNGC0LXQttC90L7Qs9C+INCx0LDQu9Cw0L3RgdCwLiA=\r\n\r\n--===============5617172693585803604==--\r\n.\r\n'
[2024-07-03T12:22:46.674+0000] {logging_mixin.py:151} WARNING - reply: b'550 your mailer sends invalid headers\r\n'
[2024-07-03T12:22:46.675+0000] {logging_mixin.py:151} WARNING - reply: retcode (550); Msg: b'your mailer sends invalid headers'
[2024-07-03T12:22:46.676+0000] {logging_mixin.py:151} WARNING - data: (550, b'your mailer sends invalid headers')
[2024-07-03T12:22:46.677+0000] {logging_mixin.py:151} WARNING - send: 'rset\r\n'
[2024-07-03T12:22:46.744+0000] {logging_mixin.py:151} WARNING - reply: b'250 Reset OK\r\n'
[2024-07-03T12:22:46.746+0000] {logging_mixin.py:151} WARNING - reply: retcode (250); Msg: b'Reset OK'
[2024-07-03T12:22:46.747+0000] {logging_mixin.py:151} WARNING - send: 'QUIT\r\n'
[2024-07-03T12:22:47.021+0000] {logging_mixin.py:151} WARNING - reply: b'221 smtp54.i.mail.ru closing connection\r\n'
[2024-07-03T12:22:47.022+0000] {logging_mixin.py:151} WARNING - reply: retcode (221); Msg: b'smtp54.i.mail.ru closing connection'
[2024-07-03T12:22:47.023+0000] {taskinstance.py:1943} ERROR - Task failed with exception
Traceback (most recent call last):
  File "/home/airflow/.local/lib/python3.8/site-packages/airflow/operators/python.py", line 192, in execute
    return_value = self.execute_callable()
  File "/home/airflow/.local/lib/python3.8/site-packages/airflow/operators/python.py", line 209, in execute_callable
    return self.python_callable(*self.op_args, **self.op_kwargs)
  File "/opt/airflow/dags/dag_email_robot.py", line 37, in send_emails
    robot.send_validation_results()
  File "/opt/airflow/dags/emailRobot.py", line 276, in send_validation_results
    self.send_message (address=address, subject=topic \
  File "/opt/airflow/dags/emailRobot.py", line 321, in send_message
    smtp.sendmail(from_addr= self.login, to_addrs=address \
  File "/usr/local/lib/python3.8/smtplib.py", line 906, in sendmail
    raise SMTPDataError(code, resp)
smtplib.SMTPDataError: (550, b'your mailer sends invalid headers')
[2024-07-03T12:22:47.039+0000] {taskinstance.py:1400} INFO - Marking task as FAILED. dag_id=reports_workflow, task_id=id_task_send_emails, execution_date=20240702T072000, start_date=20240703T122242, end_date=20240703T122247
[2024-07-03T12:22:47.157+0000] {standard_task_runner.py:104} ERROR - Failed to execute job 1073 for task id_task_send_emails ((550, b'your mailer sends invalid headers'); 24191)
[2024-07-03T12:22:47.164+0000] {local_task_job_runner.py:228} INFO - Task exited with return code 1
[2024-07-03T12:22:47.181+0000] {taskinstance.py:2784} INFO - 0 downstream tasks scheduled from follow-on schedule check
[2024-07-03T14:42:02.787+0000] {taskinstance.py:1159} INFO - Dependencies all met for dep_context=non-requeueable deps ti=<TaskInstance: reports_workflow.id_task_send_emails scheduled__2024-07-02T07:20:00+00:00 [queued]>
[2024-07-03T14:42:02.842+0000] {taskinstance.py:1159} INFO - Dependencies all met for dep_context=requeueable deps ti=<TaskInstance: reports_workflow.id_task_send_emails scheduled__2024-07-02T07:20:00+00:00 [queued]>
[2024-07-03T14:42:02.842+0000] {taskinstance.py:1361} INFO - Starting attempt 1 of 2
[2024-07-03T14:42:02.860+0000] {taskinstance.py:1382} INFO - Executing <Task(PythonOperator): id_task_send_emails> on 2024-07-02 07:20:00+00:00
[2024-07-03T14:42:02.864+0000] {standard_task_runner.py:57} INFO - Started process 27944 to run task
[2024-07-03T14:42:02.881+0000] {standard_task_runner.py:84} INFO - Running: ['***', 'tasks', 'run', 'reports_workflow', 'id_task_send_emails', 'scheduled__2024-07-02T07:20:00+00:00', '--job-id', '1893', '--raw', '--subdir', 'DAGS_FOLDER/dag_email_robot.py', '--cfg-path', '/tmp/tmpn90cmxbd']
[2024-07-03T14:42:02.882+0000] {standard_task_runner.py:85} INFO - Job 1893: Subtask id_task_send_emails
[2024-07-03T14:42:02.967+0000] {task_command.py:415} INFO - Running <TaskInstance: reports_workflow.id_task_send_emails scheduled__2024-07-02T07:20:00+00:00 [running]> on host 6f4ef5488251
[2024-07-03T14:42:03.059+0000] {taskinstance.py:1660} INFO - Exporting env vars: AIRFLOW_CTX_DAG_OWNER='FIRDAVS' AIRFLOW_CTX_DAG_ID='reports_workflow' AIRFLOW_CTX_TASK_ID='id_task_send_emails' AIRFLOW_CTX_EXECUTION_DATE='2024-07-02T07:20:00+00:00' AIRFLOW_CTX_TRY_NUMBER='1' AIRFLOW_CTX_DAG_RUN_ID='scheduled__2024-07-02T07:20:00+00:00'
[2024-07-03T14:42:03.060+0000] {logging_mixin.py:151} INFO - path of config file:  /opt/***
[2024-07-03T14:42:03.061+0000] {logging_mixin.py:151} INFO - #>2024-07-03 14:42:03.061288_User@StatDep: EmailRobot in screated.
[2024-07-03T14:42:03.061+0000] {logging_mixin.py:151} INFO - #>2024-07-03 14:42:03.061475_User@StatDep: send_validation_results is started...
[2024-07-03T14:42:03.071+0000] {logging_mixin.py:151} INFO -    #>2024-07-03 14:42:03.071122_conneciton to db is set.
[2024-07-03T14:42:03.073+0000] {logging_mixin.py:151} INFO -    #>2024-07-03 14:42:03.073104_cursor execution is successful.
[2024-07-03T14:42:03.073+0000] {logging_mixin.py:151} INFO -    There is no any new submissions found. The get_validation_results is over.
[2024-07-03T14:42:03.073+0000] {python.py:194} INFO - Done. Returned value was: True
[2024-07-03T14:42:03.100+0000] {taskinstance.py:1400} INFO - Marking task as SUCCESS. dag_id=reports_workflow, task_id=id_task_send_emails, execution_date=20240702T072000, start_date=20240703T144202, end_date=20240703T144203
[2024-07-03T14:42:03.130+0000] {local_task_job_runner.py:228} INFO - Task exited with return code 0
[2024-07-03T14:42:03.159+0000] {taskinstance.py:2784} INFO - 0 downstream tasks scheduled from follow-on schedule check
[2024-07-03T14:42:47.702+0000] {taskinstance.py:1159} INFO - Dependencies all met for dep_context=non-requeueable deps ti=<TaskInstance: reports_workflow.id_task_send_emails scheduled__2024-07-02T07:20:00+00:00 [queued]>
[2024-07-03T14:42:47.717+0000] {taskinstance.py:1159} INFO - Dependencies all met for dep_context=requeueable deps ti=<TaskInstance: reports_workflow.id_task_send_emails scheduled__2024-07-02T07:20:00+00:00 [queued]>
[2024-07-03T14:42:47.718+0000] {taskinstance.py:1361} INFO - Starting attempt 1 of 2
[2024-07-03T14:42:47.734+0000] {taskinstance.py:1382} INFO - Executing <Task(PythonOperator): id_task_send_emails> on 2024-07-02 07:20:00+00:00
[2024-07-03T14:42:47.739+0000] {standard_task_runner.py:57} INFO - Started process 28009 to run task
[2024-07-03T14:42:47.752+0000] {standard_task_runner.py:84} INFO - Running: ['***', 'tasks', 'run', 'reports_workflow', 'id_task_send_emails', 'scheduled__2024-07-02T07:20:00+00:00', '--job-id', '1921', '--raw', '--subdir', 'DAGS_FOLDER/dag_email_robot.py', '--cfg-path', '/tmp/tmpl7k5wlff']
[2024-07-03T14:42:47.754+0000] {standard_task_runner.py:85} INFO - Job 1921: Subtask id_task_send_emails
[2024-07-03T14:42:47.829+0000] {task_command.py:415} INFO - Running <TaskInstance: reports_workflow.id_task_send_emails scheduled__2024-07-02T07:20:00+00:00 [running]> on host 6f4ef5488251
[2024-07-03T14:42:47.975+0000] {taskinstance.py:1660} INFO - Exporting env vars: AIRFLOW_CTX_DAG_OWNER='FIRDAVS' AIRFLOW_CTX_DAG_ID='reports_workflow' AIRFLOW_CTX_TASK_ID='id_task_send_emails' AIRFLOW_CTX_EXECUTION_DATE='2024-07-02T07:20:00+00:00' AIRFLOW_CTX_TRY_NUMBER='1' AIRFLOW_CTX_DAG_RUN_ID='scheduled__2024-07-02T07:20:00+00:00'
[2024-07-03T14:42:47.976+0000] {logging_mixin.py:151} INFO - path of config file:  /opt/***
[2024-07-03T14:42:47.977+0000] {logging_mixin.py:151} INFO - #>2024-07-03 14:42:47.977410_User@StatDep: EmailRobot in screated.
[2024-07-03T14:42:47.977+0000] {logging_mixin.py:151} INFO - #>2024-07-03 14:42:47.977607_User@StatDep: send_validation_results is started...
[2024-07-03T14:42:47.996+0000] {logging_mixin.py:151} INFO -    #>2024-07-03 14:42:47.995977_conneciton to db is set.
[2024-07-03T14:42:47.998+0000] {logging_mixin.py:151} INFO -    #>2024-07-03 14:42:47.998134_cursor execution is successful.
[2024-07-03T14:42:47.998+0000] {logging_mixin.py:151} INFO -    There is no any new submissions found. The get_validation_results is over.
[2024-07-03T14:42:48.000+0000] {python.py:194} INFO - Done. Returned value was: True
[2024-07-03T14:42:48.036+0000] {taskinstance.py:1400} INFO - Marking task as SUCCESS. dag_id=reports_workflow, task_id=id_task_send_emails, execution_date=20240702T072000, start_date=20240703T144247, end_date=20240703T144248
[2024-07-03T14:42:48.086+0000] {local_task_job_runner.py:228} INFO - Task exited with return code 0
[2024-07-03T14:42:48.108+0000] {taskinstance.py:2784} INFO - 0 downstream tasks scheduled from follow-on schedule check
