[2024-07-08T06:30:02.087+0000] {taskinstance.py:1159} INFO - Dependencies all met for dep_context=non-requeueable deps ti=<TaskInstance: reports_workflow.id_task_get_emails scheduled__2024-07-08T06:25:00+00:00 [queued]>
[2024-07-08T06:30:02.095+0000] {taskinstance.py:1159} INFO - Dependencies all met for dep_context=requeueable deps ti=<TaskInstance: reports_workflow.id_task_get_emails scheduled__2024-07-08T06:25:00+00:00 [queued]>
[2024-07-08T06:30:02.095+0000] {taskinstance.py:1361} INFO - Starting attempt 1 of 2
[2024-07-08T06:30:02.107+0000] {taskinstance.py:1382} INFO - Executing <Task(PythonOperator): id_task_get_emails> on 2024-07-08 06:25:00+00:00
[2024-07-08T06:30:02.113+0000] {standard_task_runner.py:57} INFO - Started process 3764 to run task
[2024-07-08T06:30:02.120+0000] {standard_task_runner.py:84} INFO - Running: ['***', 'tasks', 'run', 'reports_workflow', 'id_task_get_emails', 'scheduled__2024-07-08T06:25:00+00:00', '--job-id', '3566', '--raw', '--subdir', 'DAGS_FOLDER/dag_email_robot.py', '--cfg-path', '/tmp/tmp0hse_sbd']
[2024-07-08T06:30:02.124+0000] {standard_task_runner.py:85} INFO - Job 3566: Subtask id_task_get_emails
[2024-07-08T06:30:02.214+0000] {task_command.py:415} INFO - Running <TaskInstance: reports_workflow.id_task_get_emails scheduled__2024-07-08T06:25:00+00:00 [running]> on host 6f4ef5488251
[2024-07-08T06:30:02.327+0000] {taskinstance.py:1660} INFO - Exporting env vars: AIRFLOW_CTX_DAG_OWNER='FIRDAVS' AIRFLOW_CTX_DAG_ID='reports_workflow' AIRFLOW_CTX_TASK_ID='id_task_get_emails' AIRFLOW_CTX_EXECUTION_DATE='2024-07-08T06:25:00+00:00' AIRFLOW_CTX_TRY_NUMBER='1' AIRFLOW_CTX_DAG_RUN_ID='scheduled__2024-07-08T06:25:00+00:00'
[2024-07-08T06:30:02.328+0000] {logging_mixin.py:151} INFO - path of config file:  /opt/***
[2024-07-08T06:30:02.329+0000] {logging_mixin.py:151} INFO - #>2024-07-08 06:30:02.329116_User@StatDep: EmailRobot in screated.
[2024-07-08T06:30:02.329+0000] {logging_mixin.py:151} INFO - #>2024-07-08 06:30:02.329303_User@StatDep: get_for_recent_emails is started...
[2024-07-08T06:30:02.329+0000] {logging_mixin.py:151} INFO - #>2024-07-08 06:30:02.329445_User@StatDep: pop3_fetch_emails isstarted...
[2024-07-08T06:30:02.861+0000] {logging_mixin.py:151} INFO -    b'+OK'
[2024-07-08T06:30:03.282+0000] {logging_mixin.py:151} INFO -    mailbox have 0 emails and the robot can process 10
[2024-07-08T06:30:03.283+0000] {logging_mixin.py:151} INFO - #>2024-07-08 06:30:03.283074_User@StatDep: no emails to process, exiting pop3_fetch_emails()...
[2024-07-08T06:30:03.284+0000] {python.py:194} INFO - Done. Returned value was: True
[2024-07-08T06:30:03.320+0000] {taskinstance.py:1400} INFO - Marking task as SUCCESS. dag_id=reports_workflow, task_id=id_task_get_emails, execution_date=20240708T062500, start_date=20240708T063002, end_date=20240708T063003
[2024-07-08T06:30:03.376+0000] {local_task_job_runner.py:228} INFO - Task exited with return code 0
[2024-07-08T06:30:03.412+0000] {taskinstance.py:2784} INFO - 1 downstream tasks scheduled from follow-on schedule check
[2024-07-08T10:13:27.111+0000] {taskinstance.py:1159} INFO - Dependencies all met for dep_context=non-requeueable deps ti=<TaskInstance: reports_workflow.id_task_get_emails scheduled__2024-07-08T06:25:00+00:00 [queued]>
[2024-07-08T10:13:27.130+0000] {taskinstance.py:1159} INFO - Dependencies all met for dep_context=requeueable deps ti=<TaskInstance: reports_workflow.id_task_get_emails scheduled__2024-07-08T06:25:00+00:00 [queued]>
[2024-07-08T10:13:27.131+0000] {taskinstance.py:1361} INFO - Starting attempt 1 of 2
[2024-07-08T10:13:27.169+0000] {taskinstance.py:1382} INFO - Executing <Task(PythonOperator): id_task_get_emails> on 2024-07-08 06:25:00+00:00
[2024-07-08T10:13:27.174+0000] {standard_task_runner.py:57} INFO - Started process 7680 to run task
[2024-07-08T10:13:27.201+0000] {standard_task_runner.py:84} INFO - Running: ['***', 'tasks', 'run', 'reports_workflow', 'id_task_get_emails', 'scheduled__2024-07-08T06:25:00+00:00', '--job-id', '3715', '--raw', '--subdir', 'DAGS_FOLDER/dag_email_robot.py', '--cfg-path', '/tmp/tmpi6t50_l6']
[2024-07-08T10:13:27.217+0000] {standard_task_runner.py:85} INFO - Job 3715: Subtask id_task_get_emails
[2024-07-08T10:13:27.357+0000] {task_command.py:415} INFO - Running <TaskInstance: reports_workflow.id_task_get_emails scheduled__2024-07-08T06:25:00+00:00 [running]> on host 6f4ef5488251
[2024-07-08T10:13:27.661+0000] {taskinstance.py:1660} INFO - Exporting env vars: AIRFLOW_CTX_DAG_OWNER='FIRDAVS' AIRFLOW_CTX_DAG_ID='reports_workflow' AIRFLOW_CTX_TASK_ID='id_task_get_emails' AIRFLOW_CTX_EXECUTION_DATE='2024-07-08T06:25:00+00:00' AIRFLOW_CTX_TRY_NUMBER='1' AIRFLOW_CTX_DAG_RUN_ID='scheduled__2024-07-08T06:25:00+00:00'
[2024-07-08T10:13:27.674+0000] {logging_mixin.py:151} INFO - path of config file:  /opt/***
[2024-07-08T10:13:27.681+0000] {logging_mixin.py:151} INFO - #>2024-07-08 10:13:27.681575_User@StatDep: EmailRobot in screated.
[2024-07-08T10:13:27.681+0000] {logging_mixin.py:151} INFO - #>2024-07-08 10:13:27.681813_User@StatDep: get_for_recent_emails is started...
[2024-07-08T10:13:27.681+0000] {logging_mixin.py:151} INFO - #>2024-07-08 10:13:27.681950_User@StatDep: pop3_fetch_emails isstarted...
[2024-07-08T10:13:28.057+0000] {logging_mixin.py:151} INFO -    b'+OK'
[2024-07-08T10:13:28.441+0000] {logging_mixin.py:151} INFO -    mailbox have 0 emails and the robot can process 10
[2024-07-08T10:13:28.442+0000] {logging_mixin.py:151} INFO - #>2024-07-08 10:13:28.442352_User@StatDep: no emails to process, exiting pop3_fetch_emails()...
[2024-07-08T10:13:28.443+0000] {python.py:194} INFO - Done. Returned value was: True
[2024-07-08T10:13:29.926+0000] {taskinstance.py:1400} INFO - Marking task as SUCCESS. dag_id=reports_workflow, task_id=id_task_get_emails, execution_date=20240708T062500, start_date=20240708T101327, end_date=20240708T101329
[2024-07-08T10:13:30.029+0000] {local_task_job_runner.py:228} INFO - Task exited with return code 0
[2024-07-08T10:13:30.585+0000] {taskinstance.py:2784} INFO - 1 downstream tasks scheduled from follow-on schedule check
[2024-07-08T10:21:45.555+0000] {taskinstance.py:1159} INFO - Dependencies all met for dep_context=non-requeueable deps ti=<TaskInstance: reports_workflow.id_task_get_emails scheduled__2024-07-08T06:25:00+00:00 [queued]>
[2024-07-08T10:21:45.566+0000] {taskinstance.py:1159} INFO - Dependencies all met for dep_context=requeueable deps ti=<TaskInstance: reports_workflow.id_task_get_emails scheduled__2024-07-08T06:25:00+00:00 [queued]>
[2024-07-08T10:21:45.566+0000] {taskinstance.py:1361} INFO - Starting attempt 1 of 2
[2024-07-08T10:21:45.577+0000] {taskinstance.py:1382} INFO - Executing <Task(PythonOperator): id_task_get_emails> on 2024-07-08 06:25:00+00:00
[2024-07-08T10:21:45.584+0000] {standard_task_runner.py:57} INFO - Started process 7912 to run task
[2024-07-08T10:21:45.589+0000] {standard_task_runner.py:84} INFO - Running: ['***', 'tasks', 'run', 'reports_workflow', 'id_task_get_emails', 'scheduled__2024-07-08T06:25:00+00:00', '--job-id', '3762', '--raw', '--subdir', 'DAGS_FOLDER/dag_email_robot.py', '--cfg-path', '/tmp/tmp9t7smsq0']
[2024-07-08T10:21:45.593+0000] {standard_task_runner.py:85} INFO - Job 3762: Subtask id_task_get_emails
[2024-07-08T10:21:45.644+0000] {task_command.py:415} INFO - Running <TaskInstance: reports_workflow.id_task_get_emails scheduled__2024-07-08T06:25:00+00:00 [running]> on host 6f4ef5488251
[2024-07-08T10:21:45.733+0000] {taskinstance.py:1660} INFO - Exporting env vars: AIRFLOW_CTX_DAG_OWNER='FIRDAVS' AIRFLOW_CTX_DAG_ID='reports_workflow' AIRFLOW_CTX_TASK_ID='id_task_get_emails' AIRFLOW_CTX_EXECUTION_DATE='2024-07-08T06:25:00+00:00' AIRFLOW_CTX_TRY_NUMBER='1' AIRFLOW_CTX_DAG_RUN_ID='scheduled__2024-07-08T06:25:00+00:00'
[2024-07-08T10:21:45.734+0000] {logging_mixin.py:151} INFO - path of config file:  /opt/***
[2024-07-08T10:21:45.735+0000] {logging_mixin.py:151} INFO - #>2024-07-08 10:21:45.735092_User@StatDep: EmailRobot in screated.
[2024-07-08T10:21:45.735+0000] {logging_mixin.py:151} INFO - #>2024-07-08 10:21:45.735302_User@StatDep: get_for_recent_emails is started...
[2024-07-08T10:21:45.735+0000] {logging_mixin.py:151} INFO - #>2024-07-08 10:21:45.735445_User@StatDep: pop3_fetch_emails isstarted...
[2024-07-08T10:21:46.118+0000] {logging_mixin.py:151} INFO -    b'+OK'
[2024-07-08T10:21:46.416+0000] {logging_mixin.py:151} INFO -    mailbox have 0 emails and the robot can process 10
[2024-07-08T10:21:46.416+0000] {logging_mixin.py:151} INFO - #>2024-07-08 10:21:46.416951_User@StatDep: no emails to process, exiting pop3_fetch_emails()...
[2024-07-08T10:21:46.417+0000] {python.py:194} INFO - Done. Returned value was: True
[2024-07-08T10:21:46.440+0000] {taskinstance.py:1400} INFO - Marking task as SUCCESS. dag_id=reports_workflow, task_id=id_task_get_emails, execution_date=20240708T062500, start_date=20240708T102145, end_date=20240708T102146
[2024-07-08T10:21:46.482+0000] {local_task_job_runner.py:228} INFO - Task exited with return code 0
[2024-07-08T10:21:46.534+0000] {taskinstance.py:2784} INFO - 1 downstream tasks scheduled from follow-on schedule check
[2024-07-08T10:25:48.167+0000] {taskinstance.py:1159} INFO - Dependencies all met for dep_context=non-requeueable deps ti=<TaskInstance: reports_workflow.id_task_get_emails scheduled__2024-07-08T06:25:00+00:00 [queued]>
[2024-07-08T10:25:48.210+0000] {taskinstance.py:1159} INFO - Dependencies all met for dep_context=requeueable deps ti=<TaskInstance: reports_workflow.id_task_get_emails scheduled__2024-07-08T06:25:00+00:00 [queued]>
[2024-07-08T10:25:48.211+0000] {taskinstance.py:1361} INFO - Starting attempt 1 of 2
[2024-07-08T10:25:48.292+0000] {taskinstance.py:1382} INFO - Executing <Task(PythonOperator): id_task_get_emails> on 2024-07-08 06:25:00+00:00
[2024-07-08T10:25:48.311+0000] {standard_task_runner.py:57} INFO - Started process 8549 to run task
[2024-07-08T10:25:48.339+0000] {standard_task_runner.py:84} INFO - Running: ['***', 'tasks', 'run', 'reports_workflow', 'id_task_get_emails', 'scheduled__2024-07-08T06:25:00+00:00', '--job-id', '3948', '--raw', '--subdir', 'DAGS_FOLDER/dag_email_robot.py', '--cfg-path', '/tmp/tmpctdqd7c3']
[2024-07-08T10:25:48.377+0000] {standard_task_runner.py:85} INFO - Job 3948: Subtask id_task_get_emails
[2024-07-08T10:25:48.578+0000] {task_command.py:415} INFO - Running <TaskInstance: reports_workflow.id_task_get_emails scheduled__2024-07-08T06:25:00+00:00 [running]> on host 6f4ef5488251
[2024-07-08T10:25:48.791+0000] {taskinstance.py:1660} INFO - Exporting env vars: AIRFLOW_CTX_DAG_OWNER='FIRDAVS' AIRFLOW_CTX_DAG_ID='reports_workflow' AIRFLOW_CTX_TASK_ID='id_task_get_emails' AIRFLOW_CTX_EXECUTION_DATE='2024-07-08T06:25:00+00:00' AIRFLOW_CTX_TRY_NUMBER='1' AIRFLOW_CTX_DAG_RUN_ID='scheduled__2024-07-08T06:25:00+00:00'
[2024-07-08T10:25:48.793+0000] {logging_mixin.py:151} INFO - path of config file:  /opt/***
[2024-07-08T10:25:48.794+0000] {logging_mixin.py:151} INFO - #>2024-07-08 10:25:48.794009_User@StatDep: EmailRobot in screated.
[2024-07-08T10:25:48.794+0000] {logging_mixin.py:151} INFO - #>2024-07-08 10:25:48.794203_User@StatDep: get_for_recent_emails is started...
[2024-07-08T10:25:48.794+0000] {logging_mixin.py:151} INFO - #>2024-07-08 10:25:48.794359_User@StatDep: pop3_fetch_emails isstarted...
[2024-07-08T10:25:49.227+0000] {logging_mixin.py:151} INFO -    b'+OK'
[2024-07-08T10:25:49.675+0000] {logging_mixin.py:151} INFO -    mailbox have 0 emails and the robot can process 10
[2024-07-08T10:25:49.675+0000] {logging_mixin.py:151} INFO - #>2024-07-08 10:25:49.675699_User@StatDep: no emails to process, exiting pop3_fetch_emails()...
[2024-07-08T10:25:49.676+0000] {python.py:194} INFO - Done. Returned value was: True
[2024-07-08T10:25:49.723+0000] {taskinstance.py:1400} INFO - Marking task as SUCCESS. dag_id=reports_workflow, task_id=id_task_get_emails, execution_date=20240708T062500, start_date=20240708T102548, end_date=20240708T102549
[2024-07-08T10:25:49.775+0000] {local_task_job_runner.py:228} INFO - Task exited with return code 0
[2024-07-08T10:25:49.842+0000] {taskinstance.py:2784} INFO - 1 downstream tasks scheduled from follow-on schedule check
[2024-07-08T10:26:56.052+0000] {taskinstance.py:1159} INFO - Dependencies all met for dep_context=non-requeueable deps ti=<TaskInstance: reports_workflow.id_task_get_emails scheduled__2024-07-08T06:25:00+00:00 [queued]>
[2024-07-08T10:26:56.086+0000] {taskinstance.py:1159} INFO - Dependencies all met for dep_context=requeueable deps ti=<TaskInstance: reports_workflow.id_task_get_emails scheduled__2024-07-08T06:25:00+00:00 [queued]>
[2024-07-08T10:26:56.087+0000] {taskinstance.py:1361} INFO - Starting attempt 1 of 2
[2024-07-08T10:26:56.109+0000] {taskinstance.py:1382} INFO - Executing <Task(PythonOperator): id_task_get_emails> on 2024-07-08 06:25:00+00:00
[2024-07-08T10:26:56.116+0000] {standard_task_runner.py:57} INFO - Started process 8717 to run task
[2024-07-08T10:26:56.132+0000] {standard_task_runner.py:84} INFO - Running: ['***', 'tasks', 'run', 'reports_workflow', 'id_task_get_emails', 'scheduled__2024-07-08T06:25:00+00:00', '--job-id', '4001', '--raw', '--subdir', 'DAGS_FOLDER/dag_email_robot.py', '--cfg-path', '/tmp/tmpoehsi8u0']
[2024-07-08T10:26:56.139+0000] {standard_task_runner.py:85} INFO - Job 4001: Subtask id_task_get_emails
[2024-07-08T10:26:56.273+0000] {task_command.py:415} INFO - Running <TaskInstance: reports_workflow.id_task_get_emails scheduled__2024-07-08T06:25:00+00:00 [running]> on host 6f4ef5488251
[2024-07-08T10:26:56.466+0000] {taskinstance.py:1660} INFO - Exporting env vars: AIRFLOW_CTX_DAG_OWNER='FIRDAVS' AIRFLOW_CTX_DAG_ID='reports_workflow' AIRFLOW_CTX_TASK_ID='id_task_get_emails' AIRFLOW_CTX_EXECUTION_DATE='2024-07-08T06:25:00+00:00' AIRFLOW_CTX_TRY_NUMBER='1' AIRFLOW_CTX_DAG_RUN_ID='scheduled__2024-07-08T06:25:00+00:00'
[2024-07-08T10:26:56.468+0000] {logging_mixin.py:151} INFO - path of config file:  /opt/***
[2024-07-08T10:26:56.474+0000] {logging_mixin.py:151} INFO - #>2024-07-08 10:26:56.469022_User@StatDep: EmailRobot in screated.
[2024-07-08T10:26:56.475+0000] {logging_mixin.py:151} INFO - #>2024-07-08 10:26:56.475118_User@StatDep: get_for_recent_emails is started...
[2024-07-08T10:26:56.475+0000] {logging_mixin.py:151} INFO - #>2024-07-08 10:26:56.475265_User@StatDep: pop3_fetch_emails isstarted...
[2024-07-08T10:26:56.856+0000] {logging_mixin.py:151} INFO -    b'+OK'
[2024-07-08T10:26:57.192+0000] {logging_mixin.py:151} INFO -    mailbox have 0 emails and the robot can process 10
[2024-07-08T10:26:57.193+0000] {logging_mixin.py:151} INFO - #>2024-07-08 10:26:57.193390_User@StatDep: no emails to process, exiting pop3_fetch_emails()...
[2024-07-08T10:26:57.194+0000] {python.py:194} INFO - Done. Returned value was: True
[2024-07-08T10:26:57.225+0000] {taskinstance.py:1400} INFO - Marking task as SUCCESS. dag_id=reports_workflow, task_id=id_task_get_emails, execution_date=20240708T062500, start_date=20240708T102656, end_date=20240708T102657
[2024-07-08T10:26:57.265+0000] {local_task_job_runner.py:228} INFO - Task exited with return code 0
[2024-07-08T10:26:57.292+0000] {taskinstance.py:2784} INFO - 1 downstream tasks scheduled from follow-on schedule check
