[2024-07-08T09:15:01.366+0000] {taskinstance.py:1159} INFO - Dependencies all met for dep_context=non-requeueable deps ti=<TaskInstance: reports_workflow.id_task_get_emails scheduled__2024-07-08T09:10:00+00:00 [queued]>
[2024-07-08T09:15:01.374+0000] {taskinstance.py:1159} INFO - Dependencies all met for dep_context=requeueable deps ti=<TaskInstance: reports_workflow.id_task_get_emails scheduled__2024-07-08T09:10:00+00:00 [queued]>
[2024-07-08T09:15:01.375+0000] {taskinstance.py:1361} INFO - Starting attempt 1 of 2
[2024-07-08T09:15:01.387+0000] {taskinstance.py:1382} INFO - Executing <Task(PythonOperator): id_task_get_emails> on 2024-07-08 09:10:00+00:00
[2024-07-08T09:15:01.393+0000] {standard_task_runner.py:57} INFO - Started process 6611 to run task
[2024-07-08T09:15:01.400+0000] {standard_task_runner.py:84} INFO - Running: ['***', 'tasks', 'run', 'reports_workflow', 'id_task_get_emails', 'scheduled__2024-07-08T09:10:00+00:00', '--job-id', '3664', '--raw', '--subdir', 'DAGS_FOLDER/dag_email_robot.py', '--cfg-path', '/tmp/tmp53ihbnxe']
[2024-07-08T09:15:01.404+0000] {standard_task_runner.py:85} INFO - Job 3664: Subtask id_task_get_emails
[2024-07-08T09:15:01.492+0000] {task_command.py:415} INFO - Running <TaskInstance: reports_workflow.id_task_get_emails scheduled__2024-07-08T09:10:00+00:00 [running]> on host 6f4ef5488251
[2024-07-08T09:15:01.613+0000] {taskinstance.py:1660} INFO - Exporting env vars: AIRFLOW_CTX_DAG_OWNER='FIRDAVS' AIRFLOW_CTX_DAG_ID='reports_workflow' AIRFLOW_CTX_TASK_ID='id_task_get_emails' AIRFLOW_CTX_EXECUTION_DATE='2024-07-08T09:10:00+00:00' AIRFLOW_CTX_TRY_NUMBER='1' AIRFLOW_CTX_DAG_RUN_ID='scheduled__2024-07-08T09:10:00+00:00'
[2024-07-08T09:15:01.615+0000] {logging_mixin.py:151} INFO - path of config file:  /opt/***
[2024-07-08T09:15:01.616+0000] {logging_mixin.py:151} INFO - #>2024-07-08 09:15:01.616007_User@StatDep: EmailRobot in screated.
[2024-07-08T09:15:01.616+0000] {logging_mixin.py:151} INFO - #>2024-07-08 09:15:01.616204_User@StatDep: get_for_recent_emails is started...
[2024-07-08T09:15:01.616+0000] {logging_mixin.py:151} INFO - #>2024-07-08 09:15:01.616361_User@StatDep: pop3_fetch_emails isstarted...
[2024-07-08T09:15:02.166+0000] {logging_mixin.py:151} INFO -    b'+OK'
[2024-07-08T09:15:02.617+0000] {logging_mixin.py:151} INFO -    mailbox have 0 emails and the robot can process 10
[2024-07-08T09:15:02.618+0000] {logging_mixin.py:151} INFO - #>2024-07-08 09:15:02.618169_User@StatDep: no emails to process, exiting pop3_fetch_emails()...
[2024-07-08T09:15:02.619+0000] {python.py:194} INFO - Done. Returned value was: True
[2024-07-08T09:15:02.658+0000] {taskinstance.py:1400} INFO - Marking task as SUCCESS. dag_id=reports_workflow, task_id=id_task_get_emails, execution_date=20240708T091000, start_date=20240708T091501, end_date=20240708T091502
[2024-07-08T09:15:02.694+0000] {local_task_job_runner.py:228} INFO - Task exited with return code 0
[2024-07-08T09:15:02.728+0000] {taskinstance.py:2784} INFO - 1 downstream tasks scheduled from follow-on schedule check
[2024-07-08T10:23:11.877+0000] {taskinstance.py:1159} INFO - Dependencies all met for dep_context=non-requeueable deps ti=<TaskInstance: reports_workflow.id_task_get_emails scheduled__2024-07-08T09:10:00+00:00 [queued]>
[2024-07-08T10:23:11.901+0000] {taskinstance.py:1159} INFO - Dependencies all met for dep_context=requeueable deps ti=<TaskInstance: reports_workflow.id_task_get_emails scheduled__2024-07-08T09:10:00+00:00 [queued]>
[2024-07-08T10:23:11.902+0000] {taskinstance.py:1361} INFO - Starting attempt 1 of 2
[2024-07-08T10:23:11.915+0000] {taskinstance.py:1382} INFO - Executing <Task(PythonOperator): id_task_get_emails> on 2024-07-08 09:10:00+00:00
[2024-07-08T10:23:11.921+0000] {standard_task_runner.py:57} INFO - Started process 8299 to run task
[2024-07-08T10:23:11.928+0000] {standard_task_runner.py:84} INFO - Running: ['***', 'tasks', 'run', 'reports_workflow', 'id_task_get_emails', 'scheduled__2024-07-08T09:10:00+00:00', '--job-id', '3884', '--raw', '--subdir', 'DAGS_FOLDER/dag_email_robot.py', '--cfg-path', '/tmp/tmpuim_uo1r']
[2024-07-08T10:23:11.932+0000] {standard_task_runner.py:85} INFO - Job 3884: Subtask id_task_get_emails
[2024-07-08T10:23:12.009+0000] {task_command.py:415} INFO - Running <TaskInstance: reports_workflow.id_task_get_emails scheduled__2024-07-08T09:10:00+00:00 [running]> on host 6f4ef5488251
[2024-07-08T10:23:12.151+0000] {taskinstance.py:1660} INFO - Exporting env vars: AIRFLOW_CTX_DAG_OWNER='FIRDAVS' AIRFLOW_CTX_DAG_ID='reports_workflow' AIRFLOW_CTX_TASK_ID='id_task_get_emails' AIRFLOW_CTX_EXECUTION_DATE='2024-07-08T09:10:00+00:00' AIRFLOW_CTX_TRY_NUMBER='1' AIRFLOW_CTX_DAG_RUN_ID='scheduled__2024-07-08T09:10:00+00:00'
[2024-07-08T10:23:12.153+0000] {logging_mixin.py:151} INFO - path of config file:  /opt/***
[2024-07-08T10:23:12.153+0000] {logging_mixin.py:151} INFO - #>2024-07-08 10:23:12.153748_User@StatDep: EmailRobot in screated.
[2024-07-08T10:23:12.153+0000] {logging_mixin.py:151} INFO - #>2024-07-08 10:23:12.153943_User@StatDep: get_for_recent_emails is started...
[2024-07-08T10:23:12.154+0000] {logging_mixin.py:151} INFO - #>2024-07-08 10:23:12.154087_User@StatDep: pop3_fetch_emails isstarted...
[2024-07-08T10:23:12.549+0000] {logging_mixin.py:151} INFO -    b'+OK'
[2024-07-08T10:23:12.874+0000] {logging_mixin.py:151} INFO -    mailbox have 0 emails and the robot can process 10
[2024-07-08T10:23:12.874+0000] {logging_mixin.py:151} INFO - #>2024-07-08 10:23:12.874363_User@StatDep: no emails to process, exiting pop3_fetch_emails()...
[2024-07-08T10:23:12.874+0000] {python.py:194} INFO - Done. Returned value was: True
[2024-07-08T10:23:12.898+0000] {taskinstance.py:1400} INFO - Marking task as SUCCESS. dag_id=reports_workflow, task_id=id_task_get_emails, execution_date=20240708T091000, start_date=20240708T102311, end_date=20240708T102312
[2024-07-08T10:23:12.947+0000] {local_task_job_runner.py:228} INFO - Task exited with return code 0
[2024-07-08T10:23:12.977+0000] {taskinstance.py:2784} INFO - 1 downstream tasks scheduled from follow-on schedule check
