[2024-07-03T09:58:46.279+0000] {taskinstance.py:1159} INFO - Dependencies all met for dep_context=non-requeueable deps ti=<TaskInstance: reports_workflow.id_task_get_emails scheduled__2024-07-02T22:20:00+00:00 [queued]>
[2024-07-03T09:58:46.290+0000] {taskinstance.py:1159} INFO - Dependencies all met for dep_context=requeueable deps ti=<TaskInstance: reports_workflow.id_task_get_emails scheduled__2024-07-02T22:20:00+00:00 [queued]>
[2024-07-03T09:58:46.290+0000] {taskinstance.py:1361} INFO - Starting attempt 1 of 1
[2024-07-03T09:58:46.318+0000] {taskinstance.py:1382} INFO - Executing <Task(PythonOperator): id_task_get_emails> on 2024-07-02 22:20:00+00:00
[2024-07-03T09:58:46.327+0000] {standard_task_runner.py:57} INFO - Started process 20887 to run task
[2024-07-03T09:58:46.333+0000] {standard_task_runner.py:84} INFO - Running: ['***', 'tasks', 'run', 'reports_workflow', 'id_task_get_emails', 'scheduled__2024-07-02T22:20:00+00:00', '--job-id', '515', '--raw', '--subdir', 'DAGS_FOLDER/dag_email_robot.py', '--cfg-path', '/tmp/tmpdwdsovmv']
[2024-07-03T09:58:46.335+0000] {standard_task_runner.py:85} INFO - Job 515: Subtask id_task_get_emails
[2024-07-03T09:58:46.467+0000] {task_command.py:415} INFO - Running <TaskInstance: reports_workflow.id_task_get_emails scheduled__2024-07-02T22:20:00+00:00 [running]> on host 6f4ef5488251
[2024-07-03T09:58:46.612+0000] {taskinstance.py:1660} INFO - Exporting env vars: AIRFLOW_CTX_DAG_OWNER='FIRDAVS' AIRFLOW_CTX_DAG_ID='reports_workflow' AIRFLOW_CTX_TASK_ID='id_task_get_emails' AIRFLOW_CTX_EXECUTION_DATE='2024-07-02T22:20:00+00:00' AIRFLOW_CTX_TRY_NUMBER='1' AIRFLOW_CTX_DAG_RUN_ID='scheduled__2024-07-02T22:20:00+00:00'
[2024-07-03T09:58:46.613+0000] {logging_mixin.py:151} INFO - path of config file:  /opt/***
[2024-07-03T09:58:46.613+0000] {logging_mixin.py:151} INFO - #>2024-07-03 09:58:46.613517_User@StatDep: EmailRobot in screated.
[2024-07-03T09:58:46.613+0000] {logging_mixin.py:151} INFO - #>2024-07-03 09:58:46.613697_User@StatDep: get_for_recent_emails is started...
[2024-07-03T09:58:46.613+0000] {logging_mixin.py:151} INFO - #>2024-07-03 09:58:46.613833_User@StatDep: pop3_fetch_emails isstarted...
[2024-07-03T09:58:46.977+0000] {logging_mixin.py:151} INFO -    b'+OK'
[2024-07-03T09:58:47.265+0000] {logging_mixin.py:151} INFO -    mailbox have 0 emails and the robot can process 10
[2024-07-03T09:58:47.266+0000] {logging_mixin.py:151} INFO - #>2024-07-03 09:58:47.266143_User@StatDep: no emails to process, exiting pop3_fetch_emails()...
[2024-07-03T09:58:47.267+0000] {python.py:194} INFO - Done. Returned value was: True
[2024-07-03T09:58:47.322+0000] {taskinstance.py:1400} INFO - Marking task as SUCCESS. dag_id=reports_workflow, task_id=id_task_get_emails, execution_date=20240702T222000, start_date=20240703T095846, end_date=20240703T095847
[2024-07-03T09:58:47.356+0000] {local_task_job_runner.py:228} INFO - Task exited with return code 0
[2024-07-03T09:58:47.374+0000] {taskinstance.py:2784} INFO - 0 downstream tasks scheduled from follow-on schedule check
[2024-07-03T12:30:22.598+0000] {taskinstance.py:1159} INFO - Dependencies all met for dep_context=non-requeueable deps ti=<TaskInstance: reports_workflow.id_task_get_emails scheduled__2024-07-02T22:20:00+00:00 [queued]>
[2024-07-03T12:30:22.610+0000] {taskinstance.py:1159} INFO - Dependencies all met for dep_context=requeueable deps ti=<TaskInstance: reports_workflow.id_task_get_emails scheduled__2024-07-02T22:20:00+00:00 [queued]>
[2024-07-03T12:30:22.610+0000] {taskinstance.py:1361} INFO - Starting attempt 1 of 1
[2024-07-03T12:30:22.622+0000] {taskinstance.py:1382} INFO - Executing <Task(PythonOperator): id_task_get_emails> on 2024-07-02 22:20:00+00:00
[2024-07-03T12:30:22.627+0000] {standard_task_runner.py:57} INFO - Started process 24981 to run task
[2024-07-03T12:30:22.631+0000] {standard_task_runner.py:84} INFO - Running: ['***', 'tasks', 'run', 'reports_workflow', 'id_task_get_emails', 'scheduled__2024-07-02T22:20:00+00:00', '--job-id', '1413', '--raw', '--subdir', 'DAGS_FOLDER/dag_email_robot.py', '--cfg-path', '/tmp/tmp95q8v4ls']
[2024-07-03T12:30:22.632+0000] {standard_task_runner.py:85} INFO - Job 1413: Subtask id_task_get_emails
[2024-07-03T12:30:22.680+0000] {task_command.py:415} INFO - Running <TaskInstance: reports_workflow.id_task_get_emails scheduled__2024-07-02T22:20:00+00:00 [running]> on host 6f4ef5488251
[2024-07-03T12:30:22.758+0000] {taskinstance.py:1660} INFO - Exporting env vars: AIRFLOW_CTX_DAG_OWNER='FIRDAVS' AIRFLOW_CTX_DAG_ID='reports_workflow' AIRFLOW_CTX_TASK_ID='id_task_get_emails' AIRFLOW_CTX_EXECUTION_DATE='2024-07-02T22:20:00+00:00' AIRFLOW_CTX_TRY_NUMBER='1' AIRFLOW_CTX_DAG_RUN_ID='scheduled__2024-07-02T22:20:00+00:00'
[2024-07-03T12:30:22.759+0000] {logging_mixin.py:151} INFO - path of config file:  /opt/***
[2024-07-03T12:30:22.760+0000] {logging_mixin.py:151} INFO - #>2024-07-03 12:30:22.760158_User@StatDep: EmailRobot in screated.
[2024-07-03T12:30:22.760+0000] {logging_mixin.py:151} INFO - #>2024-07-03 12:30:22.760336_User@StatDep: get_for_recent_emails is started...
[2024-07-03T12:30:22.760+0000] {logging_mixin.py:151} INFO - #>2024-07-03 12:30:22.760468_User@StatDep: pop3_fetch_emails isstarted...
[2024-07-03T12:30:23.136+0000] {logging_mixin.py:151} INFO -    b'+OK'
[2024-07-03T12:30:23.464+0000] {logging_mixin.py:151} INFO -    mailbox have 0 emails and the robot can process 10
[2024-07-03T12:30:23.464+0000] {logging_mixin.py:151} INFO - #>2024-07-03 12:30:23.464543_User@StatDep: no emails to process, exiting pop3_fetch_emails()...
[2024-07-03T12:30:23.465+0000] {python.py:194} INFO - Done. Returned value was: True
[2024-07-03T12:30:23.494+0000] {taskinstance.py:1400} INFO - Marking task as SUCCESS. dag_id=reports_workflow, task_id=id_task_get_emails, execution_date=20240702T222000, start_date=20240703T123022, end_date=20240703T123023
[2024-07-03T12:30:23.534+0000] {local_task_job_runner.py:228} INFO - Task exited with return code 0
[2024-07-03T12:30:23.556+0000] {taskinstance.py:2784} INFO - 1 downstream tasks scheduled from follow-on schedule check
