[2024-07-03T09:58:57.451+0000] {taskinstance.py:1159} INFO - Dependencies all met for dep_context=non-requeueable deps ti=<TaskInstance: reports_workflow.id_task_get_emails scheduled__2024-07-03T00:10:00+00:00 [queued]>
[2024-07-03T09:58:57.466+0000] {taskinstance.py:1159} INFO - Dependencies all met for dep_context=requeueable deps ti=<TaskInstance: reports_workflow.id_task_get_emails scheduled__2024-07-03T00:10:00+00:00 [queued]>
[2024-07-03T09:58:57.466+0000] {taskinstance.py:1361} INFO - Starting attempt 1 of 1
[2024-07-03T09:58:57.498+0000] {taskinstance.py:1382} INFO - Executing <Task(PythonOperator): id_task_get_emails> on 2024-07-03 00:10:00+00:00
[2024-07-03T09:58:57.506+0000] {standard_task_runner.py:57} INFO - Started process 20934 to run task
[2024-07-03T09:58:57.516+0000] {standard_task_runner.py:84} INFO - Running: ['***', 'tasks', 'run', 'reports_workflow', 'id_task_get_emails', 'scheduled__2024-07-03T00:10:00+00:00', '--job-id', '537', '--raw', '--subdir', 'DAGS_FOLDER/dag_email_robot.py', '--cfg-path', '/tmp/tmpihgl18ap']
[2024-07-03T09:58:57.517+0000] {standard_task_runner.py:85} INFO - Job 537: Subtask id_task_get_emails
[2024-07-03T09:58:57.591+0000] {task_command.py:415} INFO - Running <TaskInstance: reports_workflow.id_task_get_emails scheduled__2024-07-03T00:10:00+00:00 [running]> on host 6f4ef5488251
[2024-07-03T09:58:57.739+0000] {taskinstance.py:1660} INFO - Exporting env vars: AIRFLOW_CTX_DAG_OWNER='FIRDAVS' AIRFLOW_CTX_DAG_ID='reports_workflow' AIRFLOW_CTX_TASK_ID='id_task_get_emails' AIRFLOW_CTX_EXECUTION_DATE='2024-07-03T00:10:00+00:00' AIRFLOW_CTX_TRY_NUMBER='1' AIRFLOW_CTX_DAG_RUN_ID='scheduled__2024-07-03T00:10:00+00:00'
[2024-07-03T09:58:57.740+0000] {logging_mixin.py:151} INFO - path of config file:  /opt/***
[2024-07-03T09:58:57.741+0000] {logging_mixin.py:151} INFO - #>2024-07-03 09:58:57.741343_User@StatDep: EmailRobot in screated.
[2024-07-03T09:58:57.741+0000] {logging_mixin.py:151} INFO - #>2024-07-03 09:58:57.741524_User@StatDep: get_for_recent_emails is started...
[2024-07-03T09:58:57.741+0000] {logging_mixin.py:151} INFO - #>2024-07-03 09:58:57.741648_User@StatDep: pop3_fetch_emails isstarted...
[2024-07-03T09:58:58.129+0000] {logging_mixin.py:151} INFO -    b'+OK'
[2024-07-03T09:58:58.454+0000] {logging_mixin.py:151} INFO -    mailbox have 0 emails and the robot can process 10
[2024-07-03T09:58:58.455+0000] {logging_mixin.py:151} INFO - #>2024-07-03 09:58:58.455216_User@StatDep: no emails to process, exiting pop3_fetch_emails()...
[2024-07-03T09:58:58.455+0000] {python.py:194} INFO - Done. Returned value was: True
[2024-07-03T09:58:58.491+0000] {taskinstance.py:1400} INFO - Marking task as SUCCESS. dag_id=reports_workflow, task_id=id_task_get_emails, execution_date=20240703T001000, start_date=20240703T095857, end_date=20240703T095858
[2024-07-03T09:58:58.567+0000] {local_task_job_runner.py:228} INFO - Task exited with return code 0
[2024-07-03T09:58:58.618+0000] {taskinstance.py:2784} INFO - 0 downstream tasks scheduled from follow-on schedule check
[2024-07-03T13:39:15.896+0000] {taskinstance.py:1159} INFO - Dependencies all met for dep_context=non-requeueable deps ti=<TaskInstance: reports_workflow.id_task_get_emails scheduled__2024-07-03T00:10:00+00:00 [queued]>
[2024-07-03T13:39:15.922+0000] {taskinstance.py:1159} INFO - Dependencies all met for dep_context=requeueable deps ti=<TaskInstance: reports_workflow.id_task_get_emails scheduled__2024-07-03T00:10:00+00:00 [queued]>
[2024-07-03T13:39:15.923+0000] {taskinstance.py:1361} INFO - Starting attempt 1 of 1
[2024-07-03T13:39:15.944+0000] {taskinstance.py:1382} INFO - Executing <Task(PythonOperator): id_task_get_emails> on 2024-07-03 00:10:00+00:00
[2024-07-03T13:39:15.948+0000] {standard_task_runner.py:57} INFO - Started process 26129 to run task
[2024-07-03T13:39:15.957+0000] {standard_task_runner.py:84} INFO - Running: ['***', 'tasks', 'run', 'reports_workflow', 'id_task_get_emails', 'scheduled__2024-07-03T00:10:00+00:00', '--job-id', '1460', '--raw', '--subdir', 'DAGS_FOLDER/dag_email_robot.py', '--cfg-path', '/tmp/tmp06cqr2ly']
[2024-07-03T13:39:15.958+0000] {standard_task_runner.py:85} INFO - Job 1460: Subtask id_task_get_emails
[2024-07-03T13:39:16.017+0000] {task_command.py:415} INFO - Running <TaskInstance: reports_workflow.id_task_get_emails scheduled__2024-07-03T00:10:00+00:00 [running]> on host 6f4ef5488251
[2024-07-03T13:39:16.186+0000] {taskinstance.py:1660} INFO - Exporting env vars: AIRFLOW_CTX_DAG_OWNER='FIRDAVS' AIRFLOW_CTX_DAG_ID='reports_workflow' AIRFLOW_CTX_TASK_ID='id_task_get_emails' AIRFLOW_CTX_EXECUTION_DATE='2024-07-03T00:10:00+00:00' AIRFLOW_CTX_TRY_NUMBER='1' AIRFLOW_CTX_DAG_RUN_ID='scheduled__2024-07-03T00:10:00+00:00'
[2024-07-03T13:39:16.187+0000] {logging_mixin.py:151} INFO - path of config file:  /opt/***
[2024-07-03T13:39:16.188+0000] {logging_mixin.py:151} INFO - #>2024-07-03 13:39:16.188102_User@StatDep: EmailRobot in screated.
[2024-07-03T13:39:16.188+0000] {logging_mixin.py:151} INFO - #>2024-07-03 13:39:16.188276_User@StatDep: get_for_recent_emails is started...
[2024-07-03T13:39:16.188+0000] {logging_mixin.py:151} INFO - #>2024-07-03 13:39:16.188416_User@StatDep: pop3_fetch_emails isstarted...
[2024-07-03T13:39:16.637+0000] {logging_mixin.py:151} INFO -    b'+OK'
[2024-07-03T13:39:16.943+0000] {logging_mixin.py:151} INFO -    mailbox have 0 emails and the robot can process 10
[2024-07-03T13:39:16.943+0000] {logging_mixin.py:151} INFO - #>2024-07-03 13:39:16.943924_User@StatDep: no emails to process, exiting pop3_fetch_emails()...
[2024-07-03T13:39:16.944+0000] {python.py:194} INFO - Done. Returned value was: True
[2024-07-03T13:39:16.971+0000] {taskinstance.py:1400} INFO - Marking task as SUCCESS. dag_id=reports_workflow, task_id=id_task_get_emails, execution_date=20240703T001000, start_date=20240703T133915, end_date=20240703T133916
[2024-07-03T13:39:17.057+0000] {local_task_job_runner.py:228} INFO - Task exited with return code 0
[2024-07-03T13:39:17.094+0000] {taskinstance.py:2784} INFO - 1 downstream tasks scheduled from follow-on schedule check
