[2024-07-31T03:35:01.230+0000] {taskinstance.py:1159} INFO - Dependencies all met for dep_context=non-requeueable deps ti=<TaskInstance: reports_workflow.id_task_get_emails scheduled__2024-07-31T03:30:00+00:00 [queued]>
[2024-07-31T03:35:01.238+0000] {taskinstance.py:1159} INFO - Dependencies all met for dep_context=requeueable deps ti=<TaskInstance: reports_workflow.id_task_get_emails scheduled__2024-07-31T03:30:00+00:00 [queued]>
[2024-07-31T03:35:01.238+0000] {taskinstance.py:1361} INFO - Starting attempt 1 of 2
[2024-07-31T03:35:01.250+0000] {taskinstance.py:1382} INFO - Executing <Task(PythonOperator): id_task_get_emails> on 2024-07-31 03:30:00+00:00
[2024-07-31T03:35:01.255+0000] {standard_task_runner.py:57} INFO - Started process 15464 to run task
[2024-07-31T03:35:01.263+0000] {standard_task_runner.py:84} INFO - Running: ['***', 'tasks', 'run', 'reports_workflow', 'id_task_get_emails', 'scheduled__2024-07-31T03:30:00+00:00', '--job-id', '658', '--raw', '--subdir', 'DAGS_FOLDER/dag_stat_report.py', '--cfg-path', '/tmp/tmp9f2vzp5s']
[2024-07-31T03:35:01.267+0000] {standard_task_runner.py:85} INFO - Job 658: Subtask id_task_get_emails
[2024-07-31T03:35:01.339+0000] {task_command.py:415} INFO - Running <TaskInstance: reports_workflow.id_task_get_emails scheduled__2024-07-31T03:30:00+00:00 [running]> on host 6bb718ab9b8f
[2024-07-31T03:35:01.448+0000] {taskinstance.py:1660} INFO - Exporting env vars: AIRFLOW_CTX_DAG_OWNER='FIRDAVS' AIRFLOW_CTX_DAG_ID='reports_workflow' AIRFLOW_CTX_TASK_ID='id_task_get_emails' AIRFLOW_CTX_EXECUTION_DATE='2024-07-31T03:30:00+00:00' AIRFLOW_CTX_TRY_NUMBER='1' AIRFLOW_CTX_DAG_RUN_ID='scheduled__2024-07-31T03:30:00+00:00'
[2024-07-31T03:35:01.449+0000] {logging_mixin.py:151} INFO - path of config file:  /opt/***
[2024-07-31T03:35:01.450+0000] {logging_mixin.py:151} INFO - #>2024-07-31 03:35:01.450436_User@StatDep: EmailRobot in screated.
[2024-07-31T03:35:01.450+0000] {logging_mixin.py:151} INFO - #>2024-07-31 03:35:01.450621_User@StatDep: get_for_recent_emails is started...
[2024-07-31T03:35:01.450+0000] {logging_mixin.py:151} INFO - #>2024-07-31 03:35:01.450752_User@StatDep: pop3_fetch_emails isstarted...
[2024-07-31T03:35:01.946+0000] {logging_mixin.py:151} INFO -    b'+OK'
[2024-07-31T03:35:02.430+0000] {logging_mixin.py:151} INFO -    mailbox have 1 emails and the robot can process 10
[2024-07-31T03:35:02.866+0000] {logging_mixin.py:151} INFO -    #>2024-07-31 03:35:02.866463_conneciton to db is set.
[2024-07-31T03:35:02.875+0000] {logging_mixin.py:151} INFO -    #>2024-07-31 03:35:02.875829_cursor execution is successful.
[2024-07-31T03:35:02.877+0000] {logging_mixin.py:151} INFO -    Email from 2024-07-31 06:34:58,  Мунис Пиров <3d_0001@mail.ru>  with statis 1 and attachement name 1HK.v0.5707.31062024.xlsx uploaded to db
[2024-07-31T03:35:02.948+0000] {logging_mixin.py:151} INFO -    deletion of email after inserting into database +OK message 1 deleted
[2024-07-31T03:35:03.026+0000] {logging_mixin.py:151} INFO - #>2024-07-31 03:35:03.026338_User@StatDep: pop3_fetch_emails is successful.
[2024-07-31T03:35:03.027+0000] {python.py:194} INFO - Done. Returned value was: True
[2024-07-31T03:35:03.063+0000] {taskinstance.py:1400} INFO - Marking task as SUCCESS. dag_id=reports_workflow, task_id=id_task_get_emails, execution_date=20240731T033000, start_date=20240731T033501, end_date=20240731T033503
[2024-07-31T03:35:03.118+0000] {local_task_job_runner.py:228} INFO - Task exited with return code 0
[2024-07-31T03:35:03.153+0000] {taskinstance.py:2784} INFO - 1 downstream tasks scheduled from follow-on schedule check
