[2024-07-08T06:15:01.933+0000] {taskinstance.py:1159} INFO - Dependencies all met for dep_context=non-requeueable deps ti=<TaskInstance: reports_workflow.id_task_get_emails scheduled__2024-07-08T06:10:00+00:00 [queued]>
[2024-07-08T06:15:01.941+0000] {taskinstance.py:1159} INFO - Dependencies all met for dep_context=requeueable deps ti=<TaskInstance: reports_workflow.id_task_get_emails scheduled__2024-07-08T06:10:00+00:00 [queued]>
[2024-07-08T06:15:01.941+0000] {taskinstance.py:1361} INFO - Starting attempt 1 of 2
[2024-07-08T06:15:01.956+0000] {taskinstance.py:1382} INFO - Executing <Task(PythonOperator): id_task_get_emails> on 2024-07-08 06:10:00+00:00
[2024-07-08T06:15:01.962+0000] {standard_task_runner.py:57} INFO - Started process 3509 to run task
[2024-07-08T06:15:01.969+0000] {standard_task_runner.py:84} INFO - Running: ['***', 'tasks', 'run', 'reports_workflow', 'id_task_get_emails', 'scheduled__2024-07-08T06:10:00+00:00', '--job-id', '3556', '--raw', '--subdir', 'DAGS_FOLDER/dag_email_robot.py', '--cfg-path', '/tmp/tmpmj86ugfw']
[2024-07-08T06:15:01.973+0000] {standard_task_runner.py:85} INFO - Job 3556: Subtask id_task_get_emails
[2024-07-08T06:15:02.060+0000] {task_command.py:415} INFO - Running <TaskInstance: reports_workflow.id_task_get_emails scheduled__2024-07-08T06:10:00+00:00 [running]> on host 6f4ef5488251
[2024-07-08T06:15:02.180+0000] {taskinstance.py:1660} INFO - Exporting env vars: AIRFLOW_CTX_DAG_OWNER='FIRDAVS' AIRFLOW_CTX_DAG_ID='reports_workflow' AIRFLOW_CTX_TASK_ID='id_task_get_emails' AIRFLOW_CTX_EXECUTION_DATE='2024-07-08T06:10:00+00:00' AIRFLOW_CTX_TRY_NUMBER='1' AIRFLOW_CTX_DAG_RUN_ID='scheduled__2024-07-08T06:10:00+00:00'
[2024-07-08T06:15:02.182+0000] {logging_mixin.py:151} INFO - path of config file:  /opt/***
[2024-07-08T06:15:02.182+0000] {logging_mixin.py:151} INFO - #>2024-07-08 06:15:02.182814_User@StatDep: EmailRobot in screated.
[2024-07-08T06:15:02.183+0000] {logging_mixin.py:151} INFO - #>2024-07-08 06:15:02.182993_User@StatDep: get_for_recent_emails is started...
[2024-07-08T06:15:02.183+0000] {logging_mixin.py:151} INFO - #>2024-07-08 06:15:02.183116_User@StatDep: pop3_fetch_emails isstarted...
[2024-07-08T06:15:02.719+0000] {logging_mixin.py:151} INFO -    b'+OK'
[2024-07-08T06:15:03.176+0000] {logging_mixin.py:151} INFO -    mailbox have 0 emails and the robot can process 10
[2024-07-08T06:15:03.177+0000] {logging_mixin.py:151} INFO - #>2024-07-08 06:15:03.176963_User@StatDep: no emails to process, exiting pop3_fetch_emails()...
[2024-07-08T06:15:03.177+0000] {python.py:194} INFO - Done. Returned value was: True
[2024-07-08T06:15:03.216+0000] {taskinstance.py:1400} INFO - Marking task as SUCCESS. dag_id=reports_workflow, task_id=id_task_get_emails, execution_date=20240708T061000, start_date=20240708T061501, end_date=20240708T061503
[2024-07-08T06:15:03.262+0000] {local_task_job_runner.py:228} INFO - Task exited with return code 0
[2024-07-08T06:15:03.302+0000] {taskinstance.py:2784} INFO - 1 downstream tasks scheduled from follow-on schedule check
[2024-07-08T10:13:27.247+0000] {taskinstance.py:1159} INFO - Dependencies all met for dep_context=non-requeueable deps ti=<TaskInstance: reports_workflow.id_task_get_emails scheduled__2024-07-08T06:10:00+00:00 [queued]>
[2024-07-08T10:13:27.279+0000] {taskinstance.py:1159} INFO - Dependencies all met for dep_context=requeueable deps ti=<TaskInstance: reports_workflow.id_task_get_emails scheduled__2024-07-08T06:10:00+00:00 [queued]>
[2024-07-08T10:13:27.290+0000] {taskinstance.py:1361} INFO - Starting attempt 1 of 2
[2024-07-08T10:13:27.346+0000] {taskinstance.py:1382} INFO - Executing <Task(PythonOperator): id_task_get_emails> on 2024-07-08 06:10:00+00:00
[2024-07-08T10:13:27.378+0000] {standard_task_runner.py:57} INFO - Started process 7681 to run task
[2024-07-08T10:13:27.406+0000] {standard_task_runner.py:84} INFO - Running: ['***', 'tasks', 'run', 'reports_workflow', 'id_task_get_emails', 'scheduled__2024-07-08T06:10:00+00:00', '--job-id', '3716', '--raw', '--subdir', 'DAGS_FOLDER/dag_email_robot.py', '--cfg-path', '/tmp/tmps24ygtab']
[2024-07-08T10:13:27.415+0000] {standard_task_runner.py:85} INFO - Job 3716: Subtask id_task_get_emails
[2024-07-08T10:13:27.683+0000] {task_command.py:415} INFO - Running <TaskInstance: reports_workflow.id_task_get_emails scheduled__2024-07-08T06:10:00+00:00 [running]> on host 6f4ef5488251
[2024-07-08T10:13:28.197+0000] {taskinstance.py:1660} INFO - Exporting env vars: AIRFLOW_CTX_DAG_OWNER='FIRDAVS' AIRFLOW_CTX_DAG_ID='reports_workflow' AIRFLOW_CTX_TASK_ID='id_task_get_emails' AIRFLOW_CTX_EXECUTION_DATE='2024-07-08T06:10:00+00:00' AIRFLOW_CTX_TRY_NUMBER='1' AIRFLOW_CTX_DAG_RUN_ID='scheduled__2024-07-08T06:10:00+00:00'
[2024-07-08T10:13:28.203+0000] {logging_mixin.py:151} INFO - path of config file:  /opt/***
[2024-07-08T10:13:28.203+0000] {logging_mixin.py:151} INFO - #>2024-07-08 10:13:28.203726_User@StatDep: EmailRobot in screated.
[2024-07-08T10:13:28.203+0000] {logging_mixin.py:151} INFO - #>2024-07-08 10:13:28.203939_User@StatDep: get_for_recent_emails is started...
[2024-07-08T10:13:28.204+0000] {logging_mixin.py:151} INFO - #>2024-07-08 10:13:28.204069_User@StatDep: pop3_fetch_emails isstarted...
[2024-07-08T10:13:29.912+0000] {logging_mixin.py:151} INFO -    b'+OK'
[2024-07-08T10:13:30.329+0000] {logging_mixin.py:151} INFO -    mailbox have 0 emails and the robot can process 10
[2024-07-08T10:13:30.330+0000] {logging_mixin.py:151} INFO - #>2024-07-08 10:13:30.330413_User@StatDep: no emails to process, exiting pop3_fetch_emails()...
[2024-07-08T10:13:30.331+0000] {python.py:194} INFO - Done. Returned value was: True
[2024-07-08T10:13:30.557+0000] {taskinstance.py:1400} INFO - Marking task as SUCCESS. dag_id=reports_workflow, task_id=id_task_get_emails, execution_date=20240708T061000, start_date=20240708T101327, end_date=20240708T101330
[2024-07-08T10:13:30.636+0000] {local_task_job_runner.py:228} INFO - Task exited with return code 0
[2024-07-08T10:13:30.686+0000] {taskinstance.py:2784} INFO - 1 downstream tasks scheduled from follow-on schedule check
[2024-07-08T10:21:42.645+0000] {taskinstance.py:1159} INFO - Dependencies all met for dep_context=non-requeueable deps ti=<TaskInstance: reports_workflow.id_task_get_emails scheduled__2024-07-08T06:10:00+00:00 [queued]>
[2024-07-08T10:21:42.666+0000] {taskinstance.py:1159} INFO - Dependencies all met for dep_context=requeueable deps ti=<TaskInstance: reports_workflow.id_task_get_emails scheduled__2024-07-08T06:10:00+00:00 [queued]>
[2024-07-08T10:21:42.666+0000] {taskinstance.py:1361} INFO - Starting attempt 1 of 2
[2024-07-08T10:21:42.679+0000] {taskinstance.py:1382} INFO - Executing <Task(PythonOperator): id_task_get_emails> on 2024-07-08 06:10:00+00:00
[2024-07-08T10:21:42.685+0000] {standard_task_runner.py:57} INFO - Started process 7903 to run task
[2024-07-08T10:21:42.690+0000] {standard_task_runner.py:84} INFO - Running: ['***', 'tasks', 'run', 'reports_workflow', 'id_task_get_emails', 'scheduled__2024-07-08T06:10:00+00:00', '--job-id', '3759', '--raw', '--subdir', 'DAGS_FOLDER/dag_email_robot.py', '--cfg-path', '/tmp/tmpeaa3l06e']
[2024-07-08T10:21:42.694+0000] {standard_task_runner.py:85} INFO - Job 3759: Subtask id_task_get_emails
[2024-07-08T10:21:42.752+0000] {task_command.py:415} INFO - Running <TaskInstance: reports_workflow.id_task_get_emails scheduled__2024-07-08T06:10:00+00:00 [running]> on host 6f4ef5488251
[2024-07-08T10:21:42.876+0000] {taskinstance.py:1660} INFO - Exporting env vars: AIRFLOW_CTX_DAG_OWNER='FIRDAVS' AIRFLOW_CTX_DAG_ID='reports_workflow' AIRFLOW_CTX_TASK_ID='id_task_get_emails' AIRFLOW_CTX_EXECUTION_DATE='2024-07-08T06:10:00+00:00' AIRFLOW_CTX_TRY_NUMBER='1' AIRFLOW_CTX_DAG_RUN_ID='scheduled__2024-07-08T06:10:00+00:00'
[2024-07-08T10:21:42.878+0000] {logging_mixin.py:151} INFO - path of config file:  /opt/***
[2024-07-08T10:21:42.879+0000] {logging_mixin.py:151} INFO - #>2024-07-08 10:21:42.879819_User@StatDep: EmailRobot in screated.
[2024-07-08T10:21:42.880+0000] {logging_mixin.py:151} INFO - #>2024-07-08 10:21:42.880335_User@StatDep: get_for_recent_emails is started...
[2024-07-08T10:21:42.880+0000] {logging_mixin.py:151} INFO - #>2024-07-08 10:21:42.880889_User@StatDep: pop3_fetch_emails isstarted...
[2024-07-08T10:21:43.271+0000] {logging_mixin.py:151} INFO -    b'+OK'
[2024-07-08T10:21:43.549+0000] {logging_mixin.py:151} INFO -    mailbox have 0 emails and the robot can process 10
[2024-07-08T10:21:43.549+0000] {logging_mixin.py:151} INFO - #>2024-07-08 10:21:43.549765_User@StatDep: no emails to process, exiting pop3_fetch_emails()...
[2024-07-08T10:21:43.550+0000] {python.py:194} INFO - Done. Returned value was: True
[2024-07-08T10:21:43.575+0000] {taskinstance.py:1400} INFO - Marking task as SUCCESS. dag_id=reports_workflow, task_id=id_task_get_emails, execution_date=20240708T061000, start_date=20240708T102142, end_date=20240708T102143
[2024-07-08T10:21:43.623+0000] {local_task_job_runner.py:228} INFO - Task exited with return code 0
[2024-07-08T10:21:43.658+0000] {taskinstance.py:2784} INFO - 1 downstream tasks scheduled from follow-on schedule check
[2024-07-08T10:25:46.335+0000] {taskinstance.py:1159} INFO - Dependencies all met for dep_context=non-requeueable deps ti=<TaskInstance: reports_workflow.id_task_get_emails scheduled__2024-07-08T06:10:00+00:00 [queued]>
[2024-07-08T10:25:46.366+0000] {taskinstance.py:1159} INFO - Dependencies all met for dep_context=requeueable deps ti=<TaskInstance: reports_workflow.id_task_get_emails scheduled__2024-07-08T06:10:00+00:00 [queued]>
[2024-07-08T10:25:46.367+0000] {taskinstance.py:1361} INFO - Starting attempt 1 of 2
[2024-07-08T10:25:46.420+0000] {taskinstance.py:1382} INFO - Executing <Task(PythonOperator): id_task_get_emails> on 2024-07-08 06:10:00+00:00
[2024-07-08T10:25:46.439+0000] {standard_task_runner.py:57} INFO - Started process 8537 to run task
[2024-07-08T10:25:46.470+0000] {standard_task_runner.py:84} INFO - Running: ['***', 'tasks', 'run', 'reports_workflow', 'id_task_get_emails', 'scheduled__2024-07-08T06:10:00+00:00', '--job-id', '3942', '--raw', '--subdir', 'DAGS_FOLDER/dag_email_robot.py', '--cfg-path', '/tmp/tmpxrfgniuu']
[2024-07-08T10:25:46.474+0000] {standard_task_runner.py:85} INFO - Job 3942: Subtask id_task_get_emails
[2024-07-08T10:25:46.750+0000] {task_command.py:415} INFO - Running <TaskInstance: reports_workflow.id_task_get_emails scheduled__2024-07-08T06:10:00+00:00 [running]> on host 6f4ef5488251
[2024-07-08T10:25:47.126+0000] {taskinstance.py:1660} INFO - Exporting env vars: AIRFLOW_CTX_DAG_OWNER='FIRDAVS' AIRFLOW_CTX_DAG_ID='reports_workflow' AIRFLOW_CTX_TASK_ID='id_task_get_emails' AIRFLOW_CTX_EXECUTION_DATE='2024-07-08T06:10:00+00:00' AIRFLOW_CTX_TRY_NUMBER='1' AIRFLOW_CTX_DAG_RUN_ID='scheduled__2024-07-08T06:10:00+00:00'
[2024-07-08T10:25:47.128+0000] {logging_mixin.py:151} INFO - path of config file:  /opt/***
[2024-07-08T10:25:47.128+0000] {logging_mixin.py:151} INFO - #>2024-07-08 10:25:47.128857_User@StatDep: EmailRobot in screated.
[2024-07-08T10:25:47.129+0000] {logging_mixin.py:151} INFO - #>2024-07-08 10:25:47.129063_User@StatDep: get_for_recent_emails is started...
[2024-07-08T10:25:47.129+0000] {logging_mixin.py:151} INFO - #>2024-07-08 10:25:47.129200_User@StatDep: pop3_fetch_emails isstarted...
[2024-07-08T10:25:47.552+0000] {logging_mixin.py:151} INFO -    b'+OK'
[2024-07-08T10:25:47.951+0000] {logging_mixin.py:151} INFO -    mailbox have 0 emails and the robot can process 10
[2024-07-08T10:25:47.952+0000] {logging_mixin.py:151} INFO - #>2024-07-08 10:25:47.952250_User@StatDep: no emails to process, exiting pop3_fetch_emails()...
[2024-07-08T10:25:47.952+0000] {python.py:194} INFO - Done. Returned value was: True
[2024-07-08T10:25:47.994+0000] {taskinstance.py:1400} INFO - Marking task as SUCCESS. dag_id=reports_workflow, task_id=id_task_get_emails, execution_date=20240708T061000, start_date=20240708T102546, end_date=20240708T102547
[2024-07-08T10:25:48.085+0000] {local_task_job_runner.py:228} INFO - Task exited with return code 0
[2024-07-08T10:25:48.148+0000] {taskinstance.py:2784} INFO - 1 downstream tasks scheduled from follow-on schedule check
[2024-07-08T10:26:48.569+0000] {taskinstance.py:1159} INFO - Dependencies all met for dep_context=non-requeueable deps ti=<TaskInstance: reports_workflow.id_task_get_emails scheduled__2024-07-08T06:10:00+00:00 [queued]>
[2024-07-08T10:26:48.584+0000] {taskinstance.py:1159} INFO - Dependencies all met for dep_context=requeueable deps ti=<TaskInstance: reports_workflow.id_task_get_emails scheduled__2024-07-08T06:10:00+00:00 [queued]>
[2024-07-08T10:26:48.584+0000] {taskinstance.py:1361} INFO - Starting attempt 1 of 2
[2024-07-08T10:26:48.603+0000] {taskinstance.py:1382} INFO - Executing <Task(PythonOperator): id_task_get_emails> on 2024-07-08 06:10:00+00:00
[2024-07-08T10:26:48.614+0000] {standard_task_runner.py:57} INFO - Started process 8677 to run task
[2024-07-08T10:26:48.657+0000] {standard_task_runner.py:84} INFO - Running: ['***', 'tasks', 'run', 'reports_workflow', 'id_task_get_emails', 'scheduled__2024-07-08T06:10:00+00:00', '--job-id', '3991', '--raw', '--subdir', 'DAGS_FOLDER/dag_email_robot.py', '--cfg-path', '/tmp/tmpxdxjyww2']
[2024-07-08T10:26:48.666+0000] {standard_task_runner.py:85} INFO - Job 3991: Subtask id_task_get_emails
[2024-07-08T10:26:48.776+0000] {task_command.py:415} INFO - Running <TaskInstance: reports_workflow.id_task_get_emails scheduled__2024-07-08T06:10:00+00:00 [running]> on host 6f4ef5488251
[2024-07-08T10:26:48.967+0000] {taskinstance.py:1660} INFO - Exporting env vars: AIRFLOW_CTX_DAG_OWNER='FIRDAVS' AIRFLOW_CTX_DAG_ID='reports_workflow' AIRFLOW_CTX_TASK_ID='id_task_get_emails' AIRFLOW_CTX_EXECUTION_DATE='2024-07-08T06:10:00+00:00' AIRFLOW_CTX_TRY_NUMBER='1' AIRFLOW_CTX_DAG_RUN_ID='scheduled__2024-07-08T06:10:00+00:00'
[2024-07-08T10:26:48.969+0000] {logging_mixin.py:151} INFO - path of config file:  /opt/***
[2024-07-08T10:26:48.969+0000] {logging_mixin.py:151} INFO - #>2024-07-08 10:26:48.969505_User@StatDep: EmailRobot in screated.
[2024-07-08T10:26:48.969+0000] {logging_mixin.py:151} INFO - #>2024-07-08 10:26:48.969676_User@StatDep: get_for_recent_emails is started...
[2024-07-08T10:26:48.969+0000] {logging_mixin.py:151} INFO - #>2024-07-08 10:26:48.969802_User@StatDep: pop3_fetch_emails isstarted...
[2024-07-08T10:26:49.367+0000] {logging_mixin.py:151} INFO -    b'+OK'
[2024-07-08T10:26:49.692+0000] {logging_mixin.py:151} INFO -    mailbox have 0 emails and the robot can process 10
[2024-07-08T10:26:49.693+0000] {logging_mixin.py:151} INFO - #>2024-07-08 10:26:49.693288_User@StatDep: no emails to process, exiting pop3_fetch_emails()...
[2024-07-08T10:26:49.694+0000] {python.py:194} INFO - Done. Returned value was: True
[2024-07-08T10:26:49.727+0000] {taskinstance.py:1400} INFO - Marking task as SUCCESS. dag_id=reports_workflow, task_id=id_task_get_emails, execution_date=20240708T061000, start_date=20240708T102648, end_date=20240708T102649
[2024-07-08T10:26:49.747+0000] {local_task_job_runner.py:228} INFO - Task exited with return code 0
[2024-07-08T10:26:49.772+0000] {taskinstance.py:2784} INFO - 1 downstream tasks scheduled from follow-on schedule check
