[2024-07-03T09:59:11.040+0000] {taskinstance.py:1159} INFO - Dependencies all met for dep_context=non-requeueable deps ti=<TaskInstance: reports_workflow.id_task_get_emails scheduled__2024-07-03T01:55:00+00:00 [queued]>
[2024-07-03T09:59:11.053+0000] {taskinstance.py:1159} INFO - Dependencies all met for dep_context=requeueable deps ti=<TaskInstance: reports_workflow.id_task_get_emails scheduled__2024-07-03T01:55:00+00:00 [queued]>
[2024-07-03T09:59:11.053+0000] {taskinstance.py:1361} INFO - Starting attempt 1 of 1
[2024-07-03T09:59:11.070+0000] {taskinstance.py:1382} INFO - Executing <Task(PythonOperator): id_task_get_emails> on 2024-07-03 01:55:00+00:00
[2024-07-03T09:59:11.074+0000] {standard_task_runner.py:57} INFO - Started process 20982 to run task
[2024-07-03T09:59:11.081+0000] {standard_task_runner.py:84} INFO - Running: ['***', 'tasks', 'run', 'reports_workflow', 'id_task_get_emails', 'scheduled__2024-07-03T01:55:00+00:00', '--job-id', '558', '--raw', '--subdir', 'DAGS_FOLDER/dag_email_robot.py', '--cfg-path', '/tmp/tmpyo616yqn']
[2024-07-03T09:59:11.082+0000] {standard_task_runner.py:85} INFO - Job 558: Subtask id_task_get_emails
[2024-07-03T09:59:11.163+0000] {task_command.py:415} INFO - Running <TaskInstance: reports_workflow.id_task_get_emails scheduled__2024-07-03T01:55:00+00:00 [running]> on host 6f4ef5488251
[2024-07-03T09:59:11.314+0000] {taskinstance.py:1660} INFO - Exporting env vars: AIRFLOW_CTX_DAG_OWNER='FIRDAVS' AIRFLOW_CTX_DAG_ID='reports_workflow' AIRFLOW_CTX_TASK_ID='id_task_get_emails' AIRFLOW_CTX_EXECUTION_DATE='2024-07-03T01:55:00+00:00' AIRFLOW_CTX_TRY_NUMBER='1' AIRFLOW_CTX_DAG_RUN_ID='scheduled__2024-07-03T01:55:00+00:00'
[2024-07-03T09:59:11.315+0000] {logging_mixin.py:151} INFO - path of config file:  /opt/***
[2024-07-03T09:59:11.315+0000] {logging_mixin.py:151} INFO - #>2024-07-03 09:59:11.315865_User@StatDep: EmailRobot in screated.
[2024-07-03T09:59:11.316+0000] {logging_mixin.py:151} INFO - #>2024-07-03 09:59:11.316050_User@StatDep: get_for_recent_emails is started...
[2024-07-03T09:59:11.316+0000] {logging_mixin.py:151} INFO - #>2024-07-03 09:59:11.316182_User@StatDep: pop3_fetch_emails isstarted...
[2024-07-03T09:59:11.729+0000] {logging_mixin.py:151} INFO -    b'+OK'
[2024-07-03T09:59:12.079+0000] {logging_mixin.py:151} INFO -    mailbox have 0 emails and the robot can process 10
[2024-07-03T09:59:12.079+0000] {logging_mixin.py:151} INFO - #>2024-07-03 09:59:12.079586_User@StatDep: no emails to process, exiting pop3_fetch_emails()...
[2024-07-03T09:59:12.080+0000] {python.py:194} INFO - Done. Returned value was: True
[2024-07-03T09:59:12.127+0000] {taskinstance.py:1400} INFO - Marking task as SUCCESS. dag_id=reports_workflow, task_id=id_task_get_emails, execution_date=20240703T015500, start_date=20240703T095911, end_date=20240703T095912
[2024-07-03T09:59:12.179+0000] {local_task_job_runner.py:228} INFO - Task exited with return code 0
[2024-07-03T09:59:12.231+0000] {taskinstance.py:2784} INFO - 0 downstream tasks scheduled from follow-on schedule check
[2024-07-03T13:39:31.838+0000] {taskinstance.py:1159} INFO - Dependencies all met for dep_context=non-requeueable deps ti=<TaskInstance: reports_workflow.id_task_get_emails scheduled__2024-07-03T01:55:00+00:00 [queued]>
[2024-07-03T13:39:31.988+0000] {taskinstance.py:1159} INFO - Dependencies all met for dep_context=requeueable deps ti=<TaskInstance: reports_workflow.id_task_get_emails scheduled__2024-07-03T01:55:00+00:00 [queued]>
[2024-07-03T13:39:31.988+0000] {taskinstance.py:1361} INFO - Starting attempt 1 of 1
[2024-07-03T13:39:32.002+0000] {taskinstance.py:1382} INFO - Executing <Task(PythonOperator): id_task_get_emails> on 2024-07-03 01:55:00+00:00
[2024-07-03T13:39:32.007+0000] {standard_task_runner.py:57} INFO - Started process 26214 to run task
[2024-07-03T13:39:32.015+0000] {standard_task_runner.py:84} INFO - Running: ['***', 'tasks', 'run', 'reports_workflow', 'id_task_get_emails', 'scheduled__2024-07-03T01:55:00+00:00', '--job-id', '1503', '--raw', '--subdir', 'DAGS_FOLDER/dag_email_robot.py', '--cfg-path', '/tmp/tmpu5del2em']
[2024-07-03T13:39:32.017+0000] {standard_task_runner.py:85} INFO - Job 1503: Subtask id_task_get_emails
[2024-07-03T13:39:32.076+0000] {task_command.py:415} INFO - Running <TaskInstance: reports_workflow.id_task_get_emails scheduled__2024-07-03T01:55:00+00:00 [running]> on host 6f4ef5488251
[2024-07-03T13:39:32.186+0000] {taskinstance.py:1660} INFO - Exporting env vars: AIRFLOW_CTX_DAG_OWNER='FIRDAVS' AIRFLOW_CTX_DAG_ID='reports_workflow' AIRFLOW_CTX_TASK_ID='id_task_get_emails' AIRFLOW_CTX_EXECUTION_DATE='2024-07-03T01:55:00+00:00' AIRFLOW_CTX_TRY_NUMBER='1' AIRFLOW_CTX_DAG_RUN_ID='scheduled__2024-07-03T01:55:00+00:00'
[2024-07-03T13:39:32.187+0000] {logging_mixin.py:151} INFO - path of config file:  /opt/***
[2024-07-03T13:39:32.187+0000] {logging_mixin.py:151} INFO - #>2024-07-03 13:39:32.187819_User@StatDep: EmailRobot in screated.
[2024-07-03T13:39:32.188+0000] {logging_mixin.py:151} INFO - #>2024-07-03 13:39:32.188021_User@StatDep: get_for_recent_emails is started...
[2024-07-03T13:39:32.188+0000] {logging_mixin.py:151} INFO - #>2024-07-03 13:39:32.188156_User@StatDep: pop3_fetch_emails isstarted...
[2024-07-03T13:39:32.592+0000] {logging_mixin.py:151} INFO -    b'+OK'
[2024-07-03T13:39:32.921+0000] {logging_mixin.py:151} INFO -    mailbox have 0 emails and the robot can process 10
[2024-07-03T13:39:32.921+0000] {logging_mixin.py:151} INFO - #>2024-07-03 13:39:32.921820_User@StatDep: no emails to process, exiting pop3_fetch_emails()...
[2024-07-03T13:39:32.922+0000] {python.py:194} INFO - Done. Returned value was: True
[2024-07-03T13:39:32.969+0000] {taskinstance.py:1400} INFO - Marking task as SUCCESS. dag_id=reports_workflow, task_id=id_task_get_emails, execution_date=20240703T015500, start_date=20240703T133931, end_date=20240703T133932
[2024-07-03T13:39:33.029+0000] {local_task_job_runner.py:228} INFO - Task exited with return code 0
[2024-07-03T13:39:33.085+0000] {taskinstance.py:2784} INFO - 1 downstream tasks scheduled from follow-on schedule check
