[2024-07-08T09:45:04.002+0000] {taskinstance.py:1159} INFO - Dependencies all met for dep_context=non-requeueable deps ti=<TaskInstance: reports_workflow.id_task_send_emails scheduled__2024-07-08T09:40:00+00:00 [queued]>
[2024-07-08T09:45:04.011+0000] {taskinstance.py:1159} INFO - Dependencies all met for dep_context=requeueable deps ti=<TaskInstance: reports_workflow.id_task_send_emails scheduled__2024-07-08T09:40:00+00:00 [queued]>
[2024-07-08T09:45:04.012+0000] {taskinstance.py:1361} INFO - Starting attempt 1 of 2
[2024-07-08T09:45:04.025+0000] {taskinstance.py:1382} INFO - Executing <Task(PythonOperator): id_task_send_emails> on 2024-07-08 09:40:00+00:00
[2024-07-08T09:45:04.034+0000] {standard_task_runner.py:57} INFO - Started process 7131 to run task
[2024-07-08T09:45:04.041+0000] {standard_task_runner.py:84} INFO - Running: ['***', 'tasks', 'run', 'reports_workflow', 'id_task_send_emails', 'scheduled__2024-07-08T09:40:00+00:00', '--job-id', '3684', '--raw', '--subdir', 'DAGS_FOLDER/dag_email_robot.py', '--cfg-path', '/tmp/tmpyidriky0']
[2024-07-08T09:45:04.047+0000] {standard_task_runner.py:85} INFO - Job 3684: Subtask id_task_send_emails
[2024-07-08T09:45:04.128+0000] {task_command.py:415} INFO - Running <TaskInstance: reports_workflow.id_task_send_emails scheduled__2024-07-08T09:40:00+00:00 [running]> on host 6f4ef5488251
[2024-07-08T09:45:04.268+0000] {taskinstance.py:1660} INFO - Exporting env vars: AIRFLOW_CTX_DAG_OWNER='FIRDAVS' AIRFLOW_CTX_DAG_ID='reports_workflow' AIRFLOW_CTX_TASK_ID='id_task_send_emails' AIRFLOW_CTX_EXECUTION_DATE='2024-07-08T09:40:00+00:00' AIRFLOW_CTX_TRY_NUMBER='1' AIRFLOW_CTX_DAG_RUN_ID='scheduled__2024-07-08T09:40:00+00:00'
[2024-07-08T09:45:04.270+0000] {logging_mixin.py:151} INFO - path of config file:  /opt/***
[2024-07-08T09:45:04.271+0000] {logging_mixin.py:151} INFO - #>2024-07-08 09:45:04.271089_User@StatDep: EmailRobot in screated.
[2024-07-08T09:45:04.271+0000] {logging_mixin.py:151} INFO - #>2024-07-08 09:45:04.271313_User@StatDep: send_validation_results is started...
[2024-07-08T09:45:04.282+0000] {logging_mixin.py:151} INFO -    #>2024-07-08 09:45:04.281949_conneciton to db is set.
[2024-07-08T09:45:04.283+0000] {logging_mixin.py:151} INFO -    #>2024-07-08 09:45:04.283747_cursor execution is successful.
[2024-07-08T09:45:04.283+0000] {logging_mixin.py:151} INFO -    There is no any new submissions found. The get_validation_results is over.
[2024-07-08T09:45:04.284+0000] {python.py:194} INFO - Done. Returned value was: True
[2024-07-08T09:45:04.318+0000] {taskinstance.py:1400} INFO - Marking task as SUCCESS. dag_id=reports_workflow, task_id=id_task_send_emails, execution_date=20240708T094000, start_date=20240708T094504, end_date=20240708T094504
[2024-07-08T09:45:04.370+0000] {local_task_job_runner.py:228} INFO - Task exited with return code 0
[2024-07-08T09:45:04.402+0000] {taskinstance.py:2784} INFO - 0 downstream tasks scheduled from follow-on schedule check
[2024-07-08T10:23:26.915+0000] {taskinstance.py:1159} INFO - Dependencies all met for dep_context=non-requeueable deps ti=<TaskInstance: reports_workflow.id_task_send_emails scheduled__2024-07-08T09:40:00+00:00 [queued]>
[2024-07-08T10:23:26.948+0000] {taskinstance.py:1159} INFO - Dependencies all met for dep_context=requeueable deps ti=<TaskInstance: reports_workflow.id_task_send_emails scheduled__2024-07-08T09:40:00+00:00 [queued]>
[2024-07-08T10:23:26.950+0000] {taskinstance.py:1361} INFO - Starting attempt 1 of 2
[2024-07-08T10:23:26.973+0000] {taskinstance.py:1382} INFO - Executing <Task(PythonOperator): id_task_send_emails> on 2024-07-08 09:40:00+00:00
[2024-07-08T10:23:26.980+0000] {standard_task_runner.py:57} INFO - Started process 8374 to run task
[2024-07-08T10:23:27.008+0000] {standard_task_runner.py:84} INFO - Running: ['***', 'tasks', 'run', 'reports_workflow', 'id_task_send_emails', 'scheduled__2024-07-08T09:40:00+00:00', '--job-id', '3907', '--raw', '--subdir', 'DAGS_FOLDER/dag_email_robot.py', '--cfg-path', '/tmp/tmpv8ghjww7']
[2024-07-08T10:23:27.015+0000] {standard_task_runner.py:85} INFO - Job 3907: Subtask id_task_send_emails
[2024-07-08T10:23:27.134+0000] {task_command.py:415} INFO - Running <TaskInstance: reports_workflow.id_task_send_emails scheduled__2024-07-08T09:40:00+00:00 [running]> on host 6f4ef5488251
[2024-07-08T10:23:27.303+0000] {taskinstance.py:1660} INFO - Exporting env vars: AIRFLOW_CTX_DAG_OWNER='FIRDAVS' AIRFLOW_CTX_DAG_ID='reports_workflow' AIRFLOW_CTX_TASK_ID='id_task_send_emails' AIRFLOW_CTX_EXECUTION_DATE='2024-07-08T09:40:00+00:00' AIRFLOW_CTX_TRY_NUMBER='1' AIRFLOW_CTX_DAG_RUN_ID='scheduled__2024-07-08T09:40:00+00:00'
[2024-07-08T10:23:27.304+0000] {logging_mixin.py:151} INFO - path of config file:  /opt/***
[2024-07-08T10:23:27.305+0000] {logging_mixin.py:151} INFO - #>2024-07-08 10:23:27.305473_User@StatDep: EmailRobot in screated.
[2024-07-08T10:23:27.305+0000] {logging_mixin.py:151} INFO - #>2024-07-08 10:23:27.305660_User@StatDep: send_validation_results is started...
[2024-07-08T10:23:27.328+0000] {logging_mixin.py:151} INFO -    #>2024-07-08 10:23:27.328127_conneciton to db is set.
[2024-07-08T10:23:27.330+0000] {logging_mixin.py:151} INFO -    #>2024-07-08 10:23:27.330317_cursor execution is successful.
[2024-07-08T10:23:27.330+0000] {logging_mixin.py:151} INFO -    There is no any new submissions found. The get_validation_results is over.
[2024-07-08T10:23:27.337+0000] {python.py:194} INFO - Done. Returned value was: True
[2024-07-08T10:23:27.385+0000] {taskinstance.py:1400} INFO - Marking task as SUCCESS. dag_id=reports_workflow, task_id=id_task_send_emails, execution_date=20240708T094000, start_date=20240708T102326, end_date=20240708T102327
[2024-07-08T10:23:27.430+0000] {local_task_job_runner.py:228} INFO - Task exited with return code 0
[2024-07-08T10:23:27.541+0000] {taskinstance.py:2784} INFO - 0 downstream tasks scheduled from follow-on schedule check
