[2024-07-03T14:37:47.663+0000] {taskinstance.py:1159} INFO - Dependencies all met for dep_context=non-requeueable deps ti=<TaskInstance: reports_workflow.id_task_get_emails scheduled__2024-07-01T00:01:01+00:00 [queued]>
[2024-07-03T14:37:47.672+0000] {taskinstance.py:1159} INFO - Dependencies all met for dep_context=requeueable deps ti=<TaskInstance: reports_workflow.id_task_get_emails scheduled__2024-07-01T00:01:01+00:00 [queued]>
[2024-07-03T14:37:47.673+0000] {taskinstance.py:1361} INFO - Starting attempt 1 of 2
[2024-07-03T14:37:47.686+0000] {taskinstance.py:1382} INFO - Executing <Task(PythonOperator): id_task_get_emails> on 2024-07-01 00:01:01+00:00
[2024-07-03T14:37:47.692+0000] {standard_task_runner.py:57} INFO - Started process 27818 to run task
[2024-07-03T14:37:47.696+0000] {standard_task_runner.py:84} INFO - Running: ['***', 'tasks', 'run', 'reports_workflow', 'id_task_get_emails', 'scheduled__2024-07-01T00:01:01+00:00', '--job-id', '1862', '--raw', '--subdir', 'DAGS_FOLDER/dag_email_robot.py', '--cfg-path', '/tmp/tmpsi3lpp6i']
[2024-07-03T14:37:47.698+0000] {standard_task_runner.py:85} INFO - Job 1862: Subtask id_task_get_emails
[2024-07-03T14:37:47.755+0000] {task_command.py:415} INFO - Running <TaskInstance: reports_workflow.id_task_get_emails scheduled__2024-07-01T00:01:01+00:00 [running]> on host 6f4ef5488251
[2024-07-03T14:37:47.835+0000] {taskinstance.py:1660} INFO - Exporting env vars: AIRFLOW_CTX_DAG_OWNER='FIRDAVS' AIRFLOW_CTX_DAG_ID='reports_workflow' AIRFLOW_CTX_TASK_ID='id_task_get_emails' AIRFLOW_CTX_EXECUTION_DATE='2024-07-01T00:01:01+00:00' AIRFLOW_CTX_TRY_NUMBER='1' AIRFLOW_CTX_DAG_RUN_ID='scheduled__2024-07-01T00:01:01+00:00'
[2024-07-03T14:37:47.836+0000] {logging_mixin.py:151} INFO - path of config file:  /opt/***
[2024-07-03T14:37:47.837+0000] {logging_mixin.py:151} INFO - #>2024-07-03 14:37:47.837262_User@StatDep: EmailRobot in screated.
[2024-07-03T14:37:47.837+0000] {logging_mixin.py:151} INFO - #>2024-07-03 14:37:47.837595_User@StatDep: get_for_recent_emails is started...
[2024-07-03T14:37:47.837+0000] {logging_mixin.py:151} INFO - #>2024-07-03 14:37:47.837898_User@StatDep: pop3_fetch_emails isstarted...
[2024-07-03T14:37:48.293+0000] {logging_mixin.py:151} INFO -    b'+OK'
[2024-07-03T14:37:48.590+0000] {logging_mixin.py:151} INFO -    mailbox have 0 emails and the robot can process 10
[2024-07-03T14:37:48.591+0000] {logging_mixin.py:151} INFO - #>2024-07-03 14:37:48.591097_User@StatDep: no emails to process, exiting pop3_fetch_emails()...
[2024-07-03T14:37:48.592+0000] {python.py:194} INFO - Done. Returned value was: True
[2024-07-03T14:37:48.623+0000] {taskinstance.py:1400} INFO - Marking task as SUCCESS. dag_id=reports_workflow, task_id=id_task_get_emails, execution_date=20240701T000101, start_date=20240703T143747, end_date=20240703T143748
[2024-07-03T14:37:48.672+0000] {local_task_job_runner.py:228} INFO - Task exited with return code 0
[2024-07-03T14:37:48.706+0000] {taskinstance.py:2784} INFO - 1 downstream tasks scheduled from follow-on schedule check
[2024-07-03T14:40:17.815+0000] {taskinstance.py:1159} INFO - Dependencies all met for dep_context=non-requeueable deps ti=<TaskInstance: reports_workflow.id_task_get_emails scheduled__2024-07-01T00:01:01+00:00 [queued]>
[2024-07-03T14:40:17.865+0000] {taskinstance.py:1159} INFO - Dependencies all met for dep_context=requeueable deps ti=<TaskInstance: reports_workflow.id_task_get_emails scheduled__2024-07-01T00:01:01+00:00 [queued]>
[2024-07-03T14:40:17.865+0000] {taskinstance.py:1361} INFO - Starting attempt 1 of 2
[2024-07-03T14:40:17.878+0000] {taskinstance.py:1382} INFO - Executing <Task(PythonOperator): id_task_get_emails> on 2024-07-01 00:01:01+00:00
[2024-07-03T14:40:17.885+0000] {standard_task_runner.py:57} INFO - Started process 27867 to run task
[2024-07-03T14:40:17.889+0000] {standard_task_runner.py:84} INFO - Running: ['***', 'tasks', 'run', 'reports_workflow', 'id_task_get_emails', 'scheduled__2024-07-01T00:01:01+00:00', '--job-id', '1866', '--raw', '--subdir', 'DAGS_FOLDER/dag_email_robot.py', '--cfg-path', '/tmp/tmpbbkzw49s']
[2024-07-03T14:40:17.890+0000] {standard_task_runner.py:85} INFO - Job 1866: Subtask id_task_get_emails
[2024-07-03T14:40:17.939+0000] {task_command.py:415} INFO - Running <TaskInstance: reports_workflow.id_task_get_emails scheduled__2024-07-01T00:01:01+00:00 [running]> on host 6f4ef5488251
[2024-07-03T14:40:18.009+0000] {taskinstance.py:1660} INFO - Exporting env vars: AIRFLOW_CTX_DAG_OWNER='FIRDAVS' AIRFLOW_CTX_DAG_ID='reports_workflow' AIRFLOW_CTX_TASK_ID='id_task_get_emails' AIRFLOW_CTX_EXECUTION_DATE='2024-07-01T00:01:01+00:00' AIRFLOW_CTX_TRY_NUMBER='1' AIRFLOW_CTX_DAG_RUN_ID='scheduled__2024-07-01T00:01:01+00:00'
[2024-07-03T14:40:18.010+0000] {logging_mixin.py:151} INFO - path of config file:  /opt/***
[2024-07-03T14:40:18.011+0000] {logging_mixin.py:151} INFO - #>2024-07-03 14:40:18.011306_User@StatDep: EmailRobot in screated.
[2024-07-03T14:40:18.011+0000] {logging_mixin.py:151} INFO - #>2024-07-03 14:40:18.011529_User@StatDep: get_for_recent_emails is started...
[2024-07-03T14:40:18.011+0000] {logging_mixin.py:151} INFO - #>2024-07-03 14:40:18.011678_User@StatDep: pop3_fetch_emails isstarted...
[2024-07-03T14:40:18.467+0000] {logging_mixin.py:151} INFO -    b'+OK'
[2024-07-03T14:40:18.848+0000] {logging_mixin.py:151} INFO -    mailbox have 0 emails and the robot can process 10
[2024-07-03T14:40:18.848+0000] {logging_mixin.py:151} INFO - #>2024-07-03 14:40:18.848747_User@StatDep: no emails to process, exiting pop3_fetch_emails()...
[2024-07-03T14:40:18.849+0000] {python.py:194} INFO - Done. Returned value was: True
[2024-07-03T14:40:18.886+0000] {taskinstance.py:1400} INFO - Marking task as SUCCESS. dag_id=reports_workflow, task_id=id_task_get_emails, execution_date=20240701T000101, start_date=20240703T144017, end_date=20240703T144018
[2024-07-03T14:40:18.911+0000] {local_task_job_runner.py:228} INFO - Task exited with return code 0
[2024-07-03T14:40:18.932+0000] {taskinstance.py:2784} INFO - 1 downstream tasks scheduled from follow-on schedule check
