[2024-07-03T14:47:39.741+0000] {taskinstance.py:1159} INFO - Dependencies all met for dep_context=non-requeueable deps ti=<TaskInstance: reports_workflow.id_task_send_emails scheduled__2024-07-03T11:00:00+00:00 [queued]>
[2024-07-03T14:47:39.750+0000] {taskinstance.py:1159} INFO - Dependencies all met for dep_context=requeueable deps ti=<TaskInstance: reports_workflow.id_task_send_emails scheduled__2024-07-03T11:00:00+00:00 [queued]>
[2024-07-03T14:47:39.750+0000] {taskinstance.py:1361} INFO - Starting attempt 1 of 2
[2024-07-03T14:47:39.762+0000] {taskinstance.py:1382} INFO - Executing <Task(PythonOperator): id_task_send_emails> on 2024-07-03 11:00:00+00:00
[2024-07-03T14:47:39.767+0000] {standard_task_runner.py:57} INFO - Started process 28580 to run task
[2024-07-03T14:47:39.776+0000] {standard_task_runner.py:84} INFO - Running: ['***', 'tasks', 'run', 'reports_workflow', 'id_task_send_emails', 'scheduled__2024-07-03T11:00:00+00:00', '--job-id', '2171', '--raw', '--subdir', 'DAGS_FOLDER/dag_email_robot.py', '--cfg-path', '/tmp/tmpubz0kb23']
[2024-07-03T14:47:39.778+0000] {standard_task_runner.py:85} INFO - Job 2171: Subtask id_task_send_emails
[2024-07-03T14:47:39.842+0000] {task_command.py:415} INFO - Running <TaskInstance: reports_workflow.id_task_send_emails scheduled__2024-07-03T11:00:00+00:00 [running]> on host 6f4ef5488251
[2024-07-03T14:47:39.933+0000] {taskinstance.py:1660} INFO - Exporting env vars: AIRFLOW_CTX_DAG_OWNER='FIRDAVS' AIRFLOW_CTX_DAG_ID='reports_workflow' AIRFLOW_CTX_TASK_ID='id_task_send_emails' AIRFLOW_CTX_EXECUTION_DATE='2024-07-03T11:00:00+00:00' AIRFLOW_CTX_TRY_NUMBER='1' AIRFLOW_CTX_DAG_RUN_ID='scheduled__2024-07-03T11:00:00+00:00'
[2024-07-03T14:47:39.934+0000] {logging_mixin.py:151} INFO - path of config file:  /opt/***
[2024-07-03T14:47:39.934+0000] {logging_mixin.py:151} INFO - #>2024-07-03 14:47:39.934904_User@StatDep: EmailRobot in screated.
[2024-07-03T14:47:39.935+0000] {logging_mixin.py:151} INFO - #>2024-07-03 14:47:39.935093_User@StatDep: send_validation_results is started...
[2024-07-03T14:47:39.946+0000] {logging_mixin.py:151} INFO -    #>2024-07-03 14:47:39.946823_conneciton to db is set.
[2024-07-03T14:47:39.950+0000] {logging_mixin.py:151} INFO -    #>2024-07-03 14:47:39.950105_cursor execution is successful.
[2024-07-03T14:47:39.950+0000] {logging_mixin.py:151} INFO -    There is no any new submissions found. The get_validation_results is over.
[2024-07-03T14:47:39.950+0000] {python.py:194} INFO - Done. Returned value was: True
[2024-07-03T14:47:39.977+0000] {taskinstance.py:1400} INFO - Marking task as SUCCESS. dag_id=reports_workflow, task_id=id_task_send_emails, execution_date=20240703T110000, start_date=20240703T144739, end_date=20240703T144739
[2024-07-03T14:47:40.023+0000] {local_task_job_runner.py:228} INFO - Task exited with return code 0
[2024-07-03T14:47:40.051+0000] {taskinstance.py:2784} INFO - 0 downstream tasks scheduled from follow-on schedule check
[2024-07-03T14:48:19.011+0000] {taskinstance.py:1159} INFO - Dependencies all met for dep_context=non-requeueable deps ti=<TaskInstance: reports_workflow.id_task_send_emails scheduled__2024-07-03T11:00:00+00:00 [queued]>
[2024-07-03T14:48:19.049+0000] {taskinstance.py:1159} INFO - Dependencies all met for dep_context=requeueable deps ti=<TaskInstance: reports_workflow.id_task_send_emails scheduled__2024-07-03T11:00:00+00:00 [queued]>
[2024-07-03T14:48:19.054+0000] {taskinstance.py:1361} INFO - Starting attempt 1 of 2
[2024-07-03T14:48:19.232+0000] {taskinstance.py:1382} INFO - Executing <Task(PythonOperator): id_task_send_emails> on 2024-07-03 11:00:00+00:00
[2024-07-03T14:48:19.250+0000] {standard_task_runner.py:57} INFO - Started process 28761 to run task
[2024-07-03T14:48:19.283+0000] {standard_task_runner.py:84} INFO - Running: ['***', 'tasks', 'run', 'reports_workflow', 'id_task_send_emails', 'scheduled__2024-07-03T11:00:00+00:00', '--job-id', '2249', '--raw', '--subdir', 'DAGS_FOLDER/dag_email_robot.py', '--cfg-path', '/tmp/tmpy409zm8g']
[2024-07-03T14:48:19.290+0000] {standard_task_runner.py:85} INFO - Job 2249: Subtask id_task_send_emails
[2024-07-03T14:48:19.499+0000] {task_command.py:415} INFO - Running <TaskInstance: reports_workflow.id_task_send_emails scheduled__2024-07-03T11:00:00+00:00 [running]> on host 6f4ef5488251
[2024-07-03T14:48:19.860+0000] {taskinstance.py:1660} INFO - Exporting env vars: AIRFLOW_CTX_DAG_OWNER='FIRDAVS' AIRFLOW_CTX_DAG_ID='reports_workflow' AIRFLOW_CTX_TASK_ID='id_task_send_emails' AIRFLOW_CTX_EXECUTION_DATE='2024-07-03T11:00:00+00:00' AIRFLOW_CTX_TRY_NUMBER='1' AIRFLOW_CTX_DAG_RUN_ID='scheduled__2024-07-03T11:00:00+00:00'
[2024-07-03T14:48:19.864+0000] {logging_mixin.py:151} INFO - path of config file:  /opt/***
[2024-07-03T14:48:19.867+0000] {logging_mixin.py:151} INFO - #>2024-07-03 14:48:19.867485_User@StatDep: EmailRobot in screated.
[2024-07-03T14:48:19.867+0000] {logging_mixin.py:151} INFO - #>2024-07-03 14:48:19.867935_User@StatDep: send_validation_results is started...
[2024-07-03T14:48:19.901+0000] {logging_mixin.py:151} INFO -    #>2024-07-03 14:48:19.900725_conneciton to db is set.
[2024-07-03T14:48:19.906+0000] {logging_mixin.py:151} INFO -    #>2024-07-03 14:48:19.906119_cursor execution is successful.
[2024-07-03T14:48:19.910+0000] {logging_mixin.py:151} INFO -    There is no any new submissions found. The get_validation_results is over.
[2024-07-03T14:48:19.912+0000] {python.py:194} INFO - Done. Returned value was: True
[2024-07-03T14:48:20.031+0000] {taskinstance.py:1400} INFO - Marking task as SUCCESS. dag_id=reports_workflow, task_id=id_task_send_emails, execution_date=20240703T110000, start_date=20240703T144819, end_date=20240703T144820
[2024-07-03T14:48:20.109+0000] {local_task_job_runner.py:228} INFO - Task exited with return code 0
[2024-07-03T14:48:20.175+0000] {taskinstance.py:2784} INFO - 0 downstream tasks scheduled from follow-on schedule check
[2024-07-03T14:55:28.766+0000] {taskinstance.py:1159} INFO - Dependencies all met for dep_context=non-requeueable deps ti=<TaskInstance: reports_workflow.id_task_send_emails scheduled__2024-07-03T11:00:00+00:00 [queued]>
[2024-07-03T14:55:28.776+0000] {taskinstance.py:1159} INFO - Dependencies all met for dep_context=requeueable deps ti=<TaskInstance: reports_workflow.id_task_send_emails scheduled__2024-07-03T11:00:00+00:00 [queued]>
[2024-07-03T14:55:28.779+0000] {taskinstance.py:1361} INFO - Starting attempt 1 of 2
[2024-07-03T14:55:28.811+0000] {taskinstance.py:1382} INFO - Executing <Task(PythonOperator): id_task_send_emails> on 2024-07-03 11:00:00+00:00
[2024-07-03T14:55:28.816+0000] {standard_task_runner.py:57} INFO - Started process 28977 to run task
[2024-07-03T14:55:28.819+0000] {standard_task_runner.py:84} INFO - Running: ['***', 'tasks', 'run', 'reports_workflow', 'id_task_send_emails', 'scheduled__2024-07-03T11:00:00+00:00', '--job-id', '2308', '--raw', '--subdir', 'DAGS_FOLDER/dag_email_robot.py', '--cfg-path', '/tmp/tmpt16d_68i']
[2024-07-03T14:55:28.820+0000] {standard_task_runner.py:85} INFO - Job 2308: Subtask id_task_send_emails
[2024-07-03T14:55:28.904+0000] {task_command.py:415} INFO - Running <TaskInstance: reports_workflow.id_task_send_emails scheduled__2024-07-03T11:00:00+00:00 [running]> on host 6f4ef5488251
[2024-07-03T14:55:28.991+0000] {taskinstance.py:1660} INFO - Exporting env vars: AIRFLOW_CTX_DAG_OWNER='FIRDAVS' AIRFLOW_CTX_DAG_ID='reports_workflow' AIRFLOW_CTX_TASK_ID='id_task_send_emails' AIRFLOW_CTX_EXECUTION_DATE='2024-07-03T11:00:00+00:00' AIRFLOW_CTX_TRY_NUMBER='1' AIRFLOW_CTX_DAG_RUN_ID='scheduled__2024-07-03T11:00:00+00:00'
[2024-07-03T14:55:28.992+0000] {logging_mixin.py:151} INFO - path of config file:  /opt/***
[2024-07-03T14:55:28.992+0000] {logging_mixin.py:151} INFO - #>2024-07-03 14:55:28.992799_User@StatDep: EmailRobot in screated.
[2024-07-03T14:55:28.993+0000] {logging_mixin.py:151} INFO - #>2024-07-03 14:55:28.992981_User@StatDep: send_validation_results is started...
[2024-07-03T14:55:29.005+0000] {logging_mixin.py:151} INFO -    #>2024-07-03 14:55:29.005145_conneciton to db is set.
[2024-07-03T14:55:29.007+0000] {logging_mixin.py:151} INFO -    #>2024-07-03 14:55:29.007272_cursor execution is successful.
[2024-07-03T14:55:29.007+0000] {logging_mixin.py:151} INFO -    There is no any new submissions found. The get_validation_results is over.
[2024-07-03T14:55:29.007+0000] {python.py:194} INFO - Done. Returned value was: True
[2024-07-03T14:55:29.029+0000] {taskinstance.py:1400} INFO - Marking task as SUCCESS. dag_id=reports_workflow, task_id=id_task_send_emails, execution_date=20240703T110000, start_date=20240703T145528, end_date=20240703T145529
[2024-07-03T14:55:29.053+0000] {local_task_job_runner.py:228} INFO - Task exited with return code 0
[2024-07-03T14:55:29.072+0000] {taskinstance.py:2784} INFO - 0 downstream tasks scheduled from follow-on schedule check
