[2024-07-03T09:57:07.695+0000] {taskinstance.py:1159} INFO - Dependencies all met for dep_context=non-requeueable deps ti=<TaskInstance: reports_workflow.id_task_get_emails scheduled__2024-07-02T05:35:00+00:00 [queued]>
[2024-07-03T09:57:07.705+0000] {taskinstance.py:1159} INFO - Dependencies all met for dep_context=requeueable deps ti=<TaskInstance: reports_workflow.id_task_get_emails scheduled__2024-07-02T05:35:00+00:00 [queued]>
[2024-07-03T09:57:07.706+0000] {taskinstance.py:1361} INFO - Starting attempt 1 of 1
[2024-07-03T09:57:07.751+0000] {taskinstance.py:1382} INFO - Executing <Task(PythonOperator): id_task_get_emails> on 2024-07-02 05:35:00+00:00
[2024-07-03T09:57:07.756+0000] {standard_task_runner.py:57} INFO - Started process 20456 to run task
[2024-07-03T09:57:07.786+0000] {standard_task_runner.py:84} INFO - Running: ['***', 'tasks', 'run', 'reports_workflow', 'id_task_get_emails', 'scheduled__2024-07-02T05:35:00+00:00', '--job-id', '310', '--raw', '--subdir', 'DAGS_FOLDER/dag_email_robot.py', '--cfg-path', '/tmp/tmpf1vpiwi8']
[2024-07-03T09:57:07.789+0000] {standard_task_runner.py:85} INFO - Job 310: Subtask id_task_get_emails
[2024-07-03T09:57:07.895+0000] {task_command.py:415} INFO - Running <TaskInstance: reports_workflow.id_task_get_emails scheduled__2024-07-02T05:35:00+00:00 [running]> on host 6f4ef5488251
[2024-07-03T09:57:08.062+0000] {taskinstance.py:1660} INFO - Exporting env vars: AIRFLOW_CTX_DAG_OWNER='FIRDAVS' AIRFLOW_CTX_DAG_ID='reports_workflow' AIRFLOW_CTX_TASK_ID='id_task_get_emails' AIRFLOW_CTX_EXECUTION_DATE='2024-07-02T05:35:00+00:00' AIRFLOW_CTX_TRY_NUMBER='1' AIRFLOW_CTX_DAG_RUN_ID='scheduled__2024-07-02T05:35:00+00:00'
[2024-07-03T09:57:08.063+0000] {logging_mixin.py:151} INFO - path of config file:  /opt/***
[2024-07-03T09:57:08.063+0000] {taskinstance.py:1943} ERROR - Task failed with exception
Traceback (most recent call last):
  File "/home/airflow/.local/lib/python3.8/site-packages/airflow/operators/python.py", line 192, in execute
    return_value = self.execute_callable()
  File "/home/airflow/.local/lib/python3.8/site-packages/airflow/operators/python.py", line 209, in execute_callable
    return self.python_callable(*self.op_args, **self.op_kwargs)
  File "/opt/airflow/dags/dag_email_robot.py", line 22, in get_emails
    email_conf = json.load (open(path / ("config/email_conf.json")))
NameError: name 'json' is not defined
[2024-07-03T09:57:08.076+0000] {taskinstance.py:1400} INFO - Marking task as FAILED. dag_id=reports_workflow, task_id=id_task_get_emails, execution_date=20240702T053500, start_date=20240703T095707, end_date=20240703T095708
[2024-07-03T09:57:08.104+0000] {standard_task_runner.py:104} ERROR - Failed to execute job 310 for task id_task_get_emails (name 'json' is not defined; 20456)
[2024-07-03T09:57:08.140+0000] {local_task_job_runner.py:228} INFO - Task exited with return code 1
[2024-07-03T09:57:08.163+0000] {taskinstance.py:2784} INFO - 0 downstream tasks scheduled from follow-on schedule check
[2024-07-03T12:04:45.036+0000] {taskinstance.py:1159} INFO - Dependencies all met for dep_context=non-requeueable deps ti=<TaskInstance: reports_workflow.id_task_get_emails scheduled__2024-07-02T05:35:00+00:00 [queued]>
[2024-07-03T12:04:45.056+0000] {taskinstance.py:1159} INFO - Dependencies all met for dep_context=requeueable deps ti=<TaskInstance: reports_workflow.id_task_get_emails scheduled__2024-07-02T05:35:00+00:00 [queued]>
[2024-07-03T12:04:45.056+0000] {taskinstance.py:1361} INFO - Starting attempt 1 of 1
[2024-07-03T12:04:45.096+0000] {taskinstance.py:1382} INFO - Executing <Task(PythonOperator): id_task_get_emails> on 2024-07-02 05:35:00+00:00
[2024-07-03T12:04:45.101+0000] {standard_task_runner.py:57} INFO - Started process 23279 to run task
[2024-07-03T12:04:45.122+0000] {standard_task_runner.py:84} INFO - Running: ['***', 'tasks', 'run', 'reports_workflow', 'id_task_get_emails', 'scheduled__2024-07-02T05:35:00+00:00', '--job-id', '753', '--raw', '--subdir', 'DAGS_FOLDER/dag_email_robot.py', '--cfg-path', '/tmp/tmp2cifmoo5']
[2024-07-03T12:04:45.129+0000] {standard_task_runner.py:85} INFO - Job 753: Subtask id_task_get_emails
[2024-07-03T12:04:45.209+0000] {task_command.py:415} INFO - Running <TaskInstance: reports_workflow.id_task_get_emails scheduled__2024-07-02T05:35:00+00:00 [running]> on host 6f4ef5488251
[2024-07-03T12:04:45.343+0000] {taskinstance.py:1660} INFO - Exporting env vars: AIRFLOW_CTX_DAG_OWNER='FIRDAVS' AIRFLOW_CTX_DAG_ID='reports_workflow' AIRFLOW_CTX_TASK_ID='id_task_get_emails' AIRFLOW_CTX_EXECUTION_DATE='2024-07-02T05:35:00+00:00' AIRFLOW_CTX_TRY_NUMBER='1' AIRFLOW_CTX_DAG_RUN_ID='scheduled__2024-07-02T05:35:00+00:00'
[2024-07-03T12:04:45.345+0000] {logging_mixin.py:151} INFO - path of config file:  /opt/***
[2024-07-03T12:04:45.345+0000] {logging_mixin.py:151} INFO - #>2024-07-03 12:04:45.345581_User@StatDep: EmailRobot in screated.
[2024-07-03T12:04:45.350+0000] {logging_mixin.py:151} INFO - #>2024-07-03 12:04:45.349960_User@StatDep: get_for_recent_emails is started...
[2024-07-03T12:04:45.350+0000] {logging_mixin.py:151} INFO - #>2024-07-03 12:04:45.350138_User@StatDep: pop3_fetch_emails isstarted...
[2024-07-03T12:04:45.730+0000] {logging_mixin.py:151} INFO -    b'+OK'
[2024-07-03T12:04:46.210+0000] {logging_mixin.py:151} INFO -    mailbox have 1 emails and the robot can process 10
[2024-07-03T12:04:46.662+0000] {logging_mixin.py:151} INFO -    #>2024-07-03 12:04:46.662107_conneciton to db is set.
[2024-07-03T12:04:46.670+0000] {taskinstance.py:1943} ERROR - Task failed with exception
Traceback (most recent call last):
  File "/home/airflow/.local/lib/python3.8/site-packages/airflow/operators/python.py", line 192, in execute
    return_value = self.execute_callable()
  File "/home/airflow/.local/lib/python3.8/site-packages/airflow/operators/python.py", line 209, in execute_callable
    return self.python_callable(*self.op_args, **self.op_kwargs)
  File "/opt/airflow/dags/dag_email_robot.py", line 25, in get_emails
    robot.fetch_emails()
  File "/opt/airflow/dags/emailRobot.py", line 62, in fetch_emails
    return self.pop3_fetch_emails()
  File "/opt/airflow/dags/emailRobot.py", line 156, in pop3_fetch_emails
    cursor.execute (query, insert_values)
psycopg2.errors.UndefinedTable: relation "sma_stat_dep.tbl_file_upload" does not exist
LINE 1: ...) AS (INSERT INTO                                 sma_stat_d...
                                                             ^

[2024-07-03T12:04:46.694+0000] {taskinstance.py:1400} INFO - Marking task as FAILED. dag_id=reports_workflow, task_id=id_task_get_emails, execution_date=20240702T053500, start_date=20240703T120445, end_date=20240703T120446
[2024-07-03T12:04:46.718+0000] {standard_task_runner.py:104} ERROR - Failed to execute job 753 for task id_task_get_emails (relation "sma_stat_dep.tbl_file_upload" does not exist
LINE 1: ...) AS (INSERT INTO                                 sma_stat_d...
                                                             ^
; 23279)
[2024-07-03T12:04:46.758+0000] {local_task_job_runner.py:228} INFO - Task exited with return code 1
[2024-07-03T12:04:46.796+0000] {taskinstance.py:2784} INFO - 0 downstream tasks scheduled from follow-on schedule check
[2024-07-03T12:21:57.800+0000] {taskinstance.py:1159} INFO - Dependencies all met for dep_context=non-requeueable deps ti=<TaskInstance: reports_workflow.id_task_get_emails scheduled__2024-07-02T05:35:00+00:00 [queued]>
[2024-07-03T12:21:57.811+0000] {taskinstance.py:1159} INFO - Dependencies all met for dep_context=requeueable deps ti=<TaskInstance: reports_workflow.id_task_get_emails scheduled__2024-07-02T05:35:00+00:00 [queued]>
[2024-07-03T12:21:57.811+0000] {taskinstance.py:1361} INFO - Starting attempt 1 of 1
[2024-07-03T12:21:57.825+0000] {taskinstance.py:1382} INFO - Executing <Task(PythonOperator): id_task_get_emails> on 2024-07-02 05:35:00+00:00
[2024-07-03T12:21:57.833+0000] {standard_task_runner.py:57} INFO - Started process 24078 to run task
[2024-07-03T12:21:57.841+0000] {standard_task_runner.py:84} INFO - Running: ['***', 'tasks', 'run', 'reports_workflow', 'id_task_get_emails', 'scheduled__2024-07-02T05:35:00+00:00', '--job-id', '1024', '--raw', '--subdir', 'DAGS_FOLDER/dag_email_robot.py', '--cfg-path', '/tmp/tmpb2gdc_rd']
[2024-07-03T12:21:57.843+0000] {standard_task_runner.py:85} INFO - Job 1024: Subtask id_task_get_emails
[2024-07-03T12:21:57.904+0000] {task_command.py:415} INFO - Running <TaskInstance: reports_workflow.id_task_get_emails scheduled__2024-07-02T05:35:00+00:00 [running]> on host 6f4ef5488251
[2024-07-03T12:21:57.979+0000] {taskinstance.py:1660} INFO - Exporting env vars: AIRFLOW_CTX_DAG_OWNER='FIRDAVS' AIRFLOW_CTX_DAG_ID='reports_workflow' AIRFLOW_CTX_TASK_ID='id_task_get_emails' AIRFLOW_CTX_EXECUTION_DATE='2024-07-02T05:35:00+00:00' AIRFLOW_CTX_TRY_NUMBER='1' AIRFLOW_CTX_DAG_RUN_ID='scheduled__2024-07-02T05:35:00+00:00'
[2024-07-03T12:21:57.980+0000] {logging_mixin.py:151} INFO - path of config file:  /opt/***
[2024-07-03T12:21:57.981+0000] {logging_mixin.py:151} INFO - #>2024-07-03 12:21:57.981366_User@StatDep: EmailRobot in screated.
[2024-07-03T12:21:57.981+0000] {logging_mixin.py:151} INFO - #>2024-07-03 12:21:57.981565_User@StatDep: get_for_recent_emails is started...
[2024-07-03T12:21:57.981+0000] {logging_mixin.py:151} INFO - #>2024-07-03 12:21:57.981705_User@StatDep: pop3_fetch_emails isstarted...
[2024-07-03T12:21:58.392+0000] {logging_mixin.py:151} INFO -    b'+OK'
[2024-07-03T12:21:58.754+0000] {logging_mixin.py:151} INFO -    mailbox have 0 emails and the robot can process 10
[2024-07-03T12:21:58.757+0000] {logging_mixin.py:151} INFO - #>2024-07-03 12:21:58.756986_User@StatDep: no emails to process, exiting pop3_fetch_emails()...
[2024-07-03T12:21:58.759+0000] {python.py:194} INFO - Done. Returned value was: True
[2024-07-03T12:21:58.801+0000] {taskinstance.py:1400} INFO - Marking task as SUCCESS. dag_id=reports_workflow, task_id=id_task_get_emails, execution_date=20240702T053500, start_date=20240703T122157, end_date=20240703T122158
[2024-07-03T12:21:58.868+0000] {local_task_job_runner.py:228} INFO - Task exited with return code 0
[2024-07-03T12:21:58.895+0000] {taskinstance.py:2784} INFO - 1 downstream tasks scheduled from follow-on schedule check
