[2024-07-04T05:08:11.318+0000] {taskinstance.py:1159} INFO - Dependencies all met for dep_context=non-requeueable deps ti=<TaskInstance: reports_workflow.id_task_send_emails scheduled__2024-07-04T03:30:00+00:00 [queued]>
[2024-07-04T05:08:11.352+0000] {taskinstance.py:1159} INFO - Dependencies all met for dep_context=requeueable deps ti=<TaskInstance: reports_workflow.id_task_send_emails scheduled__2024-07-04T03:30:00+00:00 [queued]>
[2024-07-04T05:08:11.353+0000] {taskinstance.py:1361} INFO - Starting attempt 1 of 2
[2024-07-04T05:08:11.382+0000] {taskinstance.py:1382} INFO - Executing <Task(PythonOperator): id_task_send_emails> on 2024-07-04 03:30:00+00:00
[2024-07-04T05:08:11.389+0000] {standard_task_runner.py:57} INFO - Started process 42186 to run task
[2024-07-04T05:08:11.416+0000] {standard_task_runner.py:84} INFO - Running: ['***', 'tasks', 'run', 'reports_workflow', 'id_task_send_emails', 'scheduled__2024-07-04T03:30:00+00:00', '--job-id', '2388', '--raw', '--subdir', 'DAGS_FOLDER/dag_email_robot.py', '--cfg-path', '/tmp/tmpjew8rdg8']
[2024-07-04T05:08:11.417+0000] {standard_task_runner.py:85} INFO - Job 2388: Subtask id_task_send_emails
[2024-07-04T05:08:11.588+0000] {task_command.py:415} INFO - Running <TaskInstance: reports_workflow.id_task_send_emails scheduled__2024-07-04T03:30:00+00:00 [running]> on host 6f4ef5488251
[2024-07-04T05:08:11.765+0000] {taskinstance.py:1660} INFO - Exporting env vars: AIRFLOW_CTX_DAG_OWNER='FIRDAVS' AIRFLOW_CTX_DAG_ID='reports_workflow' AIRFLOW_CTX_TASK_ID='id_task_send_emails' AIRFLOW_CTX_EXECUTION_DATE='2024-07-04T03:30:00+00:00' AIRFLOW_CTX_TRY_NUMBER='1' AIRFLOW_CTX_DAG_RUN_ID='scheduled__2024-07-04T03:30:00+00:00'
[2024-07-04T05:08:11.770+0000] {logging_mixin.py:151} INFO - path of config file:  /opt/***
[2024-07-04T05:08:11.771+0000] {logging_mixin.py:151} INFO - #>2024-07-04 05:08:11.771185_User@StatDep: EmailRobot in screated.
[2024-07-04T05:08:11.771+0000] {logging_mixin.py:151} INFO - #>2024-07-04 05:08:11.771614_User@StatDep: send_validation_results is started...
[2024-07-04T05:08:11.788+0000] {logging_mixin.py:151} INFO -    #>2024-07-04 05:08:11.788461_conneciton to db is set.
[2024-07-04T05:08:11.800+0000] {logging_mixin.py:151} INFO -    #>2024-07-04 05:08:11.800372_cursor execution is successful.
[2024-07-04T05:08:11.801+0000] {logging_mixin.py:151} INFO -    There is no any new submissions found. The get_validation_results is over.
[2024-07-04T05:08:11.801+0000] {python.py:194} INFO - Done. Returned value was: True
[2024-07-04T05:08:11.839+0000] {taskinstance.py:1400} INFO - Marking task as SUCCESS. dag_id=reports_workflow, task_id=id_task_send_emails, execution_date=20240704T033000, start_date=20240704T050811, end_date=20240704T050811
[2024-07-04T05:08:11.914+0000] {local_task_job_runner.py:228} INFO - Task exited with return code 0
[2024-07-04T05:08:12.023+0000] {taskinstance.py:2784} INFO - 0 downstream tasks scheduled from follow-on schedule check
[2024-07-04T05:31:39.103+0000] {taskinstance.py:1159} INFO - Dependencies all met for dep_context=non-requeueable deps ti=<TaskInstance: reports_workflow.id_task_send_emails scheduled__2024-07-04T03:30:00+00:00 [queued]>
[2024-07-04T05:31:39.127+0000] {taskinstance.py:1159} INFO - Dependencies all met for dep_context=requeueable deps ti=<TaskInstance: reports_workflow.id_task_send_emails scheduled__2024-07-04T03:30:00+00:00 [queued]>
[2024-07-04T05:31:39.127+0000] {taskinstance.py:1361} INFO - Starting attempt 1 of 2
[2024-07-04T05:31:39.159+0000] {taskinstance.py:1382} INFO - Executing <Task(PythonOperator): id_task_send_emails> on 2024-07-04 03:30:00+00:00
[2024-07-04T05:31:39.165+0000] {standard_task_runner.py:57} INFO - Started process 42638 to run task
[2024-07-04T05:31:39.194+0000] {standard_task_runner.py:84} INFO - Running: ['***', 'tasks', 'run', 'reports_workflow', 'id_task_send_emails', 'scheduled__2024-07-04T03:30:00+00:00', '--job-id', '2435', '--raw', '--subdir', 'DAGS_FOLDER/dag_email_robot.py', '--cfg-path', '/tmp/tmpnt4_ohc9']
[2024-07-04T05:31:39.198+0000] {standard_task_runner.py:85} INFO - Job 2435: Subtask id_task_send_emails
[2024-07-04T05:31:39.447+0000] {task_command.py:415} INFO - Running <TaskInstance: reports_workflow.id_task_send_emails scheduled__2024-07-04T03:30:00+00:00 [running]> on host 6f4ef5488251
[2024-07-04T05:31:39.734+0000] {taskinstance.py:1660} INFO - Exporting env vars: AIRFLOW_CTX_DAG_OWNER='FIRDAVS' AIRFLOW_CTX_DAG_ID='reports_workflow' AIRFLOW_CTX_TASK_ID='id_task_send_emails' AIRFLOW_CTX_EXECUTION_DATE='2024-07-04T03:30:00+00:00' AIRFLOW_CTX_TRY_NUMBER='1' AIRFLOW_CTX_DAG_RUN_ID='scheduled__2024-07-04T03:30:00+00:00'
[2024-07-04T05:31:39.735+0000] {logging_mixin.py:151} INFO - path of config file:  /opt/***
[2024-07-04T05:31:39.736+0000] {logging_mixin.py:151} INFO - #>2024-07-04 05:31:39.736207_User@StatDep: EmailRobot in screated.
[2024-07-04T05:31:39.736+0000] {logging_mixin.py:151} INFO - #>2024-07-04 05:31:39.736369_User@StatDep: send_validation_results is started...
[2024-07-04T05:31:39.778+0000] {logging_mixin.py:151} INFO -    #>2024-07-04 05:31:39.778154_conneciton to db is set.
[2024-07-04T05:31:39.791+0000] {logging_mixin.py:151} INFO -    #>2024-07-04 05:31:39.791300_cursor execution is successful.
[2024-07-04T05:31:39.791+0000] {logging_mixin.py:151} INFO -    There is no any new submissions found. The get_validation_results is over.
[2024-07-04T05:31:39.800+0000] {python.py:194} INFO - Done. Returned value was: True
[2024-07-04T05:31:39.887+0000] {taskinstance.py:1400} INFO - Marking task as SUCCESS. dag_id=reports_workflow, task_id=id_task_send_emails, execution_date=20240704T033000, start_date=20240704T053139, end_date=20240704T053139
[2024-07-04T05:31:39.965+0000] {local_task_job_runner.py:228} INFO - Task exited with return code 0
[2024-07-04T05:31:40.007+0000] {taskinstance.py:2784} INFO - 0 downstream tasks scheduled from follow-on schedule check
[2024-07-04T05:34:52.512+0000] {taskinstance.py:1159} INFO - Dependencies all met for dep_context=non-requeueable deps ti=<TaskInstance: reports_workflow.id_task_send_emails scheduled__2024-07-04T03:30:00+00:00 [queued]>
[2024-07-04T05:34:52.571+0000] {taskinstance.py:1159} INFO - Dependencies all met for dep_context=requeueable deps ti=<TaskInstance: reports_workflow.id_task_send_emails scheduled__2024-07-04T03:30:00+00:00 [queued]>
[2024-07-04T05:34:52.571+0000] {taskinstance.py:1361} INFO - Starting attempt 1 of 2
[2024-07-04T05:34:52.643+0000] {taskinstance.py:1382} INFO - Executing <Task(PythonOperator): id_task_send_emails> on 2024-07-04 03:30:00+00:00
[2024-07-04T05:34:52.667+0000] {standard_task_runner.py:57} INFO - Started process 42791 to run task
[2024-07-04T05:34:52.693+0000] {standard_task_runner.py:84} INFO - Running: ['***', 'tasks', 'run', 'reports_workflow', 'id_task_send_emails', 'scheduled__2024-07-04T03:30:00+00:00', '--job-id', '2485', '--raw', '--subdir', 'DAGS_FOLDER/dag_email_robot.py', '--cfg-path', '/tmp/tmpoqe2yhj2']
[2024-07-04T05:34:52.695+0000] {standard_task_runner.py:85} INFO - Job 2485: Subtask id_task_send_emails
[2024-07-04T05:34:52.921+0000] {task_command.py:415} INFO - Running <TaskInstance: reports_workflow.id_task_send_emails scheduled__2024-07-04T03:30:00+00:00 [running]> on host 6f4ef5488251
[2024-07-04T05:34:53.229+0000] {taskinstance.py:1660} INFO - Exporting env vars: AIRFLOW_CTX_DAG_OWNER='FIRDAVS' AIRFLOW_CTX_DAG_ID='reports_workflow' AIRFLOW_CTX_TASK_ID='id_task_send_emails' AIRFLOW_CTX_EXECUTION_DATE='2024-07-04T03:30:00+00:00' AIRFLOW_CTX_TRY_NUMBER='1' AIRFLOW_CTX_DAG_RUN_ID='scheduled__2024-07-04T03:30:00+00:00'
[2024-07-04T05:34:53.230+0000] {logging_mixin.py:151} INFO - path of config file:  /opt/***
[2024-07-04T05:34:53.230+0000] {logging_mixin.py:151} INFO - #>2024-07-04 05:34:53.230795_User@StatDep: EmailRobot in screated.
[2024-07-04T05:34:53.231+0000] {logging_mixin.py:151} INFO - #>2024-07-04 05:34:53.230986_User@StatDep: send_validation_results is started...
[2024-07-04T05:34:53.241+0000] {logging_mixin.py:151} INFO -    #>2024-07-04 05:34:53.241152_conneciton to db is set.
[2024-07-04T05:34:53.243+0000] {logging_mixin.py:151} INFO -    #>2024-07-04 05:34:53.242979_cursor execution is successful.
[2024-07-04T05:34:53.243+0000] {logging_mixin.py:151} INFO -    There is no any new submissions found. The get_validation_results is over.
[2024-07-04T05:34:53.245+0000] {python.py:194} INFO - Done. Returned value was: True
[2024-07-04T05:34:53.314+0000] {taskinstance.py:1400} INFO - Marking task as SUCCESS. dag_id=reports_workflow, task_id=id_task_send_emails, execution_date=20240704T033000, start_date=20240704T053452, end_date=20240704T053453
[2024-07-04T05:34:53.384+0000] {local_task_job_runner.py:228} INFO - Task exited with return code 0
[2024-07-04T05:34:53.457+0000] {taskinstance.py:2784} INFO - 0 downstream tasks scheduled from follow-on schedule check
