[2024-07-03T09:56:38.888+0000] {taskinstance.py:1159} INFO - Dependencies all met for dep_context=non-requeueable deps ti=<TaskInstance: reports_workflow.id_task_get_emails scheduled__2024-07-02T01:20:00+00:00 [queued]>
[2024-07-03T09:56:38.897+0000] {taskinstance.py:1159} INFO - Dependencies all met for dep_context=requeueable deps ti=<TaskInstance: reports_workflow.id_task_get_emails scheduled__2024-07-02T01:20:00+00:00 [queued]>
[2024-07-03T09:56:38.897+0000] {taskinstance.py:1361} INFO - Starting attempt 1 of 1
[2024-07-03T09:56:38.915+0000] {taskinstance.py:1382} INFO - Executing <Task(PythonOperator): id_task_get_emails> on 2024-07-02 01:20:00+00:00
[2024-07-03T09:56:38.922+0000] {standard_task_runner.py:57} INFO - Started process 20347 to run task
[2024-07-03T09:56:38.933+0000] {standard_task_runner.py:84} INFO - Running: ['***', 'tasks', 'run', 'reports_workflow', 'id_task_get_emails', 'scheduled__2024-07-02T01:20:00+00:00', '--job-id', '259', '--raw', '--subdir', 'DAGS_FOLDER/dag_email_robot.py', '--cfg-path', '/tmp/tmp9a1ginq4']
[2024-07-03T09:56:38.937+0000] {standard_task_runner.py:85} INFO - Job 259: Subtask id_task_get_emails
[2024-07-03T09:56:39.039+0000] {task_command.py:415} INFO - Running <TaskInstance: reports_workflow.id_task_get_emails scheduled__2024-07-02T01:20:00+00:00 [running]> on host 6f4ef5488251
[2024-07-03T09:56:39.164+0000] {taskinstance.py:1660} INFO - Exporting env vars: AIRFLOW_CTX_DAG_OWNER='FIRDAVS' AIRFLOW_CTX_DAG_ID='reports_workflow' AIRFLOW_CTX_TASK_ID='id_task_get_emails' AIRFLOW_CTX_EXECUTION_DATE='2024-07-02T01:20:00+00:00' AIRFLOW_CTX_TRY_NUMBER='1' AIRFLOW_CTX_DAG_RUN_ID='scheduled__2024-07-02T01:20:00+00:00'
[2024-07-03T09:56:39.165+0000] {logging_mixin.py:151} INFO - path of config file:  /opt/***
[2024-07-03T09:56:39.165+0000] {taskinstance.py:1943} ERROR - Task failed with exception
Traceback (most recent call last):
  File "/home/airflow/.local/lib/python3.8/site-packages/airflow/operators/python.py", line 192, in execute
    return_value = self.execute_callable()
  File "/home/airflow/.local/lib/python3.8/site-packages/airflow/operators/python.py", line 209, in execute_callable
    return self.python_callable(*self.op_args, **self.op_kwargs)
  File "/opt/airflow/dags/dag_email_robot.py", line 22, in get_emails
    email_conf = json.load (open(path / ("config/email_conf.json")))
NameError: name 'json' is not defined
[2024-07-03T09:56:39.177+0000] {taskinstance.py:1400} INFO - Marking task as FAILED. dag_id=reports_workflow, task_id=id_task_get_emails, execution_date=20240702T012000, start_date=20240703T095638, end_date=20240703T095639
[2024-07-03T09:56:39.188+0000] {standard_task_runner.py:104} ERROR - Failed to execute job 259 for task id_task_get_emails (name 'json' is not defined; 20347)
[2024-07-03T09:56:39.225+0000] {local_task_job_runner.py:228} INFO - Task exited with return code 1
[2024-07-03T09:56:39.249+0000] {taskinstance.py:2784} INFO - 0 downstream tasks scheduled from follow-on schedule check
[2024-07-03T12:04:21.491+0000] {taskinstance.py:1159} INFO - Dependencies all met for dep_context=non-requeueable deps ti=<TaskInstance: reports_workflow.id_task_get_emails scheduled__2024-07-02T01:20:00+00:00 [queued]>
[2024-07-03T12:04:21.587+0000] {taskinstance.py:1159} INFO - Dependencies all met for dep_context=requeueable deps ti=<TaskInstance: reports_workflow.id_task_get_emails scheduled__2024-07-02T01:20:00+00:00 [queued]>
[2024-07-03T12:04:21.587+0000] {taskinstance.py:1361} INFO - Starting attempt 1 of 1
[2024-07-03T12:04:21.605+0000] {taskinstance.py:1382} INFO - Executing <Task(PythonOperator): id_task_get_emails> on 2024-07-02 01:20:00+00:00
[2024-07-03T12:04:21.610+0000] {standard_task_runner.py:57} INFO - Started process 23176 to run task
[2024-07-03T12:04:21.614+0000] {standard_task_runner.py:84} INFO - Running: ['***', 'tasks', 'run', 'reports_workflow', 'id_task_get_emails', 'scheduled__2024-07-02T01:20:00+00:00', '--job-id', '702', '--raw', '--subdir', 'DAGS_FOLDER/dag_email_robot.py', '--cfg-path', '/tmp/tmp6l5fmraj']
[2024-07-03T12:04:21.616+0000] {standard_task_runner.py:85} INFO - Job 702: Subtask id_task_get_emails
[2024-07-03T12:04:21.671+0000] {task_command.py:415} INFO - Running <TaskInstance: reports_workflow.id_task_get_emails scheduled__2024-07-02T01:20:00+00:00 [running]> on host 6f4ef5488251
[2024-07-03T12:04:21.746+0000] {taskinstance.py:1660} INFO - Exporting env vars: AIRFLOW_CTX_DAG_OWNER='FIRDAVS' AIRFLOW_CTX_DAG_ID='reports_workflow' AIRFLOW_CTX_TASK_ID='id_task_get_emails' AIRFLOW_CTX_EXECUTION_DATE='2024-07-02T01:20:00+00:00' AIRFLOW_CTX_TRY_NUMBER='1' AIRFLOW_CTX_DAG_RUN_ID='scheduled__2024-07-02T01:20:00+00:00'
[2024-07-03T12:04:21.747+0000] {logging_mixin.py:151} INFO - path of config file:  /opt/***
[2024-07-03T12:04:21.748+0000] {logging_mixin.py:151} INFO - #>2024-07-03 12:04:21.747962_User@StatDep: EmailRobot in screated.
[2024-07-03T12:04:21.748+0000] {logging_mixin.py:151} INFO - #>2024-07-03 12:04:21.748320_User@StatDep: get_for_recent_emails is started...
[2024-07-03T12:04:21.748+0000] {logging_mixin.py:151} INFO - #>2024-07-03 12:04:21.748637_User@StatDep: pop3_fetch_emails isstarted...
[2024-07-03T12:04:22.151+0000] {logging_mixin.py:151} INFO -    b'+OK'
[2024-07-03T12:04:22.637+0000] {logging_mixin.py:151} INFO -    mailbox have 1 emails and the robot can process 10
[2024-07-03T12:04:23.076+0000] {logging_mixin.py:151} INFO -    #>2024-07-03 12:04:23.076741_conneciton to db is set.
[2024-07-03T12:04:23.082+0000] {taskinstance.py:1943} ERROR - Task failed with exception
Traceback (most recent call last):
  File "/home/airflow/.local/lib/python3.8/site-packages/airflow/operators/python.py", line 192, in execute
    return_value = self.execute_callable()
  File "/home/airflow/.local/lib/python3.8/site-packages/airflow/operators/python.py", line 209, in execute_callable
    return self.python_callable(*self.op_args, **self.op_kwargs)
  File "/opt/airflow/dags/dag_email_robot.py", line 25, in get_emails
    robot.fetch_emails()
  File "/opt/airflow/dags/emailRobot.py", line 62, in fetch_emails
    return self.pop3_fetch_emails()
  File "/opt/airflow/dags/emailRobot.py", line 156, in pop3_fetch_emails
    cursor.execute (query, insert_values)
psycopg2.errors.UndefinedTable: relation "sma_stat_dep.tbl_file_upload" does not exist
LINE 1: ...) AS (INSERT INTO                                 sma_stat_d...
                                                             ^

[2024-07-03T12:04:23.099+0000] {taskinstance.py:1400} INFO - Marking task as FAILED. dag_id=reports_workflow, task_id=id_task_get_emails, execution_date=20240702T012000, start_date=20240703T120421, end_date=20240703T120423
[2024-07-03T12:04:23.110+0000] {standard_task_runner.py:104} ERROR - Failed to execute job 702 for task id_task_get_emails (relation "sma_stat_dep.tbl_file_upload" does not exist
LINE 1: ...) AS (INSERT INTO                                 sma_stat_d...
                                                             ^
; 23176)
[2024-07-03T12:04:23.119+0000] {local_task_job_runner.py:228} INFO - Task exited with return code 1
[2024-07-03T12:04:23.143+0000] {taskinstance.py:2784} INFO - 0 downstream tasks scheduled from follow-on schedule check
[2024-07-03T12:20:32.788+0000] {taskinstance.py:1159} INFO - Dependencies all met for dep_context=non-requeueable deps ti=<TaskInstance: reports_workflow.id_task_get_emails scheduled__2024-07-02T01:20:00+00:00 [queued]>
[2024-07-03T12:20:32.866+0000] {taskinstance.py:1159} INFO - Dependencies all met for dep_context=requeueable deps ti=<TaskInstance: reports_workflow.id_task_get_emails scheduled__2024-07-02T01:20:00+00:00 [queued]>
[2024-07-03T12:20:32.867+0000] {taskinstance.py:1361} INFO - Starting attempt 1 of 1
[2024-07-03T12:20:32.917+0000] {taskinstance.py:1382} INFO - Executing <Task(PythonOperator): id_task_get_emails> on 2024-07-02 01:20:00+00:00
[2024-07-03T12:20:32.925+0000] {standard_task_runner.py:57} INFO - Started process 23859 to run task
[2024-07-03T12:20:32.980+0000] {standard_task_runner.py:84} INFO - Running: ['***', 'tasks', 'run', 'reports_workflow', 'id_task_get_emails', 'scheduled__2024-07-02T01:20:00+00:00', '--job-id', '920', '--raw', '--subdir', 'DAGS_FOLDER/dag_email_robot.py', '--cfg-path', '/tmp/tmpqg6vuerc']
[2024-07-03T12:20:32.982+0000] {standard_task_runner.py:85} INFO - Job 920: Subtask id_task_get_emails
[2024-07-03T12:20:33.195+0000] {task_command.py:415} INFO - Running <TaskInstance: reports_workflow.id_task_get_emails scheduled__2024-07-02T01:20:00+00:00 [running]> on host 6f4ef5488251
[2024-07-03T12:20:33.372+0000] {taskinstance.py:1660} INFO - Exporting env vars: AIRFLOW_CTX_DAG_OWNER='FIRDAVS' AIRFLOW_CTX_DAG_ID='reports_workflow' AIRFLOW_CTX_TASK_ID='id_task_get_emails' AIRFLOW_CTX_EXECUTION_DATE='2024-07-02T01:20:00+00:00' AIRFLOW_CTX_TRY_NUMBER='1' AIRFLOW_CTX_DAG_RUN_ID='scheduled__2024-07-02T01:20:00+00:00'
[2024-07-03T12:20:33.372+0000] {logging_mixin.py:151} INFO - path of config file:  /opt/***
[2024-07-03T12:20:33.373+0000] {logging_mixin.py:151} INFO - #>2024-07-03 12:20:33.373560_User@StatDep: EmailRobot in screated.
[2024-07-03T12:20:33.373+0000] {logging_mixin.py:151} INFO - #>2024-07-03 12:20:33.373762_User@StatDep: get_for_recent_emails is started...
[2024-07-03T12:20:33.374+0000] {logging_mixin.py:151} INFO - #>2024-07-03 12:20:33.373906_User@StatDep: pop3_fetch_emails isstarted...
[2024-07-03T12:20:33.749+0000] {logging_mixin.py:151} INFO -    b'+OK'
[2024-07-03T12:20:34.054+0000] {logging_mixin.py:151} INFO -    mailbox have 0 emails and the robot can process 10
[2024-07-03T12:20:34.054+0000] {logging_mixin.py:151} INFO - #>2024-07-03 12:20:34.054811_User@StatDep: no emails to process, exiting pop3_fetch_emails()...
[2024-07-03T12:20:34.055+0000] {python.py:194} INFO - Done. Returned value was: True
[2024-07-03T12:20:34.116+0000] {taskinstance.py:1400} INFO - Marking task as SUCCESS. dag_id=reports_workflow, task_id=id_task_get_emails, execution_date=20240702T012000, start_date=20240703T122032, end_date=20240703T122034
[2024-07-03T12:20:34.166+0000] {local_task_job_runner.py:228} INFO - Task exited with return code 0
[2024-07-03T12:20:34.224+0000] {taskinstance.py:2784} INFO - 0 downstream tasks scheduled from follow-on schedule check
