[2024-07-31T05:35:02.144+0000] {taskinstance.py:1159} INFO - Dependencies all met for dep_context=non-requeueable deps ti=<TaskInstance: reports_workflow.id_task_get_emails scheduled__2024-07-31T05:30:00+00:00 [queued]>
[2024-07-31T05:35:02.152+0000] {taskinstance.py:1159} INFO - Dependencies all met for dep_context=requeueable deps ti=<TaskInstance: reports_workflow.id_task_get_emails scheduled__2024-07-31T05:30:00+00:00 [queued]>
[2024-07-31T05:35:02.152+0000] {taskinstance.py:1361} INFO - Starting attempt 1 of 2
[2024-07-31T05:35:02.166+0000] {taskinstance.py:1382} INFO - Executing <Task(PythonOperator): id_task_get_emails> on 2024-07-31 05:30:00+00:00
[2024-07-31T05:35:02.175+0000] {standard_task_runner.py:57} INFO - Started process 17539 to run task
[2024-07-31T05:35:02.182+0000] {standard_task_runner.py:84} INFO - Running: ['***', 'tasks', 'run', 'reports_workflow', 'id_task_get_emails', 'scheduled__2024-07-31T05:30:00+00:00', '--job-id', '733', '--raw', '--subdir', 'DAGS_FOLDER/dag_stat_report.py', '--cfg-path', '/tmp/tmpbcy6esvp']
[2024-07-31T05:35:02.187+0000] {standard_task_runner.py:85} INFO - Job 733: Subtask id_task_get_emails
[2024-07-31T05:35:02.283+0000] {task_command.py:415} INFO - Running <TaskInstance: reports_workflow.id_task_get_emails scheduled__2024-07-31T05:30:00+00:00 [running]> on host 6bb718ab9b8f
[2024-07-31T05:35:02.407+0000] {taskinstance.py:1660} INFO - Exporting env vars: AIRFLOW_CTX_DAG_OWNER='FIRDAVS' AIRFLOW_CTX_DAG_ID='reports_workflow' AIRFLOW_CTX_TASK_ID='id_task_get_emails' AIRFLOW_CTX_EXECUTION_DATE='2024-07-31T05:30:00+00:00' AIRFLOW_CTX_TRY_NUMBER='1' AIRFLOW_CTX_DAG_RUN_ID='scheduled__2024-07-31T05:30:00+00:00'
[2024-07-31T05:35:02.408+0000] {logging_mixin.py:151} INFO - path of config file:  /opt/***
[2024-07-31T05:35:02.409+0000] {logging_mixin.py:151} INFO - #>2024-07-31 05:35:02.409293_User@StatDep: EmailRobot in screated.
[2024-07-31T05:35:02.409+0000] {logging_mixin.py:151} INFO - #>2024-07-31 05:35:02.409486_User@StatDep: get_for_recent_emails is started...
[2024-07-31T05:35:02.409+0000] {logging_mixin.py:151} INFO - #>2024-07-31 05:35:02.409616_User@StatDep: pop3_fetch_emails isstarted...
[2024-07-31T05:35:02.939+0000] {logging_mixin.py:151} INFO -    b'+OK'
[2024-07-31T05:35:03.317+0000] {logging_mixin.py:151} INFO -    mailbox have 1 emails and the robot can process 10
[2024-07-31T05:35:03.607+0000] {logging_mixin.py:151} INFO -    #>2024-07-31 05:35:03.607769_conneciton to db is set.
[2024-07-31T05:35:03.614+0000] {logging_mixin.py:151} INFO -    #>2024-07-31 05:35:03.614270_cursor execution is successful.
[2024-07-31T05:35:03.615+0000] {logging_mixin.py:151} INFO -    Email from 2024-07-31 08:31:32,  Мунис Пиров <3d_0001@mail.ru>  with statis 5 and attachement name 1HK.v0.5707.30062024.xlsx.xlsx uploaded to db
[2024-07-31T05:35:03.694+0000] {logging_mixin.py:151} INFO -    deletion of email after inserting into database +OK message 1 deleted
[2024-07-31T05:35:03.770+0000] {logging_mixin.py:151} INFO - #>2024-07-31 05:35:03.770093_User@StatDep: pop3_fetch_emails is successful.
[2024-07-31T05:35:03.771+0000] {python.py:194} INFO - Done. Returned value was: True
[2024-07-31T05:35:03.811+0000] {taskinstance.py:1400} INFO - Marking task as SUCCESS. dag_id=reports_workflow, task_id=id_task_get_emails, execution_date=20240731T053000, start_date=20240731T053502, end_date=20240731T053503
[2024-07-31T05:35:03.838+0000] {local_task_job_runner.py:228} INFO - Task exited with return code 0
[2024-07-31T05:35:03.874+0000] {taskinstance.py:2784} INFO - 1 downstream tasks scheduled from follow-on schedule check
