[2024-07-03T09:57:00.515+0000] {taskinstance.py:1159} INFO - Dependencies all met for dep_context=non-requeueable deps ti=<TaskInstance: reports_workflow.id_task_get_emails scheduled__2024-07-02T04:25:00+00:00 [queued]>
[2024-07-03T09:57:00.525+0000] {taskinstance.py:1159} INFO - Dependencies all met for dep_context=requeueable deps ti=<TaskInstance: reports_workflow.id_task_get_emails scheduled__2024-07-02T04:25:00+00:00 [queued]>
[2024-07-03T09:57:00.525+0000] {taskinstance.py:1361} INFO - Starting attempt 1 of 1
[2024-07-03T09:57:00.541+0000] {taskinstance.py:1382} INFO - Executing <Task(PythonOperator): id_task_get_emails> on 2024-07-02 04:25:00+00:00
[2024-07-03T09:57:00.546+0000] {standard_task_runner.py:57} INFO - Started process 20428 to run task
[2024-07-03T09:57:00.555+0000] {standard_task_runner.py:84} INFO - Running: ['***', 'tasks', 'run', 'reports_workflow', 'id_task_get_emails', 'scheduled__2024-07-02T04:25:00+00:00', '--job-id', '296', '--raw', '--subdir', 'DAGS_FOLDER/dag_email_robot.py', '--cfg-path', '/tmp/tmp77etpr8a']
[2024-07-03T09:57:00.556+0000] {standard_task_runner.py:85} INFO - Job 296: Subtask id_task_get_emails
[2024-07-03T09:57:00.646+0000] {task_command.py:415} INFO - Running <TaskInstance: reports_workflow.id_task_get_emails scheduled__2024-07-02T04:25:00+00:00 [running]> on host 6f4ef5488251
[2024-07-03T09:57:00.792+0000] {taskinstance.py:1660} INFO - Exporting env vars: AIRFLOW_CTX_DAG_OWNER='FIRDAVS' AIRFLOW_CTX_DAG_ID='reports_workflow' AIRFLOW_CTX_TASK_ID='id_task_get_emails' AIRFLOW_CTX_EXECUTION_DATE='2024-07-02T04:25:00+00:00' AIRFLOW_CTX_TRY_NUMBER='1' AIRFLOW_CTX_DAG_RUN_ID='scheduled__2024-07-02T04:25:00+00:00'
[2024-07-03T09:57:00.793+0000] {logging_mixin.py:151} INFO - path of config file:  /opt/***
[2024-07-03T09:57:00.793+0000] {taskinstance.py:1943} ERROR - Task failed with exception
Traceback (most recent call last):
  File "/home/airflow/.local/lib/python3.8/site-packages/airflow/operators/python.py", line 192, in execute
    return_value = self.execute_callable()
  File "/home/airflow/.local/lib/python3.8/site-packages/airflow/operators/python.py", line 209, in execute_callable
    return self.python_callable(*self.op_args, **self.op_kwargs)
  File "/opt/airflow/dags/dag_email_robot.py", line 22, in get_emails
    email_conf = json.load (open(path / ("config/email_conf.json")))
NameError: name 'json' is not defined
[2024-07-03T09:57:00.811+0000] {taskinstance.py:1400} INFO - Marking task as FAILED. dag_id=reports_workflow, task_id=id_task_get_emails, execution_date=20240702T042500, start_date=20240703T095700, end_date=20240703T095700
[2024-07-03T09:57:00.854+0000] {standard_task_runner.py:104} ERROR - Failed to execute job 296 for task id_task_get_emails (name 'json' is not defined; 20428)
[2024-07-03T09:57:00.886+0000] {local_task_job_runner.py:228} INFO - Task exited with return code 1
[2024-07-03T09:57:00.942+0000] {taskinstance.py:2784} INFO - 0 downstream tasks scheduled from follow-on schedule check
[2024-07-03T12:04:38.985+0000] {taskinstance.py:1159} INFO - Dependencies all met for dep_context=non-requeueable deps ti=<TaskInstance: reports_workflow.id_task_get_emails scheduled__2024-07-02T04:25:00+00:00 [queued]>
[2024-07-03T12:04:39.011+0000] {taskinstance.py:1159} INFO - Dependencies all met for dep_context=requeueable deps ti=<TaskInstance: reports_workflow.id_task_get_emails scheduled__2024-07-02T04:25:00+00:00 [queued]>
[2024-07-03T12:04:39.011+0000] {taskinstance.py:1361} INFO - Starting attempt 1 of 1
[2024-07-03T12:04:39.028+0000] {taskinstance.py:1382} INFO - Executing <Task(PythonOperator): id_task_get_emails> on 2024-07-02 04:25:00+00:00
[2024-07-03T12:04:39.035+0000] {standard_task_runner.py:57} INFO - Started process 23250 to run task
[2024-07-03T12:04:39.047+0000] {standard_task_runner.py:84} INFO - Running: ['***', 'tasks', 'run', 'reports_workflow', 'id_task_get_emails', 'scheduled__2024-07-02T04:25:00+00:00', '--job-id', '739', '--raw', '--subdir', 'DAGS_FOLDER/dag_email_robot.py', '--cfg-path', '/tmp/tmp2hsxnuty']
[2024-07-03T12:04:39.049+0000] {standard_task_runner.py:85} INFO - Job 739: Subtask id_task_get_emails
[2024-07-03T12:04:39.165+0000] {task_command.py:415} INFO - Running <TaskInstance: reports_workflow.id_task_get_emails scheduled__2024-07-02T04:25:00+00:00 [running]> on host 6f4ef5488251
[2024-07-03T12:04:39.306+0000] {taskinstance.py:1660} INFO - Exporting env vars: AIRFLOW_CTX_DAG_OWNER='FIRDAVS' AIRFLOW_CTX_DAG_ID='reports_workflow' AIRFLOW_CTX_TASK_ID='id_task_get_emails' AIRFLOW_CTX_EXECUTION_DATE='2024-07-02T04:25:00+00:00' AIRFLOW_CTX_TRY_NUMBER='1' AIRFLOW_CTX_DAG_RUN_ID='scheduled__2024-07-02T04:25:00+00:00'
[2024-07-03T12:04:39.307+0000] {logging_mixin.py:151} INFO - path of config file:  /opt/***
[2024-07-03T12:04:39.308+0000] {logging_mixin.py:151} INFO - #>2024-07-03 12:04:39.308567_User@StatDep: EmailRobot in screated.
[2024-07-03T12:04:39.308+0000] {logging_mixin.py:151} INFO - #>2024-07-03 12:04:39.308859_User@StatDep: get_for_recent_emails is started...
[2024-07-03T12:04:39.309+0000] {logging_mixin.py:151} INFO - #>2024-07-03 12:04:39.309065_User@StatDep: pop3_fetch_emails isstarted...
[2024-07-03T12:04:39.712+0000] {logging_mixin.py:151} INFO -    b'+OK'
[2024-07-03T12:04:40.208+0000] {logging_mixin.py:151} INFO -    mailbox have 1 emails and the robot can process 10
[2024-07-03T12:04:40.984+0000] {logging_mixin.py:151} INFO -    #>2024-07-03 12:04:40.984167_conneciton to db is set.
[2024-07-03T12:04:41.007+0000] {taskinstance.py:1943} ERROR - Task failed with exception
Traceback (most recent call last):
  File "/home/airflow/.local/lib/python3.8/site-packages/airflow/operators/python.py", line 192, in execute
    return_value = self.execute_callable()
  File "/home/airflow/.local/lib/python3.8/site-packages/airflow/operators/python.py", line 209, in execute_callable
    return self.python_callable(*self.op_args, **self.op_kwargs)
  File "/opt/airflow/dags/dag_email_robot.py", line 25, in get_emails
    robot.fetch_emails()
  File "/opt/airflow/dags/emailRobot.py", line 62, in fetch_emails
    return self.pop3_fetch_emails()
  File "/opt/airflow/dags/emailRobot.py", line 156, in pop3_fetch_emails
    cursor.execute (query, insert_values)
psycopg2.errors.UndefinedTable: relation "sma_stat_dep.tbl_file_upload" does not exist
LINE 1: ...) AS (INSERT INTO                                 sma_stat_d...
                                                             ^

[2024-07-03T12:04:41.030+0000] {taskinstance.py:1400} INFO - Marking task as FAILED. dag_id=reports_workflow, task_id=id_task_get_emails, execution_date=20240702T042500, start_date=20240703T120439, end_date=20240703T120441
[2024-07-03T12:04:41.137+0000] {standard_task_runner.py:104} ERROR - Failed to execute job 739 for task id_task_get_emails (relation "sma_stat_dep.tbl_file_upload" does not exist
LINE 1: ...) AS (INSERT INTO                                 sma_stat_d...
                                                             ^
; 23250)
[2024-07-03T12:04:41.161+0000] {local_task_job_runner.py:228} INFO - Task exited with return code 1
[2024-07-03T12:04:41.229+0000] {taskinstance.py:2784} INFO - 0 downstream tasks scheduled from follow-on schedule check
[2024-07-03T12:21:52.863+0000] {taskinstance.py:1159} INFO - Dependencies all met for dep_context=non-requeueable deps ti=<TaskInstance: reports_workflow.id_task_get_emails scheduled__2024-07-02T04:25:00+00:00 [queued]>
[2024-07-03T12:21:52.890+0000] {taskinstance.py:1159} INFO - Dependencies all met for dep_context=requeueable deps ti=<TaskInstance: reports_workflow.id_task_get_emails scheduled__2024-07-02T04:25:00+00:00 [queued]>
[2024-07-03T12:21:52.890+0000] {taskinstance.py:1361} INFO - Starting attempt 1 of 1
[2024-07-03T12:21:52.911+0000] {taskinstance.py:1382} INFO - Executing <Task(PythonOperator): id_task_get_emails> on 2024-07-02 04:25:00+00:00
[2024-07-03T12:21:52.919+0000] {standard_task_runner.py:57} INFO - Started process 24028 to run task
[2024-07-03T12:21:52.933+0000] {standard_task_runner.py:84} INFO - Running: ['***', 'tasks', 'run', 'reports_workflow', 'id_task_get_emails', 'scheduled__2024-07-02T04:25:00+00:00', '--job-id', '998', '--raw', '--subdir', 'DAGS_FOLDER/dag_email_robot.py', '--cfg-path', '/tmp/tmp0z0gj3j_']
[2024-07-03T12:21:52.934+0000] {standard_task_runner.py:85} INFO - Job 998: Subtask id_task_get_emails
[2024-07-03T12:21:53.011+0000] {task_command.py:415} INFO - Running <TaskInstance: reports_workflow.id_task_get_emails scheduled__2024-07-02T04:25:00+00:00 [running]> on host 6f4ef5488251
[2024-07-03T12:21:53.154+0000] {taskinstance.py:1660} INFO - Exporting env vars: AIRFLOW_CTX_DAG_OWNER='FIRDAVS' AIRFLOW_CTX_DAG_ID='reports_workflow' AIRFLOW_CTX_TASK_ID='id_task_get_emails' AIRFLOW_CTX_EXECUTION_DATE='2024-07-02T04:25:00+00:00' AIRFLOW_CTX_TRY_NUMBER='1' AIRFLOW_CTX_DAG_RUN_ID='scheduled__2024-07-02T04:25:00+00:00'
[2024-07-03T12:21:53.155+0000] {logging_mixin.py:151} INFO - path of config file:  /opt/***
[2024-07-03T12:21:53.156+0000] {logging_mixin.py:151} INFO - #>2024-07-03 12:21:53.156136_User@StatDep: EmailRobot in screated.
[2024-07-03T12:21:53.156+0000] {logging_mixin.py:151} INFO - #>2024-07-03 12:21:53.156330_User@StatDep: get_for_recent_emails is started...
[2024-07-03T12:21:53.156+0000] {logging_mixin.py:151} INFO - #>2024-07-03 12:21:53.156497_User@StatDep: pop3_fetch_emails isstarted...
[2024-07-03T12:21:53.542+0000] {logging_mixin.py:151} INFO -    b'+OK'
[2024-07-03T12:21:53.802+0000] {logging_mixin.py:151} INFO -    mailbox have 0 emails and the robot can process 10
[2024-07-03T12:21:53.803+0000] {logging_mixin.py:151} INFO - #>2024-07-03 12:21:53.803100_User@StatDep: no emails to process, exiting pop3_fetch_emails()...
[2024-07-03T12:21:53.803+0000] {python.py:194} INFO - Done. Returned value was: True
[2024-07-03T12:21:53.834+0000] {taskinstance.py:1400} INFO - Marking task as SUCCESS. dag_id=reports_workflow, task_id=id_task_get_emails, execution_date=20240702T042500, start_date=20240703T122152, end_date=20240703T122153
[2024-07-03T12:21:53.921+0000] {local_task_job_runner.py:228} INFO - Task exited with return code 0
[2024-07-03T12:21:53.962+0000] {taskinstance.py:2784} INFO - 1 downstream tasks scheduled from follow-on schedule check
