[2024-07-03T09:58:19.883+0000] {taskinstance.py:1159} INFO - Dependencies all met for dep_context=non-requeueable deps ti=<TaskInstance: reports_workflow.id_task_get_emails scheduled__2024-07-02T17:20:00+00:00 [queued]>
[2024-07-03T09:58:19.899+0000] {taskinstance.py:1159} INFO - Dependencies all met for dep_context=requeueable deps ti=<TaskInstance: reports_workflow.id_task_get_emails scheduled__2024-07-02T17:20:00+00:00 [queued]>
[2024-07-03T09:58:19.899+0000] {taskinstance.py:1361} INFO - Starting attempt 1 of 1
[2024-07-03T09:58:19.952+0000] {taskinstance.py:1382} INFO - Executing <Task(PythonOperator): id_task_get_emails> on 2024-07-02 17:20:00+00:00
[2024-07-03T09:58:19.963+0000] {standard_task_runner.py:57} INFO - Started process 20759 to run task
[2024-07-03T09:58:19.969+0000] {standard_task_runner.py:84} INFO - Running: ['***', 'tasks', 'run', 'reports_workflow', 'id_task_get_emails', 'scheduled__2024-07-02T17:20:00+00:00', '--job-id', '454', '--raw', '--subdir', 'DAGS_FOLDER/dag_email_robot.py', '--cfg-path', '/tmp/tmp3gj3h95f']
[2024-07-03T09:58:19.970+0000] {standard_task_runner.py:85} INFO - Job 454: Subtask id_task_get_emails
[2024-07-03T09:58:20.057+0000] {task_command.py:415} INFO - Running <TaskInstance: reports_workflow.id_task_get_emails scheduled__2024-07-02T17:20:00+00:00 [running]> on host 6f4ef5488251
[2024-07-03T09:58:20.221+0000] {taskinstance.py:1660} INFO - Exporting env vars: AIRFLOW_CTX_DAG_OWNER='FIRDAVS' AIRFLOW_CTX_DAG_ID='reports_workflow' AIRFLOW_CTX_TASK_ID='id_task_get_emails' AIRFLOW_CTX_EXECUTION_DATE='2024-07-02T17:20:00+00:00' AIRFLOW_CTX_TRY_NUMBER='1' AIRFLOW_CTX_DAG_RUN_ID='scheduled__2024-07-02T17:20:00+00:00'
[2024-07-03T09:58:20.222+0000] {logging_mixin.py:151} INFO - path of config file:  /opt/***
[2024-07-03T09:58:20.223+0000] {logging_mixin.py:151} INFO - #>2024-07-03 09:58:20.223313_User@StatDep: EmailRobot in screated.
[2024-07-03T09:58:20.223+0000] {logging_mixin.py:151} INFO - #>2024-07-03 09:58:20.223491_User@StatDep: get_for_recent_emails is started...
[2024-07-03T09:58:20.223+0000] {logging_mixin.py:151} INFO - #>2024-07-03 09:58:20.223638_User@StatDep: pop3_fetch_emails isstarted...
[2024-07-03T09:58:20.605+0000] {logging_mixin.py:151} INFO -    b'+OK'
[2024-07-03T09:58:20.937+0000] {logging_mixin.py:151} INFO -    mailbox have 0 emails and the robot can process 10
[2024-07-03T09:58:20.938+0000] {logging_mixin.py:151} INFO - #>2024-07-03 09:58:20.938287_User@StatDep: no emails to process, exiting pop3_fetch_emails()...
[2024-07-03T09:58:20.939+0000] {python.py:194} INFO - Done. Returned value was: True
[2024-07-03T09:58:20.975+0000] {taskinstance.py:1400} INFO - Marking task as SUCCESS. dag_id=reports_workflow, task_id=id_task_get_emails, execution_date=20240702T172000, start_date=20240703T095819, end_date=20240703T095820
[2024-07-03T09:58:21.084+0000] {local_task_job_runner.py:228} INFO - Task exited with return code 0
[2024-07-03T09:58:21.152+0000] {taskinstance.py:2784} INFO - 0 downstream tasks scheduled from follow-on schedule check
[2024-07-03T12:05:42.624+0000] {taskinstance.py:1159} INFO - Dependencies all met for dep_context=non-requeueable deps ti=<TaskInstance: reports_workflow.id_task_get_emails scheduled__2024-07-02T17:20:00+00:00 [queued]>
[2024-07-03T12:05:42.636+0000] {taskinstance.py:1159} INFO - Dependencies all met for dep_context=requeueable deps ti=<TaskInstance: reports_workflow.id_task_get_emails scheduled__2024-07-02T17:20:00+00:00 [queued]>
[2024-07-03T12:05:42.637+0000] {taskinstance.py:1361} INFO - Starting attempt 1 of 1
[2024-07-03T12:05:42.698+0000] {taskinstance.py:1382} INFO - Executing <Task(PythonOperator): id_task_get_emails> on 2024-07-02 17:20:00+00:00
[2024-07-03T12:05:42.704+0000] {standard_task_runner.py:57} INFO - Started process 23575 to run task
[2024-07-03T12:05:42.710+0000] {standard_task_runner.py:84} INFO - Running: ['***', 'tasks', 'run', 'reports_workflow', 'id_task_get_emails', 'scheduled__2024-07-02T17:20:00+00:00', '--job-id', '894', '--raw', '--subdir', 'DAGS_FOLDER/dag_email_robot.py', '--cfg-path', '/tmp/tmpu59zeeh9']
[2024-07-03T12:05:42.712+0000] {standard_task_runner.py:85} INFO - Job 894: Subtask id_task_get_emails
[2024-07-03T12:05:42.812+0000] {task_command.py:415} INFO - Running <TaskInstance: reports_workflow.id_task_get_emails scheduled__2024-07-02T17:20:00+00:00 [running]> on host 6f4ef5488251
[2024-07-03T12:05:42.925+0000] {taskinstance.py:1660} INFO - Exporting env vars: AIRFLOW_CTX_DAG_OWNER='FIRDAVS' AIRFLOW_CTX_DAG_ID='reports_workflow' AIRFLOW_CTX_TASK_ID='id_task_get_emails' AIRFLOW_CTX_EXECUTION_DATE='2024-07-02T17:20:00+00:00' AIRFLOW_CTX_TRY_NUMBER='1' AIRFLOW_CTX_DAG_RUN_ID='scheduled__2024-07-02T17:20:00+00:00'
[2024-07-03T12:05:42.928+0000] {logging_mixin.py:151} INFO - path of config file:  /opt/***
[2024-07-03T12:05:42.929+0000] {logging_mixin.py:151} INFO - #>2024-07-03 12:05:42.929394_User@StatDep: EmailRobot in screated.
[2024-07-03T12:05:42.929+0000] {logging_mixin.py:151} INFO - #>2024-07-03 12:05:42.929590_User@StatDep: get_for_recent_emails is started...
[2024-07-03T12:05:42.929+0000] {logging_mixin.py:151} INFO - #>2024-07-03 12:05:42.929857_User@StatDep: pop3_fetch_emails isstarted...
[2024-07-03T12:05:43.314+0000] {logging_mixin.py:151} INFO -    b'+OK'
[2024-07-03T12:05:43.798+0000] {logging_mixin.py:151} INFO -    mailbox have 1 emails and the robot can process 10
[2024-07-03T12:05:44.277+0000] {logging_mixin.py:151} INFO -    #>2024-07-03 12:05:44.277122_conneciton to db is set.
[2024-07-03T12:05:44.284+0000] {taskinstance.py:1943} ERROR - Task failed with exception
Traceback (most recent call last):
  File "/home/airflow/.local/lib/python3.8/site-packages/airflow/operators/python.py", line 192, in execute
    return_value = self.execute_callable()
  File "/home/airflow/.local/lib/python3.8/site-packages/airflow/operators/python.py", line 209, in execute_callable
    return self.python_callable(*self.op_args, **self.op_kwargs)
  File "/opt/airflow/dags/dag_email_robot.py", line 25, in get_emails
    robot.fetch_emails()
  File "/opt/airflow/dags/emailRobot.py", line 62, in fetch_emails
    return self.pop3_fetch_emails()
  File "/opt/airflow/dags/emailRobot.py", line 156, in pop3_fetch_emails
    cursor.execute (query, insert_values)
psycopg2.errors.UndefinedTable: relation "sma_stat_dep.tbl_file_upload" does not exist
LINE 1: ...) AS (INSERT INTO                                 sma_stat_d...
                                                             ^

[2024-07-03T12:05:44.295+0000] {taskinstance.py:1400} INFO - Marking task as FAILED. dag_id=reports_workflow, task_id=id_task_get_emails, execution_date=20240702T172000, start_date=20240703T120542, end_date=20240703T120544
[2024-07-03T12:05:44.309+0000] {standard_task_runner.py:104} ERROR - Failed to execute job 894 for task id_task_get_emails (relation "sma_stat_dep.tbl_file_upload" does not exist
LINE 1: ...) AS (INSERT INTO                                 sma_stat_d...
                                                             ^
; 23575)
[2024-07-03T12:05:44.341+0000] {local_task_job_runner.py:228} INFO - Task exited with return code 1
[2024-07-03T12:05:44.368+0000] {taskinstance.py:2784} INFO - 0 downstream tasks scheduled from follow-on schedule check
[2024-07-03T12:28:21.174+0000] {taskinstance.py:1159} INFO - Dependencies all met for dep_context=non-requeueable deps ti=<TaskInstance: reports_workflow.id_task_get_emails scheduled__2024-07-02T17:20:00+00:00 [queued]>
[2024-07-03T12:28:21.193+0000] {taskinstance.py:1159} INFO - Dependencies all met for dep_context=requeueable deps ti=<TaskInstance: reports_workflow.id_task_get_emails scheduled__2024-07-02T17:20:00+00:00 [queued]>
[2024-07-03T12:28:21.194+0000] {taskinstance.py:1361} INFO - Starting attempt 1 of 1
[2024-07-03T12:28:21.219+0000] {taskinstance.py:1382} INFO - Executing <Task(PythonOperator): id_task_get_emails> on 2024-07-02 17:20:00+00:00
[2024-07-03T12:28:21.224+0000] {standard_task_runner.py:57} INFO - Started process 24724 to run task
[2024-07-03T12:28:21.237+0000] {standard_task_runner.py:84} INFO - Running: ['***', 'tasks', 'run', 'reports_workflow', 'id_task_get_emails', 'scheduled__2024-07-02T17:20:00+00:00', '--job-id', '1299', '--raw', '--subdir', 'DAGS_FOLDER/dag_email_robot.py', '--cfg-path', '/tmp/tmptn0peix7']
[2024-07-03T12:28:21.239+0000] {standard_task_runner.py:85} INFO - Job 1299: Subtask id_task_get_emails
[2024-07-03T12:28:21.345+0000] {task_command.py:415} INFO - Running <TaskInstance: reports_workflow.id_task_get_emails scheduled__2024-07-02T17:20:00+00:00 [running]> on host 6f4ef5488251
[2024-07-03T12:28:21.503+0000] {taskinstance.py:1660} INFO - Exporting env vars: AIRFLOW_CTX_DAG_OWNER='FIRDAVS' AIRFLOW_CTX_DAG_ID='reports_workflow' AIRFLOW_CTX_TASK_ID='id_task_get_emails' AIRFLOW_CTX_EXECUTION_DATE='2024-07-02T17:20:00+00:00' AIRFLOW_CTX_TRY_NUMBER='1' AIRFLOW_CTX_DAG_RUN_ID='scheduled__2024-07-02T17:20:00+00:00'
[2024-07-03T12:28:21.504+0000] {logging_mixin.py:151} INFO - path of config file:  /opt/***
[2024-07-03T12:28:21.505+0000] {logging_mixin.py:151} INFO - #>2024-07-03 12:28:21.504998_User@StatDep: EmailRobot in screated.
[2024-07-03T12:28:21.505+0000] {logging_mixin.py:151} INFO - #>2024-07-03 12:28:21.505196_User@StatDep: get_for_recent_emails is started...
[2024-07-03T12:28:21.505+0000] {logging_mixin.py:151} INFO - #>2024-07-03 12:28:21.505329_User@StatDep: pop3_fetch_emails isstarted...
[2024-07-03T12:28:21.898+0000] {logging_mixin.py:151} INFO -    b'+OK'
[2024-07-03T12:28:22.203+0000] {logging_mixin.py:151} INFO -    mailbox have 0 emails and the robot can process 10
[2024-07-03T12:28:22.204+0000] {logging_mixin.py:151} INFO - #>2024-07-03 12:28:22.204062_User@StatDep: no emails to process, exiting pop3_fetch_emails()...
[2024-07-03T12:28:22.204+0000] {python.py:194} INFO - Done. Returned value was: True
[2024-07-03T12:28:22.273+0000] {taskinstance.py:1400} INFO - Marking task as SUCCESS. dag_id=reports_workflow, task_id=id_task_get_emails, execution_date=20240702T172000, start_date=20240703T122821, end_date=20240703T122822
[2024-07-03T12:28:22.336+0000] {local_task_job_runner.py:228} INFO - Task exited with return code 0
[2024-07-03T12:28:22.366+0000] {taskinstance.py:2784} INFO - 1 downstream tasks scheduled from follow-on schedule check
