[2024-07-31T05:40:04.413+0000] {taskinstance.py:1159} INFO - Dependencies all met for dep_context=non-requeueable deps ti=<TaskInstance: reports_workflow.id_task_send_emails scheduled__2024-07-31T05:35:00+00:00 [queued]>
[2024-07-31T05:40:04.420+0000] {taskinstance.py:1159} INFO - Dependencies all met for dep_context=requeueable deps ti=<TaskInstance: reports_workflow.id_task_send_emails scheduled__2024-07-31T05:35:00+00:00 [queued]>
[2024-07-31T05:40:04.421+0000] {taskinstance.py:1361} INFO - Starting attempt 1 of 2
[2024-07-31T05:40:04.433+0000] {taskinstance.py:1382} INFO - Executing <Task(PythonOperator): id_task_send_emails> on 2024-07-31 05:35:00+00:00
[2024-07-31T05:40:04.438+0000] {standard_task_runner.py:57} INFO - Started process 17633 to run task
[2024-07-31T05:40:04.448+0000] {standard_task_runner.py:84} INFO - Running: ['***', 'tasks', 'run', 'reports_workflow', 'id_task_send_emails', 'scheduled__2024-07-31T05:35:00+00:00', '--job-id', '738', '--raw', '--subdir', 'DAGS_FOLDER/dag_stat_report.py', '--cfg-path', '/tmp/tmpepxvz9z3']
[2024-07-31T05:40:04.452+0000] {standard_task_runner.py:85} INFO - Job 738: Subtask id_task_send_emails
[2024-07-31T05:40:04.534+0000] {task_command.py:415} INFO - Running <TaskInstance: reports_workflow.id_task_send_emails scheduled__2024-07-31T05:35:00+00:00 [running]> on host 6bb718ab9b8f
[2024-07-31T05:40:04.647+0000] {taskinstance.py:1660} INFO - Exporting env vars: AIRFLOW_CTX_DAG_OWNER='FIRDAVS' AIRFLOW_CTX_DAG_ID='reports_workflow' AIRFLOW_CTX_TASK_ID='id_task_send_emails' AIRFLOW_CTX_EXECUTION_DATE='2024-07-31T05:35:00+00:00' AIRFLOW_CTX_TRY_NUMBER='1' AIRFLOW_CTX_DAG_RUN_ID='scheduled__2024-07-31T05:35:00+00:00'
[2024-07-31T05:40:04.650+0000] {logging_mixin.py:151} INFO - path of config file:  /opt/***
[2024-07-31T05:40:04.651+0000] {logging_mixin.py:151} INFO - #>2024-07-31 05:40:04.651497_User@StatDep: EmailRobot in screated.
[2024-07-31T05:40:04.651+0000] {logging_mixin.py:151} INFO - #>2024-07-31 05:40:04.651729_User@StatDep: send_validation_results is started...
[2024-07-31T05:40:04.665+0000] {logging_mixin.py:151} INFO -    #>2024-07-31 05:40:04.665556_conneciton to db is set.
[2024-07-31T05:40:04.667+0000] {logging_mixin.py:151} INFO -    #>2024-07-31 05:40:04.667317_cursor execution is successful.
[2024-07-31T05:40:04.667+0000] {logging_mixin.py:151} INFO -    extracted information for about report sumbissions found...
[2024-07-31T05:40:04.669+0000] {logging_mixin.py:151} INFO - #>2024-07-31 05:40:04.669542_User@StatDep: email object ready to be sent:
[2024-07-31T05:42:14.418+0000] {logging_mixin.py:151} WARNING - send: 'ehlo [172.19.0.5]\r\n'
[2024-07-31T05:42:14.486+0000] {logging_mixin.py:151} WARNING - reply: b'250-smtp43.i.mail.ru\r\n'
[2024-07-31T05:42:14.486+0000] {logging_mixin.py:151} WARNING - reply: b'250-SIZE 73400320\r\n'
[2024-07-31T05:42:14.486+0000] {logging_mixin.py:151} WARNING - reply: b'250-8BITMIME\r\n'
[2024-07-31T05:42:14.487+0000] {logging_mixin.py:151} WARNING - reply: b'250-PIPELINING\r\n'
[2024-07-31T05:42:14.487+0000] {logging_mixin.py:151} WARNING - reply: b'250-DSN\r\n'
[2024-07-31T05:42:14.487+0000] {logging_mixin.py:151} WARNING - reply: b'250-SMTPUTF8\r\n'
[2024-07-31T05:42:14.488+0000] {logging_mixin.py:151} WARNING - reply: b'250 AUTH PLAIN LOGIN XOAUTH2\r\n'
[2024-07-31T05:42:14.488+0000] {logging_mixin.py:151} WARNING - reply: retcode (250); Msg: b'smtp43.i.mail.ru\nSIZE 73400320\n8BITMIME\nPIPELINING\nDSN\nSMTPUTF8\nAUTH PLAIN LOGIN XOAUTH2'
[2024-07-31T05:42:14.489+0000] {logging_mixin.py:151} WARNING - send: 'AUTH PLAIN AGtoYWxpbXpvZEBsaXN0LnJ1AEdSWFFSakMyYms0cVpIQjI2VXFk\r\n'
[2024-07-31T05:42:14.633+0000] {logging_mixin.py:151} WARNING - reply: b'235 Authentication succeeded\r\n'
[2024-07-31T05:42:14.634+0000] {logging_mixin.py:151} WARNING - reply: retcode (235); Msg: b'Authentication succeeded'
[2024-07-31T05:42:14.638+0000] {logging_mixin.py:151} WARNING - send: 'mail FROM:<khalimzod@list.ru> size=2100\r\n'
[2024-07-31T05:42:14.708+0000] {logging_mixin.py:151} WARNING - reply: b'250 OK\r\n'
[2024-07-31T05:42:14.708+0000] {logging_mixin.py:151} WARNING - reply: retcode (250); Msg: b'OK'
[2024-07-31T05:42:14.709+0000] {logging_mixin.py:151} WARNING - send: 'rcpt TO:<3d_0001@mail.ru>\r\n'
[2024-07-31T05:42:14.774+0000] {logging_mixin.py:151} WARNING - reply: b'250 Accepted\r\n'
[2024-07-31T05:42:14.774+0000] {logging_mixin.py:151} WARNING - reply: retcode (250); Msg: b'Accepted'
[2024-07-31T05:42:14.775+0000] {logging_mixin.py:151} WARNING - send: 'data\r\n'
[2024-07-31T05:42:14.850+0000] {logging_mixin.py:151} WARNING - reply: b'354 Enter message, ending with "." on a line by itself\r\n'
[2024-07-31T05:42:14.850+0000] {logging_mixin.py:151} WARNING - reply: retcode (354); Msg: b'Enter message, ending with "." on a line by itself'
[2024-07-31T05:42:14.851+0000] {logging_mixin.py:151} WARNING - data: (354, b'Enter message, ending with "." on a line by itself')
[2024-07-31T05:42:14.852+0000] {logging_mixin.py:151} WARNING - send: b'Content-Type: multipart/mixed; boundary="===============3688367789301574629=="\r\nMIME-Version: 1.0\r\nSubject: =?utf-8?b?b21vckBuYnQudGo6INGE0LDQudC7ICIxSEsudjAuNTcwNy4zMDA2MjAyNC54bHN4Lnhsc3giINC30LDQs9GA0YPQttC10L3QvdGL0Lkg0LIgMjAyNC0wNy0zMSAwODozMTozMiswMDowMCDQndCVINCf0KDQmNCd0K/Qog==?=\r\nFrom: khalimzod@list.ru\r\nTo: <3d_0001@mail.ru>\r\n\r\n--===============3688367789301574629==\r\nContent-Type: text/plain; charset="utf-8"\r\nMIME-Version: 1.0\r\nContent-Transfer-Encoding: base64\r\n\r\n0JfQtNGA0LDQstGB0YLQstGD0LnRgtC1LCAKINCaINGB0L7QttCw0LvQtdC90LjRjiDRhNCw0LnQ\r\nuyDRgSDQuNC80LXQvdC10LwgMUhLLnYwLjU3MDcuMzAwNjIwMjQueGxzeC54bHN4LCDQt9Cw0LPR\r\ngNGD0LbQtdC90L3Ri9C5INCyIDIwMjQtMDctMzEgMDg6MzE6MzIrMDA6MDAg0L3QtSDQsdGL0Lsg\r\n0L/RgNC40L3Rj9GCINGB0LjRgdGC0LXQvNC+0Lkg0LDQstGC0L7QvNCw0YLQuNGH0LXRgdC60L7Q\r\nuSDQvtCx0YDQsNCx0L7RgtC60LguINCf0L7QttCw0LvRg9C50YHRgtCwLCDQv9GA0L7QstC10YDR\r\njNGC0LUg0LfQsNC/0L7Qu9C90LXQvdC40LUg0YTQsNC50LvQsC4gCiDQlNC+0L/QvtC70L3QuNGC\r\n0LXQu9GM0L3Ri9C1INGB0LLQtdC00LXQvdGM0Y8g0L/QviDQvtCx0L3QsNGA0YPQttC10L3QvdGL\r\n0Lwg0L7RiNC40LHQutCw0Lwg0L/RgNC40LvQvtC20LXQvdC90Ysg0Log0L/QuNGB0YzQvNGDLgog\r\nQyDRg9Cy0LDQttC10L3QuNC10LwsIAog0JTQtdC/0LDRgNGC0LDQvNC10L3RgiDRgdGC0LDRgtC4\r\n0YHRgtC40LrQuCDQuCDQv9C70LDRgtC10LbQvdC+0LPQviDQsdCw0LvQsNC90YHQsCA=\r\n\r\n--===============3688367789301574629==\r\nMIME-Version: 1.0\r\nContent-Type: application/text/csv; charset="utf-8"\r\nContent-Transfer-Encoding: base64\r\nContent-Transfer-Encoding: base64\r\ncontent-disposition: attachment; filename="1HK.v0.5707.30062024.xlsx.xlsx_protocol.txt"\r\n\r\n0JTQsNGC0LAg0Lgg0LLRgNC10LzRjyDQv9C+0LvRg9GH0LXQvdC40Y8g0YTQsNC50LvQsCAtLS0t\r\nLS0tLS0tLS0tLS0tLS0tLSAyMDI0LTA3LTMxIDEwOjM1OjMyCgog0JvQuNGB0YLRiyDQuCDQuNGF\r\nINC90LDQuNC80LXQvdC+0LLQsNC90LjQtSDQsiDQtNCw0L3QvdC+0Lwg0L7RgtGH0LXRgtC1INC9\r\n0LUg0YHQvtC+0YLQstC10YLRgdGC0LLRg9C10YIg0YHRgtCw0L3QtNCw0YDRgtGDIAog0LIg0YTQ\r\nsNC50LvQtSDQvdC1INGF0LLQsNGC0LDQtdGCINC+0LHRj9C30LDRgtC10LvRjNC90YvRhSDQu9C4\r\n0YHRgtC+0LIgbWlzb2wsIAoKINC60L7Qu9C40YfQtdGB0YLQstGDINC90LDQudC00LXQvdC90YvR\r\nhSDQvtGI0LjQsdC+0LogLS0tLS0tLS0tLS0tLS0tLS0tLS0tLS0tLS0tMg==\r\n\r\n--===============3688367789301574629==--\r\n.\r\n'
[2024-07-31T05:42:15.455+0000] {logging_mixin.py:151} WARNING - reply: b'250 OK id=1sZ26I-00000000bvf-3SQ6\r\n'
[2024-07-31T05:42:15.456+0000] {logging_mixin.py:151} WARNING - reply: retcode (250); Msg: b'OK id=1sZ26I-00000000bvf-3SQ6'
[2024-07-31T05:42:15.456+0000] {logging_mixin.py:151} WARNING - data: (250, b'OK id=1sZ26I-00000000bvf-3SQ6')
[2024-07-31T05:42:15.457+0000] {logging_mixin.py:151} INFO - #>2024-07-31 05:42:15.457181_User@StatDep: email successfuly sent
[2024-07-31T05:42:15.457+0000] {logging_mixin.py:151} WARNING - send: 'QUIT\r\n'
[2024-07-31T05:42:15.724+0000] {logging_mixin.py:151} WARNING - reply: b'221 exim-smtp-868bf69f6c-lnvzg closing connection\r\n'
[2024-07-31T05:42:15.725+0000] {logging_mixin.py:151} WARNING - reply: retcode (221); Msg: b'exim-smtp-868bf69f6c-lnvzg closing connection'
[2024-07-31T05:42:15.726+0000] {logging_mixin.py:151} INFO -    finilizing processing for the reserved file uploads...
[2024-07-31T05:42:15.728+0000] {python.py:194} INFO - Done. Returned value was: True
[2024-07-31T05:42:15.768+0000] {taskinstance.py:1400} INFO - Marking task as SUCCESS. dag_id=reports_workflow, task_id=id_task_send_emails, execution_date=20240731T053500, start_date=20240731T054004, end_date=20240731T054215
[2024-07-31T05:42:15.804+0000] {local_task_job_runner.py:228} INFO - Task exited with return code 0
[2024-07-31T05:42:15.835+0000] {taskinstance.py:2784} INFO - 0 downstream tasks scheduled from follow-on schedule check
