[2024-08-01T11:20:06.179+0000] {taskinstance.py:1159} INFO - Dependencies all met for dep_context=non-requeueable deps ti=<TaskInstance: reports_workflow.id_task_send_emails scheduled__2024-08-01T11:15:00+00:00 [queued]>
[2024-08-01T11:20:06.186+0000] {taskinstance.py:1159} INFO - Dependencies all met for dep_context=requeueable deps ti=<TaskInstance: reports_workflow.id_task_send_emails scheduled__2024-08-01T11:15:00+00:00 [queued]>
[2024-08-01T11:20:06.187+0000] {taskinstance.py:1361} INFO - Starting attempt 1 of 2
[2024-08-01T11:20:06.197+0000] {taskinstance.py:1382} INFO - Executing <Task(PythonOperator): id_task_send_emails> on 2024-08-01 11:15:00+00:00
[2024-08-01T11:20:06.204+0000] {standard_task_runner.py:57} INFO - Started process 47111 to run task
[2024-08-01T11:20:06.209+0000] {standard_task_runner.py:84} INFO - Running: ['***', 'tasks', 'run', 'reports_workflow', 'id_task_send_emails', 'scheduled__2024-08-01T11:15:00+00:00', '--job-id', '1460', '--raw', '--subdir', 'DAGS_FOLDER/dag_stat_report.py', '--cfg-path', '/tmp/tmp99025p47']
[2024-08-01T11:20:06.214+0000] {standard_task_runner.py:85} INFO - Job 1460: Subtask id_task_send_emails
[2024-08-01T11:20:06.314+0000] {task_command.py:415} INFO - Running <TaskInstance: reports_workflow.id_task_send_emails scheduled__2024-08-01T11:15:00+00:00 [running]> on host 6bb718ab9b8f
[2024-08-01T11:20:06.452+0000] {taskinstance.py:1660} INFO - Exporting env vars: AIRFLOW_CTX_DAG_OWNER='FIRDAVS' AIRFLOW_CTX_DAG_ID='reports_workflow' AIRFLOW_CTX_TASK_ID='id_task_send_emails' AIRFLOW_CTX_EXECUTION_DATE='2024-08-01T11:15:00+00:00' AIRFLOW_CTX_TRY_NUMBER='1' AIRFLOW_CTX_DAG_RUN_ID='scheduled__2024-08-01T11:15:00+00:00'
[2024-08-01T11:20:06.453+0000] {logging_mixin.py:151} INFO - path of config file:  /opt/***
[2024-08-01T11:20:06.454+0000] {logging_mixin.py:151} INFO - #>2024-08-01 11:20:06.454108_User@StatDep: EmailRobot in screated.
[2024-08-01T11:20:06.454+0000] {logging_mixin.py:151} INFO - #>2024-08-01 11:20:06.454309_User@StatDep: send_validation_results is started...
[2024-08-01T11:20:06.466+0000] {logging_mixin.py:151} INFO -    #>2024-08-01 11:20:06.466458_conneciton to db is set.
[2024-08-01T11:20:06.469+0000] {logging_mixin.py:151} INFO -    #>2024-08-01 11:20:06.469264_cursor execution is successful.
[2024-08-01T11:20:06.469+0000] {logging_mixin.py:151} INFO -    extracted information for about report sumbissions found...
[2024-08-01T11:20:06.472+0000] {logging_mixin.py:151} INFO - #>2024-08-01 11:20:06.472090_User@StatDep: email object ready to be sent:
[2024-08-01T11:24:28.291+0000] {taskinstance.py:1943} ERROR - Task failed with exception
Traceback (most recent call last):
  File "/home/airflow/.local/lib/python3.8/site-packages/airflow/operators/python.py", line 192, in execute
    return_value = self.execute_callable()
  File "/home/airflow/.local/lib/python3.8/site-packages/airflow/operators/python.py", line 209, in execute_callable
    return self.python_callable(*self.op_args, **self.op_kwargs)
  File "/opt/airflow/dags/dag_stat_report.py", line 46, in send_emails
    robot.send_validation_results()
  File "/opt/airflow/dags/library/emailRobot.py", line 276, in send_validation_results
    self.send_message (address=address, subject=topic \
  File "/opt/airflow/dags/library/emailRobot.py", line 317, in send_message
    with smtplib.SMTP_SSL(host=self.smtp_host, port=self.smtp_port ) \
  File "/usr/local/lib/python3.8/smtplib.py", line 1048, in __init__
    SMTP.__init__(self, host, port, local_hostname, timeout,
  File "/usr/local/lib/python3.8/smtplib.py", line 255, in __init__
    (code, msg) = self.connect(host, port)
  File "/usr/local/lib/python3.8/smtplib.py", line 339, in connect
    self.sock = self._get_socket(host, port, self.timeout)
  File "/usr/local/lib/python3.8/smtplib.py", line 1054, in _get_socket
    new_socket = socket.create_connection((host, port), timeout,
  File "/usr/local/lib/python3.8/socket.py", line 808, in create_connection
    raise err
  File "/usr/local/lib/python3.8/socket.py", line 796, in create_connection
    sock.connect(sa)
OSError: [Errno 101] Network is unreachable
[2024-08-01T11:24:28.308+0000] {taskinstance.py:1400} INFO - Marking task as UP_FOR_RETRY. dag_id=reports_workflow, task_id=id_task_send_emails, execution_date=20240801T111500, start_date=20240801T112006, end_date=20240801T112428
[2024-08-01T11:24:28.322+0000] {standard_task_runner.py:104} ERROR - Failed to execute job 1460 for task id_task_send_emails ([Errno 101] Network is unreachable; 47111)
[2024-08-01T11:24:28.354+0000] {local_task_job_runner.py:228} INFO - Task exited with return code 1
[2024-08-01T11:24:28.383+0000] {taskinstance.py:2784} INFO - 0 downstream tasks scheduled from follow-on schedule check
