[2024-07-08T08:25:02.065+0000] {taskinstance.py:1159} INFO - Dependencies all met for dep_context=non-requeueable deps ti=<TaskInstance: reports_workflow.id_task_get_emails scheduled__2024-07-08T08:20:00+00:00 [queued]>
[2024-07-08T08:25:02.072+0000] {taskinstance.py:1159} INFO - Dependencies all met for dep_context=requeueable deps ti=<TaskInstance: reports_workflow.id_task_get_emails scheduled__2024-07-08T08:20:00+00:00 [queued]>
[2024-07-08T08:25:02.072+0000] {taskinstance.py:1361} INFO - Starting attempt 1 of 2
[2024-07-08T08:25:02.085+0000] {taskinstance.py:1382} INFO - Executing <Task(PythonOperator): id_task_get_emails> on 2024-07-08 08:20:00+00:00
[2024-07-08T08:25:02.091+0000] {standard_task_runner.py:57} INFO - Started process 5748 to run task
[2024-07-08T08:25:02.097+0000] {standard_task_runner.py:84} INFO - Running: ['***', 'tasks', 'run', 'reports_workflow', 'id_task_get_emails', 'scheduled__2024-07-08T08:20:00+00:00', '--job-id', '3635', '--raw', '--subdir', 'DAGS_FOLDER/dag_email_robot.py', '--cfg-path', '/tmp/tmpvumlneo8']
[2024-07-08T08:25:02.104+0000] {standard_task_runner.py:85} INFO - Job 3635: Subtask id_task_get_emails
[2024-07-08T08:25:02.185+0000] {task_command.py:415} INFO - Running <TaskInstance: reports_workflow.id_task_get_emails scheduled__2024-07-08T08:20:00+00:00 [running]> on host 6f4ef5488251
[2024-07-08T08:25:02.294+0000] {taskinstance.py:1660} INFO - Exporting env vars: AIRFLOW_CTX_DAG_OWNER='FIRDAVS' AIRFLOW_CTX_DAG_ID='reports_workflow' AIRFLOW_CTX_TASK_ID='id_task_get_emails' AIRFLOW_CTX_EXECUTION_DATE='2024-07-08T08:20:00+00:00' AIRFLOW_CTX_TRY_NUMBER='1' AIRFLOW_CTX_DAG_RUN_ID='scheduled__2024-07-08T08:20:00+00:00'
[2024-07-08T08:25:02.296+0000] {logging_mixin.py:151} INFO - path of config file:  /opt/***
[2024-07-08T08:25:02.297+0000] {logging_mixin.py:151} INFO - #>2024-07-08 08:25:02.297270_User@StatDep: EmailRobot in screated.
[2024-07-08T08:25:02.297+0000] {logging_mixin.py:151} INFO - #>2024-07-08 08:25:02.297456_User@StatDep: get_for_recent_emails is started...
[2024-07-08T08:25:02.297+0000] {logging_mixin.py:151} INFO - #>2024-07-08 08:25:02.297586_User@StatDep: pop3_fetch_emails isstarted...
[2024-07-08T08:25:02.772+0000] {logging_mixin.py:151} INFO -    b'+OK'
[2024-07-08T08:25:03.112+0000] {logging_mixin.py:151} INFO -    mailbox have 0 emails and the robot can process 10
[2024-07-08T08:25:03.113+0000] {logging_mixin.py:151} INFO - #>2024-07-08 08:25:03.113284_User@StatDep: no emails to process, exiting pop3_fetch_emails()...
[2024-07-08T08:25:03.114+0000] {python.py:194} INFO - Done. Returned value was: True
[2024-07-08T08:25:03.153+0000] {taskinstance.py:1400} INFO - Marking task as SUCCESS. dag_id=reports_workflow, task_id=id_task_get_emails, execution_date=20240708T082000, start_date=20240708T082502, end_date=20240708T082503
[2024-07-08T08:25:03.193+0000] {local_task_job_runner.py:228} INFO - Task exited with return code 0
[2024-07-08T08:25:03.229+0000] {taskinstance.py:2784} INFO - 1 downstream tasks scheduled from follow-on schedule check
[2024-07-08T10:22:48.520+0000] {taskinstance.py:1159} INFO - Dependencies all met for dep_context=non-requeueable deps ti=<TaskInstance: reports_workflow.id_task_get_emails scheduled__2024-07-08T08:20:00+00:00 [queued]>
[2024-07-08T10:22:48.551+0000] {taskinstance.py:1159} INFO - Dependencies all met for dep_context=requeueable deps ti=<TaskInstance: reports_workflow.id_task_get_emails scheduled__2024-07-08T08:20:00+00:00 [queued]>
[2024-07-08T10:22:48.551+0000] {taskinstance.py:1361} INFO - Starting attempt 1 of 2
[2024-07-08T10:22:48.563+0000] {taskinstance.py:1382} INFO - Executing <Task(PythonOperator): id_task_get_emails> on 2024-07-08 08:20:00+00:00
[2024-07-08T10:22:48.572+0000] {standard_task_runner.py:57} INFO - Started process 8190 to run task
[2024-07-08T10:22:48.575+0000] {standard_task_runner.py:84} INFO - Running: ['***', 'tasks', 'run', 'reports_workflow', 'id_task_get_emails', 'scheduled__2024-07-08T08:20:00+00:00', '--job-id', '3850', '--raw', '--subdir', 'DAGS_FOLDER/dag_email_robot.py', '--cfg-path', '/tmp/tmp6s1cx_5h']
[2024-07-08T10:22:48.579+0000] {standard_task_runner.py:85} INFO - Job 3850: Subtask id_task_get_emails
[2024-07-08T10:22:48.642+0000] {task_command.py:415} INFO - Running <TaskInstance: reports_workflow.id_task_get_emails scheduled__2024-07-08T08:20:00+00:00 [running]> on host 6f4ef5488251
[2024-07-08T10:22:48.781+0000] {taskinstance.py:1660} INFO - Exporting env vars: AIRFLOW_CTX_DAG_OWNER='FIRDAVS' AIRFLOW_CTX_DAG_ID='reports_workflow' AIRFLOW_CTX_TASK_ID='id_task_get_emails' AIRFLOW_CTX_EXECUTION_DATE='2024-07-08T08:20:00+00:00' AIRFLOW_CTX_TRY_NUMBER='1' AIRFLOW_CTX_DAG_RUN_ID='scheduled__2024-07-08T08:20:00+00:00'
[2024-07-08T10:22:48.782+0000] {logging_mixin.py:151} INFO - path of config file:  /opt/***
[2024-07-08T10:22:48.783+0000] {logging_mixin.py:151} INFO - #>2024-07-08 10:22:48.783645_User@StatDep: EmailRobot in screated.
[2024-07-08T10:22:48.784+0000] {logging_mixin.py:151} INFO - #>2024-07-08 10:22:48.784001_User@StatDep: get_for_recent_emails is started...
[2024-07-08T10:22:48.784+0000] {logging_mixin.py:151} INFO - #>2024-07-08 10:22:48.784311_User@StatDep: pop3_fetch_emails isstarted...
[2024-07-08T10:22:49.209+0000] {logging_mixin.py:151} INFO -    b'+OK'
[2024-07-08T10:22:49.518+0000] {logging_mixin.py:151} INFO -    mailbox have 0 emails and the robot can process 10
[2024-07-08T10:22:49.519+0000] {logging_mixin.py:151} INFO - #>2024-07-08 10:22:49.519709_User@StatDep: no emails to process, exiting pop3_fetch_emails()...
[2024-07-08T10:22:49.521+0000] {python.py:194} INFO - Done. Returned value was: True
[2024-07-08T10:22:49.563+0000] {taskinstance.py:1400} INFO - Marking task as SUCCESS. dag_id=reports_workflow, task_id=id_task_get_emails, execution_date=20240708T082000, start_date=20240708T102248, end_date=20240708T102249
[2024-07-08T10:22:49.599+0000] {local_task_job_runner.py:228} INFO - Task exited with return code 0
[2024-07-08T10:22:49.634+0000] {taskinstance.py:2784} INFO - 1 downstream tasks scheduled from follow-on schedule check
