[2024-07-08T06:10:02.381+0000] {taskinstance.py:1159} INFO - Dependencies all met for dep_context=non-requeueable deps ti=<TaskInstance: reports_workflow.id_task_get_emails scheduled__2024-07-08T06:05:00+00:00 [queued]>
[2024-07-08T06:10:02.389+0000] {taskinstance.py:1159} INFO - Dependencies all met for dep_context=requeueable deps ti=<TaskInstance: reports_workflow.id_task_get_emails scheduled__2024-07-08T06:05:00+00:00 [queued]>
[2024-07-08T06:10:02.390+0000] {taskinstance.py:1361} INFO - Starting attempt 1 of 2
[2024-07-08T06:10:02.405+0000] {taskinstance.py:1382} INFO - Executing <Task(PythonOperator): id_task_get_emails> on 2024-07-08 06:05:00+00:00
[2024-07-08T06:10:02.410+0000] {standard_task_runner.py:57} INFO - Started process 3427 to run task
[2024-07-08T06:10:02.414+0000] {standard_task_runner.py:84} INFO - Running: ['***', 'tasks', 'run', 'reports_workflow', 'id_task_get_emails', 'scheduled__2024-07-08T06:05:00+00:00', '--job-id', '3553', '--raw', '--subdir', 'DAGS_FOLDER/dag_email_robot.py', '--cfg-path', '/tmp/tmp7_usjz31']
[2024-07-08T06:10:02.418+0000] {standard_task_runner.py:85} INFO - Job 3553: Subtask id_task_get_emails
[2024-07-08T06:10:02.521+0000] {task_command.py:415} INFO - Running <TaskInstance: reports_workflow.id_task_get_emails scheduled__2024-07-08T06:05:00+00:00 [running]> on host 6f4ef5488251
[2024-07-08T06:10:02.677+0000] {taskinstance.py:1660} INFO - Exporting env vars: AIRFLOW_CTX_DAG_OWNER='FIRDAVS' AIRFLOW_CTX_DAG_ID='reports_workflow' AIRFLOW_CTX_TASK_ID='id_task_get_emails' AIRFLOW_CTX_EXECUTION_DATE='2024-07-08T06:05:00+00:00' AIRFLOW_CTX_TRY_NUMBER='1' AIRFLOW_CTX_DAG_RUN_ID='scheduled__2024-07-08T06:05:00+00:00'
[2024-07-08T06:10:02.679+0000] {logging_mixin.py:151} INFO - path of config file:  /opt/***
[2024-07-08T06:10:02.679+0000] {logging_mixin.py:151} INFO - #>2024-07-08 06:10:02.679776_User@StatDep: EmailRobot in screated.
[2024-07-08T06:10:02.679+0000] {logging_mixin.py:151} INFO - #>2024-07-08 06:10:02.679953_User@StatDep: get_for_recent_emails is started...
[2024-07-08T06:10:02.680+0000] {logging_mixin.py:151} INFO - #>2024-07-08 06:10:02.680083_User@StatDep: pop3_fetch_emails isstarted...
[2024-07-08T06:10:03.119+0000] {logging_mixin.py:151} INFO -    b'+OK'
[2024-07-08T06:10:03.519+0000] {logging_mixin.py:151} INFO -    mailbox have 0 emails and the robot can process 10
[2024-07-08T06:10:03.520+0000] {logging_mixin.py:151} INFO - #>2024-07-08 06:10:03.520245_User@StatDep: no emails to process, exiting pop3_fetch_emails()...
[2024-07-08T06:10:03.521+0000] {python.py:194} INFO - Done. Returned value was: True
[2024-07-08T06:10:03.551+0000] {taskinstance.py:1400} INFO - Marking task as SUCCESS. dag_id=reports_workflow, task_id=id_task_get_emails, execution_date=20240708T060500, start_date=20240708T061002, end_date=20240708T061003
[2024-07-08T06:10:03.601+0000] {local_task_job_runner.py:228} INFO - Task exited with return code 0
[2024-07-08T06:10:03.626+0000] {taskinstance.py:2784} INFO - 1 downstream tasks scheduled from follow-on schedule check
[2024-07-08T10:13:29.140+0000] {taskinstance.py:1159} INFO - Dependencies all met for dep_context=non-requeueable deps ti=<TaskInstance: reports_workflow.id_task_get_emails scheduled__2024-07-08T06:05:00+00:00 [queued]>
[2024-07-08T10:13:29.931+0000] {taskinstance.py:1159} INFO - Dependencies all met for dep_context=requeueable deps ti=<TaskInstance: reports_workflow.id_task_get_emails scheduled__2024-07-08T06:05:00+00:00 [queued]>
[2024-07-08T10:13:29.931+0000] {taskinstance.py:1361} INFO - Starting attempt 1 of 2
[2024-07-08T10:13:30.002+0000] {taskinstance.py:1382} INFO - Executing <Task(PythonOperator): id_task_get_emails> on 2024-07-08 06:05:00+00:00
[2024-07-08T10:13:30.008+0000] {standard_task_runner.py:57} INFO - Started process 7685 to run task
[2024-07-08T10:13:30.028+0000] {standard_task_runner.py:84} INFO - Running: ['***', 'tasks', 'run', 'reports_workflow', 'id_task_get_emails', 'scheduled__2024-07-08T06:05:00+00:00', '--job-id', '3720', '--raw', '--subdir', 'DAGS_FOLDER/dag_email_robot.py', '--cfg-path', '/tmp/tmp4vo_t97k']
[2024-07-08T10:13:30.035+0000] {standard_task_runner.py:85} INFO - Job 3720: Subtask id_task_get_emails
[2024-07-08T10:13:30.720+0000] {task_command.py:415} INFO - Running <TaskInstance: reports_workflow.id_task_get_emails scheduled__2024-07-08T06:05:00+00:00 [running]> on host 6f4ef5488251
[2024-07-08T10:13:30.970+0000] {taskinstance.py:1660} INFO - Exporting env vars: AIRFLOW_CTX_DAG_OWNER='FIRDAVS' AIRFLOW_CTX_DAG_ID='reports_workflow' AIRFLOW_CTX_TASK_ID='id_task_get_emails' AIRFLOW_CTX_EXECUTION_DATE='2024-07-08T06:05:00+00:00' AIRFLOW_CTX_TRY_NUMBER='1' AIRFLOW_CTX_DAG_RUN_ID='scheduled__2024-07-08T06:05:00+00:00'
[2024-07-08T10:13:30.974+0000] {logging_mixin.py:151} INFO - path of config file:  /opt/***
[2024-07-08T10:13:30.976+0000] {logging_mixin.py:151} INFO - #>2024-07-08 10:13:30.976175_User@StatDep: EmailRobot in screated.
[2024-07-08T10:13:30.976+0000] {logging_mixin.py:151} INFO - #>2024-07-08 10:13:30.976382_User@StatDep: get_for_recent_emails is started...
[2024-07-08T10:13:30.976+0000] {logging_mixin.py:151} INFO - #>2024-07-08 10:13:30.976522_User@StatDep: pop3_fetch_emails isstarted...
[2024-07-08T10:13:31.386+0000] {logging_mixin.py:151} INFO -    b'+OK'
[2024-07-08T10:13:31.770+0000] {logging_mixin.py:151} INFO -    mailbox have 0 emails and the robot can process 10
[2024-07-08T10:13:31.771+0000] {logging_mixin.py:151} INFO - #>2024-07-08 10:13:31.771140_User@StatDep: no emails to process, exiting pop3_fetch_emails()...
[2024-07-08T10:13:31.772+0000] {python.py:194} INFO - Done. Returned value was: True
[2024-07-08T10:13:31.849+0000] {taskinstance.py:1400} INFO - Marking task as SUCCESS. dag_id=reports_workflow, task_id=id_task_get_emails, execution_date=20240708T060500, start_date=20240708T101329, end_date=20240708T101331
[2024-07-08T10:13:31.896+0000] {local_task_job_runner.py:228} INFO - Task exited with return code 0
[2024-07-08T10:13:31.918+0000] {taskinstance.py:2784} INFO - 1 downstream tasks scheduled from follow-on schedule check
[2024-07-08T10:21:42.402+0000] {taskinstance.py:1159} INFO - Dependencies all met for dep_context=non-requeueable deps ti=<TaskInstance: reports_workflow.id_task_get_emails scheduled__2024-07-08T06:05:00+00:00 [queued]>
[2024-07-08T10:21:42.500+0000] {taskinstance.py:1159} INFO - Dependencies all met for dep_context=requeueable deps ti=<TaskInstance: reports_workflow.id_task_get_emails scheduled__2024-07-08T06:05:00+00:00 [queued]>
[2024-07-08T10:21:42.500+0000] {taskinstance.py:1361} INFO - Starting attempt 1 of 2
[2024-07-08T10:21:42.518+0000] {taskinstance.py:1382} INFO - Executing <Task(PythonOperator): id_task_get_emails> on 2024-07-08 06:05:00+00:00
[2024-07-08T10:21:42.523+0000] {standard_task_runner.py:57} INFO - Started process 7902 to run task
[2024-07-08T10:21:42.533+0000] {standard_task_runner.py:84} INFO - Running: ['***', 'tasks', 'run', 'reports_workflow', 'id_task_get_emails', 'scheduled__2024-07-08T06:05:00+00:00', '--job-id', '3757', '--raw', '--subdir', 'DAGS_FOLDER/dag_email_robot.py', '--cfg-path', '/tmp/tmpygh0pxqu']
[2024-07-08T10:21:42.536+0000] {standard_task_runner.py:85} INFO - Job 3757: Subtask id_task_get_emails
[2024-07-08T10:21:42.594+0000] {task_command.py:415} INFO - Running <TaskInstance: reports_workflow.id_task_get_emails scheduled__2024-07-08T06:05:00+00:00 [running]> on host 6f4ef5488251
[2024-07-08T10:21:42.672+0000] {taskinstance.py:1660} INFO - Exporting env vars: AIRFLOW_CTX_DAG_OWNER='FIRDAVS' AIRFLOW_CTX_DAG_ID='reports_workflow' AIRFLOW_CTX_TASK_ID='id_task_get_emails' AIRFLOW_CTX_EXECUTION_DATE='2024-07-08T06:05:00+00:00' AIRFLOW_CTX_TRY_NUMBER='1' AIRFLOW_CTX_DAG_RUN_ID='scheduled__2024-07-08T06:05:00+00:00'
[2024-07-08T10:21:42.673+0000] {logging_mixin.py:151} INFO - path of config file:  /opt/***
[2024-07-08T10:21:42.674+0000] {logging_mixin.py:151} INFO - #>2024-07-08 10:21:42.674457_User@StatDep: EmailRobot in screated.
[2024-07-08T10:21:42.674+0000] {logging_mixin.py:151} INFO - #>2024-07-08 10:21:42.674650_User@StatDep: get_for_recent_emails is started...
[2024-07-08T10:21:42.674+0000] {logging_mixin.py:151} INFO - #>2024-07-08 10:21:42.674788_User@StatDep: pop3_fetch_emails isstarted...
[2024-07-08T10:21:43.078+0000] {logging_mixin.py:151} INFO -    b'+OK'
[2024-07-08T10:21:43.461+0000] {logging_mixin.py:151} INFO -    mailbox have 0 emails and the robot can process 10
[2024-07-08T10:21:43.461+0000] {logging_mixin.py:151} INFO - #>2024-07-08 10:21:43.461553_User@StatDep: no emails to process, exiting pop3_fetch_emails()...
[2024-07-08T10:21:43.462+0000] {python.py:194} INFO - Done. Returned value was: True
[2024-07-08T10:21:43.500+0000] {taskinstance.py:1400} INFO - Marking task as SUCCESS. dag_id=reports_workflow, task_id=id_task_get_emails, execution_date=20240708T060500, start_date=20240708T102142, end_date=20240708T102143
[2024-07-08T10:21:43.545+0000] {local_task_job_runner.py:228} INFO - Task exited with return code 0
[2024-07-08T10:21:43.579+0000] {taskinstance.py:2784} INFO - 1 downstream tasks scheduled from follow-on schedule check
[2024-07-08T10:25:47.154+0000] {taskinstance.py:1159} INFO - Dependencies all met for dep_context=non-requeueable deps ti=<TaskInstance: reports_workflow.id_task_get_emails scheduled__2024-07-08T06:05:00+00:00 [queued]>
[2024-07-08T10:25:47.198+0000] {taskinstance.py:1159} INFO - Dependencies all met for dep_context=requeueable deps ti=<TaskInstance: reports_workflow.id_task_get_emails scheduled__2024-07-08T06:05:00+00:00 [queued]>
[2024-07-08T10:25:47.201+0000] {taskinstance.py:1361} INFO - Starting attempt 1 of 2
[2024-07-08T10:25:47.245+0000] {taskinstance.py:1382} INFO - Executing <Task(PythonOperator): id_task_get_emails> on 2024-07-08 06:05:00+00:00
[2024-07-08T10:25:47.274+0000] {standard_task_runner.py:57} INFO - Started process 8545 to run task
[2024-07-08T10:25:47.309+0000] {standard_task_runner.py:84} INFO - Running: ['***', 'tasks', 'run', 'reports_workflow', 'id_task_get_emails', 'scheduled__2024-07-08T06:05:00+00:00', '--job-id', '3945', '--raw', '--subdir', 'DAGS_FOLDER/dag_email_robot.py', '--cfg-path', '/tmp/tmpr4ob9pjr']
[2024-07-08T10:25:47.345+0000] {standard_task_runner.py:85} INFO - Job 3945: Subtask id_task_get_emails
[2024-07-08T10:25:47.538+0000] {task_command.py:415} INFO - Running <TaskInstance: reports_workflow.id_task_get_emails scheduled__2024-07-08T06:05:00+00:00 [running]> on host 6f4ef5488251
[2024-07-08T10:25:47.805+0000] {taskinstance.py:1660} INFO - Exporting env vars: AIRFLOW_CTX_DAG_OWNER='FIRDAVS' AIRFLOW_CTX_DAG_ID='reports_workflow' AIRFLOW_CTX_TASK_ID='id_task_get_emails' AIRFLOW_CTX_EXECUTION_DATE='2024-07-08T06:05:00+00:00' AIRFLOW_CTX_TRY_NUMBER='1' AIRFLOW_CTX_DAG_RUN_ID='scheduled__2024-07-08T06:05:00+00:00'
[2024-07-08T10:25:47.807+0000] {logging_mixin.py:151} INFO - path of config file:  /opt/***
[2024-07-08T10:25:47.807+0000] {logging_mixin.py:151} INFO - #>2024-07-08 10:25:47.807861_User@StatDep: EmailRobot in screated.
[2024-07-08T10:25:47.808+0000] {logging_mixin.py:151} INFO - #>2024-07-08 10:25:47.808217_User@StatDep: get_for_recent_emails is started...
[2024-07-08T10:25:47.808+0000] {logging_mixin.py:151} INFO - #>2024-07-08 10:25:47.808522_User@StatDep: pop3_fetch_emails isstarted...
[2024-07-08T10:25:48.202+0000] {logging_mixin.py:151} INFO -    b'+OK'
[2024-07-08T10:25:48.524+0000] {logging_mixin.py:151} INFO -    mailbox have 0 emails and the robot can process 10
[2024-07-08T10:25:48.524+0000] {logging_mixin.py:151} INFO - #>2024-07-08 10:25:48.524607_User@StatDep: no emails to process, exiting pop3_fetch_emails()...
[2024-07-08T10:25:48.525+0000] {python.py:194} INFO - Done. Returned value was: True
[2024-07-08T10:25:48.580+0000] {taskinstance.py:1400} INFO - Marking task as SUCCESS. dag_id=reports_workflow, task_id=id_task_get_emails, execution_date=20240708T060500, start_date=20240708T102547, end_date=20240708T102548
[2024-07-08T10:25:48.660+0000] {local_task_job_runner.py:228} INFO - Task exited with return code 0
[2024-07-08T10:25:48.706+0000] {taskinstance.py:2784} INFO - 1 downstream tasks scheduled from follow-on schedule check
[2024-07-08T10:26:48.511+0000] {taskinstance.py:1159} INFO - Dependencies all met for dep_context=non-requeueable deps ti=<TaskInstance: reports_workflow.id_task_get_emails scheduled__2024-07-08T06:05:00+00:00 [queued]>
[2024-07-08T10:26:48.538+0000] {taskinstance.py:1159} INFO - Dependencies all met for dep_context=requeueable deps ti=<TaskInstance: reports_workflow.id_task_get_emails scheduled__2024-07-08T06:05:00+00:00 [queued]>
[2024-07-08T10:26:48.539+0000] {taskinstance.py:1361} INFO - Starting attempt 1 of 2
[2024-07-08T10:26:48.569+0000] {taskinstance.py:1382} INFO - Executing <Task(PythonOperator): id_task_get_emails> on 2024-07-08 06:05:00+00:00
[2024-07-08T10:26:48.576+0000] {standard_task_runner.py:57} INFO - Started process 8676 to run task
[2024-07-08T10:26:48.589+0000] {standard_task_runner.py:84} INFO - Running: ['***', 'tasks', 'run', 'reports_workflow', 'id_task_get_emails', 'scheduled__2024-07-08T06:05:00+00:00', '--job-id', '3989', '--raw', '--subdir', 'DAGS_FOLDER/dag_email_robot.py', '--cfg-path', '/tmp/tmpo7jqxy7l']
[2024-07-08T10:26:48.599+0000] {standard_task_runner.py:85} INFO - Job 3989: Subtask id_task_get_emails
[2024-07-08T10:26:48.723+0000] {task_command.py:415} INFO - Running <TaskInstance: reports_workflow.id_task_get_emails scheduled__2024-07-08T06:05:00+00:00 [running]> on host 6f4ef5488251
[2024-07-08T10:26:48.908+0000] {taskinstance.py:1660} INFO - Exporting env vars: AIRFLOW_CTX_DAG_OWNER='FIRDAVS' AIRFLOW_CTX_DAG_ID='reports_workflow' AIRFLOW_CTX_TASK_ID='id_task_get_emails' AIRFLOW_CTX_EXECUTION_DATE='2024-07-08T06:05:00+00:00' AIRFLOW_CTX_TRY_NUMBER='1' AIRFLOW_CTX_DAG_RUN_ID='scheduled__2024-07-08T06:05:00+00:00'
[2024-07-08T10:26:48.910+0000] {logging_mixin.py:151} INFO - path of config file:  /opt/***
[2024-07-08T10:26:48.912+0000] {logging_mixin.py:151} INFO - #>2024-07-08 10:26:48.911993_User@StatDep: EmailRobot in screated.
[2024-07-08T10:26:48.912+0000] {logging_mixin.py:151} INFO - #>2024-07-08 10:26:48.912223_User@StatDep: get_for_recent_emails is started...
[2024-07-08T10:26:48.912+0000] {logging_mixin.py:151} INFO - #>2024-07-08 10:26:48.912368_User@StatDep: pop3_fetch_emails isstarted...
[2024-07-08T10:26:49.342+0000] {logging_mixin.py:151} INFO -    b'+OK'
[2024-07-08T10:26:49.735+0000] {logging_mixin.py:151} INFO -    mailbox have 0 emails and the robot can process 10
[2024-07-08T10:26:49.735+0000] {logging_mixin.py:151} INFO - #>2024-07-08 10:26:49.735403_User@StatDep: no emails to process, exiting pop3_fetch_emails()...
[2024-07-08T10:26:49.735+0000] {python.py:194} INFO - Done. Returned value was: True
[2024-07-08T10:26:49.759+0000] {taskinstance.py:1400} INFO - Marking task as SUCCESS. dag_id=reports_workflow, task_id=id_task_get_emails, execution_date=20240708T060500, start_date=20240708T102648, end_date=20240708T102649
[2024-07-08T10:26:49.815+0000] {local_task_job_runner.py:228} INFO - Task exited with return code 0
[2024-07-08T10:26:49.847+0000] {taskinstance.py:2784} INFO - 1 downstream tasks scheduled from follow-on schedule check
