[2024-07-03T14:47:36.214+0000] {taskinstance.py:1159} INFO - Dependencies all met for dep_context=non-requeueable deps ti=<TaskInstance: reports_workflow.id_task_send_emails scheduled__2024-07-03T08:20:00+00:00 [queued]>
[2024-07-03T14:47:36.268+0000] {taskinstance.py:1159} INFO - Dependencies all met for dep_context=requeueable deps ti=<TaskInstance: reports_workflow.id_task_send_emails scheduled__2024-07-03T08:20:00+00:00 [queued]>
[2024-07-03T14:47:36.269+0000] {taskinstance.py:1361} INFO - Starting attempt 1 of 2
[2024-07-03T14:47:36.328+0000] {taskinstance.py:1382} INFO - Executing <Task(PythonOperator): id_task_send_emails> on 2024-07-03 08:20:00+00:00
[2024-07-03T14:47:36.344+0000] {standard_task_runner.py:57} INFO - Started process 28563 to run task
[2024-07-03T14:47:36.370+0000] {standard_task_runner.py:84} INFO - Running: ['***', 'tasks', 'run', 'reports_workflow', 'id_task_send_emails', 'scheduled__2024-07-03T08:20:00+00:00', '--job-id', '2159', '--raw', '--subdir', 'DAGS_FOLDER/dag_email_robot.py', '--cfg-path', '/tmp/tmpu3rrckqs']
[2024-07-03T14:47:36.399+0000] {standard_task_runner.py:85} INFO - Job 2159: Subtask id_task_send_emails
[2024-07-03T14:47:36.557+0000] {task_command.py:415} INFO - Running <TaskInstance: reports_workflow.id_task_send_emails scheduled__2024-07-03T08:20:00+00:00 [running]> on host 6f4ef5488251
[2024-07-03T14:47:36.754+0000] {taskinstance.py:1660} INFO - Exporting env vars: AIRFLOW_CTX_DAG_OWNER='FIRDAVS' AIRFLOW_CTX_DAG_ID='reports_workflow' AIRFLOW_CTX_TASK_ID='id_task_send_emails' AIRFLOW_CTX_EXECUTION_DATE='2024-07-03T08:20:00+00:00' AIRFLOW_CTX_TRY_NUMBER='1' AIRFLOW_CTX_DAG_RUN_ID='scheduled__2024-07-03T08:20:00+00:00'
[2024-07-03T14:47:36.755+0000] {logging_mixin.py:151} INFO - path of config file:  /opt/***
[2024-07-03T14:47:36.756+0000] {logging_mixin.py:151} INFO - #>2024-07-03 14:47:36.756044_User@StatDep: EmailRobot in screated.
[2024-07-03T14:47:36.756+0000] {logging_mixin.py:151} INFO - #>2024-07-03 14:47:36.756237_User@StatDep: send_validation_results is started...
[2024-07-03T14:47:36.770+0000] {logging_mixin.py:151} INFO -    #>2024-07-03 14:47:36.770540_conneciton to db is set.
[2024-07-03T14:47:36.786+0000] {logging_mixin.py:151} INFO -    #>2024-07-03 14:47:36.786358_cursor execution is successful.
[2024-07-03T14:47:36.786+0000] {logging_mixin.py:151} INFO -    There is no any new submissions found. The get_validation_results is over.
[2024-07-03T14:47:36.787+0000] {python.py:194} INFO - Done. Returned value was: True
[2024-07-03T14:47:36.837+0000] {taskinstance.py:1400} INFO - Marking task as SUCCESS. dag_id=reports_workflow, task_id=id_task_send_emails, execution_date=20240703T082000, start_date=20240703T144736, end_date=20240703T144736
[2024-07-03T14:47:36.875+0000] {local_task_job_runner.py:228} INFO - Task exited with return code 0
[2024-07-03T14:47:36.897+0000] {taskinstance.py:2784} INFO - 0 downstream tasks scheduled from follow-on schedule check
[2024-07-03T14:48:10.779+0000] {taskinstance.py:1159} INFO - Dependencies all met for dep_context=non-requeueable deps ti=<TaskInstance: reports_workflow.id_task_send_emails scheduled__2024-07-03T08:20:00+00:00 [queued]>
[2024-07-03T14:48:10.809+0000] {taskinstance.py:1159} INFO - Dependencies all met for dep_context=requeueable deps ti=<TaskInstance: reports_workflow.id_task_send_emails scheduled__2024-07-03T08:20:00+00:00 [queued]>
[2024-07-03T14:48:10.809+0000] {taskinstance.py:1361} INFO - Starting attempt 1 of 2
[2024-07-03T14:48:10.849+0000] {taskinstance.py:1382} INFO - Executing <Task(PythonOperator): id_task_send_emails> on 2024-07-03 08:20:00+00:00
[2024-07-03T14:48:10.856+0000] {standard_task_runner.py:57} INFO - Started process 28705 to run task
[2024-07-03T14:48:10.883+0000] {standard_task_runner.py:84} INFO - Running: ['***', 'tasks', 'run', 'reports_workflow', 'id_task_send_emails', 'scheduled__2024-07-03T08:20:00+00:00', '--job-id', '2226', '--raw', '--subdir', 'DAGS_FOLDER/dag_email_robot.py', '--cfg-path', '/tmp/tmpw7a18ay_']
[2024-07-03T14:48:10.885+0000] {standard_task_runner.py:85} INFO - Job 2226: Subtask id_task_send_emails
[2024-07-03T14:48:11.045+0000] {task_command.py:415} INFO - Running <TaskInstance: reports_workflow.id_task_send_emails scheduled__2024-07-03T08:20:00+00:00 [running]> on host 6f4ef5488251
[2024-07-03T14:48:11.251+0000] {taskinstance.py:1660} INFO - Exporting env vars: AIRFLOW_CTX_DAG_OWNER='FIRDAVS' AIRFLOW_CTX_DAG_ID='reports_workflow' AIRFLOW_CTX_TASK_ID='id_task_send_emails' AIRFLOW_CTX_EXECUTION_DATE='2024-07-03T08:20:00+00:00' AIRFLOW_CTX_TRY_NUMBER='1' AIRFLOW_CTX_DAG_RUN_ID='scheduled__2024-07-03T08:20:00+00:00'
[2024-07-03T14:48:11.252+0000] {logging_mixin.py:151} INFO - path of config file:  /opt/***
[2024-07-03T14:48:11.253+0000] {logging_mixin.py:151} INFO - #>2024-07-03 14:48:11.252997_User@StatDep: EmailRobot in screated.
[2024-07-03T14:48:11.253+0000] {logging_mixin.py:151} INFO - #>2024-07-03 14:48:11.253192_User@StatDep: send_validation_results is started...
[2024-07-03T14:48:11.267+0000] {logging_mixin.py:151} INFO -    #>2024-07-03 14:48:11.267396_conneciton to db is set.
[2024-07-03T14:48:11.270+0000] {logging_mixin.py:151} INFO -    #>2024-07-03 14:48:11.270267_cursor execution is successful.
[2024-07-03T14:48:11.270+0000] {logging_mixin.py:151} INFO -    There is no any new submissions found. The get_validation_results is over.
[2024-07-03T14:48:11.270+0000] {python.py:194} INFO - Done. Returned value was: True
[2024-07-03T14:48:11.320+0000] {taskinstance.py:1400} INFO - Marking task as SUCCESS. dag_id=reports_workflow, task_id=id_task_send_emails, execution_date=20240703T082000, start_date=20240703T144810, end_date=20240703T144811
[2024-07-03T14:48:11.368+0000] {local_task_job_runner.py:228} INFO - Task exited with return code 0
[2024-07-03T14:48:11.392+0000] {taskinstance.py:2784} INFO - 0 downstream tasks scheduled from follow-on schedule check
[2024-07-03T14:55:26.935+0000] {taskinstance.py:1159} INFO - Dependencies all met for dep_context=non-requeueable deps ti=<TaskInstance: reports_workflow.id_task_send_emails scheduled__2024-07-03T08:20:00+00:00 [queued]>
[2024-07-03T14:55:26.977+0000] {taskinstance.py:1159} INFO - Dependencies all met for dep_context=requeueable deps ti=<TaskInstance: reports_workflow.id_task_send_emails scheduled__2024-07-03T08:20:00+00:00 [queued]>
[2024-07-03T14:55:26.977+0000] {taskinstance.py:1361} INFO - Starting attempt 1 of 2
[2024-07-03T14:55:27.017+0000] {taskinstance.py:1382} INFO - Executing <Task(PythonOperator): id_task_send_emails> on 2024-07-03 08:20:00+00:00
[2024-07-03T14:55:27.028+0000] {standard_task_runner.py:57} INFO - Started process 28964 to run task
[2024-07-03T14:55:27.034+0000] {standard_task_runner.py:84} INFO - Running: ['***', 'tasks', 'run', 'reports_workflow', 'id_task_send_emails', 'scheduled__2024-07-03T08:20:00+00:00', '--job-id', '2299', '--raw', '--subdir', 'DAGS_FOLDER/dag_email_robot.py', '--cfg-path', '/tmp/tmp4ph27saw']
[2024-07-03T14:55:27.037+0000] {standard_task_runner.py:85} INFO - Job 2299: Subtask id_task_send_emails
[2024-07-03T14:55:27.210+0000] {task_command.py:415} INFO - Running <TaskInstance: reports_workflow.id_task_send_emails scheduled__2024-07-03T08:20:00+00:00 [running]> on host 6f4ef5488251
[2024-07-03T14:55:27.454+0000] {taskinstance.py:1660} INFO - Exporting env vars: AIRFLOW_CTX_DAG_OWNER='FIRDAVS' AIRFLOW_CTX_DAG_ID='reports_workflow' AIRFLOW_CTX_TASK_ID='id_task_send_emails' AIRFLOW_CTX_EXECUTION_DATE='2024-07-03T08:20:00+00:00' AIRFLOW_CTX_TRY_NUMBER='1' AIRFLOW_CTX_DAG_RUN_ID='scheduled__2024-07-03T08:20:00+00:00'
[2024-07-03T14:55:27.455+0000] {logging_mixin.py:151} INFO - path of config file:  /opt/***
[2024-07-03T14:55:27.456+0000] {logging_mixin.py:151} INFO - #>2024-07-03 14:55:27.456139_User@StatDep: EmailRobot in screated.
[2024-07-03T14:55:27.456+0000] {logging_mixin.py:151} INFO - #>2024-07-03 14:55:27.456327_User@StatDep: send_validation_results is started...
[2024-07-03T14:55:27.468+0000] {logging_mixin.py:151} INFO -    #>2024-07-03 14:55:27.468231_conneciton to db is set.
[2024-07-03T14:55:27.470+0000] {logging_mixin.py:151} INFO -    #>2024-07-03 14:55:27.470402_cursor execution is successful.
[2024-07-03T14:55:27.470+0000] {logging_mixin.py:151} INFO -    There is no any new submissions found. The get_validation_results is over.
[2024-07-03T14:55:27.471+0000] {python.py:194} INFO - Done. Returned value was: True
[2024-07-03T14:55:27.532+0000] {taskinstance.py:1400} INFO - Marking task as SUCCESS. dag_id=reports_workflow, task_id=id_task_send_emails, execution_date=20240703T082000, start_date=20240703T145526, end_date=20240703T145527
[2024-07-03T14:55:27.593+0000] {local_task_job_runner.py:228} INFO - Task exited with return code 0
[2024-07-03T14:55:27.633+0000] {taskinstance.py:2784} INFO - 0 downstream tasks scheduled from follow-on schedule check
