[2024-07-08T06:15:04.851+0000] {taskinstance.py:1159} INFO - Dependencies all met for dep_context=non-requeueable deps ti=<TaskInstance: reports_workflow.id_task_send_emails scheduled__2024-07-08T06:10:00+00:00 [queued]>
[2024-07-08T06:15:04.858+0000] {taskinstance.py:1159} INFO - Dependencies all met for dep_context=requeueable deps ti=<TaskInstance: reports_workflow.id_task_send_emails scheduled__2024-07-08T06:10:00+00:00 [queued]>
[2024-07-08T06:15:04.858+0000] {taskinstance.py:1361} INFO - Starting attempt 1 of 2
[2024-07-08T06:15:04.869+0000] {taskinstance.py:1382} INFO - Executing <Task(PythonOperator): id_task_send_emails> on 2024-07-08 06:10:00+00:00
[2024-07-08T06:15:04.875+0000] {standard_task_runner.py:57} INFO - Started process 3513 to run task
[2024-07-08T06:15:04.881+0000] {standard_task_runner.py:84} INFO - Running: ['***', 'tasks', 'run', 'reports_workflow', 'id_task_send_emails', 'scheduled__2024-07-08T06:10:00+00:00', '--job-id', '3558', '--raw', '--subdir', 'DAGS_FOLDER/dag_email_robot.py', '--cfg-path', '/tmp/tmpyiseoxhd']
[2024-07-08T06:15:04.884+0000] {standard_task_runner.py:85} INFO - Job 3558: Subtask id_task_send_emails
[2024-07-08T06:15:04.969+0000] {task_command.py:415} INFO - Running <TaskInstance: reports_workflow.id_task_send_emails scheduled__2024-07-08T06:10:00+00:00 [running]> on host 6f4ef5488251
[2024-07-08T06:15:05.106+0000] {taskinstance.py:1660} INFO - Exporting env vars: AIRFLOW_CTX_DAG_OWNER='FIRDAVS' AIRFLOW_CTX_DAG_ID='reports_workflow' AIRFLOW_CTX_TASK_ID='id_task_send_emails' AIRFLOW_CTX_EXECUTION_DATE='2024-07-08T06:10:00+00:00' AIRFLOW_CTX_TRY_NUMBER='1' AIRFLOW_CTX_DAG_RUN_ID='scheduled__2024-07-08T06:10:00+00:00'
[2024-07-08T06:15:05.108+0000] {logging_mixin.py:151} INFO - path of config file:  /opt/***
[2024-07-08T06:15:05.108+0000] {logging_mixin.py:151} INFO - #>2024-07-08 06:15:05.108927_User@StatDep: EmailRobot in screated.
[2024-07-08T06:15:05.109+0000] {logging_mixin.py:151} INFO - #>2024-07-08 06:15:05.109185_User@StatDep: send_validation_results is started...
[2024-07-08T06:15:05.123+0000] {logging_mixin.py:151} INFO -    #>2024-07-08 06:15:05.122959_conneciton to db is set.
[2024-07-08T06:15:05.126+0000] {logging_mixin.py:151} INFO -    #>2024-07-08 06:15:05.126113_cursor execution is successful.
[2024-07-08T06:15:05.126+0000] {logging_mixin.py:151} INFO -    There is no any new submissions found. The get_validation_results is over.
[2024-07-08T06:15:05.126+0000] {python.py:194} INFO - Done. Returned value was: True
[2024-07-08T06:15:05.154+0000] {taskinstance.py:1400} INFO - Marking task as SUCCESS. dag_id=reports_workflow, task_id=id_task_send_emails, execution_date=20240708T061000, start_date=20240708T061504, end_date=20240708T061505
[2024-07-08T06:15:05.211+0000] {local_task_job_runner.py:228} INFO - Task exited with return code 0
[2024-07-08T06:15:05.238+0000] {taskinstance.py:2784} INFO - 0 downstream tasks scheduled from follow-on schedule check
[2024-07-08T10:13:40.554+0000] {taskinstance.py:1159} INFO - Dependencies all met for dep_context=non-requeueable deps ti=<TaskInstance: reports_workflow.id_task_send_emails scheduled__2024-07-08T06:10:00+00:00 [queued]>
[2024-07-08T10:13:40.607+0000] {taskinstance.py:1159} INFO - Dependencies all met for dep_context=requeueable deps ti=<TaskInstance: reports_workflow.id_task_send_emails scheduled__2024-07-08T06:10:00+00:00 [queued]>
[2024-07-08T10:13:40.607+0000] {taskinstance.py:1361} INFO - Starting attempt 1 of 2
[2024-07-08T10:13:40.663+0000] {taskinstance.py:1382} INFO - Executing <Task(PythonOperator): id_task_send_emails> on 2024-07-08 06:10:00+00:00
[2024-07-08T10:13:40.673+0000] {standard_task_runner.py:57} INFO - Started process 7745 to run task
[2024-07-08T10:13:40.706+0000] {standard_task_runner.py:84} INFO - Running: ['***', 'tasks', 'run', 'reports_workflow', 'id_task_send_emails', 'scheduled__2024-07-08T06:10:00+00:00', '--job-id', '3741', '--raw', '--subdir', 'DAGS_FOLDER/dag_email_robot.py', '--cfg-path', '/tmp/tmpme6vta_5']
[2024-07-08T10:13:40.734+0000] {standard_task_runner.py:85} INFO - Job 3741: Subtask id_task_send_emails
[2024-07-08T10:13:40.898+0000] {task_command.py:415} INFO - Running <TaskInstance: reports_workflow.id_task_send_emails scheduled__2024-07-08T06:10:00+00:00 [running]> on host 6f4ef5488251
[2024-07-08T10:13:42.600+0000] {taskinstance.py:1660} INFO - Exporting env vars: AIRFLOW_CTX_DAG_OWNER='FIRDAVS' AIRFLOW_CTX_DAG_ID='reports_workflow' AIRFLOW_CTX_TASK_ID='id_task_send_emails' AIRFLOW_CTX_EXECUTION_DATE='2024-07-08T06:10:00+00:00' AIRFLOW_CTX_TRY_NUMBER='1' AIRFLOW_CTX_DAG_RUN_ID='scheduled__2024-07-08T06:10:00+00:00'
[2024-07-08T10:13:42.603+0000] {logging_mixin.py:151} INFO - path of config file:  /opt/***
[2024-07-08T10:13:42.604+0000] {logging_mixin.py:151} INFO - #>2024-07-08 10:13:42.604408_User@StatDep: EmailRobot in screated.
[2024-07-08T10:13:42.604+0000] {logging_mixin.py:151} INFO - #>2024-07-08 10:13:42.604754_User@StatDep: send_validation_results is started...
[2024-07-08T10:13:42.615+0000] {logging_mixin.py:151} INFO -    #>2024-07-08 10:13:42.615556_conneciton to db is set.
[2024-07-08T10:13:42.619+0000] {logging_mixin.py:151} INFO -    #>2024-07-08 10:13:42.619299_cursor execution is successful.
[2024-07-08T10:13:42.619+0000] {logging_mixin.py:151} INFO -    There is no any new submissions found. The get_validation_results is over.
[2024-07-08T10:13:42.621+0000] {python.py:194} INFO - Done. Returned value was: True
[2024-07-08T10:13:42.660+0000] {taskinstance.py:1400} INFO - Marking task as SUCCESS. dag_id=reports_workflow, task_id=id_task_send_emails, execution_date=20240708T061000, start_date=20240708T101340, end_date=20240708T101342
[2024-07-08T10:13:42.676+0000] {local_task_job_runner.py:228} INFO - Task exited with return code 0
[2024-07-08T10:13:42.695+0000] {taskinstance.py:2784} INFO - 0 downstream tasks scheduled from follow-on schedule check
[2024-07-08T10:22:00.812+0000] {taskinstance.py:1159} INFO - Dependencies all met for dep_context=non-requeueable deps ti=<TaskInstance: reports_workflow.id_task_send_emails scheduled__2024-07-08T06:10:00+00:00 [queued]>
[2024-07-08T10:22:00.821+0000] {taskinstance.py:1159} INFO - Dependencies all met for dep_context=requeueable deps ti=<TaskInstance: reports_workflow.id_task_send_emails scheduled__2024-07-08T06:10:00+00:00 [queued]>
[2024-07-08T10:22:00.821+0000] {taskinstance.py:1361} INFO - Starting attempt 1 of 2
[2024-07-08T10:22:00.832+0000] {taskinstance.py:1382} INFO - Executing <Task(PythonOperator): id_task_send_emails> on 2024-07-08 06:10:00+00:00
[2024-07-08T10:22:00.838+0000] {standard_task_runner.py:57} INFO - Started process 7980 to run task
[2024-07-08T10:22:00.843+0000] {standard_task_runner.py:84} INFO - Running: ['***', 'tasks', 'run', 'reports_workflow', 'id_task_send_emails', 'scheduled__2024-07-08T06:10:00+00:00', '--job-id', '3782', '--raw', '--subdir', 'DAGS_FOLDER/dag_email_robot.py', '--cfg-path', '/tmp/tmp1d9yq64e']
[2024-07-08T10:22:00.846+0000] {standard_task_runner.py:85} INFO - Job 3782: Subtask id_task_send_emails
[2024-07-08T10:22:00.903+0000] {task_command.py:415} INFO - Running <TaskInstance: reports_workflow.id_task_send_emails scheduled__2024-07-08T06:10:00+00:00 [running]> on host 6f4ef5488251
[2024-07-08T10:22:00.981+0000] {taskinstance.py:1660} INFO - Exporting env vars: AIRFLOW_CTX_DAG_OWNER='FIRDAVS' AIRFLOW_CTX_DAG_ID='reports_workflow' AIRFLOW_CTX_TASK_ID='id_task_send_emails' AIRFLOW_CTX_EXECUTION_DATE='2024-07-08T06:10:00+00:00' AIRFLOW_CTX_TRY_NUMBER='1' AIRFLOW_CTX_DAG_RUN_ID='scheduled__2024-07-08T06:10:00+00:00'
[2024-07-08T10:22:00.983+0000] {logging_mixin.py:151} INFO - path of config file:  /opt/***
[2024-07-08T10:22:00.983+0000] {logging_mixin.py:151} INFO - #>2024-07-08 10:22:00.983886_User@StatDep: EmailRobot in screated.
[2024-07-08T10:22:00.984+0000] {logging_mixin.py:151} INFO - #>2024-07-08 10:22:00.984256_User@StatDep: send_validation_results is started...
[2024-07-08T10:22:00.995+0000] {logging_mixin.py:151} INFO -    #>2024-07-08 10:22:00.995370_conneciton to db is set.
[2024-07-08T10:22:00.997+0000] {logging_mixin.py:151} INFO -    #>2024-07-08 10:22:00.997913_cursor execution is successful.
[2024-07-08T10:22:00.998+0000] {logging_mixin.py:151} INFO -    There is no any new submissions found. The get_validation_results is over.
[2024-07-08T10:22:00.998+0000] {python.py:194} INFO - Done. Returned value was: True
[2024-07-08T10:22:01.019+0000] {taskinstance.py:1400} INFO - Marking task as SUCCESS. dag_id=reports_workflow, task_id=id_task_send_emails, execution_date=20240708T061000, start_date=20240708T102200, end_date=20240708T102201
[2024-07-08T10:22:01.053+0000] {local_task_job_runner.py:228} INFO - Task exited with return code 0
[2024-07-08T10:22:01.141+0000] {taskinstance.py:2784} INFO - 0 downstream tasks scheduled from follow-on schedule check
[2024-07-08T10:25:51.500+0000] {taskinstance.py:1159} INFO - Dependencies all met for dep_context=non-requeueable deps ti=<TaskInstance: reports_workflow.id_task_send_emails scheduled__2024-07-08T06:10:00+00:00 [queued]>
[2024-07-08T10:25:51.522+0000] {taskinstance.py:1159} INFO - Dependencies all met for dep_context=requeueable deps ti=<TaskInstance: reports_workflow.id_task_send_emails scheduled__2024-07-08T06:10:00+00:00 [queued]>
[2024-07-08T10:25:51.522+0000] {taskinstance.py:1361} INFO - Starting attempt 1 of 2
[2024-07-08T10:25:51.546+0000] {taskinstance.py:1382} INFO - Executing <Task(PythonOperator): id_task_send_emails> on 2024-07-08 06:10:00+00:00
[2024-07-08T10:25:51.554+0000] {standard_task_runner.py:57} INFO - Started process 8572 to run task
[2024-07-08T10:25:51.572+0000] {standard_task_runner.py:84} INFO - Running: ['***', 'tasks', 'run', 'reports_workflow', 'id_task_send_emails', 'scheduled__2024-07-08T06:10:00+00:00', '--job-id', '3959', '--raw', '--subdir', 'DAGS_FOLDER/dag_email_robot.py', '--cfg-path', '/tmp/tmp5iep2hvc']
[2024-07-08T10:25:51.576+0000] {standard_task_runner.py:85} INFO - Job 3959: Subtask id_task_send_emails
[2024-07-08T10:25:51.677+0000] {task_command.py:415} INFO - Running <TaskInstance: reports_workflow.id_task_send_emails scheduled__2024-07-08T06:10:00+00:00 [running]> on host 6f4ef5488251
[2024-07-08T10:25:51.795+0000] {taskinstance.py:1660} INFO - Exporting env vars: AIRFLOW_CTX_DAG_OWNER='FIRDAVS' AIRFLOW_CTX_DAG_ID='reports_workflow' AIRFLOW_CTX_TASK_ID='id_task_send_emails' AIRFLOW_CTX_EXECUTION_DATE='2024-07-08T06:10:00+00:00' AIRFLOW_CTX_TRY_NUMBER='1' AIRFLOW_CTX_DAG_RUN_ID='scheduled__2024-07-08T06:10:00+00:00'
[2024-07-08T10:25:51.798+0000] {logging_mixin.py:151} INFO - path of config file:  /opt/***
[2024-07-08T10:25:51.800+0000] {logging_mixin.py:151} INFO - #>2024-07-08 10:25:51.800339_User@StatDep: EmailRobot in screated.
[2024-07-08T10:25:51.800+0000] {logging_mixin.py:151} INFO - #>2024-07-08 10:25:51.800554_User@StatDep: send_validation_results is started...
[2024-07-08T10:25:51.828+0000] {logging_mixin.py:151} INFO -    #>2024-07-08 10:25:51.828529_conneciton to db is set.
[2024-07-08T10:25:51.831+0000] {logging_mixin.py:151} INFO -    #>2024-07-08 10:25:51.831096_cursor execution is successful.
[2024-07-08T10:25:51.831+0000] {logging_mixin.py:151} INFO -    There is no any new submissions found. The get_validation_results is over.
[2024-07-08T10:25:51.840+0000] {python.py:194} INFO - Done. Returned value was: True
[2024-07-08T10:25:51.901+0000] {taskinstance.py:1400} INFO - Marking task as SUCCESS. dag_id=reports_workflow, task_id=id_task_send_emails, execution_date=20240708T061000, start_date=20240708T102551, end_date=20240708T102551
[2024-07-08T10:25:51.960+0000] {local_task_job_runner.py:228} INFO - Task exited with return code 0
[2024-07-08T10:25:51.984+0000] {taskinstance.py:2784} INFO - 0 downstream tasks scheduled from follow-on schedule check
[2024-07-08T10:26:51.803+0000] {taskinstance.py:1159} INFO - Dependencies all met for dep_context=non-requeueable deps ti=<TaskInstance: reports_workflow.id_task_send_emails scheduled__2024-07-08T06:10:00+00:00 [queued]>
[2024-07-08T10:26:51.840+0000] {taskinstance.py:1159} INFO - Dependencies all met for dep_context=requeueable deps ti=<TaskInstance: reports_workflow.id_task_send_emails scheduled__2024-07-08T06:10:00+00:00 [queued]>
[2024-07-08T10:26:51.840+0000] {taskinstance.py:1361} INFO - Starting attempt 1 of 2
[2024-07-08T10:26:51.853+0000] {taskinstance.py:1382} INFO - Executing <Task(PythonOperator): id_task_send_emails> on 2024-07-08 06:10:00+00:00
[2024-07-08T10:26:51.858+0000] {standard_task_runner.py:57} INFO - Started process 8698 to run task
[2024-07-08T10:26:51.863+0000] {standard_task_runner.py:84} INFO - Running: ['***', 'tasks', 'run', 'reports_workflow', 'id_task_send_emails', 'scheduled__2024-07-08T06:10:00+00:00', '--job-id', '3997', '--raw', '--subdir', 'DAGS_FOLDER/dag_email_robot.py', '--cfg-path', '/tmp/tmpt89tiyrd']
[2024-07-08T10:26:51.867+0000] {standard_task_runner.py:85} INFO - Job 3997: Subtask id_task_send_emails
[2024-07-08T10:26:51.924+0000] {task_command.py:415} INFO - Running <TaskInstance: reports_workflow.id_task_send_emails scheduled__2024-07-08T06:10:00+00:00 [running]> on host 6f4ef5488251
[2024-07-08T10:26:52.022+0000] {taskinstance.py:1660} INFO - Exporting env vars: AIRFLOW_CTX_DAG_OWNER='FIRDAVS' AIRFLOW_CTX_DAG_ID='reports_workflow' AIRFLOW_CTX_TASK_ID='id_task_send_emails' AIRFLOW_CTX_EXECUTION_DATE='2024-07-08T06:10:00+00:00' AIRFLOW_CTX_TRY_NUMBER='1' AIRFLOW_CTX_DAG_RUN_ID='scheduled__2024-07-08T06:10:00+00:00'
[2024-07-08T10:26:52.023+0000] {logging_mixin.py:151} INFO - path of config file:  /opt/***
[2024-07-08T10:26:52.024+0000] {logging_mixin.py:151} INFO - #>2024-07-08 10:26:52.024278_User@StatDep: EmailRobot in screated.
[2024-07-08T10:26:52.024+0000] {logging_mixin.py:151} INFO - #>2024-07-08 10:26:52.024487_User@StatDep: send_validation_results is started...
[2024-07-08T10:26:52.038+0000] {logging_mixin.py:151} INFO -    #>2024-07-08 10:26:52.038360_conneciton to db is set.
[2024-07-08T10:26:52.040+0000] {logging_mixin.py:151} INFO -    #>2024-07-08 10:26:52.040386_cursor execution is successful.
[2024-07-08T10:26:52.040+0000] {logging_mixin.py:151} INFO -    There is no any new submissions found. The get_validation_results is over.
[2024-07-08T10:26:52.042+0000] {python.py:194} INFO - Done. Returned value was: True
[2024-07-08T10:26:52.067+0000] {taskinstance.py:1400} INFO - Marking task as SUCCESS. dag_id=reports_workflow, task_id=id_task_send_emails, execution_date=20240708T061000, start_date=20240708T102651, end_date=20240708T102652
[2024-07-08T10:26:52.120+0000] {local_task_job_runner.py:228} INFO - Task exited with return code 0
[2024-07-08T10:26:52.140+0000] {taskinstance.py:2784} INFO - 0 downstream tasks scheduled from follow-on schedule check
