[2024-07-03T09:58:45.194+0000] {taskinstance.py:1159} INFO - Dependencies all met for dep_context=non-requeueable deps ti=<TaskInstance: reports_workflow.id_task_get_emails scheduled__2024-07-02T21:50:00+00:00 [queued]>
[2024-07-03T09:58:45.201+0000] {taskinstance.py:1159} INFO - Dependencies all met for dep_context=requeueable deps ti=<TaskInstance: reports_workflow.id_task_get_emails scheduled__2024-07-02T21:50:00+00:00 [queued]>
[2024-07-03T09:58:45.202+0000] {taskinstance.py:1361} INFO - Starting attempt 1 of 1
[2024-07-03T09:58:45.269+0000] {taskinstance.py:1382} INFO - Executing <Task(PythonOperator): id_task_get_emails> on 2024-07-02 21:50:00+00:00
[2024-07-03T09:58:45.281+0000] {standard_task_runner.py:57} INFO - Started process 20876 to run task
[2024-07-03T09:58:45.289+0000] {standard_task_runner.py:84} INFO - Running: ['***', 'tasks', 'run', 'reports_workflow', 'id_task_get_emails', 'scheduled__2024-07-02T21:50:00+00:00', '--job-id', '509', '--raw', '--subdir', 'DAGS_FOLDER/dag_email_robot.py', '--cfg-path', '/tmp/tmp0n1s_jp4']
[2024-07-03T09:58:45.291+0000] {standard_task_runner.py:85} INFO - Job 509: Subtask id_task_get_emails
[2024-07-03T09:58:45.374+0000] {task_command.py:415} INFO - Running <TaskInstance: reports_workflow.id_task_get_emails scheduled__2024-07-02T21:50:00+00:00 [running]> on host 6f4ef5488251
[2024-07-03T09:58:45.533+0000] {taskinstance.py:1660} INFO - Exporting env vars: AIRFLOW_CTX_DAG_OWNER='FIRDAVS' AIRFLOW_CTX_DAG_ID='reports_workflow' AIRFLOW_CTX_TASK_ID='id_task_get_emails' AIRFLOW_CTX_EXECUTION_DATE='2024-07-02T21:50:00+00:00' AIRFLOW_CTX_TRY_NUMBER='1' AIRFLOW_CTX_DAG_RUN_ID='scheduled__2024-07-02T21:50:00+00:00'
[2024-07-03T09:58:45.534+0000] {logging_mixin.py:151} INFO - path of config file:  /opt/***
[2024-07-03T09:58:45.534+0000] {logging_mixin.py:151} INFO - #>2024-07-03 09:58:45.534742_User@StatDep: EmailRobot in screated.
[2024-07-03T09:58:45.534+0000] {logging_mixin.py:151} INFO - #>2024-07-03 09:58:45.534913_User@StatDep: get_for_recent_emails is started...
[2024-07-03T09:58:45.535+0000] {logging_mixin.py:151} INFO - #>2024-07-03 09:58:45.535042_User@StatDep: pop3_fetch_emails isstarted...
[2024-07-03T09:58:45.934+0000] {logging_mixin.py:151} INFO -    b'+OK'
[2024-07-03T09:58:46.286+0000] {logging_mixin.py:151} INFO -    mailbox have 0 emails and the robot can process 10
[2024-07-03T09:58:46.286+0000] {logging_mixin.py:151} INFO - #>2024-07-03 09:58:46.286818_User@StatDep: no emails to process, exiting pop3_fetch_emails()...
[2024-07-03T09:58:46.287+0000] {python.py:194} INFO - Done. Returned value was: True
[2024-07-03T09:58:46.415+0000] {taskinstance.py:1400} INFO - Marking task as SUCCESS. dag_id=reports_workflow, task_id=id_task_get_emails, execution_date=20240702T215000, start_date=20240703T095845, end_date=20240703T095846
[2024-07-03T09:58:46.532+0000] {local_task_job_runner.py:228} INFO - Task exited with return code 0
[2024-07-03T09:58:46.608+0000] {taskinstance.py:2784} INFO - 0 downstream tasks scheduled from follow-on schedule check
[2024-07-03T12:30:21.586+0000] {taskinstance.py:1159} INFO - Dependencies all met for dep_context=non-requeueable deps ti=<TaskInstance: reports_workflow.id_task_get_emails scheduled__2024-07-02T21:50:00+00:00 [queued]>
[2024-07-03T12:30:21.605+0000] {taskinstance.py:1159} INFO - Dependencies all met for dep_context=requeueable deps ti=<TaskInstance: reports_workflow.id_task_get_emails scheduled__2024-07-02T21:50:00+00:00 [queued]>
[2024-07-03T12:30:21.605+0000] {taskinstance.py:1361} INFO - Starting attempt 1 of 1
[2024-07-03T12:30:21.638+0000] {taskinstance.py:1382} INFO - Executing <Task(PythonOperator): id_task_get_emails> on 2024-07-02 21:50:00+00:00
[2024-07-03T12:30:21.646+0000] {standard_task_runner.py:57} INFO - Started process 24970 to run task
[2024-07-03T12:30:21.657+0000] {standard_task_runner.py:84} INFO - Running: ['***', 'tasks', 'run', 'reports_workflow', 'id_task_get_emails', 'scheduled__2024-07-02T21:50:00+00:00', '--job-id', '1406', '--raw', '--subdir', 'DAGS_FOLDER/dag_email_robot.py', '--cfg-path', '/tmp/tmpgk0s5m2j']
[2024-07-03T12:30:21.659+0000] {standard_task_runner.py:85} INFO - Job 1406: Subtask id_task_get_emails
[2024-07-03T12:30:21.747+0000] {task_command.py:415} INFO - Running <TaskInstance: reports_workflow.id_task_get_emails scheduled__2024-07-02T21:50:00+00:00 [running]> on host 6f4ef5488251
[2024-07-03T12:30:21.914+0000] {taskinstance.py:1660} INFO - Exporting env vars: AIRFLOW_CTX_DAG_OWNER='FIRDAVS' AIRFLOW_CTX_DAG_ID='reports_workflow' AIRFLOW_CTX_TASK_ID='id_task_get_emails' AIRFLOW_CTX_EXECUTION_DATE='2024-07-02T21:50:00+00:00' AIRFLOW_CTX_TRY_NUMBER='1' AIRFLOW_CTX_DAG_RUN_ID='scheduled__2024-07-02T21:50:00+00:00'
[2024-07-03T12:30:21.915+0000] {logging_mixin.py:151} INFO - path of config file:  /opt/***
[2024-07-03T12:30:21.917+0000] {logging_mixin.py:151} INFO - #>2024-07-03 12:30:21.917304_User@StatDep: EmailRobot in screated.
[2024-07-03T12:30:21.917+0000] {logging_mixin.py:151} INFO - #>2024-07-03 12:30:21.917508_User@StatDep: get_for_recent_emails is started...
[2024-07-03T12:30:21.917+0000] {logging_mixin.py:151} INFO - #>2024-07-03 12:30:21.917637_User@StatDep: pop3_fetch_emails isstarted...
[2024-07-03T12:30:22.319+0000] {logging_mixin.py:151} INFO -    b'+OK'
[2024-07-03T12:30:22.664+0000] {logging_mixin.py:151} INFO -    mailbox have 0 emails and the robot can process 10
[2024-07-03T12:30:22.664+0000] {logging_mixin.py:151} INFO - #>2024-07-03 12:30:22.664408_User@StatDep: no emails to process, exiting pop3_fetch_emails()...
[2024-07-03T12:30:22.664+0000] {python.py:194} INFO - Done. Returned value was: True
[2024-07-03T12:30:22.695+0000] {taskinstance.py:1400} INFO - Marking task as SUCCESS. dag_id=reports_workflow, task_id=id_task_get_emails, execution_date=20240702T215000, start_date=20240703T123021, end_date=20240703T123022
[2024-07-03T12:30:22.741+0000] {local_task_job_runner.py:228} INFO - Task exited with return code 0
[2024-07-03T12:30:22.772+0000] {taskinstance.py:2784} INFO - 1 downstream tasks scheduled from follow-on schedule check
