[2024-07-03T09:57:42.610+0000] {taskinstance.py:1159} INFO - Dependencies all met for dep_context=non-requeueable deps ti=<TaskInstance: reports_workflow.id_task_get_emails scheduled__2024-07-02T11:00:00+00:00 [queued]>
[2024-07-03T09:57:42.631+0000] {taskinstance.py:1159} INFO - Dependencies all met for dep_context=requeueable deps ti=<TaskInstance: reports_workflow.id_task_get_emails scheduled__2024-07-02T11:00:00+00:00 [queued]>
[2024-07-03T09:57:42.633+0000] {taskinstance.py:1361} INFO - Starting attempt 1 of 1
[2024-07-03T09:57:42.688+0000] {taskinstance.py:1382} INFO - Executing <Task(PythonOperator): id_task_get_emails> on 2024-07-02 11:00:00+00:00
[2024-07-03T09:57:42.693+0000] {standard_task_runner.py:57} INFO - Started process 20597 to run task
[2024-07-03T09:57:42.711+0000] {standard_task_runner.py:84} INFO - Running: ['***', 'tasks', 'run', 'reports_workflow', 'id_task_get_emails', 'scheduled__2024-07-02T11:00:00+00:00', '--job-id', '377', '--raw', '--subdir', 'DAGS_FOLDER/dag_email_robot.py', '--cfg-path', '/tmp/tmpukuoees3']
[2024-07-03T09:57:42.712+0000] {standard_task_runner.py:85} INFO - Job 377: Subtask id_task_get_emails
[2024-07-03T09:57:42.809+0000] {task_command.py:415} INFO - Running <TaskInstance: reports_workflow.id_task_get_emails scheduled__2024-07-02T11:00:00+00:00 [running]> on host 6f4ef5488251
[2024-07-03T09:57:42.902+0000] {taskinstance.py:1660} INFO - Exporting env vars: AIRFLOW_CTX_DAG_OWNER='FIRDAVS' AIRFLOW_CTX_DAG_ID='reports_workflow' AIRFLOW_CTX_TASK_ID='id_task_get_emails' AIRFLOW_CTX_EXECUTION_DATE='2024-07-02T11:00:00+00:00' AIRFLOW_CTX_TRY_NUMBER='1' AIRFLOW_CTX_DAG_RUN_ID='scheduled__2024-07-02T11:00:00+00:00'
[2024-07-03T09:57:42.903+0000] {logging_mixin.py:151} INFO - path of config file:  /opt/***
[2024-07-03T09:57:42.903+0000] {taskinstance.py:1943} ERROR - Task failed with exception
Traceback (most recent call last):
  File "/home/airflow/.local/lib/python3.8/site-packages/airflow/operators/python.py", line 192, in execute
    return_value = self.execute_callable()
  File "/home/airflow/.local/lib/python3.8/site-packages/airflow/operators/python.py", line 209, in execute_callable
    return self.python_callable(*self.op_args, **self.op_kwargs)
  File "/opt/airflow/dags/dag_email_robot.py", line 22, in get_emails
    email_conf = json.load (open(path / ("config/email_conf.json")))
NameError: name 'json' is not defined
[2024-07-03T09:57:42.915+0000] {taskinstance.py:1400} INFO - Marking task as FAILED. dag_id=reports_workflow, task_id=id_task_get_emails, execution_date=20240702T110000, start_date=20240703T095742, end_date=20240703T095742
[2024-07-03T09:57:42.928+0000] {standard_task_runner.py:104} ERROR - Failed to execute job 377 for task id_task_get_emails (name 'json' is not defined; 20597)
[2024-07-03T09:57:42.957+0000] {local_task_job_runner.py:228} INFO - Task exited with return code 1
[2024-07-03T09:57:42.977+0000] {taskinstance.py:2784} INFO - 0 downstream tasks scheduled from follow-on schedule check
[2024-07-03T12:05:11.740+0000] {taskinstance.py:1159} INFO - Dependencies all met for dep_context=non-requeueable deps ti=<TaskInstance: reports_workflow.id_task_get_emails scheduled__2024-07-02T11:00:00+00:00 [queued]>
[2024-07-03T12:05:11.749+0000] {taskinstance.py:1159} INFO - Dependencies all met for dep_context=requeueable deps ti=<TaskInstance: reports_workflow.id_task_get_emails scheduled__2024-07-02T11:00:00+00:00 [queued]>
[2024-07-03T12:05:11.749+0000] {taskinstance.py:1361} INFO - Starting attempt 1 of 1
[2024-07-03T12:05:11.772+0000] {taskinstance.py:1382} INFO - Executing <Task(PythonOperator): id_task_get_emails> on 2024-07-02 11:00:00+00:00
[2024-07-03T12:05:11.781+0000] {standard_task_runner.py:57} INFO - Started process 23415 to run task
[2024-07-03T12:05:11.788+0000] {standard_task_runner.py:84} INFO - Running: ['***', 'tasks', 'run', 'reports_workflow', 'id_task_get_emails', 'scheduled__2024-07-02T11:00:00+00:00', '--job-id', '818', '--raw', '--subdir', 'DAGS_FOLDER/dag_email_robot.py', '--cfg-path', '/tmp/tmp_6wfnalc']
[2024-07-03T12:05:11.789+0000] {standard_task_runner.py:85} INFO - Job 818: Subtask id_task_get_emails
[2024-07-03T12:05:11.884+0000] {task_command.py:415} INFO - Running <TaskInstance: reports_workflow.id_task_get_emails scheduled__2024-07-02T11:00:00+00:00 [running]> on host 6f4ef5488251
[2024-07-03T12:05:11.993+0000] {taskinstance.py:1660} INFO - Exporting env vars: AIRFLOW_CTX_DAG_OWNER='FIRDAVS' AIRFLOW_CTX_DAG_ID='reports_workflow' AIRFLOW_CTX_TASK_ID='id_task_get_emails' AIRFLOW_CTX_EXECUTION_DATE='2024-07-02T11:00:00+00:00' AIRFLOW_CTX_TRY_NUMBER='1' AIRFLOW_CTX_DAG_RUN_ID='scheduled__2024-07-02T11:00:00+00:00'
[2024-07-03T12:05:11.994+0000] {logging_mixin.py:151} INFO - path of config file:  /opt/***
[2024-07-03T12:05:11.995+0000] {logging_mixin.py:151} INFO - #>2024-07-03 12:05:11.995385_User@StatDep: EmailRobot in screated.
[2024-07-03T12:05:11.995+0000] {logging_mixin.py:151} INFO - #>2024-07-03 12:05:11.995588_User@StatDep: get_for_recent_emails is started...
[2024-07-03T12:05:11.995+0000] {logging_mixin.py:151} INFO - #>2024-07-03 12:05:11.995739_User@StatDep: pop3_fetch_emails isstarted...
[2024-07-03T12:05:12.380+0000] {logging_mixin.py:151} INFO -    b'+OK'
[2024-07-03T12:05:12.890+0000] {logging_mixin.py:151} INFO -    mailbox have 1 emails and the robot can process 10
[2024-07-03T12:05:13.605+0000] {logging_mixin.py:151} INFO -    #>2024-07-03 12:05:13.605495_conneciton to db is set.
[2024-07-03T12:05:13.615+0000] {taskinstance.py:1943} ERROR - Task failed with exception
Traceback (most recent call last):
  File "/home/airflow/.local/lib/python3.8/site-packages/airflow/operators/python.py", line 192, in execute
    return_value = self.execute_callable()
  File "/home/airflow/.local/lib/python3.8/site-packages/airflow/operators/python.py", line 209, in execute_callable
    return self.python_callable(*self.op_args, **self.op_kwargs)
  File "/opt/airflow/dags/dag_email_robot.py", line 25, in get_emails
    robot.fetch_emails()
  File "/opt/airflow/dags/emailRobot.py", line 62, in fetch_emails
    return self.pop3_fetch_emails()
  File "/opt/airflow/dags/emailRobot.py", line 156, in pop3_fetch_emails
    cursor.execute (query, insert_values)
psycopg2.errors.UndefinedTable: relation "sma_stat_dep.tbl_file_upload" does not exist
LINE 1: ...) AS (INSERT INTO                                 sma_stat_d...
                                                             ^

[2024-07-03T12:05:13.627+0000] {taskinstance.py:1400} INFO - Marking task as FAILED. dag_id=reports_workflow, task_id=id_task_get_emails, execution_date=20240702T110000, start_date=20240703T120511, end_date=20240703T120513
[2024-07-03T12:05:13.740+0000] {standard_task_runner.py:104} ERROR - Failed to execute job 818 for task id_task_get_emails (relation "sma_stat_dep.tbl_file_upload" does not exist
LINE 1: ...) AS (INSERT INTO                                 sma_stat_d...
                                                             ^
; 23415)
[2024-07-03T12:05:13.790+0000] {local_task_job_runner.py:228} INFO - Task exited with return code 1
[2024-07-03T12:05:13.814+0000] {taskinstance.py:2784} INFO - 0 downstream tasks scheduled from follow-on schedule check
[2024-07-03T12:24:01.557+0000] {taskinstance.py:1159} INFO - Dependencies all met for dep_context=non-requeueable deps ti=<TaskInstance: reports_workflow.id_task_get_emails scheduled__2024-07-02T11:00:00+00:00 [queued]>
[2024-07-03T12:24:01.566+0000] {taskinstance.py:1159} INFO - Dependencies all met for dep_context=requeueable deps ti=<TaskInstance: reports_workflow.id_task_get_emails scheduled__2024-07-02T11:00:00+00:00 [queued]>
[2024-07-03T12:24:01.567+0000] {taskinstance.py:1361} INFO - Starting attempt 1 of 1
[2024-07-03T12:24:01.633+0000] {taskinstance.py:1382} INFO - Executing <Task(PythonOperator): id_task_get_emails> on 2024-07-02 11:00:00+00:00
[2024-07-03T12:24:01.638+0000] {standard_task_runner.py:57} INFO - Started process 24357 to run task
[2024-07-03T12:24:01.645+0000] {standard_task_runner.py:84} INFO - Running: ['***', 'tasks', 'run', 'reports_workflow', 'id_task_get_emails', 'scheduled__2024-07-02T11:00:00+00:00', '--job-id', '1147', '--raw', '--subdir', 'DAGS_FOLDER/dag_email_robot.py', '--cfg-path', '/tmp/tmpa585wozd']
[2024-07-03T12:24:01.646+0000] {standard_task_runner.py:85} INFO - Job 1147: Subtask id_task_get_emails
[2024-07-03T12:24:01.720+0000] {task_command.py:415} INFO - Running <TaskInstance: reports_workflow.id_task_get_emails scheduled__2024-07-02T11:00:00+00:00 [running]> on host 6f4ef5488251
[2024-07-03T12:24:01.831+0000] {taskinstance.py:1660} INFO - Exporting env vars: AIRFLOW_CTX_DAG_OWNER='FIRDAVS' AIRFLOW_CTX_DAG_ID='reports_workflow' AIRFLOW_CTX_TASK_ID='id_task_get_emails' AIRFLOW_CTX_EXECUTION_DATE='2024-07-02T11:00:00+00:00' AIRFLOW_CTX_TRY_NUMBER='1' AIRFLOW_CTX_DAG_RUN_ID='scheduled__2024-07-02T11:00:00+00:00'
[2024-07-03T12:24:01.832+0000] {logging_mixin.py:151} INFO - path of config file:  /opt/***
[2024-07-03T12:24:01.833+0000] {logging_mixin.py:151} INFO - #>2024-07-03 12:24:01.833069_User@StatDep: EmailRobot in screated.
[2024-07-03T12:24:01.833+0000] {logging_mixin.py:151} INFO - #>2024-07-03 12:24:01.833252_User@StatDep: get_for_recent_emails is started...
[2024-07-03T12:24:01.833+0000] {logging_mixin.py:151} INFO - #>2024-07-03 12:24:01.833385_User@StatDep: pop3_fetch_emails isstarted...
[2024-07-03T12:24:02.213+0000] {logging_mixin.py:151} INFO -    b'+OK'
[2024-07-03T12:24:02.749+0000] {logging_mixin.py:151} INFO -    mailbox have 0 emails and the robot can process 10
[2024-07-03T12:24:02.749+0000] {logging_mixin.py:151} INFO - #>2024-07-03 12:24:02.749332_User@StatDep: no emails to process, exiting pop3_fetch_emails()...
[2024-07-03T12:24:02.749+0000] {python.py:194} INFO - Done. Returned value was: True
[2024-07-03T12:24:02.779+0000] {taskinstance.py:1400} INFO - Marking task as SUCCESS. dag_id=reports_workflow, task_id=id_task_get_emails, execution_date=20240702T110000, start_date=20240703T122401, end_date=20240703T122402
[2024-07-03T12:24:02.823+0000] {local_task_job_runner.py:228} INFO - Task exited with return code 0
[2024-07-03T12:24:02.856+0000] {taskinstance.py:2784} INFO - 1 downstream tasks scheduled from follow-on schedule check
[2024-07-03T14:47:02.977+0000] {taskinstance.py:1159} INFO - Dependencies all met for dep_context=non-requeueable deps ti=<TaskInstance: reports_workflow.id_task_get_emails scheduled__2024-07-02T11:00:00+00:00 [queued]>
[2024-07-03T14:47:03.035+0000] {taskinstance.py:1159} INFO - Dependencies all met for dep_context=requeueable deps ti=<TaskInstance: reports_workflow.id_task_get_emails scheduled__2024-07-02T11:00:00+00:00 [queued]>
[2024-07-03T14:47:03.035+0000] {taskinstance.py:1361} INFO - Starting attempt 1 of 2
[2024-07-03T14:47:03.083+0000] {taskinstance.py:1382} INFO - Executing <Task(PythonOperator): id_task_get_emails> on 2024-07-02 11:00:00+00:00
[2024-07-03T14:47:03.088+0000] {standard_task_runner.py:57} INFO - Started process 28479 to run task
[2024-07-03T14:47:03.096+0000] {standard_task_runner.py:84} INFO - Running: ['***', 'tasks', 'run', 'reports_workflow', 'id_task_get_emails', 'scheduled__2024-07-02T11:00:00+00:00', '--job-id', '2123', '--raw', '--subdir', 'DAGS_FOLDER/dag_email_robot.py', '--cfg-path', '/tmp/tmpcha3jltq']
[2024-07-03T14:47:03.097+0000] {standard_task_runner.py:85} INFO - Job 2123: Subtask id_task_get_emails
[2024-07-03T14:47:03.218+0000] {task_command.py:415} INFO - Running <TaskInstance: reports_workflow.id_task_get_emails scheduled__2024-07-02T11:00:00+00:00 [running]> on host 6f4ef5488251
[2024-07-03T14:47:03.407+0000] {taskinstance.py:1660} INFO - Exporting env vars: AIRFLOW_CTX_DAG_OWNER='FIRDAVS' AIRFLOW_CTX_DAG_ID='reports_workflow' AIRFLOW_CTX_TASK_ID='id_task_get_emails' AIRFLOW_CTX_EXECUTION_DATE='2024-07-02T11:00:00+00:00' AIRFLOW_CTX_TRY_NUMBER='1' AIRFLOW_CTX_DAG_RUN_ID='scheduled__2024-07-02T11:00:00+00:00'
[2024-07-03T14:47:03.408+0000] {logging_mixin.py:151} INFO - path of config file:  /opt/***
[2024-07-03T14:47:03.409+0000] {logging_mixin.py:151} INFO - #>2024-07-03 14:47:03.409272_User@StatDep: EmailRobot in screated.
[2024-07-03T14:47:03.409+0000] {logging_mixin.py:151} INFO - #>2024-07-03 14:47:03.409450_User@StatDep: get_for_recent_emails is started...
[2024-07-03T14:47:03.409+0000] {logging_mixin.py:151} INFO - #>2024-07-03 14:47:03.409596_User@StatDep: pop3_fetch_emails isstarted...
[2024-07-03T14:47:03.780+0000] {logging_mixin.py:151} INFO -    b'+OK'
[2024-07-03T14:47:04.126+0000] {logging_mixin.py:151} INFO -    mailbox have 0 emails and the robot can process 10
[2024-07-03T14:47:04.127+0000] {logging_mixin.py:151} INFO - #>2024-07-03 14:47:04.127242_User@StatDep: no emails to process, exiting pop3_fetch_emails()...
[2024-07-03T14:47:04.127+0000] {python.py:194} INFO - Done. Returned value was: True
[2024-07-03T14:47:04.177+0000] {taskinstance.py:1400} INFO - Marking task as SUCCESS. dag_id=reports_workflow, task_id=id_task_get_emails, execution_date=20240702T110000, start_date=20240703T144703, end_date=20240703T144704
[2024-07-03T14:47:04.223+0000] {local_task_job_runner.py:228} INFO - Task exited with return code 0
[2024-07-03T14:47:04.284+0000] {taskinstance.py:2784} INFO - 1 downstream tasks scheduled from follow-on schedule check
