[2024-07-03T09:59:29.582+0000] {taskinstance.py:1159} INFO - Dependencies all met for dep_context=non-requeueable deps ti=<TaskInstance: reports_workflow.id_task_get_emails scheduled__2024-07-03T04:40:00+00:00 [queued]>
[2024-07-03T09:59:29.623+0000] {taskinstance.py:1159} INFO - Dependencies all met for dep_context=requeueable deps ti=<TaskInstance: reports_workflow.id_task_get_emails scheduled__2024-07-03T04:40:00+00:00 [queued]>
[2024-07-03T09:59:29.629+0000] {taskinstance.py:1361} INFO - Starting attempt 1 of 1
[2024-07-03T09:59:29.712+0000] {taskinstance.py:1382} INFO - Executing <Task(PythonOperator): id_task_get_emails> on 2024-07-03 04:40:00+00:00
[2024-07-03T09:59:29.730+0000] {standard_task_runner.py:57} INFO - Started process 21052 to run task
[2024-07-03T09:59:29.750+0000] {standard_task_runner.py:84} INFO - Running: ['***', 'tasks', 'run', 'reports_workflow', 'id_task_get_emails', 'scheduled__2024-07-03T04:40:00+00:00', '--job-id', '592', '--raw', '--subdir', 'DAGS_FOLDER/dag_email_robot.py', '--cfg-path', '/tmp/tmpi13hqr4l']
[2024-07-03T09:59:29.751+0000] {standard_task_runner.py:85} INFO - Job 592: Subtask id_task_get_emails
[2024-07-03T09:59:29.919+0000] {task_command.py:415} INFO - Running <TaskInstance: reports_workflow.id_task_get_emails scheduled__2024-07-03T04:40:00+00:00 [running]> on host 6f4ef5488251
[2024-07-03T09:59:30.186+0000] {taskinstance.py:1660} INFO - Exporting env vars: AIRFLOW_CTX_DAG_OWNER='FIRDAVS' AIRFLOW_CTX_DAG_ID='reports_workflow' AIRFLOW_CTX_TASK_ID='id_task_get_emails' AIRFLOW_CTX_EXECUTION_DATE='2024-07-03T04:40:00+00:00' AIRFLOW_CTX_TRY_NUMBER='1' AIRFLOW_CTX_DAG_RUN_ID='scheduled__2024-07-03T04:40:00+00:00'
[2024-07-03T09:59:30.187+0000] {logging_mixin.py:151} INFO - path of config file:  /opt/***
[2024-07-03T09:59:30.188+0000] {logging_mixin.py:151} INFO - #>2024-07-03 09:59:30.188186_User@StatDep: EmailRobot in screated.
[2024-07-03T09:59:30.188+0000] {logging_mixin.py:151} INFO - #>2024-07-03 09:59:30.188387_User@StatDep: get_for_recent_emails is started...
[2024-07-03T09:59:30.188+0000] {logging_mixin.py:151} INFO - #>2024-07-03 09:59:30.188514_User@StatDep: pop3_fetch_emails isstarted...
[2024-07-03T09:59:30.562+0000] {logging_mixin.py:151} INFO -    b'+OK'
[2024-07-03T09:59:30.878+0000] {logging_mixin.py:151} INFO -    mailbox have 0 emails and the robot can process 10
[2024-07-03T09:59:30.878+0000] {logging_mixin.py:151} INFO - #>2024-07-03 09:59:30.878571_User@StatDep: no emails to process, exiting pop3_fetch_emails()...
[2024-07-03T09:59:30.879+0000] {python.py:194} INFO - Done. Returned value was: True
[2024-07-03T09:59:30.904+0000] {taskinstance.py:1400} INFO - Marking task as SUCCESS. dag_id=reports_workflow, task_id=id_task_get_emails, execution_date=20240703T044000, start_date=20240703T095929, end_date=20240703T095930
[2024-07-03T09:59:30.961+0000] {local_task_job_runner.py:228} INFO - Task exited with return code 0
[2024-07-03T09:59:30.976+0000] {taskinstance.py:2784} INFO - 0 downstream tasks scheduled from follow-on schedule check
[2024-07-03T13:40:09.190+0000] {taskinstance.py:1159} INFO - Dependencies all met for dep_context=non-requeueable deps ti=<TaskInstance: reports_workflow.id_task_get_emails scheduled__2024-07-03T04:40:00+00:00 [queued]>
[2024-07-03T13:40:09.226+0000] {taskinstance.py:1159} INFO - Dependencies all met for dep_context=requeueable deps ti=<TaskInstance: reports_workflow.id_task_get_emails scheduled__2024-07-03T04:40:00+00:00 [queued]>
[2024-07-03T13:40:09.227+0000] {taskinstance.py:1361} INFO - Starting attempt 1 of 1
[2024-07-03T13:40:09.250+0000] {taskinstance.py:1382} INFO - Executing <Task(PythonOperator): id_task_get_emails> on 2024-07-03 04:40:00+00:00
[2024-07-03T13:40:09.255+0000] {standard_task_runner.py:57} INFO - Started process 26356 to run task
[2024-07-03T13:40:09.261+0000] {standard_task_runner.py:84} INFO - Running: ['***', 'tasks', 'run', 'reports_workflow', 'id_task_get_emails', 'scheduled__2024-07-03T04:40:00+00:00', '--job-id', '1570', '--raw', '--subdir', 'DAGS_FOLDER/dag_email_robot.py', '--cfg-path', '/tmp/tmp6r7k9etf']
[2024-07-03T13:40:09.269+0000] {standard_task_runner.py:85} INFO - Job 1570: Subtask id_task_get_emails
[2024-07-03T13:40:09.331+0000] {task_command.py:415} INFO - Running <TaskInstance: reports_workflow.id_task_get_emails scheduled__2024-07-03T04:40:00+00:00 [running]> on host 6f4ef5488251
[2024-07-03T13:40:09.450+0000] {taskinstance.py:1660} INFO - Exporting env vars: AIRFLOW_CTX_DAG_OWNER='FIRDAVS' AIRFLOW_CTX_DAG_ID='reports_workflow' AIRFLOW_CTX_TASK_ID='id_task_get_emails' AIRFLOW_CTX_EXECUTION_DATE='2024-07-03T04:40:00+00:00' AIRFLOW_CTX_TRY_NUMBER='1' AIRFLOW_CTX_DAG_RUN_ID='scheduled__2024-07-03T04:40:00+00:00'
[2024-07-03T13:40:09.453+0000] {logging_mixin.py:151} INFO - path of config file:  /opt/***
[2024-07-03T13:40:09.454+0000] {logging_mixin.py:151} INFO - #>2024-07-03 13:40:09.454034_User@StatDep: EmailRobot in screated.
[2024-07-03T13:40:09.454+0000] {logging_mixin.py:151} INFO - #>2024-07-03 13:40:09.454226_User@StatDep: get_for_recent_emails is started...
[2024-07-03T13:40:09.454+0000] {logging_mixin.py:151} INFO - #>2024-07-03 13:40:09.454382_User@StatDep: pop3_fetch_emails isstarted...
[2024-07-03T13:40:09.874+0000] {logging_mixin.py:151} INFO -    b'+OK'
[2024-07-03T13:40:10.254+0000] {logging_mixin.py:151} INFO -    mailbox have 0 emails and the robot can process 10
[2024-07-03T13:40:10.254+0000] {logging_mixin.py:151} INFO - #>2024-07-03 13:40:10.254825_User@StatDep: no emails to process, exiting pop3_fetch_emails()...
[2024-07-03T13:40:10.255+0000] {python.py:194} INFO - Done. Returned value was: True
[2024-07-03T13:40:10.306+0000] {taskinstance.py:1400} INFO - Marking task as SUCCESS. dag_id=reports_workflow, task_id=id_task_get_emails, execution_date=20240703T044000, start_date=20240703T134009, end_date=20240703T134010
[2024-07-03T13:40:10.329+0000] {local_task_job_runner.py:228} INFO - Task exited with return code 0
[2024-07-03T13:40:10.364+0000] {taskinstance.py:2784} INFO - 1 downstream tasks scheduled from follow-on schedule check
