[2024-07-03T09:58:09.525+0000] {taskinstance.py:1159} INFO - Dependencies all met for dep_context=non-requeueable deps ti=<TaskInstance: reports_workflow.id_task_get_emails scheduled__2024-07-02T15:50:00+00:00 [queued]>
[2024-07-03T09:58:09.533+0000] {taskinstance.py:1159} INFO - Dependencies all met for dep_context=requeueable deps ti=<TaskInstance: reports_workflow.id_task_get_emails scheduled__2024-07-02T15:50:00+00:00 [queued]>
[2024-07-03T09:58:09.533+0000] {taskinstance.py:1361} INFO - Starting attempt 1 of 1
[2024-07-03T09:58:09.644+0000] {taskinstance.py:1382} INFO - Executing <Task(PythonOperator): id_task_get_emails> on 2024-07-02 15:50:00+00:00
[2024-07-03T09:58:09.655+0000] {standard_task_runner.py:57} INFO - Started process 20720 to run task
[2024-07-03T09:58:09.683+0000] {standard_task_runner.py:84} INFO - Running: ['***', 'tasks', 'run', 'reports_workflow', 'id_task_get_emails', 'scheduled__2024-07-02T15:50:00+00:00', '--job-id', '435', '--raw', '--subdir', 'DAGS_FOLDER/dag_email_robot.py', '--cfg-path', '/tmp/tmpjtcbduc7']
[2024-07-03T09:58:09.684+0000] {standard_task_runner.py:85} INFO - Job 435: Subtask id_task_get_emails
[2024-07-03T09:58:09.763+0000] {task_command.py:415} INFO - Running <TaskInstance: reports_workflow.id_task_get_emails scheduled__2024-07-02T15:50:00+00:00 [running]> on host 6f4ef5488251
[2024-07-03T09:58:09.944+0000] {taskinstance.py:1660} INFO - Exporting env vars: AIRFLOW_CTX_DAG_OWNER='FIRDAVS' AIRFLOW_CTX_DAG_ID='reports_workflow' AIRFLOW_CTX_TASK_ID='id_task_get_emails' AIRFLOW_CTX_EXECUTION_DATE='2024-07-02T15:50:00+00:00' AIRFLOW_CTX_TRY_NUMBER='1' AIRFLOW_CTX_DAG_RUN_ID='scheduled__2024-07-02T15:50:00+00:00'
[2024-07-03T09:58:09.944+0000] {logging_mixin.py:151} INFO - path of config file:  /opt/***
[2024-07-03T09:58:09.945+0000] {logging_mixin.py:151} INFO - #>2024-07-03 09:58:09.945403_User@StatDep: EmailRobot in screated.
[2024-07-03T09:58:09.945+0000] {logging_mixin.py:151} INFO - #>2024-07-03 09:58:09.945561_User@StatDep: get_for_recent_emails is started...
[2024-07-03T09:58:09.945+0000] {logging_mixin.py:151} INFO - #>2024-07-03 09:58:09.945675_User@StatDep: pop3_fetch_emails isstarted...
[2024-07-03T09:58:10.366+0000] {logging_mixin.py:151} INFO -    b'+OK'
[2024-07-03T09:58:10.751+0000] {logging_mixin.py:151} INFO -    mailbox have 0 emails and the robot can process 10
[2024-07-03T09:58:10.752+0000] {logging_mixin.py:151} INFO - #>2024-07-03 09:58:10.752214_User@StatDep: no emails to process, exiting pop3_fetch_emails()...
[2024-07-03T09:58:10.753+0000] {python.py:194} INFO - Done. Returned value was: True
[2024-07-03T09:58:10.916+0000] {taskinstance.py:1400} INFO - Marking task as SUCCESS. dag_id=reports_workflow, task_id=id_task_get_emails, execution_date=20240702T155000, start_date=20240703T095809, end_date=20240703T095810
[2024-07-03T09:58:11.149+0000] {local_task_job_runner.py:228} INFO - Task exited with return code 0
[2024-07-03T09:58:11.229+0000] {taskinstance.py:2784} INFO - 0 downstream tasks scheduled from follow-on schedule check
[2024-07-03T12:05:34.825+0000] {taskinstance.py:1159} INFO - Dependencies all met for dep_context=non-requeueable deps ti=<TaskInstance: reports_workflow.id_task_get_emails scheduled__2024-07-02T15:50:00+00:00 [queued]>
[2024-07-03T12:05:34.836+0000] {taskinstance.py:1159} INFO - Dependencies all met for dep_context=requeueable deps ti=<TaskInstance: reports_workflow.id_task_get_emails scheduled__2024-07-02T15:50:00+00:00 [queued]>
[2024-07-03T12:05:34.836+0000] {taskinstance.py:1361} INFO - Starting attempt 1 of 1
[2024-07-03T12:05:34.848+0000] {taskinstance.py:1382} INFO - Executing <Task(PythonOperator): id_task_get_emails> on 2024-07-02 15:50:00+00:00
[2024-07-03T12:05:34.857+0000] {standard_task_runner.py:57} INFO - Started process 23539 to run task
[2024-07-03T12:05:34.864+0000] {standard_task_runner.py:84} INFO - Running: ['***', 'tasks', 'run', 'reports_workflow', 'id_task_get_emails', 'scheduled__2024-07-02T15:50:00+00:00', '--job-id', '876', '--raw', '--subdir', 'DAGS_FOLDER/dag_email_robot.py', '--cfg-path', '/tmp/tmpyvi1oli_']
[2024-07-03T12:05:34.865+0000] {standard_task_runner.py:85} INFO - Job 876: Subtask id_task_get_emails
[2024-07-03T12:05:34.963+0000] {task_command.py:415} INFO - Running <TaskInstance: reports_workflow.id_task_get_emails scheduled__2024-07-02T15:50:00+00:00 [running]> on host 6f4ef5488251
[2024-07-03T12:05:35.070+0000] {taskinstance.py:1660} INFO - Exporting env vars: AIRFLOW_CTX_DAG_OWNER='FIRDAVS' AIRFLOW_CTX_DAG_ID='reports_workflow' AIRFLOW_CTX_TASK_ID='id_task_get_emails' AIRFLOW_CTX_EXECUTION_DATE='2024-07-02T15:50:00+00:00' AIRFLOW_CTX_TRY_NUMBER='1' AIRFLOW_CTX_DAG_RUN_ID='scheduled__2024-07-02T15:50:00+00:00'
[2024-07-03T12:05:35.071+0000] {logging_mixin.py:151} INFO - path of config file:  /opt/***
[2024-07-03T12:05:35.072+0000] {logging_mixin.py:151} INFO - #>2024-07-03 12:05:35.072013_User@StatDep: EmailRobot in screated.
[2024-07-03T12:05:35.072+0000] {logging_mixin.py:151} INFO - #>2024-07-03 12:05:35.072196_User@StatDep: get_for_recent_emails is started...
[2024-07-03T12:05:35.072+0000] {logging_mixin.py:151} INFO - #>2024-07-03 12:05:35.072325_User@StatDep: pop3_fetch_emails isstarted...
[2024-07-03T12:05:35.466+0000] {logging_mixin.py:151} INFO -    b'+OK'
[2024-07-03T12:05:35.890+0000] {logging_mixin.py:151} INFO -    mailbox have 1 emails and the robot can process 10
[2024-07-03T12:05:36.298+0000] {logging_mixin.py:151} INFO -    #>2024-07-03 12:05:36.298180_conneciton to db is set.
[2024-07-03T12:05:36.306+0000] {taskinstance.py:1943} ERROR - Task failed with exception
Traceback (most recent call last):
  File "/home/airflow/.local/lib/python3.8/site-packages/airflow/operators/python.py", line 192, in execute
    return_value = self.execute_callable()
  File "/home/airflow/.local/lib/python3.8/site-packages/airflow/operators/python.py", line 209, in execute_callable
    return self.python_callable(*self.op_args, **self.op_kwargs)
  File "/opt/airflow/dags/dag_email_robot.py", line 25, in get_emails
    robot.fetch_emails()
  File "/opt/airflow/dags/emailRobot.py", line 62, in fetch_emails
    return self.pop3_fetch_emails()
  File "/opt/airflow/dags/emailRobot.py", line 156, in pop3_fetch_emails
    cursor.execute (query, insert_values)
psycopg2.errors.UndefinedTable: relation "sma_stat_dep.tbl_file_upload" does not exist
LINE 1: ...) AS (INSERT INTO                                 sma_stat_d...
                                                             ^

[2024-07-03T12:05:36.319+0000] {taskinstance.py:1400} INFO - Marking task as FAILED. dag_id=reports_workflow, task_id=id_task_get_emails, execution_date=20240702T155000, start_date=20240703T120534, end_date=20240703T120536
[2024-07-03T12:05:36.330+0000] {standard_task_runner.py:104} ERROR - Failed to execute job 876 for task id_task_get_emails (relation "sma_stat_dep.tbl_file_upload" does not exist
LINE 1: ...) AS (INSERT INTO                                 sma_stat_d...
                                                             ^
; 23539)
[2024-07-03T12:05:36.340+0000] {local_task_job_runner.py:228} INFO - Task exited with return code 1
[2024-07-03T12:05:36.373+0000] {taskinstance.py:2784} INFO - 0 downstream tasks scheduled from follow-on schedule check
[2024-07-03T12:27:33.927+0000] {taskinstance.py:1159} INFO - Dependencies all met for dep_context=non-requeueable deps ti=<TaskInstance: reports_workflow.id_task_get_emails scheduled__2024-07-02T15:50:00+00:00 [queued]>
[2024-07-03T12:27:33.960+0000] {taskinstance.py:1159} INFO - Dependencies all met for dep_context=requeueable deps ti=<TaskInstance: reports_workflow.id_task_get_emails scheduled__2024-07-02T15:50:00+00:00 [queued]>
[2024-07-03T12:27:33.961+0000] {taskinstance.py:1361} INFO - Starting attempt 1 of 1
[2024-07-03T12:27:33.973+0000] {taskinstance.py:1382} INFO - Executing <Task(PythonOperator): id_task_get_emails> on 2024-07-02 15:50:00+00:00
[2024-07-03T12:27:33.980+0000] {standard_task_runner.py:57} INFO - Started process 24641 to run task
[2024-07-03T12:27:33.985+0000] {standard_task_runner.py:84} INFO - Running: ['***', 'tasks', 'run', 'reports_workflow', 'id_task_get_emails', 'scheduled__2024-07-02T15:50:00+00:00', '--job-id', '1263', '--raw', '--subdir', 'DAGS_FOLDER/dag_email_robot.py', '--cfg-path', '/tmp/tmpm303nrmd']
[2024-07-03T12:27:33.987+0000] {standard_task_runner.py:85} INFO - Job 1263: Subtask id_task_get_emails
[2024-07-03T12:27:34.042+0000] {task_command.py:415} INFO - Running <TaskInstance: reports_workflow.id_task_get_emails scheduled__2024-07-02T15:50:00+00:00 [running]> on host 6f4ef5488251
[2024-07-03T12:27:34.128+0000] {taskinstance.py:1660} INFO - Exporting env vars: AIRFLOW_CTX_DAG_OWNER='FIRDAVS' AIRFLOW_CTX_DAG_ID='reports_workflow' AIRFLOW_CTX_TASK_ID='id_task_get_emails' AIRFLOW_CTX_EXECUTION_DATE='2024-07-02T15:50:00+00:00' AIRFLOW_CTX_TRY_NUMBER='1' AIRFLOW_CTX_DAG_RUN_ID='scheduled__2024-07-02T15:50:00+00:00'
[2024-07-03T12:27:34.129+0000] {logging_mixin.py:151} INFO - path of config file:  /opt/***
[2024-07-03T12:27:34.130+0000] {logging_mixin.py:151} INFO - #>2024-07-03 12:27:34.130396_User@StatDep: EmailRobot in screated.
[2024-07-03T12:27:34.130+0000] {logging_mixin.py:151} INFO - #>2024-07-03 12:27:34.130602_User@StatDep: get_for_recent_emails is started...
[2024-07-03T12:27:34.130+0000] {logging_mixin.py:151} INFO - #>2024-07-03 12:27:34.130738_User@StatDep: pop3_fetch_emails isstarted...
[2024-07-03T12:27:34.563+0000] {logging_mixin.py:151} INFO -    b'+OK'
[2024-07-03T12:27:34.936+0000] {logging_mixin.py:151} INFO -    mailbox have 0 emails and the robot can process 10
[2024-07-03T12:27:34.936+0000] {logging_mixin.py:151} INFO - #>2024-07-03 12:27:34.936935_User@StatDep: no emails to process, exiting pop3_fetch_emails()...
[2024-07-03T12:27:34.937+0000] {python.py:194} INFO - Done. Returned value was: True
[2024-07-03T12:27:34.974+0000] {taskinstance.py:1400} INFO - Marking task as SUCCESS. dag_id=reports_workflow, task_id=id_task_get_emails, execution_date=20240702T155000, start_date=20240703T122733, end_date=20240703T122734
[2024-07-03T12:27:35.079+0000] {local_task_job_runner.py:228} INFO - Task exited with return code 0
[2024-07-03T12:27:35.100+0000] {taskinstance.py:2784} INFO - 1 downstream tasks scheduled from follow-on schedule check
