[2024-07-04T11:55:01.069+0000] {taskinstance.py:1159} INFO - Dependencies all met for dep_context=non-requeueable deps ti=<TaskInstance: reports_workflow.id_task_get_emails scheduled__2024-07-04T11:50:00+00:00 [queued]>
[2024-07-04T11:55:01.079+0000] {taskinstance.py:1159} INFO - Dependencies all met for dep_context=requeueable deps ti=<TaskInstance: reports_workflow.id_task_get_emails scheduled__2024-07-04T11:50:00+00:00 [queued]>
[2024-07-04T11:55:01.079+0000] {taskinstance.py:1361} INFO - Starting attempt 1 of 2
[2024-07-04T11:55:01.094+0000] {taskinstance.py:1382} INFO - Executing <Task(PythonOperator): id_task_get_emails> on 2024-07-04 11:50:00+00:00
[2024-07-04T11:55:01.099+0000] {standard_task_runner.py:57} INFO - Started process 48955 to run task
[2024-07-04T11:55:01.109+0000] {standard_task_runner.py:84} INFO - Running: ['***', 'tasks', 'run', 'reports_workflow', 'id_task_get_emails', 'scheduled__2024-07-04T11:50:00+00:00', '--job-id', '2674', '--raw', '--subdir', 'DAGS_FOLDER/dag_email_robot.py', '--cfg-path', '/tmp/tmpuecfad52']
[2024-07-04T11:55:01.111+0000] {standard_task_runner.py:85} INFO - Job 2674: Subtask id_task_get_emails
[2024-07-04T11:55:01.189+0000] {task_command.py:415} INFO - Running <TaskInstance: reports_workflow.id_task_get_emails scheduled__2024-07-04T11:50:00+00:00 [running]> on host 6f4ef5488251
[2024-07-04T11:55:01.301+0000] {taskinstance.py:1660} INFO - Exporting env vars: AIRFLOW_CTX_DAG_OWNER='FIRDAVS' AIRFLOW_CTX_DAG_ID='reports_workflow' AIRFLOW_CTX_TASK_ID='id_task_get_emails' AIRFLOW_CTX_EXECUTION_DATE='2024-07-04T11:50:00+00:00' AIRFLOW_CTX_TRY_NUMBER='1' AIRFLOW_CTX_DAG_RUN_ID='scheduled__2024-07-04T11:50:00+00:00'
[2024-07-04T11:55:01.302+0000] {logging_mixin.py:151} INFO - path of config file:  /opt/***
[2024-07-04T11:55:01.303+0000] {logging_mixin.py:151} INFO - #>2024-07-04 11:55:01.303511_User@StatDep: EmailRobot in screated.
[2024-07-04T11:55:01.303+0000] {logging_mixin.py:151} INFO - #>2024-07-04 11:55:01.303765_User@StatDep: get_for_recent_emails is started...
[2024-07-04T11:55:01.303+0000] {logging_mixin.py:151} INFO - #>2024-07-04 11:55:01.303934_User@StatDep: pop3_fetch_emails isstarted...
[2024-07-04T11:55:01.835+0000] {logging_mixin.py:151} INFO -    b'+OK'
[2024-07-04T11:55:02.219+0000] {logging_mixin.py:151} INFO -    mailbox have 0 emails and the robot can process 10
[2024-07-04T11:55:02.219+0000] {logging_mixin.py:151} INFO - #>2024-07-04 11:55:02.219799_User@StatDep: no emails to process, exiting pop3_fetch_emails()...
[2024-07-04T11:55:02.221+0000] {python.py:194} INFO - Done. Returned value was: True
[2024-07-04T11:55:02.261+0000] {taskinstance.py:1400} INFO - Marking task as SUCCESS. dag_id=reports_workflow, task_id=id_task_get_emails, execution_date=20240704T115000, start_date=20240704T115501, end_date=20240704T115502
[2024-07-04T11:55:02.279+0000] {local_task_job_runner.py:228} INFO - Task exited with return code 0
[2024-07-04T11:55:02.307+0000] {taskinstance.py:2784} INFO - 1 downstream tasks scheduled from follow-on schedule check
[2024-07-04T12:24:13.863+0000] {taskinstance.py:1159} INFO - Dependencies all met for dep_context=non-requeueable deps ti=<TaskInstance: reports_workflow.id_task_get_emails scheduled__2024-07-04T11:50:00+00:00 [queued]>
[2024-07-04T12:24:13.894+0000] {taskinstance.py:1159} INFO - Dependencies all met for dep_context=requeueable deps ti=<TaskInstance: reports_workflow.id_task_get_emails scheduled__2024-07-04T11:50:00+00:00 [queued]>
[2024-07-04T12:24:13.894+0000] {taskinstance.py:1361} INFO - Starting attempt 1 of 2
[2024-07-04T12:24:13.948+0000] {taskinstance.py:1382} INFO - Executing <Task(PythonOperator): id_task_get_emails> on 2024-07-04 11:50:00+00:00
[2024-07-04T12:24:13.978+0000] {standard_task_runner.py:57} INFO - Started process 49458 to run task
[2024-07-04T12:24:13.992+0000] {standard_task_runner.py:84} INFO - Running: ['***', 'tasks', 'run', 'reports_workflow', 'id_task_get_emails', 'scheduled__2024-07-04T11:50:00+00:00', '--job-id', '2694', '--raw', '--subdir', 'DAGS_FOLDER/dag_email_robot.py', '--cfg-path', '/tmp/tmpiapul32f']
[2024-07-04T12:24:14.015+0000] {standard_task_runner.py:85} INFO - Job 2694: Subtask id_task_get_emails
[2024-07-04T12:24:14.190+0000] {task_command.py:415} INFO - Running <TaskInstance: reports_workflow.id_task_get_emails scheduled__2024-07-04T11:50:00+00:00 [running]> on host 6f4ef5488251
[2024-07-04T12:24:14.304+0000] {taskinstance.py:1660} INFO - Exporting env vars: AIRFLOW_CTX_DAG_OWNER='FIRDAVS' AIRFLOW_CTX_DAG_ID='reports_workflow' AIRFLOW_CTX_TASK_ID='id_task_get_emails' AIRFLOW_CTX_EXECUTION_DATE='2024-07-04T11:50:00+00:00' AIRFLOW_CTX_TRY_NUMBER='1' AIRFLOW_CTX_DAG_RUN_ID='scheduled__2024-07-04T11:50:00+00:00'
[2024-07-04T12:24:14.305+0000] {logging_mixin.py:151} INFO - path of config file:  /opt/***
[2024-07-04T12:24:14.305+0000] {logging_mixin.py:151} INFO - #>2024-07-04 12:24:14.305928_User@StatDep: EmailRobot in screated.
[2024-07-04T12:24:14.306+0000] {logging_mixin.py:151} INFO - #>2024-07-04 12:24:14.306117_User@StatDep: get_for_recent_emails is started...
[2024-07-04T12:24:14.306+0000] {logging_mixin.py:151} INFO - #>2024-07-04 12:24:14.306263_User@StatDep: pop3_fetch_emails isstarted...
[2024-07-04T12:24:14.702+0000] {logging_mixin.py:151} INFO -    b'+OK'
[2024-07-04T12:24:15.045+0000] {logging_mixin.py:151} INFO -    mailbox have 0 emails and the robot can process 10
[2024-07-04T12:24:15.045+0000] {logging_mixin.py:151} INFO - #>2024-07-04 12:24:15.045849_User@StatDep: no emails to process, exiting pop3_fetch_emails()...
[2024-07-04T12:24:15.046+0000] {python.py:194} INFO - Done. Returned value was: True
[2024-07-04T12:24:15.093+0000] {taskinstance.py:1400} INFO - Marking task as SUCCESS. dag_id=reports_workflow, task_id=id_task_get_emails, execution_date=20240704T115000, start_date=20240704T122413, end_date=20240704T122415
[2024-07-04T12:24:15.133+0000] {local_task_job_runner.py:228} INFO - Task exited with return code 0
[2024-07-04T12:24:15.179+0000] {taskinstance.py:2784} INFO - 1 downstream tasks scheduled from follow-on schedule check
[2024-07-04T12:26:08.561+0000] {taskinstance.py:1159} INFO - Dependencies all met for dep_context=non-requeueable deps ti=<TaskInstance: reports_workflow.id_task_get_emails scheduled__2024-07-04T11:50:00+00:00 [queued]>
[2024-07-04T12:26:08.586+0000] {taskinstance.py:1159} INFO - Dependencies all met for dep_context=requeueable deps ti=<TaskInstance: reports_workflow.id_task_get_emails scheduled__2024-07-04T11:50:00+00:00 [queued]>
[2024-07-04T12:26:08.586+0000] {taskinstance.py:1361} INFO - Starting attempt 1 of 2
[2024-07-04T12:26:08.622+0000] {taskinstance.py:1382} INFO - Executing <Task(PythonOperator): id_task_get_emails> on 2024-07-04 11:50:00+00:00
[2024-07-04T12:26:08.633+0000] {standard_task_runner.py:57} INFO - Started process 49601 to run task
[2024-07-04T12:26:08.653+0000] {standard_task_runner.py:84} INFO - Running: ['***', 'tasks', 'run', 'reports_workflow', 'id_task_get_emails', 'scheduled__2024-07-04T11:50:00+00:00', '--job-id', '2732', '--raw', '--subdir', 'DAGS_FOLDER/dag_email_robot.py', '--cfg-path', '/tmp/tmpa62yqdc9']
[2024-07-04T12:26:08.668+0000] {standard_task_runner.py:85} INFO - Job 2732: Subtask id_task_get_emails
[2024-07-04T12:26:08.856+0000] {task_command.py:415} INFO - Running <TaskInstance: reports_workflow.id_task_get_emails scheduled__2024-07-04T11:50:00+00:00 [running]> on host 6f4ef5488251
[2024-07-04T12:26:09.106+0000] {taskinstance.py:1660} INFO - Exporting env vars: AIRFLOW_CTX_DAG_OWNER='FIRDAVS' AIRFLOW_CTX_DAG_ID='reports_workflow' AIRFLOW_CTX_TASK_ID='id_task_get_emails' AIRFLOW_CTX_EXECUTION_DATE='2024-07-04T11:50:00+00:00' AIRFLOW_CTX_TRY_NUMBER='1' AIRFLOW_CTX_DAG_RUN_ID='scheduled__2024-07-04T11:50:00+00:00'
[2024-07-04T12:26:09.108+0000] {logging_mixin.py:151} INFO - path of config file:  /opt/***
[2024-07-04T12:26:09.108+0000] {logging_mixin.py:151} INFO - #>2024-07-04 12:26:09.108748_User@StatDep: EmailRobot in screated.
[2024-07-04T12:26:09.108+0000] {logging_mixin.py:151} INFO - #>2024-07-04 12:26:09.108950_User@StatDep: get_for_recent_emails is started...
[2024-07-04T12:26:09.109+0000] {logging_mixin.py:151} INFO - #>2024-07-04 12:26:09.109095_User@StatDep: pop3_fetch_emails isstarted...
[2024-07-04T12:26:09.494+0000] {logging_mixin.py:151} INFO -    b'+OK'
[2024-07-04T12:26:09.798+0000] {logging_mixin.py:151} INFO -    mailbox have 0 emails and the robot can process 10
[2024-07-04T12:26:09.799+0000] {logging_mixin.py:151} INFO - #>2024-07-04 12:26:09.799215_User@StatDep: no emails to process, exiting pop3_fetch_emails()...
[2024-07-04T12:26:09.799+0000] {python.py:194} INFO - Done. Returned value was: True
[2024-07-04T12:26:09.867+0000] {taskinstance.py:1400} INFO - Marking task as SUCCESS. dag_id=reports_workflow, task_id=id_task_get_emails, execution_date=20240704T115000, start_date=20240704T122608, end_date=20240704T122609
[2024-07-04T12:26:09.910+0000] {local_task_job_runner.py:228} INFO - Task exited with return code 0
[2024-07-04T12:26:10.014+0000] {taskinstance.py:2784} INFO - 1 downstream tasks scheduled from follow-on schedule check
