[2024-07-03T09:59:45.164+0000] {taskinstance.py:1159} INFO - Dependencies all met for dep_context=non-requeueable deps ti=<TaskInstance: reports_workflow.id_task_get_emails scheduled__2024-07-03T06:30:00+00:00 [queued]>
[2024-07-03T09:59:45.179+0000] {taskinstance.py:1159} INFO - Dependencies all met for dep_context=requeueable deps ti=<TaskInstance: reports_workflow.id_task_get_emails scheduled__2024-07-03T06:30:00+00:00 [queued]>
[2024-07-03T09:59:45.179+0000] {taskinstance.py:1361} INFO - Starting attempt 1 of 1
[2024-07-03T09:59:45.206+0000] {taskinstance.py:1382} INFO - Executing <Task(PythonOperator): id_task_get_emails> on 2024-07-03 06:30:00+00:00
[2024-07-03T09:59:45.210+0000] {standard_task_runner.py:57} INFO - Started process 21097 to run task
[2024-07-03T09:59:45.218+0000] {standard_task_runner.py:84} INFO - Running: ['***', 'tasks', 'run', 'reports_workflow', 'id_task_get_emails', 'scheduled__2024-07-03T06:30:00+00:00', '--job-id', '612', '--raw', '--subdir', 'DAGS_FOLDER/dag_email_robot.py', '--cfg-path', '/tmp/tmpicsz53vb']
[2024-07-03T09:59:45.222+0000] {standard_task_runner.py:85} INFO - Job 612: Subtask id_task_get_emails
[2024-07-03T09:59:45.316+0000] {task_command.py:415} INFO - Running <TaskInstance: reports_workflow.id_task_get_emails scheduled__2024-07-03T06:30:00+00:00 [running]> on host 6f4ef5488251
[2024-07-03T09:59:45.445+0000] {taskinstance.py:1660} INFO - Exporting env vars: AIRFLOW_CTX_DAG_OWNER='FIRDAVS' AIRFLOW_CTX_DAG_ID='reports_workflow' AIRFLOW_CTX_TASK_ID='id_task_get_emails' AIRFLOW_CTX_EXECUTION_DATE='2024-07-03T06:30:00+00:00' AIRFLOW_CTX_TRY_NUMBER='1' AIRFLOW_CTX_DAG_RUN_ID='scheduled__2024-07-03T06:30:00+00:00'
[2024-07-03T09:59:45.446+0000] {logging_mixin.py:151} INFO - path of config file:  /opt/***
[2024-07-03T09:59:45.447+0000] {logging_mixin.py:151} INFO - #>2024-07-03 09:59:45.447272_User@StatDep: EmailRobot in screated.
[2024-07-03T09:59:45.448+0000] {logging_mixin.py:151} INFO - #>2024-07-03 09:59:45.447886_User@StatDep: get_for_recent_emails is started...
[2024-07-03T09:59:45.449+0000] {logging_mixin.py:151} INFO - #>2024-07-03 09:59:45.449771_User@StatDep: pop3_fetch_emails isstarted...
[2024-07-03T09:59:45.869+0000] {logging_mixin.py:151} INFO -    b'+OK'
[2024-07-03T09:59:46.150+0000] {logging_mixin.py:151} INFO -    mailbox have 0 emails and the robot can process 10
[2024-07-03T09:59:46.151+0000] {logging_mixin.py:151} INFO - #>2024-07-03 09:59:46.150919_User@StatDep: no emails to process, exiting pop3_fetch_emails()...
[2024-07-03T09:59:46.151+0000] {python.py:194} INFO - Done. Returned value was: True
[2024-07-03T09:59:46.191+0000] {taskinstance.py:1400} INFO - Marking task as SUCCESS. dag_id=reports_workflow, task_id=id_task_get_emails, execution_date=20240703T063000, start_date=20240703T095945, end_date=20240703T095946
[2024-07-03T09:59:46.239+0000] {local_task_job_runner.py:228} INFO - Task exited with return code 0
[2024-07-03T09:59:46.266+0000] {taskinstance.py:2784} INFO - 0 downstream tasks scheduled from follow-on schedule check
[2024-07-03T13:40:19.491+0000] {taskinstance.py:1159} INFO - Dependencies all met for dep_context=non-requeueable deps ti=<TaskInstance: reports_workflow.id_task_get_emails scheduled__2024-07-03T06:30:00+00:00 [queued]>
[2024-07-03T13:40:19.512+0000] {taskinstance.py:1159} INFO - Dependencies all met for dep_context=requeueable deps ti=<TaskInstance: reports_workflow.id_task_get_emails scheduled__2024-07-03T06:30:00+00:00 [queued]>
[2024-07-03T13:40:19.512+0000] {taskinstance.py:1361} INFO - Starting attempt 1 of 1
[2024-07-03T13:40:19.555+0000] {taskinstance.py:1382} INFO - Executing <Task(PythonOperator): id_task_get_emails> on 2024-07-03 06:30:00+00:00
[2024-07-03T13:40:19.565+0000] {standard_task_runner.py:57} INFO - Started process 26439 to run task
[2024-07-03T13:40:19.610+0000] {standard_task_runner.py:84} INFO - Running: ['***', 'tasks', 'run', 'reports_workflow', 'id_task_get_emails', 'scheduled__2024-07-03T06:30:00+00:00', '--job-id', '1607', '--raw', '--subdir', 'DAGS_FOLDER/dag_email_robot.py', '--cfg-path', '/tmp/tmphwqjhyej']
[2024-07-03T13:40:19.618+0000] {standard_task_runner.py:85} INFO - Job 1607: Subtask id_task_get_emails
[2024-07-03T13:40:19.770+0000] {task_command.py:415} INFO - Running <TaskInstance: reports_workflow.id_task_get_emails scheduled__2024-07-03T06:30:00+00:00 [running]> on host 6f4ef5488251
[2024-07-03T13:40:20.008+0000] {taskinstance.py:1660} INFO - Exporting env vars: AIRFLOW_CTX_DAG_OWNER='FIRDAVS' AIRFLOW_CTX_DAG_ID='reports_workflow' AIRFLOW_CTX_TASK_ID='id_task_get_emails' AIRFLOW_CTX_EXECUTION_DATE='2024-07-03T06:30:00+00:00' AIRFLOW_CTX_TRY_NUMBER='1' AIRFLOW_CTX_DAG_RUN_ID='scheduled__2024-07-03T06:30:00+00:00'
[2024-07-03T13:40:20.009+0000] {logging_mixin.py:151} INFO - path of config file:  /opt/***
[2024-07-03T13:40:20.010+0000] {logging_mixin.py:151} INFO - #>2024-07-03 13:40:20.010138_User@StatDep: EmailRobot in screated.
[2024-07-03T13:40:20.010+0000] {logging_mixin.py:151} INFO - #>2024-07-03 13:40:20.010334_User@StatDep: get_for_recent_emails is started...
[2024-07-03T13:40:20.010+0000] {logging_mixin.py:151} INFO - #>2024-07-03 13:40:20.010475_User@StatDep: pop3_fetch_emails isstarted...
[2024-07-03T13:40:20.410+0000] {logging_mixin.py:151} INFO -    b'+OK'
[2024-07-03T13:40:20.738+0000] {logging_mixin.py:151} INFO -    mailbox have 0 emails and the robot can process 10
[2024-07-03T13:40:20.738+0000] {logging_mixin.py:151} INFO - #>2024-07-03 13:40:20.738802_User@StatDep: no emails to process, exiting pop3_fetch_emails()...
[2024-07-03T13:40:20.739+0000] {python.py:194} INFO - Done. Returned value was: True
[2024-07-03T13:40:20.779+0000] {taskinstance.py:1400} INFO - Marking task as SUCCESS. dag_id=reports_workflow, task_id=id_task_get_emails, execution_date=20240703T063000, start_date=20240703T134019, end_date=20240703T134020
[2024-07-03T13:40:20.814+0000] {local_task_job_runner.py:228} INFO - Task exited with return code 0
[2024-07-03T13:40:20.851+0000] {taskinstance.py:2784} INFO - 1 downstream tasks scheduled from follow-on schedule check
