[2024-07-03T09:59:50.588+0000] {taskinstance.py:1159} INFO - Dependencies all met for dep_context=non-requeueable deps ti=<TaskInstance: reports_workflow.id_task_get_emails scheduled__2024-07-03T07:00:00+00:00 [queued]>
[2024-07-03T09:59:50.604+0000] {taskinstance.py:1159} INFO - Dependencies all met for dep_context=requeueable deps ti=<TaskInstance: reports_workflow.id_task_get_emails scheduled__2024-07-03T07:00:00+00:00 [queued]>
[2024-07-03T09:59:50.605+0000] {taskinstance.py:1361} INFO - Starting attempt 1 of 1
[2024-07-03T09:59:50.644+0000] {taskinstance.py:1382} INFO - Executing <Task(PythonOperator): id_task_get_emails> on 2024-07-03 07:00:00+00:00
[2024-07-03T09:59:50.654+0000] {standard_task_runner.py:57} INFO - Started process 21112 to run task
[2024-07-03T09:59:50.668+0000] {standard_task_runner.py:84} INFO - Running: ['***', 'tasks', 'run', 'reports_workflow', 'id_task_get_emails', 'scheduled__2024-07-03T07:00:00+00:00', '--job-id', '619', '--raw', '--subdir', 'DAGS_FOLDER/dag_email_robot.py', '--cfg-path', '/tmp/tmpx6qooch5']
[2024-07-03T09:59:50.669+0000] {standard_task_runner.py:85} INFO - Job 619: Subtask id_task_get_emails
[2024-07-03T09:59:50.763+0000] {task_command.py:415} INFO - Running <TaskInstance: reports_workflow.id_task_get_emails scheduled__2024-07-03T07:00:00+00:00 [running]> on host 6f4ef5488251
[2024-07-03T09:59:50.969+0000] {taskinstance.py:1660} INFO - Exporting env vars: AIRFLOW_CTX_DAG_OWNER='FIRDAVS' AIRFLOW_CTX_DAG_ID='reports_workflow' AIRFLOW_CTX_TASK_ID='id_task_get_emails' AIRFLOW_CTX_EXECUTION_DATE='2024-07-03T07:00:00+00:00' AIRFLOW_CTX_TRY_NUMBER='1' AIRFLOW_CTX_DAG_RUN_ID='scheduled__2024-07-03T07:00:00+00:00'
[2024-07-03T09:59:50.970+0000] {logging_mixin.py:151} INFO - path of config file:  /opt/***
[2024-07-03T09:59:50.970+0000] {logging_mixin.py:151} INFO - #>2024-07-03 09:59:50.970782_User@StatDep: EmailRobot in screated.
[2024-07-03T09:59:50.970+0000] {logging_mixin.py:151} INFO - #>2024-07-03 09:59:50.970945_User@StatDep: get_for_recent_emails is started...
[2024-07-03T09:59:50.971+0000] {logging_mixin.py:151} INFO - #>2024-07-03 09:59:50.971068_User@StatDep: pop3_fetch_emails isstarted...
[2024-07-03T09:59:51.366+0000] {logging_mixin.py:151} INFO -    b'+OK'
[2024-07-03T09:59:51.702+0000] {logging_mixin.py:151} INFO -    mailbox have 0 emails and the robot can process 10
[2024-07-03T09:59:51.702+0000] {logging_mixin.py:151} INFO - #>2024-07-03 09:59:51.702637_User@StatDep: no emails to process, exiting pop3_fetch_emails()...
[2024-07-03T09:59:51.703+0000] {python.py:194} INFO - Done. Returned value was: True
[2024-07-03T09:59:51.765+0000] {taskinstance.py:1400} INFO - Marking task as SUCCESS. dag_id=reports_workflow, task_id=id_task_get_emails, execution_date=20240703T070000, start_date=20240703T095950, end_date=20240703T095951
[2024-07-03T09:59:51.813+0000] {local_task_job_runner.py:228} INFO - Task exited with return code 0
[2024-07-03T09:59:51.843+0000] {taskinstance.py:2784} INFO - 0 downstream tasks scheduled from follow-on schedule check
[2024-07-03T13:40:25.328+0000] {taskinstance.py:1159} INFO - Dependencies all met for dep_context=non-requeueable deps ti=<TaskInstance: reports_workflow.id_task_get_emails scheduled__2024-07-03T07:00:00+00:00 [queued]>
[2024-07-03T13:40:25.344+0000] {taskinstance.py:1159} INFO - Dependencies all met for dep_context=requeueable deps ti=<TaskInstance: reports_workflow.id_task_get_emails scheduled__2024-07-03T07:00:00+00:00 [queued]>
[2024-07-03T13:40:25.345+0000] {taskinstance.py:1361} INFO - Starting attempt 1 of 1
[2024-07-03T13:40:25.406+0000] {taskinstance.py:1382} INFO - Executing <Task(PythonOperator): id_task_get_emails> on 2024-07-03 07:00:00+00:00
[2024-07-03T13:40:25.411+0000] {standard_task_runner.py:57} INFO - Started process 26466 to run task
[2024-07-03T13:40:25.428+0000] {standard_task_runner.py:84} INFO - Running: ['***', 'tasks', 'run', 'reports_workflow', 'id_task_get_emails', 'scheduled__2024-07-03T07:00:00+00:00', '--job-id', '1622', '--raw', '--subdir', 'DAGS_FOLDER/dag_email_robot.py', '--cfg-path', '/tmp/tmpoqx2vldx']
[2024-07-03T13:40:25.430+0000] {standard_task_runner.py:85} INFO - Job 1622: Subtask id_task_get_emails
[2024-07-03T13:40:25.574+0000] {task_command.py:415} INFO - Running <TaskInstance: reports_workflow.id_task_get_emails scheduled__2024-07-03T07:00:00+00:00 [running]> on host 6f4ef5488251
[2024-07-03T13:40:25.764+0000] {taskinstance.py:1660} INFO - Exporting env vars: AIRFLOW_CTX_DAG_OWNER='FIRDAVS' AIRFLOW_CTX_DAG_ID='reports_workflow' AIRFLOW_CTX_TASK_ID='id_task_get_emails' AIRFLOW_CTX_EXECUTION_DATE='2024-07-03T07:00:00+00:00' AIRFLOW_CTX_TRY_NUMBER='1' AIRFLOW_CTX_DAG_RUN_ID='scheduled__2024-07-03T07:00:00+00:00'
[2024-07-03T13:40:25.765+0000] {logging_mixin.py:151} INFO - path of config file:  /opt/***
[2024-07-03T13:40:25.766+0000] {logging_mixin.py:151} INFO - #>2024-07-03 13:40:25.766365_User@StatDep: EmailRobot in screated.
[2024-07-03T13:40:25.766+0000] {logging_mixin.py:151} INFO - #>2024-07-03 13:40:25.766555_User@StatDep: get_for_recent_emails is started...
[2024-07-03T13:40:25.766+0000] {logging_mixin.py:151} INFO - #>2024-07-03 13:40:25.766690_User@StatDep: pop3_fetch_emails isstarted...
[2024-07-03T13:40:26.139+0000] {logging_mixin.py:151} INFO -    b'+OK'
[2024-07-03T13:40:26.442+0000] {logging_mixin.py:151} INFO -    mailbox have 0 emails and the robot can process 10
[2024-07-03T13:40:26.442+0000] {logging_mixin.py:151} INFO - #>2024-07-03 13:40:26.442853_User@StatDep: no emails to process, exiting pop3_fetch_emails()...
[2024-07-03T13:40:26.444+0000] {python.py:194} INFO - Done. Returned value was: True
[2024-07-03T13:40:26.506+0000] {taskinstance.py:1400} INFO - Marking task as SUCCESS. dag_id=reports_workflow, task_id=id_task_get_emails, execution_date=20240703T070000, start_date=20240703T134025, end_date=20240703T134026
[2024-07-03T13:40:26.582+0000] {local_task_job_runner.py:228} INFO - Task exited with return code 0
[2024-07-03T13:40:26.747+0000] {taskinstance.py:2784} INFO - 0 downstream tasks scheduled from follow-on schedule check
[2024-07-03T14:42:00.414+0000] {taskinstance.py:1159} INFO - Dependencies all met for dep_context=non-requeueable deps ti=<TaskInstance: reports_workflow.id_task_get_emails scheduled__2024-07-03T07:00:00+00:00 [queued]>
[2024-07-03T14:42:00.431+0000] {taskinstance.py:1159} INFO - Dependencies all met for dep_context=requeueable deps ti=<TaskInstance: reports_workflow.id_task_get_emails scheduled__2024-07-03T07:00:00+00:00 [queued]>
[2024-07-03T14:42:00.432+0000] {taskinstance.py:1361} INFO - Starting attempt 1 of 2
[2024-07-03T14:42:00.467+0000] {taskinstance.py:1382} INFO - Executing <Task(PythonOperator): id_task_get_emails> on 2024-07-03 07:00:00+00:00
[2024-07-03T14:42:00.475+0000] {standard_task_runner.py:57} INFO - Started process 27921 to run task
[2024-07-03T14:42:00.530+0000] {standard_task_runner.py:84} INFO - Running: ['***', 'tasks', 'run', 'reports_workflow', 'id_task_get_emails', 'scheduled__2024-07-03T07:00:00+00:00', '--job-id', '1880', '--raw', '--subdir', 'DAGS_FOLDER/dag_email_robot.py', '--cfg-path', '/tmp/tmpw_f6eoga']
[2024-07-03T14:42:00.531+0000] {standard_task_runner.py:85} INFO - Job 1880: Subtask id_task_get_emails
[2024-07-03T14:42:00.695+0000] {task_command.py:415} INFO - Running <TaskInstance: reports_workflow.id_task_get_emails scheduled__2024-07-03T07:00:00+00:00 [running]> on host 6f4ef5488251
[2024-07-03T14:42:00.938+0000] {taskinstance.py:1660} INFO - Exporting env vars: AIRFLOW_CTX_DAG_OWNER='FIRDAVS' AIRFLOW_CTX_DAG_ID='reports_workflow' AIRFLOW_CTX_TASK_ID='id_task_get_emails' AIRFLOW_CTX_EXECUTION_DATE='2024-07-03T07:00:00+00:00' AIRFLOW_CTX_TRY_NUMBER='1' AIRFLOW_CTX_DAG_RUN_ID='scheduled__2024-07-03T07:00:00+00:00'
[2024-07-03T14:42:00.939+0000] {logging_mixin.py:151} INFO - path of config file:  /opt/***
[2024-07-03T14:42:00.940+0000] {logging_mixin.py:151} INFO - #>2024-07-03 14:42:00.940423_User@StatDep: EmailRobot in screated.
[2024-07-03T14:42:00.940+0000] {logging_mixin.py:151} INFO - #>2024-07-03 14:42:00.940614_User@StatDep: get_for_recent_emails is started...
[2024-07-03T14:42:00.940+0000] {logging_mixin.py:151} INFO - #>2024-07-03 14:42:00.940754_User@StatDep: pop3_fetch_emails isstarted...
[2024-07-03T14:42:01.347+0000] {logging_mixin.py:151} INFO -    b'+OK'
[2024-07-03T14:42:01.706+0000] {logging_mixin.py:151} INFO -    mailbox have 0 emails and the robot can process 10
[2024-07-03T14:42:01.706+0000] {logging_mixin.py:151} INFO - #>2024-07-03 14:42:01.706756_User@StatDep: no emails to process, exiting pop3_fetch_emails()...
[2024-07-03T14:42:01.707+0000] {python.py:194} INFO - Done. Returned value was: True
[2024-07-03T14:42:01.784+0000] {taskinstance.py:1400} INFO - Marking task as SUCCESS. dag_id=reports_workflow, task_id=id_task_get_emails, execution_date=20240703T070000, start_date=20240703T144200, end_date=20240703T144201
[2024-07-03T14:42:01.882+0000] {local_task_job_runner.py:228} INFO - Task exited with return code 0
[2024-07-03T14:42:01.953+0000] {taskinstance.py:2784} INFO - 1 downstream tasks scheduled from follow-on schedule check
[2024-07-03T14:42:45.455+0000] {taskinstance.py:1159} INFO - Dependencies all met for dep_context=non-requeueable deps ti=<TaskInstance: reports_workflow.id_task_get_emails scheduled__2024-07-03T07:00:00+00:00 [queued]>
[2024-07-03T14:42:45.467+0000] {taskinstance.py:1159} INFO - Dependencies all met for dep_context=requeueable deps ti=<TaskInstance: reports_workflow.id_task_get_emails scheduled__2024-07-03T07:00:00+00:00 [queued]>
[2024-07-03T14:42:45.467+0000] {taskinstance.py:1361} INFO - Starting attempt 1 of 2
[2024-07-03T14:42:45.482+0000] {taskinstance.py:1382} INFO - Executing <Task(PythonOperator): id_task_get_emails> on 2024-07-03 07:00:00+00:00
[2024-07-03T14:42:45.489+0000] {standard_task_runner.py:57} INFO - Started process 27988 to run task
[2024-07-03T14:42:45.529+0000] {standard_task_runner.py:84} INFO - Running: ['***', 'tasks', 'run', 'reports_workflow', 'id_task_get_emails', 'scheduled__2024-07-03T07:00:00+00:00', '--job-id', '1908', '--raw', '--subdir', 'DAGS_FOLDER/dag_email_robot.py', '--cfg-path', '/tmp/tmpbkgxk70d']
[2024-07-03T14:42:45.532+0000] {standard_task_runner.py:85} INFO - Job 1908: Subtask id_task_get_emails
[2024-07-03T14:42:45.650+0000] {task_command.py:415} INFO - Running <TaskInstance: reports_workflow.id_task_get_emails scheduled__2024-07-03T07:00:00+00:00 [running]> on host 6f4ef5488251
[2024-07-03T14:42:45.825+0000] {taskinstance.py:1660} INFO - Exporting env vars: AIRFLOW_CTX_DAG_OWNER='FIRDAVS' AIRFLOW_CTX_DAG_ID='reports_workflow' AIRFLOW_CTX_TASK_ID='id_task_get_emails' AIRFLOW_CTX_EXECUTION_DATE='2024-07-03T07:00:00+00:00' AIRFLOW_CTX_TRY_NUMBER='1' AIRFLOW_CTX_DAG_RUN_ID='scheduled__2024-07-03T07:00:00+00:00'
[2024-07-03T14:42:45.826+0000] {logging_mixin.py:151} INFO - path of config file:  /opt/***
[2024-07-03T14:42:45.827+0000] {logging_mixin.py:151} INFO - #>2024-07-03 14:42:45.827123_User@StatDep: EmailRobot in screated.
[2024-07-03T14:42:45.827+0000] {logging_mixin.py:151} INFO - #>2024-07-03 14:42:45.827329_User@StatDep: get_for_recent_emails is started...
[2024-07-03T14:42:45.827+0000] {logging_mixin.py:151} INFO - #>2024-07-03 14:42:45.827459_User@StatDep: pop3_fetch_emails isstarted...
[2024-07-03T14:42:46.188+0000] {logging_mixin.py:151} INFO -    b'+OK'
[2024-07-03T14:42:46.492+0000] {logging_mixin.py:151} INFO -    mailbox have 0 emails and the robot can process 10
[2024-07-03T14:42:46.492+0000] {logging_mixin.py:151} INFO - #>2024-07-03 14:42:46.492906_User@StatDep: no emails to process, exiting pop3_fetch_emails()...
[2024-07-03T14:42:46.493+0000] {python.py:194} INFO - Done. Returned value was: True
[2024-07-03T14:42:46.561+0000] {taskinstance.py:1400} INFO - Marking task as SUCCESS. dag_id=reports_workflow, task_id=id_task_get_emails, execution_date=20240703T070000, start_date=20240703T144245, end_date=20240703T144246
[2024-07-03T14:42:46.646+0000] {local_task_job_runner.py:228} INFO - Task exited with return code 0
[2024-07-03T14:42:46.778+0000] {taskinstance.py:2784} INFO - 0 downstream tasks scheduled from follow-on schedule check
