[2024-07-08T07:45:04.113+0000] {taskinstance.py:1159} INFO - Dependencies all met for dep_context=non-requeueable deps ti=<TaskInstance: reports_workflow.id_task_send_emails scheduled__2024-07-08T07:40:00+00:00 [queued]>
[2024-07-08T07:45:04.121+0000] {taskinstance.py:1159} INFO - Dependencies all met for dep_context=requeueable deps ti=<TaskInstance: reports_workflow.id_task_send_emails scheduled__2024-07-08T07:40:00+00:00 [queued]>
[2024-07-08T07:45:04.121+0000] {taskinstance.py:1361} INFO - Starting attempt 1 of 2
[2024-07-08T07:45:04.133+0000] {taskinstance.py:1382} INFO - Executing <Task(PythonOperator): id_task_send_emails> on 2024-07-08 07:40:00+00:00
[2024-07-08T07:45:04.139+0000] {standard_task_runner.py:57} INFO - Started process 5061 to run task
[2024-07-08T07:45:04.149+0000] {standard_task_runner.py:84} INFO - Running: ['***', 'tasks', 'run', 'reports_workflow', 'id_task_send_emails', 'scheduled__2024-07-08T07:40:00+00:00', '--job-id', '3612', '--raw', '--subdir', 'DAGS_FOLDER/dag_email_robot.py', '--cfg-path', '/tmp/tmpa1vqmlxd']
[2024-07-08T07:45:04.155+0000] {standard_task_runner.py:85} INFO - Job 3612: Subtask id_task_send_emails
[2024-07-08T07:45:04.242+0000] {task_command.py:415} INFO - Running <TaskInstance: reports_workflow.id_task_send_emails scheduled__2024-07-08T07:40:00+00:00 [running]> on host 6f4ef5488251
[2024-07-08T07:45:04.351+0000] {taskinstance.py:1660} INFO - Exporting env vars: AIRFLOW_CTX_DAG_OWNER='FIRDAVS' AIRFLOW_CTX_DAG_ID='reports_workflow' AIRFLOW_CTX_TASK_ID='id_task_send_emails' AIRFLOW_CTX_EXECUTION_DATE='2024-07-08T07:40:00+00:00' AIRFLOW_CTX_TRY_NUMBER='1' AIRFLOW_CTX_DAG_RUN_ID='scheduled__2024-07-08T07:40:00+00:00'
[2024-07-08T07:45:04.353+0000] {logging_mixin.py:151} INFO - path of config file:  /opt/***
[2024-07-08T07:45:04.353+0000] {logging_mixin.py:151} INFO - #>2024-07-08 07:45:04.353485_User@StatDep: EmailRobot in screated.
[2024-07-08T07:45:04.353+0000] {logging_mixin.py:151} INFO - #>2024-07-08 07:45:04.353650_User@StatDep: send_validation_results is started...
[2024-07-08T07:45:04.363+0000] {logging_mixin.py:151} INFO -    #>2024-07-08 07:45:04.363689_conneciton to db is set.
[2024-07-08T07:45:04.366+0000] {logging_mixin.py:151} INFO -    #>2024-07-08 07:45:04.366536_cursor execution is successful.
[2024-07-08T07:45:04.366+0000] {logging_mixin.py:151} INFO -    There is no any new submissions found. The get_validation_results is over.
[2024-07-08T07:45:04.367+0000] {python.py:194} INFO - Done. Returned value was: True
[2024-07-08T07:45:04.388+0000] {taskinstance.py:1400} INFO - Marking task as SUCCESS. dag_id=reports_workflow, task_id=id_task_send_emails, execution_date=20240708T074000, start_date=20240708T074504, end_date=20240708T074504
[2024-07-08T07:45:04.434+0000] {local_task_job_runner.py:228} INFO - Task exited with return code 0
[2024-07-08T07:45:04.465+0000] {taskinstance.py:2784} INFO - 0 downstream tasks scheduled from follow-on schedule check
[2024-07-08T10:22:36.770+0000] {taskinstance.py:1159} INFO - Dependencies all met for dep_context=non-requeueable deps ti=<TaskInstance: reports_workflow.id_task_send_emails scheduled__2024-07-08T07:40:00+00:00 [queued]>
[2024-07-08T10:22:36.779+0000] {taskinstance.py:1159} INFO - Dependencies all met for dep_context=requeueable deps ti=<TaskInstance: reports_workflow.id_task_send_emails scheduled__2024-07-08T07:40:00+00:00 [queued]>
[2024-07-08T10:22:36.779+0000] {taskinstance.py:1361} INFO - Starting attempt 1 of 2
[2024-07-08T10:22:36.792+0000] {taskinstance.py:1382} INFO - Executing <Task(PythonOperator): id_task_send_emails> on 2024-07-08 07:40:00+00:00
[2024-07-08T10:22:36.798+0000] {standard_task_runner.py:57} INFO - Started process 8138 to run task
[2024-07-08T10:22:36.804+0000] {standard_task_runner.py:84} INFO - Running: ['***', 'tasks', 'run', 'reports_workflow', 'id_task_send_emails', 'scheduled__2024-07-08T07:40:00+00:00', '--job-id', '3832', '--raw', '--subdir', 'DAGS_FOLDER/dag_email_robot.py', '--cfg-path', '/tmp/tmp_aq60kbp']
[2024-07-08T10:22:36.808+0000] {standard_task_runner.py:85} INFO - Job 3832: Subtask id_task_send_emails
[2024-07-08T10:22:36.871+0000] {task_command.py:415} INFO - Running <TaskInstance: reports_workflow.id_task_send_emails scheduled__2024-07-08T07:40:00+00:00 [running]> on host 6f4ef5488251
[2024-07-08T10:22:37.142+0000] {taskinstance.py:1660} INFO - Exporting env vars: AIRFLOW_CTX_DAG_OWNER='FIRDAVS' AIRFLOW_CTX_DAG_ID='reports_workflow' AIRFLOW_CTX_TASK_ID='id_task_send_emails' AIRFLOW_CTX_EXECUTION_DATE='2024-07-08T07:40:00+00:00' AIRFLOW_CTX_TRY_NUMBER='1' AIRFLOW_CTX_DAG_RUN_ID='scheduled__2024-07-08T07:40:00+00:00'
[2024-07-08T10:22:37.146+0000] {logging_mixin.py:151} INFO - path of config file:  /opt/***
[2024-07-08T10:22:37.147+0000] {logging_mixin.py:151} INFO - #>2024-07-08 10:22:37.147390_User@StatDep: EmailRobot in screated.
[2024-07-08T10:22:37.147+0000] {logging_mixin.py:151} INFO - #>2024-07-08 10:22:37.147579_User@StatDep: send_validation_results is started...
[2024-07-08T10:22:37.174+0000] {logging_mixin.py:151} INFO -    #>2024-07-08 10:22:37.174096_conneciton to db is set.
[2024-07-08T10:22:37.177+0000] {logging_mixin.py:151} INFO -    #>2024-07-08 10:22:37.177312_cursor execution is successful.
[2024-07-08T10:22:37.177+0000] {logging_mixin.py:151} INFO -    There is no any new submissions found. The get_validation_results is over.
[2024-07-08T10:22:37.180+0000] {python.py:194} INFO - Done. Returned value was: True
[2024-07-08T10:22:37.244+0000] {taskinstance.py:1400} INFO - Marking task as SUCCESS. dag_id=reports_workflow, task_id=id_task_send_emails, execution_date=20240708T074000, start_date=20240708T102236, end_date=20240708T102237
[2024-07-08T10:22:37.300+0000] {local_task_job_runner.py:228} INFO - Task exited with return code 0
[2024-07-08T10:22:37.331+0000] {taskinstance.py:2784} INFO - 0 downstream tasks scheduled from follow-on schedule check
[2024-07-08T10:27:33.669+0000] {taskinstance.py:1159} INFO - Dependencies all met for dep_context=non-requeueable deps ti=<TaskInstance: reports_workflow.id_task_send_emails scheduled__2024-07-08T07:40:00+00:00 [queued]>
[2024-07-08T10:27:33.678+0000] {taskinstance.py:1159} INFO - Dependencies all met for dep_context=requeueable deps ti=<TaskInstance: reports_workflow.id_task_send_emails scheduled__2024-07-08T07:40:00+00:00 [queued]>
[2024-07-08T10:27:33.678+0000] {taskinstance.py:1361} INFO - Starting attempt 1 of 2
[2024-07-08T10:27:33.690+0000] {taskinstance.py:1382} INFO - Executing <Task(PythonOperator): id_task_send_emails> on 2024-07-08 07:40:00+00:00
[2024-07-08T10:27:33.699+0000] {standard_task_runner.py:57} INFO - Started process 8858 to run task
[2024-07-08T10:27:33.710+0000] {standard_task_runner.py:84} INFO - Running: ['***', 'tasks', 'run', 'reports_workflow', 'id_task_send_emails', 'scheduled__2024-07-08T07:40:00+00:00', '--job-id', '4048', '--raw', '--subdir', 'DAGS_FOLDER/dag_email_robot.py', '--cfg-path', '/tmp/tmp1xtgmmq_']
[2024-07-08T10:27:33.714+0000] {standard_task_runner.py:85} INFO - Job 4048: Subtask id_task_send_emails
[2024-07-08T10:27:33.773+0000] {task_command.py:415} INFO - Running <TaskInstance: reports_workflow.id_task_send_emails scheduled__2024-07-08T07:40:00+00:00 [running]> on host 6f4ef5488251
[2024-07-08T10:27:33.863+0000] {taskinstance.py:1660} INFO - Exporting env vars: AIRFLOW_CTX_DAG_OWNER='FIRDAVS' AIRFLOW_CTX_DAG_ID='reports_workflow' AIRFLOW_CTX_TASK_ID='id_task_send_emails' AIRFLOW_CTX_EXECUTION_DATE='2024-07-08T07:40:00+00:00' AIRFLOW_CTX_TRY_NUMBER='1' AIRFLOW_CTX_DAG_RUN_ID='scheduled__2024-07-08T07:40:00+00:00'
[2024-07-08T10:27:33.864+0000] {logging_mixin.py:151} INFO - path of config file:  /opt/***
[2024-07-08T10:27:33.865+0000] {logging_mixin.py:151} INFO - #>2024-07-08 10:27:33.865137_User@StatDep: EmailRobot in screated.
[2024-07-08T10:27:33.865+0000] {logging_mixin.py:151} INFO - #>2024-07-08 10:27:33.865513_User@StatDep: send_validation_results is started...
[2024-07-08T10:27:33.875+0000] {logging_mixin.py:151} INFO -    #>2024-07-08 10:27:33.875089_conneciton to db is set.
[2024-07-08T10:27:33.879+0000] {logging_mixin.py:151} INFO -    #>2024-07-08 10:27:33.879029_cursor execution is successful.
[2024-07-08T10:27:33.879+0000] {logging_mixin.py:151} INFO -    There is no any new submissions found. The get_validation_results is over.
[2024-07-08T10:27:33.882+0000] {python.py:194} INFO - Done. Returned value was: True
[2024-07-08T10:27:33.905+0000] {taskinstance.py:1400} INFO - Marking task as SUCCESS. dag_id=reports_workflow, task_id=id_task_send_emails, execution_date=20240708T074000, start_date=20240708T102733, end_date=20240708T102733
[2024-07-08T10:27:33.955+0000] {local_task_job_runner.py:228} INFO - Task exited with return code 0
[2024-07-08T10:27:34.000+0000] {taskinstance.py:2784} INFO - 0 downstream tasks scheduled from follow-on schedule check
