[2024-07-03T09:58:25.365+0000] {taskinstance.py:1159} INFO - Dependencies all met for dep_context=non-requeueable deps ti=<TaskInstance: reports_workflow.id_task_get_emails scheduled__2024-07-02T18:35:00+00:00 [queued]>
[2024-07-03T09:58:25.447+0000] {taskinstance.py:1159} INFO - Dependencies all met for dep_context=requeueable deps ti=<TaskInstance: reports_workflow.id_task_get_emails scheduled__2024-07-02T18:35:00+00:00 [queued]>
[2024-07-03T09:58:25.447+0000] {taskinstance.py:1361} INFO - Starting attempt 1 of 1
[2024-07-03T09:58:25.491+0000] {taskinstance.py:1382} INFO - Executing <Task(PythonOperator): id_task_get_emails> on 2024-07-02 18:35:00+00:00
[2024-07-03T09:58:25.496+0000] {standard_task_runner.py:57} INFO - Started process 20802 to run task
[2024-07-03T09:58:25.522+0000] {standard_task_runner.py:84} INFO - Running: ['***', 'tasks', 'run', 'reports_workflow', 'id_task_get_emails', 'scheduled__2024-07-02T18:35:00+00:00', '--job-id', '470', '--raw', '--subdir', 'DAGS_FOLDER/dag_email_robot.py', '--cfg-path', '/tmp/tmpbpdbxgl5']
[2024-07-03T09:58:25.540+0000] {standard_task_runner.py:85} INFO - Job 470: Subtask id_task_get_emails
[2024-07-03T09:58:25.667+0000] {task_command.py:415} INFO - Running <TaskInstance: reports_workflow.id_task_get_emails scheduled__2024-07-02T18:35:00+00:00 [running]> on host 6f4ef5488251
[2024-07-03T09:58:25.840+0000] {taskinstance.py:1660} INFO - Exporting env vars: AIRFLOW_CTX_DAG_OWNER='FIRDAVS' AIRFLOW_CTX_DAG_ID='reports_workflow' AIRFLOW_CTX_TASK_ID='id_task_get_emails' AIRFLOW_CTX_EXECUTION_DATE='2024-07-02T18:35:00+00:00' AIRFLOW_CTX_TRY_NUMBER='1' AIRFLOW_CTX_DAG_RUN_ID='scheduled__2024-07-02T18:35:00+00:00'
[2024-07-03T09:58:25.841+0000] {logging_mixin.py:151} INFO - path of config file:  /opt/***
[2024-07-03T09:58:25.842+0000] {logging_mixin.py:151} INFO - #>2024-07-03 09:58:25.842046_User@StatDep: EmailRobot in screated.
[2024-07-03T09:58:25.842+0000] {logging_mixin.py:151} INFO - #>2024-07-03 09:58:25.842213_User@StatDep: get_for_recent_emails is started...
[2024-07-03T09:58:25.842+0000] {logging_mixin.py:151} INFO - #>2024-07-03 09:58:25.842359_User@StatDep: pop3_fetch_emails isstarted...
[2024-07-03T09:58:26.240+0000] {logging_mixin.py:151} INFO -    b'+OK'
[2024-07-03T09:58:26.584+0000] {logging_mixin.py:151} INFO -    mailbox have 0 emails and the robot can process 10
[2024-07-03T09:58:26.585+0000] {logging_mixin.py:151} INFO - #>2024-07-03 09:58:26.585006_User@StatDep: no emails to process, exiting pop3_fetch_emails()...
[2024-07-03T09:58:26.585+0000] {python.py:194} INFO - Done. Returned value was: True
[2024-07-03T09:58:26.607+0000] {taskinstance.py:1400} INFO - Marking task as SUCCESS. dag_id=reports_workflow, task_id=id_task_get_emails, execution_date=20240702T183500, start_date=20240703T095825, end_date=20240703T095826
[2024-07-03T09:58:26.630+0000] {local_task_job_runner.py:228} INFO - Task exited with return code 0
[2024-07-03T09:58:26.645+0000] {taskinstance.py:2784} INFO - 0 downstream tasks scheduled from follow-on schedule check
[2024-07-03T12:28:35.017+0000] {taskinstance.py:1159} INFO - Dependencies all met for dep_context=non-requeueable deps ti=<TaskInstance: reports_workflow.id_task_get_emails scheduled__2024-07-02T18:35:00+00:00 [queued]>
[2024-07-03T12:28:35.031+0000] {taskinstance.py:1159} INFO - Dependencies all met for dep_context=requeueable deps ti=<TaskInstance: reports_workflow.id_task_get_emails scheduled__2024-07-02T18:35:00+00:00 [queued]>
[2024-07-03T12:28:35.032+0000] {taskinstance.py:1361} INFO - Starting attempt 1 of 1
[2024-07-03T12:28:35.050+0000] {taskinstance.py:1382} INFO - Executing <Task(PythonOperator): id_task_get_emails> on 2024-07-02 18:35:00+00:00
[2024-07-03T12:28:35.057+0000] {standard_task_runner.py:57} INFO - Started process 24777 to run task
[2024-07-03T12:28:35.069+0000] {standard_task_runner.py:84} INFO - Running: ['***', 'tasks', 'run', 'reports_workflow', 'id_task_get_emails', 'scheduled__2024-07-02T18:35:00+00:00', '--job-id', '1323', '--raw', '--subdir', 'DAGS_FOLDER/dag_email_robot.py', '--cfg-path', '/tmp/tmph7_tb0zh']
[2024-07-03T12:28:35.071+0000] {standard_task_runner.py:85} INFO - Job 1323: Subtask id_task_get_emails
[2024-07-03T12:28:35.164+0000] {task_command.py:415} INFO - Running <TaskInstance: reports_workflow.id_task_get_emails scheduled__2024-07-02T18:35:00+00:00 [running]> on host 6f4ef5488251
[2024-07-03T12:28:35.264+0000] {taskinstance.py:1660} INFO - Exporting env vars: AIRFLOW_CTX_DAG_OWNER='FIRDAVS' AIRFLOW_CTX_DAG_ID='reports_workflow' AIRFLOW_CTX_TASK_ID='id_task_get_emails' AIRFLOW_CTX_EXECUTION_DATE='2024-07-02T18:35:00+00:00' AIRFLOW_CTX_TRY_NUMBER='1' AIRFLOW_CTX_DAG_RUN_ID='scheduled__2024-07-02T18:35:00+00:00'
[2024-07-03T12:28:35.265+0000] {logging_mixin.py:151} INFO - path of config file:  /opt/***
[2024-07-03T12:28:35.265+0000] {logging_mixin.py:151} INFO - #>2024-07-03 12:28:35.265828_User@StatDep: EmailRobot in screated.
[2024-07-03T12:28:35.266+0000] {logging_mixin.py:151} INFO - #>2024-07-03 12:28:35.266004_User@StatDep: get_for_recent_emails is started...
[2024-07-03T12:28:35.266+0000] {logging_mixin.py:151} INFO - #>2024-07-03 12:28:35.266135_User@StatDep: pop3_fetch_emails isstarted...
[2024-07-03T12:28:35.648+0000] {logging_mixin.py:151} INFO -    b'+OK'
[2024-07-03T12:28:36.036+0000] {logging_mixin.py:151} INFO -    mailbox have 0 emails and the robot can process 10
[2024-07-03T12:28:36.037+0000] {logging_mixin.py:151} INFO - #>2024-07-03 12:28:36.037047_User@StatDep: no emails to process, exiting pop3_fetch_emails()...
[2024-07-03T12:28:36.037+0000] {python.py:194} INFO - Done. Returned value was: True
[2024-07-03T12:28:36.095+0000] {taskinstance.py:1400} INFO - Marking task as SUCCESS. dag_id=reports_workflow, task_id=id_task_get_emails, execution_date=20240702T183500, start_date=20240703T122835, end_date=20240703T122836
[2024-07-03T12:28:36.134+0000] {local_task_job_runner.py:228} INFO - Task exited with return code 0
[2024-07-03T12:28:36.159+0000] {taskinstance.py:2784} INFO - 1 downstream tasks scheduled from follow-on schedule check
