[2024-07-03T09:58:41.060+0000] {taskinstance.py:1159} INFO - Dependencies all met for dep_context=non-requeueable deps ti=<TaskInstance: reports_workflow.id_task_get_emails scheduled__2024-07-02T21:25:00+00:00 [queued]>
[2024-07-03T09:58:41.137+0000] {taskinstance.py:1159} INFO - Dependencies all met for dep_context=requeueable deps ti=<TaskInstance: reports_workflow.id_task_get_emails scheduled__2024-07-02T21:25:00+00:00 [queued]>
[2024-07-03T09:58:41.137+0000] {taskinstance.py:1361} INFO - Starting attempt 1 of 1
[2024-07-03T09:58:41.182+0000] {taskinstance.py:1382} INFO - Executing <Task(PythonOperator): id_task_get_emails> on 2024-07-02 21:25:00+00:00
[2024-07-03T09:58:41.212+0000] {standard_task_runner.py:57} INFO - Started process 20868 to run task
[2024-07-03T09:58:41.231+0000] {standard_task_runner.py:84} INFO - Running: ['***', 'tasks', 'run', 'reports_workflow', 'id_task_get_emails', 'scheduled__2024-07-02T21:25:00+00:00', '--job-id', '504', '--raw', '--subdir', 'DAGS_FOLDER/dag_email_robot.py', '--cfg-path', '/tmp/tmpr62xd2vj']
[2024-07-03T09:58:41.232+0000] {standard_task_runner.py:85} INFO - Job 504: Subtask id_task_get_emails
[2024-07-03T09:58:41.357+0000] {task_command.py:415} INFO - Running <TaskInstance: reports_workflow.id_task_get_emails scheduled__2024-07-02T21:25:00+00:00 [running]> on host 6f4ef5488251
[2024-07-03T09:58:41.503+0000] {taskinstance.py:1660} INFO - Exporting env vars: AIRFLOW_CTX_DAG_OWNER='FIRDAVS' AIRFLOW_CTX_DAG_ID='reports_workflow' AIRFLOW_CTX_TASK_ID='id_task_get_emails' AIRFLOW_CTX_EXECUTION_DATE='2024-07-02T21:25:00+00:00' AIRFLOW_CTX_TRY_NUMBER='1' AIRFLOW_CTX_DAG_RUN_ID='scheduled__2024-07-02T21:25:00+00:00'
[2024-07-03T09:58:41.504+0000] {logging_mixin.py:151} INFO - path of config file:  /opt/***
[2024-07-03T09:58:41.505+0000] {logging_mixin.py:151} INFO - #>2024-07-03 09:58:41.505306_User@StatDep: EmailRobot in screated.
[2024-07-03T09:58:41.505+0000] {logging_mixin.py:151} INFO - #>2024-07-03 09:58:41.505489_User@StatDep: get_for_recent_emails is started...
[2024-07-03T09:58:41.505+0000] {logging_mixin.py:151} INFO - #>2024-07-03 09:58:41.505613_User@StatDep: pop3_fetch_emails isstarted...
[2024-07-03T09:58:41.928+0000] {logging_mixin.py:151} INFO -    b'+OK'
[2024-07-03T09:58:42.255+0000] {logging_mixin.py:151} INFO -    mailbox have 0 emails and the robot can process 10
[2024-07-03T09:58:42.255+0000] {logging_mixin.py:151} INFO - #>2024-07-03 09:58:42.255265_User@StatDep: no emails to process, exiting pop3_fetch_emails()...
[2024-07-03T09:58:42.255+0000] {python.py:194} INFO - Done. Returned value was: True
[2024-07-03T09:58:42.282+0000] {taskinstance.py:1400} INFO - Marking task as SUCCESS. dag_id=reports_workflow, task_id=id_task_get_emails, execution_date=20240702T212500, start_date=20240703T095841, end_date=20240703T095842
[2024-07-03T09:58:42.323+0000] {local_task_job_runner.py:228} INFO - Task exited with return code 0
[2024-07-03T09:58:42.348+0000] {taskinstance.py:2784} INFO - 0 downstream tasks scheduled from follow-on schedule check
[2024-07-03T12:30:06.991+0000] {taskinstance.py:1159} INFO - Dependencies all met for dep_context=non-requeueable deps ti=<TaskInstance: reports_workflow.id_task_get_emails scheduled__2024-07-02T21:25:00+00:00 [queued]>
[2024-07-03T12:30:07.021+0000] {taskinstance.py:1159} INFO - Dependencies all met for dep_context=requeueable deps ti=<TaskInstance: reports_workflow.id_task_get_emails scheduled__2024-07-02T21:25:00+00:00 [queued]>
[2024-07-03T12:30:07.021+0000] {taskinstance.py:1361} INFO - Starting attempt 1 of 1
[2024-07-03T12:30:07.038+0000] {taskinstance.py:1382} INFO - Executing <Task(PythonOperator): id_task_get_emails> on 2024-07-02 21:25:00+00:00
[2024-07-03T12:30:07.042+0000] {standard_task_runner.py:57} INFO - Started process 24946 to run task
[2024-07-03T12:30:07.048+0000] {standard_task_runner.py:84} INFO - Running: ['***', 'tasks', 'run', 'reports_workflow', 'id_task_get_emails', 'scheduled__2024-07-02T21:25:00+00:00', '--job-id', '1399', '--raw', '--subdir', 'DAGS_FOLDER/dag_email_robot.py', '--cfg-path', '/tmp/tmpx1w3clqg']
[2024-07-03T12:30:07.050+0000] {standard_task_runner.py:85} INFO - Job 1399: Subtask id_task_get_emails
[2024-07-03T12:30:07.100+0000] {task_command.py:415} INFO - Running <TaskInstance: reports_workflow.id_task_get_emails scheduled__2024-07-02T21:25:00+00:00 [running]> on host 6f4ef5488251
[2024-07-03T12:30:07.168+0000] {taskinstance.py:1660} INFO - Exporting env vars: AIRFLOW_CTX_DAG_OWNER='FIRDAVS' AIRFLOW_CTX_DAG_ID='reports_workflow' AIRFLOW_CTX_TASK_ID='id_task_get_emails' AIRFLOW_CTX_EXECUTION_DATE='2024-07-02T21:25:00+00:00' AIRFLOW_CTX_TRY_NUMBER='1' AIRFLOW_CTX_DAG_RUN_ID='scheduled__2024-07-02T21:25:00+00:00'
[2024-07-03T12:30:07.169+0000] {logging_mixin.py:151} INFO - path of config file:  /opt/***
[2024-07-03T12:30:07.170+0000] {logging_mixin.py:151} INFO - #>2024-07-03 12:30:07.170207_User@StatDep: EmailRobot in screated.
[2024-07-03T12:30:07.170+0000] {logging_mixin.py:151} INFO - #>2024-07-03 12:30:07.170421_User@StatDep: get_for_recent_emails is started...
[2024-07-03T12:30:07.170+0000] {logging_mixin.py:151} INFO - #>2024-07-03 12:30:07.170549_User@StatDep: pop3_fetch_emails isstarted...
[2024-07-03T12:30:07.608+0000] {logging_mixin.py:151} INFO -    b'+OK'
[2024-07-03T12:30:07.980+0000] {logging_mixin.py:151} INFO -    mailbox have 0 emails and the robot can process 10
[2024-07-03T12:30:07.981+0000] {logging_mixin.py:151} INFO - #>2024-07-03 12:30:07.981154_User@StatDep: no emails to process, exiting pop3_fetch_emails()...
[2024-07-03T12:30:07.982+0000] {python.py:194} INFO - Done. Returned value was: True
[2024-07-03T12:30:08.013+0000] {taskinstance.py:1400} INFO - Marking task as SUCCESS. dag_id=reports_workflow, task_id=id_task_get_emails, execution_date=20240702T212500, start_date=20240703T123007, end_date=20240703T123008
[2024-07-03T12:30:08.066+0000] {local_task_job_runner.py:228} INFO - Task exited with return code 0
[2024-07-03T12:30:08.096+0000] {taskinstance.py:2784} INFO - 1 downstream tasks scheduled from follow-on schedule check
