[2024-07-04T03:53:45.997+0000] {taskinstance.py:1159} INFO - Dependencies all met for dep_context=non-requeueable deps ti=<TaskInstance: reports_workflow.id_task_get_emails scheduled__2024-07-04T03:10:00+00:00 [queued]>
[2024-07-04T03:53:46.005+0000] {taskinstance.py:1159} INFO - Dependencies all met for dep_context=requeueable deps ti=<TaskInstance: reports_workflow.id_task_get_emails scheduled__2024-07-04T03:10:00+00:00 [queued]>
[2024-07-04T03:53:46.006+0000] {taskinstance.py:1361} INFO - Starting attempt 1 of 2
[2024-07-04T03:53:46.017+0000] {taskinstance.py:1382} INFO - Executing <Task(PythonOperator): id_task_get_emails> on 2024-07-04 03:10:00+00:00
[2024-07-04T03:53:46.022+0000] {standard_task_runner.py:57} INFO - Started process 40970 to run task
[2024-07-04T03:53:46.025+0000] {standard_task_runner.py:84} INFO - Running: ['***', 'tasks', 'run', 'reports_workflow', 'id_task_get_emails', 'scheduled__2024-07-04T03:10:00+00:00', '--job-id', '2348', '--raw', '--subdir', 'DAGS_FOLDER/dag_email_robot.py', '--cfg-path', '/tmp/tmpfj9dufxm']
[2024-07-04T03:53:46.026+0000] {standard_task_runner.py:85} INFO - Job 2348: Subtask id_task_get_emails
[2024-07-04T03:53:46.075+0000] {task_command.py:415} INFO - Running <TaskInstance: reports_workflow.id_task_get_emails scheduled__2024-07-04T03:10:00+00:00 [running]> on host 6f4ef5488251
[2024-07-04T03:53:46.146+0000] {taskinstance.py:1660} INFO - Exporting env vars: AIRFLOW_CTX_DAG_OWNER='FIRDAVS' AIRFLOW_CTX_DAG_ID='reports_workflow' AIRFLOW_CTX_TASK_ID='id_task_get_emails' AIRFLOW_CTX_EXECUTION_DATE='2024-07-04T03:10:00+00:00' AIRFLOW_CTX_TRY_NUMBER='1' AIRFLOW_CTX_DAG_RUN_ID='scheduled__2024-07-04T03:10:00+00:00'
[2024-07-04T03:53:46.147+0000] {logging_mixin.py:151} INFO - path of config file:  /opt/***
[2024-07-04T03:53:46.147+0000] {logging_mixin.py:151} INFO - #>2024-07-04 03:53:46.147471_User@StatDep: EmailRobot in screated.
[2024-07-04T03:53:46.147+0000] {logging_mixin.py:151} INFO - #>2024-07-04 03:53:46.147642_User@StatDep: get_for_recent_emails is started...
[2024-07-04T03:53:46.147+0000] {logging_mixin.py:151} INFO - #>2024-07-04 03:53:46.147759_User@StatDep: pop3_fetch_emails isstarted...
[2024-07-04T03:53:46.515+0000] {logging_mixin.py:151} INFO -    b'+OK'
[2024-07-04T03:53:46.943+0000] {logging_mixin.py:151} INFO -    mailbox have 0 emails and the robot can process 10
[2024-07-04T03:53:46.944+0000] {logging_mixin.py:151} INFO - #>2024-07-04 03:53:46.944477_User@StatDep: no emails to process, exiting pop3_fetch_emails()...
[2024-07-04T03:53:46.945+0000] {python.py:194} INFO - Done. Returned value was: True
[2024-07-04T03:53:46.986+0000] {taskinstance.py:1400} INFO - Marking task as SUCCESS. dag_id=reports_workflow, task_id=id_task_get_emails, execution_date=20240704T031000, start_date=20240704T035345, end_date=20240704T035346
[2024-07-04T03:53:47.042+0000] {local_task_job_runner.py:228} INFO - Task exited with return code 0
[2024-07-04T03:53:47.072+0000] {taskinstance.py:2784} INFO - 1 downstream tasks scheduled from follow-on schedule check
[2024-07-04T05:08:07.288+0000] {taskinstance.py:1159} INFO - Dependencies all met for dep_context=non-requeueable deps ti=<TaskInstance: reports_workflow.id_task_get_emails scheduled__2024-07-04T03:10:00+00:00 [queued]>
[2024-07-04T05:08:07.325+0000] {taskinstance.py:1159} INFO - Dependencies all met for dep_context=requeueable deps ti=<TaskInstance: reports_workflow.id_task_get_emails scheduled__2024-07-04T03:10:00+00:00 [queued]>
[2024-07-04T05:08:07.325+0000] {taskinstance.py:1361} INFO - Starting attempt 1 of 2
[2024-07-04T05:08:07.346+0000] {taskinstance.py:1382} INFO - Executing <Task(PythonOperator): id_task_get_emails> on 2024-07-04 03:10:00+00:00
[2024-07-04T05:08:07.351+0000] {standard_task_runner.py:57} INFO - Started process 42147 to run task
[2024-07-04T05:08:07.362+0000] {standard_task_runner.py:84} INFO - Running: ['***', 'tasks', 'run', 'reports_workflow', 'id_task_get_emails', 'scheduled__2024-07-04T03:10:00+00:00', '--job-id', '2370', '--raw', '--subdir', 'DAGS_FOLDER/dag_email_robot.py', '--cfg-path', '/tmp/tmp4vi91zos']
[2024-07-04T05:08:07.364+0000] {standard_task_runner.py:85} INFO - Job 2370: Subtask id_task_get_emails
[2024-07-04T05:08:07.481+0000] {task_command.py:415} INFO - Running <TaskInstance: reports_workflow.id_task_get_emails scheduled__2024-07-04T03:10:00+00:00 [running]> on host 6f4ef5488251
[2024-07-04T05:08:07.583+0000] {taskinstance.py:1660} INFO - Exporting env vars: AIRFLOW_CTX_DAG_OWNER='FIRDAVS' AIRFLOW_CTX_DAG_ID='reports_workflow' AIRFLOW_CTX_TASK_ID='id_task_get_emails' AIRFLOW_CTX_EXECUTION_DATE='2024-07-04T03:10:00+00:00' AIRFLOW_CTX_TRY_NUMBER='1' AIRFLOW_CTX_DAG_RUN_ID='scheduled__2024-07-04T03:10:00+00:00'
[2024-07-04T05:08:07.588+0000] {logging_mixin.py:151} INFO - path of config file:  /opt/***
[2024-07-04T05:08:07.588+0000] {logging_mixin.py:151} INFO - #>2024-07-04 05:08:07.588692_User@StatDep: EmailRobot in screated.
[2024-07-04T05:08:07.588+0000] {logging_mixin.py:151} INFO - #>2024-07-04 05:08:07.588904_User@StatDep: get_for_recent_emails is started...
[2024-07-04T05:08:07.589+0000] {logging_mixin.py:151} INFO - #>2024-07-04 05:08:07.589045_User@StatDep: pop3_fetch_emails isstarted...
[2024-07-04T05:08:07.970+0000] {logging_mixin.py:151} INFO -    b'+OK'
[2024-07-04T05:08:08.287+0000] {logging_mixin.py:151} INFO -    mailbox have 0 emails and the robot can process 10
[2024-07-04T05:08:08.287+0000] {logging_mixin.py:151} INFO - #>2024-07-04 05:08:08.287947_User@StatDep: no emails to process, exiting pop3_fetch_emails()...
[2024-07-04T05:08:08.288+0000] {python.py:194} INFO - Done. Returned value was: True
[2024-07-04T05:08:08.335+0000] {taskinstance.py:1400} INFO - Marking task as SUCCESS. dag_id=reports_workflow, task_id=id_task_get_emails, execution_date=20240704T031000, start_date=20240704T050807, end_date=20240704T050808
[2024-07-04T05:08:08.433+0000] {local_task_job_runner.py:228} INFO - Task exited with return code 0
[2024-07-04T05:08:08.478+0000] {taskinstance.py:2784} INFO - 1 downstream tasks scheduled from follow-on schedule check
