[2024-07-04T05:10:00.973+0000] {taskinstance.py:1159} INFO - Dependencies all met for dep_context=non-requeueable deps ti=<TaskInstance: reports_workflow.id_task_get_emails scheduled__2024-07-04T05:05:00+00:00 [queued]>
[2024-07-04T05:10:00.982+0000] {taskinstance.py:1159} INFO - Dependencies all met for dep_context=requeueable deps ti=<TaskInstance: reports_workflow.id_task_get_emails scheduled__2024-07-04T05:05:00+00:00 [queued]>
[2024-07-04T05:10:00.982+0000] {taskinstance.py:1361} INFO - Starting attempt 1 of 2
[2024-07-04T05:10:00.994+0000] {taskinstance.py:1382} INFO - Executing <Task(PythonOperator): id_task_get_emails> on 2024-07-04 05:05:00+00:00
[2024-07-04T05:10:00.999+0000] {standard_task_runner.py:57} INFO - Started process 42264 to run task
[2024-07-04T05:10:01.009+0000] {standard_task_runner.py:84} INFO - Running: ['***', 'tasks', 'run', 'reports_workflow', 'id_task_get_emails', 'scheduled__2024-07-04T05:05:00+00:00', '--job-id', '2418', '--raw', '--subdir', 'DAGS_FOLDER/dag_email_robot.py', '--cfg-path', '/tmp/tmp6_szmquj']
[2024-07-04T05:10:01.012+0000] {standard_task_runner.py:85} INFO - Job 2418: Subtask id_task_get_emails
[2024-07-04T05:10:01.070+0000] {task_command.py:415} INFO - Running <TaskInstance: reports_workflow.id_task_get_emails scheduled__2024-07-04T05:05:00+00:00 [running]> on host 6f4ef5488251
[2024-07-04T05:10:01.154+0000] {taskinstance.py:1660} INFO - Exporting env vars: AIRFLOW_CTX_DAG_OWNER='FIRDAVS' AIRFLOW_CTX_DAG_ID='reports_workflow' AIRFLOW_CTX_TASK_ID='id_task_get_emails' AIRFLOW_CTX_EXECUTION_DATE='2024-07-04T05:05:00+00:00' AIRFLOW_CTX_TRY_NUMBER='1' AIRFLOW_CTX_DAG_RUN_ID='scheduled__2024-07-04T05:05:00+00:00'
[2024-07-04T05:10:01.156+0000] {logging_mixin.py:151} INFO - path of config file:  /opt/***
[2024-07-04T05:10:01.157+0000] {logging_mixin.py:151} INFO - #>2024-07-04 05:10:01.157553_User@StatDep: EmailRobot in screated.
[2024-07-04T05:10:01.158+0000] {logging_mixin.py:151} INFO - #>2024-07-04 05:10:01.158161_User@StatDep: get_for_recent_emails is started...
[2024-07-04T05:10:01.158+0000] {logging_mixin.py:151} INFO - #>2024-07-04 05:10:01.158755_User@StatDep: pop3_fetch_emails isstarted...
[2024-07-04T05:10:01.627+0000] {logging_mixin.py:151} INFO -    b'+OK'
[2024-07-04T05:10:01.988+0000] {logging_mixin.py:151} INFO -    mailbox have 0 emails and the robot can process 10
[2024-07-04T05:10:01.990+0000] {logging_mixin.py:151} INFO - #>2024-07-04 05:10:01.990072_User@StatDep: no emails to process, exiting pop3_fetch_emails()...
[2024-07-04T05:10:01.992+0000] {python.py:194} INFO - Done. Returned value was: True
[2024-07-04T05:10:02.031+0000] {taskinstance.py:1400} INFO - Marking task as SUCCESS. dag_id=reports_workflow, task_id=id_task_get_emails, execution_date=20240704T050500, start_date=20240704T051000, end_date=20240704T051002
[2024-07-04T05:10:02.058+0000] {local_task_job_runner.py:228} INFO - Task exited with return code 0
[2024-07-04T05:10:02.085+0000] {taskinstance.py:2784} INFO - 1 downstream tasks scheduled from follow-on schedule check
[2024-07-04T05:31:46.583+0000] {taskinstance.py:1159} INFO - Dependencies all met for dep_context=non-requeueable deps ti=<TaskInstance: reports_workflow.id_task_get_emails scheduled__2024-07-04T05:05:00+00:00 [queued]>
[2024-07-04T05:31:46.604+0000] {taskinstance.py:1159} INFO - Dependencies all met for dep_context=requeueable deps ti=<TaskInstance: reports_workflow.id_task_get_emails scheduled__2024-07-04T05:05:00+00:00 [queued]>
[2024-07-04T05:31:46.604+0000] {taskinstance.py:1361} INFO - Starting attempt 1 of 2
[2024-07-04T05:31:46.646+0000] {taskinstance.py:1382} INFO - Executing <Task(PythonOperator): id_task_get_emails> on 2024-07-04 05:05:00+00:00
[2024-07-04T05:31:46.653+0000] {standard_task_runner.py:57} INFO - Started process 42684 to run task
[2024-07-04T05:31:46.667+0000] {standard_task_runner.py:84} INFO - Running: ['***', 'tasks', 'run', 'reports_workflow', 'id_task_get_emails', 'scheduled__2024-07-04T05:05:00+00:00', '--job-id', '2458', '--raw', '--subdir', 'DAGS_FOLDER/dag_email_robot.py', '--cfg-path', '/tmp/tmp6mfo44_s']
[2024-07-04T05:31:46.668+0000] {standard_task_runner.py:85} INFO - Job 2458: Subtask id_task_get_emails
[2024-07-04T05:31:46.723+0000] {task_command.py:415} INFO - Running <TaskInstance: reports_workflow.id_task_get_emails scheduled__2024-07-04T05:05:00+00:00 [running]> on host 6f4ef5488251
[2024-07-04T05:31:46.855+0000] {taskinstance.py:1660} INFO - Exporting env vars: AIRFLOW_CTX_DAG_OWNER='FIRDAVS' AIRFLOW_CTX_DAG_ID='reports_workflow' AIRFLOW_CTX_TASK_ID='id_task_get_emails' AIRFLOW_CTX_EXECUTION_DATE='2024-07-04T05:05:00+00:00' AIRFLOW_CTX_TRY_NUMBER='1' AIRFLOW_CTX_DAG_RUN_ID='scheduled__2024-07-04T05:05:00+00:00'
[2024-07-04T05:31:46.856+0000] {logging_mixin.py:151} INFO - path of config file:  /opt/***
[2024-07-04T05:31:46.857+0000] {logging_mixin.py:151} INFO - #>2024-07-04 05:31:46.857457_User@StatDep: EmailRobot in screated.
[2024-07-04T05:31:46.857+0000] {logging_mixin.py:151} INFO - #>2024-07-04 05:31:46.857646_User@StatDep: get_for_recent_emails is started...
[2024-07-04T05:31:46.857+0000] {logging_mixin.py:151} INFO - #>2024-07-04 05:31:46.857783_User@StatDep: pop3_fetch_emails isstarted...
[2024-07-04T05:31:47.284+0000] {logging_mixin.py:151} INFO -    b'+OK'
[2024-07-04T05:31:47.650+0000] {logging_mixin.py:151} INFO -    mailbox have 0 emails and the robot can process 10
[2024-07-04T05:31:47.651+0000] {logging_mixin.py:151} INFO - #>2024-07-04 05:31:47.651288_User@StatDep: no emails to process, exiting pop3_fetch_emails()...
[2024-07-04T05:31:47.651+0000] {python.py:194} INFO - Done. Returned value was: True
[2024-07-04T05:31:47.689+0000] {taskinstance.py:1400} INFO - Marking task as SUCCESS. dag_id=reports_workflow, task_id=id_task_get_emails, execution_date=20240704T050500, start_date=20240704T053146, end_date=20240704T053147
[2024-07-04T05:31:47.761+0000] {local_task_job_runner.py:228} INFO - Task exited with return code 0
[2024-07-04T05:31:47.791+0000] {taskinstance.py:2784} INFO - 1 downstream tasks scheduled from follow-on schedule check
[2024-07-04T05:34:59.649+0000] {taskinstance.py:1159} INFO - Dependencies all met for dep_context=non-requeueable deps ti=<TaskInstance: reports_workflow.id_task_get_emails scheduled__2024-07-04T05:05:00+00:00 [queued]>
[2024-07-04T05:34:59.658+0000] {taskinstance.py:1159} INFO - Dependencies all met for dep_context=requeueable deps ti=<TaskInstance: reports_workflow.id_task_get_emails scheduled__2024-07-04T05:05:00+00:00 [queued]>
[2024-07-04T05:34:59.658+0000] {taskinstance.py:1361} INFO - Starting attempt 1 of 2
[2024-07-04T05:34:59.679+0000] {taskinstance.py:1382} INFO - Executing <Task(PythonOperator): id_task_get_emails> on 2024-07-04 05:05:00+00:00
[2024-07-04T05:34:59.690+0000] {standard_task_runner.py:57} INFO - Started process 42830 to run task
[2024-07-04T05:34:59.697+0000] {standard_task_runner.py:84} INFO - Running: ['***', 'tasks', 'run', 'reports_workflow', 'id_task_get_emails', 'scheduled__2024-07-04T05:05:00+00:00', '--job-id', '2507', '--raw', '--subdir', 'DAGS_FOLDER/dag_email_robot.py', '--cfg-path', '/tmp/tmp86rb0e9j']
[2024-07-04T05:34:59.698+0000] {standard_task_runner.py:85} INFO - Job 2507: Subtask id_task_get_emails
[2024-07-04T05:34:59.800+0000] {task_command.py:415} INFO - Running <TaskInstance: reports_workflow.id_task_get_emails scheduled__2024-07-04T05:05:00+00:00 [running]> on host 6f4ef5488251
[2024-07-04T05:34:59.992+0000] {taskinstance.py:1660} INFO - Exporting env vars: AIRFLOW_CTX_DAG_OWNER='FIRDAVS' AIRFLOW_CTX_DAG_ID='reports_workflow' AIRFLOW_CTX_TASK_ID='id_task_get_emails' AIRFLOW_CTX_EXECUTION_DATE='2024-07-04T05:05:00+00:00' AIRFLOW_CTX_TRY_NUMBER='1' AIRFLOW_CTX_DAG_RUN_ID='scheduled__2024-07-04T05:05:00+00:00'
[2024-07-04T05:34:59.993+0000] {logging_mixin.py:151} INFO - path of config file:  /opt/***
[2024-07-04T05:34:59.993+0000] {logging_mixin.py:151} INFO - #>2024-07-04 05:34:59.993879_User@StatDep: EmailRobot in screated.
[2024-07-04T05:34:59.994+0000] {logging_mixin.py:151} INFO - #>2024-07-04 05:34:59.994282_User@StatDep: get_for_recent_emails is started...
[2024-07-04T05:34:59.994+0000] {logging_mixin.py:151} INFO - #>2024-07-04 05:34:59.994602_User@StatDep: pop3_fetch_emails isstarted...
[2024-07-04T05:35:00.384+0000] {logging_mixin.py:151} INFO -    b'+OK'
[2024-07-04T05:35:00.670+0000] {logging_mixin.py:151} INFO -    mailbox have 0 emails and the robot can process 10
[2024-07-04T05:35:00.671+0000] {logging_mixin.py:151} INFO - #>2024-07-04 05:35:00.671668_User@StatDep: no emails to process, exiting pop3_fetch_emails()...
[2024-07-04T05:35:00.673+0000] {python.py:194} INFO - Done. Returned value was: True
[2024-07-04T05:35:00.707+0000] {taskinstance.py:1400} INFO - Marking task as SUCCESS. dag_id=reports_workflow, task_id=id_task_get_emails, execution_date=20240704T050500, start_date=20240704T053459, end_date=20240704T053500
[2024-07-04T05:35:00.730+0000] {local_task_job_runner.py:228} INFO - Task exited with return code 0
[2024-07-04T05:35:00.764+0000] {taskinstance.py:2784} INFO - 1 downstream tasks scheduled from follow-on schedule check
