[2024-07-08T09:05:01.801+0000] {taskinstance.py:1159} INFO - Dependencies all met for dep_context=non-requeueable deps ti=<TaskInstance: reports_workflow.id_task_get_emails scheduled__2024-07-08T09:00:00+00:00 [queued]>
[2024-07-08T09:05:01.810+0000] {taskinstance.py:1159} INFO - Dependencies all met for dep_context=requeueable deps ti=<TaskInstance: reports_workflow.id_task_get_emails scheduled__2024-07-08T09:00:00+00:00 [queued]>
[2024-07-08T09:05:01.810+0000] {taskinstance.py:1361} INFO - Starting attempt 1 of 2
[2024-07-08T09:05:01.821+0000] {taskinstance.py:1382} INFO - Executing <Task(PythonOperator): id_task_get_emails> on 2024-07-08 09:00:00+00:00
[2024-07-08T09:05:01.828+0000] {standard_task_runner.py:57} INFO - Started process 6434 to run task
[2024-07-08T09:05:01.833+0000] {standard_task_runner.py:84} INFO - Running: ['***', 'tasks', 'run', 'reports_workflow', 'id_task_get_emails', 'scheduled__2024-07-08T09:00:00+00:00', '--job-id', '3659', '--raw', '--subdir', 'DAGS_FOLDER/dag_email_robot.py', '--cfg-path', '/tmp/tmpai9bped8']
[2024-07-08T09:05:01.838+0000] {standard_task_runner.py:85} INFO - Job 3659: Subtask id_task_get_emails
[2024-07-08T09:05:01.921+0000] {task_command.py:415} INFO - Running <TaskInstance: reports_workflow.id_task_get_emails scheduled__2024-07-08T09:00:00+00:00 [running]> on host 6f4ef5488251
[2024-07-08T09:05:02.034+0000] {taskinstance.py:1660} INFO - Exporting env vars: AIRFLOW_CTX_DAG_OWNER='FIRDAVS' AIRFLOW_CTX_DAG_ID='reports_workflow' AIRFLOW_CTX_TASK_ID='id_task_get_emails' AIRFLOW_CTX_EXECUTION_DATE='2024-07-08T09:00:00+00:00' AIRFLOW_CTX_TRY_NUMBER='1' AIRFLOW_CTX_DAG_RUN_ID='scheduled__2024-07-08T09:00:00+00:00'
[2024-07-08T09:05:02.035+0000] {logging_mixin.py:151} INFO - path of config file:  /opt/***
[2024-07-08T09:05:02.035+0000] {logging_mixin.py:151} INFO - #>2024-07-08 09:05:02.035866_User@StatDep: EmailRobot in screated.
[2024-07-08T09:05:02.036+0000] {logging_mixin.py:151} INFO - #>2024-07-08 09:05:02.036025_User@StatDep: get_for_recent_emails is started...
[2024-07-08T09:05:02.036+0000] {logging_mixin.py:151} INFO - #>2024-07-08 09:05:02.036136_User@StatDep: pop3_fetch_emails isstarted...
[2024-07-08T09:05:02.586+0000] {logging_mixin.py:151} INFO -    b'+OK'
[2024-07-08T09:05:02.969+0000] {logging_mixin.py:151} INFO -    mailbox have 0 emails and the robot can process 10
[2024-07-08T09:05:02.969+0000] {logging_mixin.py:151} INFO - #>2024-07-08 09:05:02.969516_User@StatDep: no emails to process, exiting pop3_fetch_emails()...
[2024-07-08T09:05:02.970+0000] {python.py:194} INFO - Done. Returned value was: True
[2024-07-08T09:05:03.009+0000] {taskinstance.py:1400} INFO - Marking task as SUCCESS. dag_id=reports_workflow, task_id=id_task_get_emails, execution_date=20240708T090000, start_date=20240708T090501, end_date=20240708T090503
[2024-07-08T09:05:03.052+0000] {local_task_job_runner.py:228} INFO - Task exited with return code 0
[2024-07-08T09:05:03.090+0000] {taskinstance.py:2784} INFO - 1 downstream tasks scheduled from follow-on schedule check
[2024-07-08T10:23:00.548+0000] {taskinstance.py:1159} INFO - Dependencies all met for dep_context=non-requeueable deps ti=<TaskInstance: reports_workflow.id_task_get_emails scheduled__2024-07-08T09:00:00+00:00 [queued]>
[2024-07-08T10:23:00.557+0000] {taskinstance.py:1159} INFO - Dependencies all met for dep_context=requeueable deps ti=<TaskInstance: reports_workflow.id_task_get_emails scheduled__2024-07-08T09:00:00+00:00 [queued]>
[2024-07-08T10:23:00.557+0000] {taskinstance.py:1361} INFO - Starting attempt 1 of 2
[2024-07-08T10:23:00.568+0000] {taskinstance.py:1382} INFO - Executing <Task(PythonOperator): id_task_get_emails> on 2024-07-08 09:00:00+00:00
[2024-07-08T10:23:00.573+0000] {standard_task_runner.py:57} INFO - Started process 8250 to run task
[2024-07-08T10:23:00.578+0000] {standard_task_runner.py:84} INFO - Running: ['***', 'tasks', 'run', 'reports_workflow', 'id_task_get_emails', 'scheduled__2024-07-08T09:00:00+00:00', '--job-id', '3867', '--raw', '--subdir', 'DAGS_FOLDER/dag_email_robot.py', '--cfg-path', '/tmp/tmp_srq7p83']
[2024-07-08T10:23:00.585+0000] {standard_task_runner.py:85} INFO - Job 3867: Subtask id_task_get_emails
[2024-07-08T10:23:00.648+0000] {task_command.py:415} INFO - Running <TaskInstance: reports_workflow.id_task_get_emails scheduled__2024-07-08T09:00:00+00:00 [running]> on host 6f4ef5488251
[2024-07-08T10:23:00.759+0000] {taskinstance.py:1660} INFO - Exporting env vars: AIRFLOW_CTX_DAG_OWNER='FIRDAVS' AIRFLOW_CTX_DAG_ID='reports_workflow' AIRFLOW_CTX_TASK_ID='id_task_get_emails' AIRFLOW_CTX_EXECUTION_DATE='2024-07-08T09:00:00+00:00' AIRFLOW_CTX_TRY_NUMBER='1' AIRFLOW_CTX_DAG_RUN_ID='scheduled__2024-07-08T09:00:00+00:00'
[2024-07-08T10:23:00.760+0000] {logging_mixin.py:151} INFO - path of config file:  /opt/***
[2024-07-08T10:23:00.761+0000] {logging_mixin.py:151} INFO - #>2024-07-08 10:23:00.761270_User@StatDep: EmailRobot in screated.
[2024-07-08T10:23:00.761+0000] {logging_mixin.py:151} INFO - #>2024-07-08 10:23:00.761471_User@StatDep: get_for_recent_emails is started...
[2024-07-08T10:23:00.761+0000] {logging_mixin.py:151} INFO - #>2024-07-08 10:23:00.761611_User@StatDep: pop3_fetch_emails isstarted...
[2024-07-08T10:23:01.199+0000] {logging_mixin.py:151} INFO -    b'+OK'
[2024-07-08T10:23:01.507+0000] {logging_mixin.py:151} INFO -    mailbox have 0 emails and the robot can process 10
[2024-07-08T10:23:01.508+0000] {logging_mixin.py:151} INFO - #>2024-07-08 10:23:01.508245_User@StatDep: no emails to process, exiting pop3_fetch_emails()...
[2024-07-08T10:23:01.509+0000] {python.py:194} INFO - Done. Returned value was: True
[2024-07-08T10:23:01.546+0000] {taskinstance.py:1400} INFO - Marking task as SUCCESS. dag_id=reports_workflow, task_id=id_task_get_emails, execution_date=20240708T090000, start_date=20240708T102300, end_date=20240708T102301
[2024-07-08T10:23:01.596+0000] {local_task_job_runner.py:228} INFO - Task exited with return code 0
[2024-07-08T10:23:01.634+0000] {taskinstance.py:2784} INFO - 1 downstream tasks scheduled from follow-on schedule check
