[2024-07-03T09:58:15.287+0000] {taskinstance.py:1159} INFO - Dependencies all met for dep_context=non-requeueable deps ti=<TaskInstance: reports_workflow.id_task_get_emails scheduled__2024-07-02T16:40:00+00:00 [queued]>
[2024-07-03T09:58:15.300+0000] {taskinstance.py:1159} INFO - Dependencies all met for dep_context=requeueable deps ti=<TaskInstance: reports_workflow.id_task_get_emails scheduled__2024-07-02T16:40:00+00:00 [queued]>
[2024-07-03T09:58:15.300+0000] {taskinstance.py:1361} INFO - Starting attempt 1 of 1
[2024-07-03T09:58:15.371+0000] {taskinstance.py:1382} INFO - Executing <Task(PythonOperator): id_task_get_emails> on 2024-07-02 16:40:00+00:00
[2024-07-03T09:58:15.378+0000] {standard_task_runner.py:57} INFO - Started process 20741 to run task
[2024-07-03T09:58:15.387+0000] {standard_task_runner.py:84} INFO - Running: ['***', 'tasks', 'run', 'reports_workflow', 'id_task_get_emails', 'scheduled__2024-07-02T16:40:00+00:00', '--job-id', '445', '--raw', '--subdir', 'DAGS_FOLDER/dag_email_robot.py', '--cfg-path', '/tmp/tmp7lxf6222']
[2024-07-03T09:58:15.390+0000] {standard_task_runner.py:85} INFO - Job 445: Subtask id_task_get_emails
[2024-07-03T09:58:15.457+0000] {task_command.py:415} INFO - Running <TaskInstance: reports_workflow.id_task_get_emails scheduled__2024-07-02T16:40:00+00:00 [running]> on host 6f4ef5488251
[2024-07-03T09:58:15.683+0000] {taskinstance.py:1660} INFO - Exporting env vars: AIRFLOW_CTX_DAG_OWNER='FIRDAVS' AIRFLOW_CTX_DAG_ID='reports_workflow' AIRFLOW_CTX_TASK_ID='id_task_get_emails' AIRFLOW_CTX_EXECUTION_DATE='2024-07-02T16:40:00+00:00' AIRFLOW_CTX_TRY_NUMBER='1' AIRFLOW_CTX_DAG_RUN_ID='scheduled__2024-07-02T16:40:00+00:00'
[2024-07-03T09:58:15.684+0000] {logging_mixin.py:151} INFO - path of config file:  /opt/***
[2024-07-03T09:58:15.684+0000] {logging_mixin.py:151} INFO - #>2024-07-03 09:58:15.684918_User@StatDep: EmailRobot in screated.
[2024-07-03T09:58:15.685+0000] {logging_mixin.py:151} INFO - #>2024-07-03 09:58:15.685098_User@StatDep: get_for_recent_emails is started...
[2024-07-03T09:58:15.685+0000] {logging_mixin.py:151} INFO - #>2024-07-03 09:58:15.685227_User@StatDep: pop3_fetch_emails isstarted...
[2024-07-03T09:58:16.055+0000] {logging_mixin.py:151} INFO -    b'+OK'
[2024-07-03T09:58:16.422+0000] {logging_mixin.py:151} INFO -    mailbox have 0 emails and the robot can process 10
[2024-07-03T09:58:16.422+0000] {logging_mixin.py:151} INFO - #>2024-07-03 09:58:16.422665_User@StatDep: no emails to process, exiting pop3_fetch_emails()...
[2024-07-03T09:58:16.423+0000] {python.py:194} INFO - Done. Returned value was: True
[2024-07-03T09:58:16.450+0000] {taskinstance.py:1400} INFO - Marking task as SUCCESS. dag_id=reports_workflow, task_id=id_task_get_emails, execution_date=20240702T164000, start_date=20240703T095815, end_date=20240703T095816
[2024-07-03T09:58:16.484+0000] {local_task_job_runner.py:228} INFO - Task exited with return code 0
[2024-07-03T09:58:16.511+0000] {taskinstance.py:2784} INFO - 0 downstream tasks scheduled from follow-on schedule check
[2024-07-03T12:05:41.185+0000] {taskinstance.py:1159} INFO - Dependencies all met for dep_context=non-requeueable deps ti=<TaskInstance: reports_workflow.id_task_get_emails scheduled__2024-07-02T16:40:00+00:00 [queued]>
[2024-07-03T12:05:41.201+0000] {taskinstance.py:1159} INFO - Dependencies all met for dep_context=requeueable deps ti=<TaskInstance: reports_workflow.id_task_get_emails scheduled__2024-07-02T16:40:00+00:00 [queued]>
[2024-07-03T12:05:41.201+0000] {taskinstance.py:1361} INFO - Starting attempt 1 of 1
[2024-07-03T12:05:41.232+0000] {taskinstance.py:1382} INFO - Executing <Task(PythonOperator): id_task_get_emails> on 2024-07-02 16:40:00+00:00
[2024-07-03T12:05:41.237+0000] {standard_task_runner.py:57} INFO - Started process 23560 to run task
[2024-07-03T12:05:41.249+0000] {standard_task_runner.py:84} INFO - Running: ['***', 'tasks', 'run', 'reports_workflow', 'id_task_get_emails', 'scheduled__2024-07-02T16:40:00+00:00', '--job-id', '886', '--raw', '--subdir', 'DAGS_FOLDER/dag_email_robot.py', '--cfg-path', '/tmp/tmphytze0ir']
[2024-07-03T12:05:41.251+0000] {standard_task_runner.py:85} INFO - Job 886: Subtask id_task_get_emails
[2024-07-03T12:05:41.324+0000] {task_command.py:415} INFO - Running <TaskInstance: reports_workflow.id_task_get_emails scheduled__2024-07-02T16:40:00+00:00 [running]> on host 6f4ef5488251
[2024-07-03T12:05:41.452+0000] {taskinstance.py:1660} INFO - Exporting env vars: AIRFLOW_CTX_DAG_OWNER='FIRDAVS' AIRFLOW_CTX_DAG_ID='reports_workflow' AIRFLOW_CTX_TASK_ID='id_task_get_emails' AIRFLOW_CTX_EXECUTION_DATE='2024-07-02T16:40:00+00:00' AIRFLOW_CTX_TRY_NUMBER='1' AIRFLOW_CTX_DAG_RUN_ID='scheduled__2024-07-02T16:40:00+00:00'
[2024-07-03T12:05:41.453+0000] {logging_mixin.py:151} INFO - path of config file:  /opt/***
[2024-07-03T12:05:41.454+0000] {logging_mixin.py:151} INFO - #>2024-07-03 12:05:41.454012_User@StatDep: EmailRobot in screated.
[2024-07-03T12:05:41.454+0000] {logging_mixin.py:151} INFO - #>2024-07-03 12:05:41.454204_User@StatDep: get_for_recent_emails is started...
[2024-07-03T12:05:41.454+0000] {logging_mixin.py:151} INFO - #>2024-07-03 12:05:41.454356_User@StatDep: pop3_fetch_emails isstarted...
[2024-07-03T12:05:41.860+0000] {logging_mixin.py:151} INFO -    b'+OK'
[2024-07-03T12:05:42.274+0000] {logging_mixin.py:151} INFO -    mailbox have 1 emails and the robot can process 10
[2024-07-03T12:05:42.712+0000] {logging_mixin.py:151} INFO -    #>2024-07-03 12:05:42.712597_conneciton to db is set.
[2024-07-03T12:05:42.722+0000] {taskinstance.py:1943} ERROR - Task failed with exception
Traceback (most recent call last):
  File "/home/airflow/.local/lib/python3.8/site-packages/airflow/operators/python.py", line 192, in execute
    return_value = self.execute_callable()
  File "/home/airflow/.local/lib/python3.8/site-packages/airflow/operators/python.py", line 209, in execute_callable
    return self.python_callable(*self.op_args, **self.op_kwargs)
  File "/opt/airflow/dags/dag_email_robot.py", line 25, in get_emails
    robot.fetch_emails()
  File "/opt/airflow/dags/emailRobot.py", line 62, in fetch_emails
    return self.pop3_fetch_emails()
  File "/opt/airflow/dags/emailRobot.py", line 156, in pop3_fetch_emails
    cursor.execute (query, insert_values)
psycopg2.errors.UndefinedTable: relation "sma_stat_dep.tbl_file_upload" does not exist
LINE 1: ...) AS (INSERT INTO                                 sma_stat_d...
                                                             ^

[2024-07-03T12:05:42.738+0000] {taskinstance.py:1400} INFO - Marking task as FAILED. dag_id=reports_workflow, task_id=id_task_get_emails, execution_date=20240702T164000, start_date=20240703T120541, end_date=20240703T120542
[2024-07-03T12:05:42.767+0000] {standard_task_runner.py:104} ERROR - Failed to execute job 886 for task id_task_get_emails (relation "sma_stat_dep.tbl_file_upload" does not exist
LINE 1: ...) AS (INSERT INTO                                 sma_stat_d...
                                                             ^
; 23560)
[2024-07-03T12:05:42.798+0000] {local_task_job_runner.py:228} INFO - Task exited with return code 1
[2024-07-03T12:05:42.837+0000] {taskinstance.py:2784} INFO - 0 downstream tasks scheduled from follow-on schedule check
[2024-07-03T12:27:58.478+0000] {taskinstance.py:1159} INFO - Dependencies all met for dep_context=non-requeueable deps ti=<TaskInstance: reports_workflow.id_task_get_emails scheduled__2024-07-02T16:40:00+00:00 [queued]>
[2024-07-03T12:27:58.498+0000] {taskinstance.py:1159} INFO - Dependencies all met for dep_context=requeueable deps ti=<TaskInstance: reports_workflow.id_task_get_emails scheduled__2024-07-02T16:40:00+00:00 [queued]>
[2024-07-03T12:27:58.498+0000] {taskinstance.py:1361} INFO - Starting attempt 1 of 1
[2024-07-03T12:27:58.545+0000] {taskinstance.py:1382} INFO - Executing <Task(PythonOperator): id_task_get_emails> on 2024-07-02 16:40:00+00:00
[2024-07-03T12:27:58.558+0000] {standard_task_runner.py:57} INFO - Started process 24675 to run task
[2024-07-03T12:27:58.583+0000] {standard_task_runner.py:84} INFO - Running: ['***', 'tasks', 'run', 'reports_workflow', 'id_task_get_emails', 'scheduled__2024-07-02T16:40:00+00:00', '--job-id', '1276', '--raw', '--subdir', 'DAGS_FOLDER/dag_email_robot.py', '--cfg-path', '/tmp/tmp7931vrwj']
[2024-07-03T12:27:58.585+0000] {standard_task_runner.py:85} INFO - Job 1276: Subtask id_task_get_emails
[2024-07-03T12:27:58.839+0000] {task_command.py:415} INFO - Running <TaskInstance: reports_workflow.id_task_get_emails scheduled__2024-07-02T16:40:00+00:00 [running]> on host 6f4ef5488251
[2024-07-03T12:27:59.059+0000] {taskinstance.py:1660} INFO - Exporting env vars: AIRFLOW_CTX_DAG_OWNER='FIRDAVS' AIRFLOW_CTX_DAG_ID='reports_workflow' AIRFLOW_CTX_TASK_ID='id_task_get_emails' AIRFLOW_CTX_EXECUTION_DATE='2024-07-02T16:40:00+00:00' AIRFLOW_CTX_TRY_NUMBER='1' AIRFLOW_CTX_DAG_RUN_ID='scheduled__2024-07-02T16:40:00+00:00'
[2024-07-03T12:27:59.060+0000] {logging_mixin.py:151} INFO - path of config file:  /opt/***
[2024-07-03T12:27:59.060+0000] {logging_mixin.py:151} INFO - #>2024-07-03 12:27:59.060507_User@StatDep: EmailRobot in screated.
[2024-07-03T12:27:59.060+0000] {logging_mixin.py:151} INFO - #>2024-07-03 12:27:59.060694_User@StatDep: get_for_recent_emails is started...
[2024-07-03T12:27:59.060+0000] {logging_mixin.py:151} INFO - #>2024-07-03 12:27:59.060819_User@StatDep: pop3_fetch_emails isstarted...
[2024-07-03T12:27:59.442+0000] {logging_mixin.py:151} INFO -    b'+OK'
[2024-07-03T12:27:59.730+0000] {logging_mixin.py:151} INFO -    mailbox have 0 emails and the robot can process 10
[2024-07-03T12:27:59.730+0000] {logging_mixin.py:151} INFO - #>2024-07-03 12:27:59.730643_User@StatDep: no emails to process, exiting pop3_fetch_emails()...
[2024-07-03T12:27:59.731+0000] {python.py:194} INFO - Done. Returned value was: True
[2024-07-03T12:27:59.753+0000] {taskinstance.py:1400} INFO - Marking task as SUCCESS. dag_id=reports_workflow, task_id=id_task_get_emails, execution_date=20240702T164000, start_date=20240703T122758, end_date=20240703T122759
[2024-07-03T12:27:59.799+0000] {local_task_job_runner.py:228} INFO - Task exited with return code 0
[2024-07-03T12:27:59.836+0000] {taskinstance.py:2784} INFO - 1 downstream tasks scheduled from follow-on schedule check
