[2024-07-03T09:57:50.137+0000] {taskinstance.py:1159} INFO - Dependencies all met for dep_context=non-requeueable deps ti=<TaskInstance: reports_workflow.id_task_get_emails scheduled__2024-07-02T12:00:00+00:00 [queued]>
[2024-07-03T09:57:50.161+0000] {taskinstance.py:1159} INFO - Dependencies all met for dep_context=requeueable deps ti=<TaskInstance: reports_workflow.id_task_get_emails scheduled__2024-07-02T12:00:00+00:00 [queued]>
[2024-07-03T09:57:50.161+0000] {taskinstance.py:1361} INFO - Starting attempt 1 of 1
[2024-07-03T09:57:50.189+0000] {taskinstance.py:1382} INFO - Executing <Task(PythonOperator): id_task_get_emails> on 2024-07-02 12:00:00+00:00
[2024-07-03T09:57:50.195+0000] {standard_task_runner.py:57} INFO - Started process 20621 to run task
[2024-07-03T09:57:50.213+0000] {standard_task_runner.py:84} INFO - Running: ['***', 'tasks', 'run', 'reports_workflow', 'id_task_get_emails', 'scheduled__2024-07-02T12:00:00+00:00', '--job-id', '389', '--raw', '--subdir', 'DAGS_FOLDER/dag_email_robot.py', '--cfg-path', '/tmp/tmpyjbugxlq']
[2024-07-03T09:57:50.214+0000] {standard_task_runner.py:85} INFO - Job 389: Subtask id_task_get_emails
[2024-07-03T09:57:50.379+0000] {task_command.py:415} INFO - Running <TaskInstance: reports_workflow.id_task_get_emails scheduled__2024-07-02T12:00:00+00:00 [running]> on host 6f4ef5488251
[2024-07-03T09:57:50.617+0000] {taskinstance.py:1660} INFO - Exporting env vars: AIRFLOW_CTX_DAG_OWNER='FIRDAVS' AIRFLOW_CTX_DAG_ID='reports_workflow' AIRFLOW_CTX_TASK_ID='id_task_get_emails' AIRFLOW_CTX_EXECUTION_DATE='2024-07-02T12:00:00+00:00' AIRFLOW_CTX_TRY_NUMBER='1' AIRFLOW_CTX_DAG_RUN_ID='scheduled__2024-07-02T12:00:00+00:00'
[2024-07-03T09:57:50.620+0000] {logging_mixin.py:151} INFO - path of config file:  /opt/***
[2024-07-03T09:57:50.620+0000] {taskinstance.py:1943} ERROR - Task failed with exception
Traceback (most recent call last):
  File "/home/airflow/.local/lib/python3.8/site-packages/airflow/operators/python.py", line 192, in execute
    return_value = self.execute_callable()
  File "/home/airflow/.local/lib/python3.8/site-packages/airflow/operators/python.py", line 209, in execute_callable
    return self.python_callable(*self.op_args, **self.op_kwargs)
  File "/opt/airflow/dags/dag_email_robot.py", line 22, in get_emails
    email_conf = json.load (open(path / ("config/email_conf.json")))
NameError: name 'json' is not defined
[2024-07-03T09:57:50.644+0000] {taskinstance.py:1400} INFO - Marking task as FAILED. dag_id=reports_workflow, task_id=id_task_get_emails, execution_date=20240702T120000, start_date=20240703T095750, end_date=20240703T095750
[2024-07-03T09:57:50.685+0000] {standard_task_runner.py:104} ERROR - Failed to execute job 389 for task id_task_get_emails (name 'json' is not defined; 20621)
[2024-07-03T09:57:50.733+0000] {local_task_job_runner.py:228} INFO - Task exited with return code 1
[2024-07-03T09:57:50.856+0000] {taskinstance.py:2784} INFO - 0 downstream tasks scheduled from follow-on schedule check
[2024-07-03T12:05:16.624+0000] {taskinstance.py:1159} INFO - Dependencies all met for dep_context=non-requeueable deps ti=<TaskInstance: reports_workflow.id_task_get_emails scheduled__2024-07-02T12:00:00+00:00 [queued]>
[2024-07-03T12:05:16.635+0000] {taskinstance.py:1159} INFO - Dependencies all met for dep_context=requeueable deps ti=<TaskInstance: reports_workflow.id_task_get_emails scheduled__2024-07-02T12:00:00+00:00 [queued]>
[2024-07-03T12:05:16.635+0000] {taskinstance.py:1361} INFO - Starting attempt 1 of 1
[2024-07-03T12:05:16.730+0000] {taskinstance.py:1382} INFO - Executing <Task(PythonOperator): id_task_get_emails> on 2024-07-02 12:00:00+00:00
[2024-07-03T12:05:16.737+0000] {standard_task_runner.py:57} INFO - Started process 23439 to run task
[2024-07-03T12:05:16.746+0000] {standard_task_runner.py:84} INFO - Running: ['***', 'tasks', 'run', 'reports_workflow', 'id_task_get_emails', 'scheduled__2024-07-02T12:00:00+00:00', '--job-id', '830', '--raw', '--subdir', 'DAGS_FOLDER/dag_email_robot.py', '--cfg-path', '/tmp/tmpnoffvv69']
[2024-07-03T12:05:16.747+0000] {standard_task_runner.py:85} INFO - Job 830: Subtask id_task_get_emails
[2024-07-03T12:05:16.810+0000] {task_command.py:415} INFO - Running <TaskInstance: reports_workflow.id_task_get_emails scheduled__2024-07-02T12:00:00+00:00 [running]> on host 6f4ef5488251
[2024-07-03T12:05:16.934+0000] {taskinstance.py:1660} INFO - Exporting env vars: AIRFLOW_CTX_DAG_OWNER='FIRDAVS' AIRFLOW_CTX_DAG_ID='reports_workflow' AIRFLOW_CTX_TASK_ID='id_task_get_emails' AIRFLOW_CTX_EXECUTION_DATE='2024-07-02T12:00:00+00:00' AIRFLOW_CTX_TRY_NUMBER='1' AIRFLOW_CTX_DAG_RUN_ID='scheduled__2024-07-02T12:00:00+00:00'
[2024-07-03T12:05:16.935+0000] {logging_mixin.py:151} INFO - path of config file:  /opt/***
[2024-07-03T12:05:16.936+0000] {logging_mixin.py:151} INFO - #>2024-07-03 12:05:16.936133_User@StatDep: EmailRobot in screated.
[2024-07-03T12:05:16.936+0000] {logging_mixin.py:151} INFO - #>2024-07-03 12:05:16.936320_User@StatDep: get_for_recent_emails is started...
[2024-07-03T12:05:16.936+0000] {logging_mixin.py:151} INFO - #>2024-07-03 12:05:16.936462_User@StatDep: pop3_fetch_emails isstarted...
[2024-07-03T12:05:17.323+0000] {logging_mixin.py:151} INFO -    b'+OK'
[2024-07-03T12:05:17.760+0000] {logging_mixin.py:151} INFO -    mailbox have 1 emails and the robot can process 10
[2024-07-03T12:05:18.213+0000] {logging_mixin.py:151} INFO -    #>2024-07-03 12:05:18.212939_conneciton to db is set.
[2024-07-03T12:05:18.221+0000] {taskinstance.py:1943} ERROR - Task failed with exception
Traceback (most recent call last):
  File "/home/airflow/.local/lib/python3.8/site-packages/airflow/operators/python.py", line 192, in execute
    return_value = self.execute_callable()
  File "/home/airflow/.local/lib/python3.8/site-packages/airflow/operators/python.py", line 209, in execute_callable
    return self.python_callable(*self.op_args, **self.op_kwargs)
  File "/opt/airflow/dags/dag_email_robot.py", line 25, in get_emails
    robot.fetch_emails()
  File "/opt/airflow/dags/emailRobot.py", line 62, in fetch_emails
    return self.pop3_fetch_emails()
  File "/opt/airflow/dags/emailRobot.py", line 156, in pop3_fetch_emails
    cursor.execute (query, insert_values)
psycopg2.errors.UndefinedTable: relation "sma_stat_dep.tbl_file_upload" does not exist
LINE 1: ...) AS (INSERT INTO                                 sma_stat_d...
                                                             ^

[2024-07-03T12:05:18.235+0000] {taskinstance.py:1400} INFO - Marking task as FAILED. dag_id=reports_workflow, task_id=id_task_get_emails, execution_date=20240702T120000, start_date=20240703T120516, end_date=20240703T120518
[2024-07-03T12:05:18.247+0000] {standard_task_runner.py:104} ERROR - Failed to execute job 830 for task id_task_get_emails (relation "sma_stat_dep.tbl_file_upload" does not exist
LINE 1: ...) AS (INSERT INTO                                 sma_stat_d...
                                                             ^
; 23439)
[2024-07-03T12:05:18.259+0000] {local_task_job_runner.py:228} INFO - Task exited with return code 1
[2024-07-03T12:05:18.284+0000] {taskinstance.py:2784} INFO - 0 downstream tasks scheduled from follow-on schedule check
[2024-07-03T12:24:24.499+0000] {taskinstance.py:1159} INFO - Dependencies all met for dep_context=non-requeueable deps ti=<TaskInstance: reports_workflow.id_task_get_emails scheduled__2024-07-02T12:00:00+00:00 [queued]>
[2024-07-03T12:24:24.508+0000] {taskinstance.py:1159} INFO - Dependencies all met for dep_context=requeueable deps ti=<TaskInstance: reports_workflow.id_task_get_emails scheduled__2024-07-02T12:00:00+00:00 [queued]>
[2024-07-03T12:24:24.508+0000] {taskinstance.py:1361} INFO - Starting attempt 1 of 1
[2024-07-03T12:24:24.525+0000] {taskinstance.py:1382} INFO - Executing <Task(PythonOperator): id_task_get_emails> on 2024-07-02 12:00:00+00:00
[2024-07-03T12:24:24.531+0000] {standard_task_runner.py:57} INFO - Started process 24411 to run task
[2024-07-03T12:24:24.536+0000] {standard_task_runner.py:84} INFO - Running: ['***', 'tasks', 'run', 'reports_workflow', 'id_task_get_emails', 'scheduled__2024-07-02T12:00:00+00:00', '--job-id', '1171', '--raw', '--subdir', 'DAGS_FOLDER/dag_email_robot.py', '--cfg-path', '/tmp/tmpf83jlr1j']
[2024-07-03T12:24:24.537+0000] {standard_task_runner.py:85} INFO - Job 1171: Subtask id_task_get_emails
[2024-07-03T12:24:24.590+0000] {task_command.py:415} INFO - Running <TaskInstance: reports_workflow.id_task_get_emails scheduled__2024-07-02T12:00:00+00:00 [running]> on host 6f4ef5488251
[2024-07-03T12:24:24.671+0000] {taskinstance.py:1660} INFO - Exporting env vars: AIRFLOW_CTX_DAG_OWNER='FIRDAVS' AIRFLOW_CTX_DAG_ID='reports_workflow' AIRFLOW_CTX_TASK_ID='id_task_get_emails' AIRFLOW_CTX_EXECUTION_DATE='2024-07-02T12:00:00+00:00' AIRFLOW_CTX_TRY_NUMBER='1' AIRFLOW_CTX_DAG_RUN_ID='scheduled__2024-07-02T12:00:00+00:00'
[2024-07-03T12:24:24.671+0000] {logging_mixin.py:151} INFO - path of config file:  /opt/***
[2024-07-03T12:24:24.675+0000] {logging_mixin.py:151} INFO - #>2024-07-03 12:24:24.675110_User@StatDep: EmailRobot in screated.
[2024-07-03T12:24:24.675+0000] {logging_mixin.py:151} INFO - #>2024-07-03 12:24:24.675299_User@StatDep: get_for_recent_emails is started...
[2024-07-03T12:24:24.675+0000] {logging_mixin.py:151} INFO - #>2024-07-03 12:24:24.675424_User@StatDep: pop3_fetch_emails isstarted...
[2024-07-03T12:24:25.067+0000] {logging_mixin.py:151} INFO -    b'+OK'
[2024-07-03T12:24:25.405+0000] {logging_mixin.py:151} INFO -    mailbox have 0 emails and the robot can process 10
[2024-07-03T12:24:25.406+0000] {logging_mixin.py:151} INFO - #>2024-07-03 12:24:25.406481_User@StatDep: no emails to process, exiting pop3_fetch_emails()...
[2024-07-03T12:24:25.407+0000] {python.py:194} INFO - Done. Returned value was: True
[2024-07-03T12:24:25.456+0000] {taskinstance.py:1400} INFO - Marking task as SUCCESS. dag_id=reports_workflow, task_id=id_task_get_emails, execution_date=20240702T120000, start_date=20240703T122424, end_date=20240703T122425
[2024-07-03T12:24:25.515+0000] {local_task_job_runner.py:228} INFO - Task exited with return code 0
[2024-07-03T12:24:25.549+0000] {taskinstance.py:2784} INFO - 1 downstream tasks scheduled from follow-on schedule check
[2024-07-03T14:47:03.815+0000] {taskinstance.py:1159} INFO - Dependencies all met for dep_context=non-requeueable deps ti=<TaskInstance: reports_workflow.id_task_get_emails scheduled__2024-07-02T12:00:00+00:00 [queued]>
[2024-07-03T14:47:03.836+0000] {taskinstance.py:1159} INFO - Dependencies all met for dep_context=requeueable deps ti=<TaskInstance: reports_workflow.id_task_get_emails scheduled__2024-07-02T12:00:00+00:00 [queued]>
[2024-07-03T14:47:03.836+0000] {taskinstance.py:1361} INFO - Starting attempt 1 of 2
[2024-07-03T14:47:03.861+0000] {taskinstance.py:1382} INFO - Executing <Task(PythonOperator): id_task_get_emails> on 2024-07-02 12:00:00+00:00
[2024-07-03T14:47:03.866+0000] {standard_task_runner.py:57} INFO - Started process 28488 to run task
[2024-07-03T14:47:03.875+0000] {standard_task_runner.py:84} INFO - Running: ['***', 'tasks', 'run', 'reports_workflow', 'id_task_get_emails', 'scheduled__2024-07-02T12:00:00+00:00', '--job-id', '2128', '--raw', '--subdir', 'DAGS_FOLDER/dag_email_robot.py', '--cfg-path', '/tmp/tmpa6herbxr']
[2024-07-03T14:47:03.876+0000] {standard_task_runner.py:85} INFO - Job 2128: Subtask id_task_get_emails
[2024-07-03T14:47:03.971+0000] {task_command.py:415} INFO - Running <TaskInstance: reports_workflow.id_task_get_emails scheduled__2024-07-02T12:00:00+00:00 [running]> on host 6f4ef5488251
[2024-07-03T14:47:04.150+0000] {taskinstance.py:1660} INFO - Exporting env vars: AIRFLOW_CTX_DAG_OWNER='FIRDAVS' AIRFLOW_CTX_DAG_ID='reports_workflow' AIRFLOW_CTX_TASK_ID='id_task_get_emails' AIRFLOW_CTX_EXECUTION_DATE='2024-07-02T12:00:00+00:00' AIRFLOW_CTX_TRY_NUMBER='1' AIRFLOW_CTX_DAG_RUN_ID='scheduled__2024-07-02T12:00:00+00:00'
[2024-07-03T14:47:04.151+0000] {logging_mixin.py:151} INFO - path of config file:  /opt/***
[2024-07-03T14:47:04.151+0000] {logging_mixin.py:151} INFO - #>2024-07-03 14:47:04.151730_User@StatDep: EmailRobot in screated.
[2024-07-03T14:47:04.151+0000] {logging_mixin.py:151} INFO - #>2024-07-03 14:47:04.151916_User@StatDep: get_for_recent_emails is started...
[2024-07-03T14:47:04.152+0000] {logging_mixin.py:151} INFO - #>2024-07-03 14:47:04.152120_User@StatDep: pop3_fetch_emails isstarted...
[2024-07-03T14:47:04.525+0000] {logging_mixin.py:151} INFO -    b'+OK'
[2024-07-03T14:47:04.877+0000] {logging_mixin.py:151} INFO -    mailbox have 0 emails and the robot can process 10
[2024-07-03T14:47:04.878+0000] {logging_mixin.py:151} INFO - #>2024-07-03 14:47:04.878166_User@StatDep: no emails to process, exiting pop3_fetch_emails()...
[2024-07-03T14:47:04.878+0000] {python.py:194} INFO - Done. Returned value was: True
[2024-07-03T14:47:04.948+0000] {taskinstance.py:1400} INFO - Marking task as SUCCESS. dag_id=reports_workflow, task_id=id_task_get_emails, execution_date=20240702T120000, start_date=20240703T144703, end_date=20240703T144704
[2024-07-03T14:47:05.028+0000] {local_task_job_runner.py:228} INFO - Task exited with return code 0
[2024-07-03T14:47:05.090+0000] {taskinstance.py:2784} INFO - 1 downstream tasks scheduled from follow-on schedule check
