[2024-07-03T09:59:12.267+0000] {taskinstance.py:1159} INFO - Dependencies all met for dep_context=non-requeueable deps ti=<TaskInstance: reports_workflow.id_task_get_emails scheduled__2024-07-03T02:30:00+00:00 [queued]>
[2024-07-03T09:59:12.281+0000] {taskinstance.py:1159} INFO - Dependencies all met for dep_context=requeueable deps ti=<TaskInstance: reports_workflow.id_task_get_emails scheduled__2024-07-03T02:30:00+00:00 [queued]>
[2024-07-03T09:59:12.282+0000] {taskinstance.py:1361} INFO - Starting attempt 1 of 1
[2024-07-03T09:59:12.301+0000] {taskinstance.py:1382} INFO - Executing <Task(PythonOperator): id_task_get_emails> on 2024-07-03 02:30:00+00:00
[2024-07-03T09:59:12.305+0000] {standard_task_runner.py:57} INFO - Started process 20994 to run task
[2024-07-03T09:59:12.309+0000] {standard_task_runner.py:84} INFO - Running: ['***', 'tasks', 'run', 'reports_workflow', 'id_task_get_emails', 'scheduled__2024-07-03T02:30:00+00:00', '--job-id', '565', '--raw', '--subdir', 'DAGS_FOLDER/dag_email_robot.py', '--cfg-path', '/tmp/tmplridl4lx']
[2024-07-03T09:59:12.310+0000] {standard_task_runner.py:85} INFO - Job 565: Subtask id_task_get_emails
[2024-07-03T09:59:12.373+0000] {task_command.py:415} INFO - Running <TaskInstance: reports_workflow.id_task_get_emails scheduled__2024-07-03T02:30:00+00:00 [running]> on host 6f4ef5488251
[2024-07-03T09:59:12.460+0000] {taskinstance.py:1660} INFO - Exporting env vars: AIRFLOW_CTX_DAG_OWNER='FIRDAVS' AIRFLOW_CTX_DAG_ID='reports_workflow' AIRFLOW_CTX_TASK_ID='id_task_get_emails' AIRFLOW_CTX_EXECUTION_DATE='2024-07-03T02:30:00+00:00' AIRFLOW_CTX_TRY_NUMBER='1' AIRFLOW_CTX_DAG_RUN_ID='scheduled__2024-07-03T02:30:00+00:00'
[2024-07-03T09:59:12.461+0000] {logging_mixin.py:151} INFO - path of config file:  /opt/***
[2024-07-03T09:59:12.461+0000] {logging_mixin.py:151} INFO - #>2024-07-03 09:59:12.461648_User@StatDep: EmailRobot in screated.
[2024-07-03T09:59:12.461+0000] {logging_mixin.py:151} INFO - #>2024-07-03 09:59:12.461817_User@StatDep: get_for_recent_emails is started...
[2024-07-03T09:59:12.461+0000] {logging_mixin.py:151} INFO - #>2024-07-03 09:59:12.461941_User@StatDep: pop3_fetch_emails isstarted...
[2024-07-03T09:59:12.870+0000] {logging_mixin.py:151} INFO -    b'+OK'
[2024-07-03T09:59:13.191+0000] {logging_mixin.py:151} INFO -    mailbox have 0 emails and the robot can process 10
[2024-07-03T09:59:13.191+0000] {logging_mixin.py:151} INFO - #>2024-07-03 09:59:13.191908_User@StatDep: no emails to process, exiting pop3_fetch_emails()...
[2024-07-03T09:59:13.192+0000] {python.py:194} INFO - Done. Returned value was: True
[2024-07-03T09:59:13.229+0000] {taskinstance.py:1400} INFO - Marking task as SUCCESS. dag_id=reports_workflow, task_id=id_task_get_emails, execution_date=20240703T023000, start_date=20240703T095912, end_date=20240703T095913
[2024-07-03T09:59:13.253+0000] {local_task_job_runner.py:228} INFO - Task exited with return code 0
[2024-07-03T09:59:13.274+0000] {taskinstance.py:2784} INFO - 0 downstream tasks scheduled from follow-on schedule check
[2024-07-03T13:39:38.025+0000] {taskinstance.py:1159} INFO - Dependencies all met for dep_context=non-requeueable deps ti=<TaskInstance: reports_workflow.id_task_get_emails scheduled__2024-07-03T02:30:00+00:00 [queued]>
[2024-07-03T13:39:38.057+0000] {taskinstance.py:1159} INFO - Dependencies all met for dep_context=requeueable deps ti=<TaskInstance: reports_workflow.id_task_get_emails scheduled__2024-07-03T02:30:00+00:00 [queued]>
[2024-07-03T13:39:38.058+0000] {taskinstance.py:1361} INFO - Starting attempt 1 of 1
[2024-07-03T13:39:38.123+0000] {taskinstance.py:1382} INFO - Executing <Task(PythonOperator): id_task_get_emails> on 2024-07-03 02:30:00+00:00
[2024-07-03T13:39:38.131+0000] {standard_task_runner.py:57} INFO - Started process 26244 to run task
[2024-07-03T13:39:38.148+0000] {standard_task_runner.py:84} INFO - Running: ['***', 'tasks', 'run', 'reports_workflow', 'id_task_get_emails', 'scheduled__2024-07-03T02:30:00+00:00', '--job-id', '1518', '--raw', '--subdir', 'DAGS_FOLDER/dag_email_robot.py', '--cfg-path', '/tmp/tmpc6fe7fpa']
[2024-07-03T13:39:38.152+0000] {standard_task_runner.py:85} INFO - Job 1518: Subtask id_task_get_emails
[2024-07-03T13:39:38.227+0000] {task_command.py:415} INFO - Running <TaskInstance: reports_workflow.id_task_get_emails scheduled__2024-07-03T02:30:00+00:00 [running]> on host 6f4ef5488251
[2024-07-03T13:39:38.351+0000] {taskinstance.py:1660} INFO - Exporting env vars: AIRFLOW_CTX_DAG_OWNER='FIRDAVS' AIRFLOW_CTX_DAG_ID='reports_workflow' AIRFLOW_CTX_TASK_ID='id_task_get_emails' AIRFLOW_CTX_EXECUTION_DATE='2024-07-03T02:30:00+00:00' AIRFLOW_CTX_TRY_NUMBER='1' AIRFLOW_CTX_DAG_RUN_ID='scheduled__2024-07-03T02:30:00+00:00'
[2024-07-03T13:39:38.354+0000] {logging_mixin.py:151} INFO - path of config file:  /opt/***
[2024-07-03T13:39:38.355+0000] {logging_mixin.py:151} INFO - #>2024-07-03 13:39:38.355505_User@StatDep: EmailRobot in screated.
[2024-07-03T13:39:38.355+0000] {logging_mixin.py:151} INFO - #>2024-07-03 13:39:38.355696_User@StatDep: get_for_recent_emails is started...
[2024-07-03T13:39:38.355+0000] {logging_mixin.py:151} INFO - #>2024-07-03 13:39:38.355829_User@StatDep: pop3_fetch_emails isstarted...
[2024-07-03T13:39:38.723+0000] {logging_mixin.py:151} INFO -    b'+OK'
[2024-07-03T13:39:39.062+0000] {logging_mixin.py:151} INFO -    mailbox have 0 emails and the robot can process 10
[2024-07-03T13:39:39.062+0000] {logging_mixin.py:151} INFO - #>2024-07-03 13:39:39.062642_User@StatDep: no emails to process, exiting pop3_fetch_emails()...
[2024-07-03T13:39:39.063+0000] {python.py:194} INFO - Done. Returned value was: True
[2024-07-03T13:39:39.103+0000] {taskinstance.py:1400} INFO - Marking task as SUCCESS. dag_id=reports_workflow, task_id=id_task_get_emails, execution_date=20240703T023000, start_date=20240703T133938, end_date=20240703T133939
[2024-07-03T13:39:39.193+0000] {local_task_job_runner.py:228} INFO - Task exited with return code 0
[2024-07-03T13:39:39.293+0000] {taskinstance.py:2784} INFO - 1 downstream tasks scheduled from follow-on schedule check
