[2024-07-03T09:58:40.373+0000] {taskinstance.py:1159} INFO - Dependencies all met for dep_context=non-requeueable deps ti=<TaskInstance: reports_workflow.id_task_get_emails scheduled__2024-07-02T21:05:00+00:00 [queued]>
[2024-07-03T09:58:40.383+0000] {taskinstance.py:1159} INFO - Dependencies all met for dep_context=requeueable deps ti=<TaskInstance: reports_workflow.id_task_get_emails scheduled__2024-07-02T21:05:00+00:00 [queued]>
[2024-07-03T09:58:40.383+0000] {taskinstance.py:1361} INFO - Starting attempt 1 of 1
[2024-07-03T09:58:40.410+0000] {taskinstance.py:1382} INFO - Executing <Task(PythonOperator): id_task_get_emails> on 2024-07-02 21:05:00+00:00
[2024-07-03T09:58:40.415+0000] {standard_task_runner.py:57} INFO - Started process 20859 to run task
[2024-07-03T09:58:40.425+0000] {standard_task_runner.py:84} INFO - Running: ['***', 'tasks', 'run', 'reports_workflow', 'id_task_get_emails', 'scheduled__2024-07-02T21:05:00+00:00', '--job-id', '500', '--raw', '--subdir', 'DAGS_FOLDER/dag_email_robot.py', '--cfg-path', '/tmp/tmp72vy0h2v']
[2024-07-03T09:58:40.434+0000] {standard_task_runner.py:85} INFO - Job 500: Subtask id_task_get_emails
[2024-07-03T09:58:40.540+0000] {task_command.py:415} INFO - Running <TaskInstance: reports_workflow.id_task_get_emails scheduled__2024-07-02T21:05:00+00:00 [running]> on host 6f4ef5488251
[2024-07-03T09:58:40.706+0000] {taskinstance.py:1660} INFO - Exporting env vars: AIRFLOW_CTX_DAG_OWNER='FIRDAVS' AIRFLOW_CTX_DAG_ID='reports_workflow' AIRFLOW_CTX_TASK_ID='id_task_get_emails' AIRFLOW_CTX_EXECUTION_DATE='2024-07-02T21:05:00+00:00' AIRFLOW_CTX_TRY_NUMBER='1' AIRFLOW_CTX_DAG_RUN_ID='scheduled__2024-07-02T21:05:00+00:00'
[2024-07-03T09:58:40.708+0000] {logging_mixin.py:151} INFO - path of config file:  /opt/***
[2024-07-03T09:58:40.709+0000] {logging_mixin.py:151} INFO - #>2024-07-03 09:58:40.708965_User@StatDep: EmailRobot in screated.
[2024-07-03T09:58:40.709+0000] {logging_mixin.py:151} INFO - #>2024-07-03 09:58:40.709325_User@StatDep: get_for_recent_emails is started...
[2024-07-03T09:58:40.709+0000] {logging_mixin.py:151} INFO - #>2024-07-03 09:58:40.709636_User@StatDep: pop3_fetch_emails isstarted...
[2024-07-03T09:58:41.090+0000] {logging_mixin.py:151} INFO -    b'+OK'
[2024-07-03T09:58:41.425+0000] {logging_mixin.py:151} INFO -    mailbox have 0 emails and the robot can process 10
[2024-07-03T09:58:41.425+0000] {logging_mixin.py:151} INFO - #>2024-07-03 09:58:41.425532_User@StatDep: no emails to process, exiting pop3_fetch_emails()...
[2024-07-03T09:58:41.426+0000] {python.py:194} INFO - Done. Returned value was: True
[2024-07-03T09:58:41.468+0000] {taskinstance.py:1400} INFO - Marking task as SUCCESS. dag_id=reports_workflow, task_id=id_task_get_emails, execution_date=20240702T210500, start_date=20240703T095840, end_date=20240703T095841
[2024-07-03T09:58:41.510+0000] {local_task_job_runner.py:228} INFO - Task exited with return code 0
[2024-07-03T09:58:41.531+0000] {taskinstance.py:2784} INFO - 0 downstream tasks scheduled from follow-on schedule check
[2024-07-03T12:29:59.774+0000] {taskinstance.py:1159} INFO - Dependencies all met for dep_context=non-requeueable deps ti=<TaskInstance: reports_workflow.id_task_get_emails scheduled__2024-07-02T21:05:00+00:00 [queued]>
[2024-07-03T12:29:59.784+0000] {taskinstance.py:1159} INFO - Dependencies all met for dep_context=requeueable deps ti=<TaskInstance: reports_workflow.id_task_get_emails scheduled__2024-07-02T21:05:00+00:00 [queued]>
[2024-07-03T12:29:59.785+0000] {taskinstance.py:1361} INFO - Starting attempt 1 of 1
[2024-07-03T12:29:59.803+0000] {taskinstance.py:1382} INFO - Executing <Task(PythonOperator): id_task_get_emails> on 2024-07-02 21:05:00+00:00
[2024-07-03T12:29:59.808+0000] {standard_task_runner.py:57} INFO - Started process 24919 to run task
[2024-07-03T12:29:59.814+0000] {standard_task_runner.py:84} INFO - Running: ['***', 'tasks', 'run', 'reports_workflow', 'id_task_get_emails', 'scheduled__2024-07-02T21:05:00+00:00', '--job-id', '1385', '--raw', '--subdir', 'DAGS_FOLDER/dag_email_robot.py', '--cfg-path', '/tmp/tmp_t37o02u']
[2024-07-03T12:29:59.817+0000] {standard_task_runner.py:85} INFO - Job 1385: Subtask id_task_get_emails
[2024-07-03T12:29:59.887+0000] {task_command.py:415} INFO - Running <TaskInstance: reports_workflow.id_task_get_emails scheduled__2024-07-02T21:05:00+00:00 [running]> on host 6f4ef5488251
[2024-07-03T12:30:00.024+0000] {taskinstance.py:1660} INFO - Exporting env vars: AIRFLOW_CTX_DAG_OWNER='FIRDAVS' AIRFLOW_CTX_DAG_ID='reports_workflow' AIRFLOW_CTX_TASK_ID='id_task_get_emails' AIRFLOW_CTX_EXECUTION_DATE='2024-07-02T21:05:00+00:00' AIRFLOW_CTX_TRY_NUMBER='1' AIRFLOW_CTX_DAG_RUN_ID='scheduled__2024-07-02T21:05:00+00:00'
[2024-07-03T12:30:00.025+0000] {logging_mixin.py:151} INFO - path of config file:  /opt/***
[2024-07-03T12:30:00.026+0000] {logging_mixin.py:151} INFO - #>2024-07-03 12:30:00.026585_User@StatDep: EmailRobot in screated.
[2024-07-03T12:30:00.026+0000] {logging_mixin.py:151} INFO - #>2024-07-03 12:30:00.026936_User@StatDep: get_for_recent_emails is started...
[2024-07-03T12:30:00.027+0000] {logging_mixin.py:151} INFO - #>2024-07-03 12:30:00.027250_User@StatDep: pop3_fetch_emails isstarted...
[2024-07-03T12:30:00.405+0000] {logging_mixin.py:151} INFO -    b'+OK'
[2024-07-03T12:30:00.721+0000] {logging_mixin.py:151} INFO -    mailbox have 0 emails and the robot can process 10
[2024-07-03T12:30:00.722+0000] {logging_mixin.py:151} INFO - #>2024-07-03 12:30:00.722736_User@StatDep: no emails to process, exiting pop3_fetch_emails()...
[2024-07-03T12:30:00.724+0000] {python.py:194} INFO - Done. Returned value was: True
[2024-07-03T12:30:00.756+0000] {taskinstance.py:1400} INFO - Marking task as SUCCESS. dag_id=reports_workflow, task_id=id_task_get_emails, execution_date=20240702T210500, start_date=20240703T122959, end_date=20240703T123000
[2024-07-03T12:30:00.790+0000] {local_task_job_runner.py:228} INFO - Task exited with return code 0
[2024-07-03T12:30:00.812+0000] {taskinstance.py:2784} INFO - 1 downstream tasks scheduled from follow-on schedule check
