[2024-07-03T09:59:50.706+0000] {taskinstance.py:1159} INFO - Dependencies all met for dep_context=non-requeueable deps ti=<TaskInstance: reports_workflow.id_task_get_emails scheduled__2024-07-03T07:05:00+00:00 [queued]>
[2024-07-03T09:59:50.721+0000] {taskinstance.py:1159} INFO - Dependencies all met for dep_context=requeueable deps ti=<TaskInstance: reports_workflow.id_task_get_emails scheduled__2024-07-03T07:05:00+00:00 [queued]>
[2024-07-03T09:59:50.722+0000] {taskinstance.py:1361} INFO - Starting attempt 1 of 1
[2024-07-03T09:59:50.770+0000] {taskinstance.py:1382} INFO - Executing <Task(PythonOperator): id_task_get_emails> on 2024-07-03 07:05:00+00:00
[2024-07-03T09:59:50.785+0000] {standard_task_runner.py:57} INFO - Started process 21113 to run task
[2024-07-03T09:59:50.787+0000] {standard_task_runner.py:84} INFO - Running: ['***', 'tasks', 'run', 'reports_workflow', 'id_task_get_emails', 'scheduled__2024-07-03T07:05:00+00:00', '--job-id', '620', '--raw', '--subdir', 'DAGS_FOLDER/dag_email_robot.py', '--cfg-path', '/tmp/tmprzlje_0i']
[2024-07-03T09:59:50.789+0000] {standard_task_runner.py:85} INFO - Job 620: Subtask id_task_get_emails
[2024-07-03T09:59:50.930+0000] {task_command.py:415} INFO - Running <TaskInstance: reports_workflow.id_task_get_emails scheduled__2024-07-03T07:05:00+00:00 [running]> on host 6f4ef5488251
[2024-07-03T09:59:51.161+0000] {taskinstance.py:1660} INFO - Exporting env vars: AIRFLOW_CTX_DAG_OWNER='FIRDAVS' AIRFLOW_CTX_DAG_ID='reports_workflow' AIRFLOW_CTX_TASK_ID='id_task_get_emails' AIRFLOW_CTX_EXECUTION_DATE='2024-07-03T07:05:00+00:00' AIRFLOW_CTX_TRY_NUMBER='1' AIRFLOW_CTX_DAG_RUN_ID='scheduled__2024-07-03T07:05:00+00:00'
[2024-07-03T09:59:51.162+0000] {logging_mixin.py:151} INFO - path of config file:  /opt/***
[2024-07-03T09:59:51.162+0000] {logging_mixin.py:151} INFO - #>2024-07-03 09:59:51.162896_User@StatDep: EmailRobot in screated.
[2024-07-03T09:59:51.163+0000] {logging_mixin.py:151} INFO - #>2024-07-03 09:59:51.163080_User@StatDep: get_for_recent_emails is started...
[2024-07-03T09:59:51.163+0000] {logging_mixin.py:151} INFO - #>2024-07-03 09:59:51.163211_User@StatDep: pop3_fetch_emails isstarted...
[2024-07-03T09:59:51.541+0000] {logging_mixin.py:151} INFO -    b'+OK'
[2024-07-03T09:59:51.862+0000] {logging_mixin.py:151} INFO -    mailbox have 0 emails and the robot can process 10
[2024-07-03T09:59:51.863+0000] {logging_mixin.py:151} INFO - #>2024-07-03 09:59:51.863474_User@StatDep: no emails to process, exiting pop3_fetch_emails()...
[2024-07-03T09:59:51.864+0000] {python.py:194} INFO - Done. Returned value was: True
[2024-07-03T09:59:51.903+0000] {taskinstance.py:1400} INFO - Marking task as SUCCESS. dag_id=reports_workflow, task_id=id_task_get_emails, execution_date=20240703T070500, start_date=20240703T095950, end_date=20240703T095951
[2024-07-03T09:59:51.946+0000] {local_task_job_runner.py:228} INFO - Task exited with return code 0
[2024-07-03T09:59:51.969+0000] {taskinstance.py:2784} INFO - 0 downstream tasks scheduled from follow-on schedule check
[2024-07-03T13:40:25.638+0000] {taskinstance.py:1159} INFO - Dependencies all met for dep_context=non-requeueable deps ti=<TaskInstance: reports_workflow.id_task_get_emails scheduled__2024-07-03T07:05:00+00:00 [queued]>
[2024-07-03T13:40:25.674+0000] {taskinstance.py:1159} INFO - Dependencies all met for dep_context=requeueable deps ti=<TaskInstance: reports_workflow.id_task_get_emails scheduled__2024-07-03T07:05:00+00:00 [queued]>
[2024-07-03T13:40:25.674+0000] {taskinstance.py:1361} INFO - Starting attempt 1 of 1
[2024-07-03T13:40:25.710+0000] {taskinstance.py:1382} INFO - Executing <Task(PythonOperator): id_task_get_emails> on 2024-07-03 07:05:00+00:00
[2024-07-03T13:40:25.734+0000] {standard_task_runner.py:57} INFO - Started process 26470 to run task
[2024-07-03T13:40:25.750+0000] {standard_task_runner.py:84} INFO - Running: ['***', 'tasks', 'run', 'reports_workflow', 'id_task_get_emails', 'scheduled__2024-07-03T07:05:00+00:00', '--job-id', '1623', '--raw', '--subdir', 'DAGS_FOLDER/dag_email_robot.py', '--cfg-path', '/tmp/tmp96w6bq9l']
[2024-07-03T13:40:25.753+0000] {standard_task_runner.py:85} INFO - Job 1623: Subtask id_task_get_emails
[2024-07-03T13:40:25.878+0000] {task_command.py:415} INFO - Running <TaskInstance: reports_workflow.id_task_get_emails scheduled__2024-07-03T07:05:00+00:00 [running]> on host 6f4ef5488251
[2024-07-03T13:40:26.062+0000] {taskinstance.py:1660} INFO - Exporting env vars: AIRFLOW_CTX_DAG_OWNER='FIRDAVS' AIRFLOW_CTX_DAG_ID='reports_workflow' AIRFLOW_CTX_TASK_ID='id_task_get_emails' AIRFLOW_CTX_EXECUTION_DATE='2024-07-03T07:05:00+00:00' AIRFLOW_CTX_TRY_NUMBER='1' AIRFLOW_CTX_DAG_RUN_ID='scheduled__2024-07-03T07:05:00+00:00'
[2024-07-03T13:40:26.063+0000] {logging_mixin.py:151} INFO - path of config file:  /opt/***
[2024-07-03T13:40:26.064+0000] {logging_mixin.py:151} INFO - #>2024-07-03 13:40:26.064449_User@StatDep: EmailRobot in screated.
[2024-07-03T13:40:26.064+0000] {logging_mixin.py:151} INFO - #>2024-07-03 13:40:26.064643_User@StatDep: get_for_recent_emails is started...
[2024-07-03T13:40:26.064+0000] {logging_mixin.py:151} INFO - #>2024-07-03 13:40:26.064783_User@StatDep: pop3_fetch_emails isstarted...
[2024-07-03T13:40:26.462+0000] {logging_mixin.py:151} INFO -    b'+OK'
[2024-07-03T13:40:26.795+0000] {logging_mixin.py:151} INFO -    mailbox have 0 emails and the robot can process 10
[2024-07-03T13:40:26.796+0000] {logging_mixin.py:151} INFO - #>2024-07-03 13:40:26.796211_User@StatDep: no emails to process, exiting pop3_fetch_emails()...
[2024-07-03T13:40:26.796+0000] {python.py:194} INFO - Done. Returned value was: True
[2024-07-03T13:40:26.854+0000] {taskinstance.py:1400} INFO - Marking task as SUCCESS. dag_id=reports_workflow, task_id=id_task_get_emails, execution_date=20240703T070500, start_date=20240703T134025, end_date=20240703T134026
[2024-07-03T13:40:26.920+0000] {local_task_job_runner.py:228} INFO - Task exited with return code 0
[2024-07-03T13:40:27.027+0000] {taskinstance.py:2784} INFO - 1 downstream tasks scheduled from follow-on schedule check
[2024-07-03T14:42:00.843+0000] {taskinstance.py:1159} INFO - Dependencies all met for dep_context=non-requeueable deps ti=<TaskInstance: reports_workflow.id_task_get_emails scheduled__2024-07-03T07:05:00+00:00 [queued]>
[2024-07-03T14:42:00.868+0000] {taskinstance.py:1159} INFO - Dependencies all met for dep_context=requeueable deps ti=<TaskInstance: reports_workflow.id_task_get_emails scheduled__2024-07-03T07:05:00+00:00 [queued]>
[2024-07-03T14:42:00.868+0000] {taskinstance.py:1361} INFO - Starting attempt 1 of 2
[2024-07-03T14:42:00.901+0000] {taskinstance.py:1382} INFO - Executing <Task(PythonOperator): id_task_get_emails> on 2024-07-03 07:05:00+00:00
[2024-07-03T14:42:00.906+0000] {standard_task_runner.py:57} INFO - Started process 27927 to run task
[2024-07-03T14:42:00.936+0000] {standard_task_runner.py:84} INFO - Running: ['***', 'tasks', 'run', 'reports_workflow', 'id_task_get_emails', 'scheduled__2024-07-03T07:05:00+00:00', '--job-id', '1883', '--raw', '--subdir', 'DAGS_FOLDER/dag_email_robot.py', '--cfg-path', '/tmp/tmp1n26ikvb']
[2024-07-03T14:42:00.937+0000] {standard_task_runner.py:85} INFO - Job 1883: Subtask id_task_get_emails
[2024-07-03T14:42:01.171+0000] {task_command.py:415} INFO - Running <TaskInstance: reports_workflow.id_task_get_emails scheduled__2024-07-03T07:05:00+00:00 [running]> on host 6f4ef5488251
[2024-07-03T14:42:01.526+0000] {taskinstance.py:1660} INFO - Exporting env vars: AIRFLOW_CTX_DAG_OWNER='FIRDAVS' AIRFLOW_CTX_DAG_ID='reports_workflow' AIRFLOW_CTX_TASK_ID='id_task_get_emails' AIRFLOW_CTX_EXECUTION_DATE='2024-07-03T07:05:00+00:00' AIRFLOW_CTX_TRY_NUMBER='1' AIRFLOW_CTX_DAG_RUN_ID='scheduled__2024-07-03T07:05:00+00:00'
[2024-07-03T14:42:01.527+0000] {logging_mixin.py:151} INFO - path of config file:  /opt/***
[2024-07-03T14:42:01.528+0000] {logging_mixin.py:151} INFO - #>2024-07-03 14:42:01.528346_User@StatDep: EmailRobot in screated.
[2024-07-03T14:42:01.528+0000] {logging_mixin.py:151} INFO - #>2024-07-03 14:42:01.528542_User@StatDep: get_for_recent_emails is started...
[2024-07-03T14:42:01.528+0000] {logging_mixin.py:151} INFO - #>2024-07-03 14:42:01.528682_User@StatDep: pop3_fetch_emails isstarted...
[2024-07-03T14:42:01.904+0000] {logging_mixin.py:151} INFO -    b'+OK'
[2024-07-03T14:42:02.190+0000] {logging_mixin.py:151} INFO -    mailbox have 0 emails and the robot can process 10
[2024-07-03T14:42:02.190+0000] {logging_mixin.py:151} INFO - #>2024-07-03 14:42:02.190435_User@StatDep: no emails to process, exiting pop3_fetch_emails()...
[2024-07-03T14:42:02.190+0000] {python.py:194} INFO - Done. Returned value was: True
[2024-07-03T14:42:02.271+0000] {taskinstance.py:1400} INFO - Marking task as SUCCESS. dag_id=reports_workflow, task_id=id_task_get_emails, execution_date=20240703T070500, start_date=20240703T144200, end_date=20240703T144202
[2024-07-03T14:42:02.359+0000] {local_task_job_runner.py:228} INFO - Task exited with return code 0
[2024-07-03T14:42:02.408+0000] {taskinstance.py:2784} INFO - 1 downstream tasks scheduled from follow-on schedule check
[2024-07-03T14:42:46.071+0000] {taskinstance.py:1159} INFO - Dependencies all met for dep_context=non-requeueable deps ti=<TaskInstance: reports_workflow.id_task_get_emails scheduled__2024-07-03T07:05:00+00:00 [queued]>
[2024-07-03T14:42:46.105+0000] {taskinstance.py:1159} INFO - Dependencies all met for dep_context=requeueable deps ti=<TaskInstance: reports_workflow.id_task_get_emails scheduled__2024-07-03T07:05:00+00:00 [queued]>
[2024-07-03T14:42:46.106+0000] {taskinstance.py:1361} INFO - Starting attempt 1 of 2
[2024-07-03T14:42:46.242+0000] {taskinstance.py:1382} INFO - Executing <Task(PythonOperator): id_task_get_emails> on 2024-07-03 07:05:00+00:00
[2024-07-03T14:42:46.247+0000] {standard_task_runner.py:57} INFO - Started process 27994 to run task
[2024-07-03T14:42:46.285+0000] {standard_task_runner.py:84} INFO - Running: ['***', 'tasks', 'run', 'reports_workflow', 'id_task_get_emails', 'scheduled__2024-07-03T07:05:00+00:00', '--job-id', '1910', '--raw', '--subdir', 'DAGS_FOLDER/dag_email_robot.py', '--cfg-path', '/tmp/tmp8cxc51b5']
[2024-07-03T14:42:46.292+0000] {standard_task_runner.py:85} INFO - Job 1910: Subtask id_task_get_emails
[2024-07-03T14:42:46.559+0000] {task_command.py:415} INFO - Running <TaskInstance: reports_workflow.id_task_get_emails scheduled__2024-07-03T07:05:00+00:00 [running]> on host 6f4ef5488251
[2024-07-03T14:42:46.993+0000] {taskinstance.py:1660} INFO - Exporting env vars: AIRFLOW_CTX_DAG_OWNER='FIRDAVS' AIRFLOW_CTX_DAG_ID='reports_workflow' AIRFLOW_CTX_TASK_ID='id_task_get_emails' AIRFLOW_CTX_EXECUTION_DATE='2024-07-03T07:05:00+00:00' AIRFLOW_CTX_TRY_NUMBER='1' AIRFLOW_CTX_DAG_RUN_ID='scheduled__2024-07-03T07:05:00+00:00'
[2024-07-03T14:42:47.000+0000] {logging_mixin.py:151} INFO - path of config file:  /opt/***
[2024-07-03T14:42:47.001+0000] {logging_mixin.py:151} INFO - #>2024-07-03 14:42:47.001306_User@StatDep: EmailRobot in screated.
[2024-07-03T14:42:47.001+0000] {logging_mixin.py:151} INFO - #>2024-07-03 14:42:47.001707_User@StatDep: get_for_recent_emails is started...
[2024-07-03T14:42:47.002+0000] {logging_mixin.py:151} INFO - #>2024-07-03 14:42:47.002021_User@StatDep: pop3_fetch_emails isstarted...
[2024-07-03T14:42:47.392+0000] {logging_mixin.py:151} INFO -    b'+OK'
[2024-07-03T14:42:47.810+0000] {logging_mixin.py:151} INFO -    mailbox have 0 emails and the robot can process 10
[2024-07-03T14:42:47.810+0000] {logging_mixin.py:151} INFO - #>2024-07-03 14:42:47.810783_User@StatDep: no emails to process, exiting pop3_fetch_emails()...
[2024-07-03T14:42:47.811+0000] {python.py:194} INFO - Done. Returned value was: True
[2024-07-03T14:42:47.856+0000] {taskinstance.py:1400} INFO - Marking task as SUCCESS. dag_id=reports_workflow, task_id=id_task_get_emails, execution_date=20240703T070500, start_date=20240703T144246, end_date=20240703T144247
[2024-07-03T14:42:47.901+0000] {local_task_job_runner.py:228} INFO - Task exited with return code 0
[2024-07-03T14:42:47.948+0000] {taskinstance.py:2784} INFO - 1 downstream tasks scheduled from follow-on schedule check
