[2024-07-03T14:27:52.129+0000] {taskinstance.py:1159} INFO - Dependencies all met for dep_context=non-requeueable deps ti=<TaskInstance: reports_workflow.id_task_get_emails scheduled__2023-07-31T00:01:01+00:00 [queued]>
[2024-07-03T14:27:52.143+0000] {taskinstance.py:1159} INFO - Dependencies all met for dep_context=requeueable deps ti=<TaskInstance: reports_workflow.id_task_get_emails scheduled__2023-07-31T00:01:01+00:00 [queued]>
[2024-07-03T14:27:52.144+0000] {taskinstance.py:1361} INFO - Starting attempt 1 of 2
[2024-07-03T14:27:52.177+0000] {taskinstance.py:1382} INFO - Executing <Task(PythonOperator): id_task_get_emails> on 2023-07-31 00:01:01+00:00
[2024-07-03T14:27:52.185+0000] {standard_task_runner.py:57} INFO - Started process 27645 to run task
[2024-07-03T14:27:52.207+0000] {standard_task_runner.py:84} INFO - Running: ['***', 'tasks', 'run', 'reports_workflow', 'id_task_get_emails', 'scheduled__2023-07-31T00:01:01+00:00', '--job-id', '1847', '--raw', '--subdir', 'DAGS_FOLDER/dag_email_robot.py', '--cfg-path', '/tmp/tmpyv21fzzc']
[2024-07-03T14:27:52.208+0000] {standard_task_runner.py:85} INFO - Job 1847: Subtask id_task_get_emails
[2024-07-03T14:27:52.321+0000] {task_command.py:415} INFO - Running <TaskInstance: reports_workflow.id_task_get_emails scheduled__2023-07-31T00:01:01+00:00 [running]> on host 6f4ef5488251
[2024-07-03T14:27:52.502+0000] {taskinstance.py:1660} INFO - Exporting env vars: AIRFLOW_CTX_DAG_OWNER='FIRDAVS' AIRFLOW_CTX_DAG_ID='reports_workflow' AIRFLOW_CTX_TASK_ID='id_task_get_emails' AIRFLOW_CTX_EXECUTION_DATE='2023-07-31T00:01:01+00:00' AIRFLOW_CTX_TRY_NUMBER='1' AIRFLOW_CTX_DAG_RUN_ID='scheduled__2023-07-31T00:01:01+00:00'
[2024-07-03T14:27:52.503+0000] {logging_mixin.py:151} INFO - path of config file:  /opt/***
[2024-07-03T14:27:52.504+0000] {logging_mixin.py:151} INFO - #>2024-07-03 14:27:52.504093_User@StatDep: EmailRobot in screated.
[2024-07-03T14:27:52.504+0000] {logging_mixin.py:151} INFO - #>2024-07-03 14:27:52.504287_User@StatDep: get_for_recent_emails is started...
[2024-07-03T14:27:52.504+0000] {logging_mixin.py:151} INFO - #>2024-07-03 14:27:52.504419_User@StatDep: pop3_fetch_emails isstarted...
[2024-07-03T14:27:52.905+0000] {logging_mixin.py:151} INFO -    b'+OK'
[2024-07-03T14:27:53.200+0000] {logging_mixin.py:151} INFO -    mailbox have 0 emails and the robot can process 10
[2024-07-03T14:27:53.201+0000] {logging_mixin.py:151} INFO - #>2024-07-03 14:27:53.201032_User@StatDep: no emails to process, exiting pop3_fetch_emails()...
[2024-07-03T14:27:53.201+0000] {python.py:194} INFO - Done. Returned value was: True
[2024-07-03T14:27:53.236+0000] {taskinstance.py:1400} INFO - Marking task as SUCCESS. dag_id=reports_workflow, task_id=id_task_get_emails, execution_date=20230731T000101, start_date=20240703T142752, end_date=20240703T142753
[2024-07-03T14:27:53.292+0000] {local_task_job_runner.py:228} INFO - Task exited with return code 0
[2024-07-03T14:27:53.331+0000] {taskinstance.py:2784} INFO - 1 downstream tasks scheduled from follow-on schedule check
