[2024-07-05T08:20:01.320+0000] {taskinstance.py:1159} INFO - Dependencies all met for dep_context=non-requeueable deps ti=<TaskInstance: reports_workflow.id_task_get_emails scheduled__2024-07-05T08:15:00+00:00 [queued]>
[2024-07-05T08:20:01.328+0000] {taskinstance.py:1159} INFO - Dependencies all met for dep_context=requeueable deps ti=<TaskInstance: reports_workflow.id_task_get_emails scheduled__2024-07-05T08:15:00+00:00 [queued]>
[2024-07-05T08:20:01.328+0000] {taskinstance.py:1361} INFO - Starting attempt 1 of 2
[2024-07-05T08:20:01.348+0000] {taskinstance.py:1382} INFO - Executing <Task(PythonOperator): id_task_get_emails> on 2024-07-05 08:15:00+00:00
[2024-07-05T08:20:01.354+0000] {standard_task_runner.py:57} INFO - Started process 69081 to run task
[2024-07-05T08:20:01.358+0000] {standard_task_runner.py:84} INFO - Running: ['***', 'tasks', 'run', 'reports_workflow', 'id_task_get_emails', 'scheduled__2024-07-05T08:15:00+00:00', '--job-id', '3125', '--raw', '--subdir', 'DAGS_FOLDER/dag_email_robot.py', '--cfg-path', '/tmp/tmph9qz4qk8']
[2024-07-05T08:20:01.362+0000] {standard_task_runner.py:85} INFO - Job 3125: Subtask id_task_get_emails
[2024-07-05T08:20:01.443+0000] {task_command.py:415} INFO - Running <TaskInstance: reports_workflow.id_task_get_emails scheduled__2024-07-05T08:15:00+00:00 [running]> on host 6f4ef5488251
[2024-07-05T08:20:01.561+0000] {taskinstance.py:1660} INFO - Exporting env vars: AIRFLOW_CTX_DAG_OWNER='FIRDAVS' AIRFLOW_CTX_DAG_ID='reports_workflow' AIRFLOW_CTX_TASK_ID='id_task_get_emails' AIRFLOW_CTX_EXECUTION_DATE='2024-07-05T08:15:00+00:00' AIRFLOW_CTX_TRY_NUMBER='1' AIRFLOW_CTX_DAG_RUN_ID='scheduled__2024-07-05T08:15:00+00:00'
[2024-07-05T08:20:01.563+0000] {logging_mixin.py:151} INFO - path of config file:  /opt/***
[2024-07-05T08:20:01.564+0000] {logging_mixin.py:151} INFO - #>2024-07-05 08:20:01.564024_User@StatDep: EmailRobot in screated.
[2024-07-05T08:20:01.564+0000] {logging_mixin.py:151} INFO - #>2024-07-05 08:20:01.564207_User@StatDep: get_for_recent_emails is started...
[2024-07-05T08:20:01.564+0000] {logging_mixin.py:151} INFO - #>2024-07-05 08:20:01.564338_User@StatDep: pop3_fetch_emails isstarted...
[2024-07-05T08:20:02.215+0000] {logging_mixin.py:151} INFO -    b'+OK'
[2024-07-05T08:20:02.523+0000] {logging_mixin.py:151} INFO -    mailbox have 0 emails and the robot can process 10
[2024-07-05T08:20:02.524+0000] {logging_mixin.py:151} INFO - #>2024-07-05 08:20:02.524096_User@StatDep: no emails to process, exiting pop3_fetch_emails()...
[2024-07-05T08:20:02.525+0000] {python.py:194} INFO - Done. Returned value was: True
[2024-07-05T08:20:02.561+0000] {taskinstance.py:1400} INFO - Marking task as SUCCESS. dag_id=reports_workflow, task_id=id_task_get_emails, execution_date=20240705T081500, start_date=20240705T082001, end_date=20240705T082002
[2024-07-05T08:20:02.580+0000] {local_task_job_runner.py:228} INFO - Task exited with return code 0
[2024-07-05T08:20:02.616+0000] {taskinstance.py:2784} INFO - 1 downstream tasks scheduled from follow-on schedule check
