[2024-07-03T09:57:33.674+0000] {taskinstance.py:1159} INFO - Dependencies all met for dep_context=non-requeueable deps ti=<TaskInstance: reports_workflow.id_task_get_emails scheduled__2024-07-02T09:35:00+00:00 [queued]>
[2024-07-03T09:57:33.684+0000] {taskinstance.py:1159} INFO - Dependencies all met for dep_context=requeueable deps ti=<TaskInstance: reports_workflow.id_task_get_emails scheduled__2024-07-02T09:35:00+00:00 [queued]>
[2024-07-03T09:57:33.685+0000] {taskinstance.py:1361} INFO - Starting attempt 1 of 1
[2024-07-03T09:57:33.711+0000] {taskinstance.py:1382} INFO - Executing <Task(PythonOperator): id_task_get_emails> on 2024-07-02 09:35:00+00:00
[2024-07-03T09:57:33.718+0000] {standard_task_runner.py:57} INFO - Started process 20563 to run task
[2024-07-03T09:57:33.723+0000] {standard_task_runner.py:84} INFO - Running: ['***', 'tasks', 'run', 'reports_workflow', 'id_task_get_emails', 'scheduled__2024-07-02T09:35:00+00:00', '--job-id', '360', '--raw', '--subdir', 'DAGS_FOLDER/dag_email_robot.py', '--cfg-path', '/tmp/tmp3rps3943']
[2024-07-03T09:57:33.724+0000] {standard_task_runner.py:85} INFO - Job 360: Subtask id_task_get_emails
[2024-07-03T09:57:33.777+0000] {task_command.py:415} INFO - Running <TaskInstance: reports_workflow.id_task_get_emails scheduled__2024-07-02T09:35:00+00:00 [running]> on host 6f4ef5488251
[2024-07-03T09:57:33.883+0000] {taskinstance.py:1660} INFO - Exporting env vars: AIRFLOW_CTX_DAG_OWNER='FIRDAVS' AIRFLOW_CTX_DAG_ID='reports_workflow' AIRFLOW_CTX_TASK_ID='id_task_get_emails' AIRFLOW_CTX_EXECUTION_DATE='2024-07-02T09:35:00+00:00' AIRFLOW_CTX_TRY_NUMBER='1' AIRFLOW_CTX_DAG_RUN_ID='scheduled__2024-07-02T09:35:00+00:00'
[2024-07-03T09:57:33.884+0000] {logging_mixin.py:151} INFO - path of config file:  /opt/***
[2024-07-03T09:57:33.885+0000] {taskinstance.py:1943} ERROR - Task failed with exception
Traceback (most recent call last):
  File "/home/airflow/.local/lib/python3.8/site-packages/airflow/operators/python.py", line 192, in execute
    return_value = self.execute_callable()
  File "/home/airflow/.local/lib/python3.8/site-packages/airflow/operators/python.py", line 209, in execute_callable
    return self.python_callable(*self.op_args, **self.op_kwargs)
  File "/opt/airflow/dags/dag_email_robot.py", line 22, in get_emails
    email_conf = json.load (open(path / ("config/email_conf.json")))
NameError: name 'json' is not defined
[2024-07-03T09:57:33.898+0000] {taskinstance.py:1400} INFO - Marking task as FAILED. dag_id=reports_workflow, task_id=id_task_get_emails, execution_date=20240702T093500, start_date=20240703T095733, end_date=20240703T095733
[2024-07-03T09:57:33.913+0000] {standard_task_runner.py:104} ERROR - Failed to execute job 360 for task id_task_get_emails (name 'json' is not defined; 20563)
[2024-07-03T09:57:33.954+0000] {local_task_job_runner.py:228} INFO - Task exited with return code 1
[2024-07-03T09:57:33.993+0000] {taskinstance.py:2784} INFO - 0 downstream tasks scheduled from follow-on schedule check
[2024-07-03T12:05:04.154+0000] {taskinstance.py:1159} INFO - Dependencies all met for dep_context=non-requeueable deps ti=<TaskInstance: reports_workflow.id_task_get_emails scheduled__2024-07-02T09:35:00+00:00 [queued]>
[2024-07-03T12:05:04.165+0000] {taskinstance.py:1159} INFO - Dependencies all met for dep_context=requeueable deps ti=<TaskInstance: reports_workflow.id_task_get_emails scheduled__2024-07-02T09:35:00+00:00 [queued]>
[2024-07-03T12:05:04.165+0000] {taskinstance.py:1361} INFO - Starting attempt 1 of 1
[2024-07-03T12:05:04.178+0000] {taskinstance.py:1382} INFO - Executing <Task(PythonOperator): id_task_get_emails> on 2024-07-02 09:35:00+00:00
[2024-07-03T12:05:04.184+0000] {standard_task_runner.py:57} INFO - Started process 23381 to run task
[2024-07-03T12:05:04.189+0000] {standard_task_runner.py:84} INFO - Running: ['***', 'tasks', 'run', 'reports_workflow', 'id_task_get_emails', 'scheduled__2024-07-02T09:35:00+00:00', '--job-id', '801', '--raw', '--subdir', 'DAGS_FOLDER/dag_email_robot.py', '--cfg-path', '/tmp/tmpu5eyu19f']
[2024-07-03T12:05:04.195+0000] {standard_task_runner.py:85} INFO - Job 801: Subtask id_task_get_emails
[2024-07-03T12:05:04.281+0000] {task_command.py:415} INFO - Running <TaskInstance: reports_workflow.id_task_get_emails scheduled__2024-07-02T09:35:00+00:00 [running]> on host 6f4ef5488251
[2024-07-03T12:05:04.403+0000] {taskinstance.py:1660} INFO - Exporting env vars: AIRFLOW_CTX_DAG_OWNER='FIRDAVS' AIRFLOW_CTX_DAG_ID='reports_workflow' AIRFLOW_CTX_TASK_ID='id_task_get_emails' AIRFLOW_CTX_EXECUTION_DATE='2024-07-02T09:35:00+00:00' AIRFLOW_CTX_TRY_NUMBER='1' AIRFLOW_CTX_DAG_RUN_ID='scheduled__2024-07-02T09:35:00+00:00'
[2024-07-03T12:05:04.404+0000] {logging_mixin.py:151} INFO - path of config file:  /opt/***
[2024-07-03T12:05:04.404+0000] {logging_mixin.py:151} INFO - #>2024-07-03 12:05:04.404876_User@StatDep: EmailRobot in screated.
[2024-07-03T12:05:04.405+0000] {logging_mixin.py:151} INFO - #>2024-07-03 12:05:04.405059_User@StatDep: get_for_recent_emails is started...
[2024-07-03T12:05:04.405+0000] {logging_mixin.py:151} INFO - #>2024-07-03 12:05:04.405195_User@StatDep: pop3_fetch_emails isstarted...
[2024-07-03T12:05:04.793+0000] {logging_mixin.py:151} INFO -    b'+OK'
[2024-07-03T12:05:05.206+0000] {logging_mixin.py:151} INFO -    mailbox have 1 emails and the robot can process 10
[2024-07-03T12:05:05.662+0000] {logging_mixin.py:151} INFO -    #>2024-07-03 12:05:05.662245_conneciton to db is set.
[2024-07-03T12:05:05.671+0000] {taskinstance.py:1943} ERROR - Task failed with exception
Traceback (most recent call last):
  File "/home/airflow/.local/lib/python3.8/site-packages/airflow/operators/python.py", line 192, in execute
    return_value = self.execute_callable()
  File "/home/airflow/.local/lib/python3.8/site-packages/airflow/operators/python.py", line 209, in execute_callable
    return self.python_callable(*self.op_args, **self.op_kwargs)
  File "/opt/airflow/dags/dag_email_robot.py", line 25, in get_emails
    robot.fetch_emails()
  File "/opt/airflow/dags/emailRobot.py", line 62, in fetch_emails
    return self.pop3_fetch_emails()
  File "/opt/airflow/dags/emailRobot.py", line 156, in pop3_fetch_emails
    cursor.execute (query, insert_values)
psycopg2.errors.UndefinedTable: relation "sma_stat_dep.tbl_file_upload" does not exist
LINE 1: ...) AS (INSERT INTO                                 sma_stat_d...
                                                             ^

[2024-07-03T12:05:05.683+0000] {taskinstance.py:1400} INFO - Marking task as FAILED. dag_id=reports_workflow, task_id=id_task_get_emails, execution_date=20240702T093500, start_date=20240703T120504, end_date=20240703T120505
[2024-07-03T12:05:05.697+0000] {standard_task_runner.py:104} ERROR - Failed to execute job 801 for task id_task_get_emails (relation "sma_stat_dep.tbl_file_upload" does not exist
LINE 1: ...) AS (INSERT INTO                                 sma_stat_d...
                                                             ^
; 23381)
[2024-07-03T12:05:05.744+0000] {local_task_job_runner.py:228} INFO - Task exited with return code 1
[2024-07-03T12:05:05.769+0000] {taskinstance.py:2784} INFO - 0 downstream tasks scheduled from follow-on schedule check
[2024-07-03T12:23:22.217+0000] {taskinstance.py:1159} INFO - Dependencies all met for dep_context=non-requeueable deps ti=<TaskInstance: reports_workflow.id_task_get_emails scheduled__2024-07-02T09:35:00+00:00 [queued]>
[2024-07-03T12:23:22.242+0000] {taskinstance.py:1159} INFO - Dependencies all met for dep_context=requeueable deps ti=<TaskInstance: reports_workflow.id_task_get_emails scheduled__2024-07-02T09:35:00+00:00 [queued]>
[2024-07-03T12:23:22.242+0000] {taskinstance.py:1361} INFO - Starting attempt 1 of 1
[2024-07-03T12:23:22.256+0000] {taskinstance.py:1382} INFO - Executing <Task(PythonOperator): id_task_get_emails> on 2024-07-02 09:35:00+00:00
[2024-07-03T12:23:22.260+0000] {standard_task_runner.py:57} INFO - Started process 24270 to run task
[2024-07-03T12:23:22.268+0000] {standard_task_runner.py:84} INFO - Running: ['***', 'tasks', 'run', 'reports_workflow', 'id_task_get_emails', 'scheduled__2024-07-02T09:35:00+00:00', '--job-id', '1109', '--raw', '--subdir', 'DAGS_FOLDER/dag_email_robot.py', '--cfg-path', '/tmp/tmp84aaposy']
[2024-07-03T12:23:22.270+0000] {standard_task_runner.py:85} INFO - Job 1109: Subtask id_task_get_emails
[2024-07-03T12:23:22.324+0000] {task_command.py:415} INFO - Running <TaskInstance: reports_workflow.id_task_get_emails scheduled__2024-07-02T09:35:00+00:00 [running]> on host 6f4ef5488251
[2024-07-03T12:23:22.398+0000] {taskinstance.py:1660} INFO - Exporting env vars: AIRFLOW_CTX_DAG_OWNER='FIRDAVS' AIRFLOW_CTX_DAG_ID='reports_workflow' AIRFLOW_CTX_TASK_ID='id_task_get_emails' AIRFLOW_CTX_EXECUTION_DATE='2024-07-02T09:35:00+00:00' AIRFLOW_CTX_TRY_NUMBER='1' AIRFLOW_CTX_DAG_RUN_ID='scheduled__2024-07-02T09:35:00+00:00'
[2024-07-03T12:23:22.399+0000] {logging_mixin.py:151} INFO - path of config file:  /opt/***
[2024-07-03T12:23:22.400+0000] {logging_mixin.py:151} INFO - #>2024-07-03 12:23:22.399985_User@StatDep: EmailRobot in screated.
[2024-07-03T12:23:22.400+0000] {logging_mixin.py:151} INFO - #>2024-07-03 12:23:22.400178_User@StatDep: get_for_recent_emails is started...
[2024-07-03T12:23:22.400+0000] {logging_mixin.py:151} INFO - #>2024-07-03 12:23:22.400320_User@StatDep: pop3_fetch_emails isstarted...
[2024-07-03T12:23:22.753+0000] {logging_mixin.py:151} INFO -    b'+OK'
[2024-07-03T12:23:23.032+0000] {logging_mixin.py:151} INFO -    mailbox have 0 emails and the robot can process 10
[2024-07-03T12:23:23.033+0000] {logging_mixin.py:151} INFO - #>2024-07-03 12:23:23.033244_User@StatDep: no emails to process, exiting pop3_fetch_emails()...
[2024-07-03T12:23:23.033+0000] {python.py:194} INFO - Done. Returned value was: True
[2024-07-03T12:23:23.072+0000] {taskinstance.py:1400} INFO - Marking task as SUCCESS. dag_id=reports_workflow, task_id=id_task_get_emails, execution_date=20240702T093500, start_date=20240703T122322, end_date=20240703T122323
[2024-07-03T12:23:23.128+0000] {local_task_job_runner.py:228} INFO - Task exited with return code 0
[2024-07-03T12:23:23.174+0000] {taskinstance.py:2784} INFO - 1 downstream tasks scheduled from follow-on schedule check
