[2024-07-25T05:57:44.229+0000] {taskinstance.py:1159} INFO - Dependencies all met for dep_context=non-requeueable deps ti=<TaskInstance: reports_workflow.id_task_get_emails manual__2024-07-25T05:57:42.656662+00:00 [queued]>
[2024-07-25T05:57:44.238+0000] {taskinstance.py:1159} INFO - Dependencies all met for dep_context=requeueable deps ti=<TaskInstance: reports_workflow.id_task_get_emails manual__2024-07-25T05:57:42.656662+00:00 [queued]>
[2024-07-25T05:57:44.238+0000] {taskinstance.py:1361} INFO - Starting attempt 1 of 2
[2024-07-25T05:57:44.255+0000] {taskinstance.py:1382} INFO - Executing <Task(PythonOperator): id_task_get_emails> on 2024-07-25 05:57:42.656662+00:00
[2024-07-25T05:57:44.262+0000] {standard_task_runner.py:57} INFO - Started process 127666 to run task
[2024-07-25T05:57:44.273+0000] {standard_task_runner.py:84} INFO - Running: ['***', 'tasks', 'run', 'reports_workflow', 'id_task_get_emails', 'manual__2024-07-25T05:57:42.656662+00:00', '--job-id', '8107', '--raw', '--subdir', 'DAGS_FOLDER/dag_email_robot.py', '--cfg-path', '/tmp/tmps98_omqi']
[2024-07-25T05:57:44.278+0000] {standard_task_runner.py:85} INFO - Job 8107: Subtask id_task_get_emails
[2024-07-25T05:57:44.712+0000] {task_command.py:415} INFO - Running <TaskInstance: reports_workflow.id_task_get_emails manual__2024-07-25T05:57:42.656662+00:00 [running]> on host 6f4ef5488251
[2024-07-25T05:57:44.935+0000] {taskinstance.py:1660} INFO - Exporting env vars: AIRFLOW_CTX_DAG_OWNER='FIRDAVS' AIRFLOW_CTX_DAG_ID='reports_workflow' AIRFLOW_CTX_TASK_ID='id_task_get_emails' AIRFLOW_CTX_EXECUTION_DATE='2024-07-25T05:57:42.656662+00:00' AIRFLOW_CTX_TRY_NUMBER='1' AIRFLOW_CTX_DAG_RUN_ID='manual__2024-07-25T05:57:42.656662+00:00'
[2024-07-25T05:57:44.936+0000] {logging_mixin.py:151} INFO - path of config file:  /opt/***
[2024-07-25T05:57:44.936+0000] {logging_mixin.py:151} INFO - #>2024-07-25 05:57:44.936808_User@StatDep: EmailRobot in screated.
[2024-07-25T05:57:44.937+0000] {logging_mixin.py:151} INFO - #>2024-07-25 05:57:44.936986_User@StatDep: get_for_recent_emails is started...
[2024-07-25T05:57:44.937+0000] {logging_mixin.py:151} INFO - #>2024-07-25 05:57:44.937115_User@StatDep: pop3_fetch_emails isstarted...
[2024-07-25T05:57:46.233+0000] {logging_mixin.py:151} INFO -    b'+OK'
[2024-07-25T05:57:46.676+0000] {logging_mixin.py:151} INFO -    mailbox have 1 emails and the robot can process 10
[2024-07-25T05:57:47.371+0000] {logging_mixin.py:151} INFO -    #>2024-07-25 05:57:47.371679_conneciton to db is set.
[2024-07-25T05:57:47.380+0000] {logging_mixin.py:151} INFO -    #>2024-07-25 05:57:47.380667_cursor execution is successful.
[2024-07-25T05:57:47.381+0000] {logging_mixin.py:151} INFO -    Email from 2024-07-25 08:55:52,  Мунис Пиров <3d_0001@mail.ru>  with statis 1 and attachement name 1HK.v0.5707.30062024.xlsx uploaded to db
[2024-07-25T05:57:47.451+0000] {logging_mixin.py:151} INFO -    deletion of email after inserting into database +OK message 1 deleted
[2024-07-25T05:57:47.534+0000] {logging_mixin.py:151} INFO - #>2024-07-25 05:57:47.534457_User@StatDep: pop3_fetch_emails is successful.
[2024-07-25T05:57:47.535+0000] {python.py:194} INFO - Done. Returned value was: True
[2024-07-25T05:57:47.572+0000] {taskinstance.py:1400} INFO - Marking task as SUCCESS. dag_id=reports_workflow, task_id=id_task_get_emails, execution_date=20240725T055742, start_date=20240725T055744, end_date=20240725T055747
[2024-07-25T05:57:47.614+0000] {local_task_job_runner.py:228} INFO - Task exited with return code 0
[2024-07-25T05:57:47.641+0000] {taskinstance.py:2784} INFO - 1 downstream tasks scheduled from follow-on schedule check
