[2024-07-30T11:40:03.495+0000] {taskinstance.py:1159} INFO - Dependencies all met for dep_context=non-requeueable deps ti=<TaskInstance: reports_workflow.id_task_get_emails scheduled__2024-07-30T11:35:00+00:00 [queued]>
[2024-07-30T11:40:03.503+0000] {taskinstance.py:1159} INFO - Dependencies all met for dep_context=requeueable deps ti=<TaskInstance: reports_workflow.id_task_get_emails scheduled__2024-07-30T11:35:00+00:00 [queued]>
[2024-07-30T11:40:03.503+0000] {taskinstance.py:1361} INFO - Starting attempt 1 of 2
[2024-07-30T11:40:03.516+0000] {taskinstance.py:1382} INFO - Executing <Task(PythonOperator): id_task_get_emails> on 2024-07-30 11:35:00+00:00
[2024-07-30T11:40:03.521+0000] {standard_task_runner.py:57} INFO - Started process 75 to run task
[2024-07-30T11:40:03.528+0000] {standard_task_runner.py:84} INFO - Running: ['***', 'tasks', 'run', 'reports_workflow', 'id_task_get_emails', 'scheduled__2024-07-30T11:35:00+00:00', '--job-id', '419', '--raw', '--subdir', 'DAGS_FOLDER/dag_stat_report.py', '--cfg-path', '/tmp/tmp6ruzanmt']
[2024-07-30T11:40:03.532+0000] {standard_task_runner.py:85} INFO - Job 419: Subtask id_task_get_emails
[2024-07-30T11:40:03.596+0000] {task_command.py:415} INFO - Running <TaskInstance: reports_workflow.id_task_get_emails scheduled__2024-07-30T11:35:00+00:00 [running]> on host 6bb718ab9b8f
[2024-07-30T11:40:03.778+0000] {taskinstance.py:1660} INFO - Exporting env vars: AIRFLOW_CTX_DAG_OWNER='FIRDAVS' AIRFLOW_CTX_DAG_ID='reports_workflow' AIRFLOW_CTX_TASK_ID='id_task_get_emails' AIRFLOW_CTX_EXECUTION_DATE='2024-07-30T11:35:00+00:00' AIRFLOW_CTX_TRY_NUMBER='1' AIRFLOW_CTX_DAG_RUN_ID='scheduled__2024-07-30T11:35:00+00:00'
[2024-07-30T11:40:03.779+0000] {logging_mixin.py:151} INFO - path of config file:  /opt/***
[2024-07-30T11:40:03.796+0000] {logging_mixin.py:151} INFO - #>2024-07-30 11:40:03.796040_User@StatDep: EmailRobot in screated.
[2024-07-30T11:40:03.796+0000] {logging_mixin.py:151} INFO - #>2024-07-30 11:40:03.796562_User@StatDep: get_for_recent_emails is started...
[2024-07-30T11:40:03.797+0000] {logging_mixin.py:151} INFO - #>2024-07-30 11:40:03.797012_User@StatDep: pop3_fetch_emails isstarted...
[2024-07-30T11:40:04.421+0000] {logging_mixin.py:151} INFO -    b'+OK'
[2024-07-30T11:40:04.973+0000] {logging_mixin.py:151} INFO -    mailbox have 1 emails and the robot can process 10
[2024-07-30T11:40:05.339+0000] {taskinstance.py:1943} ERROR - Task failed with exception
Traceback (most recent call last):
  File "/home/airflow/.local/lib/python3.8/site-packages/airflow/operators/python.py", line 192, in execute
    return_value = self.execute_callable()
  File "/home/airflow/.local/lib/python3.8/site-packages/airflow/operators/python.py", line 209, in execute_callable
    return self.python_callable(*self.op_args, **self.op_kwargs)
  File "/opt/airflow/dags/dag_stat_report.py", line 34, in get_emails
    robot.fetch_emails()
  File "/opt/airflow/dags/library/emailRobot.py", line 62, in fetch_emails
    return self.pop3_fetch_emails()
  File "/opt/airflow/dags/library/emailRobot.py", line 150, in pop3_fetch_emails
    with psycopg2.connect(dbname=self.db_name,
  File "/home/airflow/.local/lib/python3.8/site-packages/psycopg2/__init__.py", line 122, in connect
    conn = _connect(dsn, connection_factory=connection_factory, **kwasync)
psycopg2.OperationalError: could not translate host name "postgresql-postgres_omor-1" to address: Name or service not known

[2024-07-30T11:40:05.356+0000] {taskinstance.py:1400} INFO - Marking task as UP_FOR_RETRY. dag_id=reports_workflow, task_id=id_task_get_emails, execution_date=20240730T113500, start_date=20240730T114003, end_date=20240730T114005
[2024-07-30T11:40:05.371+0000] {standard_task_runner.py:104} ERROR - Failed to execute job 419 for task id_task_get_emails (could not translate host name "postgresql-postgres_omor-1" to address: Name or service not known
; 75)
[2024-07-30T11:40:05.385+0000] {local_task_job_runner.py:228} INFO - Task exited with return code 1
[2024-07-30T11:40:05.415+0000] {taskinstance.py:2784} INFO - 0 downstream tasks scheduled from follow-on schedule check
