[2024-07-03T09:58:15.574+0000] {taskinstance.py:1159} INFO - Dependencies all met for dep_context=non-requeueable deps ti=<TaskInstance: reports_workflow.id_task_get_emails scheduled__2024-07-02T16:50:00+00:00 [queued]>
[2024-07-03T09:58:15.595+0000] {taskinstance.py:1159} INFO - Dependencies all met for dep_context=requeueable deps ti=<TaskInstance: reports_workflow.id_task_get_emails scheduled__2024-07-02T16:50:00+00:00 [queued]>
[2024-07-03T09:58:15.602+0000] {taskinstance.py:1361} INFO - Starting attempt 1 of 1
[2024-07-03T09:58:15.828+0000] {taskinstance.py:1382} INFO - Executing <Task(PythonOperator): id_task_get_emails> on 2024-07-02 16:50:00+00:00
[2024-07-03T09:58:15.855+0000] {standard_task_runner.py:57} INFO - Started process 20746 to run task
[2024-07-03T09:58:15.864+0000] {standard_task_runner.py:84} INFO - Running: ['***', 'tasks', 'run', 'reports_workflow', 'id_task_get_emails', 'scheduled__2024-07-02T16:50:00+00:00', '--job-id', '447', '--raw', '--subdir', 'DAGS_FOLDER/dag_email_robot.py', '--cfg-path', '/tmp/tmpb8aqx0cz']
[2024-07-03T09:58:15.879+0000] {standard_task_runner.py:85} INFO - Job 447: Subtask id_task_get_emails
[2024-07-03T09:58:15.960+0000] {task_command.py:415} INFO - Running <TaskInstance: reports_workflow.id_task_get_emails scheduled__2024-07-02T16:50:00+00:00 [running]> on host 6f4ef5488251
[2024-07-03T09:58:16.091+0000] {taskinstance.py:1660} INFO - Exporting env vars: AIRFLOW_CTX_DAG_OWNER='FIRDAVS' AIRFLOW_CTX_DAG_ID='reports_workflow' AIRFLOW_CTX_TASK_ID='id_task_get_emails' AIRFLOW_CTX_EXECUTION_DATE='2024-07-02T16:50:00+00:00' AIRFLOW_CTX_TRY_NUMBER='1' AIRFLOW_CTX_DAG_RUN_ID='scheduled__2024-07-02T16:50:00+00:00'
[2024-07-03T09:58:16.092+0000] {logging_mixin.py:151} INFO - path of config file:  /opt/***
[2024-07-03T09:58:16.093+0000] {logging_mixin.py:151} INFO - #>2024-07-03 09:58:16.093343_User@StatDep: EmailRobot in screated.
[2024-07-03T09:58:16.093+0000] {logging_mixin.py:151} INFO - #>2024-07-03 09:58:16.093541_User@StatDep: get_for_recent_emails is started...
[2024-07-03T09:58:16.093+0000] {logging_mixin.py:151} INFO - #>2024-07-03 09:58:16.093690_User@StatDep: pop3_fetch_emails isstarted...
[2024-07-03T09:58:16.486+0000] {logging_mixin.py:151} INFO -    b'+OK'
[2024-07-03T09:58:16.816+0000] {logging_mixin.py:151} INFO -    mailbox have 0 emails and the robot can process 10
[2024-07-03T09:58:16.816+0000] {logging_mixin.py:151} INFO - #>2024-07-03 09:58:16.816752_User@StatDep: no emails to process, exiting pop3_fetch_emails()...
[2024-07-03T09:58:16.817+0000] {python.py:194} INFO - Done. Returned value was: True
[2024-07-03T09:58:17.032+0000] {taskinstance.py:1400} INFO - Marking task as SUCCESS. dag_id=reports_workflow, task_id=id_task_get_emails, execution_date=20240702T165000, start_date=20240703T095815, end_date=20240703T095817
[2024-07-03T09:58:17.083+0000] {local_task_job_runner.py:228} INFO - Task exited with return code 0
[2024-07-03T09:58:17.156+0000] {taskinstance.py:2784} INFO - 0 downstream tasks scheduled from follow-on schedule check
[2024-07-03T12:05:41.460+0000] {taskinstance.py:1159} INFO - Dependencies all met for dep_context=non-requeueable deps ti=<TaskInstance: reports_workflow.id_task_get_emails scheduled__2024-07-02T16:50:00+00:00 [queued]>
[2024-07-03T12:05:41.470+0000] {taskinstance.py:1159} INFO - Dependencies all met for dep_context=requeueable deps ti=<TaskInstance: reports_workflow.id_task_get_emails scheduled__2024-07-02T16:50:00+00:00 [queued]>
[2024-07-03T12:05:41.470+0000] {taskinstance.py:1361} INFO - Starting attempt 1 of 1
[2024-07-03T12:05:41.501+0000] {taskinstance.py:1382} INFO - Executing <Task(PythonOperator): id_task_get_emails> on 2024-07-02 16:50:00+00:00
[2024-07-03T12:05:41.506+0000] {standard_task_runner.py:57} INFO - Started process 23563 to run task
[2024-07-03T12:05:41.512+0000] {standard_task_runner.py:84} INFO - Running: ['***', 'tasks', 'run', 'reports_workflow', 'id_task_get_emails', 'scheduled__2024-07-02T16:50:00+00:00', '--job-id', '888', '--raw', '--subdir', 'DAGS_FOLDER/dag_email_robot.py', '--cfg-path', '/tmp/tmprieuvece']
[2024-07-03T12:05:41.514+0000] {standard_task_runner.py:85} INFO - Job 888: Subtask id_task_get_emails
[2024-07-03T12:05:41.620+0000] {task_command.py:415} INFO - Running <TaskInstance: reports_workflow.id_task_get_emails scheduled__2024-07-02T16:50:00+00:00 [running]> on host 6f4ef5488251
[2024-07-03T12:05:41.728+0000] {taskinstance.py:1660} INFO - Exporting env vars: AIRFLOW_CTX_DAG_OWNER='FIRDAVS' AIRFLOW_CTX_DAG_ID='reports_workflow' AIRFLOW_CTX_TASK_ID='id_task_get_emails' AIRFLOW_CTX_EXECUTION_DATE='2024-07-02T16:50:00+00:00' AIRFLOW_CTX_TRY_NUMBER='1' AIRFLOW_CTX_DAG_RUN_ID='scheduled__2024-07-02T16:50:00+00:00'
[2024-07-03T12:05:41.733+0000] {logging_mixin.py:151} INFO - path of config file:  /opt/***
[2024-07-03T12:05:41.734+0000] {logging_mixin.py:151} INFO - #>2024-07-03 12:05:41.734278_User@StatDep: EmailRobot in screated.
[2024-07-03T12:05:41.734+0000] {logging_mixin.py:151} INFO - #>2024-07-03 12:05:41.734700_User@StatDep: get_for_recent_emails is started...
[2024-07-03T12:05:41.735+0000] {logging_mixin.py:151} INFO - #>2024-07-03 12:05:41.735043_User@StatDep: pop3_fetch_emails isstarted...
[2024-07-03T12:05:42.097+0000] {logging_mixin.py:151} INFO -    b'+OK'
[2024-07-03T12:05:42.502+0000] {logging_mixin.py:151} INFO -    mailbox have 1 emails and the robot can process 10
[2024-07-03T12:05:42.939+0000] {logging_mixin.py:151} INFO -    #>2024-07-03 12:05:42.939873_conneciton to db is set.
[2024-07-03T12:05:42.946+0000] {taskinstance.py:1943} ERROR - Task failed with exception
Traceback (most recent call last):
  File "/home/airflow/.local/lib/python3.8/site-packages/airflow/operators/python.py", line 192, in execute
    return_value = self.execute_callable()
  File "/home/airflow/.local/lib/python3.8/site-packages/airflow/operators/python.py", line 209, in execute_callable
    return self.python_callable(*self.op_args, **self.op_kwargs)
  File "/opt/airflow/dags/dag_email_robot.py", line 25, in get_emails
    robot.fetch_emails()
  File "/opt/airflow/dags/emailRobot.py", line 62, in fetch_emails
    return self.pop3_fetch_emails()
  File "/opt/airflow/dags/emailRobot.py", line 156, in pop3_fetch_emails
    cursor.execute (query, insert_values)
psycopg2.errors.UndefinedTable: relation "sma_stat_dep.tbl_file_upload" does not exist
LINE 1: ...) AS (INSERT INTO                                 sma_stat_d...
                                                             ^

[2024-07-03T12:05:42.965+0000] {taskinstance.py:1400} INFO - Marking task as FAILED. dag_id=reports_workflow, task_id=id_task_get_emails, execution_date=20240702T165000, start_date=20240703T120541, end_date=20240703T120542
[2024-07-03T12:05:42.983+0000] {standard_task_runner.py:104} ERROR - Failed to execute job 888 for task id_task_get_emails (relation "sma_stat_dep.tbl_file_upload" does not exist
LINE 1: ...) AS (INSERT INTO                                 sma_stat_d...
                                                             ^
; 23563)
[2024-07-03T12:05:43.023+0000] {local_task_job_runner.py:228} INFO - Task exited with return code 1
[2024-07-03T12:05:43.049+0000] {taskinstance.py:2784} INFO - 0 downstream tasks scheduled from follow-on schedule check
[2024-07-03T12:27:59.420+0000] {taskinstance.py:1159} INFO - Dependencies all met for dep_context=non-requeueable deps ti=<TaskInstance: reports_workflow.id_task_get_emails scheduled__2024-07-02T16:50:00+00:00 [queued]>
[2024-07-03T12:27:59.429+0000] {taskinstance.py:1159} INFO - Dependencies all met for dep_context=requeueable deps ti=<TaskInstance: reports_workflow.id_task_get_emails scheduled__2024-07-02T16:50:00+00:00 [queued]>
[2024-07-03T12:27:59.429+0000] {taskinstance.py:1361} INFO - Starting attempt 1 of 1
[2024-07-03T12:27:59.446+0000] {taskinstance.py:1382} INFO - Executing <Task(PythonOperator): id_task_get_emails> on 2024-07-02 16:50:00+00:00
[2024-07-03T12:27:59.451+0000] {standard_task_runner.py:57} INFO - Started process 24684 to run task
[2024-07-03T12:27:59.464+0000] {standard_task_runner.py:84} INFO - Running: ['***', 'tasks', 'run', 'reports_workflow', 'id_task_get_emails', 'scheduled__2024-07-02T16:50:00+00:00', '--job-id', '1284', '--raw', '--subdir', 'DAGS_FOLDER/dag_email_robot.py', '--cfg-path', '/tmp/tmp2oiaxgvl']
[2024-07-03T12:27:59.465+0000] {standard_task_runner.py:85} INFO - Job 1284: Subtask id_task_get_emails
[2024-07-03T12:27:59.551+0000] {task_command.py:415} INFO - Running <TaskInstance: reports_workflow.id_task_get_emails scheduled__2024-07-02T16:50:00+00:00 [running]> on host 6f4ef5488251
[2024-07-03T12:27:59.674+0000] {taskinstance.py:1660} INFO - Exporting env vars: AIRFLOW_CTX_DAG_OWNER='FIRDAVS' AIRFLOW_CTX_DAG_ID='reports_workflow' AIRFLOW_CTX_TASK_ID='id_task_get_emails' AIRFLOW_CTX_EXECUTION_DATE='2024-07-02T16:50:00+00:00' AIRFLOW_CTX_TRY_NUMBER='1' AIRFLOW_CTX_DAG_RUN_ID='scheduled__2024-07-02T16:50:00+00:00'
[2024-07-03T12:27:59.676+0000] {logging_mixin.py:151} INFO - path of config file:  /opt/***
[2024-07-03T12:27:59.676+0000] {logging_mixin.py:151} INFO - #>2024-07-03 12:27:59.676846_User@StatDep: EmailRobot in screated.
[2024-07-03T12:27:59.679+0000] {logging_mixin.py:151} INFO - #>2024-07-03 12:27:59.679142_User@StatDep: get_for_recent_emails is started...
[2024-07-03T12:27:59.679+0000] {logging_mixin.py:151} INFO - #>2024-07-03 12:27:59.679580_User@StatDep: pop3_fetch_emails isstarted...
[2024-07-03T12:28:00.082+0000] {logging_mixin.py:151} INFO -    b'+OK'
[2024-07-03T12:28:00.441+0000] {logging_mixin.py:151} INFO -    mailbox have 0 emails and the robot can process 10
[2024-07-03T12:28:00.441+0000] {logging_mixin.py:151} INFO - #>2024-07-03 12:28:00.441915_User@StatDep: no emails to process, exiting pop3_fetch_emails()...
[2024-07-03T12:28:00.443+0000] {python.py:194} INFO - Done. Returned value was: True
[2024-07-03T12:28:00.487+0000] {taskinstance.py:1400} INFO - Marking task as SUCCESS. dag_id=reports_workflow, task_id=id_task_get_emails, execution_date=20240702T165000, start_date=20240703T122759, end_date=20240703T122800
[2024-07-03T12:28:00.515+0000] {local_task_job_runner.py:228} INFO - Task exited with return code 0
[2024-07-03T12:28:00.614+0000] {taskinstance.py:2784} INFO - 0 downstream tasks scheduled from follow-on schedule check
