[2024-07-08T06:50:01.600+0000] {taskinstance.py:1159} INFO - Dependencies all met for dep_context=non-requeueable deps ti=<TaskInstance: reports_workflow.id_task_get_emails scheduled__2024-07-08T06:45:00+00:00 [queued]>
[2024-07-08T06:50:01.607+0000] {taskinstance.py:1159} INFO - Dependencies all met for dep_context=requeueable deps ti=<TaskInstance: reports_workflow.id_task_get_emails scheduled__2024-07-08T06:45:00+00:00 [queued]>
[2024-07-08T06:50:01.607+0000] {taskinstance.py:1361} INFO - Starting attempt 1 of 2
[2024-07-08T06:50:01.618+0000] {taskinstance.py:1382} INFO - Executing <Task(PythonOperator): id_task_get_emails> on 2024-07-08 06:45:00+00:00
[2024-07-08T06:50:01.624+0000] {standard_task_runner.py:57} INFO - Started process 4099 to run task
[2024-07-08T06:50:01.630+0000] {standard_task_runner.py:84} INFO - Running: ['***', 'tasks', 'run', 'reports_workflow', 'id_task_get_emails', 'scheduled__2024-07-08T06:45:00+00:00', '--job-id', '3577', '--raw', '--subdir', 'DAGS_FOLDER/dag_email_robot.py', '--cfg-path', '/tmp/tmpszx0qt6m']
[2024-07-08T06:50:01.635+0000] {standard_task_runner.py:85} INFO - Job 3577: Subtask id_task_get_emails
[2024-07-08T06:50:01.718+0000] {task_command.py:415} INFO - Running <TaskInstance: reports_workflow.id_task_get_emails scheduled__2024-07-08T06:45:00+00:00 [running]> on host 6f4ef5488251
[2024-07-08T06:50:01.815+0000] {taskinstance.py:1660} INFO - Exporting env vars: AIRFLOW_CTX_DAG_OWNER='FIRDAVS' AIRFLOW_CTX_DAG_ID='reports_workflow' AIRFLOW_CTX_TASK_ID='id_task_get_emails' AIRFLOW_CTX_EXECUTION_DATE='2024-07-08T06:45:00+00:00' AIRFLOW_CTX_TRY_NUMBER='1' AIRFLOW_CTX_DAG_RUN_ID='scheduled__2024-07-08T06:45:00+00:00'
[2024-07-08T06:50:01.817+0000] {logging_mixin.py:151} INFO - path of config file:  /opt/***
[2024-07-08T06:50:01.817+0000] {logging_mixin.py:151} INFO - #>2024-07-08 06:50:01.817610_User@StatDep: EmailRobot in screated.
[2024-07-08T06:50:01.817+0000] {logging_mixin.py:151} INFO - #>2024-07-08 06:50:01.817772_User@StatDep: get_for_recent_emails is started...
[2024-07-08T06:50:01.817+0000] {logging_mixin.py:151} INFO - #>2024-07-08 06:50:01.817883_User@StatDep: pop3_fetch_emails isstarted...
[2024-07-08T06:50:02.297+0000] {logging_mixin.py:151} INFO -    b'+OK'
[2024-07-08T06:50:02.626+0000] {logging_mixin.py:151} INFO -    mailbox have 0 emails and the robot can process 10
[2024-07-08T06:50:02.627+0000] {logging_mixin.py:151} INFO - #>2024-07-08 06:50:02.627035_User@StatDep: no emails to process, exiting pop3_fetch_emails()...
[2024-07-08T06:50:02.627+0000] {python.py:194} INFO - Done. Returned value was: True
[2024-07-08T06:50:02.665+0000] {taskinstance.py:1400} INFO - Marking task as SUCCESS. dag_id=reports_workflow, task_id=id_task_get_emails, execution_date=20240708T064500, start_date=20240708T065001, end_date=20240708T065002
[2024-07-08T06:50:02.684+0000] {local_task_job_runner.py:228} INFO - Task exited with return code 0
[2024-07-08T06:50:02.714+0000] {taskinstance.py:2784} INFO - 1 downstream tasks scheduled from follow-on schedule check
[2024-07-08T10:22:09.827+0000] {taskinstance.py:1159} INFO - Dependencies all met for dep_context=non-requeueable deps ti=<TaskInstance: reports_workflow.id_task_get_emails scheduled__2024-07-08T06:45:00+00:00 [queued]>
[2024-07-08T10:22:09.846+0000] {taskinstance.py:1159} INFO - Dependencies all met for dep_context=requeueable deps ti=<TaskInstance: reports_workflow.id_task_get_emails scheduled__2024-07-08T06:45:00+00:00 [queued]>
[2024-07-08T10:22:09.847+0000] {taskinstance.py:1361} INFO - Starting attempt 1 of 2
[2024-07-08T10:22:09.860+0000] {taskinstance.py:1382} INFO - Executing <Task(PythonOperator): id_task_get_emails> on 2024-07-08 06:45:00+00:00
[2024-07-08T10:22:09.866+0000] {standard_task_runner.py:57} INFO - Started process 8022 to run task
[2024-07-08T10:22:09.872+0000] {standard_task_runner.py:84} INFO - Running: ['***', 'tasks', 'run', 'reports_workflow', 'id_task_get_emails', 'scheduled__2024-07-08T06:45:00+00:00', '--job-id', '3795', '--raw', '--subdir', 'DAGS_FOLDER/dag_email_robot.py', '--cfg-path', '/tmp/tmpc3bqv9cr']
[2024-07-08T10:22:09.876+0000] {standard_task_runner.py:85} INFO - Job 3795: Subtask id_task_get_emails
[2024-07-08T10:22:09.949+0000] {task_command.py:415} INFO - Running <TaskInstance: reports_workflow.id_task_get_emails scheduled__2024-07-08T06:45:00+00:00 [running]> on host 6f4ef5488251
[2024-07-08T10:22:10.058+0000] {taskinstance.py:1660} INFO - Exporting env vars: AIRFLOW_CTX_DAG_OWNER='FIRDAVS' AIRFLOW_CTX_DAG_ID='reports_workflow' AIRFLOW_CTX_TASK_ID='id_task_get_emails' AIRFLOW_CTX_EXECUTION_DATE='2024-07-08T06:45:00+00:00' AIRFLOW_CTX_TRY_NUMBER='1' AIRFLOW_CTX_DAG_RUN_ID='scheduled__2024-07-08T06:45:00+00:00'
[2024-07-08T10:22:10.060+0000] {logging_mixin.py:151} INFO - path of config file:  /opt/***
[2024-07-08T10:22:10.061+0000] {logging_mixin.py:151} INFO - #>2024-07-08 10:22:10.061024_User@StatDep: EmailRobot in screated.
[2024-07-08T10:22:10.061+0000] {logging_mixin.py:151} INFO - #>2024-07-08 10:22:10.061229_User@StatDep: get_for_recent_emails is started...
[2024-07-08T10:22:10.061+0000] {logging_mixin.py:151} INFO - #>2024-07-08 10:22:10.061369_User@StatDep: pop3_fetch_emails isstarted...
[2024-07-08T10:22:10.515+0000] {logging_mixin.py:151} INFO -    b'+OK'
[2024-07-08T10:22:10.846+0000] {logging_mixin.py:151} INFO -    mailbox have 0 emails and the robot can process 10
[2024-07-08T10:22:10.847+0000] {logging_mixin.py:151} INFO - #>2024-07-08 10:22:10.847295_User@StatDep: no emails to process, exiting pop3_fetch_emails()...
[2024-07-08T10:22:10.848+0000] {python.py:194} INFO - Done. Returned value was: True
[2024-07-08T10:22:10.873+0000] {taskinstance.py:1400} INFO - Marking task as SUCCESS. dag_id=reports_workflow, task_id=id_task_get_emails, execution_date=20240708T064500, start_date=20240708T102209, end_date=20240708T102210
[2024-07-08T10:22:10.931+0000] {local_task_job_runner.py:228} INFO - Task exited with return code 0
[2024-07-08T10:22:10.969+0000] {taskinstance.py:2784} INFO - 1 downstream tasks scheduled from follow-on schedule check
[2024-07-08T10:27:04.375+0000] {taskinstance.py:1159} INFO - Dependencies all met for dep_context=non-requeueable deps ti=<TaskInstance: reports_workflow.id_task_get_emails scheduled__2024-07-08T06:45:00+00:00 [queued]>
[2024-07-08T10:27:04.417+0000] {taskinstance.py:1159} INFO - Dependencies all met for dep_context=requeueable deps ti=<TaskInstance: reports_workflow.id_task_get_emails scheduled__2024-07-08T06:45:00+00:00 [queued]>
[2024-07-08T10:27:04.417+0000] {taskinstance.py:1361} INFO - Starting attempt 1 of 2
[2024-07-08T10:27:04.458+0000] {taskinstance.py:1382} INFO - Executing <Task(PythonOperator): id_task_get_emails> on 2024-07-08 06:45:00+00:00
[2024-07-08T10:27:04.465+0000] {standard_task_runner.py:57} INFO - Started process 8753 to run task
[2024-07-08T10:27:04.474+0000] {standard_task_runner.py:84} INFO - Running: ['***', 'tasks', 'run', 'reports_workflow', 'id_task_get_emails', 'scheduled__2024-07-08T06:45:00+00:00', '--job-id', '4012', '--raw', '--subdir', 'DAGS_FOLDER/dag_email_robot.py', '--cfg-path', '/tmp/tmp04f9db8i']
[2024-07-08T10:27:04.478+0000] {standard_task_runner.py:85} INFO - Job 4012: Subtask id_task_get_emails
[2024-07-08T10:27:04.596+0000] {task_command.py:415} INFO - Running <TaskInstance: reports_workflow.id_task_get_emails scheduled__2024-07-08T06:45:00+00:00 [running]> on host 6f4ef5488251
[2024-07-08T10:27:04.750+0000] {taskinstance.py:1660} INFO - Exporting env vars: AIRFLOW_CTX_DAG_OWNER='FIRDAVS' AIRFLOW_CTX_DAG_ID='reports_workflow' AIRFLOW_CTX_TASK_ID='id_task_get_emails' AIRFLOW_CTX_EXECUTION_DATE='2024-07-08T06:45:00+00:00' AIRFLOW_CTX_TRY_NUMBER='1' AIRFLOW_CTX_DAG_RUN_ID='scheduled__2024-07-08T06:45:00+00:00'
[2024-07-08T10:27:04.751+0000] {logging_mixin.py:151} INFO - path of config file:  /opt/***
[2024-07-08T10:27:04.752+0000] {logging_mixin.py:151} INFO - #>2024-07-08 10:27:04.752137_User@StatDep: EmailRobot in screated.
[2024-07-08T10:27:04.752+0000] {logging_mixin.py:151} INFO - #>2024-07-08 10:27:04.752327_User@StatDep: get_for_recent_emails is started...
[2024-07-08T10:27:04.752+0000] {logging_mixin.py:151} INFO - #>2024-07-08 10:27:04.752486_User@StatDep: pop3_fetch_emails isstarted...
[2024-07-08T10:27:05.120+0000] {logging_mixin.py:151} INFO -    b'+OK'
[2024-07-08T10:27:05.447+0000] {logging_mixin.py:151} INFO -    mailbox have 0 emails and the robot can process 10
[2024-07-08T10:27:05.447+0000] {logging_mixin.py:151} INFO - #>2024-07-08 10:27:05.447834_User@StatDep: no emails to process, exiting pop3_fetch_emails()...
[2024-07-08T10:27:05.448+0000] {python.py:194} INFO - Done. Returned value was: True
[2024-07-08T10:27:05.507+0000] {taskinstance.py:1400} INFO - Marking task as SUCCESS. dag_id=reports_workflow, task_id=id_task_get_emails, execution_date=20240708T064500, start_date=20240708T102704, end_date=20240708T102705
[2024-07-08T10:27:05.544+0000] {local_task_job_runner.py:228} INFO - Task exited with return code 0
[2024-07-08T10:27:05.572+0000] {taskinstance.py:2784} INFO - 1 downstream tasks scheduled from follow-on schedule check
