[2024-07-03T09:57:08.570+0000] {taskinstance.py:1159} INFO - Dependencies all met for dep_context=non-requeueable deps ti=<TaskInstance: reports_workflow.id_task_get_emails scheduled__2024-07-02T06:00:00+00:00 [queued]>
[2024-07-03T09:57:08.579+0000] {taskinstance.py:1159} INFO - Dependencies all met for dep_context=requeueable deps ti=<TaskInstance: reports_workflow.id_task_get_emails scheduled__2024-07-02T06:00:00+00:00 [queued]>
[2024-07-03T09:57:08.579+0000] {taskinstance.py:1361} INFO - Starting attempt 1 of 1
[2024-07-03T09:57:08.596+0000] {taskinstance.py:1382} INFO - Executing <Task(PythonOperator): id_task_get_emails> on 2024-07-02 06:00:00+00:00
[2024-07-03T09:57:08.601+0000] {standard_task_runner.py:57} INFO - Started process 20466 to run task
[2024-07-03T09:57:08.608+0000] {standard_task_runner.py:84} INFO - Running: ['***', 'tasks', 'run', 'reports_workflow', 'id_task_get_emails', 'scheduled__2024-07-02T06:00:00+00:00', '--job-id', '316', '--raw', '--subdir', 'DAGS_FOLDER/dag_email_robot.py', '--cfg-path', '/tmp/tmpw0z5f9vv']
[2024-07-03T09:57:08.610+0000] {standard_task_runner.py:85} INFO - Job 316: Subtask id_task_get_emails
[2024-07-03T09:57:08.666+0000] {task_command.py:415} INFO - Running <TaskInstance: reports_workflow.id_task_get_emails scheduled__2024-07-02T06:00:00+00:00 [running]> on host 6f4ef5488251
[2024-07-03T09:57:08.756+0000] {taskinstance.py:1660} INFO - Exporting env vars: AIRFLOW_CTX_DAG_OWNER='FIRDAVS' AIRFLOW_CTX_DAG_ID='reports_workflow' AIRFLOW_CTX_TASK_ID='id_task_get_emails' AIRFLOW_CTX_EXECUTION_DATE='2024-07-02T06:00:00+00:00' AIRFLOW_CTX_TRY_NUMBER='1' AIRFLOW_CTX_DAG_RUN_ID='scheduled__2024-07-02T06:00:00+00:00'
[2024-07-03T09:57:08.757+0000] {logging_mixin.py:151} INFO - path of config file:  /opt/***
[2024-07-03T09:57:08.757+0000] {taskinstance.py:1943} ERROR - Task failed with exception
Traceback (most recent call last):
  File "/home/airflow/.local/lib/python3.8/site-packages/airflow/operators/python.py", line 192, in execute
    return_value = self.execute_callable()
  File "/home/airflow/.local/lib/python3.8/site-packages/airflow/operators/python.py", line 209, in execute_callable
    return self.python_callable(*self.op_args, **self.op_kwargs)
  File "/opt/airflow/dags/dag_email_robot.py", line 22, in get_emails
    email_conf = json.load (open(path / ("config/email_conf.json")))
NameError: name 'json' is not defined
[2024-07-03T09:57:08.767+0000] {taskinstance.py:1400} INFO - Marking task as FAILED. dag_id=reports_workflow, task_id=id_task_get_emails, execution_date=20240702T060000, start_date=20240703T095708, end_date=20240703T095708
[2024-07-03T09:57:08.782+0000] {standard_task_runner.py:104} ERROR - Failed to execute job 316 for task id_task_get_emails (name 'json' is not defined; 20466)
[2024-07-03T09:57:08.823+0000] {local_task_job_runner.py:228} INFO - Task exited with return code 1
[2024-07-03T09:57:08.841+0000] {taskinstance.py:2784} INFO - 0 downstream tasks scheduled from follow-on schedule check
[2024-07-03T12:04:45.767+0000] {taskinstance.py:1159} INFO - Dependencies all met for dep_context=non-requeueable deps ti=<TaskInstance: reports_workflow.id_task_get_emails scheduled__2024-07-02T06:00:00+00:00 [queued]>
[2024-07-03T12:04:45.776+0000] {taskinstance.py:1159} INFO - Dependencies all met for dep_context=requeueable deps ti=<TaskInstance: reports_workflow.id_task_get_emails scheduled__2024-07-02T06:00:00+00:00 [queued]>
[2024-07-03T12:04:45.776+0000] {taskinstance.py:1361} INFO - Starting attempt 1 of 1
[2024-07-03T12:04:45.793+0000] {taskinstance.py:1382} INFO - Executing <Task(PythonOperator): id_task_get_emails> on 2024-07-02 06:00:00+00:00
[2024-07-03T12:04:45.797+0000] {standard_task_runner.py:57} INFO - Started process 23288 to run task
[2024-07-03T12:04:45.805+0000] {standard_task_runner.py:84} INFO - Running: ['***', 'tasks', 'run', 'reports_workflow', 'id_task_get_emails', 'scheduled__2024-07-02T06:00:00+00:00', '--job-id', '758', '--raw', '--subdir', 'DAGS_FOLDER/dag_email_robot.py', '--cfg-path', '/tmp/tmpfwi2ld2f']
[2024-07-03T12:04:45.806+0000] {standard_task_runner.py:85} INFO - Job 758: Subtask id_task_get_emails
[2024-07-03T12:04:45.898+0000] {task_command.py:415} INFO - Running <TaskInstance: reports_workflow.id_task_get_emails scheduled__2024-07-02T06:00:00+00:00 [running]> on host 6f4ef5488251
[2024-07-03T12:04:46.019+0000] {taskinstance.py:1660} INFO - Exporting env vars: AIRFLOW_CTX_DAG_OWNER='FIRDAVS' AIRFLOW_CTX_DAG_ID='reports_workflow' AIRFLOW_CTX_TASK_ID='id_task_get_emails' AIRFLOW_CTX_EXECUTION_DATE='2024-07-02T06:00:00+00:00' AIRFLOW_CTX_TRY_NUMBER='1' AIRFLOW_CTX_DAG_RUN_ID='scheduled__2024-07-02T06:00:00+00:00'
[2024-07-03T12:04:46.020+0000] {logging_mixin.py:151} INFO - path of config file:  /opt/***
[2024-07-03T12:04:46.020+0000] {logging_mixin.py:151} INFO - #>2024-07-03 12:04:46.020511_User@StatDep: EmailRobot in screated.
[2024-07-03T12:04:46.020+0000] {logging_mixin.py:151} INFO - #>2024-07-03 12:04:46.020704_User@StatDep: get_for_recent_emails is started...
[2024-07-03T12:04:46.020+0000] {logging_mixin.py:151} INFO - #>2024-07-03 12:04:46.020844_User@StatDep: pop3_fetch_emails isstarted...
[2024-07-03T12:04:46.401+0000] {logging_mixin.py:151} INFO -    b'+OK'
[2024-07-03T12:04:46.795+0000] {logging_mixin.py:151} INFO -    mailbox have 1 emails and the robot can process 10
[2024-07-03T12:04:47.244+0000] {logging_mixin.py:151} INFO -    #>2024-07-03 12:04:47.243338_conneciton to db is set.
[2024-07-03T12:04:47.250+0000] {taskinstance.py:1943} ERROR - Task failed with exception
Traceback (most recent call last):
  File "/home/airflow/.local/lib/python3.8/site-packages/airflow/operators/python.py", line 192, in execute
    return_value = self.execute_callable()
  File "/home/airflow/.local/lib/python3.8/site-packages/airflow/operators/python.py", line 209, in execute_callable
    return self.python_callable(*self.op_args, **self.op_kwargs)
  File "/opt/airflow/dags/dag_email_robot.py", line 25, in get_emails
    robot.fetch_emails()
  File "/opt/airflow/dags/emailRobot.py", line 62, in fetch_emails
    return self.pop3_fetch_emails()
  File "/opt/airflow/dags/emailRobot.py", line 156, in pop3_fetch_emails
    cursor.execute (query, insert_values)
psycopg2.errors.UndefinedTable: relation "sma_stat_dep.tbl_file_upload" does not exist
LINE 1: ...) AS (INSERT INTO                                 sma_stat_d...
                                                             ^

[2024-07-03T12:04:47.270+0000] {taskinstance.py:1400} INFO - Marking task as FAILED. dag_id=reports_workflow, task_id=id_task_get_emails, execution_date=20240702T060000, start_date=20240703T120445, end_date=20240703T120447
[2024-07-03T12:04:47.290+0000] {standard_task_runner.py:104} ERROR - Failed to execute job 758 for task id_task_get_emails (relation "sma_stat_dep.tbl_file_upload" does not exist
LINE 1: ...) AS (INSERT INTO                                 sma_stat_d...
                                                             ^
; 23288)
[2024-07-03T12:04:47.310+0000] {local_task_job_runner.py:228} INFO - Task exited with return code 1
[2024-07-03T12:04:47.346+0000] {taskinstance.py:2784} INFO - 0 downstream tasks scheduled from follow-on schedule check
[2024-07-03T12:22:20.147+0000] {taskinstance.py:1159} INFO - Dependencies all met for dep_context=non-requeueable deps ti=<TaskInstance: reports_workflow.id_task_get_emails scheduled__2024-07-02T06:00:00+00:00 [queued]>
[2024-07-03T12:22:20.186+0000] {taskinstance.py:1159} INFO - Dependencies all met for dep_context=requeueable deps ti=<TaskInstance: reports_workflow.id_task_get_emails scheduled__2024-07-02T06:00:00+00:00 [queued]>
[2024-07-03T12:22:20.187+0000] {taskinstance.py:1361} INFO - Starting attempt 1 of 1
[2024-07-03T12:22:20.244+0000] {taskinstance.py:1382} INFO - Executing <Task(PythonOperator): id_task_get_emails> on 2024-07-02 06:00:00+00:00
[2024-07-03T12:22:20.249+0000] {standard_task_runner.py:57} INFO - Started process 24108 to run task
[2024-07-03T12:22:20.262+0000] {standard_task_runner.py:84} INFO - Running: ['***', 'tasks', 'run', 'reports_workflow', 'id_task_get_emails', 'scheduled__2024-07-02T06:00:00+00:00', '--job-id', '1034', '--raw', '--subdir', 'DAGS_FOLDER/dag_email_robot.py', '--cfg-path', '/tmp/tmpsz3wu_56']
[2024-07-03T12:22:20.263+0000] {standard_task_runner.py:85} INFO - Job 1034: Subtask id_task_get_emails
[2024-07-03T12:22:20.356+0000] {task_command.py:415} INFO - Running <TaskInstance: reports_workflow.id_task_get_emails scheduled__2024-07-02T06:00:00+00:00 [running]> on host 6f4ef5488251
[2024-07-03T12:22:20.482+0000] {taskinstance.py:1660} INFO - Exporting env vars: AIRFLOW_CTX_DAG_OWNER='FIRDAVS' AIRFLOW_CTX_DAG_ID='reports_workflow' AIRFLOW_CTX_TASK_ID='id_task_get_emails' AIRFLOW_CTX_EXECUTION_DATE='2024-07-02T06:00:00+00:00' AIRFLOW_CTX_TRY_NUMBER='1' AIRFLOW_CTX_DAG_RUN_ID='scheduled__2024-07-02T06:00:00+00:00'
[2024-07-03T12:22:20.483+0000] {logging_mixin.py:151} INFO - path of config file:  /opt/***
[2024-07-03T12:22:20.483+0000] {logging_mixin.py:151} INFO - #>2024-07-03 12:22:20.483757_User@StatDep: EmailRobot in screated.
[2024-07-03T12:22:20.483+0000] {logging_mixin.py:151} INFO - #>2024-07-03 12:22:20.483931_User@StatDep: get_for_recent_emails is started...
[2024-07-03T12:22:20.484+0000] {logging_mixin.py:151} INFO - #>2024-07-03 12:22:20.484061_User@StatDep: pop3_fetch_emails isstarted...
[2024-07-03T12:24:31.390+0000] {taskinstance.py:1943} ERROR - Task failed with exception
Traceback (most recent call last):
  File "/home/airflow/.local/lib/python3.8/site-packages/airflow/operators/python.py", line 192, in execute
    return_value = self.execute_callable()
  File "/home/airflow/.local/lib/python3.8/site-packages/airflow/operators/python.py", line 209, in execute_callable
    return self.python_callable(*self.op_args, **self.op_kwargs)
  File "/opt/airflow/dags/dag_email_robot.py", line 25, in get_emails
    robot.fetch_emails()
  File "/opt/airflow/dags/emailRobot.py", line 62, in fetch_emails
    return self.pop3_fetch_emails()
  File "/opt/airflow/dags/emailRobot.py", line 77, in pop3_fetch_emails
    mail = poplib.POP3_SSL(self.host)
  File "/usr/local/lib/python3.8/poplib.py", line 450, in __init__
    POP3.__init__(self, host, port, timeout)
  File "/usr/local/lib/python3.8/poplib.py", line 104, in __init__
    self.sock = self._create_socket(timeout)
  File "/usr/local/lib/python3.8/poplib.py", line 453, in _create_socket
    sock = POP3._create_socket(self, timeout)
  File "/usr/local/lib/python3.8/poplib.py", line 110, in _create_socket
    return socket.create_connection((self.host, self.port), timeout)
  File "/usr/local/lib/python3.8/socket.py", line 808, in create_connection
    raise err
  File "/usr/local/lib/python3.8/socket.py", line 796, in create_connection
    sock.connect(sa)
TimeoutError: [Errno 110] Connection timed out
[2024-07-03T12:24:31.491+0000] {taskinstance.py:1400} INFO - Marking task as FAILED. dag_id=reports_workflow, task_id=id_task_get_emails, execution_date=20240702T060000, start_date=20240703T122220, end_date=20240703T122431
[2024-07-03T12:24:31.538+0000] {standard_task_runner.py:104} ERROR - Failed to execute job 1034 for task id_task_get_emails ([Errno 110] Connection timed out; 24108)
[2024-07-03T12:24:31.555+0000] {local_task_job_runner.py:228} INFO - Task exited with return code 1
[2024-07-03T12:24:31.576+0000] {taskinstance.py:2784} INFO - 0 downstream tasks scheduled from follow-on schedule check
