[2024-07-11T08:40:01.450+0000] {taskinstance.py:1159} INFO - Dependencies all met for dep_context=non-requeueable deps ti=<TaskInstance: reports_workflow.id_task_get_emails scheduled__2024-07-11T08:35:00+00:00 [queued]>
[2024-07-11T08:40:01.459+0000] {taskinstance.py:1159} INFO - Dependencies all met for dep_context=requeueable deps ti=<TaskInstance: reports_workflow.id_task_get_emails scheduled__2024-07-11T08:35:00+00:00 [queued]>
[2024-07-11T08:40:01.459+0000] {taskinstance.py:1361} INFO - Starting attempt 1 of 2
[2024-07-11T08:40:01.478+0000] {taskinstance.py:1382} INFO - Executing <Task(PythonOperator): id_task_get_emails> on 2024-07-11 08:35:00+00:00
[2024-07-11T08:40:01.484+0000] {standard_task_runner.py:57} INFO - Started process 76625 to run task
[2024-07-11T08:40:01.489+0000] {standard_task_runner.py:84} INFO - Running: ['***', 'tasks', 'run', 'reports_workflow', 'id_task_get_emails', 'scheduled__2024-07-11T08:35:00+00:00', '--job-id', '5244', '--raw', '--subdir', 'DAGS_FOLDER/dag_email_robot.py', '--cfg-path', '/tmp/tmpfuwtgcwf']
[2024-07-11T08:40:01.495+0000] {standard_task_runner.py:85} INFO - Job 5244: Subtask id_task_get_emails
[2024-07-11T08:40:01.595+0000] {task_command.py:415} INFO - Running <TaskInstance: reports_workflow.id_task_get_emails scheduled__2024-07-11T08:35:00+00:00 [running]> on host 6f4ef5488251
[2024-07-11T08:40:01.738+0000] {taskinstance.py:1660} INFO - Exporting env vars: AIRFLOW_CTX_DAG_OWNER='FIRDAVS' AIRFLOW_CTX_DAG_ID='reports_workflow' AIRFLOW_CTX_TASK_ID='id_task_get_emails' AIRFLOW_CTX_EXECUTION_DATE='2024-07-11T08:35:00+00:00' AIRFLOW_CTX_TRY_NUMBER='1' AIRFLOW_CTX_DAG_RUN_ID='scheduled__2024-07-11T08:35:00+00:00'
[2024-07-11T08:40:01.740+0000] {logging_mixin.py:151} INFO - path of config file:  /opt/***
[2024-07-11T08:40:01.740+0000] {logging_mixin.py:151} INFO - #>2024-07-11 08:40:01.740909_User@StatDep: EmailRobot in screated.
[2024-07-11T08:40:01.741+0000] {logging_mixin.py:151} INFO - #>2024-07-11 08:40:01.741092_User@StatDep: get_for_recent_emails is started...
[2024-07-11T08:40:01.741+0000] {logging_mixin.py:151} INFO - #>2024-07-11 08:40:01.741241_User@StatDep: pop3_fetch_emails isstarted...
[2024-07-11T08:40:02.295+0000] {logging_mixin.py:151} INFO -    b'+OK'
[2024-07-11T08:40:02.694+0000] {logging_mixin.py:151} INFO -    mailbox have 0 emails and the robot can process 10
[2024-07-11T08:40:02.695+0000] {logging_mixin.py:151} INFO - #>2024-07-11 08:40:02.695023_User@StatDep: no emails to process, exiting pop3_fetch_emails()...
[2024-07-11T08:40:02.696+0000] {python.py:194} INFO - Done. Returned value was: True
[2024-07-11T08:40:02.729+0000] {taskinstance.py:1400} INFO - Marking task as SUCCESS. dag_id=reports_workflow, task_id=id_task_get_emails, execution_date=20240711T083500, start_date=20240711T084001, end_date=20240711T084002
[2024-07-11T08:40:02.746+0000] {local_task_job_runner.py:228} INFO - Task exited with return code 0
[2024-07-11T08:40:02.777+0000] {taskinstance.py:2784} INFO - 1 downstream tasks scheduled from follow-on schedule check
