[2024-07-03T09:58:20.572+0000] {taskinstance.py:1159} INFO - Dependencies all met for dep_context=non-requeueable deps ti=<TaskInstance: reports_workflow.id_task_get_emails scheduled__2024-07-02T17:40:00+00:00 [queued]>
[2024-07-03T09:58:20.593+0000] {taskinstance.py:1159} INFO - Dependencies all met for dep_context=requeueable deps ti=<TaskInstance: reports_workflow.id_task_get_emails scheduled__2024-07-02T17:40:00+00:00 [queued]>
[2024-07-03T09:58:20.593+0000] {taskinstance.py:1361} INFO - Starting attempt 1 of 1
[2024-07-03T09:58:20.628+0000] {taskinstance.py:1382} INFO - Executing <Task(PythonOperator): id_task_get_emails> on 2024-07-02 17:40:00+00:00
[2024-07-03T09:58:20.633+0000] {standard_task_runner.py:57} INFO - Started process 20768 to run task
[2024-07-03T09:58:20.642+0000] {standard_task_runner.py:84} INFO - Running: ['***', 'tasks', 'run', 'reports_workflow', 'id_task_get_emails', 'scheduled__2024-07-02T17:40:00+00:00', '--job-id', '458', '--raw', '--subdir', 'DAGS_FOLDER/dag_email_robot.py', '--cfg-path', '/tmp/tmpszw1625c']
[2024-07-03T09:58:20.645+0000] {standard_task_runner.py:85} INFO - Job 458: Subtask id_task_get_emails
[2024-07-03T09:58:20.760+0000] {task_command.py:415} INFO - Running <TaskInstance: reports_workflow.id_task_get_emails scheduled__2024-07-02T17:40:00+00:00 [running]> on host 6f4ef5488251
[2024-07-03T09:58:21.040+0000] {taskinstance.py:1660} INFO - Exporting env vars: AIRFLOW_CTX_DAG_OWNER='FIRDAVS' AIRFLOW_CTX_DAG_ID='reports_workflow' AIRFLOW_CTX_TASK_ID='id_task_get_emails' AIRFLOW_CTX_EXECUTION_DATE='2024-07-02T17:40:00+00:00' AIRFLOW_CTX_TRY_NUMBER='1' AIRFLOW_CTX_DAG_RUN_ID='scheduled__2024-07-02T17:40:00+00:00'
[2024-07-03T09:58:21.041+0000] {logging_mixin.py:151} INFO - path of config file:  /opt/***
[2024-07-03T09:58:21.042+0000] {logging_mixin.py:151} INFO - #>2024-07-03 09:58:21.042407_User@StatDep: EmailRobot in screated.
[2024-07-03T09:58:21.042+0000] {logging_mixin.py:151} INFO - #>2024-07-03 09:58:21.042612_User@StatDep: get_for_recent_emails is started...
[2024-07-03T09:58:21.042+0000] {logging_mixin.py:151} INFO - #>2024-07-03 09:58:21.042737_User@StatDep: pop3_fetch_emails isstarted...
[2024-07-03T09:58:21.420+0000] {logging_mixin.py:151} INFO -    b'+OK'
[2024-07-03T09:58:21.744+0000] {logging_mixin.py:151} INFO -    mailbox have 0 emails and the robot can process 10
[2024-07-03T09:58:21.744+0000] {logging_mixin.py:151} INFO - #>2024-07-03 09:58:21.744443_User@StatDep: no emails to process, exiting pop3_fetch_emails()...
[2024-07-03T09:58:21.744+0000] {python.py:194} INFO - Done. Returned value was: True
[2024-07-03T09:58:21.771+0000] {taskinstance.py:1400} INFO - Marking task as SUCCESS. dag_id=reports_workflow, task_id=id_task_get_emails, execution_date=20240702T174000, start_date=20240703T095820, end_date=20240703T095821
[2024-07-03T09:58:21.803+0000] {local_task_job_runner.py:228} INFO - Task exited with return code 0
[2024-07-03T09:58:21.829+0000] {taskinstance.py:2784} INFO - 0 downstream tasks scheduled from follow-on schedule check
[2024-07-03T12:28:29.920+0000] {taskinstance.py:1159} INFO - Dependencies all met for dep_context=non-requeueable deps ti=<TaskInstance: reports_workflow.id_task_get_emails scheduled__2024-07-02T17:40:00+00:00 [queued]>
[2024-07-03T12:28:29.946+0000] {taskinstance.py:1159} INFO - Dependencies all met for dep_context=requeueable deps ti=<TaskInstance: reports_workflow.id_task_get_emails scheduled__2024-07-02T17:40:00+00:00 [queued]>
[2024-07-03T12:28:29.947+0000] {taskinstance.py:1361} INFO - Starting attempt 1 of 1
[2024-07-03T12:28:29.960+0000] {taskinstance.py:1382} INFO - Executing <Task(PythonOperator): id_task_get_emails> on 2024-07-02 17:40:00+00:00
[2024-07-03T12:28:29.965+0000] {standard_task_runner.py:57} INFO - Started process 24741 to run task
[2024-07-03T12:28:29.973+0000] {standard_task_runner.py:84} INFO - Running: ['***', 'tasks', 'run', 'reports_workflow', 'id_task_get_emails', 'scheduled__2024-07-02T17:40:00+00:00', '--job-id', '1309', '--raw', '--subdir', 'DAGS_FOLDER/dag_email_robot.py', '--cfg-path', '/tmp/tmp3bvzlhwh']
[2024-07-03T12:28:29.976+0000] {standard_task_runner.py:85} INFO - Job 1309: Subtask id_task_get_emails
[2024-07-03T12:28:30.032+0000] {task_command.py:415} INFO - Running <TaskInstance: reports_workflow.id_task_get_emails scheduled__2024-07-02T17:40:00+00:00 [running]> on host 6f4ef5488251
[2024-07-03T12:28:30.116+0000] {taskinstance.py:1660} INFO - Exporting env vars: AIRFLOW_CTX_DAG_OWNER='FIRDAVS' AIRFLOW_CTX_DAG_ID='reports_workflow' AIRFLOW_CTX_TASK_ID='id_task_get_emails' AIRFLOW_CTX_EXECUTION_DATE='2024-07-02T17:40:00+00:00' AIRFLOW_CTX_TRY_NUMBER='1' AIRFLOW_CTX_DAG_RUN_ID='scheduled__2024-07-02T17:40:00+00:00'
[2024-07-03T12:28:30.117+0000] {logging_mixin.py:151} INFO - path of config file:  /opt/***
[2024-07-03T12:28:30.117+0000] {logging_mixin.py:151} INFO - #>2024-07-03 12:28:30.117776_User@StatDep: EmailRobot in screated.
[2024-07-03T12:28:30.118+0000] {logging_mixin.py:151} INFO - #>2024-07-03 12:28:30.117991_User@StatDep: get_for_recent_emails is started...
[2024-07-03T12:28:30.118+0000] {logging_mixin.py:151} INFO - #>2024-07-03 12:28:30.118151_User@StatDep: pop3_fetch_emails isstarted...
[2024-07-03T12:28:30.502+0000] {logging_mixin.py:151} INFO -    b'+OK'
[2024-07-03T12:28:30.894+0000] {logging_mixin.py:151} INFO -    mailbox have 0 emails and the robot can process 10
[2024-07-03T12:28:30.895+0000] {logging_mixin.py:151} INFO - #>2024-07-03 12:28:30.895489_User@StatDep: no emails to process, exiting pop3_fetch_emails()...
[2024-07-03T12:28:30.896+0000] {python.py:194} INFO - Done. Returned value was: True
[2024-07-03T12:28:30.935+0000] {taskinstance.py:1400} INFO - Marking task as SUCCESS. dag_id=reports_workflow, task_id=id_task_get_emails, execution_date=20240702T174000, start_date=20240703T122829, end_date=20240703T122830
[2024-07-03T12:28:30.985+0000] {local_task_job_runner.py:228} INFO - Task exited with return code 0
[2024-07-03T12:28:31.013+0000] {taskinstance.py:2784} INFO - 1 downstream tasks scheduled from follow-on schedule check
