[2024-07-03T09:59:12.043+0000] {taskinstance.py:1159} INFO - Dependencies all met for dep_context=non-requeueable deps ti=<TaskInstance: reports_workflow.id_task_get_emails scheduled__2024-07-03T02:20:00+00:00 [queued]>
[2024-07-03T09:59:12.055+0000] {taskinstance.py:1159} INFO - Dependencies all met for dep_context=requeueable deps ti=<TaskInstance: reports_workflow.id_task_get_emails scheduled__2024-07-03T02:20:00+00:00 [queued]>
[2024-07-03T09:59:12.056+0000] {taskinstance.py:1361} INFO - Starting attempt 1 of 1
[2024-07-03T09:59:12.079+0000] {taskinstance.py:1382} INFO - Executing <Task(PythonOperator): id_task_get_emails> on 2024-07-03 02:20:00+00:00
[2024-07-03T09:59:12.090+0000] {standard_task_runner.py:57} INFO - Started process 20992 to run task
[2024-07-03T09:59:12.100+0000] {standard_task_runner.py:84} INFO - Running: ['***', 'tasks', 'run', 'reports_workflow', 'id_task_get_emails', 'scheduled__2024-07-03T02:20:00+00:00', '--job-id', '563', '--raw', '--subdir', 'DAGS_FOLDER/dag_email_robot.py', '--cfg-path', '/tmp/tmpxpnzopga']
[2024-07-03T09:59:12.101+0000] {standard_task_runner.py:85} INFO - Job 563: Subtask id_task_get_emails
[2024-07-03T09:59:12.201+0000] {task_command.py:415} INFO - Running <TaskInstance: reports_workflow.id_task_get_emails scheduled__2024-07-03T02:20:00+00:00 [running]> on host 6f4ef5488251
[2024-07-03T09:59:12.339+0000] {taskinstance.py:1660} INFO - Exporting env vars: AIRFLOW_CTX_DAG_OWNER='FIRDAVS' AIRFLOW_CTX_DAG_ID='reports_workflow' AIRFLOW_CTX_TASK_ID='id_task_get_emails' AIRFLOW_CTX_EXECUTION_DATE='2024-07-03T02:20:00+00:00' AIRFLOW_CTX_TRY_NUMBER='1' AIRFLOW_CTX_DAG_RUN_ID='scheduled__2024-07-03T02:20:00+00:00'
[2024-07-03T09:59:12.340+0000] {logging_mixin.py:151} INFO - path of config file:  /opt/***
[2024-07-03T09:59:12.341+0000] {logging_mixin.py:151} INFO - #>2024-07-03 09:59:12.341337_User@StatDep: EmailRobot in screated.
[2024-07-03T09:59:12.341+0000] {logging_mixin.py:151} INFO - #>2024-07-03 09:59:12.341516_User@StatDep: get_for_recent_emails is started...
[2024-07-03T09:59:12.341+0000] {logging_mixin.py:151} INFO - #>2024-07-03 09:59:12.341649_User@StatDep: pop3_fetch_emails isstarted...
[2024-07-03T09:59:12.696+0000] {logging_mixin.py:151} INFO -    b'+OK'
[2024-07-03T09:59:13.005+0000] {logging_mixin.py:151} INFO -    mailbox have 0 emails and the robot can process 10
[2024-07-03T09:59:13.005+0000] {logging_mixin.py:151} INFO - #>2024-07-03 09:59:13.005830_User@StatDep: no emails to process, exiting pop3_fetch_emails()...
[2024-07-03T09:59:13.006+0000] {python.py:194} INFO - Done. Returned value was: True
[2024-07-03T09:59:13.042+0000] {taskinstance.py:1400} INFO - Marking task as SUCCESS. dag_id=reports_workflow, task_id=id_task_get_emails, execution_date=20240703T022000, start_date=20240703T095912, end_date=20240703T095913
[2024-07-03T09:59:13.089+0000] {local_task_job_runner.py:228} INFO - Task exited with return code 0
[2024-07-03T09:59:13.117+0000] {taskinstance.py:2784} INFO - 0 downstream tasks scheduled from follow-on schedule check
[2024-07-03T13:39:37.710+0000] {taskinstance.py:1159} INFO - Dependencies all met for dep_context=non-requeueable deps ti=<TaskInstance: reports_workflow.id_task_get_emails scheduled__2024-07-03T02:20:00+00:00 [queued]>
[2024-07-03T13:39:37.748+0000] {taskinstance.py:1159} INFO - Dependencies all met for dep_context=requeueable deps ti=<TaskInstance: reports_workflow.id_task_get_emails scheduled__2024-07-03T02:20:00+00:00 [queued]>
[2024-07-03T13:39:37.748+0000] {taskinstance.py:1361} INFO - Starting attempt 1 of 1
[2024-07-03T13:39:37.762+0000] {taskinstance.py:1382} INFO - Executing <Task(PythonOperator): id_task_get_emails> on 2024-07-03 02:20:00+00:00
[2024-07-03T13:39:37.770+0000] {standard_task_runner.py:57} INFO - Started process 26240 to run task
[2024-07-03T13:39:37.784+0000] {standard_task_runner.py:84} INFO - Running: ['***', 'tasks', 'run', 'reports_workflow', 'id_task_get_emails', 'scheduled__2024-07-03T02:20:00+00:00', '--job-id', '1516', '--raw', '--subdir', 'DAGS_FOLDER/dag_email_robot.py', '--cfg-path', '/tmp/tmpd9gpt2q4']
[2024-07-03T13:39:37.790+0000] {standard_task_runner.py:85} INFO - Job 1516: Subtask id_task_get_emails
[2024-07-03T13:39:37.896+0000] {task_command.py:415} INFO - Running <TaskInstance: reports_workflow.id_task_get_emails scheduled__2024-07-03T02:20:00+00:00 [running]> on host 6f4ef5488251
[2024-07-03T13:39:38.054+0000] {taskinstance.py:1660} INFO - Exporting env vars: AIRFLOW_CTX_DAG_OWNER='FIRDAVS' AIRFLOW_CTX_DAG_ID='reports_workflow' AIRFLOW_CTX_TASK_ID='id_task_get_emails' AIRFLOW_CTX_EXECUTION_DATE='2024-07-03T02:20:00+00:00' AIRFLOW_CTX_TRY_NUMBER='1' AIRFLOW_CTX_DAG_RUN_ID='scheduled__2024-07-03T02:20:00+00:00'
[2024-07-03T13:39:38.055+0000] {logging_mixin.py:151} INFO - path of config file:  /opt/***
[2024-07-03T13:39:38.056+0000] {logging_mixin.py:151} INFO - #>2024-07-03 13:39:38.056031_User@StatDep: EmailRobot in screated.
[2024-07-03T13:39:38.056+0000] {logging_mixin.py:151} INFO - #>2024-07-03 13:39:38.056241_User@StatDep: get_for_recent_emails is started...
[2024-07-03T13:39:38.056+0000] {logging_mixin.py:151} INFO - #>2024-07-03 13:39:38.056377_User@StatDep: pop3_fetch_emails isstarted...
[2024-07-03T13:39:38.443+0000] {logging_mixin.py:151} INFO -    b'+OK'
[2024-07-03T13:39:38.766+0000] {logging_mixin.py:151} INFO -    mailbox have 0 emails and the robot can process 10
[2024-07-03T13:39:38.767+0000] {logging_mixin.py:151} INFO - #>2024-07-03 13:39:38.766969_User@StatDep: no emails to process, exiting pop3_fetch_emails()...
[2024-07-03T13:39:38.767+0000] {python.py:194} INFO - Done. Returned value was: True
[2024-07-03T13:39:38.807+0000] {taskinstance.py:1400} INFO - Marking task as SUCCESS. dag_id=reports_workflow, task_id=id_task_get_emails, execution_date=20240703T022000, start_date=20240703T133937, end_date=20240703T133938
[2024-07-03T13:39:38.852+0000] {local_task_job_runner.py:228} INFO - Task exited with return code 0
[2024-07-03T13:39:38.914+0000] {taskinstance.py:2784} INFO - 1 downstream tasks scheduled from follow-on schedule check
