[2024-07-03T09:58:05.981+0000] {taskinstance.py:1159} INFO - Dependencies all met for dep_context=non-requeueable deps ti=<TaskInstance: reports_workflow.id_task_get_emails scheduled__2024-07-02T15:00:00+00:00 [queued]>
[2024-07-03T09:58:05.989+0000] {taskinstance.py:1159} INFO - Dependencies all met for dep_context=requeueable deps ti=<TaskInstance: reports_workflow.id_task_get_emails scheduled__2024-07-02T15:00:00+00:00 [queued]>
[2024-07-03T09:58:05.989+0000] {taskinstance.py:1361} INFO - Starting attempt 1 of 1
[2024-07-03T09:58:06.002+0000] {taskinstance.py:1382} INFO - Executing <Task(PythonOperator): id_task_get_emails> on 2024-07-02 15:00:00+00:00
[2024-07-03T09:58:06.006+0000] {standard_task_runner.py:57} INFO - Started process 20699 to run task
[2024-07-03T09:58:06.013+0000] {standard_task_runner.py:84} INFO - Running: ['***', 'tasks', 'run', 'reports_workflow', 'id_task_get_emails', 'scheduled__2024-07-02T15:00:00+00:00', '--job-id', '425', '--raw', '--subdir', 'DAGS_FOLDER/dag_email_robot.py', '--cfg-path', '/tmp/tmp1yuk_u98']
[2024-07-03T09:58:06.014+0000] {standard_task_runner.py:85} INFO - Job 425: Subtask id_task_get_emails
[2024-07-03T09:58:06.061+0000] {task_command.py:415} INFO - Running <TaskInstance: reports_workflow.id_task_get_emails scheduled__2024-07-02T15:00:00+00:00 [running]> on host 6f4ef5488251
[2024-07-03T09:58:06.127+0000] {taskinstance.py:1660} INFO - Exporting env vars: AIRFLOW_CTX_DAG_OWNER='FIRDAVS' AIRFLOW_CTX_DAG_ID='reports_workflow' AIRFLOW_CTX_TASK_ID='id_task_get_emails' AIRFLOW_CTX_EXECUTION_DATE='2024-07-02T15:00:00+00:00' AIRFLOW_CTX_TRY_NUMBER='1' AIRFLOW_CTX_DAG_RUN_ID='scheduled__2024-07-02T15:00:00+00:00'
[2024-07-03T09:58:06.128+0000] {logging_mixin.py:151} INFO - path of config file:  /opt/***
[2024-07-03T09:58:06.128+0000] {logging_mixin.py:151} INFO - #>2024-07-03 09:58:06.128924_User@StatDep: EmailRobot in screated.
[2024-07-03T09:58:06.129+0000] {logging_mixin.py:151} INFO - #>2024-07-03 09:58:06.129161_User@StatDep: get_for_recent_emails is started...
[2024-07-03T09:58:06.129+0000] {logging_mixin.py:151} INFO - #>2024-07-03 09:58:06.129357_User@StatDep: pop3_fetch_emails isstarted...
[2024-07-03T09:58:06.506+0000] {logging_mixin.py:151} INFO -    b'+OK'
[2024-07-03T09:58:06.792+0000] {logging_mixin.py:151} INFO -    mailbox have 0 emails and the robot can process 10
[2024-07-03T09:58:06.793+0000] {logging_mixin.py:151} INFO - #>2024-07-03 09:58:06.793038_User@StatDep: no emails to process, exiting pop3_fetch_emails()...
[2024-07-03T09:58:06.793+0000] {python.py:194} INFO - Done. Returned value was: True
[2024-07-03T09:58:06.825+0000] {taskinstance.py:1400} INFO - Marking task as SUCCESS. dag_id=reports_workflow, task_id=id_task_get_emails, execution_date=20240702T150000, start_date=20240703T095805, end_date=20240703T095806
[2024-07-03T09:58:06.867+0000] {local_task_job_runner.py:228} INFO - Task exited with return code 0
[2024-07-03T09:58:06.937+0000] {taskinstance.py:2784} INFO - 0 downstream tasks scheduled from follow-on schedule check
[2024-07-03T12:05:29.912+0000] {taskinstance.py:1159} INFO - Dependencies all met for dep_context=non-requeueable deps ti=<TaskInstance: reports_workflow.id_task_get_emails scheduled__2024-07-02T15:00:00+00:00 [queued]>
[2024-07-03T12:05:29.921+0000] {taskinstance.py:1159} INFO - Dependencies all met for dep_context=requeueable deps ti=<TaskInstance: reports_workflow.id_task_get_emails scheduled__2024-07-02T15:00:00+00:00 [queued]>
[2024-07-03T12:05:29.921+0000] {taskinstance.py:1361} INFO - Starting attempt 1 of 1
[2024-07-03T12:05:29.935+0000] {taskinstance.py:1382} INFO - Executing <Task(PythonOperator): id_task_get_emails> on 2024-07-02 15:00:00+00:00
[2024-07-03T12:05:29.940+0000] {standard_task_runner.py:57} INFO - Started process 23518 to run task
[2024-07-03T12:05:29.944+0000] {standard_task_runner.py:84} INFO - Running: ['***', 'tasks', 'run', 'reports_workflow', 'id_task_get_emails', 'scheduled__2024-07-02T15:00:00+00:00', '--job-id', '866', '--raw', '--subdir', 'DAGS_FOLDER/dag_email_robot.py', '--cfg-path', '/tmp/tmp4o_sp2it']
[2024-07-03T12:05:29.948+0000] {standard_task_runner.py:85} INFO - Job 866: Subtask id_task_get_emails
[2024-07-03T12:05:30.016+0000] {task_command.py:415} INFO - Running <TaskInstance: reports_workflow.id_task_get_emails scheduled__2024-07-02T15:00:00+00:00 [running]> on host 6f4ef5488251
[2024-07-03T12:05:30.105+0000] {taskinstance.py:1660} INFO - Exporting env vars: AIRFLOW_CTX_DAG_OWNER='FIRDAVS' AIRFLOW_CTX_DAG_ID='reports_workflow' AIRFLOW_CTX_TASK_ID='id_task_get_emails' AIRFLOW_CTX_EXECUTION_DATE='2024-07-02T15:00:00+00:00' AIRFLOW_CTX_TRY_NUMBER='1' AIRFLOW_CTX_DAG_RUN_ID='scheduled__2024-07-02T15:00:00+00:00'
[2024-07-03T12:05:30.106+0000] {logging_mixin.py:151} INFO - path of config file:  /opt/***
[2024-07-03T12:05:30.107+0000] {logging_mixin.py:151} INFO - #>2024-07-03 12:05:30.107408_User@StatDep: EmailRobot in screated.
[2024-07-03T12:05:30.107+0000] {logging_mixin.py:151} INFO - #>2024-07-03 12:05:30.107615_User@StatDep: get_for_recent_emails is started...
[2024-07-03T12:05:30.107+0000] {logging_mixin.py:151} INFO - #>2024-07-03 12:05:30.107781_User@StatDep: pop3_fetch_emails isstarted...
[2024-07-03T12:05:30.481+0000] {logging_mixin.py:151} INFO -    b'+OK'
[2024-07-03T12:05:30.894+0000] {logging_mixin.py:151} INFO -    mailbox have 1 emails and the robot can process 10
[2024-07-03T12:05:31.346+0000] {logging_mixin.py:151} INFO -    #>2024-07-03 12:05:31.346897_conneciton to db is set.
[2024-07-03T12:05:31.362+0000] {taskinstance.py:1943} ERROR - Task failed with exception
Traceback (most recent call last):
  File "/home/airflow/.local/lib/python3.8/site-packages/airflow/operators/python.py", line 192, in execute
    return_value = self.execute_callable()
  File "/home/airflow/.local/lib/python3.8/site-packages/airflow/operators/python.py", line 209, in execute_callable
    return self.python_callable(*self.op_args, **self.op_kwargs)
  File "/opt/airflow/dags/dag_email_robot.py", line 25, in get_emails
    robot.fetch_emails()
  File "/opt/airflow/dags/emailRobot.py", line 62, in fetch_emails
    return self.pop3_fetch_emails()
  File "/opt/airflow/dags/emailRobot.py", line 156, in pop3_fetch_emails
    cursor.execute (query, insert_values)
psycopg2.errors.UndefinedTable: relation "sma_stat_dep.tbl_file_upload" does not exist
LINE 1: ...) AS (INSERT INTO                                 sma_stat_d...
                                                             ^

[2024-07-03T12:05:31.379+0000] {taskinstance.py:1400} INFO - Marking task as FAILED. dag_id=reports_workflow, task_id=id_task_get_emails, execution_date=20240702T150000, start_date=20240703T120529, end_date=20240703T120531
[2024-07-03T12:05:31.392+0000] {standard_task_runner.py:104} ERROR - Failed to execute job 866 for task id_task_get_emails (relation "sma_stat_dep.tbl_file_upload" does not exist
LINE 1: ...) AS (INSERT INTO                                 sma_stat_d...
                                                             ^
; 23518)
[2024-07-03T12:05:31.409+0000] {local_task_job_runner.py:228} INFO - Task exited with return code 1
[2024-07-03T12:05:31.439+0000] {taskinstance.py:2784} INFO - 0 downstream tasks scheduled from follow-on schedule check
[2024-07-03T12:25:20.913+0000] {taskinstance.py:1159} INFO - Dependencies all met for dep_context=non-requeueable deps ti=<TaskInstance: reports_workflow.id_task_get_emails scheduled__2024-07-02T15:00:00+00:00 [queued]>
[2024-07-03T12:25:20.921+0000] {taskinstance.py:1159} INFO - Dependencies all met for dep_context=requeueable deps ti=<TaskInstance: reports_workflow.id_task_get_emails scheduled__2024-07-02T15:00:00+00:00 [queued]>
[2024-07-03T12:25:20.921+0000] {taskinstance.py:1361} INFO - Starting attempt 1 of 1
[2024-07-03T12:25:20.933+0000] {taskinstance.py:1382} INFO - Executing <Task(PythonOperator): id_task_get_emails> on 2024-07-02 15:00:00+00:00
[2024-07-03T12:25:20.938+0000] {standard_task_runner.py:57} INFO - Started process 24564 to run task
[2024-07-03T12:25:20.946+0000] {standard_task_runner.py:84} INFO - Running: ['***', 'tasks', 'run', 'reports_workflow', 'id_task_get_emails', 'scheduled__2024-07-02T15:00:00+00:00', '--job-id', '1239', '--raw', '--subdir', 'DAGS_FOLDER/dag_email_robot.py', '--cfg-path', '/tmp/tmp56l2_pf7']
[2024-07-03T12:25:20.950+0000] {standard_task_runner.py:85} INFO - Job 1239: Subtask id_task_get_emails
[2024-07-03T12:25:21.025+0000] {task_command.py:415} INFO - Running <TaskInstance: reports_workflow.id_task_get_emails scheduled__2024-07-02T15:00:00+00:00 [running]> on host 6f4ef5488251
[2024-07-03T12:25:21.120+0000] {taskinstance.py:1660} INFO - Exporting env vars: AIRFLOW_CTX_DAG_OWNER='FIRDAVS' AIRFLOW_CTX_DAG_ID='reports_workflow' AIRFLOW_CTX_TASK_ID='id_task_get_emails' AIRFLOW_CTX_EXECUTION_DATE='2024-07-02T15:00:00+00:00' AIRFLOW_CTX_TRY_NUMBER='1' AIRFLOW_CTX_DAG_RUN_ID='scheduled__2024-07-02T15:00:00+00:00'
[2024-07-03T12:25:21.121+0000] {logging_mixin.py:151} INFO - path of config file:  /opt/***
[2024-07-03T12:25:21.121+0000] {logging_mixin.py:151} INFO - #>2024-07-03 12:25:21.121804_User@StatDep: EmailRobot in screated.
[2024-07-03T12:25:21.122+0000] {logging_mixin.py:151} INFO - #>2024-07-03 12:25:21.121979_User@StatDep: get_for_recent_emails is started...
[2024-07-03T12:25:21.122+0000] {logging_mixin.py:151} INFO - #>2024-07-03 12:25:21.122115_User@StatDep: pop3_fetch_emails isstarted...
[2024-07-03T12:25:21.529+0000] {logging_mixin.py:151} INFO -    b'+OK'
[2024-07-03T12:25:21.874+0000] {logging_mixin.py:151} INFO -    mailbox have 0 emails and the robot can process 10
[2024-07-03T12:25:22.423+0000] {logging_mixin.py:151} INFO - #>2024-07-03 12:25:22.415867_User@StatDep: no emails to process, exiting pop3_fetch_emails()...
[2024-07-03T12:25:22.424+0000] {python.py:194} INFO - Done. Returned value was: True
[2024-07-03T12:25:22.483+0000] {taskinstance.py:1400} INFO - Marking task as SUCCESS. dag_id=reports_workflow, task_id=id_task_get_emails, execution_date=20240702T150000, start_date=20240703T122520, end_date=20240703T122522
[2024-07-03T12:25:22.612+0000] {local_task_job_runner.py:228} INFO - Task exited with return code 0
[2024-07-03T12:25:22.673+0000] {taskinstance.py:2784} INFO - 1 downstream tasks scheduled from follow-on schedule check
