[2024-07-03T09:59:11.585+0000] {taskinstance.py:1159} INFO - Dependencies all met for dep_context=non-requeueable deps ti=<TaskInstance: reports_workflow.id_task_get_emails scheduled__2024-07-03T02:10:00+00:00 [queued]>
[2024-07-03T09:59:11.599+0000] {taskinstance.py:1159} INFO - Dependencies all met for dep_context=requeueable deps ti=<TaskInstance: reports_workflow.id_task_get_emails scheduled__2024-07-03T02:10:00+00:00 [queued]>
[2024-07-03T09:59:11.599+0000] {taskinstance.py:1361} INFO - Starting attempt 1 of 1
[2024-07-03T09:59:11.678+0000] {taskinstance.py:1382} INFO - Executing <Task(PythonOperator): id_task_get_emails> on 2024-07-03 02:10:00+00:00
[2024-07-03T09:59:11.683+0000] {standard_task_runner.py:57} INFO - Started process 20988 to run task
[2024-07-03T09:59:11.700+0000] {standard_task_runner.py:84} INFO - Running: ['***', 'tasks', 'run', 'reports_workflow', 'id_task_get_emails', 'scheduled__2024-07-03T02:10:00+00:00', '--job-id', '561', '--raw', '--subdir', 'DAGS_FOLDER/dag_email_robot.py', '--cfg-path', '/tmp/tmprqaqem9b']
[2024-07-03T09:59:11.701+0000] {standard_task_runner.py:85} INFO - Job 561: Subtask id_task_get_emails
[2024-07-03T09:59:11.802+0000] {task_command.py:415} INFO - Running <TaskInstance: reports_workflow.id_task_get_emails scheduled__2024-07-03T02:10:00+00:00 [running]> on host 6f4ef5488251
[2024-07-03T09:59:11.947+0000] {taskinstance.py:1660} INFO - Exporting env vars: AIRFLOW_CTX_DAG_OWNER='FIRDAVS' AIRFLOW_CTX_DAG_ID='reports_workflow' AIRFLOW_CTX_TASK_ID='id_task_get_emails' AIRFLOW_CTX_EXECUTION_DATE='2024-07-03T02:10:00+00:00' AIRFLOW_CTX_TRY_NUMBER='1' AIRFLOW_CTX_DAG_RUN_ID='scheduled__2024-07-03T02:10:00+00:00'
[2024-07-03T09:59:11.948+0000] {logging_mixin.py:151} INFO - path of config file:  /opt/***
[2024-07-03T09:59:11.948+0000] {logging_mixin.py:151} INFO - #>2024-07-03 09:59:11.948778_User@StatDep: EmailRobot in screated.
[2024-07-03T09:59:11.949+0000] {logging_mixin.py:151} INFO - #>2024-07-03 09:59:11.948969_User@StatDep: get_for_recent_emails is started...
[2024-07-03T09:59:11.949+0000] {logging_mixin.py:151} INFO - #>2024-07-03 09:59:11.949110_User@StatDep: pop3_fetch_emails isstarted...
[2024-07-03T09:59:12.392+0000] {logging_mixin.py:151} INFO -    b'+OK'
[2024-07-03T09:59:12.673+0000] {logging_mixin.py:151} INFO -    mailbox have 0 emails and the robot can process 10
[2024-07-03T09:59:12.674+0000] {logging_mixin.py:151} INFO - #>2024-07-03 09:59:12.673961_User@StatDep: no emails to process, exiting pop3_fetch_emails()...
[2024-07-03T09:59:12.674+0000] {python.py:194} INFO - Done. Returned value was: True
[2024-07-03T09:59:12.708+0000] {taskinstance.py:1400} INFO - Marking task as SUCCESS. dag_id=reports_workflow, task_id=id_task_get_emails, execution_date=20240703T021000, start_date=20240703T095911, end_date=20240703T095912
[2024-07-03T09:59:12.759+0000] {local_task_job_runner.py:228} INFO - Task exited with return code 0
[2024-07-03T09:59:12.787+0000] {taskinstance.py:2784} INFO - 0 downstream tasks scheduled from follow-on schedule check
[2024-07-03T13:39:37.360+0000] {taskinstance.py:1159} INFO - Dependencies all met for dep_context=non-requeueable deps ti=<TaskInstance: reports_workflow.id_task_get_emails scheduled__2024-07-03T02:10:00+00:00 [queued]>
[2024-07-03T13:39:37.371+0000] {taskinstance.py:1159} INFO - Dependencies all met for dep_context=requeueable deps ti=<TaskInstance: reports_workflow.id_task_get_emails scheduled__2024-07-03T02:10:00+00:00 [queued]>
[2024-07-03T13:39:37.371+0000] {taskinstance.py:1361} INFO - Starting attempt 1 of 1
[2024-07-03T13:39:37.387+0000] {taskinstance.py:1382} INFO - Executing <Task(PythonOperator): id_task_get_emails> on 2024-07-03 02:10:00+00:00
[2024-07-03T13:39:37.392+0000] {standard_task_runner.py:57} INFO - Started process 26236 to run task
[2024-07-03T13:39:37.403+0000] {standard_task_runner.py:84} INFO - Running: ['***', 'tasks', 'run', 'reports_workflow', 'id_task_get_emails', 'scheduled__2024-07-03T02:10:00+00:00', '--job-id', '1514', '--raw', '--subdir', 'DAGS_FOLDER/dag_email_robot.py', '--cfg-path', '/tmp/tmp6okkymvy']
[2024-07-03T13:39:37.404+0000] {standard_task_runner.py:85} INFO - Job 1514: Subtask id_task_get_emails
[2024-07-03T13:39:37.496+0000] {task_command.py:415} INFO - Running <TaskInstance: reports_workflow.id_task_get_emails scheduled__2024-07-03T02:10:00+00:00 [running]> on host 6f4ef5488251
[2024-07-03T13:39:37.635+0000] {taskinstance.py:1660} INFO - Exporting env vars: AIRFLOW_CTX_DAG_OWNER='FIRDAVS' AIRFLOW_CTX_DAG_ID='reports_workflow' AIRFLOW_CTX_TASK_ID='id_task_get_emails' AIRFLOW_CTX_EXECUTION_DATE='2024-07-03T02:10:00+00:00' AIRFLOW_CTX_TRY_NUMBER='1' AIRFLOW_CTX_DAG_RUN_ID='scheduled__2024-07-03T02:10:00+00:00'
[2024-07-03T13:39:37.636+0000] {logging_mixin.py:151} INFO - path of config file:  /opt/***
[2024-07-03T13:39:37.636+0000] {logging_mixin.py:151} INFO - #>2024-07-03 13:39:37.636615_User@StatDep: EmailRobot in screated.
[2024-07-03T13:39:37.636+0000] {logging_mixin.py:151} INFO - #>2024-07-03 13:39:37.636802_User@StatDep: get_for_recent_emails is started...
[2024-07-03T13:39:37.636+0000] {logging_mixin.py:151} INFO - #>2024-07-03 13:39:37.636934_User@StatDep: pop3_fetch_emails isstarted...
[2024-07-03T13:39:38.020+0000] {logging_mixin.py:151} INFO -    b'+OK'
[2024-07-03T13:39:38.319+0000] {logging_mixin.py:151} INFO -    mailbox have 0 emails and the robot can process 10
[2024-07-03T13:39:38.319+0000] {logging_mixin.py:151} INFO - #>2024-07-03 13:39:38.319764_User@StatDep: no emails to process, exiting pop3_fetch_emails()...
[2024-07-03T13:39:38.320+0000] {python.py:194} INFO - Done. Returned value was: True
[2024-07-03T13:39:38.371+0000] {taskinstance.py:1400} INFO - Marking task as SUCCESS. dag_id=reports_workflow, task_id=id_task_get_emails, execution_date=20240703T021000, start_date=20240703T133937, end_date=20240703T133938
[2024-07-03T13:39:38.428+0000] {local_task_job_runner.py:228} INFO - Task exited with return code 0
[2024-07-03T13:39:38.507+0000] {taskinstance.py:2784} INFO - 0 downstream tasks scheduled from follow-on schedule check
