[2024-07-03T09:57:38.418+0000] {taskinstance.py:1159} INFO - Dependencies all met for dep_context=non-requeueable deps ti=<TaskInstance: reports_workflow.id_task_get_emails scheduled__2024-07-02T10:25:00+00:00 [queued]>
[2024-07-03T09:57:38.433+0000] {taskinstance.py:1159} INFO - Dependencies all met for dep_context=requeueable deps ti=<TaskInstance: reports_workflow.id_task_get_emails scheduled__2024-07-02T10:25:00+00:00 [queued]>
[2024-07-03T09:57:38.433+0000] {taskinstance.py:1361} INFO - Starting attempt 1 of 1
[2024-07-03T09:57:38.450+0000] {taskinstance.py:1382} INFO - Executing <Task(PythonOperator): id_task_get_emails> on 2024-07-02 10:25:00+00:00
[2024-07-03T09:57:38.455+0000] {standard_task_runner.py:57} INFO - Started process 20582 to run task
[2024-07-03T09:57:38.462+0000] {standard_task_runner.py:84} INFO - Running: ['***', 'tasks', 'run', 'reports_workflow', 'id_task_get_emails', 'scheduled__2024-07-02T10:25:00+00:00', '--job-id', '370', '--raw', '--subdir', 'DAGS_FOLDER/dag_email_robot.py', '--cfg-path', '/tmp/tmpg1a81zwn']
[2024-07-03T09:57:38.464+0000] {standard_task_runner.py:85} INFO - Job 370: Subtask id_task_get_emails
[2024-07-03T09:57:38.535+0000] {task_command.py:415} INFO - Running <TaskInstance: reports_workflow.id_task_get_emails scheduled__2024-07-02T10:25:00+00:00 [running]> on host 6f4ef5488251
[2024-07-03T09:57:38.609+0000] {taskinstance.py:1660} INFO - Exporting env vars: AIRFLOW_CTX_DAG_OWNER='FIRDAVS' AIRFLOW_CTX_DAG_ID='reports_workflow' AIRFLOW_CTX_TASK_ID='id_task_get_emails' AIRFLOW_CTX_EXECUTION_DATE='2024-07-02T10:25:00+00:00' AIRFLOW_CTX_TRY_NUMBER='1' AIRFLOW_CTX_DAG_RUN_ID='scheduled__2024-07-02T10:25:00+00:00'
[2024-07-03T09:57:38.610+0000] {logging_mixin.py:151} INFO - path of config file:  /opt/***
[2024-07-03T09:57:38.610+0000] {taskinstance.py:1943} ERROR - Task failed with exception
Traceback (most recent call last):
  File "/home/airflow/.local/lib/python3.8/site-packages/airflow/operators/python.py", line 192, in execute
    return_value = self.execute_callable()
  File "/home/airflow/.local/lib/python3.8/site-packages/airflow/operators/python.py", line 209, in execute_callable
    return self.python_callable(*self.op_args, **self.op_kwargs)
  File "/opt/airflow/dags/dag_email_robot.py", line 22, in get_emails
    email_conf = json.load (open(path / ("config/email_conf.json")))
NameError: name 'json' is not defined
[2024-07-03T09:57:38.618+0000] {taskinstance.py:1400} INFO - Marking task as FAILED. dag_id=reports_workflow, task_id=id_task_get_emails, execution_date=20240702T102500, start_date=20240703T095738, end_date=20240703T095738
[2024-07-03T09:57:38.631+0000] {standard_task_runner.py:104} ERROR - Failed to execute job 370 for task id_task_get_emails (name 'json' is not defined; 20582)
[2024-07-03T09:57:38.671+0000] {local_task_job_runner.py:228} INFO - Task exited with return code 1
[2024-07-03T09:57:38.696+0000] {taskinstance.py:2784} INFO - 0 downstream tasks scheduled from follow-on schedule check
[2024-07-03T12:05:10.634+0000] {taskinstance.py:1159} INFO - Dependencies all met for dep_context=non-requeueable deps ti=<TaskInstance: reports_workflow.id_task_get_emails scheduled__2024-07-02T10:25:00+00:00 [queued]>
[2024-07-03T12:05:10.654+0000] {taskinstance.py:1159} INFO - Dependencies all met for dep_context=requeueable deps ti=<TaskInstance: reports_workflow.id_task_get_emails scheduled__2024-07-02T10:25:00+00:00 [queued]>
[2024-07-03T12:05:10.655+0000] {taskinstance.py:1361} INFO - Starting attempt 1 of 1
[2024-07-03T12:05:10.677+0000] {taskinstance.py:1382} INFO - Executing <Task(PythonOperator): id_task_get_emails> on 2024-07-02 10:25:00+00:00
[2024-07-03T12:05:10.682+0000] {standard_task_runner.py:57} INFO - Started process 23402 to run task
[2024-07-03T12:05:10.703+0000] {standard_task_runner.py:84} INFO - Running: ['***', 'tasks', 'run', 'reports_workflow', 'id_task_get_emails', 'scheduled__2024-07-02T10:25:00+00:00', '--job-id', '811', '--raw', '--subdir', 'DAGS_FOLDER/dag_email_robot.py', '--cfg-path', '/tmp/tmpgiw3h6n0']
[2024-07-03T12:05:10.704+0000] {standard_task_runner.py:85} INFO - Job 811: Subtask id_task_get_emails
[2024-07-03T12:05:10.793+0000] {task_command.py:415} INFO - Running <TaskInstance: reports_workflow.id_task_get_emails scheduled__2024-07-02T10:25:00+00:00 [running]> on host 6f4ef5488251
[2024-07-03T12:05:10.947+0000] {taskinstance.py:1660} INFO - Exporting env vars: AIRFLOW_CTX_DAG_OWNER='FIRDAVS' AIRFLOW_CTX_DAG_ID='reports_workflow' AIRFLOW_CTX_TASK_ID='id_task_get_emails' AIRFLOW_CTX_EXECUTION_DATE='2024-07-02T10:25:00+00:00' AIRFLOW_CTX_TRY_NUMBER='1' AIRFLOW_CTX_DAG_RUN_ID='scheduled__2024-07-02T10:25:00+00:00'
[2024-07-03T12:05:10.951+0000] {logging_mixin.py:151} INFO - path of config file:  /opt/***
[2024-07-03T12:05:10.953+0000] {logging_mixin.py:151} INFO - #>2024-07-03 12:05:10.953080_User@StatDep: EmailRobot in screated.
[2024-07-03T12:05:10.954+0000] {logging_mixin.py:151} INFO - #>2024-07-03 12:05:10.954382_User@StatDep: get_for_recent_emails is started...
[2024-07-03T12:05:10.954+0000] {logging_mixin.py:151} INFO - #>2024-07-03 12:05:10.954754_User@StatDep: pop3_fetch_emails isstarted...
[2024-07-03T12:05:11.340+0000] {logging_mixin.py:151} INFO -    b'+OK'
[2024-07-03T12:05:11.733+0000] {logging_mixin.py:151} INFO -    mailbox have 1 emails and the robot can process 10
[2024-07-03T12:05:12.152+0000] {logging_mixin.py:151} INFO -    #>2024-07-03 12:05:12.152793_conneciton to db is set.
[2024-07-03T12:05:12.160+0000] {taskinstance.py:1943} ERROR - Task failed with exception
Traceback (most recent call last):
  File "/home/airflow/.local/lib/python3.8/site-packages/airflow/operators/python.py", line 192, in execute
    return_value = self.execute_callable()
  File "/home/airflow/.local/lib/python3.8/site-packages/airflow/operators/python.py", line 209, in execute_callable
    return self.python_callable(*self.op_args, **self.op_kwargs)
  File "/opt/airflow/dags/dag_email_robot.py", line 25, in get_emails
    robot.fetch_emails()
  File "/opt/airflow/dags/emailRobot.py", line 62, in fetch_emails
    return self.pop3_fetch_emails()
  File "/opt/airflow/dags/emailRobot.py", line 156, in pop3_fetch_emails
    cursor.execute (query, insert_values)
psycopg2.errors.UndefinedTable: relation "sma_stat_dep.tbl_file_upload" does not exist
LINE 1: ...) AS (INSERT INTO                                 sma_stat_d...
                                                             ^

[2024-07-03T12:05:12.180+0000] {taskinstance.py:1400} INFO - Marking task as FAILED. dag_id=reports_workflow, task_id=id_task_get_emails, execution_date=20240702T102500, start_date=20240703T120510, end_date=20240703T120512
[2024-07-03T12:05:12.194+0000] {standard_task_runner.py:104} ERROR - Failed to execute job 811 for task id_task_get_emails (relation "sma_stat_dep.tbl_file_upload" does not exist
LINE 1: ...) AS (INSERT INTO                                 sma_stat_d...
                                                             ^
; 23402)
[2024-07-03T12:05:12.233+0000] {local_task_job_runner.py:228} INFO - Task exited with return code 1
[2024-07-03T12:05:12.340+0000] {taskinstance.py:2784} INFO - 0 downstream tasks scheduled from follow-on schedule check
[2024-07-03T12:23:47.498+0000] {taskinstance.py:1159} INFO - Dependencies all met for dep_context=non-requeueable deps ti=<TaskInstance: reports_workflow.id_task_get_emails scheduled__2024-07-02T10:25:00+00:00 [queued]>
[2024-07-03T12:23:47.518+0000] {taskinstance.py:1159} INFO - Dependencies all met for dep_context=requeueable deps ti=<TaskInstance: reports_workflow.id_task_get_emails scheduled__2024-07-02T10:25:00+00:00 [queued]>
[2024-07-03T12:23:47.519+0000] {taskinstance.py:1361} INFO - Starting attempt 1 of 1
[2024-07-03T12:23:47.541+0000] {taskinstance.py:1382} INFO - Executing <Task(PythonOperator): id_task_get_emails> on 2024-07-02 10:25:00+00:00
[2024-07-03T12:23:47.547+0000] {standard_task_runner.py:57} INFO - Started process 24325 to run task
[2024-07-03T12:23:47.554+0000] {standard_task_runner.py:84} INFO - Running: ['***', 'tasks', 'run', 'reports_workflow', 'id_task_get_emails', 'scheduled__2024-07-02T10:25:00+00:00', '--job-id', '1132', '--raw', '--subdir', 'DAGS_FOLDER/dag_email_robot.py', '--cfg-path', '/tmp/tmp9y2wqvql']
[2024-07-03T12:23:47.556+0000] {standard_task_runner.py:85} INFO - Job 1132: Subtask id_task_get_emails
[2024-07-03T12:23:47.620+0000] {task_command.py:415} INFO - Running <TaskInstance: reports_workflow.id_task_get_emails scheduled__2024-07-02T10:25:00+00:00 [running]> on host 6f4ef5488251
[2024-07-03T12:23:47.710+0000] {taskinstance.py:1660} INFO - Exporting env vars: AIRFLOW_CTX_DAG_OWNER='FIRDAVS' AIRFLOW_CTX_DAG_ID='reports_workflow' AIRFLOW_CTX_TASK_ID='id_task_get_emails' AIRFLOW_CTX_EXECUTION_DATE='2024-07-02T10:25:00+00:00' AIRFLOW_CTX_TRY_NUMBER='1' AIRFLOW_CTX_DAG_RUN_ID='scheduled__2024-07-02T10:25:00+00:00'
[2024-07-03T12:23:47.711+0000] {logging_mixin.py:151} INFO - path of config file:  /opt/***
[2024-07-03T12:23:47.711+0000] {logging_mixin.py:151} INFO - #>2024-07-03 12:23:47.711749_User@StatDep: EmailRobot in screated.
[2024-07-03T12:23:47.711+0000] {logging_mixin.py:151} INFO - #>2024-07-03 12:23:47.711949_User@StatDep: get_for_recent_emails is started...
[2024-07-03T12:23:47.712+0000] {logging_mixin.py:151} INFO - #>2024-07-03 12:23:47.712087_User@StatDep: pop3_fetch_emails isstarted...
[2024-07-03T12:23:48.074+0000] {logging_mixin.py:151} INFO -    b'+OK'
[2024-07-03T12:23:48.396+0000] {logging_mixin.py:151} INFO -    mailbox have 0 emails and the robot can process 10
[2024-07-03T12:23:48.397+0000] {logging_mixin.py:151} INFO - #>2024-07-03 12:23:48.397556_User@StatDep: no emails to process, exiting pop3_fetch_emails()...
[2024-07-03T12:23:48.398+0000] {python.py:194} INFO - Done. Returned value was: True
[2024-07-03T12:23:48.444+0000] {taskinstance.py:1400} INFO - Marking task as SUCCESS. dag_id=reports_workflow, task_id=id_task_get_emails, execution_date=20240702T102500, start_date=20240703T122347, end_date=20240703T122348
[2024-07-03T12:23:48.492+0000] {local_task_job_runner.py:228} INFO - Task exited with return code 0
[2024-07-03T12:23:48.525+0000] {taskinstance.py:2784} INFO - 1 downstream tasks scheduled from follow-on schedule check
