[2024-07-29T07:55:01.903+0000] {taskinstance.py:1159} INFO - Dependencies all met for dep_context=non-requeueable deps ti=<TaskInstance: reports_workflow.id_task_get_emails scheduled__2024-07-29T07:50:00+00:00 [queued]>
[2024-07-29T07:55:01.911+0000] {taskinstance.py:1159} INFO - Dependencies all met for dep_context=requeueable deps ti=<TaskInstance: reports_workflow.id_task_get_emails scheduled__2024-07-29T07:50:00+00:00 [queued]>
[2024-07-29T07:55:01.912+0000] {taskinstance.py:1361} INFO - Starting attempt 1 of 2
[2024-07-29T07:55:01.924+0000] {taskinstance.py:1382} INFO - Executing <Task(PythonOperator): id_task_get_emails> on 2024-07-29 07:50:00+00:00
[2024-07-29T07:55:01.931+0000] {standard_task_runner.py:57} INFO - Started process 3491 to run task
[2024-07-29T07:55:01.936+0000] {standard_task_runner.py:84} INFO - Running: ['***', 'tasks', 'run', 'reports_workflow', 'id_task_get_emails', 'scheduled__2024-07-29T07:50:00+00:00', '--job-id', '103', '--raw', '--subdir', 'DAGS_FOLDER/dag_stat_report.py', '--cfg-path', '/tmp/tmp4nrdt269']
[2024-07-29T07:55:01.941+0000] {standard_task_runner.py:85} INFO - Job 103: Subtask id_task_get_emails
[2024-07-29T07:55:02.000+0000] {task_command.py:415} INFO - Running <TaskInstance: reports_workflow.id_task_get_emails scheduled__2024-07-29T07:50:00+00:00 [running]> on host 3fb5581aee62
[2024-07-29T07:55:02.086+0000] {taskinstance.py:1660} INFO - Exporting env vars: AIRFLOW_CTX_DAG_OWNER='FIRDAVS' AIRFLOW_CTX_DAG_ID='reports_workflow' AIRFLOW_CTX_TASK_ID='id_task_get_emails' AIRFLOW_CTX_EXECUTION_DATE='2024-07-29T07:50:00+00:00' AIRFLOW_CTX_TRY_NUMBER='1' AIRFLOW_CTX_DAG_RUN_ID='scheduled__2024-07-29T07:50:00+00:00'
[2024-07-29T07:55:02.088+0000] {logging_mixin.py:151} INFO - path of config file:  /opt/***
[2024-07-29T07:55:02.088+0000] {logging_mixin.py:151} INFO - #>2024-07-29 07:55:02.088610_User@StatDep: EmailRobot in screated.
[2024-07-29T07:55:02.088+0000] {logging_mixin.py:151} INFO - #>2024-07-29 07:55:02.088800_User@StatDep: get_for_recent_emails is started...
[2024-07-29T07:55:02.088+0000] {logging_mixin.py:151} INFO - #>2024-07-29 07:55:02.088937_User@StatDep: pop3_fetch_emails isstarted...
[2024-07-29T07:55:02.579+0000] {logging_mixin.py:151} INFO -    b'+OK'
[2024-07-29T07:55:03.019+0000] {logging_mixin.py:151} INFO -    mailbox have 0 emails and the robot can process 10
[2024-07-29T07:55:03.020+0000] {logging_mixin.py:151} INFO - #>2024-07-29 07:55:03.020099_User@StatDep: no emails to process, exiting pop3_fetch_emails()...
[2024-07-29T07:55:03.021+0000] {python.py:194} INFO - Done. Returned value was: True
[2024-07-29T07:55:03.057+0000] {taskinstance.py:1400} INFO - Marking task as SUCCESS. dag_id=reports_workflow, task_id=id_task_get_emails, execution_date=20240729T075000, start_date=20240729T075501, end_date=20240729T075503
[2024-07-29T07:55:03.081+0000] {local_task_job_runner.py:228} INFO - Task exited with return code 0
[2024-07-29T07:55:03.113+0000] {taskinstance.py:2784} INFO - 1 downstream tasks scheduled from follow-on schedule check
