[2024-07-29T03:43:07.782+0000] {taskinstance.py:1159} INFO - Dependencies all met for dep_context=non-requeueable deps ti=<TaskInstance: reports_workflow.id_task_send_emails manual__2024-07-29T03:43:02.764634+00:00 [queued]>
[2024-07-29T03:43:07.791+0000] {taskinstance.py:1159} INFO - Dependencies all met for dep_context=requeueable deps ti=<TaskInstance: reports_workflow.id_task_send_emails manual__2024-07-29T03:43:02.764634+00:00 [queued]>
[2024-07-29T03:43:07.792+0000] {taskinstance.py:1361} INFO - Starting attempt 1 of 2
[2024-07-29T03:43:07.805+0000] {taskinstance.py:1382} INFO - Executing <Task(PythonOperator): id_task_send_emails> on 2024-07-29 03:43:02.764634+00:00
[2024-07-29T03:43:07.811+0000] {standard_task_runner.py:57} INFO - Started process 82770 to run task
[2024-07-29T03:43:07.817+0000] {standard_task_runner.py:84} INFO - Running: ['***', 'tasks', 'run', 'reports_workflow', 'id_task_send_emails', 'manual__2024-07-29T03:43:02.764634+00:00', '--job-id', '8345', '--raw', '--subdir', 'DAGS_FOLDER/dag_email_robot.py', '--cfg-path', '/tmp/tmp8fohj735']
[2024-07-29T03:43:07.821+0000] {standard_task_runner.py:85} INFO - Job 8345: Subtask id_task_send_emails
[2024-07-29T03:43:08.245+0000] {task_command.py:415} INFO - Running <TaskInstance: reports_workflow.id_task_send_emails manual__2024-07-29T03:43:02.764634+00:00 [running]> on host 6f4ef5488251
[2024-07-29T03:43:08.496+0000] {taskinstance.py:1660} INFO - Exporting env vars: AIRFLOW_CTX_DAG_OWNER='FIRDAVS' AIRFLOW_CTX_DAG_ID='reports_workflow' AIRFLOW_CTX_TASK_ID='id_task_send_emails' AIRFLOW_CTX_EXECUTION_DATE='2024-07-29T03:43:02.764634+00:00' AIRFLOW_CTX_TRY_NUMBER='1' AIRFLOW_CTX_DAG_RUN_ID='manual__2024-07-29T03:43:02.764634+00:00'
[2024-07-29T03:43:08.500+0000] {logging_mixin.py:151} INFO - path of config file:  /opt/***
[2024-07-29T03:43:08.501+0000] {logging_mixin.py:151} INFO - #>2024-07-29 03:43:08.501866_User@StatDep: EmailRobot in screated.
[2024-07-29T03:43:08.502+0000] {logging_mixin.py:151} INFO - #>2024-07-29 03:43:08.502796_User@StatDep: send_validation_results is started...
[2024-07-29T03:43:08.515+0000] {logging_mixin.py:151} INFO -    #>2024-07-29 03:43:08.515460_conneciton to db is set.
[2024-07-29T03:43:08.517+0000] {logging_mixin.py:151} INFO -    #>2024-07-29 03:43:08.517627_cursor execution is successful.
[2024-07-29T03:43:08.518+0000] {logging_mixin.py:151} INFO -    extracted information for about report sumbissions found...
[2024-07-29T03:43:08.520+0000] {logging_mixin.py:151} INFO - #>2024-07-29 03:43:08.520213_User@StatDep: email object ready to be sent:
[2024-07-29T03:43:10.599+0000] {logging_mixin.py:151} WARNING - send: 'ehlo [172.20.0.6]\r\n'
[2024-07-29T03:43:10.661+0000] {logging_mixin.py:151} WARNING - reply: b'250-smtp32.i.mail.ru\r\n'
[2024-07-29T03:43:10.662+0000] {logging_mixin.py:151} WARNING - reply: b'250-SIZE 73400320\r\n'
[2024-07-29T03:43:10.662+0000] {logging_mixin.py:151} WARNING - reply: b'250-8BITMIME\r\n'
[2024-07-29T03:43:10.663+0000] {logging_mixin.py:151} WARNING - reply: b'250-PIPELINING\r\n'
[2024-07-29T03:43:10.663+0000] {logging_mixin.py:151} WARNING - reply: b'250-DSN\r\n'
[2024-07-29T03:43:10.663+0000] {logging_mixin.py:151} WARNING - reply: b'250-SMTPUTF8\r\n'
[2024-07-29T03:43:10.663+0000] {logging_mixin.py:151} WARNING - reply: b'250 AUTH PLAIN LOGIN XOAUTH2\r\n'
[2024-07-29T03:43:10.664+0000] {logging_mixin.py:151} WARNING - reply: retcode (250); Msg: b'smtp32.i.mail.ru\nSIZE 73400320\n8BITMIME\nPIPELINING\nDSN\nSMTPUTF8\nAUTH PLAIN LOGIN XOAUTH2'
[2024-07-29T03:43:10.664+0000] {logging_mixin.py:151} WARNING - send: 'AUTH PLAIN AGtoYWxpbXpvZEBsaXN0LnJ1AEdSWFFSakMyYms0cVpIQjI2VXFk\r\n'
[2024-07-29T03:43:10.862+0000] {logging_mixin.py:151} WARNING - reply: b'235 Authentication succeeded\r\n'
[2024-07-29T03:43:10.862+0000] {logging_mixin.py:151} WARNING - reply: retcode (235); Msg: b'Authentication succeeded'
[2024-07-29T03:43:10.865+0000] {logging_mixin.py:151} WARNING - send: 'mail FROM:<khalimzod@list.ru> size=1961\r\n'
[2024-07-29T03:43:10.929+0000] {logging_mixin.py:151} WARNING - reply: b'250 OK\r\n'
[2024-07-29T03:43:10.930+0000] {logging_mixin.py:151} WARNING - reply: retcode (250); Msg: b'OK'
[2024-07-29T03:43:10.930+0000] {logging_mixin.py:151} WARNING - send: 'rcpt TO:<3d_0001@mail.ru>\r\n'
[2024-07-29T03:43:10.993+0000] {logging_mixin.py:151} WARNING - reply: b'250 Accepted\r\n'
[2024-07-29T03:43:10.994+0000] {logging_mixin.py:151} WARNING - reply: retcode (250); Msg: b'Accepted'
[2024-07-29T03:43:10.994+0000] {logging_mixin.py:151} WARNING - send: 'data\r\n'
[2024-07-29T03:43:11.058+0000] {logging_mixin.py:151} WARNING - reply: b'354 Enter message, ending with "." on a line by itself\r\n'
[2024-07-29T03:43:11.060+0000] {logging_mixin.py:151} WARNING - reply: retcode (354); Msg: b'Enter message, ending with "." on a line by itself'
[2024-07-29T03:43:11.061+0000] {logging_mixin.py:151} WARNING - data: (354, b'Enter message, ending with "." on a line by itself')
[2024-07-29T03:43:11.061+0000] {logging_mixin.py:151} WARNING - send: b'Content-Type: multipart/mixed; boundary="===============0810958282599361837=="\r\nMIME-Version: 1.0\r\nSubject: =?utf-8?b?b21vckBuYnQudGo6INGE0LDQudC7ICIxSEsudjAuNTcwNy4zMDA2MjAyNC54bHN4IiDQt9Cw0LPRgNGD0LbQtdC90L3Ri9C1INCyIDIwMjQtMDctMjUgMTQ6MzU6NTIrMDA6MDAg0J3QlSDQn9Cg0JjQndCv0KI=?=\r\nFrom: khalimzod@list.ru\r\nTo: <3d_0001@mail.ru>\r\n\r\n--===============0810958282599361837==\r\nContent-Type: text/plain; charset="utf-8"\r\nMIME-Version: 1.0\r\nContent-Transfer-Encoding: base64\r\n\r\n0JfQtNGA0LDQstGB0YLQstGD0LnRgtC1LCAKINCaINGB0L7QttCw0LvQtdC90LjRjiDRhNCw0LnQ\r\nuyDRgSDQuNC80LXQvdC10LwgMUhLLnYwLjU3MDcuMzAwNjIwMjQueGxzeCwg0LfQsNCz0YDRg9C2\r\n0LXQvdC90YvQuSDQsiAyMDI0LTA3LTI1IDE0OjM1OjUyKzAwOjAwINC90LUg0LHRi9C7INC/0YDQ\r\nuNC90Y/RgiDRgdC40YHRgtC10LzQvtC5INCw0LLRgtC+0LzQsNGC0LjRh9C10YHQutC+0Lkg0L7Q\r\nsdGA0LDQsdC+0YLQutC4LiDQn9C+0LbQsNC70YPQudGB0YLQsCwg0L/RgNC+0LLQtdGA0YzRgtC1\r\nINC30LDQv9C+0LvQvdC10L3QuNC1INGE0LDQudC70LAuIAog0JTQvtC/0L7Qu9C90LjRgtC10LvR\r\njNC90YvQtSDRgdCy0LXQtNC10L3RjNGPINC/0L4g0L7QsdC90LDRgNGD0LbQtdC90L3Ri9C8INC+\r\n0YjQuNCx0LrQsNC8INC/0YDQuNC70L7QttC10L3QvdGLINC6INC/0LjRgdGM0LzRgy4KIEMg0YPQ\r\nstCw0LbQtdC90LjQtdC8LCAKINCU0LXQv9Cw0YDRgtCw0LzQtdC90YIg0YHRgtCw0YLQuNGB0YLQ\r\nuNC60Lgg0Lgg0L/Qu9Cw0YLQtdC20L3QvtCz0L4g0LHQsNC70LDQvdGB0LAg\r\n\r\n--===============0810958282599361837==\r\nMIME-Version: 1.0\r\nContent-Type: application/text/csv; charset="utf-8"\r\nContent-Transfer-Encoding: base64\r\nContent-Transfer-Encoding: base64\r\ncontent-disposition: attachment; filename="1HK.v0.5707.30062024.xlsx_protocol.txt"\r\n\r\n0JTQsNGC0LAg0Lgg0LLRgNC10LzRjyDQv9C+0LvRg9GH0LXQvdC40Y8g0YTQsNC50LvQsCAtLS0t\r\nLS0tLS0tLS0tLS0tLS0tLSAyMDI0LTA3LTI5IDAzOjQzOjA1CgogCkcxMy0tLS0tLS0t0J3QtdCy\r\n0LXRgNC90YvQuSDRgtC40L8g0LTQsNC90L3Ri9GFINCyINGP0YfQtdC50LrQtQpINy0tLS0tLS0t\r\n0J3QtdCy0LXRgNC90YvQuSDRgtC40L8g0LTQsNC90L3Ri9GFINCyINGP0YfQtdC50LrQtQoKINC6\r\n0L7Qu9C40YfQtdGB0YLQstC+INC90LDQudC00LXQvdC90YvRhSDQvtGI0LjQsdC+0LogLS0tLS0t\r\nLS0tLS0tLS0tLS0tLS0y\r\n\r\n--===============0810958282599361837==--\r\n.\r\n'
[2024-07-29T03:43:11.523+0000] {logging_mixin.py:151} WARNING - reply: b'250 OK id=1sYHHz-000000008g5-07Ex\r\n'
[2024-07-29T03:43:11.523+0000] {logging_mixin.py:151} WARNING - reply: retcode (250); Msg: b'OK id=1sYHHz-000000008g5-07Ex'
[2024-07-29T03:43:11.524+0000] {logging_mixin.py:151} WARNING - data: (250, b'OK id=1sYHHz-000000008g5-07Ex')
[2024-07-29T03:43:11.524+0000] {logging_mixin.py:151} INFO - #>2024-07-29 03:43:11.524257_User@StatDep: email successfuly sent
[2024-07-29T03:43:11.524+0000] {logging_mixin.py:151} WARNING - send: 'QUIT\r\n'
[2024-07-29T03:43:11.802+0000] {logging_mixin.py:151} WARNING - reply: b'221 exim-smtp-868bf69f6c-995c8 closing connection\r\n'
[2024-07-29T03:43:11.803+0000] {logging_mixin.py:151} WARNING - reply: retcode (221); Msg: b'exim-smtp-868bf69f6c-995c8 closing connection'
[2024-07-29T03:43:11.804+0000] {logging_mixin.py:151} INFO -    finilizing processing for the reserved file uploads...
[2024-07-29T03:43:11.805+0000] {python.py:194} INFO - Done. Returned value was: True
[2024-07-29T03:43:11.838+0000] {taskinstance.py:1400} INFO - Marking task as SUCCESS. dag_id=reports_workflow, task_id=id_task_send_emails, execution_date=20240729T034302, start_date=20240729T034307, end_date=20240729T034311
[2024-07-29T03:43:11.889+0000] {local_task_job_runner.py:228} INFO - Task exited with return code 0
[2024-07-29T03:43:11.924+0000] {taskinstance.py:2784} INFO - 0 downstream tasks scheduled from follow-on schedule check
