[2024-07-03T09:58:46.927+0000] {taskinstance.py:1159} INFO - Dependencies all met for dep_context=non-requeueable deps ti=<TaskInstance: reports_workflow.id_task_get_emails scheduled__2024-07-02T22:30:00+00:00 [queued]>
[2024-07-03T09:58:46.935+0000] {taskinstance.py:1159} INFO - Dependencies all met for dep_context=requeueable deps ti=<TaskInstance: reports_workflow.id_task_get_emails scheduled__2024-07-02T22:30:00+00:00 [queued]>
[2024-07-03T09:58:46.936+0000] {taskinstance.py:1361} INFO - Starting attempt 1 of 1
[2024-07-03T09:58:46.951+0000] {taskinstance.py:1382} INFO - Executing <Task(PythonOperator): id_task_get_emails> on 2024-07-02 22:30:00+00:00
[2024-07-03T09:58:46.956+0000] {standard_task_runner.py:57} INFO - Started process 20891 to run task
[2024-07-03T09:58:46.962+0000] {standard_task_runner.py:84} INFO - Running: ['***', 'tasks', 'run', 'reports_workflow', 'id_task_get_emails', 'scheduled__2024-07-02T22:30:00+00:00', '--job-id', '517', '--raw', '--subdir', 'DAGS_FOLDER/dag_email_robot.py', '--cfg-path', '/tmp/tmpwp0yxvwj']
[2024-07-03T09:58:46.963+0000] {standard_task_runner.py:85} INFO - Job 517: Subtask id_task_get_emails
[2024-07-03T09:58:47.025+0000] {task_command.py:415} INFO - Running <TaskInstance: reports_workflow.id_task_get_emails scheduled__2024-07-02T22:30:00+00:00 [running]> on host 6f4ef5488251
[2024-07-03T09:58:47.309+0000] {taskinstance.py:1660} INFO - Exporting env vars: AIRFLOW_CTX_DAG_OWNER='FIRDAVS' AIRFLOW_CTX_DAG_ID='reports_workflow' AIRFLOW_CTX_TASK_ID='id_task_get_emails' AIRFLOW_CTX_EXECUTION_DATE='2024-07-02T22:30:00+00:00' AIRFLOW_CTX_TRY_NUMBER='1' AIRFLOW_CTX_DAG_RUN_ID='scheduled__2024-07-02T22:30:00+00:00'
[2024-07-03T09:58:47.310+0000] {logging_mixin.py:151} INFO - path of config file:  /opt/***
[2024-07-03T09:58:47.311+0000] {logging_mixin.py:151} INFO - #>2024-07-03 09:58:47.311241_User@StatDep: EmailRobot in screated.
[2024-07-03T09:58:47.312+0000] {logging_mixin.py:151} INFO - #>2024-07-03 09:58:47.311974_User@StatDep: get_for_recent_emails is started...
[2024-07-03T09:58:47.312+0000] {logging_mixin.py:151} INFO - #>2024-07-03 09:58:47.312442_User@StatDep: pop3_fetch_emails isstarted...
[2024-07-03T09:58:47.692+0000] {logging_mixin.py:151} INFO -    b'+OK'
[2024-07-03T09:58:48.076+0000] {logging_mixin.py:151} INFO -    mailbox have 0 emails and the robot can process 10
[2024-07-03T09:58:48.076+0000] {logging_mixin.py:151} INFO - #>2024-07-03 09:58:48.076875_User@StatDep: no emails to process, exiting pop3_fetch_emails()...
[2024-07-03T09:58:48.077+0000] {python.py:194} INFO - Done. Returned value was: True
[2024-07-03T09:58:48.119+0000] {taskinstance.py:1400} INFO - Marking task as SUCCESS. dag_id=reports_workflow, task_id=id_task_get_emails, execution_date=20240702T223000, start_date=20240703T095846, end_date=20240703T095848
[2024-07-03T09:58:48.136+0000] {local_task_job_runner.py:228} INFO - Task exited with return code 0
[2024-07-03T09:58:48.153+0000] {taskinstance.py:2784} INFO - 0 downstream tasks scheduled from follow-on schedule check
[2024-07-03T13:38:48.697+0000] {taskinstance.py:1159} INFO - Dependencies all met for dep_context=non-requeueable deps ti=<TaskInstance: reports_workflow.id_task_get_emails scheduled__2024-07-02T22:30:00+00:00 [queued]>
[2024-07-03T13:38:48.744+0000] {taskinstance.py:1159} INFO - Dependencies all met for dep_context=requeueable deps ti=<TaskInstance: reports_workflow.id_task_get_emails scheduled__2024-07-02T22:30:00+00:00 [queued]>
[2024-07-03T13:38:48.745+0000] {taskinstance.py:1361} INFO - Starting attempt 1 of 1
[2024-07-03T13:38:48.843+0000] {taskinstance.py:1382} INFO - Executing <Task(PythonOperator): id_task_get_emails> on 2024-07-02 22:30:00+00:00
[2024-07-03T13:38:48.873+0000] {standard_task_runner.py:57} INFO - Started process 26052 to run task
[2024-07-03T13:38:48.908+0000] {standard_task_runner.py:84} INFO - Running: ['***', 'tasks', 'run', 'reports_workflow', 'id_task_get_emails', 'scheduled__2024-07-02T22:30:00+00:00', '--job-id', '1425', '--raw', '--subdir', 'DAGS_FOLDER/dag_email_robot.py', '--cfg-path', '/tmp/tmpfodifwrf']
[2024-07-03T13:38:48.910+0000] {standard_task_runner.py:85} INFO - Job 1425: Subtask id_task_get_emails
[2024-07-03T13:38:49.257+0000] {task_command.py:415} INFO - Running <TaskInstance: reports_workflow.id_task_get_emails scheduled__2024-07-02T22:30:00+00:00 [running]> on host 6f4ef5488251
[2024-07-03T13:38:49.637+0000] {taskinstance.py:1660} INFO - Exporting env vars: AIRFLOW_CTX_DAG_OWNER='FIRDAVS' AIRFLOW_CTX_DAG_ID='reports_workflow' AIRFLOW_CTX_TASK_ID='id_task_get_emails' AIRFLOW_CTX_EXECUTION_DATE='2024-07-02T22:30:00+00:00' AIRFLOW_CTX_TRY_NUMBER='1' AIRFLOW_CTX_DAG_RUN_ID='scheduled__2024-07-02T22:30:00+00:00'
[2024-07-03T13:38:49.638+0000] {logging_mixin.py:151} INFO - path of config file:  /opt/***
[2024-07-03T13:38:49.642+0000] {logging_mixin.py:151} INFO - #>2024-07-03 13:38:49.642553_User@StatDep: EmailRobot in screated.
[2024-07-03T13:38:49.642+0000] {logging_mixin.py:151} INFO - #>2024-07-03 13:38:49.642774_User@StatDep: get_for_recent_emails is started...
[2024-07-03T13:38:49.642+0000] {logging_mixin.py:151} INFO - #>2024-07-03 13:38:49.642922_User@StatDep: pop3_fetch_emails isstarted...
[2024-07-03T13:38:50.030+0000] {logging_mixin.py:151} INFO -    b'+OK'
[2024-07-03T13:38:50.541+0000] {logging_mixin.py:151} INFO -    mailbox have 1 emails and the robot can process 10
[2024-07-03T13:38:50.878+0000] {logging_mixin.py:151} INFO -    deletion of email after inserting into database +OK message 1 deleted
[2024-07-03T13:38:50.947+0000] {logging_mixin.py:151} INFO - #>2024-07-03 13:38:50.947731_User@StatDep: pop3_fetch_emails is successful.
[2024-07-03T13:38:50.948+0000] {python.py:194} INFO - Done. Returned value was: True
[2024-07-03T13:38:51.015+0000] {taskinstance.py:1400} INFO - Marking task as SUCCESS. dag_id=reports_workflow, task_id=id_task_get_emails, execution_date=20240702T223000, start_date=20240703T133848, end_date=20240703T133851
[2024-07-03T13:38:51.074+0000] {local_task_job_runner.py:228} INFO - Task exited with return code 0
[2024-07-03T13:38:51.100+0000] {taskinstance.py:2784} INFO - 1 downstream tasks scheduled from follow-on schedule check
