[2024-07-03T09:59:07.723+0000] {taskinstance.py:1159} INFO - Dependencies all met for dep_context=non-requeueable deps ti=<TaskInstance: reports_workflow.id_task_get_emails scheduled__2024-07-03T01:40:00+00:00 [queued]>
[2024-07-03T09:59:07.732+0000] {taskinstance.py:1159} INFO - Dependencies all met for dep_context=requeueable deps ti=<TaskInstance: reports_workflow.id_task_get_emails scheduled__2024-07-03T01:40:00+00:00 [queued]>
[2024-07-03T09:59:07.732+0000] {taskinstance.py:1361} INFO - Starting attempt 1 of 1
[2024-07-03T09:59:07.748+0000] {taskinstance.py:1382} INFO - Executing <Task(PythonOperator): id_task_get_emails> on 2024-07-03 01:40:00+00:00
[2024-07-03T09:59:07.752+0000] {standard_task_runner.py:57} INFO - Started process 20973 to run task
[2024-07-03T09:59:07.756+0000] {standard_task_runner.py:84} INFO - Running: ['***', 'tasks', 'run', 'reports_workflow', 'id_task_get_emails', 'scheduled__2024-07-03T01:40:00+00:00', '--job-id', '555', '--raw', '--subdir', 'DAGS_FOLDER/dag_email_robot.py', '--cfg-path', '/tmp/tmp_iy274vg']
[2024-07-03T09:59:07.757+0000] {standard_task_runner.py:85} INFO - Job 555: Subtask id_task_get_emails
[2024-07-03T09:59:07.818+0000] {task_command.py:415} INFO - Running <TaskInstance: reports_workflow.id_task_get_emails scheduled__2024-07-03T01:40:00+00:00 [running]> on host 6f4ef5488251
[2024-07-03T09:59:07.945+0000] {taskinstance.py:1660} INFO - Exporting env vars: AIRFLOW_CTX_DAG_OWNER='FIRDAVS' AIRFLOW_CTX_DAG_ID='reports_workflow' AIRFLOW_CTX_TASK_ID='id_task_get_emails' AIRFLOW_CTX_EXECUTION_DATE='2024-07-03T01:40:00+00:00' AIRFLOW_CTX_TRY_NUMBER='1' AIRFLOW_CTX_DAG_RUN_ID='scheduled__2024-07-03T01:40:00+00:00'
[2024-07-03T09:59:07.946+0000] {logging_mixin.py:151} INFO - path of config file:  /opt/***
[2024-07-03T09:59:07.947+0000] {logging_mixin.py:151} INFO - #>2024-07-03 09:59:07.947357_User@StatDep: EmailRobot in screated.
[2024-07-03T09:59:07.947+0000] {logging_mixin.py:151} INFO - #>2024-07-03 09:59:07.947550_User@StatDep: get_for_recent_emails is started...
[2024-07-03T09:59:07.947+0000] {logging_mixin.py:151} INFO - #>2024-07-03 09:59:07.947677_User@StatDep: pop3_fetch_emails isstarted...
[2024-07-03T09:59:08.333+0000] {logging_mixin.py:151} INFO -    b'+OK'
[2024-07-03T09:59:08.662+0000] {logging_mixin.py:151} INFO -    mailbox have 0 emails and the robot can process 10
[2024-07-03T09:59:08.663+0000] {logging_mixin.py:151} INFO - #>2024-07-03 09:59:08.663218_User@StatDep: no emails to process, exiting pop3_fetch_emails()...
[2024-07-03T09:59:08.664+0000] {python.py:194} INFO - Done. Returned value was: True
[2024-07-03T09:59:08.704+0000] {taskinstance.py:1400} INFO - Marking task as SUCCESS. dag_id=reports_workflow, task_id=id_task_get_emails, execution_date=20240703T014000, start_date=20240703T095907, end_date=20240703T095908
[2024-07-03T09:59:08.731+0000] {local_task_job_runner.py:228} INFO - Task exited with return code 0
[2024-07-03T09:59:08.755+0000] {taskinstance.py:2784} INFO - 0 downstream tasks scheduled from follow-on schedule check
[2024-07-03T13:39:31.324+0000] {taskinstance.py:1159} INFO - Dependencies all met for dep_context=non-requeueable deps ti=<TaskInstance: reports_workflow.id_task_get_emails scheduled__2024-07-03T01:40:00+00:00 [queued]>
[2024-07-03T13:39:31.351+0000] {taskinstance.py:1159} INFO - Dependencies all met for dep_context=requeueable deps ti=<TaskInstance: reports_workflow.id_task_get_emails scheduled__2024-07-03T01:40:00+00:00 [queued]>
[2024-07-03T13:39:31.351+0000] {taskinstance.py:1361} INFO - Starting attempt 1 of 1
[2024-07-03T13:39:31.381+0000] {taskinstance.py:1382} INFO - Executing <Task(PythonOperator): id_task_get_emails> on 2024-07-03 01:40:00+00:00
[2024-07-03T13:39:31.391+0000] {standard_task_runner.py:57} INFO - Started process 26209 to run task
[2024-07-03T13:39:31.407+0000] {standard_task_runner.py:84} INFO - Running: ['***', 'tasks', 'run', 'reports_workflow', 'id_task_get_emails', 'scheduled__2024-07-03T01:40:00+00:00', '--job-id', '1500', '--raw', '--subdir', 'DAGS_FOLDER/dag_email_robot.py', '--cfg-path', '/tmp/tmp46bsrxtd']
[2024-07-03T13:39:31.408+0000] {standard_task_runner.py:85} INFO - Job 1500: Subtask id_task_get_emails
[2024-07-03T13:39:31.484+0000] {task_command.py:415} INFO - Running <TaskInstance: reports_workflow.id_task_get_emails scheduled__2024-07-03T01:40:00+00:00 [running]> on host 6f4ef5488251
[2024-07-03T13:39:31.682+0000] {taskinstance.py:1660} INFO - Exporting env vars: AIRFLOW_CTX_DAG_OWNER='FIRDAVS' AIRFLOW_CTX_DAG_ID='reports_workflow' AIRFLOW_CTX_TASK_ID='id_task_get_emails' AIRFLOW_CTX_EXECUTION_DATE='2024-07-03T01:40:00+00:00' AIRFLOW_CTX_TRY_NUMBER='1' AIRFLOW_CTX_DAG_RUN_ID='scheduled__2024-07-03T01:40:00+00:00'
[2024-07-03T13:39:31.683+0000] {logging_mixin.py:151} INFO - path of config file:  /opt/***
[2024-07-03T13:39:31.684+0000] {logging_mixin.py:151} INFO - #>2024-07-03 13:39:31.684207_User@StatDep: EmailRobot in screated.
[2024-07-03T13:39:31.684+0000] {logging_mixin.py:151} INFO - #>2024-07-03 13:39:31.684611_User@StatDep: get_for_recent_emails is started...
[2024-07-03T13:39:31.684+0000] {logging_mixin.py:151} INFO - #>2024-07-03 13:39:31.684805_User@StatDep: pop3_fetch_emails isstarted...
[2024-07-03T13:39:32.075+0000] {logging_mixin.py:151} INFO -    b'+OK'
[2024-07-03T13:39:32.431+0000] {logging_mixin.py:151} INFO -    mailbox have 0 emails and the robot can process 10
[2024-07-03T13:39:32.431+0000] {logging_mixin.py:151} INFO - #>2024-07-03 13:39:32.431470_User@StatDep: no emails to process, exiting pop3_fetch_emails()...
[2024-07-03T13:39:32.432+0000] {python.py:194} INFO - Done. Returned value was: True
[2024-07-03T13:39:32.474+0000] {taskinstance.py:1400} INFO - Marking task as SUCCESS. dag_id=reports_workflow, task_id=id_task_get_emails, execution_date=20240703T014000, start_date=20240703T133931, end_date=20240703T133932
[2024-07-03T13:39:32.508+0000] {local_task_job_runner.py:228} INFO - Task exited with return code 0
[2024-07-03T13:39:32.535+0000] {taskinstance.py:2784} INFO - 1 downstream tasks scheduled from follow-on schedule check
