[2024-07-03T09:58:31.688+0000] {taskinstance.py:1159} INFO - Dependencies all met for dep_context=non-requeueable deps ti=<TaskInstance: reports_workflow.id_task_get_emails scheduled__2024-07-02T19:45:00+00:00 [queued]>
[2024-07-03T09:58:31.699+0000] {taskinstance.py:1159} INFO - Dependencies all met for dep_context=requeueable deps ti=<TaskInstance: reports_workflow.id_task_get_emails scheduled__2024-07-02T19:45:00+00:00 [queued]>
[2024-07-03T09:58:31.700+0000] {taskinstance.py:1361} INFO - Starting attempt 1 of 1
[2024-07-03T09:58:31.750+0000] {taskinstance.py:1382} INFO - Executing <Task(PythonOperator): id_task_get_emails> on 2024-07-02 19:45:00+00:00
[2024-07-03T09:58:31.755+0000] {standard_task_runner.py:57} INFO - Started process 20825 to run task
[2024-07-03T09:58:31.766+0000] {standard_task_runner.py:84} INFO - Running: ['***', 'tasks', 'run', 'reports_workflow', 'id_task_get_emails', 'scheduled__2024-07-02T19:45:00+00:00', '--job-id', '483', '--raw', '--subdir', 'DAGS_FOLDER/dag_email_robot.py', '--cfg-path', '/tmp/tmp09gu4vno']
[2024-07-03T09:58:31.768+0000] {standard_task_runner.py:85} INFO - Job 483: Subtask id_task_get_emails
[2024-07-03T09:58:31.866+0000] {task_command.py:415} INFO - Running <TaskInstance: reports_workflow.id_task_get_emails scheduled__2024-07-02T19:45:00+00:00 [running]> on host 6f4ef5488251
[2024-07-03T09:58:32.039+0000] {taskinstance.py:1660} INFO - Exporting env vars: AIRFLOW_CTX_DAG_OWNER='FIRDAVS' AIRFLOW_CTX_DAG_ID='reports_workflow' AIRFLOW_CTX_TASK_ID='id_task_get_emails' AIRFLOW_CTX_EXECUTION_DATE='2024-07-02T19:45:00+00:00' AIRFLOW_CTX_TRY_NUMBER='1' AIRFLOW_CTX_DAG_RUN_ID='scheduled__2024-07-02T19:45:00+00:00'
[2024-07-03T09:58:32.040+0000] {logging_mixin.py:151} INFO - path of config file:  /opt/***
[2024-07-03T09:58:32.048+0000] {logging_mixin.py:151} INFO - #>2024-07-03 09:58:32.047982_User@StatDep: EmailRobot in screated.
[2024-07-03T09:58:32.048+0000] {logging_mixin.py:151} INFO - #>2024-07-03 09:58:32.048188_User@StatDep: get_for_recent_emails is started...
[2024-07-03T09:58:32.048+0000] {logging_mixin.py:151} INFO - #>2024-07-03 09:58:32.048322_User@StatDep: pop3_fetch_emails isstarted...
[2024-07-03T09:58:32.474+0000] {logging_mixin.py:151} INFO -    b'+OK'
[2024-07-03T09:58:32.796+0000] {logging_mixin.py:151} INFO -    mailbox have 0 emails and the robot can process 10
[2024-07-03T09:58:32.796+0000] {logging_mixin.py:151} INFO - #>2024-07-03 09:58:32.796754_User@StatDep: no emails to process, exiting pop3_fetch_emails()...
[2024-07-03T09:58:32.797+0000] {python.py:194} INFO - Done. Returned value was: True
[2024-07-03T09:58:32.833+0000] {taskinstance.py:1400} INFO - Marking task as SUCCESS. dag_id=reports_workflow, task_id=id_task_get_emails, execution_date=20240702T194500, start_date=20240703T095831, end_date=20240703T095832
[2024-07-03T09:58:32.871+0000] {local_task_job_runner.py:228} INFO - Task exited with return code 0
[2024-07-03T09:58:32.899+0000] {taskinstance.py:2784} INFO - 0 downstream tasks scheduled from follow-on schedule check
[2024-07-03T12:29:05.948+0000] {taskinstance.py:1159} INFO - Dependencies all met for dep_context=non-requeueable deps ti=<TaskInstance: reports_workflow.id_task_get_emails scheduled__2024-07-02T19:45:00+00:00 [queued]>
[2024-07-03T12:29:05.981+0000] {taskinstance.py:1159} INFO - Dependencies all met for dep_context=requeueable deps ti=<TaskInstance: reports_workflow.id_task_get_emails scheduled__2024-07-02T19:45:00+00:00 [queued]>
[2024-07-03T12:29:05.981+0000] {taskinstance.py:1361} INFO - Starting attempt 1 of 1
[2024-07-03T12:29:06.056+0000] {taskinstance.py:1382} INFO - Executing <Task(PythonOperator): id_task_get_emails> on 2024-07-02 19:45:00+00:00
[2024-07-03T12:29:06.064+0000] {standard_task_runner.py:57} INFO - Started process 24856 to run task
[2024-07-03T12:29:06.084+0000] {standard_task_runner.py:84} INFO - Running: ['***', 'tasks', 'run', 'reports_workflow', 'id_task_get_emails', 'scheduled__2024-07-02T19:45:00+00:00', '--job-id', '1358', '--raw', '--subdir', 'DAGS_FOLDER/dag_email_robot.py', '--cfg-path', '/tmp/tmpm0lv5g3j']
[2024-07-03T12:29:06.085+0000] {standard_task_runner.py:85} INFO - Job 1358: Subtask id_task_get_emails
[2024-07-03T12:29:06.169+0000] {task_command.py:415} INFO - Running <TaskInstance: reports_workflow.id_task_get_emails scheduled__2024-07-02T19:45:00+00:00 [running]> on host 6f4ef5488251
[2024-07-03T12:29:06.307+0000] {taskinstance.py:1660} INFO - Exporting env vars: AIRFLOW_CTX_DAG_OWNER='FIRDAVS' AIRFLOW_CTX_DAG_ID='reports_workflow' AIRFLOW_CTX_TASK_ID='id_task_get_emails' AIRFLOW_CTX_EXECUTION_DATE='2024-07-02T19:45:00+00:00' AIRFLOW_CTX_TRY_NUMBER='1' AIRFLOW_CTX_DAG_RUN_ID='scheduled__2024-07-02T19:45:00+00:00'
[2024-07-03T12:29:06.308+0000] {logging_mixin.py:151} INFO - path of config file:  /opt/***
[2024-07-03T12:29:06.309+0000] {logging_mixin.py:151} INFO - #>2024-07-03 12:29:06.309338_User@StatDep: EmailRobot in screated.
[2024-07-03T12:29:06.309+0000] {logging_mixin.py:151} INFO - #>2024-07-03 12:29:06.309695_User@StatDep: get_for_recent_emails is started...
[2024-07-03T12:29:06.310+0000] {logging_mixin.py:151} INFO - #>2024-07-03 12:29:06.309999_User@StatDep: pop3_fetch_emails isstarted...
[2024-07-03T12:29:06.713+0000] {logging_mixin.py:151} INFO -    b'+OK'
[2024-07-03T12:29:07.048+0000] {logging_mixin.py:151} INFO -    mailbox have 0 emails and the robot can process 10
[2024-07-03T12:29:07.049+0000] {logging_mixin.py:151} INFO - #>2024-07-03 12:29:07.049043_User@StatDep: no emails to process, exiting pop3_fetch_emails()...
[2024-07-03T12:29:07.049+0000] {python.py:194} INFO - Done. Returned value was: True
[2024-07-03T12:29:07.083+0000] {taskinstance.py:1400} INFO - Marking task as SUCCESS. dag_id=reports_workflow, task_id=id_task_get_emails, execution_date=20240702T194500, start_date=20240703T122905, end_date=20240703T122907
[2024-07-03T12:29:07.134+0000] {local_task_job_runner.py:228} INFO - Task exited with return code 0
[2024-07-03T12:29:07.163+0000] {taskinstance.py:2784} INFO - 1 downstream tasks scheduled from follow-on schedule check
