[2024-07-03T12:29:09.981+0000] {taskinstance.py:1159} INFO - Dependencies all met for dep_context=non-requeueable deps ti=<TaskInstance: reports_workflow.id_task_send_emails scheduled__2024-07-02T20:15:00+00:00 [queued]>
[2024-07-03T12:29:09.990+0000] {taskinstance.py:1159} INFO - Dependencies all met for dep_context=requeueable deps ti=<TaskInstance: reports_workflow.id_task_send_emails scheduled__2024-07-02T20:15:00+00:00 [queued]>
[2024-07-03T12:29:09.990+0000] {taskinstance.py:1361} INFO - Starting attempt 1 of 1
[2024-07-03T12:29:10.002+0000] {taskinstance.py:1382} INFO - Executing <Task(PythonOperator): id_task_send_emails> on 2024-07-02 20:15:00+00:00
[2024-07-03T12:29:10.007+0000] {standard_task_runner.py:57} INFO - Started process 24887 to run task
[2024-07-03T12:29:10.013+0000] {standard_task_runner.py:84} INFO - Running: ['***', 'tasks', 'run', 'reports_workflow', 'id_task_send_emails', 'scheduled__2024-07-02T20:15:00+00:00', '--job-id', '1374', '--raw', '--subdir', 'DAGS_FOLDER/dag_email_robot.py', '--cfg-path', '/tmp/tmps29q6re_']
[2024-07-03T12:29:10.014+0000] {standard_task_runner.py:85} INFO - Job 1374: Subtask id_task_send_emails
[2024-07-03T12:29:10.063+0000] {task_command.py:415} INFO - Running <TaskInstance: reports_workflow.id_task_send_emails scheduled__2024-07-02T20:15:00+00:00 [running]> on host 6f4ef5488251
[2024-07-03T12:29:10.148+0000] {taskinstance.py:1660} INFO - Exporting env vars: AIRFLOW_CTX_DAG_OWNER='FIRDAVS' AIRFLOW_CTX_DAG_ID='reports_workflow' AIRFLOW_CTX_TASK_ID='id_task_send_emails' AIRFLOW_CTX_EXECUTION_DATE='2024-07-02T20:15:00+00:00' AIRFLOW_CTX_TRY_NUMBER='1' AIRFLOW_CTX_DAG_RUN_ID='scheduled__2024-07-02T20:15:00+00:00'
[2024-07-03T12:29:10.149+0000] {logging_mixin.py:151} INFO - path of config file:  /opt/***
[2024-07-03T12:29:10.150+0000] {logging_mixin.py:151} INFO - #>2024-07-03 12:29:10.150189_User@StatDep: EmailRobot in screated.
[2024-07-03T12:29:10.150+0000] {logging_mixin.py:151} INFO - #>2024-07-03 12:29:10.150412_User@StatDep: send_validation_results is started...
[2024-07-03T12:29:10.160+0000] {logging_mixin.py:151} INFO -    #>2024-07-03 12:29:10.160362_conneciton to db is set.
[2024-07-03T12:29:10.162+0000] {logging_mixin.py:151} INFO -    #>2024-07-03 12:29:10.162887_cursor execution is successful.
[2024-07-03T12:29:10.163+0000] {logging_mixin.py:151} INFO -    extracted information for about report sumbissions found...
[2024-07-03T12:29:54.218+0000] {logging_mixin.py:151} INFO - #>2024-07-03 12:29:54.218873_User@StatDep: email object ready to be sent:
[2024-07-03T12:29:54.598+0000] {logging_mixin.py:151} WARNING - send: 'ehlo [172.20.0.6]\r\n'
[2024-07-03T12:29:54.663+0000] {logging_mixin.py:151} WARNING - reply: b'250-smtp30.i.mail.ru\r\n'
[2024-07-03T12:29:54.665+0000] {logging_mixin.py:151} WARNING - reply: b'250-SIZE 73400320\r\n'
[2024-07-03T12:29:54.665+0000] {logging_mixin.py:151} WARNING - reply: b'250-8BITMIME\r\n'
[2024-07-03T12:29:54.666+0000] {logging_mixin.py:151} WARNING - reply: b'250-PIPELINING\r\n'
[2024-07-03T12:29:54.667+0000] {logging_mixin.py:151} WARNING - reply: b'250-DSN\r\n'
[2024-07-03T12:29:54.668+0000] {logging_mixin.py:151} WARNING - reply: b'250-SMTPUTF8\r\n'
[2024-07-03T12:29:54.668+0000] {logging_mixin.py:151} WARNING - reply: b'250 AUTH PLAIN LOGIN XOAUTH2\r\n'
[2024-07-03T12:29:54.669+0000] {logging_mixin.py:151} WARNING - reply: retcode (250); Msg: b'smtp30.i.mail.ru\nSIZE 73400320\n8BITMIME\nPIPELINING\nDSN\nSMTPUTF8\nAUTH PLAIN LOGIN XOAUTH2'
[2024-07-03T12:29:54.671+0000] {logging_mixin.py:151} WARNING - send: 'AUTH PLAIN AGtoYWxpbXpvZEBsaXN0LnJ1AEdSWFFSakMyYms0cVpIQjI2VXFk\r\n'
[2024-07-03T12:29:54.941+0000] {logging_mixin.py:151} WARNING - reply: b'235 Authentication succeeded\r\n'
[2024-07-03T12:29:54.942+0000] {logging_mixin.py:151} WARNING - reply: retcode (235); Msg: b'Authentication succeeded'
[2024-07-03T12:29:54.947+0000] {logging_mixin.py:151} WARNING - send: 'mail FROM:<khalimzod@list.ru> size=1362\r\n'
[2024-07-03T12:29:55.014+0000] {logging_mixin.py:151} WARNING - reply: b'250 OK\r\n'
[2024-07-03T12:29:55.015+0000] {logging_mixin.py:151} WARNING - reply: retcode (250); Msg: b'OK'
[2024-07-03T12:29:55.016+0000] {logging_mixin.py:151} WARNING - send: 'rcpt TO:<ihalimzod@nbt.tj>\r\n'
[2024-07-03T12:29:55.093+0000] {logging_mixin.py:151} WARNING - reply: b'250 Accepted\r\n'
[2024-07-03T12:29:55.095+0000] {logging_mixin.py:151} WARNING - reply: retcode (250); Msg: b'Accepted'
[2024-07-03T12:29:55.096+0000] {logging_mixin.py:151} WARNING - send: 'data\r\n'
[2024-07-03T12:29:55.162+0000] {logging_mixin.py:151} WARNING - reply: b'354 Enter message, ending with "." on a line by itself\r\n'
[2024-07-03T12:29:55.163+0000] {logging_mixin.py:151} WARNING - reply: retcode (354); Msg: b'Enter message, ending with "." on a line by itself'
[2024-07-03T12:29:55.163+0000] {logging_mixin.py:151} WARNING - data: (354, b'Enter message, ending with "." on a line by itself')
[2024-07-03T12:29:55.164+0000] {logging_mixin.py:151} WARNING - send: b'Content-Type: multipart/mixed; boundary="===============5998324998068430102=="\r\nMIME-Version: 1.0\r\nSubject: =?utf-8?b?b21vckBuYnQudGo6INGE0LDQudC7IEhLLnYwLjAwMDAuMzEwMTIwMjQueGxzeCDQt9Cw0LPRgNGD0LbQtdC90L3Ri9C1INCyMjAyNC0wNy0wMyAxNTozMzo1MiswMDowMCDQndCVINCf0KDQmNCd0K/Qog==?=\r\nFrom: khalimzod@list.ru\r\nTo: =?utf-8?b?0KXQsNC70LjQvNC30L7QtCDQmNGB0LzQvtC40Lsg0JDQsdC00YPRgNCw0YXQvNC+0L0gPGloYWxpbXpvZEBuYnQudGo+?=\r\n\r\n--===============5998324998068430102==\r\nContent-Type: text/plain; charset="utf-8"\r\nMIME-Version: 1.0\r\nContent-Transfer-Encoding: base64\r\n\r\n0JfQtNGA0LDQstGB0YLQstGD0LnRgtC1LCAKINCaINGB0L7QttCw0LvQtdC90LjRjiDRhNCw0LnQ\r\nuyDRgSDQuNC80LXQvdC10LwgSEsudjAuMDAwMC4zMTAxMjAyNC54bHN4LCDQt9Cw0LPRgNGD0LbQ\r\ntdC90L3Ri9C5INCyIDIwMjQtMDctMDMgMTU6MzM6NTIrMDA6MDAg0L3QtSDQsdGL0Lsg0L/RgNC4\r\n0L3Rj9GC0YHQuNGB0YLQtdC80L7QuSDQsNCy0YLQvtC80LDRgtC40YfQtdGB0LrQvtC5INC+0LHR\r\ngNCw0LHQvtGC0LrQuC4g0J/QvtC20LDQu9GD0LnRgdGC0LAsINC/0YDQvtCy0LXRgNGM0YLQtSDQ\r\nt9Cw0L/QvtC70L3QtdC90LjQtSDRhNCw0LnQu9CwLiAKINCU0L7Qv9C+0LvQvdC40YLQtdC70YzQ\r\nvdGL0LUg0YHQstC10LTQtdC90YzRjyDQv9C+INC+0LHQvdCw0YDRg9C20LXQvdC90YvQvCDQvtGI\r\n0LjQsdC60LDQvCDQv9GA0LjQu9C+0LbQtdC90L3RiyDQuiDQv9C40YHRjNC80YMuCiBDINGD0LLQ\r\nsNC20LXQvdC40LXQvCwgCiDQlNC10L/QsNGA0YLQsNC80LXQvdGCINGB0YLQsNGC0LjRgdGC0LjQ\r\nutC4INC4INC/0LvQsNGC0LXQttC90L7Qs9C+INCx0LDQu9Cw0L3RgdCwLiA=\r\n\r\n--===============5998324998068430102==--\r\n.\r\n'
[2024-07-03T12:29:55.293+0000] {logging_mixin.py:151} WARNING - reply: b'550 your mailer sends invalid headers\r\n'
[2024-07-03T12:29:55.294+0000] {logging_mixin.py:151} WARNING - reply: retcode (550); Msg: b'your mailer sends invalid headers'
[2024-07-03T12:29:55.295+0000] {logging_mixin.py:151} WARNING - data: (550, b'your mailer sends invalid headers')
[2024-07-03T12:29:55.296+0000] {logging_mixin.py:151} WARNING - send: 'rset\r\n'
[2024-07-03T12:29:55.363+0000] {logging_mixin.py:151} WARNING - reply: b'250 Reset OK\r\n'
[2024-07-03T12:29:55.364+0000] {logging_mixin.py:151} WARNING - reply: retcode (250); Msg: b'Reset OK'
[2024-07-03T12:29:55.364+0000] {logging_mixin.py:151} WARNING - send: 'QUIT\r\n'
[2024-07-03T12:29:55.632+0000] {logging_mixin.py:151} WARNING - reply: b'221 exim-smtp-84f7fbf7d8-m9hdw closing connection\r\n'
[2024-07-03T12:29:55.632+0000] {logging_mixin.py:151} WARNING - reply: retcode (221); Msg: b'exim-smtp-84f7fbf7d8-m9hdw closing connection'
[2024-07-03T12:29:55.633+0000] {taskinstance.py:1943} ERROR - Task failed with exception
Traceback (most recent call last):
  File "/home/airflow/.local/lib/python3.8/site-packages/airflow/operators/python.py", line 192, in execute
    return_value = self.execute_callable()
  File "/home/airflow/.local/lib/python3.8/site-packages/airflow/operators/python.py", line 209, in execute_callable
    return self.python_callable(*self.op_args, **self.op_kwargs)
  File "/opt/airflow/dags/dag_email_robot.py", line 37, in send_emails
    robot.send_validation_results()
  File "/opt/airflow/dags/emailRobot.py", line 276, in send_validation_results
    self.send_message (address=address, subject=topic \
  File "/opt/airflow/dags/emailRobot.py", line 321, in send_message
    smtp.sendmail(from_addr= self.login, to_addrs=address \
  File "/usr/local/lib/python3.8/smtplib.py", line 906, in sendmail
    raise SMTPDataError(code, resp)
smtplib.SMTPDataError: (550, b'your mailer sends invalid headers')
[2024-07-03T12:29:55.645+0000] {taskinstance.py:1400} INFO - Marking task as FAILED. dag_id=reports_workflow, task_id=id_task_send_emails, execution_date=20240702T201500, start_date=20240703T122909, end_date=20240703T122955
[2024-07-03T12:29:55.658+0000] {standard_task_runner.py:104} ERROR - Failed to execute job 1374 for task id_task_send_emails ((550, b'your mailer sends invalid headers'); 24887)
[2024-07-03T12:29:55.704+0000] {local_task_job_runner.py:228} INFO - Task exited with return code 1
[2024-07-03T12:29:55.718+0000] {taskinstance.py:2784} INFO - 0 downstream tasks scheduled from follow-on schedule check
