[2024-07-03T14:44:24.494+0000] {taskinstance.py:1159} INFO - Dependencies all met for dep_context=non-requeueable deps ti=<TaskInstance: reports_workflow.id_task_get_emails scheduled__2024-07-01T10:00:00+00:00 [queued]>
[2024-07-03T14:44:24.514+0000] {taskinstance.py:1159} INFO - Dependencies all met for dep_context=requeueable deps ti=<TaskInstance: reports_workflow.id_task_get_emails scheduled__2024-07-01T10:00:00+00:00 [queued]>
[2024-07-03T14:44:24.514+0000] {taskinstance.py:1361} INFO - Starting attempt 1 of 2
[2024-07-03T14:44:24.534+0000] {taskinstance.py:1382} INFO - Executing <Task(PythonOperator): id_task_get_emails> on 2024-07-01 10:00:00+00:00
[2024-07-03T14:44:24.540+0000] {standard_task_runner.py:57} INFO - Started process 28046 to run task
[2024-07-03T14:44:24.552+0000] {standard_task_runner.py:84} INFO - Running: ['***', 'tasks', 'run', 'reports_workflow', 'id_task_get_emails', 'scheduled__2024-07-01T10:00:00+00:00', '--job-id', '1926', '--raw', '--subdir', 'DAGS_FOLDER/dag_email_robot.py', '--cfg-path', '/tmp/tmpcg3as3p8']
[2024-07-03T14:44:24.553+0000] {standard_task_runner.py:85} INFO - Job 1926: Subtask id_task_get_emails
[2024-07-03T14:44:24.647+0000] {task_command.py:415} INFO - Running <TaskInstance: reports_workflow.id_task_get_emails scheduled__2024-07-01T10:00:00+00:00 [running]> on host 6f4ef5488251
[2024-07-03T14:44:24.775+0000] {taskinstance.py:1660} INFO - Exporting env vars: AIRFLOW_CTX_DAG_OWNER='FIRDAVS' AIRFLOW_CTX_DAG_ID='reports_workflow' AIRFLOW_CTX_TASK_ID='id_task_get_emails' AIRFLOW_CTX_EXECUTION_DATE='2024-07-01T10:00:00+00:00' AIRFLOW_CTX_TRY_NUMBER='1' AIRFLOW_CTX_DAG_RUN_ID='scheduled__2024-07-01T10:00:00+00:00'
[2024-07-03T14:44:24.776+0000] {logging_mixin.py:151} INFO - path of config file:  /opt/***
[2024-07-03T14:44:24.777+0000] {logging_mixin.py:151} INFO - #>2024-07-03 14:44:24.777087_User@StatDep: EmailRobot in screated.
[2024-07-03T14:44:24.777+0000] {logging_mixin.py:151} INFO - #>2024-07-03 14:44:24.777271_User@StatDep: get_for_recent_emails is started...
[2024-07-03T14:44:24.777+0000] {logging_mixin.py:151} INFO - #>2024-07-03 14:44:24.777468_User@StatDep: pop3_fetch_emails isstarted...
[2024-07-03T14:44:25.296+0000] {logging_mixin.py:151} INFO -    b'+OK'
[2024-07-03T14:44:25.567+0000] {logging_mixin.py:151} INFO -    mailbox have 0 emails and the robot can process 10
[2024-07-03T14:44:25.567+0000] {logging_mixin.py:151} INFO - #>2024-07-03 14:44:25.567337_User@StatDep: no emails to process, exiting pop3_fetch_emails()...
[2024-07-03T14:44:25.569+0000] {python.py:194} INFO - Done. Returned value was: True
[2024-07-03T14:44:25.615+0000] {taskinstance.py:1400} INFO - Marking task as SUCCESS. dag_id=reports_workflow, task_id=id_task_get_emails, execution_date=20240701T100000, start_date=20240703T144424, end_date=20240703T144425
[2024-07-03T14:44:25.658+0000] {local_task_job_runner.py:228} INFO - Task exited with return code 0
[2024-07-03T14:44:25.692+0000] {taskinstance.py:2784} INFO - 1 downstream tasks scheduled from follow-on schedule check
[2024-07-03T14:46:12.752+0000] {taskinstance.py:1159} INFO - Dependencies all met for dep_context=non-requeueable deps ti=<TaskInstance: reports_workflow.id_task_get_emails scheduled__2024-07-01T10:00:00+00:00 [queued]>
[2024-07-03T14:46:12.803+0000] {taskinstance.py:1159} INFO - Dependencies all met for dep_context=requeueable deps ti=<TaskInstance: reports_workflow.id_task_get_emails scheduled__2024-07-01T10:00:00+00:00 [queued]>
[2024-07-03T14:46:12.803+0000] {taskinstance.py:1361} INFO - Starting attempt 1 of 2
[2024-07-03T14:46:12.910+0000] {taskinstance.py:1382} INFO - Executing <Task(PythonOperator): id_task_get_emails> on 2024-07-01 10:00:00+00:00
[2024-07-03T14:46:12.915+0000] {standard_task_runner.py:57} INFO - Started process 28162 to run task
[2024-07-03T14:46:12.951+0000] {standard_task_runner.py:84} INFO - Running: ['***', 'tasks', 'run', 'reports_workflow', 'id_task_get_emails', 'scheduled__2024-07-01T10:00:00+00:00', '--job-id', '1967', '--raw', '--subdir', 'DAGS_FOLDER/dag_email_robot.py', '--cfg-path', '/tmp/tmprx2elpw0']
[2024-07-03T14:46:12.952+0000] {standard_task_runner.py:85} INFO - Job 1967: Subtask id_task_get_emails
[2024-07-03T14:46:13.151+0000] {task_command.py:415} INFO - Running <TaskInstance: reports_workflow.id_task_get_emails scheduled__2024-07-01T10:00:00+00:00 [running]> on host 6f4ef5488251
[2024-07-03T14:46:13.433+0000] {taskinstance.py:1660} INFO - Exporting env vars: AIRFLOW_CTX_DAG_OWNER='FIRDAVS' AIRFLOW_CTX_DAG_ID='reports_workflow' AIRFLOW_CTX_TASK_ID='id_task_get_emails' AIRFLOW_CTX_EXECUTION_DATE='2024-07-01T10:00:00+00:00' AIRFLOW_CTX_TRY_NUMBER='1' AIRFLOW_CTX_DAG_RUN_ID='scheduled__2024-07-01T10:00:00+00:00'
[2024-07-03T14:46:13.434+0000] {logging_mixin.py:151} INFO - path of config file:  /opt/***
[2024-07-03T14:46:13.434+0000] {logging_mixin.py:151} INFO - #>2024-07-03 14:46:13.434896_User@StatDep: EmailRobot in screated.
[2024-07-03T14:46:13.435+0000] {logging_mixin.py:151} INFO - #>2024-07-03 14:46:13.435087_User@StatDep: get_for_recent_emails is started...
[2024-07-03T14:46:13.435+0000] {logging_mixin.py:151} INFO - #>2024-07-03 14:46:13.435226_User@StatDep: pop3_fetch_emails isstarted...
[2024-07-03T14:46:13.822+0000] {logging_mixin.py:151} INFO -    b'+OK'
[2024-07-03T14:46:14.187+0000] {logging_mixin.py:151} INFO -    mailbox have 0 emails and the robot can process 10
[2024-07-03T14:46:14.187+0000] {logging_mixin.py:151} INFO - #>2024-07-03 14:46:14.187633_User@StatDep: no emails to process, exiting pop3_fetch_emails()...
[2024-07-03T14:46:14.188+0000] {python.py:194} INFO - Done. Returned value was: True
[2024-07-03T14:46:14.226+0000] {taskinstance.py:1400} INFO - Marking task as SUCCESS. dag_id=reports_workflow, task_id=id_task_get_emails, execution_date=20240701T100000, start_date=20240703T144612, end_date=20240703T144614
[2024-07-03T14:46:14.264+0000] {local_task_job_runner.py:228} INFO - Task exited with return code 0
[2024-07-03T14:46:14.298+0000] {taskinstance.py:2784} INFO - 1 downstream tasks scheduled from follow-on schedule check
