[2024-07-03T09:59:10.634+0000] {taskinstance.py:1159} INFO - Dependencies all met for dep_context=non-requeueable deps ti=<TaskInstance: reports_workflow.id_task_get_emails scheduled__2024-07-03T01:45:00+00:00 [queued]>
[2024-07-03T09:59:10.644+0000] {taskinstance.py:1159} INFO - Dependencies all met for dep_context=requeueable deps ti=<TaskInstance: reports_workflow.id_task_get_emails scheduled__2024-07-03T01:45:00+00:00 [queued]>
[2024-07-03T09:59:10.645+0000] {taskinstance.py:1361} INFO - Starting attempt 1 of 1
[2024-07-03T09:59:10.674+0000] {taskinstance.py:1382} INFO - Executing <Task(PythonOperator): id_task_get_emails> on 2024-07-03 01:45:00+00:00
[2024-07-03T09:59:10.679+0000] {standard_task_runner.py:57} INFO - Started process 20976 to run task
[2024-07-03T09:59:10.684+0000] {standard_task_runner.py:84} INFO - Running: ['***', 'tasks', 'run', 'reports_workflow', 'id_task_get_emails', 'scheduled__2024-07-03T01:45:00+00:00', '--job-id', '556', '--raw', '--subdir', 'DAGS_FOLDER/dag_email_robot.py', '--cfg-path', '/tmp/tmp5gzqxu09']
[2024-07-03T09:59:10.685+0000] {standard_task_runner.py:85} INFO - Job 556: Subtask id_task_get_emails
[2024-07-03T09:59:10.750+0000] {task_command.py:415} INFO - Running <TaskInstance: reports_workflow.id_task_get_emails scheduled__2024-07-03T01:45:00+00:00 [running]> on host 6f4ef5488251
[2024-07-03T09:59:10.856+0000] {taskinstance.py:1660} INFO - Exporting env vars: AIRFLOW_CTX_DAG_OWNER='FIRDAVS' AIRFLOW_CTX_DAG_ID='reports_workflow' AIRFLOW_CTX_TASK_ID='id_task_get_emails' AIRFLOW_CTX_EXECUTION_DATE='2024-07-03T01:45:00+00:00' AIRFLOW_CTX_TRY_NUMBER='1' AIRFLOW_CTX_DAG_RUN_ID='scheduled__2024-07-03T01:45:00+00:00'
[2024-07-03T09:59:10.857+0000] {logging_mixin.py:151} INFO - path of config file:  /opt/***
[2024-07-03T09:59:10.857+0000] {logging_mixin.py:151} INFO - #>2024-07-03 09:59:10.857703_User@StatDep: EmailRobot in screated.
[2024-07-03T09:59:10.857+0000] {logging_mixin.py:151} INFO - #>2024-07-03 09:59:10.857862_User@StatDep: get_for_recent_emails is started...
[2024-07-03T09:59:10.858+0000] {logging_mixin.py:151} INFO - #>2024-07-03 09:59:10.857976_User@StatDep: pop3_fetch_emails isstarted...
[2024-07-03T09:59:11.285+0000] {logging_mixin.py:151} INFO -    b'+OK'
[2024-07-03T09:59:11.613+0000] {logging_mixin.py:151} INFO -    mailbox have 0 emails and the robot can process 10
[2024-07-03T09:59:11.614+0000] {logging_mixin.py:151} INFO - #>2024-07-03 09:59:11.614191_User@StatDep: no emails to process, exiting pop3_fetch_emails()...
[2024-07-03T09:59:11.615+0000] {python.py:194} INFO - Done. Returned value was: True
[2024-07-03T09:59:11.657+0000] {taskinstance.py:1400} INFO - Marking task as SUCCESS. dag_id=reports_workflow, task_id=id_task_get_emails, execution_date=20240703T014500, start_date=20240703T095910, end_date=20240703T095911
[2024-07-03T09:59:11.710+0000] {local_task_job_runner.py:228} INFO - Task exited with return code 0
[2024-07-03T09:59:11.735+0000] {taskinstance.py:2784} INFO - 0 downstream tasks scheduled from follow-on schedule check
[2024-07-03T13:39:31.468+0000] {taskinstance.py:1159} INFO - Dependencies all met for dep_context=non-requeueable deps ti=<TaskInstance: reports_workflow.id_task_get_emails scheduled__2024-07-03T01:45:00+00:00 [queued]>
[2024-07-03T13:39:31.480+0000] {taskinstance.py:1159} INFO - Dependencies all met for dep_context=requeueable deps ti=<TaskInstance: reports_workflow.id_task_get_emails scheduled__2024-07-03T01:45:00+00:00 [queued]>
[2024-07-03T13:39:31.481+0000] {taskinstance.py:1361} INFO - Starting attempt 1 of 1
[2024-07-03T13:39:31.497+0000] {taskinstance.py:1382} INFO - Executing <Task(PythonOperator): id_task_get_emails> on 2024-07-03 01:45:00+00:00
[2024-07-03T13:39:31.501+0000] {standard_task_runner.py:57} INFO - Started process 26210 to run task
[2024-07-03T13:39:31.513+0000] {standard_task_runner.py:84} INFO - Running: ['***', 'tasks', 'run', 'reports_workflow', 'id_task_get_emails', 'scheduled__2024-07-03T01:45:00+00:00', '--job-id', '1501', '--raw', '--subdir', 'DAGS_FOLDER/dag_email_robot.py', '--cfg-path', '/tmp/tmpx6tx7ely']
[2024-07-03T13:39:31.515+0000] {standard_task_runner.py:85} INFO - Job 1501: Subtask id_task_get_emails
[2024-07-03T13:39:31.626+0000] {task_command.py:415} INFO - Running <TaskInstance: reports_workflow.id_task_get_emails scheduled__2024-07-03T01:45:00+00:00 [running]> on host 6f4ef5488251
[2024-07-03T13:39:31.736+0000] {taskinstance.py:1660} INFO - Exporting env vars: AIRFLOW_CTX_DAG_OWNER='FIRDAVS' AIRFLOW_CTX_DAG_ID='reports_workflow' AIRFLOW_CTX_TASK_ID='id_task_get_emails' AIRFLOW_CTX_EXECUTION_DATE='2024-07-03T01:45:00+00:00' AIRFLOW_CTX_TRY_NUMBER='1' AIRFLOW_CTX_DAG_RUN_ID='scheduled__2024-07-03T01:45:00+00:00'
[2024-07-03T13:39:31.738+0000] {logging_mixin.py:151} INFO - path of config file:  /opt/***
[2024-07-03T13:39:31.739+0000] {logging_mixin.py:151} INFO - #>2024-07-03 13:39:31.739423_User@StatDep: EmailRobot in screated.
[2024-07-03T13:39:31.739+0000] {logging_mixin.py:151} INFO - #>2024-07-03 13:39:31.739616_User@StatDep: get_for_recent_emails is started...
[2024-07-03T13:39:31.739+0000] {logging_mixin.py:151} INFO - #>2024-07-03 13:39:31.739748_User@StatDep: pop3_fetch_emails isstarted...
[2024-07-03T13:39:32.128+0000] {logging_mixin.py:151} INFO -    b'+OK'
[2024-07-03T13:39:32.459+0000] {logging_mixin.py:151} INFO -    mailbox have 0 emails and the robot can process 10
[2024-07-03T13:39:32.459+0000] {logging_mixin.py:151} INFO - #>2024-07-03 13:39:32.459769_User@StatDep: no emails to process, exiting pop3_fetch_emails()...
[2024-07-03T13:39:32.460+0000] {python.py:194} INFO - Done. Returned value was: True
[2024-07-03T13:39:32.489+0000] {taskinstance.py:1400} INFO - Marking task as SUCCESS. dag_id=reports_workflow, task_id=id_task_get_emails, execution_date=20240703T014500, start_date=20240703T133931, end_date=20240703T133932
[2024-07-03T13:39:32.534+0000] {local_task_job_runner.py:228} INFO - Task exited with return code 0
[2024-07-03T13:39:32.568+0000] {taskinstance.py:2784} INFO - 1 downstream tasks scheduled from follow-on schedule check
