[2024-07-03T13:38:51.516+0000] {taskinstance.py:1159} INFO - Dependencies all met for dep_context=non-requeueable deps ti=<TaskInstance: reports_workflow.id_task_send_emails manual__2024-07-03T13:38:46.033731+00:00 [queued]>
[2024-07-03T13:38:51.525+0000] {taskinstance.py:1159} INFO - Dependencies all met for dep_context=requeueable deps ti=<TaskInstance: reports_workflow.id_task_send_emails manual__2024-07-03T13:38:46.033731+00:00 [queued]>
[2024-07-03T13:38:51.525+0000] {taskinstance.py:1361} INFO - Starting attempt 1 of 1
[2024-07-03T13:38:51.548+0000] {taskinstance.py:1382} INFO - Executing <Task(PythonOperator): id_task_send_emails> on 2024-07-03 13:38:46.033731+00:00
[2024-07-03T13:38:51.552+0000] {standard_task_runner.py:57} INFO - Started process 26066 to run task
[2024-07-03T13:38:51.560+0000] {standard_task_runner.py:84} INFO - Running: ['***', 'tasks', 'run', 'reports_workflow', 'id_task_send_emails', 'manual__2024-07-03T13:38:46.033731+00:00', '--job-id', '1433', '--raw', '--subdir', 'DAGS_FOLDER/dag_email_robot.py', '--cfg-path', '/tmp/tmp6oua0vio']
[2024-07-03T13:38:51.561+0000] {standard_task_runner.py:85} INFO - Job 1433: Subtask id_task_send_emails
[2024-07-03T13:38:51.672+0000] {task_command.py:415} INFO - Running <TaskInstance: reports_workflow.id_task_send_emails manual__2024-07-03T13:38:46.033731+00:00 [running]> on host 6f4ef5488251
[2024-07-03T13:38:51.802+0000] {taskinstance.py:1660} INFO - Exporting env vars: AIRFLOW_CTX_DAG_OWNER='FIRDAVS' AIRFLOW_CTX_DAG_ID='reports_workflow' AIRFLOW_CTX_TASK_ID='id_task_send_emails' AIRFLOW_CTX_EXECUTION_DATE='2024-07-03T13:38:46.033731+00:00' AIRFLOW_CTX_TRY_NUMBER='1' AIRFLOW_CTX_DAG_RUN_ID='manual__2024-07-03T13:38:46.033731+00:00'
[2024-07-03T13:38:51.803+0000] {logging_mixin.py:151} INFO - path of config file:  /opt/***
[2024-07-03T13:38:51.803+0000] {logging_mixin.py:151} INFO - #>2024-07-03 13:38:51.803667_User@StatDep: EmailRobot in screated.
[2024-07-03T13:38:51.803+0000] {logging_mixin.py:151} INFO - #>2024-07-03 13:38:51.803859_User@StatDep: send_validation_results is started...
[2024-07-03T13:38:51.816+0000] {logging_mixin.py:151} INFO -    #>2024-07-03 13:38:51.816055_conneciton to db is set.
[2024-07-03T13:38:51.817+0000] {logging_mixin.py:151} INFO -    #>2024-07-03 13:38:51.817915_cursor execution is successful.
[2024-07-03T13:38:51.818+0000] {logging_mixin.py:151} INFO -    extracted information for about report sumbissions found...
[2024-07-03T13:39:00.376+0000] {logging_mixin.py:151} INFO - #>2024-07-03 13:39:00.376193_User@StatDep: email object ready to be sent:
[2024-07-03T13:39:00.765+0000] {logging_mixin.py:151} WARNING - send: 'ehlo [172.20.0.6]\r\n'
[2024-07-03T13:39:00.831+0000] {logging_mixin.py:151} WARNING - reply: b'250-smtp61.i.mail.ru\r\n'
[2024-07-03T13:39:00.831+0000] {logging_mixin.py:151} WARNING - reply: b'250-SIZE 73400320\r\n'
[2024-07-03T13:39:00.831+0000] {logging_mixin.py:151} WARNING - reply: b'250-8BITMIME\r\n'
[2024-07-03T13:39:00.831+0000] {logging_mixin.py:151} WARNING - reply: b'250-PIPELINING\r\n'
[2024-07-03T13:39:00.832+0000] {logging_mixin.py:151} WARNING - reply: b'250-DSN\r\n'
[2024-07-03T13:39:00.832+0000] {logging_mixin.py:151} WARNING - reply: b'250-SMTPUTF8\r\n'
[2024-07-03T13:39:00.832+0000] {logging_mixin.py:151} WARNING - reply: b'250 AUTH PLAIN LOGIN XOAUTH2\r\n'
[2024-07-03T13:39:00.832+0000] {logging_mixin.py:151} WARNING - reply: retcode (250); Msg: b'smtp61.i.mail.ru\nSIZE 73400320\n8BITMIME\nPIPELINING\nDSN\nSMTPUTF8\nAUTH PLAIN LOGIN XOAUTH2'
[2024-07-03T13:39:00.833+0000] {logging_mixin.py:151} WARNING - send: 'AUTH PLAIN AGtoYWxpbXpvZEBsaXN0LnJ1AEdSWFFSakMyYms0cVpIQjI2VXFk\r\n'
[2024-07-03T13:39:00.987+0000] {logging_mixin.py:151} WARNING - reply: b'235 Authentication succeeded\r\n'
[2024-07-03T13:39:00.988+0000] {logging_mixin.py:151} WARNING - reply: retcode (235); Msg: b'Authentication succeeded'
[2024-07-03T13:39:00.992+0000] {logging_mixin.py:151} WARNING - send: 'mail FROM:<khalimzod@list.ru> size=1305\r\n'
[2024-07-03T13:39:01.058+0000] {logging_mixin.py:151} WARNING - reply: b'250 OK\r\n'
[2024-07-03T13:39:01.059+0000] {logging_mixin.py:151} WARNING - reply: retcode (250); Msg: b'OK'
[2024-07-03T13:39:01.059+0000] {logging_mixin.py:151} WARNING - send: 'rcpt TO:<firdavskhushkadamov@gmail.com>\r\n'
[2024-07-03T13:39:01.285+0000] {logging_mixin.py:151} WARNING - reply: b'250 Accepted\r\n'
[2024-07-03T13:39:01.285+0000] {logging_mixin.py:151} WARNING - reply: retcode (250); Msg: b'Accepted'
[2024-07-03T13:39:01.285+0000] {logging_mixin.py:151} WARNING - send: 'data\r\n'
[2024-07-03T13:39:01.350+0000] {logging_mixin.py:151} WARNING - reply: b'354 Enter message, ending with "." on a line by itself\r\n'
[2024-07-03T13:39:01.350+0000] {logging_mixin.py:151} WARNING - reply: retcode (354); Msg: b'Enter message, ending with "." on a line by itself'
[2024-07-03T13:39:01.351+0000] {logging_mixin.py:151} WARNING - data: (354, b'Enter message, ending with "." on a line by itself')
[2024-07-03T13:39:01.351+0000] {logging_mixin.py:151} WARNING - send: b'Content-Type: multipart/mixed; boundary="===============3481256061596662476=="\r\nMIME-Version: 1.0\r\nSubject: =?utf-8?b?b21vckBuYnQudGo6INGE0LDQudC7ICLQodCw0LvQsNC80LDQu9C10LrRg9C80psueGxzeCIg0LfQsNCz0YDRg9C20LXQvdC90YvQtSDQsiAyMDI0LTA3LTAzIDE4OjM1OjQxKzAwOjAwINCd0JUg0J/QoNCY0J3Qr9Ci?=\r\nFrom: khalimzod@list.ru\r\nTo: <firdavskhushkadamov@gmail.com>\r\n\r\n--===============3481256061596662476==\r\nContent-Type: text/plain; charset="utf-8"\r\nMIME-Version: 1.0\r\nContent-Transfer-Encoding: base64\r\n\r\n0JfQtNGA0LDQstGB0YLQstGD0LnRgtC1LCAKINCaINGB0L7QttCw0LvQtdC90LjRjiDRhNCw0LnQ\r\nuyDRgSDQuNC80LXQvdC10Lwg0KHQsNC70LDQvNCw0LvQtdC60YPQvNKbLnhsc3gsINC30LDQs9GA\r\n0YPQttC10L3QvdGL0Lkg0LIgMjAyNC0wNy0wMyAxODozNTo0MSswMDowMCDQvdC1INCx0YvQuyDQ\r\nv9GA0LjQvdGP0YIg0YHQuNGB0YLQtdC80L7QuSDQsNCy0YLQvtC80LDRgtC40YfQtdGB0LrQvtC5\r\nINC+0LHRgNCw0LHQvtGC0LrQuC4g0J/QvtC20LDQu9GD0LnRgdGC0LAsINC/0YDQvtCy0LXRgNGM\r\n0YLQtSDQt9Cw0L/QvtC70L3QtdC90LjQtSDRhNCw0LnQu9CwLiAKINCU0L7Qv9C+0LvQvdC40YLQ\r\ntdC70YzQvdGL0LUg0YHQstC10LTQtdC90YzRjyDQv9C+INC+0LHQvdCw0YDRg9C20LXQvdC90YvQ\r\nvCDQvtGI0LjQsdC60LDQvCDQv9GA0LjQu9C+0LbQtdC90L3RiyDQuiDQv9C40YHRjNC80YMuCiBD\r\nINGD0LLQsNC20LXQvdC40LXQvCwgCiDQlNC10L/QsNGA0YLQsNC80LXQvdGCINGB0YLQsNGC0LjR\r\ngdGC0LjQutC4INC4INC/0LvQsNGC0LXQttC90L7Qs9C+INCx0LDQu9Cw0L3RgdCwIA==\r\n\r\n--===============3481256061596662476==--\r\n.\r\n'
[2024-07-03T13:39:03.100+0000] {logging_mixin.py:151} WARNING - reply: b'250 OK id=1sP0CL-0000000Cb33-1LC3\r\n'
[2024-07-03T13:39:03.100+0000] {logging_mixin.py:151} WARNING - reply: retcode (250); Msg: b'OK id=1sP0CL-0000000Cb33-1LC3'
[2024-07-03T13:39:03.100+0000] {logging_mixin.py:151} WARNING - data: (250, b'OK id=1sP0CL-0000000Cb33-1LC3')
[2024-07-03T13:39:03.100+0000] {logging_mixin.py:151} INFO - #>2024-07-03 13:39:03.100875_User@StatDep: email successfuly sent
[2024-07-03T13:39:03.101+0000] {logging_mixin.py:151} WARNING - send: 'QUIT\r\n'
[2024-07-03T13:39:03.367+0000] {logging_mixin.py:151} WARNING - reply: b'221 smtp61.i.mail.ru closing connection\r\n'
[2024-07-03T13:39:03.368+0000] {logging_mixin.py:151} WARNING - reply: retcode (221); Msg: b'smtp61.i.mail.ru closing connection'
[2024-07-03T13:39:03.369+0000] {logging_mixin.py:151} INFO - #>2024-07-03 13:39:03.369792_User@StatDep: email object ready to be sent:
[2024-07-03T13:39:03.733+0000] {logging_mixin.py:151} WARNING - send: 'ehlo [172.20.0.6]\r\n'
[2024-07-03T13:39:03.797+0000] {logging_mixin.py:151} WARNING - reply: b'250-smtp33.i.mail.ru\r\n'
[2024-07-03T13:39:03.797+0000] {logging_mixin.py:151} WARNING - reply: b'250-SIZE 73400320\r\n'
[2024-07-03T13:39:03.797+0000] {logging_mixin.py:151} WARNING - reply: b'250-8BITMIME\r\n'
[2024-07-03T13:39:03.798+0000] {logging_mixin.py:151} WARNING - reply: b'250-PIPELINING\r\n'
[2024-07-03T13:39:03.798+0000] {logging_mixin.py:151} WARNING - reply: b'250-DSN\r\n'
[2024-07-03T13:39:03.798+0000] {logging_mixin.py:151} WARNING - reply: b'250-SMTPUTF8\r\n'
[2024-07-03T13:39:03.798+0000] {logging_mixin.py:151} WARNING - reply: b'250 AUTH PLAIN LOGIN XOAUTH2\r\n'
[2024-07-03T13:39:03.799+0000] {logging_mixin.py:151} WARNING - reply: retcode (250); Msg: b'smtp33.i.mail.ru\nSIZE 73400320\n8BITMIME\nPIPELINING\nDSN\nSMTPUTF8\nAUTH PLAIN LOGIN XOAUTH2'
[2024-07-03T13:39:03.799+0000] {logging_mixin.py:151} WARNING - send: 'AUTH PLAIN AGtoYWxpbXpvZEBsaXN0LnJ1AEdSWFFSakMyYms0cVpIQjI2VXFk\r\n'
[2024-07-03T13:39:03.993+0000] {logging_mixin.py:151} WARNING - reply: b'235 Authentication succeeded\r\n'
[2024-07-03T13:39:03.994+0000] {logging_mixin.py:151} WARNING - reply: retcode (235); Msg: b'Authentication succeeded'
[2024-07-03T13:39:03.997+0000] {logging_mixin.py:151} WARNING - send: 'mail FROM:<khalimzod@list.ru> size=1309\r\n'
[2024-07-03T13:39:04.061+0000] {logging_mixin.py:151} WARNING - reply: b'250 OK\r\n'
[2024-07-03T13:39:04.062+0000] {logging_mixin.py:151} WARNING - reply: retcode (250); Msg: b'OK'
[2024-07-03T13:39:04.062+0000] {logging_mixin.py:151} WARNING - send: 'rcpt TO:<firdavskhushkadamov@gmail.com>\r\n'
[2024-07-03T13:39:04.147+0000] {logging_mixin.py:151} WARNING - reply: b'250 Accepted\r\n'
[2024-07-03T13:39:04.147+0000] {logging_mixin.py:151} WARNING - reply: retcode (250); Msg: b'Accepted'
[2024-07-03T13:39:04.148+0000] {logging_mixin.py:151} WARNING - send: 'data\r\n'
[2024-07-03T13:39:04.210+0000] {logging_mixin.py:151} WARNING - reply: b'354 Enter message, ending with "." on a line by itself\r\n'
[2024-07-03T13:39:04.210+0000] {logging_mixin.py:151} WARNING - reply: retcode (354); Msg: b'Enter message, ending with "." on a line by itself'
[2024-07-03T13:39:04.210+0000] {logging_mixin.py:151} WARNING - data: (354, b'Enter message, ending with "." on a line by itself')
[2024-07-03T13:39:04.211+0000] {logging_mixin.py:151} WARNING - send: b'Content-Type: multipart/mixed; boundary="===============8506142712127827085=="\r\nMIME-Version: 1.0\r\nSubject: =?utf-8?b?b21vckBuYnQudGo6INGE0LDQudC7ICJISy52MC41NzA3LjMxMTIyMDI0IC0gQ29weS54bHN4IiDQt9Cw0LPRgNGD0LbQtdC90L3Ri9C1INCyIDIwMjQtMDctMDMgMTg6MzU6NDErMDA6MDAg0J3QlSDQn9Cg0JjQndCv0KI=?=\r\nFrom: khalimzod@list.ru\r\nTo: <firdavskhushkadamov@gmail.com>\r\n\r\n--===============8506142712127827085==\r\nContent-Type: text/plain; charset="utf-8"\r\nMIME-Version: 1.0\r\nContent-Transfer-Encoding: base64\r\n\r\n0JfQtNGA0LDQstGB0YLQstGD0LnRgtC1LCAKINCaINGB0L7QttCw0LvQtdC90LjRjiDRhNCw0LnQ\r\nuyDRgSDQuNC80LXQvdC10LwgSEsudjAuNTcwNy4zMTEyMjAyNCAtIENvcHkueGxzeCwg0LfQsNCz\r\n0YDRg9C20LXQvdC90YvQuSDQsiAyMDI0LTA3LTAzIDE4OjM1OjQxKzAwOjAwINC90LUg0LHRi9C7\r\nINC/0YDQuNC90Y/RgiDRgdC40YHRgtC10LzQvtC5INCw0LLRgtC+0LzQsNGC0LjRh9C10YHQutC+\r\n0Lkg0L7QsdGA0LDQsdC+0YLQutC4LiDQn9C+0LbQsNC70YPQudGB0YLQsCwg0L/RgNC+0LLQtdGA\r\n0YzRgtC1INC30LDQv9C+0LvQvdC10L3QuNC1INGE0LDQudC70LAuIAog0JTQvtC/0L7Qu9C90LjR\r\ngtC10LvRjNC90YvQtSDRgdCy0LXQtNC10L3RjNGPINC/0L4g0L7QsdC90LDRgNGD0LbQtdC90L3R\r\ni9C8INC+0YjQuNCx0LrQsNC8INC/0YDQuNC70L7QttC10L3QvdGLINC6INC/0LjRgdGM0LzRgy4K\r\nIEMg0YPQstCw0LbQtdC90LjQtdC8LCAKINCU0LXQv9Cw0YDRgtCw0LzQtdC90YIg0YHRgtCw0YLQ\r\nuNGB0YLQuNC60Lgg0Lgg0L/Qu9Cw0YLQtdC20L3QvtCz0L4g0LHQsNC70LDQvdGB0LAg\r\n\r\n--===============8506142712127827085==--\r\n.\r\n'
[2024-07-03T13:39:04.903+0000] {logging_mixin.py:151} WARNING - reply: b'250 OK id=1sP0CO-000000005no-0kKb\r\n'
[2024-07-03T13:39:04.904+0000] {logging_mixin.py:151} WARNING - reply: retcode (250); Msg: b'OK id=1sP0CO-000000005no-0kKb'
[2024-07-03T13:39:04.904+0000] {logging_mixin.py:151} WARNING - data: (250, b'OK id=1sP0CO-000000005no-0kKb')
[2024-07-03T13:39:04.905+0000] {logging_mixin.py:151} INFO - #>2024-07-03 13:39:04.905218_User@StatDep: email successfuly sent
[2024-07-03T13:39:04.905+0000] {logging_mixin.py:151} WARNING - send: 'QUIT\r\n'
[2024-07-03T13:39:05.167+0000] {logging_mixin.py:151} WARNING - reply: b'221 exim-smtp-84f7fbf7d8-f7t6t closing connection\r\n'
[2024-07-03T13:39:05.168+0000] {logging_mixin.py:151} WARNING - reply: retcode (221); Msg: b'exim-smtp-84f7fbf7d8-f7t6t closing connection'
[2024-07-03T13:39:05.169+0000] {logging_mixin.py:151} INFO - #>2024-07-03 13:39:05.169457_User@StatDep: email object ready to be sent:
[2024-07-03T13:39:05.528+0000] {logging_mixin.py:151} WARNING - send: 'ehlo [172.20.0.6]\r\n'
[2024-07-03T13:39:05.587+0000] {logging_mixin.py:151} WARNING - reply: b'250-smtp58.i.mail.ru\r\n'
[2024-07-03T13:39:05.588+0000] {logging_mixin.py:151} WARNING - reply: b'250-SIZE 73400320\r\n'
[2024-07-03T13:39:05.588+0000] {logging_mixin.py:151} WARNING - reply: b'250-8BITMIME\r\n'
[2024-07-03T13:39:05.588+0000] {logging_mixin.py:151} WARNING - reply: b'250-PIPELINING\r\n'
[2024-07-03T13:39:05.588+0000] {logging_mixin.py:151} WARNING - reply: b'250-DSN\r\n'
[2024-07-03T13:39:05.588+0000] {logging_mixin.py:151} WARNING - reply: b'250-SMTPUTF8\r\n'
[2024-07-03T13:39:05.589+0000] {logging_mixin.py:151} WARNING - reply: b'250 AUTH PLAIN LOGIN XOAUTH2\r\n'
[2024-07-03T13:39:05.589+0000] {logging_mixin.py:151} WARNING - reply: retcode (250); Msg: b'smtp58.i.mail.ru\nSIZE 73400320\n8BITMIME\nPIPELINING\nDSN\nSMTPUTF8\nAUTH PLAIN LOGIN XOAUTH2'
[2024-07-03T13:39:05.589+0000] {logging_mixin.py:151} WARNING - send: 'AUTH PLAIN AGtoYWxpbXpvZEBsaXN0LnJ1AEdSWFFSakMyYms0cVpIQjI2VXFk\r\n'
[2024-07-03T13:39:05.880+0000] {logging_mixin.py:151} WARNING - reply: b'235 Authentication succeeded\r\n'
[2024-07-03T13:39:05.880+0000] {logging_mixin.py:151} WARNING - reply: retcode (235); Msg: b'Authentication succeeded'
[2024-07-03T13:39:05.882+0000] {logging_mixin.py:151} WARNING - send: 'mail FROM:<khalimzod@list.ru> size=1305\r\n'
[2024-07-03T13:39:05.943+0000] {logging_mixin.py:151} WARNING - reply: b'250 OK\r\n'
[2024-07-03T13:39:05.944+0000] {logging_mixin.py:151} WARNING - reply: retcode (250); Msg: b'OK'
[2024-07-03T13:39:05.944+0000] {logging_mixin.py:151} WARNING - send: 'rcpt TO:<firdavskhushkadamov@gmail.com>\r\n'
[2024-07-03T13:39:06.015+0000] {logging_mixin.py:151} WARNING - reply: b'250 Accepted\r\n'
[2024-07-03T13:39:06.016+0000] {logging_mixin.py:151} WARNING - reply: retcode (250); Msg: b'Accepted'
[2024-07-03T13:39:06.016+0000] {logging_mixin.py:151} WARNING - send: 'data\r\n'
[2024-07-03T13:39:06.077+0000] {logging_mixin.py:151} WARNING - reply: b'354 Enter message, ending with "." on a line by itself\r\n'
[2024-07-03T13:39:06.077+0000] {logging_mixin.py:151} WARNING - reply: retcode (354); Msg: b'Enter message, ending with "." on a line by itself'
[2024-07-03T13:39:06.077+0000] {logging_mixin.py:151} WARNING - data: (354, b'Enter message, ending with "." on a line by itself')
[2024-07-03T13:39:06.078+0000] {logging_mixin.py:151} WARNING - send: b'Content-Type: multipart/mixed; boundary="===============2659109011182388076=="\r\nMIME-Version: 1.0\r\nSubject: =?utf-8?b?b21vckBuYnQudGo6INGE0LDQudC7ICLQodCw0LvQsNC80LDQu9C10LrRg9C80psueGxzeCIg0LfQsNCz0YDRg9C20LXQvdC90YvQtSDQsiAyMDI0LTA3LTAzIDE4OjM1OjQxKzAwOjAwINCd0JUg0J/QoNCY0J3Qr9Ci?=\r\nFrom: khalimzod@list.ru\r\nTo: <firdavskhushkadamov@gmail.com>\r\n\r\n--===============2659109011182388076==\r\nContent-Type: text/plain; charset="utf-8"\r\nMIME-Version: 1.0\r\nContent-Transfer-Encoding: base64\r\n\r\n0JfQtNGA0LDQstGB0YLQstGD0LnRgtC1LCAKINCaINGB0L7QttCw0LvQtdC90LjRjiDRhNCw0LnQ\r\nuyDRgSDQuNC80LXQvdC10Lwg0KHQsNC70LDQvNCw0LvQtdC60YPQvNKbLnhsc3gsINC30LDQs9GA\r\n0YPQttC10L3QvdGL0Lkg0LIgMjAyNC0wNy0wMyAxODozNTo0MSswMDowMCDQvdC1INCx0YvQuyDQ\r\nv9GA0LjQvdGP0YIg0YHQuNGB0YLQtdC80L7QuSDQsNCy0YLQvtC80LDRgtC40YfQtdGB0LrQvtC5\r\nINC+0LHRgNCw0LHQvtGC0LrQuC4g0J/QvtC20LDQu9GD0LnRgdGC0LAsINC/0YDQvtCy0LXRgNGM\r\n0YLQtSDQt9Cw0L/QvtC70L3QtdC90LjQtSDRhNCw0LnQu9CwLiAKINCU0L7Qv9C+0LvQvdC40YLQ\r\ntdC70YzQvdGL0LUg0YHQstC10LTQtdC90YzRjyDQv9C+INC+0LHQvdCw0YDRg9C20LXQvdC90YvQ\r\nvCDQvtGI0LjQsdC60LDQvCDQv9GA0LjQu9C+0LbQtdC90L3RiyDQuiDQv9C40YHRjNC80YMuCiBD\r\nINGD0LLQsNC20LXQvdC40LXQvCwgCiDQlNC10L/QsNGA0YLQsNC80LXQvdGCINGB0YLQsNGC0LjR\r\ngdGC0LjQutC4INC4INC/0LvQsNGC0LXQttC90L7Qs9C+INCx0LDQu9Cw0L3RgdCwIA==\r\n\r\n--===============2659109011182388076==--\r\n.\r\n'
[2024-07-03T13:39:06.691+0000] {logging_mixin.py:151} WARNING - reply: b'250 OK id=1sP0CQ-0000000BY4f-0BxP\r\n'
[2024-07-03T13:39:06.691+0000] {logging_mixin.py:151} WARNING - reply: retcode (250); Msg: b'OK id=1sP0CQ-0000000BY4f-0BxP'
[2024-07-03T13:39:06.691+0000] {logging_mixin.py:151} WARNING - data: (250, b'OK id=1sP0CQ-0000000BY4f-0BxP')
[2024-07-03T13:39:06.692+0000] {logging_mixin.py:151} INFO - #>2024-07-03 13:39:06.692091_User@StatDep: email successfuly sent
[2024-07-03T13:39:06.692+0000] {logging_mixin.py:151} WARNING - send: 'QUIT\r\n'
[2024-07-03T13:39:06.954+0000] {logging_mixin.py:151} WARNING - reply: b'221 smtp58.i.mail.ru closing connection\r\n'
[2024-07-03T13:39:06.955+0000] {logging_mixin.py:151} WARNING - reply: retcode (221); Msg: b'smtp58.i.mail.ru closing connection'
[2024-07-03T13:39:06.955+0000] {logging_mixin.py:151} INFO - #>2024-07-03 13:39:06.955840_User@StatDep: email object ready to be sent:
[2024-07-03T13:39:07.355+0000] {logging_mixin.py:151} WARNING - send: 'ehlo [172.20.0.6]\r\n'
[2024-07-03T13:39:07.419+0000] {logging_mixin.py:151} WARNING - reply: b'250-smtp45.i.mail.ru\r\n'
[2024-07-03T13:39:07.420+0000] {logging_mixin.py:151} WARNING - reply: b'250-SIZE 73400320\r\n'
[2024-07-03T13:39:07.421+0000] {logging_mixin.py:151} WARNING - reply: b'250-8BITMIME\r\n'
[2024-07-03T13:39:07.422+0000] {logging_mixin.py:151} WARNING - reply: b'250-PIPELINING\r\n'
[2024-07-03T13:39:07.423+0000] {logging_mixin.py:151} WARNING - reply: b'250-DSN\r\n'
[2024-07-03T13:39:07.424+0000] {logging_mixin.py:151} WARNING - reply: b'250-SMTPUTF8\r\n'
[2024-07-03T13:39:07.424+0000] {logging_mixin.py:151} WARNING - reply: b'250 AUTH PLAIN LOGIN XOAUTH2\r\n'
[2024-07-03T13:39:07.425+0000] {logging_mixin.py:151} WARNING - reply: retcode (250); Msg: b'smtp45.i.mail.ru\nSIZE 73400320\n8BITMIME\nPIPELINING\nDSN\nSMTPUTF8\nAUTH PLAIN LOGIN XOAUTH2'
[2024-07-03T13:39:07.426+0000] {logging_mixin.py:151} WARNING - send: 'AUTH PLAIN AGtoYWxpbXpvZEBsaXN0LnJ1AEdSWFFSakMyYms0cVpIQjI2VXFk\r\n'
[2024-07-03T13:39:07.561+0000] {logging_mixin.py:151} WARNING - reply: b'235 Authentication succeeded\r\n'
[2024-07-03T13:39:07.562+0000] {logging_mixin.py:151} WARNING - reply: retcode (235); Msg: b'Authentication succeeded'
[2024-07-03T13:39:07.566+0000] {logging_mixin.py:151} WARNING - send: 'mail FROM:<khalimzod@list.ru> size=1309\r\n'
[2024-07-03T13:39:07.631+0000] {logging_mixin.py:151} WARNING - reply: b'250 OK\r\n'
[2024-07-03T13:39:07.632+0000] {logging_mixin.py:151} WARNING - reply: retcode (250); Msg: b'OK'
[2024-07-03T13:39:07.633+0000] {logging_mixin.py:151} WARNING - send: 'rcpt TO:<firdavskhushkadamov@gmail.com>\r\n'
[2024-07-03T13:39:07.717+0000] {logging_mixin.py:151} WARNING - reply: b'250 Accepted\r\n'
[2024-07-03T13:39:07.718+0000] {logging_mixin.py:151} WARNING - reply: retcode (250); Msg: b'Accepted'
[2024-07-03T13:39:07.719+0000] {logging_mixin.py:151} WARNING - send: 'data\r\n'
[2024-07-03T13:39:07.789+0000] {logging_mixin.py:151} WARNING - reply: b'354 Enter message, ending with "." on a line by itself\r\n'
[2024-07-03T13:39:07.790+0000] {logging_mixin.py:151} WARNING - reply: retcode (354); Msg: b'Enter message, ending with "." on a line by itself'
[2024-07-03T13:39:07.791+0000] {logging_mixin.py:151} WARNING - data: (354, b'Enter message, ending with "." on a line by itself')
[2024-07-03T13:39:07.792+0000] {logging_mixin.py:151} WARNING - send: b'Content-Type: multipart/mixed; boundary="===============2439135063813036446=="\r\nMIME-Version: 1.0\r\nSubject: =?utf-8?b?b21vckBuYnQudGo6INGE0LDQudC7ICJISy52MC41NzA3LjMxMTIyMDI0IC0gQ29weS54bHN4IiDQt9Cw0LPRgNGD0LbQtdC90L3Ri9C1INCyIDIwMjQtMDctMDMgMTg6MzU6NDErMDA6MDAg0J3QlSDQn9Cg0JjQndCv0KI=?=\r\nFrom: khalimzod@list.ru\r\nTo: <firdavskhushkadamov@gmail.com>\r\n\r\n--===============2439135063813036446==\r\nContent-Type: text/plain; charset="utf-8"\r\nMIME-Version: 1.0\r\nContent-Transfer-Encoding: base64\r\n\r\n0JfQtNGA0LDQstGB0YLQstGD0LnRgtC1LCAKINCaINGB0L7QttCw0LvQtdC90LjRjiDRhNCw0LnQ\r\nuyDRgSDQuNC80LXQvdC10LwgSEsudjAuNTcwNy4zMTEyMjAyNCAtIENvcHkueGxzeCwg0LfQsNCz\r\n0YDRg9C20LXQvdC90YvQuSDQsiAyMDI0LTA3LTAzIDE4OjM1OjQxKzAwOjAwINC90LUg0LHRi9C7\r\nINC/0YDQuNC90Y/RgiDRgdC40YHRgtC10LzQvtC5INCw0LLRgtC+0LzQsNGC0LjRh9C10YHQutC+\r\n0Lkg0L7QsdGA0LDQsdC+0YLQutC4LiDQn9C+0LbQsNC70YPQudGB0YLQsCwg0L/RgNC+0LLQtdGA\r\n0YzRgtC1INC30LDQv9C+0LvQvdC10L3QuNC1INGE0LDQudC70LAuIAog0JTQvtC/0L7Qu9C90LjR\r\ngtC10LvRjNC90YvQtSDRgdCy0LXQtNC10L3RjNGPINC/0L4g0L7QsdC90LDRgNGD0LbQtdC90L3R\r\ni9C8INC+0YjQuNCx0LrQsNC8INC/0YDQuNC70L7QttC10L3QvdGLINC6INC/0LjRgdGM0LzRgy4K\r\nIEMg0YPQstCw0LbQtdC90LjQtdC8LCAKINCU0LXQv9Cw0YDRgtCw0LzQtdC90YIg0YHRgtCw0YLQ\r\nuNGB0YLQuNC60Lgg0Lgg0L/Qu9Cw0YLQtdC20L3QvtCz0L4g0LHQsNC70LDQvdGB0LAg\r\n\r\n--===============2439135063813036446==--\r\n.\r\n'
[2024-07-03T13:39:08.220+0000] {logging_mixin.py:151} WARNING - reply: b'250 OK id=1sP0CR-0000000DbNX-3BFZ\r\n'
[2024-07-03T13:39:08.221+0000] {logging_mixin.py:151} WARNING - reply: retcode (250); Msg: b'OK id=1sP0CR-0000000DbNX-3BFZ'
[2024-07-03T13:39:08.221+0000] {logging_mixin.py:151} WARNING - data: (250, b'OK id=1sP0CR-0000000DbNX-3BFZ')
[2024-07-03T13:39:08.222+0000] {logging_mixin.py:151} INFO - #>2024-07-03 13:39:08.221995_User@StatDep: email successfuly sent
[2024-07-03T13:39:08.222+0000] {logging_mixin.py:151} WARNING - send: 'QUIT\r\n'
[2024-07-03T13:39:08.486+0000] {logging_mixin.py:151} WARNING - reply: b'221 smtp45.i.mail.ru closing connection\r\n'
[2024-07-03T13:39:08.487+0000] {logging_mixin.py:151} WARNING - reply: retcode (221); Msg: b'smtp45.i.mail.ru closing connection'
[2024-07-03T13:39:08.488+0000] {logging_mixin.py:151} INFO -    finilizing processing for the reserved file uploads...
[2024-07-03T13:39:08.505+0000] {python.py:194} INFO - Done. Returned value was: True
[2024-07-03T13:39:08.573+0000] {taskinstance.py:1400} INFO - Marking task as SUCCESS. dag_id=reports_workflow, task_id=id_task_send_emails, execution_date=20240703T133846, start_date=20240703T133851, end_date=20240703T133908
[2024-07-03T13:39:08.611+0000] {local_task_job_runner.py:228} INFO - Task exited with return code 0
[2024-07-03T13:39:08.634+0000] {taskinstance.py:2784} INFO - 0 downstream tasks scheduled from follow-on schedule check
