[2024-07-03T09:58:26.382+0000] {taskinstance.py:1159} INFO - Dependencies all met for dep_context=non-requeueable deps ti=<TaskInstance: reports_workflow.id_task_get_emails scheduled__2024-07-02T19:15:00+00:00 [queued]>
[2024-07-03T09:58:26.392+0000] {taskinstance.py:1159} INFO - Dependencies all met for dep_context=requeueable deps ti=<TaskInstance: reports_workflow.id_task_get_emails scheduled__2024-07-02T19:15:00+00:00 [queued]>
[2024-07-03T09:58:26.392+0000] {taskinstance.py:1361} INFO - Starting attempt 1 of 1
[2024-07-03T09:58:26.404+0000] {taskinstance.py:1382} INFO - Executing <Task(PythonOperator): id_task_get_emails> on 2024-07-02 19:15:00+00:00
[2024-07-03T09:58:26.409+0000] {standard_task_runner.py:57} INFO - Started process 20810 to run task
[2024-07-03T09:58:26.415+0000] {standard_task_runner.py:84} INFO - Running: ['***', 'tasks', 'run', 'reports_workflow', 'id_task_get_emails', 'scheduled__2024-07-02T19:15:00+00:00', '--job-id', '477', '--raw', '--subdir', 'DAGS_FOLDER/dag_email_robot.py', '--cfg-path', '/tmp/tmpm71g8tg4']
[2024-07-03T09:58:26.416+0000] {standard_task_runner.py:85} INFO - Job 477: Subtask id_task_get_emails
[2024-07-03T09:58:26.475+0000] {task_command.py:415} INFO - Running <TaskInstance: reports_workflow.id_task_get_emails scheduled__2024-07-02T19:15:00+00:00 [running]> on host 6f4ef5488251
[2024-07-03T09:58:26.587+0000] {taskinstance.py:1660} INFO - Exporting env vars: AIRFLOW_CTX_DAG_OWNER='FIRDAVS' AIRFLOW_CTX_DAG_ID='reports_workflow' AIRFLOW_CTX_TASK_ID='id_task_get_emails' AIRFLOW_CTX_EXECUTION_DATE='2024-07-02T19:15:00+00:00' AIRFLOW_CTX_TRY_NUMBER='1' AIRFLOW_CTX_DAG_RUN_ID='scheduled__2024-07-02T19:15:00+00:00'
[2024-07-03T09:58:26.589+0000] {logging_mixin.py:151} INFO - path of config file:  /opt/***
[2024-07-03T09:58:26.590+0000] {logging_mixin.py:151} INFO - #>2024-07-03 09:58:26.590434_User@StatDep: EmailRobot in screated.
[2024-07-03T09:58:26.590+0000] {logging_mixin.py:151} INFO - #>2024-07-03 09:58:26.590602_User@StatDep: get_for_recent_emails is started...
[2024-07-03T09:58:26.590+0000] {logging_mixin.py:151} INFO - #>2024-07-03 09:58:26.590724_User@StatDep: pop3_fetch_emails isstarted...
[2024-07-03T09:58:26.962+0000] {logging_mixin.py:151} INFO -    b'+OK'
[2024-07-03T09:58:27.246+0000] {logging_mixin.py:151} INFO -    mailbox have 0 emails and the robot can process 10
[2024-07-03T09:58:27.247+0000] {logging_mixin.py:151} INFO - #>2024-07-03 09:58:27.247139_User@StatDep: no emails to process, exiting pop3_fetch_emails()...
[2024-07-03T09:58:27.247+0000] {python.py:194} INFO - Done. Returned value was: True
[2024-07-03T09:58:27.314+0000] {taskinstance.py:1400} INFO - Marking task as SUCCESS. dag_id=reports_workflow, task_id=id_task_get_emails, execution_date=20240702T191500, start_date=20240703T095826, end_date=20240703T095827
[2024-07-03T09:58:27.401+0000] {local_task_job_runner.py:228} INFO - Task exited with return code 0
[2024-07-03T09:58:27.423+0000] {taskinstance.py:2784} INFO - 0 downstream tasks scheduled from follow-on schedule check
[2024-07-03T12:28:54.239+0000] {taskinstance.py:1159} INFO - Dependencies all met for dep_context=non-requeueable deps ti=<TaskInstance: reports_workflow.id_task_get_emails scheduled__2024-07-02T19:15:00+00:00 [queued]>
[2024-07-03T12:28:54.258+0000] {taskinstance.py:1159} INFO - Dependencies all met for dep_context=requeueable deps ti=<TaskInstance: reports_workflow.id_task_get_emails scheduled__2024-07-02T19:15:00+00:00 [queued]>
[2024-07-03T12:28:54.258+0000] {taskinstance.py:1361} INFO - Starting attempt 1 of 1
[2024-07-03T12:28:54.298+0000] {taskinstance.py:1382} INFO - Executing <Task(PythonOperator): id_task_get_emails> on 2024-07-02 19:15:00+00:00
[2024-07-03T12:28:54.303+0000] {standard_task_runner.py:57} INFO - Started process 24815 to run task
[2024-07-03T12:28:54.309+0000] {standard_task_runner.py:84} INFO - Running: ['***', 'tasks', 'run', 'reports_workflow', 'id_task_get_emails', 'scheduled__2024-07-02T19:15:00+00:00', '--job-id', '1341', '--raw', '--subdir', 'DAGS_FOLDER/dag_email_robot.py', '--cfg-path', '/tmp/tmp0f5t_jyz']
[2024-07-03T12:28:54.311+0000] {standard_task_runner.py:85} INFO - Job 1341: Subtask id_task_get_emails
[2024-07-03T12:28:54.416+0000] {task_command.py:415} INFO - Running <TaskInstance: reports_workflow.id_task_get_emails scheduled__2024-07-02T19:15:00+00:00 [running]> on host 6f4ef5488251
[2024-07-03T12:28:54.542+0000] {taskinstance.py:1660} INFO - Exporting env vars: AIRFLOW_CTX_DAG_OWNER='FIRDAVS' AIRFLOW_CTX_DAG_ID='reports_workflow' AIRFLOW_CTX_TASK_ID='id_task_get_emails' AIRFLOW_CTX_EXECUTION_DATE='2024-07-02T19:15:00+00:00' AIRFLOW_CTX_TRY_NUMBER='1' AIRFLOW_CTX_DAG_RUN_ID='scheduled__2024-07-02T19:15:00+00:00'
[2024-07-03T12:28:54.543+0000] {logging_mixin.py:151} INFO - path of config file:  /opt/***
[2024-07-03T12:28:54.544+0000] {logging_mixin.py:151} INFO - #>2024-07-03 12:28:54.544176_User@StatDep: EmailRobot in screated.
[2024-07-03T12:28:54.544+0000] {logging_mixin.py:151} INFO - #>2024-07-03 12:28:54.544355_User@StatDep: get_for_recent_emails is started...
[2024-07-03T12:28:54.544+0000] {logging_mixin.py:151} INFO - #>2024-07-03 12:28:54.544489_User@StatDep: pop3_fetch_emails isstarted...
[2024-07-03T12:28:54.923+0000] {logging_mixin.py:151} INFO -    b'+OK'
[2024-07-03T12:28:55.258+0000] {logging_mixin.py:151} INFO -    mailbox have 0 emails and the robot can process 10
[2024-07-03T12:28:55.259+0000] {logging_mixin.py:151} INFO - #>2024-07-03 12:28:55.259234_User@StatDep: no emails to process, exiting pop3_fetch_emails()...
[2024-07-03T12:28:55.259+0000] {python.py:194} INFO - Done. Returned value was: True
[2024-07-03T12:28:55.306+0000] {taskinstance.py:1400} INFO - Marking task as SUCCESS. dag_id=reports_workflow, task_id=id_task_get_emails, execution_date=20240702T191500, start_date=20240703T122854, end_date=20240703T122855
[2024-07-03T12:28:55.339+0000] {local_task_job_runner.py:228} INFO - Task exited with return code 0
[2024-07-03T12:28:55.380+0000] {taskinstance.py:2784} INFO - 1 downstream tasks scheduled from follow-on schedule check
