[2024-07-03T09:59:22.805+0000] {taskinstance.py:1159} INFO - Dependencies all met for dep_context=non-requeueable deps ti=<TaskInstance: reports_workflow.id_task_get_emails scheduled__2024-07-03T03:45:00+00:00 [queued]>
[2024-07-03T09:59:22.823+0000] {taskinstance.py:1159} INFO - Dependencies all met for dep_context=requeueable deps ti=<TaskInstance: reports_workflow.id_task_get_emails scheduled__2024-07-03T03:45:00+00:00 [queued]>
[2024-07-03T09:59:22.823+0000] {taskinstance.py:1361} INFO - Starting attempt 1 of 1
[2024-07-03T09:59:22.840+0000] {taskinstance.py:1382} INFO - Executing <Task(PythonOperator): id_task_get_emails> on 2024-07-03 03:45:00+00:00
[2024-07-03T09:59:22.844+0000] {standard_task_runner.py:57} INFO - Started process 21025 to run task
[2024-07-03T09:59:22.855+0000] {standard_task_runner.py:84} INFO - Running: ['***', 'tasks', 'run', 'reports_workflow', 'id_task_get_emails', 'scheduled__2024-07-03T03:45:00+00:00', '--job-id', '580', '--raw', '--subdir', 'DAGS_FOLDER/dag_email_robot.py', '--cfg-path', '/tmp/tmp_chsysr_']
[2024-07-03T09:59:22.856+0000] {standard_task_runner.py:85} INFO - Job 580: Subtask id_task_get_emails
[2024-07-03T09:59:22.963+0000] {task_command.py:415} INFO - Running <TaskInstance: reports_workflow.id_task_get_emails scheduled__2024-07-03T03:45:00+00:00 [running]> on host 6f4ef5488251
[2024-07-03T09:59:23.168+0000] {taskinstance.py:1660} INFO - Exporting env vars: AIRFLOW_CTX_DAG_OWNER='FIRDAVS' AIRFLOW_CTX_DAG_ID='reports_workflow' AIRFLOW_CTX_TASK_ID='id_task_get_emails' AIRFLOW_CTX_EXECUTION_DATE='2024-07-03T03:45:00+00:00' AIRFLOW_CTX_TRY_NUMBER='1' AIRFLOW_CTX_DAG_RUN_ID='scheduled__2024-07-03T03:45:00+00:00'
[2024-07-03T09:59:23.169+0000] {logging_mixin.py:151} INFO - path of config file:  /opt/***
[2024-07-03T09:59:23.170+0000] {logging_mixin.py:151} INFO - #>2024-07-03 09:59:23.170266_User@StatDep: EmailRobot in screated.
[2024-07-03T09:59:23.170+0000] {logging_mixin.py:151} INFO - #>2024-07-03 09:59:23.170578_User@StatDep: get_for_recent_emails is started...
[2024-07-03T09:59:23.170+0000] {logging_mixin.py:151} INFO - #>2024-07-03 09:59:23.170750_User@StatDep: pop3_fetch_emails isstarted...
[2024-07-03T09:59:23.578+0000] {logging_mixin.py:151} INFO -    b'+OK'
[2024-07-03T09:59:23.945+0000] {logging_mixin.py:151} INFO -    mailbox have 0 emails and the robot can process 10
[2024-07-03T09:59:23.946+0000] {logging_mixin.py:151} INFO - #>2024-07-03 09:59:23.946184_User@StatDep: no emails to process, exiting pop3_fetch_emails()...
[2024-07-03T09:59:23.947+0000] {python.py:194} INFO - Done. Returned value was: True
[2024-07-03T09:59:23.986+0000] {taskinstance.py:1400} INFO - Marking task as SUCCESS. dag_id=reports_workflow, task_id=id_task_get_emails, execution_date=20240703T034500, start_date=20240703T095922, end_date=20240703T095923
[2024-07-03T09:59:24.031+0000] {local_task_job_runner.py:228} INFO - Task exited with return code 0
[2024-07-03T09:59:24.061+0000] {taskinstance.py:2784} INFO - 0 downstream tasks scheduled from follow-on schedule check
[2024-07-03T13:40:01.904+0000] {taskinstance.py:1159} INFO - Dependencies all met for dep_context=non-requeueable deps ti=<TaskInstance: reports_workflow.id_task_get_emails scheduled__2024-07-03T03:45:00+00:00 [queued]>
[2024-07-03T13:40:01.913+0000] {taskinstance.py:1159} INFO - Dependencies all met for dep_context=requeueable deps ti=<TaskInstance: reports_workflow.id_task_get_emails scheduled__2024-07-03T03:45:00+00:00 [queued]>
[2024-07-03T13:40:01.913+0000] {taskinstance.py:1361} INFO - Starting attempt 1 of 1
[2024-07-03T13:40:01.983+0000] {taskinstance.py:1382} INFO - Executing <Task(PythonOperator): id_task_get_emails> on 2024-07-03 03:45:00+00:00
[2024-07-03T13:40:01.990+0000] {standard_task_runner.py:57} INFO - Started process 26309 to run task
[2024-07-03T13:40:01.998+0000] {standard_task_runner.py:84} INFO - Running: ['***', 'tasks', 'run', 'reports_workflow', 'id_task_get_emails', 'scheduled__2024-07-03T03:45:00+00:00', '--job-id', '1547', '--raw', '--subdir', 'DAGS_FOLDER/dag_email_robot.py', '--cfg-path', '/tmp/tmpgew44gcq']
[2024-07-03T13:40:01.999+0000] {standard_task_runner.py:85} INFO - Job 1547: Subtask id_task_get_emails
[2024-07-03T13:40:02.079+0000] {task_command.py:415} INFO - Running <TaskInstance: reports_workflow.id_task_get_emails scheduled__2024-07-03T03:45:00+00:00 [running]> on host 6f4ef5488251
[2024-07-03T13:40:02.185+0000] {taskinstance.py:1660} INFO - Exporting env vars: AIRFLOW_CTX_DAG_OWNER='FIRDAVS' AIRFLOW_CTX_DAG_ID='reports_workflow' AIRFLOW_CTX_TASK_ID='id_task_get_emails' AIRFLOW_CTX_EXECUTION_DATE='2024-07-03T03:45:00+00:00' AIRFLOW_CTX_TRY_NUMBER='1' AIRFLOW_CTX_DAG_RUN_ID='scheduled__2024-07-03T03:45:00+00:00'
[2024-07-03T13:40:02.186+0000] {logging_mixin.py:151} INFO - path of config file:  /opt/***
[2024-07-03T13:40:02.187+0000] {logging_mixin.py:151} INFO - #>2024-07-03 13:40:02.187126_User@StatDep: EmailRobot in screated.
[2024-07-03T13:40:02.187+0000] {logging_mixin.py:151} INFO - #>2024-07-03 13:40:02.187323_User@StatDep: get_for_recent_emails is started...
[2024-07-03T13:40:02.187+0000] {logging_mixin.py:151} INFO - #>2024-07-03 13:40:02.187460_User@StatDep: pop3_fetch_emails isstarted...
[2024-07-03T13:40:02.582+0000] {logging_mixin.py:151} INFO -    b'+OK'
[2024-07-03T13:40:02.972+0000] {logging_mixin.py:151} INFO -    mailbox have 0 emails and the robot can process 10
[2024-07-03T13:40:02.972+0000] {logging_mixin.py:151} INFO - #>2024-07-03 13:40:02.972474_User@StatDep: no emails to process, exiting pop3_fetch_emails()...
[2024-07-03T13:40:02.972+0000] {python.py:194} INFO - Done. Returned value was: True
[2024-07-03T13:40:03.009+0000] {taskinstance.py:1400} INFO - Marking task as SUCCESS. dag_id=reports_workflow, task_id=id_task_get_emails, execution_date=20240703T034500, start_date=20240703T134001, end_date=20240703T134003
[2024-07-03T13:40:03.056+0000] {local_task_job_runner.py:228} INFO - Task exited with return code 0
[2024-07-03T13:40:03.088+0000] {taskinstance.py:2784} INFO - 1 downstream tasks scheduled from follow-on schedule check
