[2024-07-03T09:57:54.373+0000] {taskinstance.py:1159} INFO - Dependencies all met for dep_context=non-requeueable deps ti=<TaskInstance: reports_workflow.id_task_get_emails scheduled__2024-07-02T13:00:00+00:00 [queued]>
[2024-07-03T09:57:54.421+0000] {taskinstance.py:1159} INFO - Dependencies all met for dep_context=requeueable deps ti=<TaskInstance: reports_workflow.id_task_get_emails scheduled__2024-07-02T13:00:00+00:00 [queued]>
[2024-07-03T09:57:54.422+0000] {taskinstance.py:1361} INFO - Starting attempt 1 of 1
[2024-07-03T09:57:54.458+0000] {taskinstance.py:1382} INFO - Executing <Task(PythonOperator): id_task_get_emails> on 2024-07-02 13:00:00+00:00
[2024-07-03T09:57:54.470+0000] {standard_task_runner.py:57} INFO - Started process 20654 to run task
[2024-07-03T09:57:54.487+0000] {standard_task_runner.py:84} INFO - Running: ['***', 'tasks', 'run', 'reports_workflow', 'id_task_get_emails', 'scheduled__2024-07-02T13:00:00+00:00', '--job-id', '401', '--raw', '--subdir', 'DAGS_FOLDER/dag_email_robot.py', '--cfg-path', '/tmp/tmp3gmhswa1']
[2024-07-03T09:57:54.495+0000] {standard_task_runner.py:85} INFO - Job 401: Subtask id_task_get_emails
[2024-07-03T09:57:54.620+0000] {task_command.py:415} INFO - Running <TaskInstance: reports_workflow.id_task_get_emails scheduled__2024-07-02T13:00:00+00:00 [running]> on host 6f4ef5488251
[2024-07-03T09:57:54.722+0000] {taskinstance.py:1660} INFO - Exporting env vars: AIRFLOW_CTX_DAG_OWNER='FIRDAVS' AIRFLOW_CTX_DAG_ID='reports_workflow' AIRFLOW_CTX_TASK_ID='id_task_get_emails' AIRFLOW_CTX_EXECUTION_DATE='2024-07-02T13:00:00+00:00' AIRFLOW_CTX_TRY_NUMBER='1' AIRFLOW_CTX_DAG_RUN_ID='scheduled__2024-07-02T13:00:00+00:00'
[2024-07-03T09:57:54.723+0000] {logging_mixin.py:151} INFO - path of config file:  /opt/***
[2024-07-03T09:57:54.723+0000] {taskinstance.py:1943} ERROR - Task failed with exception
Traceback (most recent call last):
  File "/home/airflow/.local/lib/python3.8/site-packages/airflow/operators/python.py", line 192, in execute
    return_value = self.execute_callable()
  File "/home/airflow/.local/lib/python3.8/site-packages/airflow/operators/python.py", line 209, in execute_callable
    return self.python_callable(*self.op_args, **self.op_kwargs)
  File "/opt/airflow/dags/dag_email_robot.py", line 22, in get_emails
    email_conf = json.load (open(path / ("config/email_conf.json")))
NameError: name 'json' is not defined
[2024-07-03T09:57:54.736+0000] {taskinstance.py:1400} INFO - Marking task as FAILED. dag_id=reports_workflow, task_id=id_task_get_emails, execution_date=20240702T130000, start_date=20240703T095754, end_date=20240703T095754
[2024-07-03T09:57:54.748+0000] {standard_task_runner.py:104} ERROR - Failed to execute job 401 for task id_task_get_emails (name 'json' is not defined; 20654)
[2024-07-03T09:57:54.782+0000] {local_task_job_runner.py:228} INFO - Task exited with return code 1
[2024-07-03T09:57:54.806+0000] {taskinstance.py:2784} INFO - 0 downstream tasks scheduled from follow-on schedule check
[2024-07-03T12:05:22.143+0000] {taskinstance.py:1159} INFO - Dependencies all met for dep_context=non-requeueable deps ti=<TaskInstance: reports_workflow.id_task_get_emails scheduled__2024-07-02T13:00:00+00:00 [queued]>
[2024-07-03T12:05:22.152+0000] {taskinstance.py:1159} INFO - Dependencies all met for dep_context=requeueable deps ti=<TaskInstance: reports_workflow.id_task_get_emails scheduled__2024-07-02T13:00:00+00:00 [queued]>
[2024-07-03T12:05:22.152+0000] {taskinstance.py:1361} INFO - Starting attempt 1 of 1
[2024-07-03T12:05:22.165+0000] {taskinstance.py:1382} INFO - Executing <Task(PythonOperator): id_task_get_emails> on 2024-07-02 13:00:00+00:00
[2024-07-03T12:05:22.173+0000] {standard_task_runner.py:57} INFO - Started process 23464 to run task
[2024-07-03T12:05:22.181+0000] {standard_task_runner.py:84} INFO - Running: ['***', 'tasks', 'run', 'reports_workflow', 'id_task_get_emails', 'scheduled__2024-07-02T13:00:00+00:00', '--job-id', '842', '--raw', '--subdir', 'DAGS_FOLDER/dag_email_robot.py', '--cfg-path', '/tmp/tmpekkhoypz']
[2024-07-03T12:05:22.183+0000] {standard_task_runner.py:85} INFO - Job 842: Subtask id_task_get_emails
[2024-07-03T12:05:22.281+0000] {task_command.py:415} INFO - Running <TaskInstance: reports_workflow.id_task_get_emails scheduled__2024-07-02T13:00:00+00:00 [running]> on host 6f4ef5488251
[2024-07-03T12:05:22.400+0000] {taskinstance.py:1660} INFO - Exporting env vars: AIRFLOW_CTX_DAG_OWNER='FIRDAVS' AIRFLOW_CTX_DAG_ID='reports_workflow' AIRFLOW_CTX_TASK_ID='id_task_get_emails' AIRFLOW_CTX_EXECUTION_DATE='2024-07-02T13:00:00+00:00' AIRFLOW_CTX_TRY_NUMBER='1' AIRFLOW_CTX_DAG_RUN_ID='scheduled__2024-07-02T13:00:00+00:00'
[2024-07-03T12:05:22.401+0000] {logging_mixin.py:151} INFO - path of config file:  /opt/***
[2024-07-03T12:05:22.402+0000] {logging_mixin.py:151} INFO - #>2024-07-03 12:05:22.402005_User@StatDep: EmailRobot in screated.
[2024-07-03T12:05:22.402+0000] {logging_mixin.py:151} INFO - #>2024-07-03 12:05:22.402192_User@StatDep: get_for_recent_emails is started...
[2024-07-03T12:05:22.402+0000] {logging_mixin.py:151} INFO - #>2024-07-03 12:05:22.402356_User@StatDep: pop3_fetch_emails isstarted...
[2024-07-03T12:05:22.807+0000] {logging_mixin.py:151} INFO -    b'+OK'
[2024-07-03T12:05:23.314+0000] {logging_mixin.py:151} INFO -    mailbox have 1 emails and the robot can process 10
[2024-07-03T12:05:23.778+0000] {logging_mixin.py:151} INFO -    #>2024-07-03 12:05:23.778318_conneciton to db is set.
[2024-07-03T12:05:23.790+0000] {taskinstance.py:1943} ERROR - Task failed with exception
Traceback (most recent call last):
  File "/home/airflow/.local/lib/python3.8/site-packages/airflow/operators/python.py", line 192, in execute
    return_value = self.execute_callable()
  File "/home/airflow/.local/lib/python3.8/site-packages/airflow/operators/python.py", line 209, in execute_callable
    return self.python_callable(*self.op_args, **self.op_kwargs)
  File "/opt/airflow/dags/dag_email_robot.py", line 25, in get_emails
    robot.fetch_emails()
  File "/opt/airflow/dags/emailRobot.py", line 62, in fetch_emails
    return self.pop3_fetch_emails()
  File "/opt/airflow/dags/emailRobot.py", line 156, in pop3_fetch_emails
    cursor.execute (query, insert_values)
psycopg2.errors.UndefinedTable: relation "sma_stat_dep.tbl_file_upload" does not exist
LINE 1: ...) AS (INSERT INTO                                 sma_stat_d...
                                                             ^

[2024-07-03T12:05:23.807+0000] {taskinstance.py:1400} INFO - Marking task as FAILED. dag_id=reports_workflow, task_id=id_task_get_emails, execution_date=20240702T130000, start_date=20240703T120522, end_date=20240703T120523
[2024-07-03T12:05:23.941+0000] {standard_task_runner.py:104} ERROR - Failed to execute job 842 for task id_task_get_emails (relation "sma_stat_dep.tbl_file_upload" does not exist
LINE 1: ...) AS (INSERT INTO                                 sma_stat_d...
                                                             ^
; 23464)
[2024-07-03T12:05:23.972+0000] {local_task_job_runner.py:228} INFO - Task exited with return code 1
[2024-07-03T12:05:24.054+0000] {taskinstance.py:2784} INFO - 0 downstream tasks scheduled from follow-on schedule check
[2024-07-03T12:24:39.086+0000] {taskinstance.py:1159} INFO - Dependencies all met for dep_context=non-requeueable deps ti=<TaskInstance: reports_workflow.id_task_get_emails scheduled__2024-07-02T13:00:00+00:00 [queued]>
[2024-07-03T12:24:39.102+0000] {taskinstance.py:1159} INFO - Dependencies all met for dep_context=requeueable deps ti=<TaskInstance: reports_workflow.id_task_get_emails scheduled__2024-07-02T13:00:00+00:00 [queued]>
[2024-07-03T12:24:39.102+0000] {taskinstance.py:1361} INFO - Starting attempt 1 of 1
[2024-07-03T12:24:39.137+0000] {taskinstance.py:1382} INFO - Executing <Task(PythonOperator): id_task_get_emails> on 2024-07-02 13:00:00+00:00
[2024-07-03T12:24:39.142+0000] {standard_task_runner.py:57} INFO - Started process 24448 to run task
[2024-07-03T12:24:39.164+0000] {standard_task_runner.py:84} INFO - Running: ['***', 'tasks', 'run', 'reports_workflow', 'id_task_get_emails', 'scheduled__2024-07-02T13:00:00+00:00', '--job-id', '1189', '--raw', '--subdir', 'DAGS_FOLDER/dag_email_robot.py', '--cfg-path', '/tmp/tmp9p3xszm0']
[2024-07-03T12:24:39.165+0000] {standard_task_runner.py:85} INFO - Job 1189: Subtask id_task_get_emails
[2024-07-03T12:24:39.279+0000] {task_command.py:415} INFO - Running <TaskInstance: reports_workflow.id_task_get_emails scheduled__2024-07-02T13:00:00+00:00 [running]> on host 6f4ef5488251
[2024-07-03T12:24:39.620+0000] {taskinstance.py:1660} INFO - Exporting env vars: AIRFLOW_CTX_DAG_OWNER='FIRDAVS' AIRFLOW_CTX_DAG_ID='reports_workflow' AIRFLOW_CTX_TASK_ID='id_task_get_emails' AIRFLOW_CTX_EXECUTION_DATE='2024-07-02T13:00:00+00:00' AIRFLOW_CTX_TRY_NUMBER='1' AIRFLOW_CTX_DAG_RUN_ID='scheduled__2024-07-02T13:00:00+00:00'
[2024-07-03T12:24:39.621+0000] {logging_mixin.py:151} INFO - path of config file:  /opt/***
[2024-07-03T12:24:39.622+0000] {logging_mixin.py:151} INFO - #>2024-07-03 12:24:39.622078_User@StatDep: EmailRobot in screated.
[2024-07-03T12:24:39.622+0000] {logging_mixin.py:151} INFO - #>2024-07-03 12:24:39.622315_User@StatDep: get_for_recent_emails is started...
[2024-07-03T12:24:39.622+0000] {logging_mixin.py:151} INFO - #>2024-07-03 12:24:39.622467_User@StatDep: pop3_fetch_emails isstarted...
[2024-07-03T12:24:39.989+0000] {logging_mixin.py:151} INFO -    b'+OK'
[2024-07-03T12:24:40.294+0000] {logging_mixin.py:151} INFO -    mailbox have 0 emails and the robot can process 10
[2024-07-03T12:24:40.294+0000] {logging_mixin.py:151} INFO - #>2024-07-03 12:24:40.294792_User@StatDep: no emails to process, exiting pop3_fetch_emails()...
[2024-07-03T12:24:40.295+0000] {python.py:194} INFO - Done. Returned value was: True
[2024-07-03T12:24:40.365+0000] {taskinstance.py:1400} INFO - Marking task as SUCCESS. dag_id=reports_workflow, task_id=id_task_get_emails, execution_date=20240702T130000, start_date=20240703T122439, end_date=20240703T122440
[2024-07-03T12:24:40.582+0000] {local_task_job_runner.py:228} INFO - Task exited with return code 0
[2024-07-03T12:24:40.630+0000] {taskinstance.py:2784} INFO - 1 downstream tasks scheduled from follow-on schedule check
[2024-07-03T14:47:05.604+0000] {taskinstance.py:1159} INFO - Dependencies all met for dep_context=non-requeueable deps ti=<TaskInstance: reports_workflow.id_task_get_emails scheduled__2024-07-02T13:00:00+00:00 [queued]>
[2024-07-03T14:47:05.637+0000] {taskinstance.py:1159} INFO - Dependencies all met for dep_context=requeueable deps ti=<TaskInstance: reports_workflow.id_task_get_emails scheduled__2024-07-02T13:00:00+00:00 [queued]>
[2024-07-03T14:47:05.637+0000] {taskinstance.py:1361} INFO - Starting attempt 1 of 2
[2024-07-03T14:47:05.663+0000] {taskinstance.py:1382} INFO - Executing <Task(PythonOperator): id_task_get_emails> on 2024-07-02 13:00:00+00:00
[2024-07-03T14:47:05.671+0000] {standard_task_runner.py:57} INFO - Started process 28504 to run task
[2024-07-03T14:47:05.683+0000] {standard_task_runner.py:84} INFO - Running: ['***', 'tasks', 'run', 'reports_workflow', 'id_task_get_emails', 'scheduled__2024-07-02T13:00:00+00:00', '--job-id', '2135', '--raw', '--subdir', 'DAGS_FOLDER/dag_email_robot.py', '--cfg-path', '/tmp/tmp_4n52aeu']
[2024-07-03T14:47:05.684+0000] {standard_task_runner.py:85} INFO - Job 2135: Subtask id_task_get_emails
[2024-07-03T14:47:05.819+0000] {task_command.py:415} INFO - Running <TaskInstance: reports_workflow.id_task_get_emails scheduled__2024-07-02T13:00:00+00:00 [running]> on host 6f4ef5488251
[2024-07-03T14:47:05.990+0000] {taskinstance.py:1660} INFO - Exporting env vars: AIRFLOW_CTX_DAG_OWNER='FIRDAVS' AIRFLOW_CTX_DAG_ID='reports_workflow' AIRFLOW_CTX_TASK_ID='id_task_get_emails' AIRFLOW_CTX_EXECUTION_DATE='2024-07-02T13:00:00+00:00' AIRFLOW_CTX_TRY_NUMBER='1' AIRFLOW_CTX_DAG_RUN_ID='scheduled__2024-07-02T13:00:00+00:00'
[2024-07-03T14:47:05.991+0000] {logging_mixin.py:151} INFO - path of config file:  /opt/***
[2024-07-03T14:47:05.992+0000] {logging_mixin.py:151} INFO - #>2024-07-03 14:47:05.992276_User@StatDep: EmailRobot in screated.
[2024-07-03T14:47:05.992+0000] {logging_mixin.py:151} INFO - #>2024-07-03 14:47:05.992474_User@StatDep: get_for_recent_emails is started...
[2024-07-03T14:47:05.992+0000] {logging_mixin.py:151} INFO - #>2024-07-03 14:47:05.992622_User@StatDep: pop3_fetch_emails isstarted...
[2024-07-03T14:47:06.357+0000] {logging_mixin.py:151} INFO -    b'+OK'
[2024-07-03T14:47:06.682+0000] {logging_mixin.py:151} INFO -    mailbox have 0 emails and the robot can process 10
[2024-07-03T14:47:06.682+0000] {logging_mixin.py:151} INFO - #>2024-07-03 14:47:06.682900_User@StatDep: no emails to process, exiting pop3_fetch_emails()...
[2024-07-03T14:47:06.683+0000] {python.py:194} INFO - Done. Returned value was: True
[2024-07-03T14:47:06.719+0000] {taskinstance.py:1400} INFO - Marking task as SUCCESS. dag_id=reports_workflow, task_id=id_task_get_emails, execution_date=20240702T130000, start_date=20240703T144705, end_date=20240703T144706
[2024-07-03T14:47:06.754+0000] {local_task_job_runner.py:228} INFO - Task exited with return code 0
[2024-07-03T14:47:06.786+0000] {taskinstance.py:2784} INFO - 1 downstream tasks scheduled from follow-on schedule check
