[2024-07-03T09:58:19.647+0000] {taskinstance.py:1159} INFO - Dependencies all met for dep_context=non-requeueable deps ti=<TaskInstance: reports_workflow.id_task_get_emails manual__2024-07-03T09:57:19.182557+00:00 [queued]>
[2024-07-03T09:58:19.665+0000] {taskinstance.py:1159} INFO - Dependencies all met for dep_context=requeueable deps ti=<TaskInstance: reports_workflow.id_task_get_emails manual__2024-07-03T09:57:19.182557+00:00 [queued]>
[2024-07-03T09:58:19.670+0000] {taskinstance.py:1361} INFO - Starting attempt 2 of 2
[2024-07-03T09:58:19.684+0000] {taskinstance.py:1382} INFO - Executing <Task(PythonOperator): id_task_get_emails> on 2024-07-03 09:57:19.182557+00:00
[2024-07-03T09:58:19.689+0000] {standard_task_runner.py:57} INFO - Started process 20756 to run task
[2024-07-03T09:58:19.697+0000] {standard_task_runner.py:84} INFO - Running: ['***', 'tasks', 'run', 'reports_workflow', 'id_task_get_emails', 'manual__2024-07-03T09:57:19.182557+00:00', '--job-id', '452', '--raw', '--subdir', 'DAGS_FOLDER/dag_email_robot.py', '--cfg-path', '/tmp/tmpxa8uk6a2']
[2024-07-03T09:58:19.699+0000] {standard_task_runner.py:85} INFO - Job 452: Subtask id_task_get_emails
[2024-07-03T09:58:19.770+0000] {task_command.py:415} INFO - Running <TaskInstance: reports_workflow.id_task_get_emails manual__2024-07-03T09:57:19.182557+00:00 [running]> on host 6f4ef5488251
[2024-07-03T09:58:19.982+0000] {taskinstance.py:1660} INFO - Exporting env vars: AIRFLOW_CTX_DAG_OWNER='FIRDAVS' AIRFLOW_CTX_DAG_ID='reports_workflow' AIRFLOW_CTX_TASK_ID='id_task_get_emails' AIRFLOW_CTX_EXECUTION_DATE='2024-07-03T09:57:19.182557+00:00' AIRFLOW_CTX_TRY_NUMBER='2' AIRFLOW_CTX_DAG_RUN_ID='manual__2024-07-03T09:57:19.182557+00:00'
[2024-07-03T09:58:19.983+0000] {logging_mixin.py:151} INFO - path of config file:  /opt/***
[2024-07-03T09:58:19.983+0000] {logging_mixin.py:151} INFO - #>2024-07-03 09:58:19.983616_User@StatDep: EmailRobot in screated.
[2024-07-03T09:58:19.983+0000] {logging_mixin.py:151} INFO - #>2024-07-03 09:58:19.983806_User@StatDep: get_for_recent_emails is started...
[2024-07-03T09:58:19.983+0000] {logging_mixin.py:151} INFO - #>2024-07-03 09:58:19.983939_User@StatDep: pop3_fetch_emails isstarted...
[2024-07-03T09:58:20.402+0000] {logging_mixin.py:151} INFO -    b'+OK'
[2024-07-03T09:58:20.777+0000] {logging_mixin.py:151} INFO -    mailbox have 0 emails and the robot can process 10
[2024-07-03T09:58:20.778+0000] {logging_mixin.py:151} INFO - #>2024-07-03 09:58:20.778305_User@StatDep: no emails to process, exiting pop3_fetch_emails()...
[2024-07-03T09:58:20.779+0000] {python.py:194} INFO - Done. Returned value was: True
[2024-07-03T09:58:20.860+0000] {taskinstance.py:1400} INFO - Marking task as SUCCESS. dag_id=reports_workflow, task_id=id_task_get_emails, execution_date=20240703T095719, start_date=20240703T095819, end_date=20240703T095820
[2024-07-03T09:58:20.918+0000] {local_task_job_runner.py:228} INFO - Task exited with return code 0
[2024-07-03T09:58:20.988+0000] {taskinstance.py:2784} INFO - 0 downstream tasks scheduled from follow-on schedule check
