[2024-07-03T10:25:00.953+0000] {taskinstance.py:1159} INFO - Dependencies all met for dep_context=non-requeueable deps ti=<TaskInstance: reports_workflow.id_task_get_emails scheduled__2024-07-03T10:20:00+00:00 [queued]>
[2024-07-03T10:25:00.960+0000] {taskinstance.py:1159} INFO - Dependencies all met for dep_context=requeueable deps ti=<TaskInstance: reports_workflow.id_task_get_emails scheduled__2024-07-03T10:20:00+00:00 [queued]>
[2024-07-03T10:25:00.960+0000] {taskinstance.py:1361} INFO - Starting attempt 1 of 1
[2024-07-03T10:25:00.972+0000] {taskinstance.py:1382} INFO - Executing <Task(PythonOperator): id_task_get_emails> on 2024-07-03 10:20:00+00:00
[2024-07-03T10:25:00.977+0000] {standard_task_runner.py:57} INFO - Started process 21586 to run task
[2024-07-03T10:25:00.981+0000] {standard_task_runner.py:84} INFO - Running: ['***', 'tasks', 'run', 'reports_workflow', 'id_task_get_emails', 'scheduled__2024-07-03T10:20:00+00:00', '--job-id', '666', '--raw', '--subdir', 'DAGS_FOLDER/dag_email_robot.py', '--cfg-path', '/tmp/tmpcvh4vhhk']
[2024-07-03T10:25:00.983+0000] {standard_task_runner.py:85} INFO - Job 666: Subtask id_task_get_emails
[2024-07-03T10:25:01.059+0000] {task_command.py:415} INFO - Running <TaskInstance: reports_workflow.id_task_get_emails scheduled__2024-07-03T10:20:00+00:00 [running]> on host 6f4ef5488251
[2024-07-03T10:25:01.170+0000] {taskinstance.py:1660} INFO - Exporting env vars: AIRFLOW_CTX_DAG_OWNER='FIRDAVS' AIRFLOW_CTX_DAG_ID='reports_workflow' AIRFLOW_CTX_TASK_ID='id_task_get_emails' AIRFLOW_CTX_EXECUTION_DATE='2024-07-03T10:20:00+00:00' AIRFLOW_CTX_TRY_NUMBER='1' AIRFLOW_CTX_DAG_RUN_ID='scheduled__2024-07-03T10:20:00+00:00'
[2024-07-03T10:25:01.171+0000] {logging_mixin.py:151} INFO - path of config file:  /opt/***
[2024-07-03T10:25:01.172+0000] {logging_mixin.py:151} INFO - #>2024-07-03 10:25:01.172106_User@StatDep: EmailRobot in screated.
[2024-07-03T10:25:01.172+0000] {logging_mixin.py:151} INFO - #>2024-07-03 10:25:01.172299_User@StatDep: get_for_recent_emails is started...
[2024-07-03T10:25:01.172+0000] {logging_mixin.py:151} INFO - #>2024-07-03 10:25:01.172424_User@StatDep: pop3_fetch_emails isstarted...
[2024-07-03T10:25:01.614+0000] {logging_mixin.py:151} INFO -    b'+OK'
[2024-07-03T10:25:01.902+0000] {logging_mixin.py:151} INFO -    mailbox have 0 emails and the robot can process 10
[2024-07-03T10:25:01.902+0000] {logging_mixin.py:151} INFO - #>2024-07-03 10:25:01.902812_User@StatDep: no emails to process, exiting pop3_fetch_emails()...
[2024-07-03T10:25:01.903+0000] {python.py:194} INFO - Done. Returned value was: True
[2024-07-03T10:25:01.945+0000] {taskinstance.py:1400} INFO - Marking task as SUCCESS. dag_id=reports_workflow, task_id=id_task_get_emails, execution_date=20240703T102000, start_date=20240703T102500, end_date=20240703T102501
[2024-07-03T10:25:01.997+0000] {local_task_job_runner.py:228} INFO - Task exited with return code 0
[2024-07-03T10:25:02.031+0000] {taskinstance.py:2784} INFO - 1 downstream tasks scheduled from follow-on schedule check
[2024-07-03T14:47:36.770+0000] {taskinstance.py:1159} INFO - Dependencies all met for dep_context=non-requeueable deps ti=<TaskInstance: reports_workflow.id_task_get_emails scheduled__2024-07-03T10:20:00+00:00 [queued]>
[2024-07-03T14:47:36.808+0000] {taskinstance.py:1159} INFO - Dependencies all met for dep_context=requeueable deps ti=<TaskInstance: reports_workflow.id_task_get_emails scheduled__2024-07-03T10:20:00+00:00 [queued]>
[2024-07-03T14:47:36.808+0000] {taskinstance.py:1361} INFO - Starting attempt 1 of 2
[2024-07-03T14:47:36.864+0000] {taskinstance.py:1382} INFO - Executing <Task(PythonOperator): id_task_get_emails> on 2024-07-03 10:20:00+00:00
[2024-07-03T14:47:36.900+0000] {standard_task_runner.py:57} INFO - Started process 28567 to run task
[2024-07-03T14:47:36.917+0000] {standard_task_runner.py:84} INFO - Running: ['***', 'tasks', 'run', 'reports_workflow', 'id_task_get_emails', 'scheduled__2024-07-03T10:20:00+00:00', '--job-id', '2162', '--raw', '--subdir', 'DAGS_FOLDER/dag_email_robot.py', '--cfg-path', '/tmp/tmpzpk2qezf']
[2024-07-03T14:47:36.921+0000] {standard_task_runner.py:85} INFO - Job 2162: Subtask id_task_get_emails
[2024-07-03T14:47:37.096+0000] {task_command.py:415} INFO - Running <TaskInstance: reports_workflow.id_task_get_emails scheduled__2024-07-03T10:20:00+00:00 [running]> on host 6f4ef5488251
[2024-07-03T14:47:37.285+0000] {taskinstance.py:1660} INFO - Exporting env vars: AIRFLOW_CTX_DAG_OWNER='FIRDAVS' AIRFLOW_CTX_DAG_ID='reports_workflow' AIRFLOW_CTX_TASK_ID='id_task_get_emails' AIRFLOW_CTX_EXECUTION_DATE='2024-07-03T10:20:00+00:00' AIRFLOW_CTX_TRY_NUMBER='1' AIRFLOW_CTX_DAG_RUN_ID='scheduled__2024-07-03T10:20:00+00:00'
[2024-07-03T14:47:37.286+0000] {logging_mixin.py:151} INFO - path of config file:  /opt/***
[2024-07-03T14:47:37.286+0000] {logging_mixin.py:151} INFO - #>2024-07-03 14:47:37.286805_User@StatDep: EmailRobot in screated.
[2024-07-03T14:47:37.287+0000] {logging_mixin.py:151} INFO - #>2024-07-03 14:47:37.286994_User@StatDep: get_for_recent_emails is started...
[2024-07-03T14:47:37.287+0000] {logging_mixin.py:151} INFO - #>2024-07-03 14:47:37.287134_User@StatDep: pop3_fetch_emails isstarted...
[2024-07-03T14:47:37.681+0000] {logging_mixin.py:151} INFO -    b'+OK'
[2024-07-03T14:47:38.005+0000] {logging_mixin.py:151} INFO -    mailbox have 0 emails and the robot can process 10
[2024-07-03T14:47:38.005+0000] {logging_mixin.py:151} INFO - #>2024-07-03 14:47:38.005512_User@StatDep: no emails to process, exiting pop3_fetch_emails()...
[2024-07-03T14:47:38.005+0000] {python.py:194} INFO - Done. Returned value was: True
[2024-07-03T14:47:38.031+0000] {taskinstance.py:1400} INFO - Marking task as SUCCESS. dag_id=reports_workflow, task_id=id_task_get_emails, execution_date=20240703T102000, start_date=20240703T144736, end_date=20240703T144738
[2024-07-03T14:47:38.064+0000] {local_task_job_runner.py:228} INFO - Task exited with return code 0
[2024-07-03T14:47:38.100+0000] {taskinstance.py:2784} INFO - 0 downstream tasks scheduled from follow-on schedule check
[2024-07-03T14:48:11.138+0000] {taskinstance.py:1159} INFO - Dependencies all met for dep_context=non-requeueable deps ti=<TaskInstance: reports_workflow.id_task_get_emails scheduled__2024-07-03T10:20:00+00:00 [queued]>
[2024-07-03T14:48:11.174+0000] {taskinstance.py:1159} INFO - Dependencies all met for dep_context=requeueable deps ti=<TaskInstance: reports_workflow.id_task_get_emails scheduled__2024-07-03T10:20:00+00:00 [queued]>
[2024-07-03T14:48:11.175+0000] {taskinstance.py:1361} INFO - Starting attempt 1 of 2
[2024-07-03T14:48:11.201+0000] {taskinstance.py:1382} INFO - Executing <Task(PythonOperator): id_task_get_emails> on 2024-07-03 10:20:00+00:00
[2024-07-03T14:48:11.208+0000] {standard_task_runner.py:57} INFO - Started process 28707 to run task
[2024-07-03T14:48:11.217+0000] {standard_task_runner.py:84} INFO - Running: ['***', 'tasks', 'run', 'reports_workflow', 'id_task_get_emails', 'scheduled__2024-07-03T10:20:00+00:00', '--job-id', '2228', '--raw', '--subdir', 'DAGS_FOLDER/dag_email_robot.py', '--cfg-path', '/tmp/tmps9jau19g']
[2024-07-03T14:48:11.219+0000] {standard_task_runner.py:85} INFO - Job 2228: Subtask id_task_get_emails
[2024-07-03T14:48:11.328+0000] {task_command.py:415} INFO - Running <TaskInstance: reports_workflow.id_task_get_emails scheduled__2024-07-03T10:20:00+00:00 [running]> on host 6f4ef5488251
[2024-07-03T14:48:11.479+0000] {taskinstance.py:1660} INFO - Exporting env vars: AIRFLOW_CTX_DAG_OWNER='FIRDAVS' AIRFLOW_CTX_DAG_ID='reports_workflow' AIRFLOW_CTX_TASK_ID='id_task_get_emails' AIRFLOW_CTX_EXECUTION_DATE='2024-07-03T10:20:00+00:00' AIRFLOW_CTX_TRY_NUMBER='1' AIRFLOW_CTX_DAG_RUN_ID='scheduled__2024-07-03T10:20:00+00:00'
[2024-07-03T14:48:11.479+0000] {logging_mixin.py:151} INFO - path of config file:  /opt/***
[2024-07-03T14:48:11.480+0000] {logging_mixin.py:151} INFO - #>2024-07-03 14:48:11.480429_User@StatDep: EmailRobot in screated.
[2024-07-03T14:48:11.480+0000] {logging_mixin.py:151} INFO - #>2024-07-03 14:48:11.480600_User@StatDep: get_for_recent_emails is started...
[2024-07-03T14:48:11.480+0000] {logging_mixin.py:151} INFO - #>2024-07-03 14:48:11.480738_User@StatDep: pop3_fetch_emails isstarted...
[2024-07-03T14:48:11.854+0000] {logging_mixin.py:151} INFO -    b'+OK'
[2024-07-03T14:48:12.229+0000] {logging_mixin.py:151} INFO -    mailbox have 0 emails and the robot can process 10
[2024-07-03T14:48:12.229+0000] {logging_mixin.py:151} INFO - #>2024-07-03 14:48:12.229553_User@StatDep: no emails to process, exiting pop3_fetch_emails()...
[2024-07-03T14:48:12.230+0000] {python.py:194} INFO - Done. Returned value was: True
[2024-07-03T14:48:12.261+0000] {taskinstance.py:1400} INFO - Marking task as SUCCESS. dag_id=reports_workflow, task_id=id_task_get_emails, execution_date=20240703T102000, start_date=20240703T144811, end_date=20240703T144812
[2024-07-03T14:48:12.287+0000] {local_task_job_runner.py:228} INFO - Task exited with return code 0
[2024-07-03T14:48:12.316+0000] {taskinstance.py:2784} INFO - 1 downstream tasks scheduled from follow-on schedule check
[2024-07-03T14:55:26.680+0000] {taskinstance.py:1159} INFO - Dependencies all met for dep_context=non-requeueable deps ti=<TaskInstance: reports_workflow.id_task_get_emails scheduled__2024-07-03T10:20:00+00:00 [queued]>
[2024-07-03T14:55:26.714+0000] {taskinstance.py:1159} INFO - Dependencies all met for dep_context=requeueable deps ti=<TaskInstance: reports_workflow.id_task_get_emails scheduled__2024-07-03T10:20:00+00:00 [queued]>
[2024-07-03T14:55:26.714+0000] {taskinstance.py:1361} INFO - Starting attempt 1 of 2
[2024-07-03T14:55:26.751+0000] {taskinstance.py:1382} INFO - Executing <Task(PythonOperator): id_task_get_emails> on 2024-07-03 10:20:00+00:00
[2024-07-03T14:55:26.758+0000] {standard_task_runner.py:57} INFO - Started process 28960 to run task
[2024-07-03T14:55:26.771+0000] {standard_task_runner.py:84} INFO - Running: ['***', 'tasks', 'run', 'reports_workflow', 'id_task_get_emails', 'scheduled__2024-07-03T10:20:00+00:00', '--job-id', '2296', '--raw', '--subdir', 'DAGS_FOLDER/dag_email_robot.py', '--cfg-path', '/tmp/tmpfu8s79o7']
[2024-07-03T14:55:26.772+0000] {standard_task_runner.py:85} INFO - Job 2296: Subtask id_task_get_emails
[2024-07-03T14:55:26.918+0000] {task_command.py:415} INFO - Running <TaskInstance: reports_workflow.id_task_get_emails scheduled__2024-07-03T10:20:00+00:00 [running]> on host 6f4ef5488251
[2024-07-03T14:55:27.129+0000] {taskinstance.py:1660} INFO - Exporting env vars: AIRFLOW_CTX_DAG_OWNER='FIRDAVS' AIRFLOW_CTX_DAG_ID='reports_workflow' AIRFLOW_CTX_TASK_ID='id_task_get_emails' AIRFLOW_CTX_EXECUTION_DATE='2024-07-03T10:20:00+00:00' AIRFLOW_CTX_TRY_NUMBER='1' AIRFLOW_CTX_DAG_RUN_ID='scheduled__2024-07-03T10:20:00+00:00'
[2024-07-03T14:55:27.130+0000] {logging_mixin.py:151} INFO - path of config file:  /opt/***
[2024-07-03T14:55:27.131+0000] {logging_mixin.py:151} INFO - #>2024-07-03 14:55:27.130996_User@StatDep: EmailRobot in screated.
[2024-07-03T14:55:27.131+0000] {logging_mixin.py:151} INFO - #>2024-07-03 14:55:27.131171_User@StatDep: get_for_recent_emails is started...
[2024-07-03T14:55:27.131+0000] {logging_mixin.py:151} INFO - #>2024-07-03 14:55:27.131298_User@StatDep: pop3_fetch_emails isstarted...
[2024-07-03T14:55:27.503+0000] {logging_mixin.py:151} INFO -    b'+OK'
[2024-07-03T14:55:27.833+0000] {logging_mixin.py:151} INFO -    mailbox have 0 emails and the robot can process 10
[2024-07-03T14:55:27.833+0000] {logging_mixin.py:151} INFO - #>2024-07-03 14:55:27.833483_User@StatDep: no emails to process, exiting pop3_fetch_emails()...
[2024-07-03T14:55:27.833+0000] {python.py:194} INFO - Done. Returned value was: True
[2024-07-03T14:55:27.856+0000] {taskinstance.py:1400} INFO - Marking task as SUCCESS. dag_id=reports_workflow, task_id=id_task_get_emails, execution_date=20240703T102000, start_date=20240703T145526, end_date=20240703T145527
[2024-07-03T14:55:27.877+0000] {local_task_job_runner.py:228} INFO - Task exited with return code 0
[2024-07-03T14:55:27.911+0000] {taskinstance.py:2784} INFO - 1 downstream tasks scheduled from follow-on schedule check
