[2024-07-03T14:41:58.178+0000] {taskinstance.py:1159} INFO - Dependencies all met for dep_context=non-requeueable deps ti=<TaskInstance: reports_workflow.id_task_get_emails scheduled__2024-07-01T07:05:00+00:00 [queued]>
[2024-07-03T14:41:58.191+0000] {taskinstance.py:1159} INFO - Dependencies all met for dep_context=requeueable deps ti=<TaskInstance: reports_workflow.id_task_get_emails scheduled__2024-07-01T07:05:00+00:00 [queued]>
[2024-07-03T14:41:58.191+0000] {taskinstance.py:1361} INFO - Starting attempt 1 of 2
[2024-07-03T14:41:58.215+0000] {taskinstance.py:1382} INFO - Executing <Task(PythonOperator): id_task_get_emails> on 2024-07-01 07:05:00+00:00
[2024-07-03T14:41:58.228+0000] {standard_task_runner.py:57} INFO - Started process 27903 to run task
[2024-07-03T14:41:58.240+0000] {standard_task_runner.py:84} INFO - Running: ['***', 'tasks', 'run', 'reports_workflow', 'id_task_get_emails', 'scheduled__2024-07-01T07:05:00+00:00', '--job-id', '1871', '--raw', '--subdir', 'DAGS_FOLDER/dag_email_robot.py', '--cfg-path', '/tmp/tmpip084pbf']
[2024-07-03T14:41:58.242+0000] {standard_task_runner.py:85} INFO - Job 1871: Subtask id_task_get_emails
[2024-07-03T14:41:58.319+0000] {task_command.py:415} INFO - Running <TaskInstance: reports_workflow.id_task_get_emails scheduled__2024-07-01T07:05:00+00:00 [running]> on host 6f4ef5488251
[2024-07-03T14:41:58.460+0000] {taskinstance.py:1660} INFO - Exporting env vars: AIRFLOW_CTX_DAG_OWNER='FIRDAVS' AIRFLOW_CTX_DAG_ID='reports_workflow' AIRFLOW_CTX_TASK_ID='id_task_get_emails' AIRFLOW_CTX_EXECUTION_DATE='2024-07-01T07:05:00+00:00' AIRFLOW_CTX_TRY_NUMBER='1' AIRFLOW_CTX_DAG_RUN_ID='scheduled__2024-07-01T07:05:00+00:00'
[2024-07-03T14:41:58.462+0000] {logging_mixin.py:151} INFO - path of config file:  /opt/***
[2024-07-03T14:41:58.463+0000] {logging_mixin.py:151} INFO - #>2024-07-03 14:41:58.462981_User@StatDep: EmailRobot in screated.
[2024-07-03T14:41:58.463+0000] {logging_mixin.py:151} INFO - #>2024-07-03 14:41:58.463199_User@StatDep: get_for_recent_emails is started...
[2024-07-03T14:41:58.463+0000] {logging_mixin.py:151} INFO - #>2024-07-03 14:41:58.463345_User@StatDep: pop3_fetch_emails isstarted...
[2024-07-03T14:41:58.845+0000] {logging_mixin.py:151} INFO -    b'+OK'
[2024-07-03T14:41:59.192+0000] {logging_mixin.py:151} INFO -    mailbox have 0 emails and the robot can process 10
[2024-07-03T14:41:59.193+0000] {logging_mixin.py:151} INFO - #>2024-07-03 14:41:59.193188_User@StatDep: no emails to process, exiting pop3_fetch_emails()...
[2024-07-03T14:41:59.193+0000] {python.py:194} INFO - Done. Returned value was: True
[2024-07-03T14:41:59.252+0000] {taskinstance.py:1400} INFO - Marking task as SUCCESS. dag_id=reports_workflow, task_id=id_task_get_emails, execution_date=20240701T070500, start_date=20240703T144158, end_date=20240703T144159
[2024-07-03T14:41:59.350+0000] {local_task_job_runner.py:228} INFO - Task exited with return code 0
[2024-07-03T14:41:59.446+0000] {taskinstance.py:2784} INFO - 1 downstream tasks scheduled from follow-on schedule check
[2024-07-03T14:42:43.745+0000] {taskinstance.py:1159} INFO - Dependencies all met for dep_context=non-requeueable deps ti=<TaskInstance: reports_workflow.id_task_get_emails scheduled__2024-07-01T07:05:00+00:00 [queued]>
[2024-07-03T14:42:43.793+0000] {taskinstance.py:1159} INFO - Dependencies all met for dep_context=requeueable deps ti=<TaskInstance: reports_workflow.id_task_get_emails scheduled__2024-07-01T07:05:00+00:00 [queued]>
[2024-07-03T14:42:43.794+0000] {taskinstance.py:1361} INFO - Starting attempt 1 of 2
[2024-07-03T14:42:43.820+0000] {taskinstance.py:1382} INFO - Executing <Task(PythonOperator): id_task_get_emails> on 2024-07-01 07:05:00+00:00
[2024-07-03T14:42:43.825+0000] {standard_task_runner.py:57} INFO - Started process 27967 to run task
[2024-07-03T14:42:43.836+0000] {standard_task_runner.py:84} INFO - Running: ['***', 'tasks', 'run', 'reports_workflow', 'id_task_get_emails', 'scheduled__2024-07-01T07:05:00+00:00', '--job-id', '1899', '--raw', '--subdir', 'DAGS_FOLDER/dag_email_robot.py', '--cfg-path', '/tmp/tmp8zks1dz6']
[2024-07-03T14:42:43.837+0000] {standard_task_runner.py:85} INFO - Job 1899: Subtask id_task_get_emails
[2024-07-03T14:42:43.925+0000] {task_command.py:415} INFO - Running <TaskInstance: reports_workflow.id_task_get_emails scheduled__2024-07-01T07:05:00+00:00 [running]> on host 6f4ef5488251
[2024-07-03T14:42:44.069+0000] {taskinstance.py:1660} INFO - Exporting env vars: AIRFLOW_CTX_DAG_OWNER='FIRDAVS' AIRFLOW_CTX_DAG_ID='reports_workflow' AIRFLOW_CTX_TASK_ID='id_task_get_emails' AIRFLOW_CTX_EXECUTION_DATE='2024-07-01T07:05:00+00:00' AIRFLOW_CTX_TRY_NUMBER='1' AIRFLOW_CTX_DAG_RUN_ID='scheduled__2024-07-01T07:05:00+00:00'
[2024-07-03T14:42:44.072+0000] {logging_mixin.py:151} INFO - path of config file:  /opt/***
[2024-07-03T14:42:44.073+0000] {logging_mixin.py:151} INFO - #>2024-07-03 14:42:44.072959_User@StatDep: EmailRobot in screated.
[2024-07-03T14:42:44.073+0000] {logging_mixin.py:151} INFO - #>2024-07-03 14:42:44.073307_User@StatDep: get_for_recent_emails is started...
[2024-07-03T14:42:44.073+0000] {logging_mixin.py:151} INFO - #>2024-07-03 14:42:44.073481_User@StatDep: pop3_fetch_emails isstarted...
[2024-07-03T14:42:44.467+0000] {logging_mixin.py:151} INFO -    b'+OK'
[2024-07-03T14:42:45.023+0000] {logging_mixin.py:151} INFO -    mailbox have 0 emails and the robot can process 10
[2024-07-03T14:42:45.023+0000] {logging_mixin.py:151} INFO - #>2024-07-03 14:42:45.023767_User@StatDep: no emails to process, exiting pop3_fetch_emails()...
[2024-07-03T14:42:45.024+0000] {python.py:194} INFO - Done. Returned value was: True
[2024-07-03T14:42:45.096+0000] {taskinstance.py:1400} INFO - Marking task as SUCCESS. dag_id=reports_workflow, task_id=id_task_get_emails, execution_date=20240701T070500, start_date=20240703T144243, end_date=20240703T144245
[2024-07-03T14:42:45.135+0000] {local_task_job_runner.py:228} INFO - Task exited with return code 0
[2024-07-03T14:42:45.164+0000] {taskinstance.py:2784} INFO - 1 downstream tasks scheduled from follow-on schedule check
