[2024-07-08T08:40:01.651+0000] {taskinstance.py:1159} INFO - Dependencies all met for dep_context=non-requeueable deps ti=<TaskInstance: reports_workflow.id_task_get_emails scheduled__2024-07-08T08:35:00+00:00 [queued]>
[2024-07-08T08:40:01.658+0000] {taskinstance.py:1159} INFO - Dependencies all met for dep_context=requeueable deps ti=<TaskInstance: reports_workflow.id_task_get_emails scheduled__2024-07-08T08:35:00+00:00 [queued]>
[2024-07-08T08:40:01.658+0000] {taskinstance.py:1361} INFO - Starting attempt 1 of 2
[2024-07-08T08:40:01.670+0000] {taskinstance.py:1382} INFO - Executing <Task(PythonOperator): id_task_get_emails> on 2024-07-08 08:35:00+00:00
[2024-07-08T08:40:01.675+0000] {standard_task_runner.py:57} INFO - Started process 6004 to run task
[2024-07-08T08:40:01.682+0000] {standard_task_runner.py:84} INFO - Running: ['***', 'tasks', 'run', 'reports_workflow', 'id_task_get_emails', 'scheduled__2024-07-08T08:35:00+00:00', '--job-id', '3644', '--raw', '--subdir', 'DAGS_FOLDER/dag_email_robot.py', '--cfg-path', '/tmp/tmpcnk5zl_v']
[2024-07-08T08:40:01.688+0000] {standard_task_runner.py:85} INFO - Job 3644: Subtask id_task_get_emails
[2024-07-08T08:40:01.766+0000] {task_command.py:415} INFO - Running <TaskInstance: reports_workflow.id_task_get_emails scheduled__2024-07-08T08:35:00+00:00 [running]> on host 6f4ef5488251
[2024-07-08T08:40:01.879+0000] {taskinstance.py:1660} INFO - Exporting env vars: AIRFLOW_CTX_DAG_OWNER='FIRDAVS' AIRFLOW_CTX_DAG_ID='reports_workflow' AIRFLOW_CTX_TASK_ID='id_task_get_emails' AIRFLOW_CTX_EXECUTION_DATE='2024-07-08T08:35:00+00:00' AIRFLOW_CTX_TRY_NUMBER='1' AIRFLOW_CTX_DAG_RUN_ID='scheduled__2024-07-08T08:35:00+00:00'
[2024-07-08T08:40:01.880+0000] {logging_mixin.py:151} INFO - path of config file:  /opt/***
[2024-07-08T08:40:01.881+0000] {logging_mixin.py:151} INFO - #>2024-07-08 08:40:01.881435_User@StatDep: EmailRobot in screated.
[2024-07-08T08:40:01.881+0000] {logging_mixin.py:151} INFO - #>2024-07-08 08:40:01.881605_User@StatDep: get_for_recent_emails is started...
[2024-07-08T08:40:01.881+0000] {logging_mixin.py:151} INFO - #>2024-07-08 08:40:01.881729_User@StatDep: pop3_fetch_emails isstarted...
[2024-07-08T08:40:02.370+0000] {logging_mixin.py:151} INFO -    b'+OK'
[2024-07-08T08:40:02.699+0000] {logging_mixin.py:151} INFO -    mailbox have 0 emails and the robot can process 10
[2024-07-08T08:40:02.700+0000] {logging_mixin.py:151} INFO - #>2024-07-08 08:40:02.699982_User@StatDep: no emails to process, exiting pop3_fetch_emails()...
[2024-07-08T08:40:02.700+0000] {python.py:194} INFO - Done. Returned value was: True
[2024-07-08T08:40:02.739+0000] {taskinstance.py:1400} INFO - Marking task as SUCCESS. dag_id=reports_workflow, task_id=id_task_get_emails, execution_date=20240708T083500, start_date=20240708T084001, end_date=20240708T084002
[2024-07-08T08:40:02.775+0000] {local_task_job_runner.py:228} INFO - Task exited with return code 0
[2024-07-08T08:40:02.810+0000] {taskinstance.py:2784} INFO - 1 downstream tasks scheduled from follow-on schedule check
[2024-07-08T10:22:55.396+0000] {taskinstance.py:1159} INFO - Dependencies all met for dep_context=non-requeueable deps ti=<TaskInstance: reports_workflow.id_task_get_emails scheduled__2024-07-08T08:35:00+00:00 [queued]>
[2024-07-08T10:22:55.408+0000] {taskinstance.py:1159} INFO - Dependencies all met for dep_context=requeueable deps ti=<TaskInstance: reports_workflow.id_task_get_emails scheduled__2024-07-08T08:35:00+00:00 [queued]>
[2024-07-08T10:22:55.409+0000] {taskinstance.py:1361} INFO - Starting attempt 1 of 2
[2024-07-08T10:22:55.425+0000] {taskinstance.py:1382} INFO - Executing <Task(PythonOperator): id_task_get_emails> on 2024-07-08 08:35:00+00:00
[2024-07-08T10:22:55.434+0000] {standard_task_runner.py:57} INFO - Started process 8222 to run task
[2024-07-08T10:22:55.440+0000] {standard_task_runner.py:84} INFO - Running: ['***', 'tasks', 'run', 'reports_workflow', 'id_task_get_emails', 'scheduled__2024-07-08T08:35:00+00:00', '--job-id', '3860', '--raw', '--subdir', 'DAGS_FOLDER/dag_email_robot.py', '--cfg-path', '/tmp/tmp4hrxhfxb']
[2024-07-08T10:22:55.444+0000] {standard_task_runner.py:85} INFO - Job 3860: Subtask id_task_get_emails
[2024-07-08T10:22:55.541+0000] {task_command.py:415} INFO - Running <TaskInstance: reports_workflow.id_task_get_emails scheduled__2024-07-08T08:35:00+00:00 [running]> on host 6f4ef5488251
[2024-07-08T10:22:55.706+0000] {taskinstance.py:1660} INFO - Exporting env vars: AIRFLOW_CTX_DAG_OWNER='FIRDAVS' AIRFLOW_CTX_DAG_ID='reports_workflow' AIRFLOW_CTX_TASK_ID='id_task_get_emails' AIRFLOW_CTX_EXECUTION_DATE='2024-07-08T08:35:00+00:00' AIRFLOW_CTX_TRY_NUMBER='1' AIRFLOW_CTX_DAG_RUN_ID='scheduled__2024-07-08T08:35:00+00:00'
[2024-07-08T10:22:55.709+0000] {logging_mixin.py:151} INFO - path of config file:  /opt/***
[2024-07-08T10:22:55.710+0000] {logging_mixin.py:151} INFO - #>2024-07-08 10:22:55.710045_User@StatDep: EmailRobot in screated.
[2024-07-08T10:22:55.711+0000] {logging_mixin.py:151} INFO - #>2024-07-08 10:22:55.711370_User@StatDep: get_for_recent_emails is started...
[2024-07-08T10:22:55.714+0000] {logging_mixin.py:151} INFO - #>2024-07-08 10:22:55.714256_User@StatDep: pop3_fetch_emails isstarted...
[2024-07-08T10:22:56.096+0000] {logging_mixin.py:151} INFO -    b'+OK'
[2024-07-08T10:22:56.439+0000] {logging_mixin.py:151} INFO -    mailbox have 0 emails and the robot can process 10
[2024-07-08T10:22:56.440+0000] {logging_mixin.py:151} INFO - #>2024-07-08 10:22:56.440368_User@StatDep: no emails to process, exiting pop3_fetch_emails()...
[2024-07-08T10:22:56.441+0000] {python.py:194} INFO - Done. Returned value was: True
[2024-07-08T10:22:56.464+0000] {taskinstance.py:1400} INFO - Marking task as SUCCESS. dag_id=reports_workflow, task_id=id_task_get_emails, execution_date=20240708T083500, start_date=20240708T102255, end_date=20240708T102256
[2024-07-08T10:22:56.523+0000] {local_task_job_runner.py:228} INFO - Task exited with return code 0
[2024-07-08T10:22:56.562+0000] {taskinstance.py:2784} INFO - 1 downstream tasks scheduled from follow-on schedule check
