[2024-07-04T05:08:20.734+0000] {taskinstance.py:1159} INFO - Dependencies all met for dep_context=non-requeueable deps ti=<TaskInstance: reports_workflow.id_task_send_emails scheduled__2024-07-04T04:50:00+00:00 [queued]>
[2024-07-04T05:08:20.747+0000] {taskinstance.py:1159} INFO - Dependencies all met for dep_context=requeueable deps ti=<TaskInstance: reports_workflow.id_task_send_emails scheduled__2024-07-04T04:50:00+00:00 [queued]>
[2024-07-04T05:08:20.748+0000] {taskinstance.py:1361} INFO - Starting attempt 1 of 2
[2024-07-04T05:08:20.765+0000] {taskinstance.py:1382} INFO - Executing <Task(PythonOperator): id_task_send_emails> on 2024-07-04 04:50:00+00:00
[2024-07-04T05:08:20.770+0000] {standard_task_runner.py:57} INFO - Started process 42233 to run task
[2024-07-04T05:08:20.774+0000] {standard_task_runner.py:84} INFO - Running: ['***', 'tasks', 'run', 'reports_workflow', 'id_task_send_emails', 'scheduled__2024-07-04T04:50:00+00:00', '--job-id', '2414', '--raw', '--subdir', 'DAGS_FOLDER/dag_email_robot.py', '--cfg-path', '/tmp/tmpwjuai1id']
[2024-07-04T05:08:20.776+0000] {standard_task_runner.py:85} INFO - Job 2414: Subtask id_task_send_emails
[2024-07-04T05:08:20.848+0000] {task_command.py:415} INFO - Running <TaskInstance: reports_workflow.id_task_send_emails scheduled__2024-07-04T04:50:00+00:00 [running]> on host 6f4ef5488251
[2024-07-04T05:08:20.943+0000] {taskinstance.py:1660} INFO - Exporting env vars: AIRFLOW_CTX_DAG_OWNER='FIRDAVS' AIRFLOW_CTX_DAG_ID='reports_workflow' AIRFLOW_CTX_TASK_ID='id_task_send_emails' AIRFLOW_CTX_EXECUTION_DATE='2024-07-04T04:50:00+00:00' AIRFLOW_CTX_TRY_NUMBER='1' AIRFLOW_CTX_DAG_RUN_ID='scheduled__2024-07-04T04:50:00+00:00'
[2024-07-04T05:08:20.944+0000] {logging_mixin.py:151} INFO - path of config file:  /opt/***
[2024-07-04T05:08:20.945+0000] {logging_mixin.py:151} INFO - #>2024-07-04 05:08:20.945446_User@StatDep: EmailRobot in screated.
[2024-07-04T05:08:20.946+0000] {logging_mixin.py:151} INFO - #>2024-07-04 05:08:20.945973_User@StatDep: send_validation_results is started...
[2024-07-04T05:08:20.956+0000] {logging_mixin.py:151} INFO -    #>2024-07-04 05:08:20.956915_conneciton to db is set.
[2024-07-04T05:08:20.960+0000] {logging_mixin.py:151} INFO -    #>2024-07-04 05:08:20.960227_cursor execution is successful.
[2024-07-04T05:08:20.961+0000] {logging_mixin.py:151} INFO -    There is no any new submissions found. The get_validation_results is over.
[2024-07-04T05:08:20.962+0000] {python.py:194} INFO - Done. Returned value was: True
[2024-07-04T05:08:20.989+0000] {taskinstance.py:1400} INFO - Marking task as SUCCESS. dag_id=reports_workflow, task_id=id_task_send_emails, execution_date=20240704T045000, start_date=20240704T050820, end_date=20240704T050820
[2024-07-04T05:08:21.036+0000] {local_task_job_runner.py:228} INFO - Task exited with return code 0
[2024-07-04T05:08:21.053+0000] {taskinstance.py:2784} INFO - 0 downstream tasks scheduled from follow-on schedule check
[2024-07-04T05:31:47.765+0000] {taskinstance.py:1159} INFO - Dependencies all met for dep_context=non-requeueable deps ti=<TaskInstance: reports_workflow.id_task_send_emails scheduled__2024-07-04T04:50:00+00:00 [queued]>
[2024-07-04T05:31:47.775+0000] {taskinstance.py:1159} INFO - Dependencies all met for dep_context=requeueable deps ti=<TaskInstance: reports_workflow.id_task_send_emails scheduled__2024-07-04T04:50:00+00:00 [queued]>
[2024-07-04T05:31:47.775+0000] {taskinstance.py:1361} INFO - Starting attempt 1 of 2
[2024-07-04T05:31:47.788+0000] {taskinstance.py:1382} INFO - Executing <Task(PythonOperator): id_task_send_emails> on 2024-07-04 04:50:00+00:00
[2024-07-04T05:31:47.796+0000] {standard_task_runner.py:57} INFO - Started process 42694 to run task
[2024-07-04T05:31:47.803+0000] {standard_task_runner.py:84} INFO - Running: ['***', 'tasks', 'run', 'reports_workflow', 'id_task_send_emails', 'scheduled__2024-07-04T04:50:00+00:00', '--job-id', '2464', '--raw', '--subdir', 'DAGS_FOLDER/dag_email_robot.py', '--cfg-path', '/tmp/tmppm_vs4uc']
[2024-07-04T05:31:47.804+0000] {standard_task_runner.py:85} INFO - Job 2464: Subtask id_task_send_emails
[2024-07-04T05:31:47.890+0000] {task_command.py:415} INFO - Running <TaskInstance: reports_workflow.id_task_send_emails scheduled__2024-07-04T04:50:00+00:00 [running]> on host 6f4ef5488251
[2024-07-04T05:31:48.025+0000] {taskinstance.py:1660} INFO - Exporting env vars: AIRFLOW_CTX_DAG_OWNER='FIRDAVS' AIRFLOW_CTX_DAG_ID='reports_workflow' AIRFLOW_CTX_TASK_ID='id_task_send_emails' AIRFLOW_CTX_EXECUTION_DATE='2024-07-04T04:50:00+00:00' AIRFLOW_CTX_TRY_NUMBER='1' AIRFLOW_CTX_DAG_RUN_ID='scheduled__2024-07-04T04:50:00+00:00'
[2024-07-04T05:31:48.026+0000] {logging_mixin.py:151} INFO - path of config file:  /opt/***
[2024-07-04T05:31:48.026+0000] {logging_mixin.py:151} INFO - #>2024-07-04 05:31:48.026667_User@StatDep: EmailRobot in screated.
[2024-07-04T05:31:48.026+0000] {logging_mixin.py:151} INFO - #>2024-07-04 05:31:48.026859_User@StatDep: send_validation_results is started...
[2024-07-04T05:31:48.037+0000] {logging_mixin.py:151} INFO -    #>2024-07-04 05:31:48.037177_conneciton to db is set.
[2024-07-04T05:31:48.039+0000] {logging_mixin.py:151} INFO -    #>2024-07-04 05:31:48.039018_cursor execution is successful.
[2024-07-04T05:31:48.039+0000] {logging_mixin.py:151} INFO -    There is no any new submissions found. The get_validation_results is over.
[2024-07-04T05:31:48.041+0000] {python.py:194} INFO - Done. Returned value was: True
[2024-07-04T05:31:48.082+0000] {taskinstance.py:1400} INFO - Marking task as SUCCESS. dag_id=reports_workflow, task_id=id_task_send_emails, execution_date=20240704T045000, start_date=20240704T053147, end_date=20240704T053148
[2024-07-04T05:31:48.134+0000] {local_task_job_runner.py:228} INFO - Task exited with return code 0
[2024-07-04T05:31:48.153+0000] {taskinstance.py:2784} INFO - 0 downstream tasks scheduled from follow-on schedule check
[2024-07-04T05:35:02.197+0000] {taskinstance.py:1159} INFO - Dependencies all met for dep_context=non-requeueable deps ti=<TaskInstance: reports_workflow.id_task_send_emails scheduled__2024-07-04T04:50:00+00:00 [queued]>
[2024-07-04T05:35:02.228+0000] {taskinstance.py:1159} INFO - Dependencies all met for dep_context=requeueable deps ti=<TaskInstance: reports_workflow.id_task_send_emails scheduled__2024-07-04T04:50:00+00:00 [queued]>
[2024-07-04T05:35:02.228+0000] {taskinstance.py:1361} INFO - Starting attempt 1 of 2
[2024-07-04T05:35:02.270+0000] {taskinstance.py:1382} INFO - Executing <Task(PythonOperator): id_task_send_emails> on 2024-07-04 04:50:00+00:00
[2024-07-04T05:35:02.277+0000] {standard_task_runner.py:57} INFO - Started process 42850 to run task
[2024-07-04T05:35:02.318+0000] {standard_task_runner.py:84} INFO - Running: ['***', 'tasks', 'run', 'reports_workflow', 'id_task_send_emails', 'scheduled__2024-07-04T04:50:00+00:00', '--job-id', '2515', '--raw', '--subdir', 'DAGS_FOLDER/dag_email_robot.py', '--cfg-path', '/tmp/tmp1ifvblfs']
[2024-07-04T05:35:02.319+0000] {standard_task_runner.py:85} INFO - Job 2515: Subtask id_task_send_emails
[2024-07-04T05:35:02.443+0000] {task_command.py:415} INFO - Running <TaskInstance: reports_workflow.id_task_send_emails scheduled__2024-07-04T04:50:00+00:00 [running]> on host 6f4ef5488251
[2024-07-04T05:35:02.599+0000] {taskinstance.py:1660} INFO - Exporting env vars: AIRFLOW_CTX_DAG_OWNER='FIRDAVS' AIRFLOW_CTX_DAG_ID='reports_workflow' AIRFLOW_CTX_TASK_ID='id_task_send_emails' AIRFLOW_CTX_EXECUTION_DATE='2024-07-04T04:50:00+00:00' AIRFLOW_CTX_TRY_NUMBER='1' AIRFLOW_CTX_DAG_RUN_ID='scheduled__2024-07-04T04:50:00+00:00'
[2024-07-04T05:35:02.600+0000] {logging_mixin.py:151} INFO - path of config file:  /opt/***
[2024-07-04T05:35:02.600+0000] {logging_mixin.py:151} INFO - #>2024-07-04 05:35:02.600803_User@StatDep: EmailRobot in screated.
[2024-07-04T05:35:02.601+0000] {logging_mixin.py:151} INFO - #>2024-07-04 05:35:02.601011_User@StatDep: send_validation_results is started...
[2024-07-04T05:35:02.612+0000] {logging_mixin.py:151} INFO -    #>2024-07-04 05:35:02.612456_conneciton to db is set.
[2024-07-04T05:35:02.614+0000] {logging_mixin.py:151} INFO -    #>2024-07-04 05:35:02.614684_cursor execution is successful.
[2024-07-04T05:35:02.614+0000] {logging_mixin.py:151} INFO -    There is no any new submissions found. The get_validation_results is over.
[2024-07-04T05:35:02.617+0000] {python.py:194} INFO - Done. Returned value was: True
[2024-07-04T05:35:02.677+0000] {taskinstance.py:1400} INFO - Marking task as SUCCESS. dag_id=reports_workflow, task_id=id_task_send_emails, execution_date=20240704T045000, start_date=20240704T053502, end_date=20240704T053502
[2024-07-04T05:35:02.719+0000] {local_task_job_runner.py:228} INFO - Task exited with return code 0
[2024-07-04T05:35:02.754+0000] {taskinstance.py:2784} INFO - 0 downstream tasks scheduled from follow-on schedule check
