[2024-08-02T06:30:02.153+0000] {taskinstance.py:1159} INFO - Dependencies all met for dep_context=non-requeueable deps ti=<TaskInstance: reports_workflow.id_task_get_emails scheduled__2024-08-02T06:25:00+00:00 [queued]>
[2024-08-02T06:30:02.160+0000] {taskinstance.py:1159} INFO - Dependencies all met for dep_context=requeueable deps ti=<TaskInstance: reports_workflow.id_task_get_emails scheduled__2024-08-02T06:25:00+00:00 [queued]>
[2024-08-02T06:30:02.160+0000] {taskinstance.py:1361} INFO - Starting attempt 1 of 2
[2024-08-02T06:30:02.173+0000] {taskinstance.py:1382} INFO - Executing <Task(PythonOperator): id_task_get_emails> on 2024-08-02 06:25:00+00:00
[2024-08-02T06:30:02.178+0000] {standard_task_runner.py:57} INFO - Started process 65671 to run task
[2024-08-02T06:30:02.182+0000] {standard_task_runner.py:84} INFO - Running: ['***', 'tasks', 'run', 'reports_workflow', 'id_task_get_emails', 'scheduled__2024-08-02T06:25:00+00:00', '--job-id', '1798', '--raw', '--subdir', 'DAGS_FOLDER/dag_stat_report.py', '--cfg-path', '/tmp/tmps9920h9u']
[2024-08-02T06:30:02.186+0000] {standard_task_runner.py:85} INFO - Job 1798: Subtask id_task_get_emails
[2024-08-02T06:30:02.294+0000] {task_command.py:415} INFO - Running <TaskInstance: reports_workflow.id_task_get_emails scheduled__2024-08-02T06:25:00+00:00 [running]> on host 6bb718ab9b8f
[2024-08-02T06:30:02.444+0000] {taskinstance.py:1660} INFO - Exporting env vars: AIRFLOW_CTX_DAG_OWNER='FIRDAVS' AIRFLOW_CTX_DAG_ID='reports_workflow' AIRFLOW_CTX_TASK_ID='id_task_get_emails' AIRFLOW_CTX_EXECUTION_DATE='2024-08-02T06:25:00+00:00' AIRFLOW_CTX_TRY_NUMBER='1' AIRFLOW_CTX_DAG_RUN_ID='scheduled__2024-08-02T06:25:00+00:00'
[2024-08-02T06:30:02.445+0000] {logging_mixin.py:151} INFO - path of config file:  /opt/***
[2024-08-02T06:30:02.446+0000] {logging_mixin.py:151} INFO - #>2024-08-02 06:30:02.446396_User@StatDep: EmailRobot in screated.
[2024-08-02T06:30:02.446+0000] {logging_mixin.py:151} INFO - #>2024-08-02 06:30:02.446592_User@StatDep: get_for_recent_emails is started...
[2024-08-02T06:30:02.446+0000] {logging_mixin.py:151} INFO - #>2024-08-02 06:30:02.446736_User@StatDep: pop3_fetch_emails isstarted...
[2024-08-02T06:30:03.053+0000] {logging_mixin.py:151} INFO -    b'+OK'
[2024-08-02T06:30:03.423+0000] {logging_mixin.py:151} INFO -    mailbox have 0 emails and the robot can process 10
[2024-08-02T06:30:03.424+0000] {logging_mixin.py:151} INFO - #>2024-08-02 06:30:03.424148_User@StatDep: no emails to process, exiting pop3_fetch_emails()...
[2024-08-02T06:30:03.425+0000] {python.py:194} INFO - Done. Returned value was: True
[2024-08-02T06:30:03.462+0000] {taskinstance.py:1400} INFO - Marking task as SUCCESS. dag_id=reports_workflow, task_id=id_task_get_emails, execution_date=20240802T062500, start_date=20240802T063002, end_date=20240802T063003
[2024-08-02T06:30:03.480+0000] {local_task_job_runner.py:228} INFO - Task exited with return code 0
[2024-08-02T06:30:03.531+0000] {taskinstance.py:2784} INFO - 1 downstream tasks scheduled from follow-on schedule check
