[2024-07-08T08:00:01.618+0000] {taskinstance.py:1159} INFO - Dependencies all met for dep_context=non-requeueable deps ti=<TaskInstance: reports_workflow.id_task_get_emails scheduled__2024-07-08T07:55:00+00:00 [queued]>
[2024-07-08T08:00:01.625+0000] {taskinstance.py:1159} INFO - Dependencies all met for dep_context=requeueable deps ti=<TaskInstance: reports_workflow.id_task_get_emails scheduled__2024-07-08T07:55:00+00:00 [queued]>
[2024-07-08T08:00:01.625+0000] {taskinstance.py:1361} INFO - Starting attempt 1 of 2
[2024-07-08T08:00:01.637+0000] {taskinstance.py:1382} INFO - Executing <Task(PythonOperator): id_task_get_emails> on 2024-07-08 07:55:00+00:00
[2024-07-08T08:00:01.643+0000] {standard_task_runner.py:57} INFO - Started process 5318 to run task
[2024-07-08T08:00:01.648+0000] {standard_task_runner.py:84} INFO - Running: ['***', 'tasks', 'run', 'reports_workflow', 'id_task_get_emails', 'scheduled__2024-07-08T07:55:00+00:00', '--job-id', '3620', '--raw', '--subdir', 'DAGS_FOLDER/dag_email_robot.py', '--cfg-path', '/tmp/tmp0hsmy8aq']
[2024-07-08T08:00:01.653+0000] {standard_task_runner.py:85} INFO - Job 3620: Subtask id_task_get_emails
[2024-07-08T08:00:01.725+0000] {task_command.py:415} INFO - Running <TaskInstance: reports_workflow.id_task_get_emails scheduled__2024-07-08T07:55:00+00:00 [running]> on host 6f4ef5488251
[2024-07-08T08:00:01.834+0000] {taskinstance.py:1660} INFO - Exporting env vars: AIRFLOW_CTX_DAG_OWNER='FIRDAVS' AIRFLOW_CTX_DAG_ID='reports_workflow' AIRFLOW_CTX_TASK_ID='id_task_get_emails' AIRFLOW_CTX_EXECUTION_DATE='2024-07-08T07:55:00+00:00' AIRFLOW_CTX_TRY_NUMBER='1' AIRFLOW_CTX_DAG_RUN_ID='scheduled__2024-07-08T07:55:00+00:00'
[2024-07-08T08:00:01.836+0000] {logging_mixin.py:151} INFO - path of config file:  /opt/***
[2024-07-08T08:00:01.837+0000] {logging_mixin.py:151} INFO - #>2024-07-08 08:00:01.837367_User@StatDep: EmailRobot in screated.
[2024-07-08T08:00:01.837+0000] {logging_mixin.py:151} INFO - #>2024-07-08 08:00:01.837578_User@StatDep: get_for_recent_emails is started...
[2024-07-08T08:00:01.838+0000] {logging_mixin.py:151} INFO - #>2024-07-08 08:00:01.838287_User@StatDep: pop3_fetch_emails isstarted...
[2024-07-08T08:00:02.452+0000] {logging_mixin.py:151} INFO -    b'+OK'
[2024-07-08T08:00:02.746+0000] {logging_mixin.py:151} INFO -    mailbox have 0 emails and the robot can process 10
[2024-07-08T08:00:02.747+0000] {logging_mixin.py:151} INFO - #>2024-07-08 08:00:02.747202_User@StatDep: no emails to process, exiting pop3_fetch_emails()...
[2024-07-08T08:00:02.748+0000] {python.py:194} INFO - Done. Returned value was: True
[2024-07-08T08:00:02.788+0000] {taskinstance.py:1400} INFO - Marking task as SUCCESS. dag_id=reports_workflow, task_id=id_task_get_emails, execution_date=20240708T075500, start_date=20240708T080001, end_date=20240708T080002
[2024-07-08T08:00:02.827+0000] {local_task_job_runner.py:228} INFO - Task exited with return code 0
[2024-07-08T08:00:02.863+0000] {taskinstance.py:2784} INFO - 1 downstream tasks scheduled from follow-on schedule check
[2024-07-08T10:22:22.838+0000] {taskinstance.py:1159} INFO - Dependencies all met for dep_context=non-requeueable deps ti=<TaskInstance: reports_workflow.id_task_get_emails scheduled__2024-07-08T07:55:00+00:00 [queued]>
[2024-07-08T10:22:22.909+0000] {taskinstance.py:1159} INFO - Dependencies all met for dep_context=requeueable deps ti=<TaskInstance: reports_workflow.id_task_get_emails scheduled__2024-07-08T07:55:00+00:00 [queued]>
[2024-07-08T10:22:22.909+0000] {taskinstance.py:1361} INFO - Starting attempt 1 of 2
[2024-07-08T10:22:22.924+0000] {taskinstance.py:1382} INFO - Executing <Task(PythonOperator): id_task_get_emails> on 2024-07-08 07:55:00+00:00
[2024-07-08T10:22:22.929+0000] {standard_task_runner.py:57} INFO - Started process 8063 to run task
[2024-07-08T10:22:22.940+0000] {standard_task_runner.py:84} INFO - Running: ['***', 'tasks', 'run', 'reports_workflow', 'id_task_get_emails', 'scheduled__2024-07-08T07:55:00+00:00', '--job-id', '3810', '--raw', '--subdir', 'DAGS_FOLDER/dag_email_robot.py', '--cfg-path', '/tmp/tmp6xh8efkt']
[2024-07-08T10:22:22.945+0000] {standard_task_runner.py:85} INFO - Job 3810: Subtask id_task_get_emails
[2024-07-08T10:22:23.013+0000] {task_command.py:415} INFO - Running <TaskInstance: reports_workflow.id_task_get_emails scheduled__2024-07-08T07:55:00+00:00 [running]> on host 6f4ef5488251
[2024-07-08T10:22:23.109+0000] {taskinstance.py:1660} INFO - Exporting env vars: AIRFLOW_CTX_DAG_OWNER='FIRDAVS' AIRFLOW_CTX_DAG_ID='reports_workflow' AIRFLOW_CTX_TASK_ID='id_task_get_emails' AIRFLOW_CTX_EXECUTION_DATE='2024-07-08T07:55:00+00:00' AIRFLOW_CTX_TRY_NUMBER='1' AIRFLOW_CTX_DAG_RUN_ID='scheduled__2024-07-08T07:55:00+00:00'
[2024-07-08T10:22:23.110+0000] {logging_mixin.py:151} INFO - path of config file:  /opt/***
[2024-07-08T10:22:23.111+0000] {logging_mixin.py:151} INFO - #>2024-07-08 10:22:23.111587_User@StatDep: EmailRobot in screated.
[2024-07-08T10:22:23.111+0000] {logging_mixin.py:151} INFO - #>2024-07-08 10:22:23.111957_User@StatDep: get_for_recent_emails is started...
[2024-07-08T10:22:23.112+0000] {logging_mixin.py:151} INFO - #>2024-07-08 10:22:23.112263_User@StatDep: pop3_fetch_emails isstarted...
[2024-07-08T10:22:23.475+0000] {logging_mixin.py:151} INFO -    b'+OK'
[2024-07-08T10:22:23.785+0000] {logging_mixin.py:151} INFO -    mailbox have 0 emails and the robot can process 10
[2024-07-08T10:22:23.785+0000] {logging_mixin.py:151} INFO - #>2024-07-08 10:22:23.785741_User@StatDep: no emails to process, exiting pop3_fetch_emails()...
[2024-07-08T10:22:23.786+0000] {python.py:194} INFO - Done. Returned value was: True
[2024-07-08T10:22:23.811+0000] {taskinstance.py:1400} INFO - Marking task as SUCCESS. dag_id=reports_workflow, task_id=id_task_get_emails, execution_date=20240708T075500, start_date=20240708T102222, end_date=20240708T102223
[2024-07-08T10:22:23.830+0000] {local_task_job_runner.py:228} INFO - Task exited with return code 0
[2024-07-08T10:22:23.865+0000] {taskinstance.py:2784} INFO - 1 downstream tasks scheduled from follow-on schedule check
[2024-07-08T10:27:37.652+0000] {taskinstance.py:1159} INFO - Dependencies all met for dep_context=non-requeueable deps ti=<TaskInstance: reports_workflow.id_task_get_emails scheduled__2024-07-08T07:55:00+00:00 [queued]>
[2024-07-08T10:27:37.660+0000] {taskinstance.py:1159} INFO - Dependencies all met for dep_context=requeueable deps ti=<TaskInstance: reports_workflow.id_task_get_emails scheduled__2024-07-08T07:55:00+00:00 [queued]>
[2024-07-08T10:27:37.660+0000] {taskinstance.py:1361} INFO - Starting attempt 1 of 2
[2024-07-08T10:27:37.672+0000] {taskinstance.py:1382} INFO - Executing <Task(PythonOperator): id_task_get_emails> on 2024-07-08 07:55:00+00:00
[2024-07-08T10:27:37.678+0000] {standard_task_runner.py:57} INFO - Started process 8865 to run task
[2024-07-08T10:27:37.684+0000] {standard_task_runner.py:84} INFO - Running: ['***', 'tasks', 'run', 'reports_workflow', 'id_task_get_emails', 'scheduled__2024-07-08T07:55:00+00:00', '--job-id', '4051', '--raw', '--subdir', 'DAGS_FOLDER/dag_email_robot.py', '--cfg-path', '/tmp/tmppqimlg4e']
[2024-07-08T10:27:37.688+0000] {standard_task_runner.py:85} INFO - Job 4051: Subtask id_task_get_emails
[2024-07-08T10:27:37.750+0000] {task_command.py:415} INFO - Running <TaskInstance: reports_workflow.id_task_get_emails scheduled__2024-07-08T07:55:00+00:00 [running]> on host 6f4ef5488251
[2024-07-08T10:27:37.829+0000] {taskinstance.py:1660} INFO - Exporting env vars: AIRFLOW_CTX_DAG_OWNER='FIRDAVS' AIRFLOW_CTX_DAG_ID='reports_workflow' AIRFLOW_CTX_TASK_ID='id_task_get_emails' AIRFLOW_CTX_EXECUTION_DATE='2024-07-08T07:55:00+00:00' AIRFLOW_CTX_TRY_NUMBER='1' AIRFLOW_CTX_DAG_RUN_ID='scheduled__2024-07-08T07:55:00+00:00'
[2024-07-08T10:27:37.831+0000] {logging_mixin.py:151} INFO - path of config file:  /opt/***
[2024-07-08T10:27:37.831+0000] {logging_mixin.py:151} INFO - #>2024-07-08 10:27:37.831621_User@StatDep: EmailRobot in screated.
[2024-07-08T10:27:37.831+0000] {logging_mixin.py:151} INFO - #>2024-07-08 10:27:37.831831_User@StatDep: get_for_recent_emails is started...
[2024-07-08T10:27:37.832+0000] {logging_mixin.py:151} INFO - #>2024-07-08 10:27:37.831993_User@StatDep: pop3_fetch_emails isstarted...
[2024-07-08T10:29:34.068+0000] {local_task_job_runner.py:294} WARNING - State of this instance has been externally set to restarting. Terminating instance.
[2024-07-08T10:29:34.090+0000] {process_utils.py:131} INFO - Sending 15 to group 8865. PIDs of all processes in the group: [8865]
[2024-07-08T10:29:34.091+0000] {process_utils.py:86} INFO - Sending the signal 15 to group 8865
[2024-07-08T10:29:34.091+0000] {taskinstance.py:1632} ERROR - Received SIGTERM. Terminating subprocesses.
[2024-07-08T10:29:34.108+0000] {taskinstance.py:1943} ERROR - Task failed with exception
Traceback (most recent call last):
  File "/home/airflow/.local/lib/python3.8/site-packages/airflow/operators/python.py", line 192, in execute
    return_value = self.execute_callable()
  File "/home/airflow/.local/lib/python3.8/site-packages/airflow/operators/python.py", line 209, in execute_callable
    return self.python_callable(*self.op_args, **self.op_kwargs)
  File "/opt/airflow/dags/dag_email_robot.py", line 34, in get_emails
    robot.fetch_emails()
  File "/opt/airflow/dags/emailRobot.py", line 62, in fetch_emails
    return self.pop3_fetch_emails()
  File "/opt/airflow/dags/emailRobot.py", line 77, in pop3_fetch_emails
    mail = poplib.POP3_SSL(self.host)
  File "/usr/local/lib/python3.8/poplib.py", line 450, in __init__
    POP3.__init__(self, host, port, timeout)
  File "/usr/local/lib/python3.8/poplib.py", line 104, in __init__
    self.sock = self._create_socket(timeout)
  File "/usr/local/lib/python3.8/poplib.py", line 453, in _create_socket
    sock = POP3._create_socket(self, timeout)
  File "/usr/local/lib/python3.8/poplib.py", line 110, in _create_socket
    return socket.create_connection((self.host, self.port), timeout)
  File "/usr/local/lib/python3.8/socket.py", line 796, in create_connection
    sock.connect(sa)
  File "/home/airflow/.local/lib/python3.8/site-packages/airflow/models/taskinstance.py", line 1634, in signal_handler
    raise AirflowException("Task received SIGTERM signal")
airflow.exceptions.AirflowException: Task received SIGTERM signal
[2024-07-08T10:29:34.175+0000] {taskinstance.py:1400} INFO - Marking task as UP_FOR_RETRY. dag_id=reports_workflow, task_id=id_task_get_emails, execution_date=20240708T075500, start_date=20240708T102737, end_date=20240708T102934
[2024-07-08T10:29:34.195+0000] {standard_task_runner.py:104} ERROR - Failed to execute job 4051 for task id_task_get_emails (Task received SIGTERM signal; 8865)
[2024-07-08T10:29:34.225+0000] {process_utils.py:79} INFO - Process psutil.Process(pid=8865, status='terminated', exitcode=1, started='10:27:36') (8865) terminated with exit code 1
