[2024-07-29T04:00:06.122+0000] {taskinstance.py:1159} INFO - Dependencies all met for dep_context=non-requeueable deps ti=<TaskInstance: reports_workflow.id_task_send_emails scheduled__2024-07-29T03:55:00+00:00 [queued]>
[2024-07-29T04:00:06.133+0000] {taskinstance.py:1159} INFO - Dependencies all met for dep_context=requeueable deps ti=<TaskInstance: reports_workflow.id_task_send_emails scheduled__2024-07-29T03:55:00+00:00 [queued]>
[2024-07-29T04:00:06.135+0000] {taskinstance.py:1361} INFO - Starting attempt 1 of 2
[2024-07-29T04:00:06.154+0000] {taskinstance.py:1382} INFO - Executing <Task(PythonOperator): id_task_send_emails> on 2024-07-29 03:55:00+00:00
[2024-07-29T04:00:06.160+0000] {standard_task_runner.py:57} INFO - Started process 83146 to run task
[2024-07-29T04:00:06.170+0000] {standard_task_runner.py:84} INFO - Running: ['***', 'tasks', 'run', 'reports_workflow', 'id_task_send_emails', 'scheduled__2024-07-29T03:55:00+00:00', '--job-id', '8385', '--raw', '--subdir', 'DAGS_FOLDER/dag_email_robot.py', '--cfg-path', '/tmp/tmp82vupt19']
[2024-07-29T04:00:06.175+0000] {standard_task_runner.py:85} INFO - Job 8385: Subtask id_task_send_emails
[2024-07-29T04:00:06.610+0000] {task_command.py:415} INFO - Running <TaskInstance: reports_workflow.id_task_send_emails scheduled__2024-07-29T03:55:00+00:00 [running]> on host 6f4ef5488251
[2024-07-29T04:00:06.842+0000] {taskinstance.py:1660} INFO - Exporting env vars: AIRFLOW_CTX_DAG_OWNER='FIRDAVS' AIRFLOW_CTX_DAG_ID='reports_workflow' AIRFLOW_CTX_TASK_ID='id_task_send_emails' AIRFLOW_CTX_EXECUTION_DATE='2024-07-29T03:55:00+00:00' AIRFLOW_CTX_TRY_NUMBER='1' AIRFLOW_CTX_DAG_RUN_ID='scheduled__2024-07-29T03:55:00+00:00'
[2024-07-29T04:00:06.844+0000] {logging_mixin.py:151} INFO - path of config file:  /opt/***
[2024-07-29T04:00:06.844+0000] {logging_mixin.py:151} INFO - #>2024-07-29 04:00:06.844665_User@StatDep: EmailRobot in screated.
[2024-07-29T04:00:06.844+0000] {logging_mixin.py:151} INFO - #>2024-07-29 04:00:06.844849_User@StatDep: send_validation_results is started...
[2024-07-29T04:00:06.855+0000] {logging_mixin.py:151} INFO -    #>2024-07-29 04:00:06.855452_conneciton to db is set.
[2024-07-29T04:00:06.858+0000] {logging_mixin.py:151} INFO -    #>2024-07-29 04:00:06.858191_cursor execution is successful.
[2024-07-29T04:00:06.858+0000] {logging_mixin.py:151} INFO -    extracted information for about report sumbissions found...
[2024-07-29T04:00:30.649+0000] {logging_mixin.py:151} INFO - #>2024-07-29 04:00:30.649287_User@StatDep: email object ready to be sent:
[2024-07-29T04:00:31.130+0000] {logging_mixin.py:151} WARNING - send: 'ehlo [172.20.0.6]\r\n'
[2024-07-29T04:00:31.193+0000] {logging_mixin.py:151} WARNING - reply: b'250-smtp38.i.mail.ru\r\n'
[2024-07-29T04:00:31.194+0000] {logging_mixin.py:151} WARNING - reply: b'250-SIZE 73400320\r\n'
[2024-07-29T04:00:31.195+0000] {logging_mixin.py:151} WARNING - reply: b'250-8BITMIME\r\n'
[2024-07-29T04:00:31.196+0000] {logging_mixin.py:151} WARNING - reply: b'250-PIPELINING\r\n'
[2024-07-29T04:00:31.196+0000] {logging_mixin.py:151} WARNING - reply: b'250-DSN\r\n'
[2024-07-29T04:00:31.197+0000] {logging_mixin.py:151} WARNING - reply: b'250-SMTPUTF8\r\n'
[2024-07-29T04:00:31.198+0000] {logging_mixin.py:151} WARNING - reply: b'250 AUTH PLAIN LOGIN XOAUTH2\r\n'
[2024-07-29T04:00:31.199+0000] {logging_mixin.py:151} WARNING - reply: retcode (250); Msg: b'smtp38.i.mail.ru\nSIZE 73400320\n8BITMIME\nPIPELINING\nDSN\nSMTPUTF8\nAUTH PLAIN LOGIN XOAUTH2'
[2024-07-29T04:00:31.201+0000] {logging_mixin.py:151} WARNING - send: 'AUTH PLAIN AGtoYWxpbXpvZEBsaXN0LnJ1AEdSWFFSakMyYms0cVpIQjI2VXFk\r\n'
[2024-07-29T04:00:31.367+0000] {logging_mixin.py:151} WARNING - reply: b'235 Authentication succeeded\r\n'
[2024-07-29T04:00:31.368+0000] {logging_mixin.py:151} WARNING - reply: retcode (235); Msg: b'Authentication succeeded'
[2024-07-29T04:00:31.373+0000] {logging_mixin.py:151} WARNING - send: 'mail FROM:<khalimzod@list.ru> size=1515\r\n'
[2024-07-29T04:00:31.452+0000] {logging_mixin.py:151} WARNING - reply: b'250 OK\r\n'
[2024-07-29T04:00:31.453+0000] {logging_mixin.py:151} WARNING - reply: retcode (250); Msg: b'OK'
[2024-07-29T04:00:31.454+0000] {logging_mixin.py:151} WARNING - send: 'rcpt TO:<3d_0001@mail.ru>\r\n'
[2024-07-29T04:00:31.518+0000] {logging_mixin.py:151} WARNING - reply: b'250 Accepted\r\n'
[2024-07-29T04:00:31.519+0000] {logging_mixin.py:151} WARNING - reply: retcode (250); Msg: b'Accepted'
[2024-07-29T04:00:31.520+0000] {logging_mixin.py:151} WARNING - send: 'data\r\n'
[2024-07-29T04:00:31.583+0000] {logging_mixin.py:151} WARNING - reply: b'354 Enter message, ending with "." on a line by itself\r\n'
[2024-07-29T04:00:31.584+0000] {logging_mixin.py:151} WARNING - reply: retcode (354); Msg: b'Enter message, ending with "." on a line by itself'
[2024-07-29T04:00:31.585+0000] {logging_mixin.py:151} WARNING - data: (354, b'Enter message, ending with "." on a line by itself')
[2024-07-29T04:00:31.587+0000] {logging_mixin.py:151} WARNING - send: b'Content-Type: multipart/mixed; boundary="===============7801313633163065110=="\r\nMIME-Version: 1.0\r\nSubject: =?utf-8?b?b21vckBuYnQudGo6INGE0LDQudC7ICIxSEsudjAuMTYyNi4zMTAxMjAyNC54bHN4Iiwg0LfQsNCz0YDRg9C20LXQvdC90YvQtSDQsiAyMDI0LTA3LTIzIDA5OjQzOjMwKzAwOjAwLCDQn9Cg0JjQndCv0KIg0KPQodCf0JXQqNCd0J4=?=\r\nFrom: khalimzod@list.ru\r\nTo: <3d_0001@mail.ru>\r\n\r\n--===============7801313633163065110==\r\nContent-Type: text/plain; charset="utf-8"\r\nMIME-Version: 1.0\r\nContent-Transfer-Encoding: base64\r\n\r\n0JfQtNGA0LDQstGB0YLQstGD0LnRgtC1LCAKINGE0LDQudC7IDFISy52MC4xNjI2LjMxMDEyMDI0\r\nLnhsc3gsINC30LDQs9GA0YPQttC10L3QvdGL0Lkg0LIgMjAyNC0wNy0yMyAwOTo0MzozMCswMDow\r\nMCwg0LHRi9C7INGD0YHQv9C10YjQvdC+INC/0YDQvtCy0LXRgNC10L0g0Lgg0L/RgNC40L3Rj9GC\r\nINGB0LjRgdGC0LXQvNC+0Lkg0LDQstGC0L7QvNCw0YLQuNGH0LXRgdC60L7QuSDQvtCx0YDQsNCx\r\n0L7RgtC60LguCiBDINGD0LLQsNC20LXQvdC40LXQvCwgCiDQlNC10L/QsNGA0YLQsNC80LXQvdGC\r\nINGB0YLQsNGC0LjRgdGC0LjQutC4INC4INC/0LvQsNGC0LXQttC90L7Qs9C+INCx0LDQu9Cw0L3R\r\ngdCw\r\n\r\n--===============7801313633163065110==\r\nMIME-Version: 1.0\r\nContent-Type: application/text/csv; charset="utf-8"\r\nContent-Transfer-Encoding: base64\r\nContent-Transfer-Encoding: base64\r\ncontent-disposition: attachment; filename="1HK.v0.1626.31012024.xlsx_protocol.txt"\r\n\r\n0JTQsNGC0LAg0Lgg0LLRgNC10LzRjyDQv9C+0LvRg9GH0LXQvdC40Y8g0YTQsNC50LvQsCAtLS0t\r\nLS0tLS0tLS0tLS0tLS0tLSAyMDI0LTA3LTI5IDAzOjU4OjE0CgogCgog0LrQvtC70LjRh9C10YHR\r\ngtCy0L4g0L3QsNC50LTQtdC90L3Ri9GFINC+0YjQuNCx0L7QuiAtLS0tLS0tLS0tLS0tLS0tLS0t\r\nLTA=\r\n\r\n--===============7801313633163065110==--\r\n.\r\n'
[2024-07-29T04:00:33.089+0000] {logging_mixin.py:151} WARNING - reply: b'250 OK id=1sYHYl-00000000QmV-2JIY\r\n'
[2024-07-29T04:00:33.090+0000] {logging_mixin.py:151} WARNING - reply: retcode (250); Msg: b'OK id=1sYHYl-00000000QmV-2JIY'
[2024-07-29T04:00:33.091+0000] {logging_mixin.py:151} WARNING - data: (250, b'OK id=1sYHYl-00000000QmV-2JIY')
[2024-07-29T04:00:33.092+0000] {logging_mixin.py:151} INFO - #>2024-07-29 04:00:33.092409_User@StatDep: email successfuly sent
[2024-07-29T04:00:33.093+0000] {logging_mixin.py:151} WARNING - send: 'QUIT\r\n'
[2024-07-29T04:00:33.368+0000] {logging_mixin.py:151} WARNING - reply: b'221 exim-smtp-868bf69f6c-jrksh closing connection\r\n'
[2024-07-29T04:00:33.369+0000] {logging_mixin.py:151} WARNING - reply: retcode (221); Msg: b'exim-smtp-868bf69f6c-jrksh closing connection'
[2024-07-29T04:00:33.371+0000] {logging_mixin.py:151} INFO - #>2024-07-29 04:00:33.371709_User@StatDep: email object ready to be sent:
[2024-07-29T04:00:33.768+0000] {logging_mixin.py:151} WARNING - send: 'ehlo [172.20.0.6]\r\n'
[2024-07-29T04:00:33.832+0000] {logging_mixin.py:151} WARNING - reply: b'250-smtp39.i.mail.ru\r\n'
[2024-07-29T04:00:33.833+0000] {logging_mixin.py:151} WARNING - reply: b'250-SIZE 73400320\r\n'
[2024-07-29T04:00:33.834+0000] {logging_mixin.py:151} WARNING - reply: b'250-8BITMIME\r\n'
[2024-07-29T04:00:33.834+0000] {logging_mixin.py:151} WARNING - reply: b'250-PIPELINING\r\n'
[2024-07-29T04:00:33.835+0000] {logging_mixin.py:151} WARNING - reply: b'250-DSN\r\n'
[2024-07-29T04:00:33.836+0000] {logging_mixin.py:151} WARNING - reply: b'250-SMTPUTF8\r\n'
[2024-07-29T04:00:33.837+0000] {logging_mixin.py:151} WARNING - reply: b'250 AUTH PLAIN LOGIN XOAUTH2\r\n'
[2024-07-29T04:00:33.837+0000] {logging_mixin.py:151} WARNING - reply: retcode (250); Msg: b'smtp39.i.mail.ru\nSIZE 73400320\n8BITMIME\nPIPELINING\nDSN\nSMTPUTF8\nAUTH PLAIN LOGIN XOAUTH2'
[2024-07-29T04:00:33.838+0000] {logging_mixin.py:151} WARNING - send: 'AUTH PLAIN AGtoYWxpbXpvZEBsaXN0LnJ1AEdSWFFSakMyYms0cVpIQjI2VXFk\r\n'
[2024-07-29T04:00:34.029+0000] {logging_mixin.py:151} WARNING - reply: b'235 Authentication succeeded\r\n'
[2024-07-29T04:00:34.030+0000] {logging_mixin.py:151} WARNING - reply: retcode (235); Msg: b'Authentication succeeded'
[2024-07-29T04:00:34.034+0000] {logging_mixin.py:151} WARNING - send: 'mail FROM:<khalimzod@list.ru> size=1957\r\n'
[2024-07-29T04:00:34.100+0000] {logging_mixin.py:151} WARNING - reply: b'250 OK\r\n'
[2024-07-29T04:00:34.101+0000] {logging_mixin.py:151} WARNING - reply: retcode (250); Msg: b'OK'
[2024-07-29T04:00:34.102+0000] {logging_mixin.py:151} WARNING - send: 'rcpt TO:<3d_0001@mail.ru>\r\n'
[2024-07-29T04:00:34.168+0000] {logging_mixin.py:151} WARNING - reply: b'250 Accepted\r\n'
[2024-07-29T04:00:34.169+0000] {logging_mixin.py:151} WARNING - reply: retcode (250); Msg: b'Accepted'
[2024-07-29T04:00:34.170+0000] {logging_mixin.py:151} WARNING - send: 'data\r\n'
[2024-07-29T04:00:34.233+0000] {logging_mixin.py:151} WARNING - reply: b'354 Enter message, ending with "." on a line by itself\r\n'
[2024-07-29T04:00:34.235+0000] {logging_mixin.py:151} WARNING - reply: retcode (354); Msg: b'Enter message, ending with "." on a line by itself'
[2024-07-29T04:00:34.235+0000] {logging_mixin.py:151} WARNING - data: (354, b'Enter message, ending with "." on a line by itself')
[2024-07-29T04:00:34.236+0000] {logging_mixin.py:151} WARNING - send: b'Content-Type: multipart/mixed; boundary="===============0788225116733044206=="\r\nMIME-Version: 1.0\r\nSubject: =?utf-8?b?b21vckBuYnQudGo6INGE0LDQudC7ICIxSEsudjAuNTcwNy4zMDA2MjAyNC54bHN4IiDQt9Cw0LPRgNGD0LbQtdC90L3Ri9C1INCyIDIwMjQtMDctMjUgMDc6NTk6MDMrMDA6MDAg0J3QlSDQn9Cg0JjQndCv0KI=?=\r\nFrom: khalimzod@list.ru\r\nTo: <3d_0001@mail.ru>\r\n\r\n--===============0788225116733044206==\r\nContent-Type: text/plain; charset="utf-8"\r\nMIME-Version: 1.0\r\nContent-Transfer-Encoding: base64\r\n\r\n0JfQtNGA0LDQstGB0YLQstGD0LnRgtC1LCAKINCaINGB0L7QttCw0LvQtdC90LjRjiDRhNCw0LnQ\r\nuyDRgSDQuNC80LXQvdC10LwgMUhLLnYwLjU3MDcuMzAwNjIwMjQueGxzeCwg0LfQsNCz0YDRg9C2\r\n0LXQvdC90YvQuSDQsiAyMDI0LTA3LTI1IDA3OjU5OjAzKzAwOjAwINC90LUg0LHRi9C7INC/0YDQ\r\nuNC90Y/RgiDRgdC40YHRgtC10LzQvtC5INCw0LLRgtC+0LzQsNGC0LjRh9C10YHQutC+0Lkg0L7Q\r\nsdGA0LDQsdC+0YLQutC4LiDQn9C+0LbQsNC70YPQudGB0YLQsCwg0L/RgNC+0LLQtdGA0YzRgtC1\r\nINC30LDQv9C+0LvQvdC10L3QuNC1INGE0LDQudC70LAuIAog0JTQvtC/0L7Qu9C90LjRgtC10LvR\r\njNC90YvQtSDRgdCy0LXQtNC10L3RjNGPINC/0L4g0L7QsdC90LDRgNGD0LbQtdC90L3Ri9C8INC+\r\n0YjQuNCx0LrQsNC8INC/0YDQuNC70L7QttC10L3QvdGLINC6INC/0LjRgdGM0LzRgy4KIEMg0YPQ\r\nstCw0LbQtdC90LjQtdC8LCAKINCU0LXQv9Cw0YDRgtCw0LzQtdC90YIg0YHRgtCw0YLQuNGB0YLQ\r\nuNC60Lgg0Lgg0L/Qu9Cw0YLQtdC20L3QvtCz0L4g0LHQsNC70LDQvdGB0LAg\r\n\r\n--===============0788225116733044206==\r\nMIME-Version: 1.0\r\nContent-Type: application/text/csv; charset="utf-8"\r\nContent-Transfer-Encoding: base64\r\nContent-Transfer-Encoding: base64\r\ncontent-disposition: attachment; filename="1HK.v0.5707.30062024.xlsx_protocol.txt"\r\n\r\n0JTQsNGC0LAg0Lgg0LLRgNC10LzRjyDQv9C+0LvRg9GH0LXQvdC40Y8g0YTQsNC50LvQsCAtLS0t\r\nLS0tLS0tLS0tLS0tLS0tLSAyMDI0LTA3LTI5IDA0OjAwOjAzCgog0JvQuNGB0YLRiyDQuCDQuNGF\r\nINC90LDQuNC80LXQvdC+0LLQsNC90LjQtSDQsiDQtNCw0L3QvdC+0Lwg0L7RgtGH0LXRgtC1INC9\r\n0LUg0YHQvtC+0YLQstC10YLRgdGC0LLRg9C10YIg0YHRgtCw0L3QtNCw0YDRgtGDCiDQutC+0LvQ\r\nuNGH0LXRgdGC0LLQviDQvdCw0LnQtNC10L3QvdGL0YUg0L7RiNC40LHQvtC6IC0tLS0tLS0tLS0t\r\nLS0tLS0tLS0tMQ==\r\n\r\n--===============0788225116733044206==--\r\n.\r\n'
[2024-07-29T04:00:34.750+0000] {logging_mixin.py:151} WARNING - reply: b'250 OK id=1sYHYo-00000000Fon-0q5a\r\n'
[2024-07-29T04:00:34.751+0000] {logging_mixin.py:151} WARNING - reply: retcode (250); Msg: b'OK id=1sYHYo-00000000Fon-0q5a'
[2024-07-29T04:00:34.752+0000] {logging_mixin.py:151} WARNING - data: (250, b'OK id=1sYHYo-00000000Fon-0q5a')
[2024-07-29T04:00:34.753+0000] {logging_mixin.py:151} INFO - #>2024-07-29 04:00:34.753422_User@StatDep: email successfuly sent
[2024-07-29T04:00:34.754+0000] {logging_mixin.py:151} WARNING - send: 'QUIT\r\n'
[2024-07-29T04:00:35.027+0000] {logging_mixin.py:151} WARNING - reply: b'221 exim-smtp-868bf69f6c-995c8 closing connection\r\n'
[2024-07-29T04:00:35.028+0000] {logging_mixin.py:151} WARNING - reply: retcode (221); Msg: b'exim-smtp-868bf69f6c-995c8 closing connection'
[2024-07-29T04:00:35.029+0000] {logging_mixin.py:151} INFO -    finilizing processing for the reserved file uploads...
[2024-07-29T04:00:35.038+0000] {python.py:194} INFO - Done. Returned value was: True
[2024-07-29T04:00:35.062+0000] {taskinstance.py:1400} INFO - Marking task as SUCCESS. dag_id=reports_workflow, task_id=id_task_send_emails, execution_date=20240729T035500, start_date=20240729T040006, end_date=20240729T040035
[2024-07-29T04:00:35.086+0000] {local_task_job_runner.py:228} INFO - Task exited with return code 0
[2024-07-29T04:00:35.101+0000] {taskinstance.py:2784} INFO - 0 downstream tasks scheduled from follow-on schedule check
