[2024-07-03T14:06:07.897+0000] {taskinstance.py:1159} INFO - Dependencies all met for dep_context=non-requeueable deps ti=<TaskInstance: reports_workflow.id_task_get_emails scheduled__2023-07-14T00:00:00+00:00 [queued]>
[2024-07-03T14:06:07.927+0000] {taskinstance.py:1159} INFO - Dependencies all met for dep_context=requeueable deps ti=<TaskInstance: reports_workflow.id_task_get_emails scheduled__2023-07-14T00:00:00+00:00 [queued]>
[2024-07-03T14:06:07.927+0000] {taskinstance.py:1361} INFO - Starting attempt 1 of 2
[2024-07-03T14:06:08.006+0000] {taskinstance.py:1382} INFO - Executing <Task(PythonOperator): id_task_get_emails> on 2023-07-14 00:00:00+00:00
[2024-07-03T14:06:08.042+0000] {standard_task_runner.py:84} INFO - Running: ['***', 'tasks', 'run', 'reports_workflow', 'id_task_get_emails', 'scheduled__2023-07-14T00:00:00+00:00', '--job-id', '1744', '--raw', '--subdir', 'DAGS_FOLDER/dag_email_robot.py', '--cfg-path', '/tmp/tmpf0fpxhtw']
[2024-07-03T14:06:08.044+0000] {standard_task_runner.py:85} INFO - Job 1744: Subtask id_task_get_emails
[2024-07-03T14:06:08.021+0000] {standard_task_runner.py:57} INFO - Started process 27108 to run task
[2024-07-03T14:06:08.166+0000] {task_command.py:415} INFO - Running <TaskInstance: reports_workflow.id_task_get_emails scheduled__2023-07-14T00:00:00+00:00 [running]> on host 6f4ef5488251
[2024-07-03T14:06:08.387+0000] {taskinstance.py:1660} INFO - Exporting env vars: AIRFLOW_CTX_DAG_OWNER='FIRDAVS' AIRFLOW_CTX_DAG_ID='reports_workflow' AIRFLOW_CTX_TASK_ID='id_task_get_emails' AIRFLOW_CTX_EXECUTION_DATE='2023-07-14T00:00:00+00:00' AIRFLOW_CTX_TRY_NUMBER='1' AIRFLOW_CTX_DAG_RUN_ID='scheduled__2023-07-14T00:00:00+00:00'
[2024-07-03T14:06:08.389+0000] {logging_mixin.py:151} INFO - path of config file:  /opt/***
[2024-07-03T14:06:08.393+0000] {logging_mixin.py:151} INFO - #>2024-07-03 14:06:08.393318_User@StatDep: EmailRobot in screated.
[2024-07-03T14:06:08.396+0000] {logging_mixin.py:151} INFO - #>2024-07-03 14:06:08.396572_User@StatDep: get_for_recent_emails is started...
[2024-07-03T14:06:08.396+0000] {logging_mixin.py:151} INFO - #>2024-07-03 14:06:08.396951_User@StatDep: pop3_fetch_emails isstarted...
[2024-07-03T14:06:08.798+0000] {logging_mixin.py:151} INFO -    b'+OK'
[2024-07-03T14:06:09.173+0000] {logging_mixin.py:151} INFO -    mailbox have 0 emails and the robot can process 10
[2024-07-03T14:06:09.173+0000] {logging_mixin.py:151} INFO - #>2024-07-03 14:06:09.173702_User@StatDep: no emails to process, exiting pop3_fetch_emails()...
[2024-07-03T14:06:09.174+0000] {python.py:194} INFO - Done. Returned value was: True
[2024-07-03T14:06:09.201+0000] {taskinstance.py:1400} INFO - Marking task as SUCCESS. dag_id=reports_workflow, task_id=id_task_get_emails, execution_date=20230714T000000, start_date=20240703T140607, end_date=20240703T140609
[2024-07-03T14:06:09.241+0000] {local_task_job_runner.py:228} INFO - Task exited with return code 0
[2024-07-03T14:06:09.259+0000] {taskinstance.py:2784} INFO - 0 downstream tasks scheduled from follow-on schedule check
