[2024-07-03T13:59:16.564+0000] {taskinstance.py:1159} INFO - Dependencies all met for dep_context=non-requeueable deps ti=<TaskInstance: reports_workflow.id_task_send_emails scheduled__2024-07-02T00:00:00+00:00 [queued]>
[2024-07-03T13:59:16.573+0000] {taskinstance.py:1159} INFO - Dependencies all met for dep_context=requeueable deps ti=<TaskInstance: reports_workflow.id_task_send_emails scheduled__2024-07-02T00:00:00+00:00 [queued]>
[2024-07-03T13:59:16.573+0000] {taskinstance.py:1361} INFO - Starting attempt 1 of 2
[2024-07-03T13:59:16.586+0000] {taskinstance.py:1382} INFO - Executing <Task(PythonOperator): id_task_send_emails> on 2024-07-02 00:00:00+00:00
[2024-07-03T13:59:16.594+0000] {standard_task_runner.py:57} INFO - Started process 26942 to run task
[2024-07-03T13:59:16.597+0000] {standard_task_runner.py:84} INFO - Running: ['***', 'tasks', 'run', 'reports_workflow', 'id_task_send_emails', 'scheduled__2024-07-02T00:00:00+00:00', '--job-id', '1717', '--raw', '--subdir', 'DAGS_FOLDER/dag_email_robot.py', '--cfg-path', '/tmp/tmpytwj9yfa']
[2024-07-03T13:59:16.598+0000] {standard_task_runner.py:85} INFO - Job 1717: Subtask id_task_send_emails
[2024-07-03T13:59:16.658+0000] {task_command.py:415} INFO - Running <TaskInstance: reports_workflow.id_task_send_emails scheduled__2024-07-02T00:00:00+00:00 [running]> on host 6f4ef5488251
[2024-07-03T13:59:16.741+0000] {taskinstance.py:1660} INFO - Exporting env vars: AIRFLOW_CTX_DAG_OWNER='FIRDAVS' AIRFLOW_CTX_DAG_ID='reports_workflow' AIRFLOW_CTX_TASK_ID='id_task_send_emails' AIRFLOW_CTX_EXECUTION_DATE='2024-07-02T00:00:00+00:00' AIRFLOW_CTX_TRY_NUMBER='1' AIRFLOW_CTX_DAG_RUN_ID='scheduled__2024-07-02T00:00:00+00:00'
[2024-07-03T13:59:16.742+0000] {logging_mixin.py:151} INFO - path of config file:  /opt/***
[2024-07-03T13:59:16.743+0000] {logging_mixin.py:151} INFO - #>2024-07-03 13:59:16.743041_User@StatDep: EmailRobot in screated.
[2024-07-03T13:59:16.743+0000] {logging_mixin.py:151} INFO - #>2024-07-03 13:59:16.743397_User@StatDep: send_validation_results is started...
[2024-07-03T13:59:16.753+0000] {logging_mixin.py:151} INFO -    #>2024-07-03 13:59:16.753668_conneciton to db is set.
[2024-07-03T13:59:16.755+0000] {logging_mixin.py:151} INFO -    #>2024-07-03 13:59:16.755628_cursor execution is successful.
[2024-07-03T13:59:16.755+0000] {logging_mixin.py:151} INFO -    There is no any new submissions found. The get_validation_results is over.
[2024-07-03T13:59:16.756+0000] {python.py:194} INFO - Done. Returned value was: True
[2024-07-03T13:59:16.780+0000] {taskinstance.py:1400} INFO - Marking task as SUCCESS. dag_id=reports_workflow, task_id=id_task_send_emails, execution_date=20240702T000000, start_date=20240703T135916, end_date=20240703T135916
[2024-07-03T13:59:16.812+0000] {local_task_job_runner.py:228} INFO - Task exited with return code 0
[2024-07-03T13:59:16.843+0000] {taskinstance.py:2784} INFO - 0 downstream tasks scheduled from follow-on schedule check
[2024-07-03T14:06:55.962+0000] {taskinstance.py:1159} INFO - Dependencies all met for dep_context=non-requeueable deps ti=<TaskInstance: reports_workflow.id_task_send_emails scheduled__2024-07-02T00:00:00+00:00 [queued]>
[2024-07-03T14:06:55.993+0000] {taskinstance.py:1159} INFO - Dependencies all met for dep_context=requeueable deps ti=<TaskInstance: reports_workflow.id_task_send_emails scheduled__2024-07-02T00:00:00+00:00 [queued]>
[2024-07-03T14:06:55.993+0000] {taskinstance.py:1361} INFO - Starting attempt 1 of 2
[2024-07-03T14:06:56.062+0000] {taskinstance.py:1382} INFO - Executing <Task(PythonOperator): id_task_send_emails> on 2024-07-02 00:00:00+00:00
[2024-07-03T14:06:56.070+0000] {standard_task_runner.py:57} INFO - Started process 27190 to run task
[2024-07-03T14:06:56.079+0000] {standard_task_runner.py:84} INFO - Running: ['***', 'tasks', 'run', 'reports_workflow', 'id_task_send_emails', 'scheduled__2024-07-02T00:00:00+00:00', '--job-id', '1783', '--raw', '--subdir', 'DAGS_FOLDER/dag_email_robot.py', '--cfg-path', '/tmp/tmp2op_l6c9']
[2024-07-03T14:06:56.082+0000] {standard_task_runner.py:85} INFO - Job 1783: Subtask id_task_send_emails
[2024-07-03T14:06:56.280+0000] {task_command.py:415} INFO - Running <TaskInstance: reports_workflow.id_task_send_emails scheduled__2024-07-02T00:00:00+00:00 [running]> on host 6f4ef5488251
[2024-07-03T14:06:56.363+0000] {taskinstance.py:1660} INFO - Exporting env vars: AIRFLOW_CTX_DAG_OWNER='FIRDAVS' AIRFLOW_CTX_DAG_ID='reports_workflow' AIRFLOW_CTX_TASK_ID='id_task_send_emails' AIRFLOW_CTX_EXECUTION_DATE='2024-07-02T00:00:00+00:00' AIRFLOW_CTX_TRY_NUMBER='1' AIRFLOW_CTX_DAG_RUN_ID='scheduled__2024-07-02T00:00:00+00:00'
[2024-07-03T14:06:56.364+0000] {logging_mixin.py:151} INFO - path of config file:  /opt/***
[2024-07-03T14:06:56.365+0000] {logging_mixin.py:151} INFO - #>2024-07-03 14:06:56.365260_User@StatDep: EmailRobot in screated.
[2024-07-03T14:06:56.365+0000] {logging_mixin.py:151} INFO - #>2024-07-03 14:06:56.365487_User@StatDep: send_validation_results is started...
[2024-07-03T14:06:56.375+0000] {logging_mixin.py:151} INFO -    #>2024-07-03 14:06:56.375184_conneciton to db is set.
[2024-07-03T14:06:56.377+0000] {logging_mixin.py:151} INFO -    #>2024-07-03 14:06:56.377222_cursor execution is successful.
[2024-07-03T14:06:56.377+0000] {logging_mixin.py:151} INFO -    There is no any new submissions found. The get_validation_results is over.
[2024-07-03T14:06:56.378+0000] {python.py:194} INFO - Done. Returned value was: True
[2024-07-03T14:06:56.403+0000] {taskinstance.py:1400} INFO - Marking task as SUCCESS. dag_id=reports_workflow, task_id=id_task_send_emails, execution_date=20240702T000000, start_date=20240703T140655, end_date=20240703T140656
[2024-07-03T14:06:56.448+0000] {local_task_job_runner.py:228} INFO - Task exited with return code 0
[2024-07-03T14:06:56.464+0000] {taskinstance.py:2784} INFO - 0 downstream tasks scheduled from follow-on schedule check
[2024-07-03T14:10:46.887+0000] {taskinstance.py:1159} INFO - Dependencies all met for dep_context=non-requeueable deps ti=<TaskInstance: reports_workflow.id_task_send_emails scheduled__2024-07-02T00:00:00+00:00 [queued]>
[2024-07-03T14:10:46.910+0000] {taskinstance.py:1159} INFO - Dependencies all met for dep_context=requeueable deps ti=<TaskInstance: reports_workflow.id_task_send_emails scheduled__2024-07-02T00:00:00+00:00 [queued]>
[2024-07-03T14:10:46.911+0000] {taskinstance.py:1361} INFO - Starting attempt 1 of 2
[2024-07-03T14:10:46.924+0000] {taskinstance.py:1382} INFO - Executing <Task(PythonOperator): id_task_send_emails> on 2024-07-02 00:00:00+00:00
[2024-07-03T14:10:46.929+0000] {standard_task_runner.py:57} INFO - Started process 27259 to run task
[2024-07-03T14:10:46.937+0000] {standard_task_runner.py:84} INFO - Running: ['***', 'tasks', 'run', 'reports_workflow', 'id_task_send_emails', 'scheduled__2024-07-02T00:00:00+00:00', '--job-id', '1786', '--raw', '--subdir', 'DAGS_FOLDER/dag_email_robot.py', '--cfg-path', '/tmp/tmptmbz90qh']
[2024-07-03T14:10:46.939+0000] {standard_task_runner.py:85} INFO - Job 1786: Subtask id_task_send_emails
[2024-07-03T14:10:46.995+0000] {task_command.py:415} INFO - Running <TaskInstance: reports_workflow.id_task_send_emails scheduled__2024-07-02T00:00:00+00:00 [running]> on host 6f4ef5488251
[2024-07-03T14:10:47.084+0000] {taskinstance.py:1660} INFO - Exporting env vars: AIRFLOW_CTX_DAG_OWNER='FIRDAVS' AIRFLOW_CTX_DAG_ID='reports_workflow' AIRFLOW_CTX_TASK_ID='id_task_send_emails' AIRFLOW_CTX_EXECUTION_DATE='2024-07-02T00:00:00+00:00' AIRFLOW_CTX_TRY_NUMBER='1' AIRFLOW_CTX_DAG_RUN_ID='scheduled__2024-07-02T00:00:00+00:00'
[2024-07-03T14:10:47.085+0000] {logging_mixin.py:151} INFO - path of config file:  /opt/***
[2024-07-03T14:10:47.086+0000] {logging_mixin.py:151} INFO - #>2024-07-03 14:10:47.086624_User@StatDep: EmailRobot in screated.
[2024-07-03T14:10:47.087+0000] {logging_mixin.py:151} INFO - #>2024-07-03 14:10:47.087003_User@StatDep: send_validation_results is started...
[2024-07-03T14:10:47.099+0000] {logging_mixin.py:151} INFO -    #>2024-07-03 14:10:47.099626_conneciton to db is set.
[2024-07-03T14:10:47.103+0000] {logging_mixin.py:151} INFO -    #>2024-07-03 14:10:47.103095_cursor execution is successful.
[2024-07-03T14:10:47.103+0000] {logging_mixin.py:151} INFO -    There is no any new submissions found. The get_validation_results is over.
[2024-07-03T14:10:47.103+0000] {python.py:194} INFO - Done. Returned value was: True
[2024-07-03T14:10:47.132+0000] {taskinstance.py:1400} INFO - Marking task as SUCCESS. dag_id=reports_workflow, task_id=id_task_send_emails, execution_date=20240702T000000, start_date=20240703T141046, end_date=20240703T141047
[2024-07-03T14:10:47.185+0000] {local_task_job_runner.py:228} INFO - Task exited with return code 0
[2024-07-03T14:10:47.215+0000] {taskinstance.py:2784} INFO - 0 downstream tasks scheduled from follow-on schedule check
[2024-07-03T14:19:34.422+0000] {taskinstance.py:1159} INFO - Dependencies all met for dep_context=non-requeueable deps ti=<TaskInstance: reports_workflow.id_task_send_emails scheduled__2024-07-02T00:00:00+00:00 [queued]>
[2024-07-03T14:19:34.435+0000] {taskinstance.py:1159} INFO - Dependencies all met for dep_context=requeueable deps ti=<TaskInstance: reports_workflow.id_task_send_emails scheduled__2024-07-02T00:00:00+00:00 [queued]>
[2024-07-03T14:19:34.435+0000] {taskinstance.py:1361} INFO - Starting attempt 1 of 2
[2024-07-03T14:19:34.449+0000] {taskinstance.py:1382} INFO - Executing <Task(PythonOperator): id_task_send_emails> on 2024-07-02 00:00:00+00:00
[2024-07-03T14:19:34.453+0000] {standard_task_runner.py:57} INFO - Started process 27396 to run task
[2024-07-03T14:19:34.461+0000] {standard_task_runner.py:84} INFO - Running: ['***', 'tasks', 'run', 'reports_workflow', 'id_task_send_emails', 'scheduled__2024-07-02T00:00:00+00:00', '--job-id', '1790', '--raw', '--subdir', 'DAGS_FOLDER/dag_email_robot.py', '--cfg-path', '/tmp/tmpk7y01ft0']
[2024-07-03T14:19:34.462+0000] {standard_task_runner.py:85} INFO - Job 1790: Subtask id_task_send_emails
[2024-07-03T14:19:34.513+0000] {task_command.py:415} INFO - Running <TaskInstance: reports_workflow.id_task_send_emails scheduled__2024-07-02T00:00:00+00:00 [running]> on host 6f4ef5488251
[2024-07-03T14:19:34.589+0000] {taskinstance.py:1660} INFO - Exporting env vars: AIRFLOW_CTX_DAG_OWNER='FIRDAVS' AIRFLOW_CTX_DAG_ID='reports_workflow' AIRFLOW_CTX_TASK_ID='id_task_send_emails' AIRFLOW_CTX_EXECUTION_DATE='2024-07-02T00:00:00+00:00' AIRFLOW_CTX_TRY_NUMBER='1' AIRFLOW_CTX_DAG_RUN_ID='scheduled__2024-07-02T00:00:00+00:00'
[2024-07-03T14:19:34.590+0000] {logging_mixin.py:151} INFO - path of config file:  /opt/***
[2024-07-03T14:19:34.591+0000] {logging_mixin.py:151} INFO - #>2024-07-03 14:19:34.591451_User@StatDep: EmailRobot in screated.
[2024-07-03T14:19:34.591+0000] {logging_mixin.py:151} INFO - #>2024-07-03 14:19:34.591799_User@StatDep: send_validation_results is started...
[2024-07-03T14:19:34.601+0000] {logging_mixin.py:151} INFO -    #>2024-07-03 14:19:34.601748_conneciton to db is set.
[2024-07-03T14:19:34.603+0000] {logging_mixin.py:151} INFO -    #>2024-07-03 14:19:34.603845_cursor execution is successful.
[2024-07-03T14:19:34.604+0000] {logging_mixin.py:151} INFO -    There is no any new submissions found. The get_validation_results is over.
[2024-07-03T14:19:34.604+0000] {python.py:194} INFO - Done. Returned value was: True
[2024-07-03T14:19:34.632+0000] {taskinstance.py:1400} INFO - Marking task as SUCCESS. dag_id=reports_workflow, task_id=id_task_send_emails, execution_date=20240702T000000, start_date=20240703T141934, end_date=20240703T141934
[2024-07-03T14:19:34.670+0000] {local_task_job_runner.py:228} INFO - Task exited with return code 0
[2024-07-03T14:19:34.694+0000] {taskinstance.py:2784} INFO - 0 downstream tasks scheduled from follow-on schedule check
