[2024-07-03T10:10:01.418+0000] {taskinstance.py:1159} INFO - Dependencies all met for dep_context=non-requeueable deps ti=<TaskInstance: reports_workflow.id_task_get_emails scheduled__2024-07-03T10:05:00+00:00 [queued]>
[2024-07-03T10:10:01.426+0000] {taskinstance.py:1159} INFO - Dependencies all met for dep_context=requeueable deps ti=<TaskInstance: reports_workflow.id_task_get_emails scheduled__2024-07-03T10:05:00+00:00 [queued]>
[2024-07-03T10:10:01.426+0000] {taskinstance.py:1361} INFO - Starting attempt 1 of 1
[2024-07-03T10:10:01.437+0000] {taskinstance.py:1382} INFO - Executing <Task(PythonOperator): id_task_get_emails> on 2024-07-03 10:05:00+00:00
[2024-07-03T10:10:01.442+0000] {standard_task_runner.py:57} INFO - Started process 21347 to run task
[2024-07-03T10:10:01.450+0000] {standard_task_runner.py:84} INFO - Running: ['***', 'tasks', 'run', 'reports_workflow', 'id_task_get_emails', 'scheduled__2024-07-03T10:05:00+00:00', '--job-id', '660', '--raw', '--subdir', 'DAGS_FOLDER/dag_email_robot.py', '--cfg-path', '/tmp/tmpnenmzj0d']
[2024-07-03T10:10:01.451+0000] {standard_task_runner.py:85} INFO - Job 660: Subtask id_task_get_emails
[2024-07-03T10:10:01.530+0000] {task_command.py:415} INFO - Running <TaskInstance: reports_workflow.id_task_get_emails scheduled__2024-07-03T10:05:00+00:00 [running]> on host 6f4ef5488251
[2024-07-03T10:10:01.654+0000] {taskinstance.py:1660} INFO - Exporting env vars: AIRFLOW_CTX_DAG_OWNER='FIRDAVS' AIRFLOW_CTX_DAG_ID='reports_workflow' AIRFLOW_CTX_TASK_ID='id_task_get_emails' AIRFLOW_CTX_EXECUTION_DATE='2024-07-03T10:05:00+00:00' AIRFLOW_CTX_TRY_NUMBER='1' AIRFLOW_CTX_DAG_RUN_ID='scheduled__2024-07-03T10:05:00+00:00'
[2024-07-03T10:10:01.655+0000] {logging_mixin.py:151} INFO - path of config file:  /opt/***
[2024-07-03T10:10:01.655+0000] {logging_mixin.py:151} INFO - #>2024-07-03 10:10:01.655642_User@StatDep: EmailRobot in screated.
[2024-07-03T10:10:01.655+0000] {logging_mixin.py:151} INFO - #>2024-07-03 10:10:01.655870_User@StatDep: get_for_recent_emails is started...
[2024-07-03T10:10:01.656+0000] {logging_mixin.py:151} INFO - #>2024-07-03 10:10:01.656105_User@StatDep: pop3_fetch_emails isstarted...
[2024-07-03T10:10:02.131+0000] {logging_mixin.py:151} INFO -    b'+OK'
[2024-07-03T10:10:02.770+0000] {logging_mixin.py:151} INFO -    mailbox have 0 emails and the robot can process 10
[2024-07-03T10:10:02.771+0000] {logging_mixin.py:151} INFO - #>2024-07-03 10:10:02.770960_User@StatDep: no emails to process, exiting pop3_fetch_emails()...
[2024-07-03T10:10:02.771+0000] {python.py:194} INFO - Done. Returned value was: True
[2024-07-03T10:10:03.049+0000] {taskinstance.py:1400} INFO - Marking task as SUCCESS. dag_id=reports_workflow, task_id=id_task_get_emails, execution_date=20240703T100500, start_date=20240703T101001, end_date=20240703T101003
[2024-07-03T10:10:03.145+0000] {local_task_job_runner.py:228} INFO - Task exited with return code 0
[2024-07-03T10:10:03.179+0000] {taskinstance.py:2784} INFO - 1 downstream tasks scheduled from follow-on schedule check
[2024-07-03T14:44:27.159+0000] {taskinstance.py:1159} INFO - Dependencies all met for dep_context=non-requeueable deps ti=<TaskInstance: reports_workflow.id_task_get_emails scheduled__2024-07-03T10:05:00+00:00 [queued]>
[2024-07-03T14:44:27.202+0000] {taskinstance.py:1159} INFO - Dependencies all met for dep_context=requeueable deps ti=<TaskInstance: reports_workflow.id_task_get_emails scheduled__2024-07-03T10:05:00+00:00 [queued]>
[2024-07-03T14:44:27.207+0000] {taskinstance.py:1361} INFO - Starting attempt 1 of 2
[2024-07-03T14:44:27.271+0000] {taskinstance.py:1382} INFO - Executing <Task(PythonOperator): id_task_get_emails> on 2024-07-03 10:05:00+00:00
[2024-07-03T14:44:27.297+0000] {standard_task_runner.py:57} INFO - Started process 28077 to run task
[2024-07-03T14:44:27.321+0000] {standard_task_runner.py:84} INFO - Running: ['***', 'tasks', 'run', 'reports_workflow', 'id_task_get_emails', 'scheduled__2024-07-03T10:05:00+00:00', '--job-id', '1939', '--raw', '--subdir', 'DAGS_FOLDER/dag_email_robot.py', '--cfg-path', '/tmp/tmpv4ecoav1']
[2024-07-03T14:44:27.322+0000] {standard_task_runner.py:85} INFO - Job 1939: Subtask id_task_get_emails
[2024-07-03T14:44:27.531+0000] {task_command.py:415} INFO - Running <TaskInstance: reports_workflow.id_task_get_emails scheduled__2024-07-03T10:05:00+00:00 [running]> on host 6f4ef5488251
[2024-07-03T14:44:27.724+0000] {taskinstance.py:1660} INFO - Exporting env vars: AIRFLOW_CTX_DAG_OWNER='FIRDAVS' AIRFLOW_CTX_DAG_ID='reports_workflow' AIRFLOW_CTX_TASK_ID='id_task_get_emails' AIRFLOW_CTX_EXECUTION_DATE='2024-07-03T10:05:00+00:00' AIRFLOW_CTX_TRY_NUMBER='1' AIRFLOW_CTX_DAG_RUN_ID='scheduled__2024-07-03T10:05:00+00:00'
[2024-07-03T14:44:27.725+0000] {logging_mixin.py:151} INFO - path of config file:  /opt/***
[2024-07-03T14:44:27.726+0000] {logging_mixin.py:151} INFO - #>2024-07-03 14:44:27.726251_User@StatDep: EmailRobot in screated.
[2024-07-03T14:44:27.726+0000] {logging_mixin.py:151} INFO - #>2024-07-03 14:44:27.726441_User@StatDep: get_for_recent_emails is started...
[2024-07-03T14:44:27.726+0000] {logging_mixin.py:151} INFO - #>2024-07-03 14:44:27.726580_User@StatDep: pop3_fetch_emails isstarted...
[2024-07-03T14:44:28.105+0000] {logging_mixin.py:151} INFO -    b'+OK'
[2024-07-03T14:44:28.480+0000] {logging_mixin.py:151} INFO -    mailbox have 0 emails and the robot can process 10
[2024-07-03T14:44:28.480+0000] {logging_mixin.py:151} INFO - #>2024-07-03 14:44:28.480296_User@StatDep: no emails to process, exiting pop3_fetch_emails()...
[2024-07-03T14:44:28.480+0000] {python.py:194} INFO - Done. Returned value was: True
[2024-07-03T14:44:28.547+0000] {taskinstance.py:1400} INFO - Marking task as SUCCESS. dag_id=reports_workflow, task_id=id_task_get_emails, execution_date=20240703T100500, start_date=20240703T144427, end_date=20240703T144428
[2024-07-03T14:44:28.575+0000] {local_task_job_runner.py:228} INFO - Task exited with return code 0
[2024-07-03T14:44:28.674+0000] {taskinstance.py:2784} INFO - 1 downstream tasks scheduled from follow-on schedule check
[2024-07-03T14:47:34.869+0000] {taskinstance.py:1159} INFO - Dependencies all met for dep_context=non-requeueable deps ti=<TaskInstance: reports_workflow.id_task_get_emails scheduled__2024-07-03T10:05:00+00:00 [queued]>
[2024-07-03T14:47:34.922+0000] {taskinstance.py:1159} INFO - Dependencies all met for dep_context=requeueable deps ti=<TaskInstance: reports_workflow.id_task_get_emails scheduled__2024-07-03T10:05:00+00:00 [queued]>
[2024-07-03T14:47:34.922+0000] {taskinstance.py:1361} INFO - Starting attempt 1 of 2
[2024-07-03T14:47:34.967+0000] {taskinstance.py:1382} INFO - Executing <Task(PythonOperator): id_task_get_emails> on 2024-07-03 10:05:00+00:00
[2024-07-03T14:47:34.987+0000] {standard_task_runner.py:57} INFO - Started process 28549 to run task
[2024-07-03T14:47:35.001+0000] {standard_task_runner.py:84} INFO - Running: ['***', 'tasks', 'run', 'reports_workflow', 'id_task_get_emails', 'scheduled__2024-07-03T10:05:00+00:00', '--job-id', '2152', '--raw', '--subdir', 'DAGS_FOLDER/dag_email_robot.py', '--cfg-path', '/tmp/tmp9xpmhoev']
[2024-07-03T14:47:35.003+0000] {standard_task_runner.py:85} INFO - Job 2152: Subtask id_task_get_emails
[2024-07-03T14:47:35.233+0000] {task_command.py:415} INFO - Running <TaskInstance: reports_workflow.id_task_get_emails scheduled__2024-07-03T10:05:00+00:00 [running]> on host 6f4ef5488251
[2024-07-03T14:47:35.492+0000] {taskinstance.py:1660} INFO - Exporting env vars: AIRFLOW_CTX_DAG_OWNER='FIRDAVS' AIRFLOW_CTX_DAG_ID='reports_workflow' AIRFLOW_CTX_TASK_ID='id_task_get_emails' AIRFLOW_CTX_EXECUTION_DATE='2024-07-03T10:05:00+00:00' AIRFLOW_CTX_TRY_NUMBER='1' AIRFLOW_CTX_DAG_RUN_ID='scheduled__2024-07-03T10:05:00+00:00'
[2024-07-03T14:47:35.493+0000] {logging_mixin.py:151} INFO - path of config file:  /opt/***
[2024-07-03T14:47:35.494+0000] {logging_mixin.py:151} INFO - #>2024-07-03 14:47:35.494189_User@StatDep: EmailRobot in screated.
[2024-07-03T14:47:35.497+0000] {logging_mixin.py:151} INFO - #>2024-07-03 14:47:35.494391_User@StatDep: get_for_recent_emails is started...
[2024-07-03T14:47:35.498+0000] {logging_mixin.py:151} INFO - #>2024-07-03 14:47:35.498131_User@StatDep: pop3_fetch_emails isstarted...
[2024-07-03T14:47:35.880+0000] {logging_mixin.py:151} INFO -    b'+OK'
[2024-07-03T14:47:36.256+0000] {logging_mixin.py:151} INFO -    mailbox have 0 emails and the robot can process 10
[2024-07-03T14:47:36.257+0000] {logging_mixin.py:151} INFO - #>2024-07-03 14:47:36.257018_User@StatDep: no emails to process, exiting pop3_fetch_emails()...
[2024-07-03T14:47:36.260+0000] {python.py:194} INFO - Done. Returned value was: True
[2024-07-03T14:47:36.309+0000] {taskinstance.py:1400} INFO - Marking task as SUCCESS. dag_id=reports_workflow, task_id=id_task_get_emails, execution_date=20240703T100500, start_date=20240703T144734, end_date=20240703T144736
[2024-07-03T14:47:36.379+0000] {local_task_job_runner.py:228} INFO - Task exited with return code 0
[2024-07-03T14:47:36.471+0000] {taskinstance.py:2784} INFO - 0 downstream tasks scheduled from follow-on schedule check
[2024-07-03T14:48:09.629+0000] {taskinstance.py:1159} INFO - Dependencies all met for dep_context=non-requeueable deps ti=<TaskInstance: reports_workflow.id_task_get_emails scheduled__2024-07-03T10:05:00+00:00 [queued]>
[2024-07-03T14:48:09.699+0000] {taskinstance.py:1159} INFO - Dependencies all met for dep_context=requeueable deps ti=<TaskInstance: reports_workflow.id_task_get_emails scheduled__2024-07-03T10:05:00+00:00 [queued]>
[2024-07-03T14:48:09.701+0000] {taskinstance.py:1361} INFO - Starting attempt 1 of 2
[2024-07-03T14:48:09.764+0000] {taskinstance.py:1382} INFO - Executing <Task(PythonOperator): id_task_get_emails> on 2024-07-03 10:05:00+00:00
[2024-07-03T14:48:09.785+0000] {standard_task_runner.py:57} INFO - Started process 28696 to run task
[2024-07-03T14:48:09.806+0000] {standard_task_runner.py:84} INFO - Running: ['***', 'tasks', 'run', 'reports_workflow', 'id_task_get_emails', 'scheduled__2024-07-03T10:05:00+00:00', '--job-id', '2221', '--raw', '--subdir', 'DAGS_FOLDER/dag_email_robot.py', '--cfg-path', '/tmp/tmpyptpzetj']
[2024-07-03T14:48:09.815+0000] {standard_task_runner.py:85} INFO - Job 2221: Subtask id_task_get_emails
[2024-07-03T14:48:09.965+0000] {task_command.py:415} INFO - Running <TaskInstance: reports_workflow.id_task_get_emails scheduled__2024-07-03T10:05:00+00:00 [running]> on host 6f4ef5488251
[2024-07-03T14:48:10.281+0000] {taskinstance.py:1660} INFO - Exporting env vars: AIRFLOW_CTX_DAG_OWNER='FIRDAVS' AIRFLOW_CTX_DAG_ID='reports_workflow' AIRFLOW_CTX_TASK_ID='id_task_get_emails' AIRFLOW_CTX_EXECUTION_DATE='2024-07-03T10:05:00+00:00' AIRFLOW_CTX_TRY_NUMBER='1' AIRFLOW_CTX_DAG_RUN_ID='scheduled__2024-07-03T10:05:00+00:00'
[2024-07-03T14:48:10.282+0000] {logging_mixin.py:151} INFO - path of config file:  /opt/***
[2024-07-03T14:48:10.283+0000] {logging_mixin.py:151} INFO - #>2024-07-03 14:48:10.283453_User@StatDep: EmailRobot in screated.
[2024-07-03T14:48:10.283+0000] {logging_mixin.py:151} INFO - #>2024-07-03 14:48:10.283644_User@StatDep: get_for_recent_emails is started...
[2024-07-03T14:48:10.283+0000] {logging_mixin.py:151} INFO - #>2024-07-03 14:48:10.283787_User@StatDep: pop3_fetch_emails isstarted...
[2024-07-03T14:48:10.670+0000] {logging_mixin.py:151} INFO -    b'+OK'
[2024-07-03T14:48:11.005+0000] {logging_mixin.py:151} INFO -    mailbox have 0 emails and the robot can process 10
[2024-07-03T14:48:11.006+0000] {logging_mixin.py:151} INFO - #>2024-07-03 14:48:11.006097_User@StatDep: no emails to process, exiting pop3_fetch_emails()...
[2024-07-03T14:48:11.008+0000] {python.py:194} INFO - Done. Returned value was: True
[2024-07-03T14:48:11.069+0000] {taskinstance.py:1400} INFO - Marking task as SUCCESS. dag_id=reports_workflow, task_id=id_task_get_emails, execution_date=20240703T100500, start_date=20240703T144809, end_date=20240703T144811
[2024-07-03T14:48:11.113+0000] {local_task_job_runner.py:228} INFO - Task exited with return code 0
[2024-07-03T14:48:11.178+0000] {taskinstance.py:2784} INFO - 1 downstream tasks scheduled from follow-on schedule check
[2024-07-03T14:55:25.121+0000] {taskinstance.py:1159} INFO - Dependencies all met for dep_context=non-requeueable deps ti=<TaskInstance: reports_workflow.id_task_get_emails scheduled__2024-07-03T10:05:00+00:00 [queued]>
[2024-07-03T14:55:25.165+0000] {taskinstance.py:1159} INFO - Dependencies all met for dep_context=requeueable deps ti=<TaskInstance: reports_workflow.id_task_get_emails scheduled__2024-07-03T10:05:00+00:00 [queued]>
[2024-07-03T14:55:25.165+0000] {taskinstance.py:1361} INFO - Starting attempt 1 of 2
[2024-07-03T14:55:25.186+0000] {taskinstance.py:1382} INFO - Executing <Task(PythonOperator): id_task_get_emails> on 2024-07-03 10:05:00+00:00
[2024-07-03T14:55:25.197+0000] {standard_task_runner.py:57} INFO - Started process 28945 to run task
[2024-07-03T14:55:25.219+0000] {standard_task_runner.py:84} INFO - Running: ['***', 'tasks', 'run', 'reports_workflow', 'id_task_get_emails', 'scheduled__2024-07-03T10:05:00+00:00', '--job-id', '2290', '--raw', '--subdir', 'DAGS_FOLDER/dag_email_robot.py', '--cfg-path', '/tmp/tmpamx673j_']
[2024-07-03T14:55:25.220+0000] {standard_task_runner.py:85} INFO - Job 2290: Subtask id_task_get_emails
[2024-07-03T14:55:25.331+0000] {task_command.py:415} INFO - Running <TaskInstance: reports_workflow.id_task_get_emails scheduled__2024-07-03T10:05:00+00:00 [running]> on host 6f4ef5488251
[2024-07-03T14:55:25.500+0000] {taskinstance.py:1660} INFO - Exporting env vars: AIRFLOW_CTX_DAG_OWNER='FIRDAVS' AIRFLOW_CTX_DAG_ID='reports_workflow' AIRFLOW_CTX_TASK_ID='id_task_get_emails' AIRFLOW_CTX_EXECUTION_DATE='2024-07-03T10:05:00+00:00' AIRFLOW_CTX_TRY_NUMBER='1' AIRFLOW_CTX_DAG_RUN_ID='scheduled__2024-07-03T10:05:00+00:00'
[2024-07-03T14:55:25.501+0000] {logging_mixin.py:151} INFO - path of config file:  /opt/***
[2024-07-03T14:55:25.502+0000] {logging_mixin.py:151} INFO - #>2024-07-03 14:55:25.502056_User@StatDep: EmailRobot in screated.
[2024-07-03T14:55:25.502+0000] {logging_mixin.py:151} INFO - #>2024-07-03 14:55:25.502273_User@StatDep: get_for_recent_emails is started...
[2024-07-03T14:55:25.502+0000] {logging_mixin.py:151} INFO - #>2024-07-03 14:55:25.502435_User@StatDep: pop3_fetch_emails isstarted...
[2024-07-03T14:55:25.895+0000] {logging_mixin.py:151} INFO -    b'+OK'
[2024-07-03T14:55:26.197+0000] {logging_mixin.py:151} INFO -    mailbox have 0 emails and the robot can process 10
[2024-07-03T14:55:26.198+0000] {logging_mixin.py:151} INFO - #>2024-07-03 14:55:26.198146_User@StatDep: no emails to process, exiting pop3_fetch_emails()...
[2024-07-03T14:55:26.200+0000] {python.py:194} INFO - Done. Returned value was: True
[2024-07-03T14:55:26.249+0000] {taskinstance.py:1400} INFO - Marking task as SUCCESS. dag_id=reports_workflow, task_id=id_task_get_emails, execution_date=20240703T100500, start_date=20240703T145525, end_date=20240703T145526
[2024-07-03T14:55:26.328+0000] {local_task_job_runner.py:228} INFO - Task exited with return code 0
[2024-07-03T14:55:26.388+0000] {taskinstance.py:2784} INFO - 1 downstream tasks scheduled from follow-on schedule check
