[2024-07-03T09:57:34.438+0000] {taskinstance.py:1159} INFO - Dependencies all met for dep_context=non-requeueable deps ti=<TaskInstance: reports_workflow.id_task_get_emails scheduled__2024-07-02T10:00:00+00:00 [queued]>
[2024-07-03T09:57:34.447+0000] {taskinstance.py:1159} INFO - Dependencies all met for dep_context=requeueable deps ti=<TaskInstance: reports_workflow.id_task_get_emails scheduled__2024-07-02T10:00:00+00:00 [queued]>
[2024-07-03T09:57:34.447+0000] {taskinstance.py:1361} INFO - Starting attempt 1 of 1
[2024-07-03T09:57:34.459+0000] {taskinstance.py:1382} INFO - Executing <Task(PythonOperator): id_task_get_emails> on 2024-07-02 10:00:00+00:00
[2024-07-03T09:57:34.463+0000] {standard_task_runner.py:57} INFO - Started process 20570 to run task
[2024-07-03T09:57:34.467+0000] {standard_task_runner.py:84} INFO - Running: ['***', 'tasks', 'run', 'reports_workflow', 'id_task_get_emails', 'scheduled__2024-07-02T10:00:00+00:00', '--job-id', '365', '--raw', '--subdir', 'DAGS_FOLDER/dag_email_robot.py', '--cfg-path', '/tmp/tmpstj9kdiy']
[2024-07-03T09:57:34.469+0000] {standard_task_runner.py:85} INFO - Job 365: Subtask id_task_get_emails
[2024-07-03T09:57:34.513+0000] {task_command.py:415} INFO - Running <TaskInstance: reports_workflow.id_task_get_emails scheduled__2024-07-02T10:00:00+00:00 [running]> on host 6f4ef5488251
[2024-07-03T09:57:34.593+0000] {taskinstance.py:1660} INFO - Exporting env vars: AIRFLOW_CTX_DAG_OWNER='FIRDAVS' AIRFLOW_CTX_DAG_ID='reports_workflow' AIRFLOW_CTX_TASK_ID='id_task_get_emails' AIRFLOW_CTX_EXECUTION_DATE='2024-07-02T10:00:00+00:00' AIRFLOW_CTX_TRY_NUMBER='1' AIRFLOW_CTX_DAG_RUN_ID='scheduled__2024-07-02T10:00:00+00:00'
[2024-07-03T09:57:34.598+0000] {logging_mixin.py:151} INFO - path of config file:  /opt/***
[2024-07-03T09:57:34.601+0000] {taskinstance.py:1943} ERROR - Task failed with exception
Traceback (most recent call last):
  File "/home/airflow/.local/lib/python3.8/site-packages/airflow/operators/python.py", line 192, in execute
    return_value = self.execute_callable()
  File "/home/airflow/.local/lib/python3.8/site-packages/airflow/operators/python.py", line 209, in execute_callable
    return self.python_callable(*self.op_args, **self.op_kwargs)
  File "/opt/airflow/dags/dag_email_robot.py", line 22, in get_emails
    email_conf = json.load (open(path / ("config/email_conf.json")))
NameError: name 'json' is not defined
[2024-07-03T09:57:34.612+0000] {taskinstance.py:1400} INFO - Marking task as FAILED. dag_id=reports_workflow, task_id=id_task_get_emails, execution_date=20240702T100000, start_date=20240703T095734, end_date=20240703T095734
[2024-07-03T09:57:34.625+0000] {standard_task_runner.py:104} ERROR - Failed to execute job 365 for task id_task_get_emails (name 'json' is not defined; 20570)
[2024-07-03T09:57:34.638+0000] {local_task_job_runner.py:228} INFO - Task exited with return code 1
[2024-07-03T09:57:34.671+0000] {taskinstance.py:2784} INFO - 0 downstream tasks scheduled from follow-on schedule check
[2024-07-03T12:05:05.262+0000] {taskinstance.py:1159} INFO - Dependencies all met for dep_context=non-requeueable deps ti=<TaskInstance: reports_workflow.id_task_get_emails scheduled__2024-07-02T10:00:00+00:00 [queued]>
[2024-07-03T12:05:05.273+0000] {taskinstance.py:1159} INFO - Dependencies all met for dep_context=requeueable deps ti=<TaskInstance: reports_workflow.id_task_get_emails scheduled__2024-07-02T10:00:00+00:00 [queued]>
[2024-07-03T12:05:05.273+0000] {taskinstance.py:1361} INFO - Starting attempt 1 of 1
[2024-07-03T12:05:05.340+0000] {taskinstance.py:1382} INFO - Executing <Task(PythonOperator): id_task_get_emails> on 2024-07-02 10:00:00+00:00
[2024-07-03T12:05:05.349+0000] {standard_task_runner.py:57} INFO - Started process 23391 to run task
[2024-07-03T12:05:05.357+0000] {standard_task_runner.py:84} INFO - Running: ['***', 'tasks', 'run', 'reports_workflow', 'id_task_get_emails', 'scheduled__2024-07-02T10:00:00+00:00', '--job-id', '806', '--raw', '--subdir', 'DAGS_FOLDER/dag_email_robot.py', '--cfg-path', '/tmp/tmpi7okrfda']
[2024-07-03T12:05:05.358+0000] {standard_task_runner.py:85} INFO - Job 806: Subtask id_task_get_emails
[2024-07-03T12:05:05.427+0000] {task_command.py:415} INFO - Running <TaskInstance: reports_workflow.id_task_get_emails scheduled__2024-07-02T10:00:00+00:00 [running]> on host 6f4ef5488251
[2024-07-03T12:05:05.528+0000] {taskinstance.py:1660} INFO - Exporting env vars: AIRFLOW_CTX_DAG_OWNER='FIRDAVS' AIRFLOW_CTX_DAG_ID='reports_workflow' AIRFLOW_CTX_TASK_ID='id_task_get_emails' AIRFLOW_CTX_EXECUTION_DATE='2024-07-02T10:00:00+00:00' AIRFLOW_CTX_TRY_NUMBER='1' AIRFLOW_CTX_DAG_RUN_ID='scheduled__2024-07-02T10:00:00+00:00'
[2024-07-03T12:05:05.529+0000] {logging_mixin.py:151} INFO - path of config file:  /opt/***
[2024-07-03T12:05:05.529+0000] {logging_mixin.py:151} INFO - #>2024-07-03 12:05:05.529858_User@StatDep: EmailRobot in screated.
[2024-07-03T12:05:05.530+0000] {logging_mixin.py:151} INFO - #>2024-07-03 12:05:05.530058_User@StatDep: get_for_recent_emails is started...
[2024-07-03T12:05:05.530+0000] {logging_mixin.py:151} INFO - #>2024-07-03 12:05:05.530192_User@StatDep: pop3_fetch_emails isstarted...
[2024-07-03T12:05:05.888+0000] {logging_mixin.py:151} INFO -    b'+OK'
[2024-07-03T12:05:06.381+0000] {logging_mixin.py:151} INFO -    mailbox have 1 emails and the robot can process 10
[2024-07-03T12:05:06.794+0000] {logging_mixin.py:151} INFO -    #>2024-07-03 12:05:06.793982_conneciton to db is set.
[2024-07-03T12:05:06.809+0000] {taskinstance.py:1943} ERROR - Task failed with exception
Traceback (most recent call last):
  File "/home/airflow/.local/lib/python3.8/site-packages/airflow/operators/python.py", line 192, in execute
    return_value = self.execute_callable()
  File "/home/airflow/.local/lib/python3.8/site-packages/airflow/operators/python.py", line 209, in execute_callable
    return self.python_callable(*self.op_args, **self.op_kwargs)
  File "/opt/airflow/dags/dag_email_robot.py", line 25, in get_emails
    robot.fetch_emails()
  File "/opt/airflow/dags/emailRobot.py", line 62, in fetch_emails
    return self.pop3_fetch_emails()
  File "/opt/airflow/dags/emailRobot.py", line 156, in pop3_fetch_emails
    cursor.execute (query, insert_values)
psycopg2.errors.UndefinedTable: relation "sma_stat_dep.tbl_file_upload" does not exist
LINE 1: ...) AS (INSERT INTO                                 sma_stat_d...
                                                             ^

[2024-07-03T12:05:06.824+0000] {taskinstance.py:1400} INFO - Marking task as FAILED. dag_id=reports_workflow, task_id=id_task_get_emails, execution_date=20240702T100000, start_date=20240703T120505, end_date=20240703T120506
[2024-07-03T12:05:06.845+0000] {standard_task_runner.py:104} ERROR - Failed to execute job 806 for task id_task_get_emails (relation "sma_stat_dep.tbl_file_upload" does not exist
LINE 1: ...) AS (INSERT INTO                                 sma_stat_d...
                                                             ^
; 23391)
[2024-07-03T12:05:06.901+0000] {local_task_job_runner.py:228} INFO - Task exited with return code 1
[2024-07-03T12:05:06.935+0000] {taskinstance.py:2784} INFO - 0 downstream tasks scheduled from follow-on schedule check
[2024-07-03T12:23:35.740+0000] {taskinstance.py:1159} INFO - Dependencies all met for dep_context=non-requeueable deps ti=<TaskInstance: reports_workflow.id_task_get_emails scheduled__2024-07-02T10:00:00+00:00 [queued]>
[2024-07-03T12:23:35.758+0000] {taskinstance.py:1159} INFO - Dependencies all met for dep_context=requeueable deps ti=<TaskInstance: reports_workflow.id_task_get_emails scheduled__2024-07-02T10:00:00+00:00 [queued]>
[2024-07-03T12:23:35.758+0000] {taskinstance.py:1361} INFO - Starting attempt 1 of 1
[2024-07-03T12:23:35.785+0000] {taskinstance.py:1382} INFO - Executing <Task(PythonOperator): id_task_get_emails> on 2024-07-02 10:00:00+00:00
[2024-07-03T12:23:35.798+0000] {standard_task_runner.py:57} INFO - Started process 24298 to run task
[2024-07-03T12:23:35.817+0000] {standard_task_runner.py:84} INFO - Running: ['***', 'tasks', 'run', 'reports_workflow', 'id_task_get_emails', 'scheduled__2024-07-02T10:00:00+00:00', '--job-id', '1122', '--raw', '--subdir', 'DAGS_FOLDER/dag_email_robot.py', '--cfg-path', '/tmp/tmpuaz749d9']
[2024-07-03T12:23:35.819+0000] {standard_task_runner.py:85} INFO - Job 1122: Subtask id_task_get_emails
[2024-07-03T12:23:35.897+0000] {task_command.py:415} INFO - Running <TaskInstance: reports_workflow.id_task_get_emails scheduled__2024-07-02T10:00:00+00:00 [running]> on host 6f4ef5488251
[2024-07-03T12:23:35.993+0000] {taskinstance.py:1660} INFO - Exporting env vars: AIRFLOW_CTX_DAG_OWNER='FIRDAVS' AIRFLOW_CTX_DAG_ID='reports_workflow' AIRFLOW_CTX_TASK_ID='id_task_get_emails' AIRFLOW_CTX_EXECUTION_DATE='2024-07-02T10:00:00+00:00' AIRFLOW_CTX_TRY_NUMBER='1' AIRFLOW_CTX_DAG_RUN_ID='scheduled__2024-07-02T10:00:00+00:00'
[2024-07-03T12:23:35.994+0000] {logging_mixin.py:151} INFO - path of config file:  /opt/***
[2024-07-03T12:23:35.997+0000] {logging_mixin.py:151} INFO - #>2024-07-03 12:23:35.997071_User@StatDep: EmailRobot in screated.
[2024-07-03T12:23:35.997+0000] {logging_mixin.py:151} INFO - #>2024-07-03 12:23:35.997295_User@StatDep: get_for_recent_emails is started...
[2024-07-03T12:23:35.997+0000] {logging_mixin.py:151} INFO - #>2024-07-03 12:23:35.997434_User@StatDep: pop3_fetch_emails isstarted...
[2024-07-03T12:23:36.382+0000] {logging_mixin.py:151} INFO -    b'+OK'
[2024-07-03T12:23:36.709+0000] {logging_mixin.py:151} INFO -    mailbox have 0 emails and the robot can process 10
[2024-07-03T12:23:36.709+0000] {logging_mixin.py:151} INFO - #>2024-07-03 12:23:36.709523_User@StatDep: no emails to process, exiting pop3_fetch_emails()...
[2024-07-03T12:23:36.710+0000] {python.py:194} INFO - Done. Returned value was: True
[2024-07-03T12:23:36.745+0000] {taskinstance.py:1400} INFO - Marking task as SUCCESS. dag_id=reports_workflow, task_id=id_task_get_emails, execution_date=20240702T100000, start_date=20240703T122335, end_date=20240703T122336
[2024-07-03T12:23:36.793+0000] {local_task_job_runner.py:228} INFO - Task exited with return code 0
[2024-07-03T12:23:36.823+0000] {taskinstance.py:2784} INFO - 1 downstream tasks scheduled from follow-on schedule check
[2024-07-03T14:44:25.241+0000] {taskinstance.py:1159} INFO - Dependencies all met for dep_context=non-requeueable deps ti=<TaskInstance: reports_workflow.id_task_get_emails scheduled__2024-07-02T10:00:00+00:00 [queued]>
[2024-07-03T14:44:25.273+0000] {taskinstance.py:1159} INFO - Dependencies all met for dep_context=requeueable deps ti=<TaskInstance: reports_workflow.id_task_get_emails scheduled__2024-07-02T10:00:00+00:00 [queued]>
[2024-07-03T14:44:25.273+0000] {taskinstance.py:1361} INFO - Starting attempt 1 of 2
[2024-07-03T14:44:25.298+0000] {taskinstance.py:1382} INFO - Executing <Task(PythonOperator): id_task_get_emails> on 2024-07-02 10:00:00+00:00
[2024-07-03T14:44:25.305+0000] {standard_task_runner.py:57} INFO - Started process 28055 to run task
[2024-07-03T14:44:25.318+0000] {standard_task_runner.py:84} INFO - Running: ['***', 'tasks', 'run', 'reports_workflow', 'id_task_get_emails', 'scheduled__2024-07-02T10:00:00+00:00', '--job-id', '1931', '--raw', '--subdir', 'DAGS_FOLDER/dag_email_robot.py', '--cfg-path', '/tmp/tmppkccn_p7']
[2024-07-03T14:44:25.323+0000] {standard_task_runner.py:85} INFO - Job 1931: Subtask id_task_get_emails
[2024-07-03T14:44:25.407+0000] {task_command.py:415} INFO - Running <TaskInstance: reports_workflow.id_task_get_emails scheduled__2024-07-02T10:00:00+00:00 [running]> on host 6f4ef5488251
[2024-07-03T14:44:25.541+0000] {taskinstance.py:1660} INFO - Exporting env vars: AIRFLOW_CTX_DAG_OWNER='FIRDAVS' AIRFLOW_CTX_DAG_ID='reports_workflow' AIRFLOW_CTX_TASK_ID='id_task_get_emails' AIRFLOW_CTX_EXECUTION_DATE='2024-07-02T10:00:00+00:00' AIRFLOW_CTX_TRY_NUMBER='1' AIRFLOW_CTX_DAG_RUN_ID='scheduled__2024-07-02T10:00:00+00:00'
[2024-07-03T14:44:25.542+0000] {logging_mixin.py:151} INFO - path of config file:  /opt/***
[2024-07-03T14:44:25.542+0000] {logging_mixin.py:151} INFO - #>2024-07-03 14:44:25.542740_User@StatDep: EmailRobot in screated.
[2024-07-03T14:44:25.542+0000] {logging_mixin.py:151} INFO - #>2024-07-03 14:44:25.542936_User@StatDep: get_for_recent_emails is started...
[2024-07-03T14:44:25.543+0000] {logging_mixin.py:151} INFO - #>2024-07-03 14:44:25.543086_User@StatDep: pop3_fetch_emails isstarted...
[2024-07-03T14:44:25.921+0000] {logging_mixin.py:151} INFO -    b'+OK'
[2024-07-03T14:44:26.281+0000] {logging_mixin.py:151} INFO -    mailbox have 0 emails and the robot can process 10
[2024-07-03T14:44:26.281+0000] {logging_mixin.py:151} INFO - #>2024-07-03 14:44:26.281368_User@StatDep: no emails to process, exiting pop3_fetch_emails()...
[2024-07-03T14:44:26.283+0000] {python.py:194} INFO - Done. Returned value was: True
[2024-07-03T14:44:26.321+0000] {taskinstance.py:1400} INFO - Marking task as SUCCESS. dag_id=reports_workflow, task_id=id_task_get_emails, execution_date=20240702T100000, start_date=20240703T144425, end_date=20240703T144426
[2024-07-03T14:44:26.359+0000] {local_task_job_runner.py:228} INFO - Task exited with return code 0
[2024-07-03T14:44:26.473+0000] {taskinstance.py:2784} INFO - 0 downstream tasks scheduled from follow-on schedule check
[2024-07-03T14:46:57.118+0000] {taskinstance.py:1159} INFO - Dependencies all met for dep_context=non-requeueable deps ti=<TaskInstance: reports_workflow.id_task_get_emails scheduled__2024-07-02T10:00:00+00:00 [queued]>
[2024-07-03T14:46:57.162+0000] {taskinstance.py:1159} INFO - Dependencies all met for dep_context=requeueable deps ti=<TaskInstance: reports_workflow.id_task_get_emails scheduled__2024-07-02T10:00:00+00:00 [queued]>
[2024-07-03T14:46:57.162+0000] {taskinstance.py:1361} INFO - Starting attempt 1 of 2
[2024-07-03T14:46:57.204+0000] {taskinstance.py:1382} INFO - Executing <Task(PythonOperator): id_task_get_emails> on 2024-07-02 10:00:00+00:00
[2024-07-03T14:46:57.224+0000] {standard_task_runner.py:57} INFO - Started process 28450 to run task
[2024-07-03T14:46:57.281+0000] {standard_task_runner.py:84} INFO - Running: ['***', 'tasks', 'run', 'reports_workflow', 'id_task_get_emails', 'scheduled__2024-07-02T10:00:00+00:00', '--job-id', '2105', '--raw', '--subdir', 'DAGS_FOLDER/dag_email_robot.py', '--cfg-path', '/tmp/tmp7m912ja4']
[2024-07-03T14:46:57.347+0000] {standard_task_runner.py:85} INFO - Job 2105: Subtask id_task_get_emails
[2024-07-03T14:46:57.692+0000] {task_command.py:415} INFO - Running <TaskInstance: reports_workflow.id_task_get_emails scheduled__2024-07-02T10:00:00+00:00 [running]> on host 6f4ef5488251
[2024-07-03T14:46:58.221+0000] {taskinstance.py:1660} INFO - Exporting env vars: AIRFLOW_CTX_DAG_OWNER='FIRDAVS' AIRFLOW_CTX_DAG_ID='reports_workflow' AIRFLOW_CTX_TASK_ID='id_task_get_emails' AIRFLOW_CTX_EXECUTION_DATE='2024-07-02T10:00:00+00:00' AIRFLOW_CTX_TRY_NUMBER='1' AIRFLOW_CTX_DAG_RUN_ID='scheduled__2024-07-02T10:00:00+00:00'
[2024-07-03T14:46:58.222+0000] {logging_mixin.py:151} INFO - path of config file:  /opt/***
[2024-07-03T14:46:58.226+0000] {logging_mixin.py:151} INFO - #>2024-07-03 14:46:58.226426_User@StatDep: EmailRobot in screated.
[2024-07-03T14:46:58.226+0000] {logging_mixin.py:151} INFO - #>2024-07-03 14:46:58.226635_User@StatDep: get_for_recent_emails is started...
[2024-07-03T14:46:58.226+0000] {logging_mixin.py:151} INFO - #>2024-07-03 14:46:58.226770_User@StatDep: pop3_fetch_emails isstarted...
[2024-07-03T14:46:58.585+0000] {logging_mixin.py:151} INFO -    b'+OK'
[2024-07-03T14:46:58.976+0000] {logging_mixin.py:151} INFO -    mailbox have 0 emails and the robot can process 10
[2024-07-03T14:46:58.976+0000] {logging_mixin.py:151} INFO - #>2024-07-03 14:46:58.976568_User@StatDep: no emails to process, exiting pop3_fetch_emails()...
[2024-07-03T14:46:58.977+0000] {python.py:194} INFO - Done. Returned value was: True
[2024-07-03T14:46:59.020+0000] {taskinstance.py:1400} INFO - Marking task as SUCCESS. dag_id=reports_workflow, task_id=id_task_get_emails, execution_date=20240702T100000, start_date=20240703T144657, end_date=20240703T144659
[2024-07-03T14:46:59.090+0000] {local_task_job_runner.py:228} INFO - Task exited with return code 0
[2024-07-03T14:46:59.173+0000] {taskinstance.py:2784} INFO - 0 downstream tasks scheduled from follow-on schedule check
