[2024-07-03T09:58:51.082+0000] {taskinstance.py:1159} INFO - Dependencies all met for dep_context=non-requeueable deps ti=<TaskInstance: reports_workflow.id_task_get_emails scheduled__2024-07-02T23:05:00+00:00 [queued]>
[2024-07-03T09:58:51.101+0000] {taskinstance.py:1159} INFO - Dependencies all met for dep_context=requeueable deps ti=<TaskInstance: reports_workflow.id_task_get_emails scheduled__2024-07-02T23:05:00+00:00 [queued]>
[2024-07-03T09:58:51.101+0000] {taskinstance.py:1361} INFO - Starting attempt 1 of 1
[2024-07-03T09:58:51.123+0000] {taskinstance.py:1382} INFO - Executing <Task(PythonOperator): id_task_get_emails> on 2024-07-02 23:05:00+00:00
[2024-07-03T09:58:51.128+0000] {standard_task_runner.py:57} INFO - Started process 20908 to run task
[2024-07-03T09:58:51.140+0000] {standard_task_runner.py:84} INFO - Running: ['***', 'tasks', 'run', 'reports_workflow', 'id_task_get_emails', 'scheduled__2024-07-02T23:05:00+00:00', '--job-id', '524', '--raw', '--subdir', 'DAGS_FOLDER/dag_email_robot.py', '--cfg-path', '/tmp/tmp08ldnqnf']
[2024-07-03T09:58:51.141+0000] {standard_task_runner.py:85} INFO - Job 524: Subtask id_task_get_emails
[2024-07-03T09:58:51.273+0000] {task_command.py:415} INFO - Running <TaskInstance: reports_workflow.id_task_get_emails scheduled__2024-07-02T23:05:00+00:00 [running]> on host 6f4ef5488251
[2024-07-03T09:58:51.510+0000] {taskinstance.py:1660} INFO - Exporting env vars: AIRFLOW_CTX_DAG_OWNER='FIRDAVS' AIRFLOW_CTX_DAG_ID='reports_workflow' AIRFLOW_CTX_TASK_ID='id_task_get_emails' AIRFLOW_CTX_EXECUTION_DATE='2024-07-02T23:05:00+00:00' AIRFLOW_CTX_TRY_NUMBER='1' AIRFLOW_CTX_DAG_RUN_ID='scheduled__2024-07-02T23:05:00+00:00'
[2024-07-03T09:58:51.512+0000] {logging_mixin.py:151} INFO - path of config file:  /opt/***
[2024-07-03T09:58:51.512+0000] {logging_mixin.py:151} INFO - #>2024-07-03 09:58:51.512624_User@StatDep: EmailRobot in screated.
[2024-07-03T09:58:51.512+0000] {logging_mixin.py:151} INFO - #>2024-07-03 09:58:51.512825_User@StatDep: get_for_recent_emails is started...
[2024-07-03T09:58:51.512+0000] {logging_mixin.py:151} INFO - #>2024-07-03 09:58:51.512961_User@StatDep: pop3_fetch_emails isstarted...
[2024-07-03T09:58:51.880+0000] {logging_mixin.py:151} INFO -    b'+OK'
[2024-07-03T09:58:52.207+0000] {logging_mixin.py:151} INFO -    mailbox have 0 emails and the robot can process 10
[2024-07-03T09:58:52.207+0000] {logging_mixin.py:151} INFO - #>2024-07-03 09:58:52.207958_User@StatDep: no emails to process, exiting pop3_fetch_emails()...
[2024-07-03T09:58:52.208+0000] {python.py:194} INFO - Done. Returned value was: True
[2024-07-03T09:58:52.231+0000] {taskinstance.py:1400} INFO - Marking task as SUCCESS. dag_id=reports_workflow, task_id=id_task_get_emails, execution_date=20240702T230500, start_date=20240703T095851, end_date=20240703T095852
[2024-07-03T09:58:52.289+0000] {local_task_job_runner.py:228} INFO - Task exited with return code 0
[2024-07-03T09:58:52.311+0000] {taskinstance.py:2784} INFO - 0 downstream tasks scheduled from follow-on schedule check
[2024-07-03T13:39:00.577+0000] {taskinstance.py:1159} INFO - Dependencies all met for dep_context=non-requeueable deps ti=<TaskInstance: reports_workflow.id_task_get_emails scheduled__2024-07-02T23:05:00+00:00 [queued]>
[2024-07-03T13:39:01.000+0000] {taskinstance.py:1159} INFO - Dependencies all met for dep_context=requeueable deps ti=<TaskInstance: reports_workflow.id_task_get_emails scheduled__2024-07-02T23:05:00+00:00 [queued]>
[2024-07-03T13:39:01.000+0000] {taskinstance.py:1361} INFO - Starting attempt 1 of 1
[2024-07-03T13:39:01.015+0000] {taskinstance.py:1382} INFO - Executing <Task(PythonOperator): id_task_get_emails> on 2024-07-02 23:05:00+00:00
[2024-07-03T13:39:01.020+0000] {standard_task_runner.py:57} INFO - Started process 26077 to run task
[2024-07-03T13:39:01.028+0000] {standard_task_runner.py:84} INFO - Running: ['***', 'tasks', 'run', 'reports_workflow', 'id_task_get_emails', 'scheduled__2024-07-02T23:05:00+00:00', '--job-id', '1439', '--raw', '--subdir', 'DAGS_FOLDER/dag_email_robot.py', '--cfg-path', '/tmp/tmpj7cby7xu']
[2024-07-03T13:39:01.030+0000] {standard_task_runner.py:85} INFO - Job 1439: Subtask id_task_get_emails
[2024-07-03T13:39:01.083+0000] {task_command.py:415} INFO - Running <TaskInstance: reports_workflow.id_task_get_emails scheduled__2024-07-02T23:05:00+00:00 [running]> on host 6f4ef5488251
[2024-07-03T13:39:01.162+0000] {taskinstance.py:1660} INFO - Exporting env vars: AIRFLOW_CTX_DAG_OWNER='FIRDAVS' AIRFLOW_CTX_DAG_ID='reports_workflow' AIRFLOW_CTX_TASK_ID='id_task_get_emails' AIRFLOW_CTX_EXECUTION_DATE='2024-07-02T23:05:00+00:00' AIRFLOW_CTX_TRY_NUMBER='1' AIRFLOW_CTX_DAG_RUN_ID='scheduled__2024-07-02T23:05:00+00:00'
[2024-07-03T13:39:01.163+0000] {logging_mixin.py:151} INFO - path of config file:  /opt/***
[2024-07-03T13:39:01.164+0000] {logging_mixin.py:151} INFO - #>2024-07-03 13:39:01.164060_User@StatDep: EmailRobot in screated.
[2024-07-03T13:39:01.164+0000] {logging_mixin.py:151} INFO - #>2024-07-03 13:39:01.164237_User@StatDep: get_for_recent_emails is started...
[2024-07-03T13:39:01.164+0000] {logging_mixin.py:151} INFO - #>2024-07-03 13:39:01.164369_User@StatDep: pop3_fetch_emails isstarted...
[2024-07-03T13:39:01.561+0000] {logging_mixin.py:151} INFO -    b'+OK'
[2024-07-03T13:39:01.909+0000] {logging_mixin.py:151} INFO -    mailbox have 0 emails and the robot can process 10
[2024-07-03T13:39:01.909+0000] {logging_mixin.py:151} INFO - #>2024-07-03 13:39:01.909724_User@StatDep: no emails to process, exiting pop3_fetch_emails()...
[2024-07-03T13:39:01.910+0000] {python.py:194} INFO - Done. Returned value was: True
[2024-07-03T13:39:01.955+0000] {taskinstance.py:1400} INFO - Marking task as SUCCESS. dag_id=reports_workflow, task_id=id_task_get_emails, execution_date=20240702T230500, start_date=20240703T133900, end_date=20240703T133901
[2024-07-03T13:39:02.012+0000] {local_task_job_runner.py:228} INFO - Task exited with return code 0
[2024-07-03T13:39:02.082+0000] {taskinstance.py:2784} INFO - 1 downstream tasks scheduled from follow-on schedule check
