[2024-07-03T09:58:04.668+0000] {taskinstance.py:1159} INFO - Dependencies all met for dep_context=non-requeueable deps ti=<TaskInstance: reports_workflow.id_task_get_emails scheduled__2024-07-02T14:50:00+00:00 [queued]>
[2024-07-03T09:58:04.676+0000] {taskinstance.py:1159} INFO - Dependencies all met for dep_context=requeueable deps ti=<TaskInstance: reports_workflow.id_task_get_emails scheduled__2024-07-02T14:50:00+00:00 [queued]>
[2024-07-03T09:58:04.677+0000] {taskinstance.py:1361} INFO - Starting attempt 1 of 1
[2024-07-03T09:58:04.692+0000] {taskinstance.py:1382} INFO - Executing <Task(PythonOperator): id_task_get_emails> on 2024-07-02 14:50:00+00:00
[2024-07-03T09:58:04.697+0000] {standard_task_runner.py:57} INFO - Started process 20695 to run task
[2024-07-03T09:58:04.703+0000] {standard_task_runner.py:84} INFO - Running: ['***', 'tasks', 'run', 'reports_workflow', 'id_task_get_emails', 'scheduled__2024-07-02T14:50:00+00:00', '--job-id', '423', '--raw', '--subdir', 'DAGS_FOLDER/dag_email_robot.py', '--cfg-path', '/tmp/tmpdmv3ndvy']
[2024-07-03T09:58:04.704+0000] {standard_task_runner.py:85} INFO - Job 423: Subtask id_task_get_emails
[2024-07-03T09:58:04.751+0000] {task_command.py:415} INFO - Running <TaskInstance: reports_workflow.id_task_get_emails scheduled__2024-07-02T14:50:00+00:00 [running]> on host 6f4ef5488251
[2024-07-03T09:58:04.814+0000] {taskinstance.py:1660} INFO - Exporting env vars: AIRFLOW_CTX_DAG_OWNER='FIRDAVS' AIRFLOW_CTX_DAG_ID='reports_workflow' AIRFLOW_CTX_TASK_ID='id_task_get_emails' AIRFLOW_CTX_EXECUTION_DATE='2024-07-02T14:50:00+00:00' AIRFLOW_CTX_TRY_NUMBER='1' AIRFLOW_CTX_DAG_RUN_ID='scheduled__2024-07-02T14:50:00+00:00'
[2024-07-03T09:58:04.815+0000] {logging_mixin.py:151} INFO - path of config file:  /opt/***
[2024-07-03T09:58:04.816+0000] {logging_mixin.py:151} INFO - #>2024-07-03 09:58:04.816057_User@StatDep: EmailRobot in screated.
[2024-07-03T09:58:04.816+0000] {logging_mixin.py:151} INFO - #>2024-07-03 09:58:04.816226_User@StatDep: get_for_recent_emails is started...
[2024-07-03T09:58:04.816+0000] {logging_mixin.py:151} INFO - #>2024-07-03 09:58:04.816440_User@StatDep: pop3_fetch_emails isstarted...
[2024-07-03T09:58:05.204+0000] {logging_mixin.py:151} INFO -    b'+OK'
[2024-07-03T09:58:05.739+0000] {logging_mixin.py:151} INFO -    mailbox have 3 emails and the robot can process 10
[2024-07-03T09:58:06.000+0000] {logging_mixin.py:151} INFO -    deletion of email after inserting into database +OK message 1 deleted
[2024-07-03T09:58:06.238+0000] {logging_mixin.py:151} INFO -    deletion of email after inserting into database +OK message 2 deleted
[2024-07-03T09:58:06.457+0000] {logging_mixin.py:151} INFO -    deletion of email after inserting into database +OK message 3 deleted
[2024-07-03T09:58:06.530+0000] {logging_mixin.py:151} INFO - #>2024-07-03 09:58:06.530050_User@StatDep: pop3_fetch_emails is successful.
[2024-07-03T09:58:06.530+0000] {python.py:194} INFO - Done. Returned value was: True
[2024-07-03T09:58:06.571+0000] {taskinstance.py:1400} INFO - Marking task as SUCCESS. dag_id=reports_workflow, task_id=id_task_get_emails, execution_date=20240702T145000, start_date=20240703T095804, end_date=20240703T095806
[2024-07-03T09:58:06.606+0000] {local_task_job_runner.py:228} INFO - Task exited with return code 0
[2024-07-03T09:58:06.626+0000] {taskinstance.py:2784} INFO - 0 downstream tasks scheduled from follow-on schedule check
[2024-07-03T12:05:29.421+0000] {taskinstance.py:1159} INFO - Dependencies all met for dep_context=non-requeueable deps ti=<TaskInstance: reports_workflow.id_task_get_emails scheduled__2024-07-02T14:50:00+00:00 [queued]>
[2024-07-03T12:05:29.432+0000] {taskinstance.py:1159} INFO - Dependencies all met for dep_context=requeueable deps ti=<TaskInstance: reports_workflow.id_task_get_emails scheduled__2024-07-02T14:50:00+00:00 [queued]>
[2024-07-03T12:05:29.432+0000] {taskinstance.py:1361} INFO - Starting attempt 1 of 1
[2024-07-03T12:05:29.451+0000] {taskinstance.py:1382} INFO - Executing <Task(PythonOperator): id_task_get_emails> on 2024-07-02 14:50:00+00:00
[2024-07-03T12:05:29.458+0000] {standard_task_runner.py:57} INFO - Started process 23515 to run task
[2024-07-03T12:05:29.475+0000] {standard_task_runner.py:84} INFO - Running: ['***', 'tasks', 'run', 'reports_workflow', 'id_task_get_emails', 'scheduled__2024-07-02T14:50:00+00:00', '--job-id', '864', '--raw', '--subdir', 'DAGS_FOLDER/dag_email_robot.py', '--cfg-path', '/tmp/tmpra9yvn5b']
[2024-07-03T12:05:29.476+0000] {standard_task_runner.py:85} INFO - Job 864: Subtask id_task_get_emails
[2024-07-03T12:05:29.558+0000] {task_command.py:415} INFO - Running <TaskInstance: reports_workflow.id_task_get_emails scheduled__2024-07-02T14:50:00+00:00 [running]> on host 6f4ef5488251
[2024-07-03T12:05:29.707+0000] {taskinstance.py:1660} INFO - Exporting env vars: AIRFLOW_CTX_DAG_OWNER='FIRDAVS' AIRFLOW_CTX_DAG_ID='reports_workflow' AIRFLOW_CTX_TASK_ID='id_task_get_emails' AIRFLOW_CTX_EXECUTION_DATE='2024-07-02T14:50:00+00:00' AIRFLOW_CTX_TRY_NUMBER='1' AIRFLOW_CTX_DAG_RUN_ID='scheduled__2024-07-02T14:50:00+00:00'
[2024-07-03T12:05:29.708+0000] {logging_mixin.py:151} INFO - path of config file:  /opt/***
[2024-07-03T12:05:29.708+0000] {logging_mixin.py:151} INFO - #>2024-07-03 12:05:29.708869_User@StatDep: EmailRobot in screated.
[2024-07-03T12:05:29.709+0000] {logging_mixin.py:151} INFO - #>2024-07-03 12:05:29.709047_User@StatDep: get_for_recent_emails is started...
[2024-07-03T12:05:29.709+0000] {logging_mixin.py:151} INFO - #>2024-07-03 12:05:29.709178_User@StatDep: pop3_fetch_emails isstarted...
[2024-07-03T12:05:30.081+0000] {logging_mixin.py:151} INFO -    b'+OK'
[2024-07-03T12:05:30.524+0000] {logging_mixin.py:151} INFO -    mailbox have 1 emails and the robot can process 10
[2024-07-03T12:05:30.964+0000] {logging_mixin.py:151} INFO -    #>2024-07-03 12:05:30.964478_conneciton to db is set.
[2024-07-03T12:05:30.973+0000] {taskinstance.py:1943} ERROR - Task failed with exception
Traceback (most recent call last):
  File "/home/airflow/.local/lib/python3.8/site-packages/airflow/operators/python.py", line 192, in execute
    return_value = self.execute_callable()
  File "/home/airflow/.local/lib/python3.8/site-packages/airflow/operators/python.py", line 209, in execute_callable
    return self.python_callable(*self.op_args, **self.op_kwargs)
  File "/opt/airflow/dags/dag_email_robot.py", line 25, in get_emails
    robot.fetch_emails()
  File "/opt/airflow/dags/emailRobot.py", line 62, in fetch_emails
    return self.pop3_fetch_emails()
  File "/opt/airflow/dags/emailRobot.py", line 156, in pop3_fetch_emails
    cursor.execute (query, insert_values)
psycopg2.errors.UndefinedTable: relation "sma_stat_dep.tbl_file_upload" does not exist
LINE 1: ...) AS (INSERT INTO                                 sma_stat_d...
                                                             ^

[2024-07-03T12:05:30.984+0000] {taskinstance.py:1400} INFO - Marking task as FAILED. dag_id=reports_workflow, task_id=id_task_get_emails, execution_date=20240702T145000, start_date=20240703T120529, end_date=20240703T120530
[2024-07-03T12:05:31.070+0000] {standard_task_runner.py:104} ERROR - Failed to execute job 864 for task id_task_get_emails (relation "sma_stat_dep.tbl_file_upload" does not exist
LINE 1: ...) AS (INSERT INTO                                 sma_stat_d...
                                                             ^
; 23515)
[2024-07-03T12:05:31.100+0000] {local_task_job_runner.py:228} INFO - Task exited with return code 1
[2024-07-03T12:05:31.128+0000] {taskinstance.py:2784} INFO - 0 downstream tasks scheduled from follow-on schedule check
[2024-07-03T12:25:20.603+0000] {taskinstance.py:1159} INFO - Dependencies all met for dep_context=non-requeueable deps ti=<TaskInstance: reports_workflow.id_task_get_emails scheduled__2024-07-02T14:50:00+00:00 [queued]>
[2024-07-03T12:25:20.612+0000] {taskinstance.py:1159} INFO - Dependencies all met for dep_context=requeueable deps ti=<TaskInstance: reports_workflow.id_task_get_emails scheduled__2024-07-02T14:50:00+00:00 [queued]>
[2024-07-03T12:25:20.613+0000] {taskinstance.py:1361} INFO - Starting attempt 1 of 1
[2024-07-03T12:25:20.652+0000] {taskinstance.py:1382} INFO - Executing <Task(PythonOperator): id_task_get_emails> on 2024-07-02 14:50:00+00:00
[2024-07-03T12:25:20.659+0000] {standard_task_runner.py:57} INFO - Started process 24560 to run task
[2024-07-03T12:25:20.667+0000] {standard_task_runner.py:84} INFO - Running: ['***', 'tasks', 'run', 'reports_workflow', 'id_task_get_emails', 'scheduled__2024-07-02T14:50:00+00:00', '--job-id', '1237', '--raw', '--subdir', 'DAGS_FOLDER/dag_email_robot.py', '--cfg-path', '/tmp/tmpp6s8u4rr']
[2024-07-03T12:25:20.669+0000] {standard_task_runner.py:85} INFO - Job 1237: Subtask id_task_get_emails
[2024-07-03T12:25:20.754+0000] {task_command.py:415} INFO - Running <TaskInstance: reports_workflow.id_task_get_emails scheduled__2024-07-02T14:50:00+00:00 [running]> on host 6f4ef5488251
[2024-07-03T12:25:20.869+0000] {taskinstance.py:1660} INFO - Exporting env vars: AIRFLOW_CTX_DAG_OWNER='FIRDAVS' AIRFLOW_CTX_DAG_ID='reports_workflow' AIRFLOW_CTX_TASK_ID='id_task_get_emails' AIRFLOW_CTX_EXECUTION_DATE='2024-07-02T14:50:00+00:00' AIRFLOW_CTX_TRY_NUMBER='1' AIRFLOW_CTX_DAG_RUN_ID='scheduled__2024-07-02T14:50:00+00:00'
[2024-07-03T12:25:20.871+0000] {logging_mixin.py:151} INFO - path of config file:  /opt/***
[2024-07-03T12:25:20.872+0000] {logging_mixin.py:151} INFO - #>2024-07-03 12:25:20.872147_User@StatDep: EmailRobot in screated.
[2024-07-03T12:25:20.872+0000] {logging_mixin.py:151} INFO - #>2024-07-03 12:25:20.872323_User@StatDep: get_for_recent_emails is started...
[2024-07-03T12:25:20.872+0000] {logging_mixin.py:151} INFO - #>2024-07-03 12:25:20.872456_User@StatDep: pop3_fetch_emails isstarted...
[2024-07-03T12:25:21.240+0000] {logging_mixin.py:151} INFO -    b'+OK'
[2024-07-03T12:25:21.515+0000] {logging_mixin.py:151} INFO -    mailbox have 0 emails and the robot can process 10
[2024-07-03T12:25:21.515+0000] {logging_mixin.py:151} INFO - #>2024-07-03 12:25:21.515551_User@StatDep: no emails to process, exiting pop3_fetch_emails()...
[2024-07-03T12:25:21.515+0000] {python.py:194} INFO - Done. Returned value was: True
[2024-07-03T12:25:21.565+0000] {taskinstance.py:1400} INFO - Marking task as SUCCESS. dag_id=reports_workflow, task_id=id_task_get_emails, execution_date=20240702T145000, start_date=20240703T122520, end_date=20240703T122521
[2024-07-03T12:25:21.651+0000] {local_task_job_runner.py:228} INFO - Task exited with return code 0
[2024-07-03T12:25:21.679+0000] {taskinstance.py:2784} INFO - 1 downstream tasks scheduled from follow-on schedule check
