[2024-07-03T09:59:18.036+0000] {taskinstance.py:1159} INFO - Dependencies all met for dep_context=non-requeueable deps ti=<TaskInstance: reports_workflow.id_task_get_emails scheduled__2024-07-03T03:00:00+00:00 [queued]>
[2024-07-03T09:59:18.047+0000] {taskinstance.py:1159} INFO - Dependencies all met for dep_context=requeueable deps ti=<TaskInstance: reports_workflow.id_task_get_emails scheduled__2024-07-03T03:00:00+00:00 [queued]>
[2024-07-03T09:59:18.047+0000] {taskinstance.py:1361} INFO - Starting attempt 1 of 1
[2024-07-03T09:59:18.069+0000] {taskinstance.py:1382} INFO - Executing <Task(PythonOperator): id_task_get_emails> on 2024-07-03 03:00:00+00:00
[2024-07-03T09:59:18.074+0000] {standard_task_runner.py:57} INFO - Started process 21007 to run task
[2024-07-03T09:59:18.082+0000] {standard_task_runner.py:84} INFO - Running: ['***', 'tasks', 'run', 'reports_workflow', 'id_task_get_emails', 'scheduled__2024-07-03T03:00:00+00:00', '--job-id', '571', '--raw', '--subdir', 'DAGS_FOLDER/dag_email_robot.py', '--cfg-path', '/tmp/tmpgjbikluj']
[2024-07-03T09:59:18.085+0000] {standard_task_runner.py:85} INFO - Job 571: Subtask id_task_get_emails
[2024-07-03T09:59:18.157+0000] {task_command.py:415} INFO - Running <TaskInstance: reports_workflow.id_task_get_emails scheduled__2024-07-03T03:00:00+00:00 [running]> on host 6f4ef5488251
[2024-07-03T09:59:18.244+0000] {taskinstance.py:1660} INFO - Exporting env vars: AIRFLOW_CTX_DAG_OWNER='FIRDAVS' AIRFLOW_CTX_DAG_ID='reports_workflow' AIRFLOW_CTX_TASK_ID='id_task_get_emails' AIRFLOW_CTX_EXECUTION_DATE='2024-07-03T03:00:00+00:00' AIRFLOW_CTX_TRY_NUMBER='1' AIRFLOW_CTX_DAG_RUN_ID='scheduled__2024-07-03T03:00:00+00:00'
[2024-07-03T09:59:18.246+0000] {logging_mixin.py:151} INFO - path of config file:  /opt/***
[2024-07-03T09:59:18.248+0000] {logging_mixin.py:151} INFO - #>2024-07-03 09:59:18.248166_User@StatDep: EmailRobot in screated.
[2024-07-03T09:59:18.248+0000] {logging_mixin.py:151} INFO - #>2024-07-03 09:59:18.248331_User@StatDep: get_for_recent_emails is started...
[2024-07-03T09:59:18.248+0000] {logging_mixin.py:151} INFO - #>2024-07-03 09:59:18.248453_User@StatDep: pop3_fetch_emails isstarted...
[2024-07-03T09:59:18.631+0000] {logging_mixin.py:151} INFO -    b'+OK'
[2024-07-03T09:59:18.966+0000] {logging_mixin.py:151} INFO -    mailbox have 0 emails and the robot can process 10
[2024-07-03T09:59:18.966+0000] {logging_mixin.py:151} INFO - #>2024-07-03 09:59:18.966601_User@StatDep: no emails to process, exiting pop3_fetch_emails()...
[2024-07-03T09:59:18.967+0000] {python.py:194} INFO - Done. Returned value was: True
[2024-07-03T09:59:18.990+0000] {taskinstance.py:1400} INFO - Marking task as SUCCESS. dag_id=reports_workflow, task_id=id_task_get_emails, execution_date=20240703T030000, start_date=20240703T095918, end_date=20240703T095918
[2024-07-03T09:59:19.013+0000] {local_task_job_runner.py:228} INFO - Task exited with return code 0
[2024-07-03T09:59:19.032+0000] {taskinstance.py:2784} INFO - 0 downstream tasks scheduled from follow-on schedule check
[2024-07-03T13:39:39.688+0000] {taskinstance.py:1159} INFO - Dependencies all met for dep_context=non-requeueable deps ti=<TaskInstance: reports_workflow.id_task_get_emails scheduled__2024-07-03T03:00:00+00:00 [queued]>
[2024-07-03T13:39:39.722+0000] {taskinstance.py:1159} INFO - Dependencies all met for dep_context=requeueable deps ti=<TaskInstance: reports_workflow.id_task_get_emails scheduled__2024-07-03T03:00:00+00:00 [queued]>
[2024-07-03T13:39:39.724+0000] {taskinstance.py:1361} INFO - Starting attempt 1 of 1
[2024-07-03T13:39:39.751+0000] {taskinstance.py:1382} INFO - Executing <Task(PythonOperator): id_task_get_emails> on 2024-07-03 03:00:00+00:00
[2024-07-03T13:39:39.756+0000] {standard_task_runner.py:57} INFO - Started process 26263 to run task
[2024-07-03T13:39:39.773+0000] {standard_task_runner.py:84} INFO - Running: ['***', 'tasks', 'run', 'reports_workflow', 'id_task_get_emails', 'scheduled__2024-07-03T03:00:00+00:00', '--job-id', '1526', '--raw', '--subdir', 'DAGS_FOLDER/dag_email_robot.py', '--cfg-path', '/tmp/tmpum7gsmr9']
[2024-07-03T13:39:39.776+0000] {standard_task_runner.py:85} INFO - Job 1526: Subtask id_task_get_emails
[2024-07-03T13:39:39.933+0000] {task_command.py:415} INFO - Running <TaskInstance: reports_workflow.id_task_get_emails scheduled__2024-07-03T03:00:00+00:00 [running]> on host 6f4ef5488251
[2024-07-03T13:39:40.389+0000] {taskinstance.py:1660} INFO - Exporting env vars: AIRFLOW_CTX_DAG_OWNER='FIRDAVS' AIRFLOW_CTX_DAG_ID='reports_workflow' AIRFLOW_CTX_TASK_ID='id_task_get_emails' AIRFLOW_CTX_EXECUTION_DATE='2024-07-03T03:00:00+00:00' AIRFLOW_CTX_TRY_NUMBER='1' AIRFLOW_CTX_DAG_RUN_ID='scheduled__2024-07-03T03:00:00+00:00'
[2024-07-03T13:39:40.397+0000] {logging_mixin.py:151} INFO - path of config file:  /opt/***
[2024-07-03T13:39:40.398+0000] {logging_mixin.py:151} INFO - #>2024-07-03 13:39:40.398342_User@StatDep: EmailRobot in screated.
[2024-07-03T13:39:40.398+0000] {logging_mixin.py:151} INFO - #>2024-07-03 13:39:40.398558_User@StatDep: get_for_recent_emails is started...
[2024-07-03T13:39:40.398+0000] {logging_mixin.py:151} INFO - #>2024-07-03 13:39:40.398699_User@StatDep: pop3_fetch_emails isstarted...
[2024-07-03T13:39:40.810+0000] {logging_mixin.py:151} INFO -    b'+OK'
[2024-07-03T13:39:41.224+0000] {logging_mixin.py:151} INFO -    mailbox have 0 emails and the robot can process 10
[2024-07-03T13:39:41.224+0000] {logging_mixin.py:151} INFO - #>2024-07-03 13:39:41.224823_User@StatDep: no emails to process, exiting pop3_fetch_emails()...
[2024-07-03T13:39:41.225+0000] {python.py:194} INFO - Done. Returned value was: True
[2024-07-03T13:39:41.274+0000] {taskinstance.py:1400} INFO - Marking task as SUCCESS. dag_id=reports_workflow, task_id=id_task_get_emails, execution_date=20240703T030000, start_date=20240703T133939, end_date=20240703T133941
[2024-07-03T13:39:41.329+0000] {local_task_job_runner.py:228} INFO - Task exited with return code 0
[2024-07-03T13:39:41.369+0000] {taskinstance.py:2784} INFO - 1 downstream tasks scheduled from follow-on schedule check
