[2024-07-08T09:50:02.296+0000] {taskinstance.py:1159} INFO - Dependencies all met for dep_context=non-requeueable deps ti=<TaskInstance: reports_workflow.id_task_get_emails scheduled__2024-07-08T09:45:00+00:00 [queued]>
[2024-07-08T09:50:02.303+0000] {taskinstance.py:1159} INFO - Dependencies all met for dep_context=requeueable deps ti=<TaskInstance: reports_workflow.id_task_get_emails scheduled__2024-07-08T09:45:00+00:00 [queued]>
[2024-07-08T09:50:02.304+0000] {taskinstance.py:1361} INFO - Starting attempt 1 of 2
[2024-07-08T09:50:02.318+0000] {taskinstance.py:1382} INFO - Executing <Task(PythonOperator): id_task_get_emails> on 2024-07-08 09:45:00+00:00
[2024-07-08T09:50:02.328+0000] {standard_task_runner.py:57} INFO - Started process 7218 to run task
[2024-07-08T09:50:02.337+0000] {standard_task_runner.py:84} INFO - Running: ['***', 'tasks', 'run', 'reports_workflow', 'id_task_get_emails', 'scheduled__2024-07-08T09:45:00+00:00', '--job-id', '3685', '--raw', '--subdir', 'DAGS_FOLDER/dag_email_robot.py', '--cfg-path', '/tmp/tmpiubu8lfq']
[2024-07-08T09:50:02.342+0000] {standard_task_runner.py:85} INFO - Job 3685: Subtask id_task_get_emails
[2024-07-08T09:50:02.451+0000] {task_command.py:415} INFO - Running <TaskInstance: reports_workflow.id_task_get_emails scheduled__2024-07-08T09:45:00+00:00 [running]> on host 6f4ef5488251
[2024-07-08T09:50:02.578+0000] {taskinstance.py:1660} INFO - Exporting env vars: AIRFLOW_CTX_DAG_OWNER='FIRDAVS' AIRFLOW_CTX_DAG_ID='reports_workflow' AIRFLOW_CTX_TASK_ID='id_task_get_emails' AIRFLOW_CTX_EXECUTION_DATE='2024-07-08T09:45:00+00:00' AIRFLOW_CTX_TRY_NUMBER='1' AIRFLOW_CTX_DAG_RUN_ID='scheduled__2024-07-08T09:45:00+00:00'
[2024-07-08T09:50:02.580+0000] {logging_mixin.py:151} INFO - path of config file:  /opt/***
[2024-07-08T09:50:02.580+0000] {logging_mixin.py:151} INFO - #>2024-07-08 09:50:02.580631_User@StatDep: EmailRobot in screated.
[2024-07-08T09:50:02.580+0000] {logging_mixin.py:151} INFO - #>2024-07-08 09:50:02.580829_User@StatDep: get_for_recent_emails is started...
[2024-07-08T09:50:02.580+0000] {logging_mixin.py:151} INFO - #>2024-07-08 09:50:02.580964_User@StatDep: pop3_fetch_emails isstarted...
[2024-07-08T09:50:03.048+0000] {logging_mixin.py:151} INFO -    b'+OK'
[2024-07-08T09:50:03.468+0000] {logging_mixin.py:151} INFO -    mailbox have 0 emails and the robot can process 10
[2024-07-08T09:50:03.469+0000] {logging_mixin.py:151} INFO - #>2024-07-08 09:50:03.469101_User@StatDep: no emails to process, exiting pop3_fetch_emails()...
[2024-07-08T09:50:03.470+0000] {python.py:194} INFO - Done. Returned value was: True
[2024-07-08T09:50:03.508+0000] {taskinstance.py:1400} INFO - Marking task as SUCCESS. dag_id=reports_workflow, task_id=id_task_get_emails, execution_date=20240708T094500, start_date=20240708T095002, end_date=20240708T095003
[2024-07-08T09:50:03.549+0000] {local_task_job_runner.py:228} INFO - Task exited with return code 0
[2024-07-08T09:50:03.585+0000] {taskinstance.py:2784} INFO - 1 downstream tasks scheduled from follow-on schedule check
[2024-07-08T10:23:22.203+0000] {taskinstance.py:1159} INFO - Dependencies all met for dep_context=non-requeueable deps ti=<TaskInstance: reports_workflow.id_task_get_emails scheduled__2024-07-08T09:45:00+00:00 [queued]>
[2024-07-08T10:23:22.237+0000] {taskinstance.py:1159} INFO - Dependencies all met for dep_context=requeueable deps ti=<TaskInstance: reports_workflow.id_task_get_emails scheduled__2024-07-08T09:45:00+00:00 [queued]>
[2024-07-08T10:23:22.237+0000] {taskinstance.py:1361} INFO - Starting attempt 1 of 2
[2024-07-08T10:23:22.250+0000] {taskinstance.py:1382} INFO - Executing <Task(PythonOperator): id_task_get_emails> on 2024-07-08 09:45:00+00:00
[2024-07-08T10:23:22.271+0000] {standard_task_runner.py:57} INFO - Started process 8352 to run task
[2024-07-08T10:23:22.289+0000] {standard_task_runner.py:84} INFO - Running: ['***', 'tasks', 'run', 'reports_workflow', 'id_task_get_emails', 'scheduled__2024-07-08T09:45:00+00:00', '--job-id', '3901', '--raw', '--subdir', 'DAGS_FOLDER/dag_email_robot.py', '--cfg-path', '/tmp/tmpixpniq62']
[2024-07-08T10:23:22.301+0000] {standard_task_runner.py:85} INFO - Job 3901: Subtask id_task_get_emails
[2024-07-08T10:23:22.405+0000] {task_command.py:415} INFO - Running <TaskInstance: reports_workflow.id_task_get_emails scheduled__2024-07-08T09:45:00+00:00 [running]> on host 6f4ef5488251
[2024-07-08T10:23:22.498+0000] {taskinstance.py:1660} INFO - Exporting env vars: AIRFLOW_CTX_DAG_OWNER='FIRDAVS' AIRFLOW_CTX_DAG_ID='reports_workflow' AIRFLOW_CTX_TASK_ID='id_task_get_emails' AIRFLOW_CTX_EXECUTION_DATE='2024-07-08T09:45:00+00:00' AIRFLOW_CTX_TRY_NUMBER='1' AIRFLOW_CTX_DAG_RUN_ID='scheduled__2024-07-08T09:45:00+00:00'
[2024-07-08T10:23:22.499+0000] {logging_mixin.py:151} INFO - path of config file:  /opt/***
[2024-07-08T10:23:22.500+0000] {logging_mixin.py:151} INFO - #>2024-07-08 10:23:22.500660_User@StatDep: EmailRobot in screated.
[2024-07-08T10:23:22.500+0000] {logging_mixin.py:151} INFO - #>2024-07-08 10:23:22.500900_User@StatDep: get_for_recent_emails is started...
[2024-07-08T10:23:22.501+0000] {logging_mixin.py:151} INFO - #>2024-07-08 10:23:22.501048_User@StatDep: pop3_fetch_emails isstarted...
[2024-07-08T10:23:22.902+0000] {logging_mixin.py:151} INFO -    b'+OK'
[2024-07-08T10:23:23.209+0000] {logging_mixin.py:151} INFO -    mailbox have 0 emails and the robot can process 10
[2024-07-08T10:23:23.209+0000] {logging_mixin.py:151} INFO - #>2024-07-08 10:23:23.209559_User@StatDep: no emails to process, exiting pop3_fetch_emails()...
[2024-07-08T10:23:23.210+0000] {python.py:194} INFO - Done. Returned value was: True
[2024-07-08T10:23:23.242+0000] {taskinstance.py:1400} INFO - Marking task as SUCCESS. dag_id=reports_workflow, task_id=id_task_get_emails, execution_date=20240708T094500, start_date=20240708T102322, end_date=20240708T102323
[2024-07-08T10:23:23.288+0000] {local_task_job_runner.py:228} INFO - Task exited with return code 0
[2024-07-08T10:23:23.314+0000] {taskinstance.py:2784} INFO - 1 downstream tasks scheduled from follow-on schedule check
