[2024-07-08T07:40:01.213+0000] {taskinstance.py:1159} INFO - Dependencies all met for dep_context=non-requeueable deps ti=<TaskInstance: reports_workflow.id_task_get_emails scheduled__2024-07-08T07:35:00+00:00 [queued]>
[2024-07-08T07:40:01.220+0000] {taskinstance.py:1159} INFO - Dependencies all met for dep_context=requeueable deps ti=<TaskInstance: reports_workflow.id_task_get_emails scheduled__2024-07-08T07:35:00+00:00 [queued]>
[2024-07-08T07:40:01.220+0000] {taskinstance.py:1361} INFO - Starting attempt 1 of 2
[2024-07-08T07:40:01.232+0000] {taskinstance.py:1382} INFO - Executing <Task(PythonOperator): id_task_get_emails> on 2024-07-08 07:35:00+00:00
[2024-07-08T07:40:01.237+0000] {standard_task_runner.py:57} INFO - Started process 4965 to run task
[2024-07-08T07:40:01.244+0000] {standard_task_runner.py:84} INFO - Running: ['***', 'tasks', 'run', 'reports_workflow', 'id_task_get_emails', 'scheduled__2024-07-08T07:35:00+00:00', '--job-id', '3607', '--raw', '--subdir', 'DAGS_FOLDER/dag_email_robot.py', '--cfg-path', '/tmp/tmpc9rsgibg']
[2024-07-08T07:40:01.248+0000] {standard_task_runner.py:85} INFO - Job 3607: Subtask id_task_get_emails
[2024-07-08T07:40:01.327+0000] {task_command.py:415} INFO - Running <TaskInstance: reports_workflow.id_task_get_emails scheduled__2024-07-08T07:35:00+00:00 [running]> on host 6f4ef5488251
[2024-07-08T07:40:01.431+0000] {taskinstance.py:1660} INFO - Exporting env vars: AIRFLOW_CTX_DAG_OWNER='FIRDAVS' AIRFLOW_CTX_DAG_ID='reports_workflow' AIRFLOW_CTX_TASK_ID='id_task_get_emails' AIRFLOW_CTX_EXECUTION_DATE='2024-07-08T07:35:00+00:00' AIRFLOW_CTX_TRY_NUMBER='1' AIRFLOW_CTX_DAG_RUN_ID='scheduled__2024-07-08T07:35:00+00:00'
[2024-07-08T07:40:01.433+0000] {logging_mixin.py:151} INFO - path of config file:  /opt/***
[2024-07-08T07:40:01.433+0000] {logging_mixin.py:151} INFO - #>2024-07-08 07:40:01.433737_User@StatDep: EmailRobot in screated.
[2024-07-08T07:40:01.433+0000] {logging_mixin.py:151} INFO - #>2024-07-08 07:40:01.433917_User@StatDep: get_for_recent_emails is started...
[2024-07-08T07:40:01.434+0000] {logging_mixin.py:151} INFO - #>2024-07-08 07:40:01.434045_User@StatDep: pop3_fetch_emails isstarted...
[2024-07-08T07:40:02.026+0000] {logging_mixin.py:151} INFO -    b'+OK'
[2024-07-08T07:40:02.393+0000] {logging_mixin.py:151} INFO -    mailbox have 0 emails and the robot can process 10
[2024-07-08T07:40:02.393+0000] {logging_mixin.py:151} INFO - #>2024-07-08 07:40:02.393875_User@StatDep: no emails to process, exiting pop3_fetch_emails()...
[2024-07-08T07:40:02.395+0000] {python.py:194} INFO - Done. Returned value was: True
[2024-07-08T07:40:02.435+0000] {taskinstance.py:1400} INFO - Marking task as SUCCESS. dag_id=reports_workflow, task_id=id_task_get_emails, execution_date=20240708T073500, start_date=20240708T074001, end_date=20240708T074002
[2024-07-08T07:40:02.499+0000] {local_task_job_runner.py:228} INFO - Task exited with return code 0
[2024-07-08T07:40:02.535+0000] {taskinstance.py:2784} INFO - 1 downstream tasks scheduled from follow-on schedule check
[2024-07-08T10:22:18.972+0000] {taskinstance.py:1159} INFO - Dependencies all met for dep_context=non-requeueable deps ti=<TaskInstance: reports_workflow.id_task_get_emails scheduled__2024-07-08T07:35:00+00:00 [queued]>
[2024-07-08T10:22:19.021+0000] {taskinstance.py:1159} INFO - Dependencies all met for dep_context=requeueable deps ti=<TaskInstance: reports_workflow.id_task_get_emails scheduled__2024-07-08T07:35:00+00:00 [queued]>
[2024-07-08T10:22:19.022+0000] {taskinstance.py:1361} INFO - Starting attempt 1 of 2
[2024-07-08T10:22:19.038+0000] {taskinstance.py:1382} INFO - Executing <Task(PythonOperator): id_task_get_emails> on 2024-07-08 07:35:00+00:00
[2024-07-08T10:22:19.045+0000] {standard_task_runner.py:57} INFO - Started process 8053 to run task
[2024-07-08T10:22:19.050+0000] {standard_task_runner.py:84} INFO - Running: ['***', 'tasks', 'run', 'reports_workflow', 'id_task_get_emails', 'scheduled__2024-07-08T07:35:00+00:00', '--job-id', '3806', '--raw', '--subdir', 'DAGS_FOLDER/dag_email_robot.py', '--cfg-path', '/tmp/tmpl8d23h6x']
[2024-07-08T10:22:19.054+0000] {standard_task_runner.py:85} INFO - Job 3806: Subtask id_task_get_emails
[2024-07-08T10:22:19.115+0000] {task_command.py:415} INFO - Running <TaskInstance: reports_workflow.id_task_get_emails scheduled__2024-07-08T07:35:00+00:00 [running]> on host 6f4ef5488251
[2024-07-08T10:22:19.203+0000] {taskinstance.py:1660} INFO - Exporting env vars: AIRFLOW_CTX_DAG_OWNER='FIRDAVS' AIRFLOW_CTX_DAG_ID='reports_workflow' AIRFLOW_CTX_TASK_ID='id_task_get_emails' AIRFLOW_CTX_EXECUTION_DATE='2024-07-08T07:35:00+00:00' AIRFLOW_CTX_TRY_NUMBER='1' AIRFLOW_CTX_DAG_RUN_ID='scheduled__2024-07-08T07:35:00+00:00'
[2024-07-08T10:22:19.204+0000] {logging_mixin.py:151} INFO - path of config file:  /opt/***
[2024-07-08T10:22:19.205+0000] {logging_mixin.py:151} INFO - #>2024-07-08 10:22:19.205092_User@StatDep: EmailRobot in screated.
[2024-07-08T10:22:19.205+0000] {logging_mixin.py:151} INFO - #>2024-07-08 10:22:19.205459_User@StatDep: get_for_recent_emails is started...
[2024-07-08T10:22:19.205+0000] {logging_mixin.py:151} INFO - #>2024-07-08 10:22:19.205772_User@StatDep: pop3_fetch_emails isstarted...
[2024-07-08T10:22:19.577+0000] {logging_mixin.py:151} INFO -    b'+OK'
[2024-07-08T10:22:19.944+0000] {logging_mixin.py:151} INFO -    mailbox have 0 emails and the robot can process 10
[2024-07-08T10:22:19.945+0000] {logging_mixin.py:151} INFO - #>2024-07-08 10:22:19.945688_User@StatDep: no emails to process, exiting pop3_fetch_emails()...
[2024-07-08T10:22:19.947+0000] {python.py:194} INFO - Done. Returned value was: True
[2024-07-08T10:22:19.976+0000] {taskinstance.py:1400} INFO - Marking task as SUCCESS. dag_id=reports_workflow, task_id=id_task_get_emails, execution_date=20240708T073500, start_date=20240708T102218, end_date=20240708T102219
[2024-07-08T10:22:20.025+0000] {local_task_job_runner.py:228} INFO - Task exited with return code 0
[2024-07-08T10:22:20.060+0000] {taskinstance.py:2784} INFO - 1 downstream tasks scheduled from follow-on schedule check
[2024-07-08T10:27:27.347+0000] {taskinstance.py:1159} INFO - Dependencies all met for dep_context=non-requeueable deps ti=<TaskInstance: reports_workflow.id_task_get_emails scheduled__2024-07-08T07:35:00+00:00 [queued]>
[2024-07-08T10:27:27.356+0000] {taskinstance.py:1159} INFO - Dependencies all met for dep_context=requeueable deps ti=<TaskInstance: reports_workflow.id_task_get_emails scheduled__2024-07-08T07:35:00+00:00 [queued]>
[2024-07-08T10:27:27.356+0000] {taskinstance.py:1361} INFO - Starting attempt 1 of 2
[2024-07-08T10:27:27.369+0000] {taskinstance.py:1382} INFO - Executing <Task(PythonOperator): id_task_get_emails> on 2024-07-08 07:35:00+00:00
[2024-07-08T10:27:27.375+0000] {standard_task_runner.py:57} INFO - Started process 8835 to run task
[2024-07-08T10:27:27.379+0000] {standard_task_runner.py:84} INFO - Running: ['***', 'tasks', 'run', 'reports_workflow', 'id_task_get_emails', 'scheduled__2024-07-08T07:35:00+00:00', '--job-id', '4041', '--raw', '--subdir', 'DAGS_FOLDER/dag_email_robot.py', '--cfg-path', '/tmp/tmpzva2b8gc']
[2024-07-08T10:27:27.383+0000] {standard_task_runner.py:85} INFO - Job 4041: Subtask id_task_get_emails
[2024-07-08T10:27:27.440+0000] {task_command.py:415} INFO - Running <TaskInstance: reports_workflow.id_task_get_emails scheduled__2024-07-08T07:35:00+00:00 [running]> on host 6f4ef5488251
[2024-07-08T10:27:27.526+0000] {taskinstance.py:1660} INFO - Exporting env vars: AIRFLOW_CTX_DAG_OWNER='FIRDAVS' AIRFLOW_CTX_DAG_ID='reports_workflow' AIRFLOW_CTX_TASK_ID='id_task_get_emails' AIRFLOW_CTX_EXECUTION_DATE='2024-07-08T07:35:00+00:00' AIRFLOW_CTX_TRY_NUMBER='1' AIRFLOW_CTX_DAG_RUN_ID='scheduled__2024-07-08T07:35:00+00:00'
[2024-07-08T10:27:27.528+0000] {logging_mixin.py:151} INFO - path of config file:  /opt/***
[2024-07-08T10:27:27.528+0000] {logging_mixin.py:151} INFO - #>2024-07-08 10:27:27.528781_User@StatDep: EmailRobot in screated.
[2024-07-08T10:27:27.529+0000] {logging_mixin.py:151} INFO - #>2024-07-08 10:27:27.528980_User@StatDep: get_for_recent_emails is started...
[2024-07-08T10:27:27.529+0000] {logging_mixin.py:151} INFO - #>2024-07-08 10:27:27.529117_User@StatDep: pop3_fetch_emails isstarted...
[2024-07-08T10:27:27.962+0000] {logging_mixin.py:151} INFO -    b'+OK'
[2024-07-08T10:27:28.319+0000] {logging_mixin.py:151} INFO -    mailbox have 0 emails and the robot can process 10
[2024-07-08T10:27:28.320+0000] {logging_mixin.py:151} INFO - #>2024-07-08 10:27:28.320143_User@StatDep: no emails to process, exiting pop3_fetch_emails()...
[2024-07-08T10:27:28.321+0000] {python.py:194} INFO - Done. Returned value was: True
[2024-07-08T10:27:28.363+0000] {taskinstance.py:1400} INFO - Marking task as SUCCESS. dag_id=reports_workflow, task_id=id_task_get_emails, execution_date=20240708T073500, start_date=20240708T102727, end_date=20240708T102728
[2024-07-08T10:27:28.395+0000] {local_task_job_runner.py:228} INFO - Task exited with return code 0
[2024-07-08T10:27:28.431+0000] {taskinstance.py:2784} INFO - 1 downstream tasks scheduled from follow-on schedule check
